nohup: ignoring input

                            < M A T L A B (R) >
                  Copyright 1984-2016 The MathWorks, Inc.
                   R2016a (9.0.0.341360) 64-bit (glnxa64)
                             February 11, 2016

 
To get started, type one of these: helpwin, helpdesk, or demo.
For product information, visit www.mathworks.com.
 

	Academic License

Start learning ...
Init data [Dtype: delicious - Non-Coldstart]
Init social model
Could not use CUDA
Params [lbd-U: 0.0100|lbd-V: 0.0100|lbd-N: 0.0100|lbd-Q: 0.1000]
Staring Sample 10 - Loc: save/pmf/delicious-alg40-sp10-20170412125000771 
PMF with confidence Running ...
export LD_LIBRARY_PATH=../gsldump/lib && ctr-part-pmf/ctr --a 10000000000 --b 10000000000 --directory save/pmf/delicious-alg40-sp10-20170412125000771 --user data/delicious/ctr-data/sp10/train-users.dat --item data/delicious/ctr-data/sp10/train-items.dat --max_iter 200 --num_factors 100 --lambda_v 0.010000 --lambda_u 0.010000 --save_lag 100 --random_seed 123 >> save/pmf/delicious-alg40-sp10-20170412125000771/ctr-log

iter time likelihood converge
0001 000051 -387712216476997.50000 0.9999999252
0002 000102 -378755960921220.75000 0.0231002666
0003 000153 -373563742527187.37500 0.0137086117
0004 000204 -370394120061461.43750 0.0084848236
0005 000255 -368480145013151.00000 0.0051674013
0006 000307 -367304408660208.43750 0.0031907726
0007 000358 -366554152513816.50000 0.0020426004
0008 000409 -366053237278897.56250 0.0013665518
0009 000460 -365703829691362.00000 0.0009545267
0010 000511 -365450596913578.68750 0.0006924532
0011 000562 -365261141622245.18750 0.0005184156
0012 000614 -365115669143059.00000 0.0003982698
0013 000665 -365001539797502.75000 0.0003125841
0014 000716 -364910350502864.68750 0.0002498326
0015 000767 -364836322687285.75000 0.0002028658
0016 000819 -364775373755813.43750 0.0001670583
0017 000870 -364724556748718.31250 0.0001393104
0018 000900 -364681706783421.12500 0.0001174858
0019 000926 -364645209312505.75000 0.0001000803
0020 000953 -364613843566261.00000 0.0000860172
0021 000980 -364586674334208.81250 0.0000745151
0022 001011 -364562975883212.06250 0.0000650009
0023 001039 -364542177803314.62500 0.0000570493
0024 001066 -364523826100305.31250 0.0000503418
0025 001092 -364507555027232.75000 0.0000446365
0026 001120 -364493066539901.31250 0.0000397481
0027 001148 -364480115189715.87500 0.0000355325
0028 001175 -364468496908884.31250 0.0000318763
0029 001202 -364458040591304.56250 0.0000286892
0030 001229 -364448601692883.56250 0.0000258985
0031 001256 -364440057302639.06250 0.0000234447
0032 001283 -364432302295821.31250 0.0000212792
0033 001309 -364425246293045.37500 0.0000193616
0034 001337 -364418811229858.43750 0.0000176581
0035 001365 -364412929392567.56250 0.0000161403
0036 001392 -364407541818144.68750 0.0000147843
0037 001418 -364402596979341.06250 0.0000135695
0038 001445 -364398049698122.56250 0.0000124787
0039 001472 -364393860240226.25000 0.0000114969
0040 001498 -364389993559101.75000 0.0000106113
0041 001525 -364386418659177.18750 0.0000098106
0042 001552 -364383108057971.56250 0.0000090854
0043 001578 -364380037329834.87500 0.0000084272
0044 001605 -364377184716476.50000 0.0000078287
0045 001632 -364374530794054.93750 0.0000072834
0046 001658 -364372058186859.81250 0.0000067859
0047 001685 -364369751320351.06250 0.0000063311
0048 001712 -364367596207968.18750 0.0000059146
0049 001738 -364365580265605.25000 0.0000055327
0050 001765 -364363692150477.93750 0.0000051819
0051 001792 -364361921621010.25000 0.0000048592
0052 001818 -364360259413481.62500 0.0000045620
0053 001845 -364358697134904.87500 0.0000042877
0054 001872 -364357227168464.62500 0.0000040344
0055 001899 -364355842590665.75000 0.0000038001
0056 001925 -364354537098548.50000 0.0000035830
0057 001952 -364353304945050.25000 0.0000033817
0058 001979 -364352140882212.37500 0.0000031949
0059 002005 -364351040111206.37500 0.0000030212
0060 002032 -364349998237350.68750 0.0000028595
0061 002059 -364349011231112.56250 0.0000027090
0062 002085 -364348075392591.06250 0.0000025685
0063 002112 -364347187320280.43750 0.0000024374
0064 002139 -364346343883550.75000 0.0000023149
0065 002166 -364345542197096.37500 0.0000022003
0066 002192 -364344779599395.18750 0.0000020931
0067 002219 -364344053632175.87500 0.0000019925
0068 002246 -364343362022605.25000 0.0000018982
0069 002275 -364342702667277.12500 0.0000018097
0070 002301 -364342073617497.56250 0.0000017265
0071 002329 -364341473066201.43750 0.0000016483
0072 002356 -364340899336249.37500 0.0000015747
0073 002383 -364340350869434.06250 0.0000015054
0074 002410 -364339826216866.68750 0.0000014400
0075 002437 -364339324030159.62500 0.0000013783
0076 002464 -364338843053334.81250 0.0000013201
0077 002491 -364338382115586.81250 0.0000012651
0078 002518 -364337940124437.37500 0.0000012131
0079 002545 -364337516059891.87500 0.0000011639
0080 002572 -364337108968646.81250 0.0000011173
0081 002599 -364336717959361.06250 0.0000010732
0082 002626 -364336342197427.25000 0.0000010314
0083 002654 -364335980901360.56250 0.0000009917
Start evaluating ...
  Columns 1 through 7

    0.0368    0.0614    0.0796    0.1021    0.1168    0.1299    0.1364

  Columns 8 through 10

    0.1439    0.1500    0.1547

    0.0076

Elapsed time is 2674.974483 seconds.
