nohup: ignoring input

                            < M A T L A B (R) >
                  Copyright 1984-2016 The MathWorks, Inc.
                   R2016a (9.0.0.341360) 64-bit (glnxa64)
                             February 11, 2016

 
To get started, type one of these: helpwin, helpdesk, or demo.
For product information, visit www.mathworks.com.
 

	Academic License

Start learning ...
Init data [Dtype: lastfm - Non-Coldstart]
Init social model
Using adagrad ...
Could not use CUDA
Params [lbd-U: 0.0100|lbd-V: 0.0100|lbd-N: 0.0100|lbd-Q: 0.1000]
Staring Sample 1 - Loc: save/pmf/lastfm-alg40-sp1-20170412124945201 
PMF with confidence Running ...
export LD_LIBRARY_PATH=../gsldump/lib && ctr-part-pmf/ctr --a 10000000000 --b 10000000000 --directory save/pmf/lastfm-alg40-sp1-20170412124945201 --user data/lastfm/ctr-data/sp1/train-users.dat --item data/lastfm/ctr-data/sp1/train-items.dat --max_iter 200 --num_factors 100 --lambda_v 0.010000 --lambda_u 0.010000 --save_lag 100 --random_seed 123 >> save/pmf/lastfm-alg40-sp1-20170412124945201/ctr-log

iter time likelihood converge
0001 000008 -299878377028565.75000 0.9999999422
0002 000019 -259001407576613.62500 0.1363118270
0003 000035 -249818588032867.21875 0.0354547090
0004 000050 -246844477768235.84375 0.0119050800
0005 000066 -245586117755219.25000 0.0050977847
0006 000082 -244949233472576.56250 0.0025933236
0007 000098 -244585165513551.21875 0.0014862996
0008 000114 -244358417602756.81250 0.0009270714
0009 000129 -244207974306343.18750 0.0006156665
0010 000145 -244103141374509.96875 0.0004292773
0011 000161 -244027136623349.09375 0.0003113633
0012 000177 -243970190565816.78125 0.0002333595
0013 000193 -243926333908422.18750 0.0001797624
0014 000208 -243891771914340.65625 0.0001416903
0015 000224 -243864006720651.09375 0.0001138423
0016 000240 -243841340200509.75000 0.0000929474
0017 000256 -243822582368579.68750 0.0000769264
0018 000271 -243806875687218.03125 0.0000644185
0019 000287 -243793586665484.93750 0.0000545063
0020 000303 -243782237332705.59375 0.0000465530
0021 000319 -243772460740560.56250 0.0000401038
0022 000335 -243763971205108.25000 0.0000348257
0023 000350 -243756543791505.28125 0.0000304697
0024 000366 -243749999752911.62500 0.0000268466
0025 000382 -243744195926197.21875 0.0000238106
0026 000398 -243739016844105.18750 0.0000212480
0027 000413 -243734368770201.28125 0.0000190699
0028 000429 -243730175131916.59375 0.0000172058
0029 000445 -243726372991337.75000 0.0000155998
0030 000461 -243722910299243.34375 0.0000142073
0031 000477 -243719743746638.87500 0.0000129924
0032 000492 -243716837076085.53125 0.0000119263
0033 000508 -243714159748941.81250 0.0000109854
0034 000524 -243711685889085.87500 0.0000101507
0035 000540 -243709393442512.75000 0.0000094064
0036 000555 -243707263505820.31250 0.0000087397
0037 000571 -243705279787192.65625 0.0000081398
0038 000587 -243703428171809.37500 0.0000075978
0039 000603 -243701696369794.06250 0.0000071062
0040 000618 -243700073629489.84375 0.0000066587
0041 000634 -243698550502723.43750 0.0000062500
0042 000650 -243697118651626.15625 0.0000058755
0043 000666 -243695770688797.50000 0.0000055313
0044 000675 -243694500044296.87500 0.0000052141
0045 000683 -243693300854044.90625 0.0000049209
0046 000691 -243692167866399.15625 0.0000046492
0047 000700 -243691096362568.31250 0.0000043970
0048 000708 -243690082089329.56250 0.0000041621
0049 000716 -243689121201210.96875 0.0000039431
0050 000724 -243688210211033.90625 0.0000037383
0051 000732 -243687345947160.18750 0.0000035466
0052 000741 -243686525516608.56250 0.0000033667
0053 000749 -243685746272875.09375 0.0000031977
0054 000757 -243685005788098.65625 0.0000030387
0055 000765 -243684301828691.93750 0.0000028888
0056 000773 -243683632334040.90625 0.0000027474
0057 000781 -243682995397935.34375 0.0000026138
0058 000790 -243682389252283.78125 0.0000024874
0059 000798 -243681812252830.40625 0.0000023678
0060 000806 -243681262866610.56250 0.0000022545
0061 000814 -243680739661080.43750 0.0000021471
0062 000822 -243680241294434.12500 0.0000020452
0063 000830 -243679766507174.03125 0.0000019484
0064 000839 -243679314114747.93750 0.0000018565
0065 000847 -243678883000991.56250 0.0000017692
0066 000855 -243678472112498.46875 0.0000016862
0067 000863 -243678080453521.96875 0.0000016073
0068 000874 -243677707081573.71875 0.0000015322
0069 000890 -243677351103548.06250 0.0000014609
0070 000905 -243677011672201.28125 0.0000013930
0071 000921 -243676687983107.09375 0.0000013284
0072 000937 -243676379271968.78125 0.0000012669
0073 000953 -243676084812053.96875 0.0000012084
0074 000968 -243675803912082.68750 0.0000011528
0075 000984 -243675535914205.96875 0.0000010998
0076 001000 -243675280192220.62500 0.0000010494
0077 001016 -243675036149847.31250 0.0000010015
0078 001032 -243674803219334.06250 0.0000009559
Start evaluating ...
  Columns 1 through 7

    0.1851    0.2688    0.3185    0.3575    0.3870    0.4119    0.4328

  Columns 8 through 10

    0.4527    0.4680    0.4808

    0.0601

Elapsed time is 1045.510725 seconds.
