nohup: ignoring input

                            < M A T L A B (R) >
                  Copyright 1984-2016 The MathWorks, Inc.
                   R2016a (9.0.0.341360) 64-bit (glnxa64)
                             February 11, 2016

 
To get started, type one of these: helpwin, helpdesk, or demo.
For product information, visit www.mathworks.com.
 

	Academic License

Start learning ...
Init data [Dtype: delicious - Non-Coldstart]
Init social model
Could not use CUDA
Params [lbd-U: 0.0100|lbd-V: 0.0100|lbd-N: 0.0100|lbd-Q: 0.1000]
Staring Sample 1 - Loc: save/pmf/delicious-alg40-sp1-20170412125000582 
PMF with confidence Running ...
export LD_LIBRARY_PATH=../gsldump/lib && ctr-part-pmf/ctr --a 10000000000 --b 10000000000 --directory save/pmf/delicious-alg40-sp1-20170412125000582 --user data/delicious/ctr-data/sp1/train-users.dat --item data/delicious/ctr-data/sp1/train-items.dat --max_iter 200 --num_factors 100 --lambda_v 0.010000 --lambda_u 0.010000 --save_lag 100 --random_seed 123 >> save/pmf/delicious-alg40-sp1-20170412125000582/ctr-log

iter time likelihood converge
0001 000052 -387595319375073.62500 0.9999999252
0002 000103 -378706358818703.56250 0.0229336117
0003 000144 -373551285440260.43750 0.0136123233
0004 000171 -370411804427820.56250 0.0084044176
0005 000208 -368518948337973.43750 0.0051101398
0006 000259 -367357527437420.62500 0.0031515907
0007 000310 -366616396834792.00000 0.0020174640
0008 000361 -366120037493705.43750 0.0013538929
0009 000412 -365771379421235.43750 0.0009523054
0010 000464 -365516077701464.12500 0.0006979817
0011 000515 -365322704336574.31250 0.0005290420
0012 000566 -365172281409718.56250 0.0004117536
0013 000616 -365052800623734.62500 0.0003271902
0014 000644 -364956314126628.87500 0.0002643083
0015 000683 -364877346752243.87500 0.0002163749
0016 000734 -364811996698877.25000 0.0001791014
0017 000785 -364757404115906.00000 0.0001496458
0018 000836 -364711423414576.50000 0.0001260583
0019 000880 -364672413260592.81250 0.0001069617
0020 000910 -364639097495704.81250 0.0000913581
0021 000936 -364610470401163.81250 0.0000785080
0022 000963 -364585730494351.12500 0.0000678530
0023 000991 -364564233133130.56250 0.0000589638
0024 001033 -364545455803285.43750 0.0000515062
0025 001084 -364528972170016.12500 0.0000452169
0026 001122 -364514432338481.06250 0.0000398866
0027 001151 -364501547625210.25000 0.0000353476
0028 001179 -364490078678377.87500 0.0000314647
0029 001206 -364479826128828.00000 0.0000281285
0030 001233 -364470623180524.12500 0.0000252495
0031 001259 -364462329703143.12500 0.0000227549
0032 001286 -364454827495901.68750 0.0000205843
0033 001313 -364448016471338.56250 0.0000186883
0034 001340 -364441811565548.25000 0.0000170255
0035 001367 -364436140224515.43750 0.0000155617
0036 001394 -364430940349588.87500 0.0000142683
0037 001421 -364426158611475.56250 0.0000131211
0038 001447 -364421749059969.25000 0.0000121000
0039 001474 -364417671973868.93750 0.0000111878
0040 001501 -364413892905208.18750 0.0000103702
0041 001527 -364410381882869.50000 0.0000096347
0042 001554 -364407112747191.18750 0.0000089710
0043 001581 -364404062590895.00000 0.0000083702
0044 001607 -364401211290103.25000 0.0000078246
0045 001634 -364398541108502.06250 0.0000073276
0046 001660 -364396036362997.75000 0.0000068736
0047 001687 -364393683140727.87500 0.0000064579
0048 001714 -364391469058968.93750 0.0000060761
0049 001740 -364389383061089.12500 0.0000057246
0050 001767 -364387415242836.12500 0.0000054003
0051 001794 -364385556704134.00000 0.0000051004
0052 001820 -364383799422297.18750 0.0000048226
0053 001847 -364382136143876.50000 0.0000045646
0054 001874 -364380560291316.75000 0.0000043247
0055 001901 -364379065883336.81250 0.0000041012
0056 001928 -364377647465716.37500 0.0000038927
0057 001954 -364376300052133.62500 0.0000036978
0058 001981 -364375019072573.62500 0.0000035155
0059 002008 -364373800328793.81250 0.0000033448
0060 002035 -364372639955364.06250 0.0000031846
0061 002061 -364371534386117.12500 0.0000030342
0062 002088 -364370480324289.18750 0.0000028928
0063 002115 -364369474716812.62500 0.0000027598
0064 002141 -364368514731254.37500 0.0000026346
0065 002168 -364367597735741.31250 0.0000025167
0066 002195 -364366721281384.93750 0.0000024054
0067 002222 -364365883086111.25000 0.0000023004
0068 002248 -364365081020653.00000 0.0000022013
0069 002275 -364364313096210.81250 0.0000021076
0070 002302 -364363577452809.25000 0.0000020190
0071 002328 -364362872349441.93750 0.0000019352
0072 002355 -364362196154644.87500 0.0000018558
0073 002382 -364361547338600.75000 0.0000017807
0074 002408 -364360924465377.75000 0.0000017095
0075 002435 -364360326186112.12500 0.0000016420
0076 002462 -364359751232914.62500 0.0000015780
0077 002488 -364359198413319.25000 0.0000015172
0078 002515 -364358666604847.43750 0.0000014596
0079 002542 -364358154750419.68750 0.0000014048
0080 002568 -364357661853944.25000 0.0000013528
0081 002595 -364357186976249.87500 0.0000013033
0082 002622 -364356729231542.06250 0.0000012563
0083 002649 -364356287783818.37500 0.0000012116
0084 002677 -364355861843712.81250 0.0000011690
0085 002704 -364355450665809.93750 0.0000011285
0086 002731 -364355053545498.62500 0.0000010899
0087 002758 -364354669816701.12500 0.0000010532
0088 002784 -364354298849643.31250 0.0000010181
0089 002811 -364353940048314.68750 0.0000009848
Start evaluating ...
  Columns 1 through 7

    0.0360    0.0625    0.0832    0.1043    0.1221    0.1358    0.1428

  Columns 8 through 10

    0.1491    0.1570    0.1614

    0.0077

Elapsed time is 2830.931649 seconds.
