nohup: ignoring input

                            < M A T L A B (R) >
                  Copyright 1984-2016 The MathWorks, Inc.
                   R2016a (9.0.0.341360) 64-bit (glnxa64)
                             February 11, 2016

 
To get started, type one of these: helpwin, helpdesk, or demo.
For product information, visit www.mathworks.com.
 

	Academic License

Start learning ...
Init data [Dtype: lastfm - Non-Coldstart]
Init social model
Using adagrad ...
Could not use CUDA
Params [lbd-U: 0.0100|lbd-V: 100.0000|lbd-N: 0.0100|lbd-Q: 0.1000]
Staring Sample 1 - Loc: save/pmf/lastfm-alg40-sp1-20170412124945330 
PMF with confidence Running ...
export LD_LIBRARY_PATH=../gsldump/lib && ctr-part-pmf/ctr --a 10000000000 --b 10000000000 --directory save/pmf/lastfm-alg40-sp1-20170412124945330 --user data/lastfm/ctr-data/sp1/train-users.dat --item data/lastfm/ctr-data/sp1/train-items.dat --max_iter 200 --num_factors 100 --lambda_v 100.000000 --lambda_u 0.010000 --save_lag 100 --random_seed 123 >> save/pmf/lastfm-alg40-sp1-20170412124945330/ctr-log

iter time likelihood converge
0001 000008 -299878630516146.25000 0.9999999422
0002 000018 -259001689205420.37500 0.1363116179
0003 000026 -249818877131433.81250 0.0354546416
0004 000034 -246844769601273.15625 0.0119050552
0005 000042 -245586410832653.78125 0.0050977737
0006 000051 -244949527205088.21875 0.0025933179
0007 000059 -244585459627573.34375 0.0014862963
0008 000067 -244358711955390.93750 0.0009270693
0009 000075 -244208268816279.84375 0.0006156651
0010 000083 -244103435992402.84375 0.0004292763
0011 000091 -244027431317737.62500 0.0003113626
0012 000100 -243970485315697.87500 0.0002333590
0013 000108 -243926628699298.15625 0.0001797620
0014 000116 -243892066735834.09375 0.0001416900
0015 000124 -243864301565069.93750 0.0001138420
0016 000132 -243841635062052.71875 0.0000929472
0017 000144 -243822877242749.12500 0.0000769262
0018 000160 -243807170570451.71875 0.0000644184
0019 000176 -243793881554959.53125 0.0000545063
0020 000192 -243782532226143.31250 0.0000465530
0021 000208 -243772755636077.53125 0.0000401037
0022 000223 -243764266101128.00000 0.0000348256
0023 000239 -243756838686755.62500 0.0000304697
0024 000255 -243750294646337.93750 0.0000268466
0025 000271 -243744490816897.59375 0.0000238106
0026 000287 -243739311731286.06250 0.0000212480
0027 000302 -243734663653225.34375 0.0000190699
0028 000318 -243730470010202.46875 0.0000172058
0029 000334 -243726667864400.65625 0.0000155998
0030 000350 -243723205166673.50000 0.0000142073
0031 000366 -243720038608055.18750 0.0000129924
0032 000382 -243717131931162.75000 0.0000119263
0033 000397 -243714454597379.06250 0.0000109854
0034 000413 -243711980730625.18750 0.0000101507
0035 000429 -243709688276941.12500 0.0000094064
0036 000445 -243707558332919.37500 0.0000087397
0037 000461 -243705574606770.68750 0.0000081398
0038 000477 -243703722983702.21875 0.0000075978
0039 000492 -243701991173855.18750 0.0000071062
0040 000508 -243700368425574.59375 0.0000066587
0041 000524 -243698845290691.40625 0.0000062500
0042 000540 -243697413431389.37500 0.0000058755
0043 000556 -243696065460254.43750 0.0000055313
0044 000572 -243694794807299.12500 0.0000052141
0045 000587 -243693595608537.31250 0.0000049209
0046 000603 -243692462612273.75000 0.0000046493
0047 000619 -243691391099773.03125 0.0000043970
0048 000635 -243690376817762.18750 0.0000041622
0049 000651 -243689415920815.75000 0.0000039431
0050 000667 -243688504921747.56250 0.0000037384
0051 000682 -243687640648933.59375 0.0000035466
0052 000698 -243686820209357.25000 0.0000033668
0053 000714 -243686040956569.90625 0.0000031978
0054 000730 -243685300462677.25000 0.0000030387
0055 000746 -243684596494123.65625 0.0000028888
0056 000762 -243683926990261.75000 0.0000027474
0057 000777 -243683290044923.21875 0.0000026138
0058 000793 -243682683889993.43750 0.0000024875
0059 000809 -243682106881203.65625 0.0000023679
0060 000825 -243681557485641.34375 0.0000022546
0061 000841 -243681034270728.34375 0.0000021471
0062 000857 -243680535894665.43750 0.0000020452
0063 000872 -243680061097967.96875 0.0000019484
0064 000888 -243679608696052.65625 0.0000018565
0065 000904 -243679177572798.81250 0.0000017692
0066 000920 -243678766674791.31250 0.0000016862
0067 000936 -243678375006252.18750 0.0000016073
0068 000952 -243678001624746.84375 0.0000015323
0069 000967 -243677645637118.90625 0.0000014609
0070 000983 -243677306196159.00000 0.0000013930
0071 000999 -243676982497447.93750 0.0000013284
0072 001015 -243676673776652.96875 0.0000012669
0073 001031 -243676379307077.59375 0.0000012084
0074 001047 -243676098397420.90625 0.0000011528
0075 001062 -243675830389853.46875 0.0000010999
0076 001078 -243675574658146.09375 0.0000010495
0077 001094 -243675330606069.93750 0.0000010015
0078 001110 -243675097665821.03125 0.0000009559
Start evaluating ...
  Columns 1 through 7

    0.1851    0.2688    0.3185    0.3575    0.3870    0.4119    0.4328

  Columns 8 through 10

    0.4527    0.4680    0.4808

    0.0601

Elapsed time is 1123.609649 seconds.
