nohup: ignoring input

                            < M A T L A B (R) >
                  Copyright 1984-2016 The MathWorks, Inc.
                   R2016a (9.0.0.341360) 64-bit (glnxa64)
                             February 11, 2016

 
To get started, type one of these: helpwin, helpdesk, or demo.
For product information, visit www.mathworks.com.
 

	Academic License

Start learning ...
Init data [Dtype: delicious - Non-Coldstart]
Init social model
Could not use CUDA
Params [lbd-U: 0.0100|lbd-V: 0.0100|lbd-N: 0.0100|lbd-Q: 0.1000]
Staring Sample 2 - Loc: save/pmf/delicious-alg40-sp2-20170412125000757 
PMF with confidence Running ...
export LD_LIBRARY_PATH=../gsldump/lib && ctr-part-pmf/ctr --a 10000000000 --b 10000000000 --directory save/pmf/delicious-alg40-sp2-20170412125000757 --user data/delicious/ctr-data/sp2/train-users.dat --item data/delicious/ctr-data/sp2/train-items.dat --max_iter 200 --num_factors 100 --lambda_v 0.010000 --lambda_u 0.010000 --save_lag 100 --random_seed 123 >> save/pmf/delicious-alg40-sp2-20170412125000757/ctr-log

iter time likelihood converge
0001 000051 -388446040488753.12500 0.9999999251
0002 000102 -379522398610113.68750 0.0229726679
0003 000154 -374290572689973.56250 0.0137852889
0004 000205 -371075506163145.37500 0.0085897609
0005 000256 -369132720177698.37500 0.0052355544
0006 000308 -367944232548470.81250 0.0032196756
0007 000359 -367192030604855.62500 0.0020443368
0008 000410 -366694978119714.31250 0.0013536582
0009 000462 -366351796677748.25000 0.0009358771
0010 000513 -366105108186293.37500 0.0006733650
0011 000565 -365921439635527.18750 0.0005016826
0012 000616 -365780552481912.06250 0.0003850202
0013 000668 -365669746545172.25000 0.0003029301
0014 000719 -365580759702479.56250 0.0002433530
0015 000770 -365508034138327.37500 0.0001989316
0016 000822 -365447717005702.81250 0.0001650227
0017 000869 -365397065609375.93750 0.0001386009
0018 000896 -365354081488087.62500 0.0001176367
0019 000923 -365317277915062.81250 0.0001007340
0020 000950 -365285527716827.62500 0.0000869113
0021 000977 -365257961083785.43750 0.0000754660
0022 001004 -365233895509157.31250 0.0000658865
0023 001040 -365212786959475.75000 0.0000577946
0024 001089 -365194195390403.37500 0.0000509061
0025 001118 -365177760114001.81250 0.0000450042
0026 001145 -365163182006320.25000 0.0000399206
0027 001173 -365150210499286.18750 0.0000355225
0028 001200 -365138633938503.68750 0.0000317036
0029 001227 -365128272322069.31250 0.0000283772
0030 001254 -365118971736367.06250 0.0000254721
0031 001281 -365110600011594.62500 0.0000229288
0032 001308 -365103043269245.81250 0.0000206971
0033 001336 -365096203128495.06250 0.0000187348
0034 001363 -365089994413234.50000 0.0000170057
0035 001390 -365084343244445.87500 0.0000154788
0036 001416 -365079185437904.37500 0.0000141277
0037 001443 -365074465146984.18750 0.0000129295
0038 001470 -365070133707460.31250 0.0000118645
0039 001497 -365066148649666.37500 0.0000109159
0040 001523 -365062472852025.25000 0.0000100689
0041 001550 -365059073813769.37500 0.0000093108
0042 001577 -365055923030709.93750 0.0000086309
0043 001603 -365052995457916.68750 0.0000080195
0044 001630 -365050269047713.93750 0.0000074685
0045 001657 -365047724352173.93750 0.0000069708
0046 001683 -365045344181389.00000 0.0000065202
0047 001710 -365043113309104.06250 0.0000061112
0048 001737 -365041018219290.93750 0.0000057393
0049 001764 -365039046887873.75000 0.0000054003
0050 001790 -365037188594963.43750 0.0000050907
0051 001817 -365035433762144.75000 0.0000048073
0052 001844 -365033773812519.12500 0.0000045474
0053 001870 -365032201049586.31250 0.0000043085
0054 001897 -365030708552180.93750 0.0000040887
0055 001924 -365029290083251.75000 0.0000038859
0056 001951 -365027940011129.37500 0.0000036985
0057 001977 -365026653240257.25000 0.0000035251
0058 002004 -365025425151524.00000 0.0000033644
0059 002031 -365024251549193.25000 0.0000032151
0060 002057 -365023128615714.87500 0.0000030763
0061 002084 -365022052870604.31250 0.0000029471
0062 002111 -365021021135508.12500 0.0000028265
0063 002138 -365020030502604.00000 0.0000027139
0064 002164 -365019078307268.81250 0.0000026086
0065 002191 -365018162103473.50000 0.0000025100
0066 002218 -365017279642278.06250 0.0000024176
0067 002244 -365016428852566.81250 0.0000023308
0068 002273 -365015607824161.56250 0.0000022493
0069 002300 -365014814792392.81250 0.0000021726
0070 002327 -365014048124685.25000 0.0000021004
0071 002353 -365013306308540.25000 0.0000020323
0072 002380 -365012587940664.43750 0.0000019681
0073 002407 -365011891717359.87500 0.0000019074
0074 002434 -365011216425819.75000 0.0000018501
0075 002461 -365010560936544.56250 0.0000017958
0076 002487 -365009924196036.75000 0.0000017444
0077 002514 -365009305221089.75000 0.0000016958
0078 002541 -365008703092818.75000 0.0000016496
0079 002568 -365008116951762.18750 0.0000016058
0080 002595 -365007545993310.12500 0.0000015642
0081 002622 -365006989463624.75000 0.0000015247
0082 002649 -365006446656195.68750 0.0000014871
0083 002677 -365005916908321.62500 0.0000014513
0084 002705 -365005399598225.00000 0.0000014173
0085 002731 -365004894142237.93750 0.0000013848
0086 002758 -365004399992756.25000 0.0000013538
0087 002785 -365003916635532.25000 0.0000013243
0088 002813 -365003443588259.43750 0.0000012960
0089 002840 -365002980398187.87500 0.0000012690
0090 002868 -365002526641049.87500 0.0000012432
0091 002896 -365002081919149.25000 0.0000012184
0092 002923 -365001645860301.12500 0.0000011947
0093 002950 -365001218116299.18750 0.0000011719
0094 002976 -365000798361813.56250 0.0000011500
0095 003003 -365000386293668.12500 0.0000011290
0096 003028 -364999981629404.81250 0.0000011087
0097 003054 -364999584106470.62500 0.0000010891
0098 003080 -364999193481179.62500 0.0000010702
0099 003105 -364998809528389.93750 0.0000010519
0100 003129 -364998432040078.93750 0.0000010342
0101 003156 -364998060824906.93750 0.0000010170
0102 003180 -364997695707113.12500 0.0000010003
0103 003203 -364997336526243.18750 0.0000009841
Start evaluating ...
  Columns 1 through 7

    0.0336    0.0576    0.0763    0.0997    0.1159    0.1279    0.1373

  Columns 8 through 10

    0.1456    0.1515    0.1558

    0.0080

Elapsed time is 3222.408021 seconds.
