nohup: ignoring input

                            < M A T L A B (R) >
                  Copyright 1984-2016 The MathWorks, Inc.
                   R2016a (9.0.0.341360) 64-bit (glnxa64)
                             February 11, 2016

 
To get started, type one of these: helpwin, helpdesk, or demo.
For product information, visit www.mathworks.com.
 

	Academic License

Start learning ...
Init data [Dtype: lastfm - Non-Coldstart]
Init social model
Using adagrad ...
Could not use CUDA
Params [lbd-U: 0.0100|lbd-V: 0.0100|lbd-N: 0.0100|lbd-Q: 0.1000]
Staring Sample 2 - Loc: save/pmf/lastfm-alg40-sp2-20170412124944998 
PMF with confidence Running ...
export LD_LIBRARY_PATH=../gsldump/lib && ctr-part-pmf/ctr --a 10000000000 --b 10000000000 --directory save/pmf/lastfm-alg40-sp2-20170412124944998 --user data/lastfm/ctr-data/sp2/train-users.dat --item data/lastfm/ctr-data/sp2/train-items.dat --max_iter 200 --num_factors 100 --lambda_v 0.010000 --lambda_u 0.010000 --save_lag 100 --random_seed 123 >> save/pmf/lastfm-alg40-sp2-20170412124944998/ctr-log

iter time likelihood converge
0001 000008 -299744141009050.93750 0.9999999422
0002 000021 -259158418858015.21875 0.1354012192
0003 000036 -250010837851451.87500 0.0352972558
0004 000051 -247034305280720.93750 0.0119056142
0005 000066 -245770985179049.03125 0.0051139460
0006 000081 -245120094870939.81250 0.0026483611
0007 000096 -244738770073615.68750 0.0015556652
0008 000110 -244496135576633.53125 0.0009914020
0009 000126 -244332903515497.68750 0.0006676263
0010 000142 -244218406275536.37500 0.0004686116
0011 000158 -244135231768696.09375 0.0003405743
0012 000174 -244072886375908.43750 0.0002553724
0013 000190 -244024802295608.34375 0.0001970071
0014 000205 -243986757904701.43750 0.0001559038
0015 000221 -243955979008610.46875 0.0001261499
0016 000237 -243930603659859.78125 0.0001040161
0017 000253 -243909354273331.68750 0.0000871124
0018 000269 -243891332864941.56250 0.0000738857
0019 000284 -243875891520090.87500 0.0000633124
0020 000300 -243862549777947.71875 0.0000547071
0021 000316 -243850941644343.50000 0.0000476011
0022 000332 -243840781399131.09375 0.0000416658
0023 000347 -243831841302573.43750 0.0000366637
0024 000363 -243823936801675.50000 0.0000324178
0025 000379 -243816916453620.56250 0.0000287927
0026 000395 -243810654830870.15625 0.0000256817
0027 000410 -243805047341610.87500 0.0000229994
0028 000426 -243800006315958.78125 0.0000206765
0029 000442 -243795457961380.93750 0.0000186561
0030 000458 -243791339941348.50000 0.0000168913
0031 000473 -243787599419301.90625 0.0000153431
0032 000489 -243784191462037.59375 0.0000139792
0033 000505 -243781077727572.53125 0.0000127725
0034 000521 -243778225382188.06250 0.0000117004
0035 000536 -243775606204054.81250 0.0000107441
0036 000552 -243773195839933.28125 0.0000098876
0037 000568 -243770973187976.50000 0.0000091177
0038 000584 -243768919884886.12500 0.0000084231
0039 000599 -243767019879395.31250 0.0000077943
0040 000615 -243765259077542.53125 0.0000072233
0041 000631 -243763625047399.75000 0.0000067033
0042 000647 -243762106773342.50000 0.0000062285
0043 000662 -243760694451355.78125 0.0000057939
0044 000678 -243759379318384.56250 0.0000053952
0045 000694 -243758153509954.21875 0.0000050288
0046 000710 -243757009941149.25000 0.0000046914
0047 000725 -243755942206892.96875 0.0000043803
0048 000741 -243754944498057.59375 0.0000040931
0049 000757 -243754011530787.62500 0.0000038275
0050 000773 -243753138486611.90625 0.0000035817
0051 000788 -243752320961378.50000 0.0000033539
0052 000804 -243751554921532.40625 0.0000031427
0053 000820 -243750836666494.46875 0.0000029467
0054 000836 -243750162795923.15625 0.0000027646
0055 000851 -243749530181249.87500 0.0000025953
0056 000867 -243748935940533.59375 0.0000024379
0057 000883 -243748377416383.68750 0.0000022914
0058 000899 -243747852156210.93750 0.0000021549
0059 000914 -243747357894569.68750 0.0000020278
0060 000930 -243746892537446.03125 0.0000019092
0061 000946 -243746454147870.06250 0.0000017985
0062 000962 -243746040933070.25000 0.0000016953
0063 000977 -243745651232740.78125 0.0000015988
0064 000993 -243745283508338.37500 0.0000015086
0065 001009 -243744936333398.56250 0.0000014243
0066 001025 -243744608384582.78125 0.0000013455
0067 001040 -243744298433620.96875 0.0000012716
0068 001056 -243744005339791.46875 0.0000012025
0069 001072 -243743728043155.78125 0.0000011377
0070 001088 -243743465558281.31250 0.0000010769
0071 001103 -243743216968499.15625 0.0000010199
0072 001115 -243742981420624.84375 0.0000009664
Start evaluating ...
  Columns 1 through 7

    0.1874    0.2669    0.3190    0.3574    0.3855    0.4104    0.4300

  Columns 8 through 10

    0.4476    0.4648    0.4794

    0.0607

Elapsed time is 1126.528106 seconds.
