nohup: ignoring input

                            < M A T L A B (R) >
                  Copyright 1984-2016 The MathWorks, Inc.
                   R2016a (9.0.0.341360) 64-bit (glnxa64)
                             February 11, 2016

 
To get started, type one of these: helpwin, helpdesk, or demo.
For product information, visit www.mathworks.com.
 

	Academic License

Start learning ...
Init data [Dtype: lastfm - Non-Coldstart]
Init social model
Using adagrad ...
Could not use CUDA
Params [lbd-U: 0.0100|lbd-V: 100.0000|lbd-N: 0.0100|lbd-Q: 0.1000]
Staring Sample 2 - Loc: save/pmf/lastfm-alg40-sp2-20170412124945190 
PMF with confidence Running ...
export LD_LIBRARY_PATH=../gsldump/lib && ctr-part-pmf/ctr --a 10000000000 --b 10000000000 --directory save/pmf/lastfm-alg40-sp2-20170412124945190 --user data/lastfm/ctr-data/sp2/train-users.dat --item data/lastfm/ctr-data/sp2/train-items.dat --max_iter 200 --num_factors 100 --lambda_v 100.000000 --lambda_u 0.010000 --save_lag 100 --random_seed 123 >> save/pmf/lastfm-alg40-sp2-20170412124945190/ctr-log

iter time likelihood converge
0001 000008 -299744395077538.68750 0.9999999422
0002 000023 -259158700813762.93750 0.1354010114
0003 000039 -250011127196894.90625 0.0352971889
0004 000055 -247034597342022.53125 0.0119055895
0005 000070 -245771278508787.46875 0.0051139348
0006 000086 -245120388895366.68750 0.0026483551
0007 000102 -244739064519214.28125 0.0015556616
0008 000118 -244496430294471.25000 0.0009913997
0009 000134 -244333198416800.18750 0.0006676248
0010 000149 -244218701304201.68750 0.0004686105
0011 000158 -244135526887893.00000 0.0003405735
0012 000168 -244073181560785.37500 0.0002553718
0013 000176 -244025097528969.34375 0.0001970066
0014 000185 -243987053174324.62500 0.0001559035
0015 000193 -243956274305649.78125 0.0001261496
0016 000202 -243930898977708.84375 0.0001040159
0017 000210 -243909649606944.34375 0.0000871123
0018 000219 -243891628210423.93750 0.0000738855
0019 000227 -243876186874319.71875 0.0000633123
0020 000235 -243862845138393.34375 0.0000547070
0021 000243 -243851237008927.53125 0.0000476011
0022 000251 -243841076766144.03125 0.0000416657
0023 000260 -243832136670559.81250 0.0000366636
0024 000268 -243824232169427.75000 0.0000324178
0025 000276 -243817211820084.00000 0.0000287927
0026 000284 -243810950195156.56250 0.0000256816
0027 000292 -243805342702959.28125 0.0000229993
0028 000301 -243800301673702.06250 0.0000206765
0029 000309 -243795753314943.96875 0.0000186561
0030 000317 -243791635290227.68750 0.0000168913
0031 000325 -243787894763030.96875 0.0000153431
0032 000333 -243784486800217.31250 0.0000139792
0033 000342 -243781373059856.65625 0.0000127725
0034 000350 -243778520708264.46875 0.0000117004
0035 000358 -243775901523621.65625 0.0000107441
0036 000366 -243773491152726.68750 0.0000098877
0037 000374 -243771268493761.46875 0.0000091177
0038 000382 -243769215183453.87500 0.0000084231
0039 000391 -243767315170551.46875 0.0000077943
0040 000399 -243765554361101.43750 0.0000072233
0041 000407 -243763920323182.93750 0.0000067033
0042 000415 -243762402041212.46875 0.0000062285
0043 000423 -243760989711149.62500 0.0000057939
0044 000432 -243759674569962.93750 0.0000053952
0045 000440 -243758448753207.34375 0.0000050288
0046 000448 -243757305175973.34375 0.0000046914
0047 000456 -243756237433170.46875 0.0000043804
0048 000464 -243755239715665.59375 0.0000040931
0049 000473 -243754306739646.40625 0.0000038275
0050 000481 -243753433686638.34375 0.0000035817
0051 000489 -243752616152490.37500 0.0000033539
0052 000497 -243751850103653.37500 0.0000031427
0053 000505 -243751131839554.53125 0.0000029467
0054 000514 -243750457959855.40625 0.0000027646
0055 000522 -243749825335979.21875 0.0000025954
0056 000530 -243749231086025.87500 0.0000024380
0057 000538 -243748672552584.50000 0.0000022914
0058 000546 -243748147283046.81250 0.0000021550
0059 000554 -243747653012005.62500 0.0000020278
0060 000563 -243747187645435.37500 0.0000019092
0061 000571 -243746749246368.62500 0.0000017986
0062 000579 -243746336022057.15625 0.0000016953
0063 000587 -243745946312161.06250 0.0000015988
0064 000595 -243745578578171.87500 0.0000015087
0065 000604 -243745231393606.78125 0.0000014244
0066 000612 -243744903435149.90625 0.0000013455
0067 000620 -243744593474499.62500 0.0000012717
0068 000628 -243744300370962.31250 0.0000012025
0069 000638 -243744023064599.31250 0.0000011377
0070 000647 -243743760569986.62500 0.0000010769
0071 000655 -243743511970432.09375 0.0000010199
0072 000663 -243743276412769.84375 0.0000009664
Start evaluating ...
  Columns 1 through 7

    0.1874    0.2669    0.3190    0.3574    0.3855    0.4104    0.4300

  Columns 8 through 10

    0.4476    0.4648    0.4794

    0.0607

Elapsed time is 673.378479 seconds.
