nohup: ignoring input

                            < M A T L A B (R) >
                  Copyright 1984-2016 The MathWorks, Inc.
                   R2016a (9.0.0.341360) 64-bit (glnxa64)
                             February 11, 2016

 
To get started, type one of these: helpwin, helpdesk, or demo.
For product information, visit www.mathworks.com.
 

	Academic License

Start learning ...
Init data [Dtype: lastfm - Non-Coldstart]
Init social model
Using adagrad ...
Could not use CUDA
Params [lbd-U: 0.0100|lbd-V: 100.0000|lbd-N: 0.0100|lbd-Q: 0.1000]
Staring Sample 3 - Loc: save/pmf/lastfm-alg40-sp3-20170412124945309 
PMF with confidence Running ...
export LD_LIBRARY_PATH=../gsldump/lib && ctr-part-pmf/ctr --a 10000000000 --b 10000000000 --directory save/pmf/lastfm-alg40-sp3-20170412124945309 --user data/lastfm/ctr-data/sp3/train-users.dat --item data/lastfm/ctr-data/sp3/train-items.dat --max_iter 200 --num_factors 100 --lambda_v 100.000000 --lambda_u 0.010000 --save_lag 100 --random_seed 123 >> save/pmf/lastfm-alg40-sp3-20170412124945309/ctr-log

iter time likelihood converge
0001 000008 -299471207801807.62500 0.9999999422
0002 000022 -258708251323915.40625 0.1361164460
0003 000038 -249645721439677.00000 0.0350299221
0004 000053 -246694716502852.59375 0.0118207711
0005 000069 -245439349479585.78125 0.0050887471
0006 000085 -244794880690742.00000 0.0026257761
0007 000101 -244418665502158.18750 0.0015368589
0008 000117 -244178667305632.75000 0.0009819144
0009 000132 -244015714170485.31250 0.0006673521
0010 000148 -243899894348451.18750 0.0004746408
0011 000164 -243814537267251.50000 0.0003499677
0012 000180 -243749660695904.28125 0.0002660898
0013 000196 -243699004147339.31250 0.0002078220
0014 000211 -243658525173708.50000 0.0001661023
0015 000227 -243625554535739.50000 0.0001353149
0016 000243 -243598288662563.62500 0.0001119171
0017 000259 -243575475374118.15625 0.0000936513
0018 000275 -243556217798445.87500 0.0000790620
0019 000290 -243539852202648.28125 0.0000671943
0020 000306 -243525871931946.71875 0.0000574044
0021 000322 -243513879758912.75000 0.0000492439
0022 000338 -243503557522886.18750 0.0000423887
0023 000354 -243494646230039.71875 0.0000365962
0024 000369 -243486932516596.56250 0.0000316792
0025 000385 -243480239057406.12500 0.0000274900
0026 000401 -243474417501799.62500 0.0000239098
0027 000417 -243469343098370.65625 0.0000208416
0028 000433 -243464910500520.12500 0.0000182060
0029 000448 -243461030432369.00000 0.0000159369
0030 000464 -243457627003409.37500 0.0000139794
0031 000480 -243454635524571.59375 0.0000122875
0032 000496 -243452000719068.59375 0.0000108226
0033 000512 -243449675247819.68750 0.0000095521
0034 000527 -243447618487770.12500 0.0000084484
0035 000543 -243445795515109.34375 0.0000074882
0036 000559 -243444176255342.34375 0.0000066514
0037 000575 -243442734770099.28125 0.0000059212
0038 000590 -243441448656302.31250 0.0000052830
0039 000606 -243440298538524.62500 0.0000047244
0040 000622 -243439267638739.53125 0.0000042347
0041 000638 -243438341410493.00000 0.0000038048
0042 000654 -243437507227361.34375 0.0000034267
0043 000669 -243436754116985.37500 0.0000030936
0044 000685 -243436072533498.31250 0.0000027998
0045 000701 -243435454162664.50000 0.0000025402
0046 000717 -243434891754592.18750 0.0000023103
0047 000733 -243434378980191.34375 0.0000021064
0048 000748 -243433910307621.34375 0.0000019253
0049 000764 -243433480895902.75000 0.0000017640
0050 000780 -243433086503401.00000 0.0000016201
0051 000796 -243432723408761.75000 0.0000014916
0052 000812 -243432388342719.71875 0.0000013764
0053 000827 -243432078429239.68750 0.0000012731
0054 000843 -243431791134574.18750 0.0000011802
0055 000859 -243431524223207.25000 0.0000010965
0056 000872 -243431275719790.81250 0.0000010208
0057 000881 -243431043876048.84375 0.0000009524
Start evaluating ...
  Columns 1 through 7

    0.1867    0.2642    0.3156    0.3553    0.3866    0.4105    0.4315

  Columns 8 through 10

    0.4514    0.4647    0.4794

    0.0590

Elapsed time is 892.160591 seconds.
