nohup: ignoring input

                            < M A T L A B (R) >
                  Copyright 1984-2016 The MathWorks, Inc.
                   R2016a (9.0.0.341360) 64-bit (glnxa64)
                             February 11, 2016

 
To get started, type one of these: helpwin, helpdesk, or demo.
For product information, visit www.mathworks.com.
 

	Academic License

Start learning ...
Init data [Dtype: delicious - Non-Coldstart]
Init social model
Could not use CUDA
Params [lbd-U: 0.0100|lbd-V: 100.0000|lbd-N: 0.0100|lbd-Q: 0.1000]
Staring Sample 4 - Loc: save/pmf/delicious-alg40-sp4-20170412125000463 
PMF with confidence Running ...
export LD_LIBRARY_PATH=../gsldump/lib && ctr-part-pmf/ctr --a 10000000000 --b 10000000000 --directory save/pmf/delicious-alg40-sp4-20170412125000463 --user data/delicious/ctr-data/sp4/train-users.dat --item data/delicious/ctr-data/sp4/train-items.dat --max_iter 200 --num_factors 100 --lambda_v 100.000000 --lambda_u 0.010000 --save_lag 100 --random_seed 123 >> save/pmf/delicious-alg40-sp4-20170412125000463/ctr-log

iter time likelihood converge
0001 000051 -387268107348836.25000 0.9999999253
0002 000103 -378356931664720.31250 0.0230103526
0003 000154 -373133795742302.81250 0.0138047845
0004 000205 -369943912476307.81250 0.0085488994
0005 000256 -368026459821026.31250 0.0051830902
0006 000307 -366855388180280.93750 0.0031820311
0007 000358 -366113389504725.87500 0.0020225917
0008 000409 -365621410379491.56250 0.0013437889
0009 000461 -365279824251607.43750 0.0009342618
0010 000512 -365032503847588.56250 0.0006770711
0011 000563 -364846927794989.62500 0.0005083823
0012 000614 -364703539709468.18750 0.0003930089
0013 000661 -364590087902653.43750 0.0003110795
0014 000687 -364498577531672.43750 0.0002509952
0015 000714 -364423590137152.75000 0.0002057275
0016 000741 -364361327980765.37500 0.0001708511
0017 000768 -364309051094347.25000 0.0001434754
0018 000795 -364264733271448.68750 0.0001216490
0019 000822 -364226844271118.31250 0.0001040150
0020 000849 -364194207420544.56250 0.0000896058
0021 000884 -364165903839677.18750 0.0000777156
0022 000935 -364141206387974.06250 0.0000678192
0023 000986 -364119533060208.50000 0.0000595190
0024 001037 -364100413402245.18750 0.0000525093
0025 001088 -364083463833757.93750 0.0000465519
0026 001140 -364068369193742.62500 0.0000414593
0027 001169 -364054868727428.68750 0.0000370822
0028 001197 -364042745307302.56250 0.0000333011
0029 001224 -364031817053414.12500 0.0000300192
0030 001251 -364021930758954.68750 0.0000271578
0031 001278 -364012956694331.50000 0.0000246525
0032 001305 -364004784469762.00000 0.0000224504
0033 001331 -363997319721017.50000 0.0000205073
0034 001359 -363990481436338.00000 0.0000187866
0035 001385 -363984199787208.56250 0.0000172577
0036 001412 -363978414357046.50000 0.0000158947
0037 001439 -363973072685207.81250 0.0000146758
0038 001466 -363968129064222.37500 0.0000135824
0039 001492 -363963543539920.25000 0.0000125987
0040 001519 -363959281076325.50000 0.0000117112
0041 001546 -363955310854752.12500 0.0000109084
0042 001573 -363951605684278.12500 0.0000101803
0043 001599 -363948141502503.75000 0.0000095182
0044 001626 -363944896953257.56250 0.0000089149
0045 001653 -363941853027075.50000 0.0000083637
0046 001680 -363938992755582.68750 0.0000078591
0047 001707 -363936300950771.12500 0.0000073963
0048 001733 -363933763981452.37500 0.0000069709
0049 001760 -363931369582694.81250 0.0000065792
0050 001787 -363929106691340.37500 0.0000062179
0051 001814 -363926965305478.37500 0.0000058841
0052 001841 -363924936362653.68750 0.0000055751
0053 001867 -363923011634779.37500 0.0000052888
0054 001895 -363921183637062.50000 0.0000050230
0055 001921 -363919445548897.37500 0.0000047760
0056 001948 -363917791144579.50000 0.0000045461
0057 001975 -363916214733090.62500 0.0000043318
0058 002002 -363914711104665.00000 0.0000041318
0059 002029 -363913275483838.50000 0.0000039449
0060 002056 -363911903488418.25000 0.0000037701
0061 002083 -363910591092168.25000 0.0000036064
0062 002109 -363909334591894.68750 0.0000034528
0063 002137 -363908130578468.81250 0.0000033086
0064 002163 -363906975909994.06250 0.0000031730
0065 002190 -363905867688337.18750 0.0000030453
0066 002217 -363904803237726.43750 0.0000029251
0067 002244 -363903780085200.25000 0.0000028116
0068 002271 -363902795943111.68750 0.0000027044
0069 002297 -363901848693642.18750 0.0000026030
0070 002324 -363900936373729.25000 0.0000025070
0071 002351 -363900057162249.87500 0.0000024161
0072 002377 -363899209368342.12500 0.0000023297
0073 002404 -363898391419754.68750 0.0000022477
0074 002431 -363897601853693.50000 0.0000021697
0075 002457 -363896839307203.87500 0.0000020955
0076 002484 -363896102509183.62500 0.0000020247
0077 002511 -363895390272584.93750 0.0000019573
0078 002537 -363894701488033.18750 0.0000018928
0079 002564 -363894035116766.25000 0.0000018312
0080 002591 -363893390185307.62500 0.0000017723
0081 002618 -363892765780454.37500 0.0000017159
0082 002644 -363892161044016.43750 0.0000016619
0083 002673 -363891575168668.12500 0.0000016100
0084 002700 -363891007393858.31250 0.0000015603
0085 002728 -363890457002296.18750 0.0000015125
0086 002754 -363889923316554.06250 0.0000014666
0087 002781 -363889405695898.81250 0.0000014225
0088 002808 -363888903533626.43750 0.0000013800
0089 002835 -363888416254805.62500 0.0000013391
0090 002863 -363887943313213.43750 0.0000012997
0091 002890 -363887484190149.18750 0.0000012617
0092 002917 -363887038391735.18750 0.0000012251
0093 002944 -363886605447608.12500 0.0000011898
0094 002971 -363886184909193.56250 0.0000011557
0095 002997 -363885776348254.37500 0.0000011228
0096 003023 -363885379355417.12500 0.0000010910
0097 003048 -363884993539145.37500 0.0000010603
0098 003075 -363884618524426.56250 0.0000010306
0099 003100 -363884253951999.31250 0.0000010019
0100 003123 -363883899477112.56250 0.0000009741
Start evaluating ...
  Columns 1 through 7

    0.0332    0.0594    0.0791    0.1020    0.1202    0.1294    0.1350

  Columns 8 through 10

    0.1423    0.1485    0.1559

    0.0067

Elapsed time is 3144.680324 seconds.
