nohup: ignoring input

                            < M A T L A B (R) >
                  Copyright 1984-2016 The MathWorks, Inc.
                   R2016a (9.0.0.341360) 64-bit (glnxa64)
                             February 11, 2016

 
To get started, type one of these: helpwin, helpdesk, or demo.
For product information, visit www.mathworks.com.
 

	Academic License

Start learning ...
Init data [Dtype: delicious - Non-Coldstart]
Init social model
Could not use CUDA
Params [lbd-U: 0.0100|lbd-V: 0.0100|lbd-N: 0.0100|lbd-Q: 0.1000]
Staring Sample 4 - Loc: save/pmf/delicious-alg40-sp4-20170412125000229 
PMF with confidence Running ...
export LD_LIBRARY_PATH=../gsldump/lib && ctr-part-pmf/ctr --a 10000000000 --b 10000000000 --directory save/pmf/delicious-alg40-sp4-20170412125000229 --user data/delicious/ctr-data/sp4/train-users.dat --item data/delicious/ctr-data/sp4/train-items.dat --max_iter 200 --num_factors 100 --lambda_v 0.010000 --lambda_u 0.010000 --save_lag 100 --random_seed 123 >> save/pmf/delicious-alg40-sp4-20170412125000229/ctr-log

iter time likelihood converge
0001 000027 -387266837640077.50000 0.9999999253
0002 000053 -378355535071464.68750 0.0230107556
0003 000080 -373132327789161.37500 0.0138050241
0004 000107 -369942402925319.68750 0.0085490445
0005 000139 -368024925783677.25000 0.0051831775
0006 000171 -366853839284197.56250 0.0031820847
0007 000210 -366111831190695.68750 0.0020226259
0008 000261 -365619845805314.12500 0.0013438118
0009 000313 -365278255324345.43750 0.0009342777
0010 000364 -365030931772837.12500 0.0006770826
0011 000415 -364845353370306.87500 0.0005083909
0012 000466 -364701963485566.37500 0.0003930155
0013 000517 -364588510273617.87500 0.0003110847
0014 000568 -364496998788835.06250 0.0002509994
0015 000619 -364422010501024.06250 0.0002057309
0016 000646 -364359747622079.18750 0.0001708538
0017 000694 -364307470147691.62500 0.0001434776
0018 000745 -364263151844482.62500 0.0001216508
0019 000796 -364225262451012.00000 0.0001040165
0020 000847 -364192625278668.68750 0.0000896071
0021 000887 -364164321435120.93750 0.0000777167
0022 000914 -364139623770070.62500 0.0000678201
0023 000940 -364117950270222.25000 0.0000595198
0024 000967 -364098830475120.56250 0.0000525099
0025 000994 -364081880799340.62500 0.0000465524
0026 001024 -364066786077436.06250 0.0000414597
0027 001051 -364053285551114.00000 0.0000370826
0028 001078 -364041162089949.31250 0.0000333013
0029 001119 -364030233811348.75000 0.0000300193
0030 001165 -364020347506700.31250 0.0000271579
0031 001193 -364011373444335.25000 0.0000246526
0032 001219 -364003201233060.56250 0.0000224504
0033 001246 -363995736507333.37500 0.0000205073
0034 001273 -363988898254288.00000 0.0000187866
0035 001300 -363982616644500.68750 0.0000172577
0036 001326 -363976831260456.18750 0.0000158947
0037 001354 -363971489640812.06250 0.0000146757
0038 001381 -363966546077481.81250 0.0000135823
0039 001408 -363961960615783.25000 0.0000125986
0040 001435 -363957698219127.00000 0.0000117111
0041 001462 -363953728068584.25000 0.0000109083
0042 001489 -363950022972777.56250 0.0000101801
0043 001516 -363946558868910.37500 0.0000095181
0044 001543 -363943314400570.68750 0.0000089147
0045 001569 -363940270557913.31250 0.0000083635
0046 001596 -363937410372638.12500 0.0000078589
0047 001623 -363934718656259.00000 0.0000073961
0048 001650 -363932181777606.75000 0.0000069707
0049 001677 -363929787471232.25000 0.0000065790
0050 001704 -363927524674111.50000 0.0000062177
0051 001731 -363925383384247.75000 0.0000058838
0052 001757 -363923354538859.56250 0.0000055749
0053 001784 -363921429909816.25000 0.0000052886
0054 001811 -363919602012207.93750 0.0000050228
0055 001838 -363917864025380.06250 0.0000047757
0056 001865 -363916209723554.50000 0.0000045458
0057 001892 -363914633415566.25000 0.0000043315
0058 001919 -363913129891593.93750 0.0000041315
0059 001945 -363911694376201.12500 0.0000039447
0060 001972 -363910322486979.31250 0.0000037698
0061 001999 -363909010197733.87500 0.0000036061
0062 002026 -363907753805196.93750 0.0000034525
0063 002053 -363906549900230.87500 0.0000033083
0064 002080 -363905395340812.25000 0.0000031727
0065 002107 -363904287228885.31250 0.0000030451
0066 002134 -363903222888525.87500 0.0000029248
0067 002161 -363902199846734.06250 0.0000028113
0068 002187 -363901215815936.18750 0.0000027041
0069 002214 -363900268678195.75000 0.0000026027
0070 002241 -363899356470443.93750 0.0000025068
0071 002269 -363898477371697.62500 0.0000024158
0072 002296 -363897629690756.50000 0.0000023294
0073 002323 -363896811855626.87500 0.0000022474
0074 002350 -363896022403298.25000 0.0000021694
0075 002377 -363895259970874.62500 0.0000020952
0076 002404 -363894523287283.81250 0.0000020244
0077 002430 -363893811165455.50000 0.0000019569
0078 002458 -363893122495853.18750 0.0000018925
0079 002484 -363892456239810.12500 0.0000018309
0080 002512 -363891811423950.43750 0.0000017720
0081 002538 -363891187134923.00000 0.0000017156
0082 002566 -363890582514465.43750 0.0000016615
0083 002593 -363889996755346.75000 0.0000016097
0084 002620 -363889429097020.87500 0.0000015600
0085 002647 -363888878822117.87500 0.0000015122
0086 002675 -363888345253239.18750 0.0000014663
0087 002703 -363887827749656.18750 0.0000014221
0088 002730 -363887325704622.87500 0.0000013797
0089 002758 -363886838543115.43750 0.0000013388
0090 002785 -363886365719136.81250 0.0000012994
0091 002812 -363885906713765.68750 0.0000012614
0092 002839 -363885461033211.43750 0.0000012248
0093 002867 -363885028207087.06250 0.0000011895
0094 002895 -363884607786810.00000 0.0000011554
0095 002922 -363884199344164.43750 0.0000011225
0096 002949 -363883802469672.75000 0.0000010907
0097 002976 -363883416771891.62500 0.0000010599
0098 003002 -363883041875815.12500 0.0000010303
0099 003028 -363882677422096.06250 0.0000010016
0100 003054 -363882323066168.62500 0.0000009738
Start evaluating ...
  Columns 1 through 7

    0.0332    0.0594    0.0791    0.1020    0.1202    0.1294    0.1350

  Columns 8 through 10

    0.1423    0.1485    0.1559

    0.0067

Elapsed time is 3076.269389 seconds.
