nohup: ignoring input

                            < M A T L A B (R) >
                  Copyright 1984-2016 The MathWorks, Inc.
                   R2016a (9.0.0.341360) 64-bit (glnxa64)
                             February 11, 2016

 
To get started, type one of these: helpwin, helpdesk, or demo.
For product information, visit www.mathworks.com.
 

	Academic License

Start learning ...
Init data [Dtype: delicious - Non-Coldstart]
Init social model
Could not use CUDA
Params [lbd-U: 0.0100|lbd-V: 0.0100|lbd-N: 0.0100|lbd-Q: 0.1000]
Staring Sample 5 - Loc: save/pmf/delicious-alg40-sp5-20170412125000801 
PMF with confidence Running ...
export LD_LIBRARY_PATH=../gsldump/lib && ctr-part-pmf/ctr --a 10000000000 --b 10000000000 --directory save/pmf/delicious-alg40-sp5-20170412125000801 --user data/delicious/ctr-data/sp5/train-users.dat --item data/delicious/ctr-data/sp5/train-items.dat --max_iter 200 --num_factors 100 --lambda_v 0.010000 --lambda_u 0.010000 --save_lag 100 --random_seed 123 >> save/pmf/delicious-alg40-sp5-20170412125000801/ctr-log

iter time likelihood converge
0001 000026 -388577481208096.56250 0.9999999251
0002 000053 -379732981307508.43750 0.0227612261
0003 000080 -374631946960436.37500 0.0134332139
0004 000107 -371505842850055.56250 0.0083444675
0005 000146 -369602085408732.75000 0.0051244347
0006 000197 -368421862608600.31250 0.0031932255
0007 000248 -367663674644032.50000 0.0020579342
0008 000299 -367155765220656.06250 0.0013814512
0009 000351 -366801417539009.87500 0.0009651154
0010 000402 -366545218498658.81250 0.0006984680
0011 000453 -366354313777674.37500 0.0005208217
0012 000504 -366208408192113.31250 0.0003982636
0013 000555 -366094454248813.56250 0.0003111724
0014 000606 -366003766920251.06250 0.0002477157
0015 000658 -365930394145131.68750 0.0002004700
0016 000685 -365870155288458.00000 0.0001646183
0017 000712 -365820050579243.31250 0.0001369467
0018 000739 -365777886265098.81250 0.0001152597
0019 000766 -365742030296487.25000 0.0000980266
0020 000793 -365711249502128.06250 0.0000841598
0021 000820 -365684598896514.25000 0.0000728734
0022 000847 -365661345027012.81250 0.0000635900
0023 000885 -365640911959608.50000 0.0000558798
0024 000936 -365622842590899.25000 0.0000494183
0025 000987 -365606770515934.56250 0.0000439581
0026 001021 -365592399289889.56250 0.0000393079
0027 001049 -365579486950884.50000 0.0000353189
0028 001077 -365567834344254.06250 0.0000318743
0029 001104 -365557276229669.62500 0.0000288814
0030 001132 -365547674449990.37500 0.0000262661
0031 001159 -365538912645421.31250 0.0000239690
0032 001187 -365530892133852.93750 0.0000219416
0033 001214 -365523528679998.00000 0.0000201445
0034 001241 -365516749944945.18750 0.0000185453
0035 001269 -365510493459900.93750 0.0000171168
0036 001296 -365504705006454.93750 0.0000158366
0037 001323 -365499337311179.93750 0.0000146857
0038 001350 -365494348987739.00000 0.0000136480
0039 001377 -365489703672233.50000 0.0000127097
0040 001404 -365485369310118.87500 0.0000118591
0041 001431 -365481317564861.31250 0.0000110859
0042 001458 -365477523322706.00000 0.0000103815
0043 001485 -365473964274539.12500 0.0000097381
0044 001512 -365470620560797.81250 0.0000091490
0045 001539 -365467474467181.93750 0.0000086083
0046 001566 -365464510162619.31250 0.0000081110
0047 001593 -365461713472207.00000 0.0000076524
0048 001620 -365459071679578.68750 0.0000072286
0049 001647 -365456573353747.50000 0.0000068361
0050 001674 -365454208198093.18750 0.0000064718
0051 001701 -365451966916949.18750 0.0000061329
0052 001728 -365449841098505.93750 0.0000058170
0053 001755 -365447823112011.87500 0.0000055219
0054 001782 -365445906016908.81250 0.0000052459
0055 001809 -365444083483336.37500 0.0000049872
0056 001836 -365442349722008.87500 0.0000047443
0057 001863 -365440699422657.75000 0.0000045159
0058 001890 -365439127700518.87500 0.0000043009
0059 001917 -365437630049294.75000 0.0000040982
0060 001944 -365436202300084.75000 0.0000039070
0061 001971 -365434840585746.00000 0.0000037263
0062 001998 -365433541309808.50000 0.0000035554
0063 002025 -365432301119355.37500 0.0000033938
0064 002052 -365431116881749.00000 0.0000032406
0065 002079 -365429985664065.50000 0.0000030956
0066 002106 -365428904715247.81250 0.0000029580
0067 002133 -365427871450628.43750 0.0000028275
0068 002160 -365426883438681.56250 0.0000027037
0069 002187 -365425938388563.18750 0.0000025862
0070 002214 -365425034139866.93750 0.0000024745
0071 002240 -365424168653550.06250 0.0000023684
0072 002268 -365423340003236.56250 0.0000022676
0073 002295 -365422546368054.93750 0.0000021718
0074 002322 -365421786025687.25000 0.0000020807
0075 002350 -365421057346587.87500 0.0000019941
0076 002377 -365420358788142.75000 0.0000019117
0077 002405 -365419688889649.75000 0.0000018332
0078 002432 -365419046267654.93750 0.0000017586
0079 002460 -365418429611574.00000 0.0000016875
0080 002487 -365417837679379.31250 0.0000016199
0081 002515 -365417269294104.93750 0.0000015554
0082 002542 -365416723339960.31250 0.0000014941
0083 002570 -365416198759346.81250 0.0000014356
0084 002597 -365415694549273.25000 0.0000013798
0085 002625 -365415209758566.93750 0.0000013267
0086 002653 -365414743485125.75000 0.0000012760
0087 002682 -365414294873041.37500 0.0000012277
0088 002709 -365413863110155.62500 0.0000011816
0089 002736 -365413447425898.56250 0.0000011376
0090 002763 -365413047088680.31250 0.0000010956
0091 002790 -365412661404009.93750 0.0000010555
0092 002817 -365412289712385.31250 0.0000010172
0093 002845 -365411931387398.31250 0.0000009806
Start evaluating ...
  Columns 1 through 7

    0.0327    0.0614    0.0839    0.1067    0.1243    0.1357    0.1461

  Columns 8 through 10

    0.1529    0.1581    0.1628

    0.0066

Elapsed time is 2865.494376 seconds.
