nohup: ignoring input

                            < M A T L A B (R) >
                  Copyright 1984-2016 The MathWorks, Inc.
                   R2016a (9.0.0.341360) 64-bit (glnxa64)
                             February 11, 2016

 
To get started, type one of these: helpwin, helpdesk, or demo.
For product information, visit www.mathworks.com.
 

	Academic License

Start learning ...
Init data [Dtype: lastfm - Non-Coldstart]
Init social model
Using adagrad ...
Could not use CUDA
Params [lbd-U: 0.0100|lbd-V: 100.0000|lbd-N: 0.0100|lbd-Q: 0.1000]
Staring Sample 5 - Loc: save/pmf/lastfm-alg40-sp5-20170412124945521 
PMF with confidence Running ...
export LD_LIBRARY_PATH=../gsldump/lib && ctr-part-pmf/ctr --a 10000000000 --b 10000000000 --directory save/pmf/lastfm-alg40-sp5-20170412124945521 --user data/lastfm/ctr-data/sp5/train-users.dat --item data/lastfm/ctr-data/sp5/train-items.dat --max_iter 200 --num_factors 100 --lambda_v 100.000000 --lambda_u 0.010000 --save_lag 100 --random_seed 123 >> save/pmf/lastfm-alg40-sp5-20170412124945521/ctr-log

iter time likelihood converge
0001 000009 -298847144571604.56250 0.9999999424
0002 000023 -258439543103745.06250 0.1352116030
0003 000039 -249401293362138.93750 0.0349723948
0004 000055 -246385555321559.03125 0.0120919102
0005 000070 -245078302265220.59375 0.0053057212
0006 000086 -244409165755380.93750 0.0027302968
0007 000102 -244025439357288.59375 0.0015700164
0008 000118 -243786111578490.53125 0.0009807493
0009 000133 -243626952261315.90625 0.0006528646
0010 000149 -243515717873249.84375 0.0004565767
0011 000165 -243434919661515.81250 0.0003317988
0012 000181 -243374446829899.46875 0.0002484148
0013 000197 -243328118888495.81250 0.0001903566
0014 000212 -243291959969793.53125 0.0001486015
0015 000228 -243263292777849.84375 0.0001178304
0016 000244 -243240245327789.00000 0.0000947428
0017 000260 -243221471583212.03125 0.0000771819
0018 000276 -243205984883267.68750 0.0000636732
0019 000292 -243193052546532.12500 0.0000531744
0020 000307 -243182125393822.87500 0.0000449320
0021 000323 -243172788614028.90625 0.0000383942
0022 000339 -243164726591135.12500 0.0000331535
0023 000355 -243157697350396.78125 0.0000289073
0024 000371 -243151513847635.31250 0.0000254300
0025 000386 -243146030210397.25000 0.0000225523
0026 000402 -243141131590514.31250 0.0000201468
0027 000418 -243136726660137.75000 0.0000181168
0028 000434 -243132742046701.78125 0.0000163884
0029 000450 -243129118192145.06250 0.0000149048
0030 000465 -243125806259620.00000 0.0000136221
0031 000481 -243122765812706.56250 0.0000125057
0032 000497 -243119963064693.03125 0.0000115281
0033 000513 -243117369549738.18750 0.0000106676
0034 000529 -243114961107115.90625 0.0000099065
0035 000545 -243112717098209.21875 0.0000092302
0036 000560 -243110619797152.62500 0.0000086269
0037 000576 -243108653911724.06250 0.0000080864
0038 000592 -243106806202201.25000 0.0000076003
0039 000608 -243105065174530.59375 0.0000071616
0040 000623 -243103420829984.09375 0.0000067639
0041 000639 -243101864458452.75000 0.0000064021
0042 000655 -243100388465515.43750 0.0000060715
0043 000671 -243098986225945.71875 0.0000057682
0044 000687 -243097651958343.68750 0.0000054886
0045 000703 -243096380616507.03125 0.0000052298
0046 000718 -243095167794730.84375 0.0000049891
0047 000734 -243094009644407.40625 0.0000047642
0048 000750 -243092902800278.21875 0.0000045532
0049 000766 -243091844314824.71875 0.0000043542
0050 000782 -243090831599927.43750 0.0000041660
0051 000798 -243089862374750.90625 0.0000039871
0052 000813 -243088934619429.71875 0.0000038165
0053 000829 -243088046533860.68750 0.0000036533
0054 000845 -243087196501407.34375 0.0000034968
0055 000861 -243086383056849.25000 0.0000033463
0056 000877 -243085604858586.40625 0.0000032013
0057 000892 -243084860664623.65625 0.0000030614
0058 000908 -243084149312066.53125 0.0000029264
0059 000924 -243083469699952.93750 0.0000027958
0060 000940 -243082820774981.15625 0.0000026696
0061 000956 -243082201519978.28125 0.0000025475
0062 000971 -243081610944906.56250 0.0000024295
0063 000987 -243081048079773.43750 0.0000023155
0064 001003 -243080511969705.43750 0.0000022055
0065 001019 -243080001671394.15625 0.0000020993
0066 001035 -243079516251016.68750 0.0000019970
0067 001048 -243079054783271.56250 0.0000018984
0068 001056 -243078616351197.34375 0.0000018037
0069 001064 -243078200046860.59375 0.0000017126
0070 001072 -243077804972381.28125 0.0000016253
0071 001081 -243077430241398.09375 0.0000015416
0072 001089 -243077074980825.93750 0.0000014615
0073 001097 -243076738332500.75000 0.0000013849
0074 001105 -243076419455124.28125 0.0000013118
0075 001120 -243076117525911.75000 0.0000012421
0076 001133 -243075831742275.65625 0.0000011757
0077 001149 -243075561323263.37500 0.0000011125
0078 001161 -243075305510881.34375 0.0000010524
0079 001169 -243075063571157.81250 0.0000009953
Start evaluating ...
  Columns 1 through 7

    0.1811    0.2599    0.3113    0.3491    0.3788    0.4019    0.4249

  Columns 8 through 10

    0.4449    0.4590    0.4730

    0.0599

Elapsed time is 1179.702757 seconds.
