nohup: ignoring input

                            < M A T L A B (R) >
                  Copyright 1984-2016 The MathWorks, Inc.
                   R2016a (9.0.0.341360) 64-bit (glnxa64)
                             February 11, 2016

 
To get started, type one of these: helpwin, helpdesk, or demo.
For product information, visit www.mathworks.com.
 

	Academic License

Start learning ...
Init data [Dtype: lastfm - Non-Coldstart]
Init social model
Using adagrad ...
Could not use CUDA
Params [lbd-U: 0.0100|lbd-V: 0.0100|lbd-N: 0.0100|lbd-Q: 0.1000]
Staring Sample 6 - Loc: save/pmf/lastfm-alg40-sp6-20170412124945307 
PMF with confidence Running ...
export LD_LIBRARY_PATH=../gsldump/lib && ctr-part-pmf/ctr --a 10000000000 --b 10000000000 --directory save/pmf/lastfm-alg40-sp6-20170412124945307 --user data/lastfm/ctr-data/sp6/train-users.dat --item data/lastfm/ctr-data/sp6/train-items.dat --max_iter 200 --num_factors 100 --lambda_v 0.010000 --lambda_u 0.010000 --save_lag 100 --random_seed 123 >> save/pmf/lastfm-alg40-sp6-20170412124945307/ctr-log

iter time likelihood converge
0001 000008 -300078326872622.37500 0.9999999421
0002 000019 -259415684952478.18750 0.1355067603
0003 000028 -250279760344239.31250 0.0352173178
0004 000036 -247309556010081.40625 0.0118675371
0005 000044 -246046350430351.46875 0.0051077912
0006 000052 -245396652470714.06250 0.0026405511
0007 000060 -245015225956541.28125 0.0015543265
0008 000069 -244768816710322.31250 0.0010056895
0009 000077 -244598294609130.65625 0.0006966660
0010 000085 -244474562055225.40625 0.0005058602
0011 000093 -244381909442928.71875 0.0003789867
0012 000101 -244311047012974.78125 0.0002899659
0013 000110 -244256013014441.21875 0.0002252620
0014 000118 -244212734217248.96875 0.0001771862
0015 000126 -244178310647138.15625 0.0001409573
0016 000134 -244150626779913.71875 0.0001133756
0017 000149 -244128117712337.09375 0.0000921934
0018 000165 -244109615717576.40625 0.0000757881
0019 000180 -244094243558191.43750 0.0000629724
0020 000196 -244081338009720.25000 0.0000528712
0021 000212 -244070394290855.96875 0.0000448364
0022 000228 -244061025452867.84375 0.0000383858
0023 000243 -244052932607625.46875 0.0000331591
0024 000259 -244045883038137.28125 0.0000288854
0025 000275 -244039694049463.40625 0.0000253599
0026 000291 -244034221007265.96875 0.0000224269
0027 000307 -244029348438610.06250 0.0000199667
0028 000322 -244024983379105.00000 0.0000178874
0029 000338 -244021050373733.37500 0.0000161172
0030 000354 -244017487699476.65625 0.0000145999
0031 000370 -244014244493872.43750 0.0000132909
0032 000385 -244011278557970.06250 0.0000121548
0033 000401 -244008554662879.87500 0.0000111630
0034 000417 -244006043234446.03125 0.0000102924
0035 000433 -244003719322168.65625 0.0000095240
0036 000448 -244001561784041.96875 0.0000088422
0037 000464 -243999552635284.34375 0.0000082342
0038 000480 -243997676523079.59375 0.0000076890
0039 000496 -243995920298704.34375 0.0000071977
0040 000511 -243994272665504.21875 0.0000067527
0041 000527 -243992723887056.50000 0.0000063476
0042 000543 -243991265543198.65625 0.0000059770
0043 000559 -243989890324768.53125 0.0000056363
0044 000574 -243988591860334.06250 0.0000053218
0045 000590 -243987364569242.78125 0.0000050301
0046 000606 -243986203537041.03125 0.0000047586
0047 000622 -243985104409715.71875 0.0000045049
0048 000638 -243984063304074.53125 0.0000042671
0049 000653 -243983076732217.59375 0.0000040436
0050 000669 -243982141537935.34375 0.0000038330
0051 000685 -243981254843583.65625 0.0000036343
0052 000701 -243980414005873.34375 0.0000034463
0053 000716 -243979616579481.43750 0.0000032684
0054 000732 -243978860287208.46875 0.0000030998
0055 000748 -243978142995745.09375 0.0000029400
0056 000764 -243977462696275.84375 0.0000027884
0057 000780 -243976817488815.56250 0.0000026445
0058 000795 -243976205569990.43750 0.0000025081
0059 000811 -243975625223366.56250 0.0000023787
0060 000827 -243975074811990.12500 0.0000022560
0061 000843 -243974552772419.31250 0.0000021397
0062 000859 -243974057610288.87500 0.0000020296
0063 000874 -243973587896738.03125 0.0000019253
0064 000886 -243973142265568.90625 0.0000018266
0065 000895 -243972719410995.68750 0.0000017332
0066 000903 -243972318085726.25000 0.0000016450
0067 000911 -243971937099255.90625 0.0000015616
0068 000919 -243971575316353.81250 0.0000014829
0069 000928 -243971231655563.50000 0.0000014086
0070 000936 -243970905087787.68750 0.0000013386
0071 000944 -243970594634800.81250 0.0000012725
0072 000952 -243970299367783.50000 0.0000012103
0073 000961 -243970018405779.56250 0.0000011516
0074 000969 -243969750914074.68750 0.0000010964
0075 000977 -243969496102668.71875 0.0000010444
0076 000985 -243969253224532.96875 0.0000009955
Start evaluating ...
  Columns 1 through 7

    0.1911    0.2668    0.3178    0.3586    0.3884    0.4121    0.4333

  Columns 8 through 10

    0.4503    0.4642    0.4770

    0.0601

Elapsed time is 995.850055 seconds.
