nohup: ignoring input

                            < M A T L A B (R) >
                  Copyright 1984-2016 The MathWorks, Inc.
                   R2016a (9.0.0.341360) 64-bit (glnxa64)
                             February 11, 2016

 
To get started, type one of these: helpwin, helpdesk, or demo.
For product information, visit www.mathworks.com.
 

	Academic License

Start learning ...
Init data [Dtype: delicious - Non-Coldstart]
Init social model
Could not use CUDA
Params [lbd-U: 0.0100|lbd-V: 0.0100|lbd-N: 0.0100|lbd-Q: 0.1000]
Staring Sample 6 - Loc: save/pmf/delicious-alg40-sp6-20170409142652826 
PMF with confidence Running ...
export LD_LIBRARY_PATH=../gsldump/lib && ctr-part-pmf/ctr --directory save/pmf/delicious-alg40-sp6-20170409142652826 --user data/delicious/ctr-data/sp6/train-users.dat --item data/delicious/ctr-data/sp6/train-items.dat --max_iter 200 --num_factors 100 --lambda_v 0.010000 --lambda_u 0.010000 --save_lag 100 --random_seed 123 >> save/pmf/delicious-alg40-sp6-20170409142652826/ctr-log

iter time likelihood converge
0001 000034 -8095.51622 1.0000000000
0002 000070 -7245.35934 0.1050157706
0003 000105 -6827.35466 0.0576927468
0004 000140 -6537.89606 0.0423968888
0005 000176 -6316.69350 0.0338339059
0006 000212 -6139.19542 0.0280998406
0007 000248 -5992.56148 0.0238848790
0008 000284 -5868.98102 0.0206223107
0009 000320 -5763.24378 0.0180162853
0010 000355 -5671.66683 0.0158898285
0011 000390 -5591.54395 0.0141268663
0012 000426 -5520.83034 0.0126465263
0013 000461 -5457.94729 0.0113901444
0014 000496 -5401.65431 0.0103139457
0015 000530 -5350.96214 0.0093845654
0016 000565 -5305.07154 0.0085761385
0017 000600 -5263.32950 0.0078683282
0018 000635 -5225.19696 0.0072449462
0019 000671 -5190.22490 0.0066929655
0020 000710 -5158.03616 0.0062018003
0021 000746 -5128.31157 0.0057627721
0022 000781 -5100.77916 0.0053687082
0023 000816 -5075.20571 0.0050136366
0024 000852 -5051.39005 0.0046925510
0025 000887 -5029.15773 0.0044012281
0026 000923 -5008.35671 0.0041360843
0027 000958 -4988.85386 0.0038940622
0028 000994 -4970.53209 0.0036725400
0029 001030 -4953.28803 0.0034692587
0030 001065 -4937.03003 0.0032822632
0031 001100 -4921.67659 0.0031098543
0032 001135 -4907.15494 0.0029505491
0033 001171 -4893.39995 0.0028030488
0034 001206 -4880.35310 0.0026662119
0035 001241 -4867.96173 0.0025390315
0036 001276 -4856.17826 0.0024206171
0037 001312 -4844.95962 0.0023101788
0038 001348 -4834.26673 0.0022070142
0039 001383 -4824.06402 0.0021104968
0040 001419 -4814.31909 0.0020200672
0041 001454 -4805.00230 0.0019352239
0042 001490 -4796.08654 0.0018555166
0043 001525 -4787.54692 0.0017805396
0044 001560 -4779.36057 0.0017099267
0045 001595 -4771.50642 0.0016433466
0046 001630 -4763.96506 0.0015804986
0047 001664 -4756.71855 0.0015211093
0048 001699 -4749.75029 0.0014649300
0049 001733 -4743.04491 0.0014117337
0050 001767 -4736.58814 0.0013613131
0051 001801 -4730.36673 0.0013134786
0052 001836 -4724.36836 0.0012680566
0053 001871 -4718.58154 0.0012248876
0054 001907 -4712.99556 0.0011838253
0055 001945 -4707.60043 0.0011447349
0056 001981 -4702.38680 0.0011074925
0057 002016 -4697.34592 0.0010719835
0058 002052 -4692.46959 0.0010381023
0059 002087 -4687.75014 0.0010057509
0060 002123 -4683.18034 0.0009748390
0061 002159 -4678.75341 0.0009452825
0062 002194 -4674.46297 0.0009170036
0063 002230 -4670.30303 0.0008899298
0064 002266 -4666.26792 0.0008639939
0065 002301 -4662.35230 0.0008391330
0066 002336 -4658.55113 0.0008152889
0067 002371 -4654.85967 0.0007924068
0068 002407 -4651.27339 0.0007704361
0069 002442 -4647.78806 0.0007493289
0070 002477 -4644.39963 0.0007290409
0071 002513 -4641.10429 0.0007095303
0072 002548 -4637.89841 0.0006907581
0073 002584 -4634.77855 0.0006726875
0074 002619 -4631.74146 0.0006552843
0075 002655 -4628.78401 0.0006385160
0076 002691 -4625.90328 0.0006223523
0077 002727 -4623.09645 0.0006067645
0078 002763 -4620.36084 0.0005917259
0079 002799 -4617.69392 0.0005772109
0080 002834 -4615.09325 0.0005631957
0081 002870 -4612.55653 0.0005496577
0082 002905 -4610.08155 0.0005365756
0083 002939 -4607.66619 0.0005239292
0084 002974 -4605.30845 0.0005116996
0085 003008 -4603.00640 0.0004998686
0086 003042 -4600.75820 0.0004884194
0087 003076 -4598.56210 0.0004773357
0088 003111 -4596.41640 0.0004666022
0089 003149 -4594.31949 0.0004562044
0090 003186 -4592.26983 0.0004461286
0091 003221 -4590.26594 0.0004363617
0092 003257 -4588.30640 0.0004268912
0093 003293 -4586.38984 0.0004177055
0094 003328 -4584.51495 0.0004087933
0095 003364 -4582.68049 0.0004001438
0096 003400 -4580.88524 0.0003917470
0097 003436 -4579.12804 0.0003835933
0098 003472 -4577.40778 0.0003756733
0099 003509 -4575.72340 0.0003679784
0100 003544 -4574.07385 0.0003605001
0101 003583 -4572.45815 0.0003532304
0102 003619 -4570.87534 0.0003461619
0103 003654 -4569.32450 0.0003392871
0104 003690 -4567.80474 0.0003325991
0105 003727 -4566.31522 0.0003260914
0106 003762 -4564.85511 0.0003197574
0107 003797 -4563.42361 0.0003135913
0108 003833 -4562.01996 0.0003075871
0109 003868 -4560.64342 0.0003017394
0110 003903 -4559.29327 0.0002960427
0111 003940 -4557.96883 0.0002904920
0112 003975 -4556.66944 0.0002850825
0113 004011 -4555.39444 0.0002798093
0114 004046 -4554.14322 0.0002746681
0115 004081 -4552.91517 0.0002696546
0116 004116 -4551.70972 0.0002647645
0117 004151 -4550.52630 0.0002599940
0118 004185 -4549.36438 0.0002553392
0119 004220 -4548.22341 0.0002507964
0120 004255 -4547.10290 0.0002463622
0121 004290 -4546.00235 0.0002420332
0122 004325 -4544.92129 0.0002378061
0123 004362 -4543.85924 0.0002336778
0124 004400 -4542.81576 0.0002296453
0125 004434 -4541.79042 0.0002257057
0126 004470 -4540.78280 0.0002218563
0127 004506 -4539.79248 0.0002180942
0128 004541 -4538.81907 0.0002144171
0129 004577 -4537.86219 0.0002108223
0130 004612 -4536.92145 0.0002073075
0131 004648 -4535.99651 0.0002038704
0132 004683 -4535.08700 0.0002005087
0133 004718 -4534.19259 0.0001972203
0134 004753 -4533.31294 0.0001940031
0135 004789 -4532.44774 0.0001908551
0136 004825 -4531.59666 0.0001877744
0137 004860 -4530.75941 0.0001847592
0138 004896 -4529.93568 0.0001818076
0139 004932 -4529.12519 0.0001789178
0140 004968 -4528.32767 0.0001760883
0141 005004 -4527.54283 0.0001733174
0142 005039 -4526.77042 0.0001706035
0143 005075 -4526.01017 0.0001679451
0144 005111 -4525.26183 0.0001653407
0145 005147 -4524.52517 0.0001627889
0146 005182 -4523.79994 0.0001602884
0147 005218 -4523.08591 0.0001578378
0148 005253 -4522.38287 0.0001554358
0149 005288 -4521.69057 0.0001530813
0150 005323 -4521.00882 0.0001507729
0151 005358 -4520.33741 0.0001485095
0152 005393 -4519.67613 0.0001462900
0153 005428 -4519.02479 0.0001441133
0154 005463 -4518.38318 0.0001419783
0155 005498 -4517.75113 0.0001398840
0156 005533 -4517.12845 0.0001378295
0157 005569 -4516.51497 0.0001358136
0158 005605 -4515.91050 0.0001338356
0159 005631 -4515.31487 0.0001318944
0160 005658 -4514.72793 0.0001299893
0161 005684 -4514.14951 0.0001281193
0162 005711 -4513.57944 0.0001262836
0163 005738 -4513.01759 0.0001244814
0164 005765 -4512.46378 0.0001227120
0165 005791 -4511.91789 0.0001209745
0166 005818 -4511.37976 0.0001192683
0167 005845 -4510.84926 0.0001175926
0168 005871 -4510.32624 0.0001159466
0169 005898 -4509.81058 0.0001143299
0170 005925 -4509.30213 0.0001127416
0171 005952 -4508.80078 0.0001111811
0172 005978 -4508.30640 0.0001096479
0173 006005 -4507.81887 0.0001081412
0174 006032 -4507.33806 0.0001066606
0175 006059 -4506.86387 0.0001052055
0176 006085 -4506.39616 0.0001037752
0177 006112 -4505.93485 0.0001023693
0178 006139 -4505.47981 0.0001009872
0179 006165 -4505.03093 0.0000996284
0180 006192 -4504.58812 0.0000982925
0181 006219 -4504.15127 0.0000969788
0182 006245 -4503.72028 0.0000956871
0183 006272 -4503.29506 0.0000944167
0184 006299 -4502.87550 0.0000931673
0185 006325 -4502.46151 0.0000919383
0186 006352 -4502.05300 0.0000907295
0187 006379 -4501.64989 0.0000895403
0188 006405 -4501.25208 0.0000883704
0189 006432 -4500.85948 0.0000872194
0190 006459 -4500.47202 0.0000860868
0191 006485 -4500.08960 0.0000849724
0192 006512 -4499.71215 0.0000838757
0193 006539 -4499.33959 0.0000827964
0194 006565 -4498.97184 0.0000817342
0195 006592 -4498.60883 0.0000806886
0196 006619 -4498.25047 0.0000796595
0197 006645 -4497.89670 0.0000786463
0198 006672 -4497.54744 0.0000776490
0199 006699 -4497.20263 0.0000766670
0200 006725 -4496.86219 0.0000757002
Start evaluating ...
  Columns 1 through 7

    0.1500    0.2273    0.2871    0.3181    0.3281    0.3345    0.3401

  Columns 8 through 10

    0.3423    0.3447    0.3462

    0.0342

Elapsed time is 6749.132937 seconds.
