nohup: ignoring input

                            < M A T L A B (R) >
                  Copyright 1984-2016 The MathWorks, Inc.
                   R2016a (9.0.0.341360) 64-bit (glnxa64)
                             February 11, 2016

 
To get started, type one of these: helpwin, helpdesk, or demo.
For product information, visit www.mathworks.com.
 

	Academic License

Start learning ...
Init data [Dtype: delicious - Non-Coldstart]
Init social model
Could not use CUDA
Params [lbd-U: 0.0100|lbd-V: 0.0100|lbd-N: 0.0100|lbd-Q: 0.1000]
Staring Sample 6 - Loc: save/pmf/delicious-alg40-sp6-20170412125000741 
PMF with confidence Running ...
export LD_LIBRARY_PATH=../gsldump/lib && ctr-part-pmf/ctr --a 10000000000 --b 10000000000 --directory save/pmf/delicious-alg40-sp6-20170412125000741 --user data/delicious/ctr-data/sp6/train-users.dat --item data/delicious/ctr-data/sp6/train-items.dat --max_iter 200 --num_factors 100 --lambda_v 0.010000 --lambda_u 0.010000 --save_lag 100 --random_seed 123 >> save/pmf/delicious-alg40-sp6-20170412125000741/ctr-log

iter time likelihood converge
0001 000051 -388172411502994.00000 0.9999999251
0002 000102 -379154187396872.75000 0.0232325220
0003 000154 -373890100682304.06250 0.0138837626
0004 000205 -370694468409899.25000 0.0085469828
0005 000257 -368771996780981.37500 0.0051861352
0006 000308 -367592476842861.12500 0.0031985073
0007 000360 -366840904869831.50000 0.0020445793
0008 000411 -366340551846223.25000 0.0013639510
0009 000462 -365993007820693.12500 0.0009486911
0010 000514 -365742371493537.37500 0.0006848118
0011 000565 -365555795519199.62500 0.0005101295
0012 000617 -365413196386641.12500 0.0003900886
0013 000663 -365301785778284.06250 0.0003048894
0014 000690 -365213105142852.62500 0.0002427599
0015 000716 -365141369905664.50000 0.0001964202
0016 000743 -365082511724877.93750 0.0001611929
0017 000770 -365033602749101.18750 0.0001339669
0018 000796 -364992495804614.00000 0.0001126114
0019 000823 -364957591179090.43750 0.0000956311
0020 000853 -364927680526117.31250 0.0000819565
0021 000882 -364901839561630.93750 0.0000708112
0022 000908 -364879352728910.43750 0.0000616243
0023 000935 -364859659455218.12500 0.0000539720
0024 000962 -364842315358830.00000 0.0000475363
0025 001001 -364826963996782.12500 0.0000420767
0026 001044 -364813316146636.25000 0.0000374091
0027 001095 -364801134514819.75000 0.0000333914
0028 001143 -364790222377290.62500 0.0000299126
0029 001170 -364780415077229.50000 0.0000268848
0030 001198 -364771573607772.50000 0.0000242378
0031 001225 -364763579717771.87500 0.0000219148
0032 001252 -364756332139740.31250 0.0000198692
0033 001278 -364749743645349.87500 0.0000180627
0034 001306 -364743738721171.68750 0.0000164631
0035 001332 -364738251709898.93750 0.0000150435
0036 001360 -364733225307178.06250 0.0000137808
0037 001387 -364728609333795.12500 0.0000126558
0038 001414 -364724359722036.37500 0.0000116514
0039 001441 -364720437672828.56250 0.0000107535
0040 001468 -364716808948841.37500 0.0000099493
0041 001495 -364713443278894.93750 0.0000092282
0042 001521 -364710313852335.81250 0.0000085805
0043 001548 -364707396888445.81250 0.0000079980
0044 001575 -364704671267942.62500 0.0000074734
0045 001602 -364702118216269.43750 0.0000070003
0046 001629 -364699721031021.81250 0.0000065730
0047 001656 -364697464845446.12500 0.0000061864
0048 001683 -364695336423708.31250 0.0000058361
0049 001709 -364693323982320.93750 0.0000055181
0050 001736 -364691417033855.37500 0.0000052289
0051 001763 -364689606249818.43750 0.0000049652
0052 001790 -364687883339677.37500 0.0000047243
0053 001817 -364686240943412.75000 0.0000045036
0054 001844 -364684672535981.68750 0.0000043007
0055 001871 -364683172341355.75000 0.0000041137
0056 001898 -364681735255207.06250 0.0000039406
0057 001925 -364680356774825.81250 0.0000037800
0058 001951 -364679032934964.06250 0.0000036301
0059 001978 -364677760249295.75000 0.0000034899
0060 002005 -364676535656644.12500 0.0000033580
0061 002032 -364675356471114.06250 0.0000032335
0062 002059 -364674220336423.56250 0.0000031155
0063 002086 -364673125183583.50000 0.0000030031
0064 002113 -364672069192150.18750 0.0000028957
0065 002140 -364671050754092.00000 0.0000027928
0066 002166 -364670068441796.25000 0.0000026937
0067 002193 -364669120978182.93750 0.0000025981
0068 002220 -364668207210523.87500 0.0000025057
0069 002247 -364667326086385.00000 0.0000024162
0070 002275 -364666476633517.06250 0.0000023294
0071 002302 -364665657941174.43750 0.0000022450
0072 002330 -364664869145611.18750 0.0000021631
0073 002357 -364664109416477.00000 0.0000020834
0074 002384 -364663377946872.00000 0.0000020059
0075 002411 -364662673944740.25000 0.0000019306
0076 002439 -364661996626678.12500 0.0000018574
0077 002466 -364661345213121.00000 0.0000017863
0078 002494 -364660718925323.00000 0.0000017175
0079 002521 -364660116983475.93750 0.0000016507
0080 002548 -364659538606280.68750 0.0000015861
0081 002576 -364658983010590.68750 0.0000015236
0082 002603 -364658449412894.56250 0.0000014633
0083 002631 -364657937030281.43750 0.0000014051
0084 002659 -364657445082468.18750 0.0000013491
0085 002687 -364656972793727.81250 0.0000012952
0086 002714 -364656519395255.12500 0.0000012434
0087 002741 -364656084126996.12500 0.0000011936
0088 002767 -364655666240229.93750 0.0000011460
0089 002794 -364655264999288.50000 0.0000011003
0090 002823 -364654879683642.12500 0.0000010567
0091 002851 -364654509589438.06250 0.0000010149
0092 002879 -364654154031127.62500 0.0000009751
Start evaluating ...
  Columns 1 through 7

    0.0362    0.0640    0.0831    0.1044    0.1217    0.1348    0.1448

  Columns 8 through 10

    0.1526    0.1560    0.1600

    0.0075

Elapsed time is 2900.277453 seconds.
