nohup: ignoring input

                            < M A T L A B (R) >
                  Copyright 1984-2016 The MathWorks, Inc.
                   R2016a (9.0.0.341360) 64-bit (glnxa64)
                             February 11, 2016

 
To get started, type one of these: helpwin, helpdesk, or demo.
For product information, visit www.mathworks.com.
 

	Academic License

Start learning ...
Init data [Dtype: lastfm - Non-Coldstart]
Init social model
Using adagrad ...
Could not use CUDA
Params [lbd-U: 0.0100|lbd-V: 0.0100|lbd-N: 0.0100|lbd-Q: 0.1000]
Staring Sample 7 - Loc: save/pmf/lastfm-alg40-sp7-20170412124945615 
PMF with confidence Running ...
export LD_LIBRARY_PATH=../gsldump/lib && ctr-part-pmf/ctr --a 10000000000 --b 10000000000 --directory save/pmf/lastfm-alg40-sp7-20170412124945615 --user data/lastfm/ctr-data/sp7/train-users.dat --item data/lastfm/ctr-data/sp7/train-items.dat --max_iter 200 --num_factors 100 --lambda_v 0.010000 --lambda_u 0.010000 --save_lag 100 --random_seed 123 >> save/pmf/lastfm-alg40-sp7-20170412124945615/ctr-log

iter time likelihood converge
0001 000009 -298820132234258.25000 0.9999999424
0002 000024 -257982703696501.68750 0.1366622397
0003 000040 -248860250870825.06250 0.0353607149
0004 000055 -245911733690201.84375 0.0118480841
0005 000071 -244664762426188.78125 0.0050708083
0006 000087 -244028000719280.00000 0.0026025885
0007 000103 -243658544348313.62500 0.0015139917
0008 000118 -243424967871317.09375 0.0009586221
0009 000134 -243268287215233.75000 0.0006436507
0010 000150 -243158544735066.31250 0.0004511171
0011 000166 -243079060122547.46875 0.0003268839
0012 000182 -243019900767330.53125 0.0002433750
0013 000198 -242974848004851.59375 0.0001853871
0014 000213 -242939854759852.43750 0.0001440200
0015 000229 -242912204436035.21875 0.0001138155
0016 000245 -242890025950308.40625 0.0000913025
0017 000261 -242872001388267.28125 0.0000742087
0018 000277 -242857183481119.28125 0.0000610112
0019 000293 -242844878476015.75000 0.0000506677
0020 000308 -242834569301944.78125 0.0000424517
0021 000324 -242825864224476.06250 0.0000358478
0022 000340 -242818461952757.31250 0.0000304839
0023 000356 -242812127543776.59375 0.0000260870
0024 000372 -242806675497915.53125 0.0000224538
0025 000387 -242801957712963.53125 0.0000194302
0026 000403 -242797854766892.15625 0.0000168983
0027 000419 -242794269514338.18750 0.0000147664
0028 000435 -242791122314855.40625 0.0000129624
0029 000450 -242788347427956.12500 0.0000114291
0030 000466 -242785890255053.03125 0.0000101206
0031 000482 -242783705204129.53125 0.0000089999
0032 000498 -242781754018537.06250 0.0000080367
0033 000514 -242780004456223.40625 0.0000072063
0034 000529 -242778429236430.50000 0.0000064883
0035 000545 -242777005192959.56250 0.0000058656
0036 000561 -242775712588551.37500 0.0000053242
0037 000577 -242774534556184.56250 0.0000048523
0038 000593 -242773456641016.12500 0.0000044400
0039 000608 -242772466422876.40625 0.0000040788
0040 000624 -242771553203812.78125 0.0000037616
0041 000640 -242770707748055.78125 0.0000034825
0042 000656 -242769922065095.34375 0.0000032363
0043 000672 -242769189227750.00000 0.0000030186
0044 000681 -242768503219296.06250 0.0000028258
0045 000689 -242767858804484.96875 0.0000026544
0046 000697 -242767251420435.18750 0.0000025019
0047 000705 -242766677084060.71875 0.0000023658
0048 000714 -242766132313366.78125 0.0000022440
0049 000722 -242765614060309.15625 0.0000021348
0050 000730 -242765119653409.15625 0.0000020366
0051 000738 -242764646748547.18750 0.0000019480
0052 000746 -242764193286839.71875 0.0000018679
0053 000755 -242763757458123.43750 0.0000017953
0054 000763 -242763337669791.84375 0.0000017292
0055 000771 -242762932519554.56250 0.0000016689
0056 000779 -242762540771974.53125 0.0000016137
0057 000787 -242762161338124.15625 0.0000015630
0058 000796 -242761793257810.62500 0.0000015162
0059 000804 -242761435684059.93750 0.0000014729
0060 000812 -242761087869687.28125 0.0000014327
0061 000820 -242760749155399.12500 0.0000013953
0062 000829 -242760418959396.09375 0.0000013602
0063 000837 -242760096768287.62500 0.0000013272
0064 000845 -242759782129027.53125 0.0000012961
0065 000853 -242759474641825.93750 0.0000012666
0066 000861 -242759173953874.12500 0.0000012386
0067 000871 -242758879753806.75000 0.0000012119
0068 000881 -242758591766765.31250 0.0000011863
0069 000891 -242758309750029.50000 0.0000011617
0070 000907 -242758033489156.46875 0.0000011380
0071 000923 -242757762794538.78125 0.0000011151
0072 000939 -242757497498256.40625 0.0000010928
0073 000955 -242757237451472.56250 0.0000010712
0074 000971 -242756982521853.37500 0.0000010501
0075 000986 -242756732591499.06250 0.0000010295
0076 001002 -242756487554987.96875 0.0000010094
0077 001018 -242756247317595.50000 0.0000009896
Start evaluating ...
  Columns 1 through 7

    0.1863    0.2615    0.3121    0.3517    0.3807    0.4061    0.4262

  Columns 8 through 10

    0.4441    0.4581    0.4714

    0.0580

Elapsed time is 1031.576025 seconds.
