nohup: ignoring input

                            < M A T L A B (R) >
                  Copyright 1984-2016 The MathWorks, Inc.
                   R2016a (9.0.0.341360) 64-bit (glnxa64)
                             February 11, 2016

 
To get started, type one of these: helpwin, helpdesk, or demo.
For product information, visit www.mathworks.com.
 

	Academic License

Start learning ...
Init data [Dtype: delicious - Non-Coldstart]
Init social model
Could not use CUDA
Params [lbd-U: 0.0100|lbd-V: 100.0000|lbd-N: 0.0100|lbd-Q: 0.1000]
Staring Sample 7 - Loc: save/pmf/delicious-alg40-sp7-20170412125000547 
PMF with confidence Running ...
export LD_LIBRARY_PATH=../gsldump/lib && ctr-part-pmf/ctr --a 10000000000 --b 10000000000 --directory save/pmf/delicious-alg40-sp7-20170412125000547 --user data/delicious/ctr-data/sp7/train-users.dat --item data/delicious/ctr-data/sp7/train-items.dat --max_iter 200 --num_factors 100 --lambda_v 100.000000 --lambda_u 0.010000 --save_lag 100 --random_seed 123 >> save/pmf/delicious-alg40-sp7-20170412125000547/ctr-log

iter time likelihood converge
0001 000035 -387581643074532.43750 0.9999999252
0002 000062 -378635239048075.06250 0.0230826309
0003 000088 -373447578467000.31250 0.0137009450
0004 000115 -370284616500266.87500 0.0084696277
0005 000147 -368380607990427.31250 0.0051420135
0006 000191 -367215106232475.25000 0.0031638521
0007 000218 -366473468489604.87500 0.0020196275
0008 000245 -365979212792015.50000 0.0013486807
0009 000271 -365634843920601.87500 0.0009409520
0010 000298 -365385439624494.56250 0.0006821130
0011 000325 -365198871455562.68750 0.0005106065
0012 000351 -365055497273396.31250 0.0003925921
0013 000378 -364942787847187.68750 0.0003087460
0014 000405 -364852451112507.93750 0.0002475367
0015 000431 -364778828176095.56250 0.0002017882
0016 000458 -364717956252777.12500 0.0001668735
0017 000485 -364666997081424.56250 0.0001397221
0018 000512 -364623875629522.25000 0.0001182488
0019 000538 -364587045371165.06250 0.0001010089
0020 000565 -364555332578551.75000 0.0000869828
0021 000592 -364527831269609.31250 0.0000754380
0022 000621 -364503831240828.87500 0.0000658387
0023 000673 -364482767997711.00000 0.0000577861
0024 000724 -364464187340102.37500 0.0000509782
0025 000775 -364447719871936.18750 0.0000451827
0026 000826 -364433062321987.68750 0.0000402185
0027 000876 -364419963616893.00000 0.0000359427
0028 000903 -364408214331611.00000 0.0000322411
0029 000930 -364397638585801.56250 0.0000290217
0030 000956 -364388087744524.68750 0.0000262099
0031 000984 -364379435473313.12500 0.0000237447
0032 001023 -364371573820658.50000 0.0000215755
0033 001074 -364364410094005.12500 0.0000196605
0034 001117 -364357864348207.37500 0.0000179648
0035 001143 -364351867354390.75000 0.0000164591
0036 001176 -364346358945401.62500 0.0000151184
0037 001203 -364341286659532.37500 0.0000139216
0038 001230 -364336604620824.75000 0.0000128507
0039 001256 -364332272608645.62500 0.0000118901
0040 001283 -364328255278541.68750 0.0000110266
0041 001310 -364324521507040.81250 0.0000102484
0042 001337 -364321043835412.06250 0.0000095455
0043 001365 -364317797996881.18750 0.0000089093
0044 001391 -364314762510054.68750 0.0000083320
0045 001418 -364311918330424.87500 0.0000078069
0046 001445 -364309248547778.43750 0.0000073283
0047 001471 -364306738125244.81250 0.0000068909
0048 001498 -364304373670541.93750 0.0000064903
0049 001525 -364302143237653.75000 0.0000061224
0050 001551 -364300036153375.37500 0.0000057839
0051 001578 -364298042864418.75000 0.0000054716
0052 001604 -364296154805041.93750 0.0000051827
0053 001631 -364294364279133.43750 0.0000049150
0054 001658 -364292664358333.31250 0.0000046663
0055 001684 -364291048791403.62500 0.0000044348
0056 001711 -364289511925001.62500 0.0000042188
0057 001737 -364288048634812.06250 0.0000040168
0058 001764 -364286654263457.93750 0.0000038277
0059 001791 -364285324567908.18750 0.0000036501
0060 001817 -364284055671989.62500 0.0000034832
0061 001844 -364282844025337.12500 0.0000033261
0062 001871 -364281686367187.31250 0.0000031779
0063 001897 -364280579694718.87500 0.0000030380
0064 001924 -364279521235750.37500 0.0000029056
0065 001950 -364278508423549.93750 0.0000027803
0066 001977 -364277538876394.75000 0.0000026616
0067 002004 -364276610378475.62500 0.0000025489
0068 002030 -364275720863786.75000 0.0000024419
0069 002057 -364274868401621.93750 0.0000023402
0070 002084 -364274051183916.75000 0.0000022434
0071 002110 -364273267514283.00000 0.0000021513
0072 002137 -364272515798336.31250 0.0000020636
0073 002163 -364271794534828.68750 0.0000019800
0074 002190 -364271102308255.93750 0.0000019003
0075 002217 -364270437782007.18750 0.0000018243
0076 002243 -364269799692430.25000 0.0000017517
0077 002270 -364269186843535.00000 0.0000016824
0078 002297 -364268598101903.68750 0.0000016162
0079 002323 -364268032392831.93750 0.0000015530
0080 002350 -364267488696322.93750 0.0000014926
0081 002377 -364266966043250.25000 0.0000014348
0082 002403 -364266463512827.43750 0.0000013796
0083 002430 -364265980229144.56250 0.0000013267
0084 002456 -364265515358705.62500 0.0000012762
0085 002483 -364265068108476.75000 0.0000012278
0086 002510 -364264637722766.87500 0.0000011815
0087 002536 -364264223481935.25000 0.0000011372
0088 002563 -364263824699935.37500 0.0000010948
0089 002590 -364263440723016.93750 0.0000010541
0090 002616 -364263070927669.75000 0.0000010152
0091 002643 -364262714719385.18750 0.0000009779
Start evaluating ...
  Columns 1 through 7

    0.0317    0.0603    0.0799    0.1022    0.1181    0.1298    0.1391

  Columns 8 through 10

    0.1468    0.1517    0.1587

    0.0073

Elapsed time is 2663.935886 seconds.
