nohup: ignoring input

                            < M A T L A B (R) >
                  Copyright 1984-2016 The MathWorks, Inc.
                   R2016a (9.0.0.341360) 64-bit (glnxa64)
                             February 11, 2016

 
To get started, type one of these: helpwin, helpdesk, or demo.
For product information, visit www.mathworks.com.
 

	Academic License

Start learning ...
Init data [Dtype: delicious - Non-Coldstart]
Init social model
Could not use CUDA
Params [lbd-U: 0.0100|lbd-V: 0.0100|lbd-N: 0.0100|lbd-Q: 0.1000]
Staring Sample 7 - Loc: save/pmf/delicious-alg40-sp7-20170412125000772 
PMF with confidence Running ...
export LD_LIBRARY_PATH=../gsldump/lib && ctr-part-pmf/ctr --a 10000000000 --b 10000000000 --directory save/pmf/delicious-alg40-sp7-20170412125000772 --user data/delicious/ctr-data/sp7/train-users.dat --item data/delicious/ctr-data/sp7/train-items.dat --max_iter 200 --num_factors 100 --lambda_v 0.010000 --lambda_u 0.010000 --save_lag 100 --random_seed 123 >> save/pmf/delicious-alg40-sp7-20170412125000772/ctr-log

iter time likelihood converge
0001 000026 -387580374417769.50000 0.9999999252
0002 000053 -378633843710317.18750 0.0230830333
0003 000079 -373446112440089.75000 0.0137011822
0004 000106 -370283109311620.93750 0.0084697712
0005 000145 -368379076572801.81250 0.0051420999
0006 000196 -367213560098658.00000 0.0031639052
0007 000247 -366471913007763.50000 0.0020196615
0008 000298 -365977651084479.87500 0.0013487034
0009 000349 -365633277884811.62500 0.0009409678
0010 000400 -365383870468642.56250 0.0006821245
0011 000452 -365197299983570.18750 0.0005106150
0012 000503 -365053924040507.43750 0.0003925986
0013 000554 -364941213249333.93750 0.0003087511
0014 000605 -364850875439851.37500 0.0002475407
0015 000656 -364777251646483.43750 0.0002017915
0016 000707 -364716379033279.25000 0.0001668761
0017 000759 -364665419302612.12500 0.0001397243
0018 000810 -364622297394959.31250 0.0001182506
0019 000861 -364585466764624.00000 0.0001010104
0020 000913 -364553753668221.43750 0.0000869840
0021 000964 -364526252112033.93750 0.0000754390
0022 001010 -364502251883085.43750 0.0000658395
0023 001061 -364481188479226.87500 0.0000577868
0024 001112 -364462607694463.31250 0.0000509787
0025 001164 -364446140127781.62500 0.0000451831
0026 001193 -364431482503841.75000 0.0000402189
0027 001220 -364418383745847.68750 0.0000359430
0028 001247 -364406634425957.18750 0.0000322413
0029 001274 -364396058661431.93750 0.0000290219
0030 001301 -364386507815541.12500 0.0000262101
0031 001327 -364377855551745.18750 0.0000237447
0032 001355 -364369993917379.68750 0.0000215755
0033 001382 -364362830218503.06250 0.0000196605
0034 001409 -364356284508889.50000 0.0000179648
0035 001436 -364350287558755.37500 0.0000164590
0036 001463 -364344779199992.06250 0.0000151183
0037 001490 -364339706970320.25000 0.0000139215
0038 001516 -364335024993188.43750 0.0000128506
0039 001543 -364330693047255.93750 0.0000118900
0040 001570 -364326675787649.12500 0.0000110264
0041 001597 -364322942090558.56250 0.0000102482
0042 001624 -364319464496890.93750 0.0000095454
0043 001651 -364316218739276.93750 0.0000089091
0044 001678 -364313183336442.06250 0.0000083318
0045 001704 -364310339243247.50000 0.0000078067
0046 001731 -364307669549448.68750 0.0000073281
0047 001758 -364305159217973.00000 0.0000068907
0048 001785 -364302794856204.25000 0.0000064901
0049 001812 -364300564518136.87500 0.0000061222
0050 001839 -364298457530231.87500 0.0000057837
0051 001865 -364296464339359.93750 0.0000054713
0052 001892 -364294576379308.50000 0.0000051825
0053 001919 -364292785954136.12500 0.0000049148
0054 001946 -364291086135366.12500 0.0000046661
0055 001973 -364289470671455.25000 0.0000044345
0056 002000 -364287933909304.68750 0.0000042185
0057 002027 -364286470724127.37500 0.0000040166
0058 002053 -364285076458834.12500 0.0000038274
0059 002080 -364283746870198.93750 0.0000036499
0060 002107 -364282478081950.43750 0.0000034830
0061 002134 -364281266543779.31250 0.0000033258
0062 002161 -364280108994847.25000 0.0000031776
0063 002188 -364279002432245.43750 0.0000030377
0064 002215 -364277944083650.81250 0.0000029053
0065 002242 -364276931382493.62500 0.0000027800
0066 002270 -364275961946972.37500 0.0000026613
0067 002297 -364275033561272.31250 0.0000025486
0068 002325 -364274144159247.06250 0.0000024416
0069 002352 -364273291810224.43750 0.0000023399
0070 002380 -364272474706111.75000 0.0000022431
0071 002407 -364271691150511.87500 0.0000021510
0072 002435 -364270939549009.50000 0.0000020633
0073 002462 -364270218400278.31250 0.0000019797
0074 002490 -364269526288874.68750 0.0000019000
0075 002517 -364268861878118.00000 0.0000018240
0076 002544 -364268223904461.31250 0.0000017514
0077 002572 -364267611171614.87500 0.0000016821
0078 002599 -364267022546486.37500 0.0000016159
0079 002627 -364266456954216.56250 0.0000015527
0080 002655 -364265913374572.87500 0.0000014923
0081 002684 -364265390838773.68750 0.0000014345
0082 002710 -364264888425856.93750 0.0000013792
0083 002737 -364264405259905.62500 0.0000013264
0084 002764 -364263940507458.00000 0.0000012759
0085 002791 -364263493375337.68750 0.0000012275
0086 002818 -364263063107998.93750 0.0000011812
0087 002846 -364262648985617.62500 0.0000011369
0088 002874 -364262250322294.68750 0.0000010944
0089 002902 -364261866464221.37500 0.0000010538
0090 002928 -364261496787883.25000 0.0000010149
0091 002953 -364261140698769.68750 0.0000009776
Start evaluating ...
  Columns 1 through 7

    0.0317    0.0603    0.0799    0.1022    0.1181    0.1298    0.1391

  Columns 8 through 10

    0.1468    0.1517    0.1587

    0.0073

Elapsed time is 2973.897452 seconds.
