nohup: ignoring input

                            < M A T L A B (R) >
                  Copyright 1984-2016 The MathWorks, Inc.
                   R2016a (9.0.0.341360) 64-bit (glnxa64)
                             February 11, 2016

 
To get started, type one of these: helpwin, helpdesk, or demo.
For product information, visit www.mathworks.com.
 

	Academic License

Start learning ...
Init data [Dtype: lastfm - Non-Coldstart]
Init social model
Using adagrad ...
Could not use CUDA
Params [lbd-U: 0.0100|lbd-V: 0.0100|lbd-N: 0.0100|lbd-Q: 0.1000]
Staring Sample 8 - Loc: save/pmf/lastfm-alg40-sp8-20170412124945334 
PMF with confidence Running ...
export LD_LIBRARY_PATH=../gsldump/lib && ctr-part-pmf/ctr --a 10000000000 --b 10000000000 --directory save/pmf/lastfm-alg40-sp8-20170412124945334 --user data/lastfm/ctr-data/sp8/train-users.dat --item data/lastfm/ctr-data/sp8/train-items.dat --max_iter 200 --num_factors 100 --lambda_v 0.010000 --lambda_u 0.010000 --save_lag 100 --random_seed 123 >> save/pmf/lastfm-alg40-sp8-20170412124945334/ctr-log

iter time likelihood converge
0001 000008 -299404610560550.56250 0.9999999423
0002 000021 -258784191848506.12500 0.1356706520
0003 000037 -249740319801056.78125 0.0349475444
0004 000053 -246730425334112.21875 0.0120520966
0005 000069 -245413630878690.31250 0.0053369764
0006 000085 -244725044260502.93750 0.0028058206
0007 000100 -244321869651215.59375 0.0016474595
0008 000116 -244068472459497.96875 0.0010371449
0009 000132 -243901280983797.75000 0.0006850187
0010 000148 -243786585329063.50000 0.0004702544
0011 000160 -243705106235508.53125 0.0003342230
0012 000168 -243645308610765.56250 0.0002453688
0013 000176 -243600072657529.09375 0.0001856631
0014 000185 -243564889156192.31250 0.0001444314
0015 000193 -243536833293596.06250 0.0001151885
0016 000201 -243513963655145.71875 0.0000939063
0017 000209 -243494962212471.96875 0.0000780302
0018 000218 -243478914293083.87500 0.0000659066
0019 000226 -243465171509179.50000 0.0000564434
0020 000234 -243453264785172.09375 0.0000489052
0021 000242 -243442848180492.59375 0.0000427869
0022 000250 -243433661946106.50000 0.0000377347
0023 000259 -243425507763915.46875 0.0000334965
0024 000267 -243418231806739.40625 0.0000298899
0025 000275 -243411712896194.93750 0.0000267807
0026 000283 -243405854050167.62500 0.0000240697
0027 000292 -243400576344449.25000 0.0000216827
0028 000300 -243395814403810.96875 0.0000195642
0029 000308 -243391513077044.03125 0.0000176721
0030 000316 -243387624993338.03125 0.0000159746
0031 000324 -243384108783643.59375 0.0000144470
0032 000333 -243380927803304.62500 0.0000130698
0033 000341 -243378049227870.53125 0.0000118274
0034 000349 -243375443420268.12500 0.0000107068
0035 000357 -243373083488970.53125 0.0000096967
0036 000365 -243370944975518.65625 0.0000087870
0037 000374 -243369005625618.87500 0.0000079687
0038 000382 -243367245211270.84375 0.0000072335
0039 000390 -243365645382349.37500 0.0000065737
0040 000398 -243364189533651.87500 0.0000059821
0041 000407 -243362862679987.31250 0.0000054521
0042 000415 -243361651335197.90625 0.0000049775
0043 000423 -243360543393880.81250 0.0000045527
0044 000431 -243359528016070.40625 0.0000041723
0045 000439 -243358595515360.15625 0.0000038318
0046 000448 -243357737251823.96875 0.0000035267
0047 000456 -243356945530395.25000 0.0000032533
0048 000464 -243356213505674.40625 0.0000030080
0049 000472 -243355535093457.00000 0.0000027877
0050 000480 -243354904889344.59375 0.0000025896
0051 000488 -243354318094469.96875 0.0000024113
0052 000497 -243353770448083.09375 0.0000022504
0053 000505 -243353258166759.96875 0.0000021051
0054 000513 -243352777889917.43750 0.0000019736
0055 000521 -243352326631028.90625 0.0000018543
0056 000529 -243351901734256.31250 0.0000017460
0057 000538 -243351500835879.93750 0.0000016474
0058 000546 -243351121830232.43750 0.0000015574
0059 000554 -243350762839374.87500 0.0000014752
0060 000562 -243350422186633.93750 0.0000013998
0061 000570 -243350098372913.06250 0.0000013306
0062 000579 -243349790056105.65625 0.0000012670
0063 000587 -243349496032793.62500 0.0000012082
0064 000595 -243349215222272.78125 0.0000011539
0065 000603 -243348946652338.43750 0.0000011036
0066 000611 -243348689446953.21875 0.0000010569
0067 000620 -243348442815259.71875 0.0000010135
0068 000628 -243348206041983.68750 0.0000009730
Start evaluating ...
  Columns 1 through 7

    0.1844    0.2595    0.3118    0.3514    0.3820    0.4073    0.4286

  Columns 8 through 10

    0.4455    0.4598    0.4736

    0.0590

Elapsed time is 639.325031 seconds.
