nohup: ignoring input

                            < M A T L A B (R) >
                  Copyright 1984-2016 The MathWorks, Inc.
                   R2016a (9.0.0.341360) 64-bit (glnxa64)
                             February 11, 2016

 
To get started, type one of these: helpwin, helpdesk, or demo.
For product information, visit www.mathworks.com.
 

	Academic License

Start learning ...
Init data [Dtype: delicious - Non-Coldstart]
Init social model
Could not use CUDA
Params [lbd-U: 0.0100|lbd-V: 0.0100|lbd-N: 0.0100|lbd-Q: 0.1000]
Staring Sample 8 - Loc: save/pmf/delicious-alg40-sp8-20170412124958722 
PMF with confidence Running ...
export LD_LIBRARY_PATH=../gsldump/lib && ctr-part-pmf/ctr --a 10000000000 --b 10000000000 --directory save/pmf/delicious-alg40-sp8-20170412124958722 --user data/delicious/ctr-data/sp8/train-users.dat --item data/delicious/ctr-data/sp8/train-items.dat --max_iter 200 --num_factors 100 --lambda_v 0.010000 --lambda_u 0.010000 --save_lag 100 --random_seed 123 >> save/pmf/delicious-alg40-sp8-20170412124958722/ctr-log

iter time likelihood converge
0001 000050 -387430871958969.62500 0.9999999253
0002 000101 -378490189007520.81250 0.0230768470
0003 000152 -373326316762109.81250 0.0136433450
0004 000203 -370188010386163.43750 0.0084063358
0005 000255 -368305023695894.81250 0.0050865685
0006 000306 -367157241099974.12500 0.0031163914
0007 000357 -366430350204744.62500 0.0019797809
0008 000408 -365947790383854.81250 0.0013169210
0009 000459 -365612025858878.87500 0.0009175203
0010 000510 -365368308860311.43750 0.0006666001
0011 000561 -365184935819806.37500 0.0005018855
0012 000613 -365042846352294.18750 0.0003890891
0013 000664 -364930116473617.62500 0.0003088127
0014 000715 -364838982801630.06250 0.0002497291
0015 000766 -364764192137645.62500 0.0002049964
0016 000818 -364702060336838.87500 0.0001703342
0017 000869 -364649919880548.25000 0.0001429673
0018 000920 -364605785579295.00000 0.0001210320
0019 000971 -364568145706333.68750 0.0001032344
0020 001013 -364535827161050.18750 0.0000886488
0021 001043 -364507905568232.93750 0.0000765949
0022 001070 -364483643462539.43750 0.0000665613
0023 001097 -364462446552450.00000 0.0000581560
0024 001125 -364443831964117.31250 0.0000510741
0025 001152 -364427404648238.25000 0.0000450750
0026 001187 -364412839501882.00000 0.0000399672
0027 001214 -364399867592112.37500 0.0000355967
0028 001241 -364388265394241.06250 0.0000318392
0029 001267 -364377846293688.25000 0.0000285934
0030 001294 -364368453814889.50000 0.0000257768
0031 001321 -364359956193043.75000 0.0000233215
0032 001349 -364352241997522.31250 0.0000211719
0033 001375 -364345216590370.37500 0.0000192819
0034 001402 -364338799249318.50000 0.0000176134
0035 001429 -364332920826085.56250 0.0000161345
0036 001456 -364327521833121.93750 0.0000148188
0037 001482 -364322550877917.81250 0.0000136442
0038 001509 -364317963377531.62500 0.0000125919
0039 001536 -364313720500227.75000 0.0000116461
0040 001563 -364309788291805.56250 0.0000107935
0041 001589 -364306136951539.31250 0.0000100226
0042 001616 -364302740229787.43750 0.0000093238
0043 001643 -364299574926177.50000 0.0000086887
0044 001669 -364296620467847.12500 0.0000081100
0045 001696 -364293858555799.43750 0.0000075815
0046 001723 -364291272865231.25000 0.0000070978
0047 001750 -364288848791804.06250 0.0000066542
0048 001776 -364286573235682.75000 0.0000062466
0049 001803 -364284434416146.56250 0.0000058713
0050 001830 -364282421713486.81250 0.0000055251
0051 001856 -364280525532027.18750 0.0000052053
0052 001883 -364278737181972.43750 0.0000049093
0053 001910 -364277048777054.18750 0.0000046349
0054 001937 -364275453145527.43750 0.0000043803
0055 001963 -364273943752218.87500 0.0000041435
0056 001990 -364272514630546.31250 0.0000039232
0057 002017 -364271160323195.75000 0.0000037178
0058 002043 -364269875829208.81250 0.0000035262
0059 002070 -364268656558509.43750 0.0000033472
0060 002097 -364267498290212.25000 0.0000031797
0061 002123 -364266397137556.93750 0.0000030229
0062 002150 -364265349515239.87500 0.0000028760
0063 002177 -364264352111284.37500 0.0000027381
0064 002204 -364263401861838.00000 0.0000026087
0065 002230 -364262495928666.62500 0.0000024870
0066 002257 -364261631678730.31250 0.0000023726
0067 002284 -364260806666804.43750 0.0000022649
0068 002311 -364260018618709.93750 0.0000021634
0069 002337 -364259265417255.50000 0.0000020678
0070 002364 -364258545089177.37500 0.0000019775
0071 002391 -364257855793227.68750 0.0000018923
0072 002418 -364257195809907.00000 0.0000018119
0073 002444 -364256563531469.75000 0.0000017358
0074 002471 -364255957453664.62500 0.0000016639
0075 002498 -364255376167708.81250 0.0000015958
0076 002524 -364254818352891.93750 0.0000015314
0077 002551 -364254282770792.75000 0.0000014704
0078 002578 -364253768258415.75000 0.0000014125
0079 002605 -364253273723412.87500 0.0000013577
0080 002632 -364252798138926.93750 0.0000013056
0081 002660 -364252340538967.62500 0.0000012563
0082 002688 -364251900014526.43750 0.0000012094
0083 002714 -364251475709250.06250 0.0000011649
0084 002741 -364251066816437.81250 0.0000011226
0085 002768 -364250672575454.37500 0.0000010823
0086 002795 -364250292268707.62500 0.0000010441
0087 002822 -364249925219268.68750 0.0000010077
0088 002850 -364249570787665.12500 0.0000009730
Start evaluating ...
  Columns 1 through 7

    0.0358    0.0597    0.0815    0.1051    0.1228    0.1364    0.1457

  Columns 8 through 10

    0.1529    0.1598    0.1663

    0.0073

Elapsed time is 2871.060829 seconds.
