nohup: ignoring input

                            < M A T L A B (R) >
                  Copyright 1984-2016 The MathWorks, Inc.
                   R2016a (9.0.0.341360) 64-bit (glnxa64)
                             February 11, 2016

 
To get started, type one of these: helpwin, helpdesk, or demo.
For product information, visit www.mathworks.com.
 

	Academic License

Start learning ...
Init data [Dtype: lastfm - Non-Coldstart]
Init social model
Using adagrad ...
Could not use CUDA
Params [lbd-U: 0.0100|lbd-V: 100.0000|lbd-N: 0.0100|lbd-Q: 0.1000]
Staring Sample 8 - Loc: save/pmf/lastfm-alg40-sp8-20170412124944894 
PMF with confidence Running ...
export LD_LIBRARY_PATH=../gsldump/lib && ctr-part-pmf/ctr --a 10000000000 --b 10000000000 --directory save/pmf/lastfm-alg40-sp8-20170412124944894 --user data/lastfm/ctr-data/sp8/train-users.dat --item data/lastfm/ctr-data/sp8/train-items.dat --max_iter 200 --num_factors 100 --lambda_v 100.000000 --lambda_u 0.010000 --save_lag 100 --random_seed 123 >> save/pmf/lastfm-alg40-sp8-20170412124944894/ctr-log

iter time likelihood converge
0001 000008 -299404862467265.87500 0.9999999423
0002 000021 -258784471541447.75000 0.1356704450
0003 000037 -249740606825526.46875 0.0349474783
0004 000052 -246730715065559.81250 0.0120520719
0005 000068 -245413921882571.71875 0.0053369650
0006 000084 -244725335967064.87500 0.0028058144
0007 000100 -244322161784954.53125 0.0016474558
0008 000115 -244068764867748.53125 0.0010371426
0009 000131 -243901573574950.18750 0.0006850172
0010 000147 -243786878045426.43750 0.0004702533
0011 000163 -243705399039580.62500 0.0003342223
0012 000178 -243645601477508.31250 0.0002453682
0013 000194 -243600365569761.46875 0.0001856627
0014 000210 -243565182101906.84375 0.0001444311
0015 000226 -243537126264148.71875 0.0001151882
0016 000242 -243514256644231.43750 0.0000939061
0017 000257 -243495255215355.21875 0.0000780300
0018 000273 -243479207306133.96875 0.0000659065
0019 000289 -243465464529566.87500 0.0000564433
0020 000305 -243453557810646.00000 0.0000489052
0021 000320 -243443141209215.78125 0.0000427868
0022 000336 -243433954976597.34375 0.0000377346
0023 000351 -243425800794903.65625 0.0000334965
0024 000367 -243418524837152.34375 0.0000298898
0025 000383 -243412005925118.21875 0.0000267807
0026 000399 -243406147076810.71875 0.0000240697
0027 000415 -243400869368098.81250 0.0000216827
0028 000430 -243396107423809.28125 0.0000195642
0029 000446 -243391806092842.37500 0.0000176721
0030 000462 -243387918004416.75000 0.0000159746
0031 000478 -243384401789544.84375 0.0000144470
0032 000493 -243381220803596.93750 0.0000130698
0033 000509 -243378342222170.12500 0.0000118275
0034 000525 -243375736408228.59375 0.0000107068
0035 000541 -243373376470258.87500 0.0000096967
0036 000556 -243371237949851.90625 0.0000087870
0037 000572 -243369298592731.87500 0.0000079687
0038 000588 -243367538170943.34375 0.0000072335
0039 000604 -243365938334350.12500 0.0000065737
0040 000620 -243364482477797.28125 0.0000059822
0041 000633 -243363155616113.03125 0.0000054522
0042 000642 -243361944263142.59375 0.0000049776
0043 000650 -243360836313504.50000 0.0000045527
0044 000658 -243359820927233.21875 0.0000041723
0045 000667 -243358888417969.68750 0.0000038318
0046 000680 -243358030145764.65625 0.0000035268
0047 000696 -243357238415581.43750 0.0000032534
0048 000712 -243356506382033.59375 0.0000030081
0049 000728 -243355827960897.75000 0.0000027878
0050 000743 -243355197747799.81250 0.0000025897
0051 000759 -243354610943903.21875 0.0000024113
0052 000775 -243354063288428.43750 0.0000022504
0053 000790 -243353550997963.75000 0.0000021051
0054 000806 -243353070711954.15625 0.0000019736
0055 000822 -243352619443851.59375 0.0000018544
0056 000838 -243352194537821.40625 0.0000017461
0057 000853 -243351793630154.06250 0.0000016474
0058 000869 -243351414615187.34375 0.0000015575
0059 000884 -243351055614999.81250 0.0000014752
0060 000900 -243350714952885.31250 0.0000013999
0061 000916 -243350391129768.09375 0.0000013307
0062 000931 -243350082803554.53125 0.0000012670
0063 000947 -243349788770818.81250 0.0000012083
0064 000963 -243349507950852.71875 0.0000011540
0065 000979 -243349239371455.78125 0.0000011037
0066 000993 -243348982156577.25000 0.0000010570
0067 001002 -243348735515398.90625 0.0000010135
0068 001010 -243348498732624.00000 0.0000009730
Start evaluating ...
  Columns 1 through 7

    0.1844    0.2595    0.3118    0.3514    0.3820    0.4073    0.4286

  Columns 8 through 10

    0.4455    0.4598    0.4736

    0.0590

Elapsed time is 1020.726354 seconds.
