nohup: ignoring input

                            < M A T L A B (R) >
                  Copyright 1984-2016 The MathWorks, Inc.
                   R2016a (9.0.0.341360) 64-bit (glnxa64)
                             February 11, 2016

 
To get started, type one of these: helpwin, helpdesk, or demo.
For product information, visit www.mathworks.com.
 

	Academic License

Start learning ...
Init data [Dtype: delicious - Non-Coldstart]
Init social model
Could not use CUDA
Params [lbd-U: 0.0100|lbd-V: 0.0100|lbd-N: 0.0100|lbd-Q: 0.1000]
Staring Sample 9 - Loc: save/pmf/delicious-alg40-sp9-20170412125000621 
PMF with confidence Running ...
export LD_LIBRARY_PATH=../gsldump/lib && ctr-part-pmf/ctr --a 10000000000 --b 10000000000 --directory save/pmf/delicious-alg40-sp9-20170412125000621 --user data/delicious/ctr-data/sp9/train-users.dat --item data/delicious/ctr-data/sp9/train-items.dat --max_iter 200 --num_factors 100 --lambda_v 0.010000 --lambda_u 0.010000 --save_lag 100 --random_seed 123 >> save/pmf/delicious-alg40-sp9-20170412125000621/ctr-log

iter time likelihood converge
0001 000052 -387859576309243.12500 0.9999999252
0002 000103 -378917800624880.25000 0.0230541573
0003 000155 -373744027409494.00000 0.0136540780
0004 000206 -370584423157597.25000 0.0084539257
0005 000257 -368684990731916.68750 0.0051255053
0006 000308 -367527551970713.50000 0.0031393704
0007 000360 -366794658026317.18750 0.0019941197
0008 000411 -366307715723296.75000 0.0013275611
0009 000462 -365968641232348.87500 0.0009256548
0010 000513 -365722664443726.68750 0.0006721253
0011 000565 -365538013100625.06250 0.0005048944
0012 000616 -365395409869154.93750 0.0003901187
0013 000667 -365282646340545.25000 0.0003086069
0014 000718 -365191694513548.12500 0.0002489903
0015 000769 -365117101271334.50000 0.0002042578
0016 000820 -365055055776294.50000 0.0001699331
0017 000871 -365002826230075.25000 0.0001430731
0018 000901 -364958408466253.18750 0.0001216916
0019 000929 -364920300694383.75000 0.0001044168
0020 000957 -364887355730804.12500 0.0000902799
0021 000985 -364858682030062.25000 0.0000785823
0022 001020 -364833576089737.37500 0.0000688100
0023 001072 -364811475381264.81250 0.0000605775
0024 001111 -364791924926852.87500 0.0000535906
0025 001139 -364774553092460.68750 0.0000476212
0026 001167 -364759053712260.31250 0.0000424903
0027 001195 -364745172643552.62500 0.0000380554
0028 001223 -364732697482970.68750 0.0000342024
0029 001251 -364721449588036.18750 0.0000308387
0030 001278 -364711277813757.37500 0.0000278892
0031 001305 -364702053548750.62500 0.0000252920
0032 001332 -364693666753569.81250 0.0000229963
0033 001360 -364686022780792.37500 0.0000209600
0034 001387 -364679039811181.56250 0.0000191479
0035 001413 -364672646778668.56250 0.0000175306
0036 001440 -364666781683722.31250 0.0000160832
0037 001467 -364661390217196.62500 0.0000147846
0038 001494 -364656424631830.18750 0.0000136170
0039 001520 -364651842811689.81250 0.0000125648
0040 001549 -364647607499916.06250 0.0000116147
0041 001577 -364643685654258.06250 0.0000107552
0042 001604 -364640047904104.56250 0.0000099762
0043 001632 -364636668091072.43750 0.0000092689
0044 001659 -364633522876339.62500 0.0000086256
0045 001687 -364630591403733.68750 0.0000080395
0046 001716 -364627855008248.25000 0.0000075046
0047 001744 -364625296962510.43750 0.0000070155
0048 001772 -364622902255883.81250 0.0000065676
0049 001800 -364620657400343.75000 0.0000061566
0050 001829 -364618550260176.00000 0.0000057790
0051 001857 -364616569901126.31250 0.0000054313
0052 001885 -364614706458409.43750 0.0000051107
0053 001912 -364612951018626.12500 0.0000048145
0054 001939 -364611295516140.18750 0.0000045404
0055 001966 -364609732640960.18750 0.0000042864
0056 001994 -364608255757082.75000 0.0000040506
0057 002022 -364606858830149.56250 0.0000038313
0058 002051 -364605536363507.62500 0.0000036271
0059 002079 -364604283341137.12500 0.0000034367
0060 002107 -364603095177437.50000 0.0000032588
0061 002134 -364601967672644.75000 0.0000030924
0062 002161 -364600896972872.12500 0.0000029366
0063 002189 -364599879535450.00000 0.0000027906
0064 002217 -364598912097392.12500 0.0000026534
0065 002245 -364597991648201.00000 0.0000025246
0066 002274 -364597115404898.87500 0.0000024033
0067 002301 -364596280790610.93750 0.0000022891
0068 002328 -364595485415104.93750 0.0000021815
0069 002354 -364594727057579.50000 0.0000020800
0070 002381 -364594003651403.18750 0.0000019841
0071 002408 -364593313270462.18750 0.0000018936
0072 002435 -364592654116960.31250 0.0000018079
0073 002462 -364592024510604.50000 0.0000017269
0074 002488 -364591422878875.43750 0.0000016502
0075 002515 -364590847748260.75000 0.0000015775
0076 002542 -364590297736593.75000 0.0000015086
0077 002569 -364589771545692.06250 0.0000014432
0078 002596 -364589267955219.87500 0.0000013813
0079 002623 -364588785816898.00000 0.0000013224
0080 002650 -364588324049574.87500 0.0000012665
0081 002679 -364587881633974.12500 0.0000012135
0082 002707 -364587457608963.37500 0.0000011630
0083 002735 -364587051067061.00000 0.0000011151
0084 002763 -364586661151421.81250 0.0000010695
0085 002791 -364586287052298.12500 0.0000010261
0086 002819 -364585928004041.12500 0.0000009848
Start evaluating ...
  Columns 1 through 7

    0.0372    0.0613    0.0795    0.1011    0.1148    0.1254    0.1348

  Columns 8 through 10

    0.1428    0.1478    0.1526

    0.0070

Elapsed time is 2839.141308 seconds.
