Params [lbd-U: 0.1000|lbd-V: 0.1000|lbd-N: 0.1000|lbd-Q: 0.1000|lbd-scale: 1.0000]
Staring Sample 1 - Loc: save/pretrain/data/delicious/vmodel/shallow 
Train DAE - Item side ...
datalink: data/delicious/data_item/
doing pretrain from scratch
Training DAE (1)
Epoch 1/500 - recon_error: 6.516396 norms: 0.000048/0.000002/0.000080
Epoch 2/500 - recon_error: 6.515303 norms: 0.000048/0.000002/0.000140
Epoch 3/500 - recon_error: 6.514588 norms: 0.000048/0.000002/0.000217
Epoch 4/500 - recon_error: 6.514021 norms: 0.000047/0.000003/0.000310
Epoch 5/500 - recon_error: 6.513530 norms: 0.000047/0.000003/0.000419
Epoch 6/500 - recon_error: 6.513084 norms: 0.000047/0.000003/0.000544
Epoch 7/500 - recon_error: 6.512665 norms: 0.000046/0.000004/0.000684
Epoch 8/500 - recon_error: 6.512263 norms: 0.000046/0.000004/0.000839
Epoch 9/500 - recon_error: 6.511872 norms: 0.000046/0.000005/0.001010
Epoch 10/500 - recon_error: 6.511487 norms: 0.000046/0.000005/0.001195
Epoch 11/500 - recon_error: 6.511106 norms: 0.000045/0.000005/0.001395
Epoch 12/500 - recon_error: 6.510726 norms: 0.000045/0.000006/0.001609
Epoch 13/500 - recon_error: 6.510345 norms: 0.000045/0.000006/0.001838
Epoch 14/500 - recon_error: 6.509962 norms: 0.000044/0.000007/0.002080
Epoch 15/500 - recon_error: 6.509575 norms: 0.000044/0.000007/0.002337
Epoch 16/500 - recon_error: 6.509183 norms: 0.000044/0.000008/0.002607
Epoch 17/500 - recon_error: 6.508786 norms: 0.000044/0.000008/0.002891
Epoch 18/500 - recon_error: 6.508382 norms: 0.000043/0.000009/0.003188
Epoch 19/500 - recon_error: 6.507970 norms: 0.000043/0.000009/0.003498
Epoch 20/500 - recon_error: 6.507551 norms: 0.000043/0.000010/0.003821
Epoch 21/500 - recon_error: 6.507122 norms: 0.000043/0.000010/0.004157
Epoch 22/500 - recon_error: 6.506684 norms: 0.000042/0.000011/0.004506
Epoch 23/500 - recon_error: 6.506235 norms: 0.000042/0.000011/0.004867
Epoch 24/500 - recon_error: 6.505775 norms: 0.000042/0.000012/0.005240
Epoch 25/500 - recon_error: 6.505304 norms: 0.000042/0.000012/0.005626
Epoch 26/500 - recon_error: 6.504820 norms: 0.000041/0.000013/0.006023
Epoch 27/500 - recon_error: 6.504323 norms: 0.000041/0.000013/0.006433
Epoch 28/500 - recon_error: 6.503813 norms: 0.000041/0.000014/0.006854
Epoch 29/500 - recon_error: 6.503288 norms: 0.000041/0.000014/0.007286
Epoch 30/500 - recon_error: 6.502747 norms: 0.000040/0.000015/0.007730
Epoch 31/500 - recon_error: 6.502191 norms: 0.000040/0.000015/0.008186
Epoch 32/500 - recon_error: 6.501618 norms: 0.000040/0.000016/0.008652
Epoch 33/500 - recon_error: 6.501028 norms: 0.000040/0.000017/0.009130
Epoch 34/500 - recon_error: 6.500420 norms: 0.000040/0.000017/0.009618
Epoch 35/500 - recon_error: 6.499792 norms: 0.000039/0.000018/0.010117
Epoch 36/500 - recon_error: 6.499145 norms: 0.000039/0.000018/0.010627
Epoch 37/500 - recon_error: 6.498477 norms: 0.000039/0.000019/0.011147
Epoch 38/500 - recon_error: 6.497787 norms: 0.000039/0.000020/0.011677
Epoch 39/500 - recon_error: 6.497075 norms: 0.000038/0.000020/0.012218
Epoch 40/500 - recon_error: 6.496340 norms: 0.000038/0.000021/0.012769
Epoch 41/500 - recon_error: 6.495581 norms: 0.000038/0.000021/0.013330
Epoch 42/500 - recon_error: 6.494796 norms: 0.000038/0.000022/0.013900
Epoch 43/500 - recon_error: 6.493985 norms: 0.000037/0.000023/0.014481
Epoch 44/500 - recon_error: 6.493148 norms: 0.000037/0.000023/0.015071
Epoch 45/500 - recon_error: 6.492281 norms: 0.000037/0.000024/0.015670
Epoch 46/500 - recon_error: 6.491386 norms: 0.000037/0.000025/0.016279
Epoch 47/500 - recon_error: 6.490461 norms: 0.000037/0.000025/0.016898
Epoch 48/500 - recon_error: 6.489504 norms: 0.000036/0.000026/0.017525
Epoch 49/500 - recon_error: 6.488515 norms: 0.000036/0.000027/0.018162
Epoch 50/500 - recon_error: 6.487493 norms: 0.000036/0.000027/0.018808
Epoch 51/500 - recon_error: 6.486436 norms: 0.000036/0.000028/0.019462
Epoch 52/500 - recon_error: 6.485343 norms: 0.000036/0.000029/0.020126
Epoch 53/500 - recon_error: 6.484214 norms: 0.000035/0.000029/0.020798
Epoch 54/500 - recon_error: 6.483047 norms: 0.000035/0.000030/0.021479
Epoch 55/500 - recon_error: 6.481841 norms: 0.000035/0.000031/0.022168
Epoch 56/500 - recon_error: 6.480595 norms: 0.000035/0.000031/0.022866
Epoch 57/500 - recon_error: 6.479308 norms: 0.000035/0.000032/0.023572
Epoch 58/500 - recon_error: 6.477978 norms: 0.000034/0.000033/0.024286
Epoch 59/500 - recon_error: 6.476606 norms: 0.000034/0.000033/0.025008
Epoch 60/500 - recon_error: 6.475189 norms: 0.000034/0.000034/0.025739
Epoch 61/500 - recon_error: 6.473727 norms: 0.000034/0.000035/0.026477
Epoch 62/500 - recon_error: 6.472219 norms: 0.000034/0.000035/0.027224
Epoch 63/500 - recon_error: 6.470663 norms: 0.000033/0.000036/0.027978
Epoch 64/500 - recon_error: 6.469060 norms: 0.000033/0.000037/0.028740
Epoch 65/500 - recon_error: 6.467408 norms: 0.000033/0.000038/0.029509
Epoch 66/500 - recon_error: 6.465706 norms: 0.000033/0.000038/0.030286
Epoch 67/500 - recon_error: 6.463954 norms: 0.000033/0.000039/0.031071
Epoch 68/500 - recon_error: 6.462151 norms: 0.000032/0.000040/0.031863
Epoch 69/500 - recon_error: 6.460296 norms: 0.000032/0.000040/0.032662
Epoch 70/500 - recon_error: 6.458390 norms: 0.000032/0.000041/0.033469
Epoch 71/500 - recon_error: 6.456432 norms: 0.000032/0.000042/0.034282
Epoch 72/500 - recon_error: 6.454422 norms: 0.000032/0.000043/0.035103
Epoch 73/500 - recon_error: 6.452359 norms: 0.000032/0.000043/0.035931
Epoch 74/500 - recon_error: 6.450244 norms: 0.000031/0.000044/0.036766
Epoch 75/500 - recon_error: 6.448076 norms: 0.000031/0.000045/0.037607
Epoch 76/500 - recon_error: 6.445856 norms: 0.000031/0.000046/0.038456
Epoch 77/500 - recon_error: 6.443585 norms: 0.000031/0.000046/0.039311
Epoch 78/500 - recon_error: 6.441263 norms: 0.000031/0.000047/0.040173
Epoch 79/500 - recon_error: 6.438890 norms: 0.000031/0.000048/0.041041
Epoch 80/500 - recon_error: 6.436467 norms: 0.000030/0.000049/0.041916
Epoch 81/500 - recon_error: 6.433996 norms: 0.000030/0.000049/0.042798
Epoch 82/500 - recon_error: 6.431477 norms: 0.000030/0.000050/0.043686
Epoch 83/500 - recon_error: 6.428912 norms: 0.000030/0.000051/0.044580
Epoch 84/500 - recon_error: 6.426302 norms: 0.000030/0.000052/0.045481
Epoch 85/500 - recon_error: 6.423648 norms: 0.000030/0.000052/0.046387
Epoch 86/500 - recon_error: 6.420952 norms: 0.000029/0.000053/0.047300
Epoch 87/500 - recon_error: 6.418216 norms: 0.000029/0.000054/0.048219
Epoch 88/500 - recon_error: 6.415441 norms: 0.000029/0.000055/0.049145
Epoch 89/500 - recon_error: 6.412629 norms: 0.000029/0.000055/0.050076
Epoch 90/500 - recon_error: 6.409782 norms: 0.000029/0.000056/0.051013
Epoch 91/500 - recon_error: 6.406903 norms: 0.000029/0.000057/0.051955
Epoch 92/500 - recon_error: 6.403993 norms: 0.000028/0.000058/0.052904
Epoch 93/500 - recon_error: 6.401054 norms: 0.000028/0.000058/0.053858
Epoch 94/500 - recon_error: 6.398089 norms: 0.000028/0.000059/0.054819
Epoch 95/500 - recon_error: 6.395100 norms: 0.000028/0.000060/0.055784
Epoch 96/500 - recon_error: 6.392088 norms: 0.000028/0.000061/0.056756
Epoch 97/500 - recon_error: 6.389055 norms: 0.000028/0.000062/0.057732
Epoch 98/500 - recon_error: 6.386005 norms: 0.000028/0.000062/0.058715
Epoch 99/500 - recon_error: 6.382938 norms: 0.000027/0.000063/0.059703
Epoch 100/500 - recon_error: 6.379858 norms: 0.000027/0.000064/0.060696
Epoch 101/500 - recon_error: 6.376764 norms: 0.000027/0.000065/0.061694
Epoch 102/500 - recon_error: 6.373660 norms: 0.000027/0.000066/0.062698
Epoch 103/500 - recon_error: 6.370547 norms: 0.000027/0.000066/0.063707
Epoch 104/500 - recon_error: 6.367426 norms: 0.000027/0.000067/0.064721
Epoch 105/500 - recon_error: 6.364300 norms: 0.000027/0.000068/0.065740
Epoch 106/500 - recon_error: 6.361168 norms: 0.000026/0.000069/0.066765
Epoch 107/500 - recon_error: 6.358033 norms: 0.000026/0.000070/0.067794
Epoch 108/500 - recon_error: 6.354896 norms: 0.000026/0.000070/0.068828
Epoch 109/500 - recon_error: 6.351757 norms: 0.000026/0.000071/0.069868
Epoch 110/500 - recon_error: 6.348618 norms: 0.000026/0.000072/0.070912
Epoch 111/500 - recon_error: 6.345478 norms: 0.000026/0.000073/0.071961
Epoch 112/500 - recon_error: 6.342340 norms: 0.000026/0.000074/0.073015
Epoch 113/500 - recon_error: 6.339203 norms: 0.000026/0.000074/0.074073
Epoch 114/500 - recon_error: 6.336067 norms: 0.000025/0.000075/0.075137
Epoch 115/500 - recon_error: 6.332934 norms: 0.000025/0.000076/0.076205
Epoch 116/500 - recon_error: 6.329803 norms: 0.000025/0.000077/0.077277
Epoch 117/500 - recon_error: 6.326675 norms: 0.000025/0.000078/0.078355
Epoch 118/500 - recon_error: 6.323549 norms: 0.000025/0.000078/0.079436
Epoch 119/500 - recon_error: 6.320426 norms: 0.000025/0.000079/0.080523
Epoch 120/500 - recon_error: 6.317305 norms: 0.000025/0.000080/0.081614
Epoch 121/500 - recon_error: 6.314187 norms: 0.000025/0.000081/0.082709
Epoch 122/500 - recon_error: 6.311072 norms: 0.000024/0.000082/0.083808
Epoch 123/500 - recon_error: 6.307959 norms: 0.000024/0.000083/0.084912
Epoch 124/500 - recon_error: 6.304849 norms: 0.000024/0.000083/0.086021
Epoch 125/500 - recon_error: 6.301741 norms: 0.000024/0.000084/0.087133
Epoch 126/500 - recon_error: 6.298635 norms: 0.000024/0.000085/0.088250
Epoch 127/500 - recon_error: 6.295531 norms: 0.000024/0.000086/0.089371
Epoch 128/500 - recon_error: 6.292429 norms: 0.000024/0.000087/0.090496
Epoch 129/500 - recon_error: 6.289329 norms: 0.000024/0.000088/0.091625
Epoch 130/500 - recon_error: 6.286230 norms: 0.000023/0.000088/0.092759
Epoch 131/500 - recon_error: 6.283133 norms: 0.000023/0.000089/0.093896
Epoch 132/500 - recon_error: 6.280037 norms: 0.000023/0.000090/0.095037
Epoch 133/500 - recon_error: 6.276943 norms: 0.000023/0.000091/0.096183
Epoch 134/500 - recon_error: 6.273850 norms: 0.000023/0.000092/0.097332
Epoch 135/500 - recon_error: 6.270758 norms: 0.000023/0.000093/0.098485
Epoch 136/500 - recon_error: 6.267668 norms: 0.000023/0.000093/0.099642
Epoch 137/500 - recon_error: 6.264580 norms: 0.000023/0.000094/0.100803
Epoch 138/500 - recon_error: 6.261493 norms: 0.000023/0.000095/0.101968
Epoch 139/500 - recon_error: 6.258408 norms: 0.000023/0.000096/0.103137
Epoch 140/500 - recon_error: 6.255324 norms: 0.000022/0.000097/0.104309
Epoch 141/500 - recon_error: 6.252242 norms: 0.000022/0.000098/0.105485
Epoch 142/500 - recon_error: 6.249162 norms: 0.000022/0.000098/0.106665
Epoch 143/500 - recon_error: 6.246085 norms: 0.000022/0.000099/0.107848
Epoch 144/500 - recon_error: 6.243009 norms: 0.000022/0.000100/0.109035
Epoch 145/500 - recon_error: 6.239936 norms: 0.000022/0.000101/0.110225
Epoch 146/500 - recon_error: 6.236866 norms: 0.000022/0.000102/0.111419
Epoch 147/500 - recon_error: 6.233799 norms: 0.000022/0.000103/0.112617
Epoch 148/500 - recon_error: 6.230734 norms: 0.000022/0.000104/0.113818
Epoch 149/500 - recon_error: 6.227673 norms: 0.000022/0.000104/0.115023
Epoch 150/500 - recon_error: 6.224616 norms: 0.000021/0.000105/0.116231
Epoch 151/500 - recon_error: 6.221562 norms: 0.000021/0.000106/0.117442
Epoch 152/500 - recon_error: 6.218511 norms: 0.000021/0.000107/0.118657
Epoch 153/500 - recon_error: 6.215465 norms: 0.000021/0.000108/0.119875
Epoch 154/500 - recon_error: 6.212424 norms: 0.000021/0.000109/0.121097
Epoch 155/500 - recon_error: 6.209386 norms: 0.000021/0.000110/0.122321
Epoch 156/500 - recon_error: 6.206353 norms: 0.000021/0.000110/0.123549
Epoch 157/500 - recon_error: 6.203325 norms: 0.000021/0.000111/0.124781
Epoch 158/500 - recon_error: 6.200302 norms: 0.000021/0.000112/0.126015
Epoch 159/500 - recon_error: 6.197284 norms: 0.000021/0.000113/0.127253
Epoch 160/500 - recon_error: 6.194271 norms: 0.000021/0.000114/0.128493
Epoch 161/500 - recon_error: 6.191264 norms: 0.000021/0.000115/0.129737
Epoch 162/500 - recon_error: 6.188262 norms: 0.000020/0.000116/0.130984
Epoch 163/500 - recon_error: 6.185265 norms: 0.000020/0.000116/0.132234
Epoch 164/500 - recon_error: 6.182274 norms: 0.000020/0.000117/0.133488
Epoch 165/500 - recon_error: 6.179289 norms: 0.000020/0.000118/0.134744
Epoch 166/500 - recon_error: 6.176309 norms: 0.000020/0.000119/0.136003
Epoch 167/500 - recon_error: 6.173335 norms: 0.000020/0.000120/0.137265
Epoch 168/500 - recon_error: 6.170367 norms: 0.000020/0.000121/0.138530
Epoch 169/500 - recon_error: 6.167405 norms: 0.000020/0.000122/0.139798
Epoch 170/500 - recon_error: 6.164448 norms: 0.000020/0.000123/0.141069
Epoch 171/500 - recon_error: 6.161498 norms: 0.000020/0.000123/0.142343
Epoch 172/500 - recon_error: 6.158553 norms: 0.000020/0.000124/0.143620
Epoch 173/500 - recon_error: 6.155614 norms: 0.000020/0.000125/0.144899
Epoch 174/500 - recon_error: 6.152681 norms: 0.000020/0.000126/0.146182
Epoch 175/500 - recon_error: 6.149753 norms: 0.000019/0.000127/0.147467
Epoch 176/500 - recon_error: 6.146832 norms: 0.000019/0.000128/0.148755
Epoch 177/500 - recon_error: 6.143916 norms: 0.000019/0.000129/0.150045
Epoch 178/500 - recon_error: 6.141005 norms: 0.000019/0.000130/0.151339
Epoch 179/500 - recon_error: 6.138100 norms: 0.000019/0.000130/0.152635
Epoch 180/500 - recon_error: 6.135201 norms: 0.000019/0.000131/0.153934
Epoch 181/500 - recon_error: 6.132307 norms: 0.000019/0.000132/0.155235
Epoch 182/500 - recon_error: 6.129418 norms: 0.000019/0.000133/0.156539
Epoch 183/500 - recon_error: 6.126534 norms: 0.000019/0.000134/0.157846
Epoch 184/500 - recon_error: 6.123656 norms: 0.000019/0.000135/0.159155
Epoch 185/500 - recon_error: 6.120783 norms: 0.000019/0.000136/0.160467
Epoch 186/500 - recon_error: 6.117914 norms: 0.000019/0.000137/0.161781
Epoch 187/500 - recon_error: 6.115051 norms: 0.000019/0.000137/0.163098
Epoch 188/500 - recon_error: 6.112193 norms: 0.000019/0.000138/0.164417
Epoch 189/500 - recon_error: 6.109339 norms: 0.000018/0.000139/0.165739
Epoch 190/500 - recon_error: 6.106490 norms: 0.000018/0.000140/0.167063
Epoch 191/500 - recon_error: 6.103646 norms: 0.000018/0.000141/0.168390
Epoch 192/500 - recon_error: 6.100806 norms: 0.000018/0.000142/0.169719
Epoch 193/500 - recon_error: 6.097970 norms: 0.000018/0.000143/0.171051
Epoch 194/500 - recon_error: 6.095139 norms: 0.000018/0.000144/0.172385
Epoch 195/500 - recon_error: 6.092313 norms: 0.000018/0.000145/0.173721
Epoch 196/500 - recon_error: 6.089490 norms: 0.000018/0.000145/0.175060
Epoch 197/500 - recon_error: 6.086672 norms: 0.000018/0.000146/0.176401
Epoch 198/500 - recon_error: 6.083858 norms: 0.000018/0.000147/0.177744
Epoch 199/500 - recon_error: 6.081048 norms: 0.000018/0.000148/0.179090
Epoch 200/500 - recon_error: 6.078242 norms: 0.000018/0.000149/0.180438
Epoch 201/500 - recon_error: 6.075440 norms: 0.000018/0.000150/0.181788
Epoch 202/500 - recon_error: 6.072642 norms: 0.000018/0.000151/0.183140
Epoch 203/500 - recon_error: 6.069848 norms: 0.000018/0.000152/0.184495
Epoch 204/500 - recon_error: 6.067058 norms: 0.000018/0.000153/0.185851
Epoch 205/500 - recon_error: 6.064271 norms: 0.000018/0.000154/0.187210
Epoch 206/500 - recon_error: 6.061488 norms: 0.000018/0.000154/0.188572
Epoch 207/500 - recon_error: 6.058709 norms: 0.000017/0.000155/0.189935
Epoch 208/500 - recon_error: 6.055934 norms: 0.000017/0.000156/0.191300
Epoch 209/500 - recon_error: 6.053162 norms: 0.000017/0.000157/0.192668
Epoch 210/500 - recon_error: 6.050394 norms: 0.000017/0.000158/0.194038
Epoch 211/500 - recon_error: 6.047630 norms: 0.000017/0.000159/0.195409
Epoch 212/500 - recon_error: 6.044869 norms: 0.000017/0.000160/0.196783
Epoch 213/500 - recon_error: 6.042111 norms: 0.000017/0.000161/0.198159
Epoch 214/500 - recon_error: 6.039357 norms: 0.000017/0.000162/0.199537
Epoch 215/500 - recon_error: 6.036607 norms: 0.000017/0.000163/0.200917
Epoch 216/500 - recon_error: 6.033860 norms: 0.000017/0.000163/0.202299
Epoch 217/500 - recon_error: 6.031117 norms: 0.000017/0.000164/0.203682
Epoch 218/500 - recon_error: 6.028377 norms: 0.000017/0.000165/0.205068
Epoch 219/500 - recon_error: 6.025641 norms: 0.000017/0.000166/0.206456
Epoch 220/500 - recon_error: 6.022908 norms: 0.000017/0.000167/0.207846
Epoch 221/500 - recon_error: 6.020179 norms: 0.000017/0.000168/0.209237
Epoch 222/500 - recon_error: 6.017453 norms: 0.000017/0.000169/0.210631
Epoch 223/500 - recon_error: 6.014730 norms: 0.000017/0.000170/0.212026
Epoch 224/500 - recon_error: 6.012011 norms: 0.000017/0.000171/0.213424
Epoch 225/500 - recon_error: 6.009296 norms: 0.000017/0.000172/0.214823
Epoch 226/500 - recon_error: 6.006584 norms: 0.000017/0.000172/0.216224
Epoch 227/500 - recon_error: 6.003875 norms: 0.000017/0.000173/0.217627
Epoch 228/500 - recon_error: 6.001170 norms: 0.000017/0.000174/0.219031
Epoch 229/500 - recon_error: 5.998468 norms: 0.000017/0.000175/0.220438
Epoch 230/500 - recon_error: 5.995769 norms: 0.000016/0.000176/0.221846
Epoch 231/500 - recon_error: 5.993074 norms: 0.000016/0.000177/0.223256
Epoch 232/500 - recon_error: 5.990383 norms: 0.000016/0.000178/0.224668
Epoch 233/500 - recon_error: 5.987695 norms: 0.000016/0.000179/0.226081
Epoch 234/500 - recon_error: 5.985010 norms: 0.000016/0.000180/0.227497
Epoch 235/500 - recon_error: 5.982328 norms: 0.000016/0.000181/0.228914
Epoch 236/500 - recon_error: 5.979650 norms: 0.000016/0.000182/0.230332
Epoch 237/500 - recon_error: 5.976976 norms: 0.000016/0.000183/0.231753
Epoch 238/500 - recon_error: 5.974304 norms: 0.000016/0.000183/0.233175
Epoch 239/500 - recon_error: 5.971636 norms: 0.000016/0.000184/0.234599
Epoch 240/500 - recon_error: 5.968972 norms: 0.000016/0.000185/0.236024
Epoch 241/500 - recon_error: 5.966311 norms: 0.000016/0.000186/0.237451
Epoch 242/500 - recon_error: 5.963653 norms: 0.000016/0.000187/0.238880
Epoch 243/500 - recon_error: 5.960998 norms: 0.000016/0.000188/0.240310
Epoch 244/500 - recon_error: 5.958347 norms: 0.000016/0.000189/0.241742
Epoch 245/500 - recon_error: 5.955699 norms: 0.000016/0.000190/0.243175
Epoch 246/500 - recon_error: 5.953055 norms: 0.000016/0.000191/0.244610
Epoch 247/500 - recon_error: 5.950414 norms: 0.000016/0.000192/0.246047
Epoch 248/500 - recon_error: 5.947776 norms: 0.000016/0.000193/0.247485
Epoch 249/500 - recon_error: 5.945141 norms: 0.000016/0.000194/0.248924
Epoch 250/500 - recon_error: 5.942510 norms: 0.000016/0.000194/0.250366
Epoch 251/500 - recon_error: 5.939882 norms: 0.000016/0.000195/0.251808
Epoch 252/500 - recon_error: 5.937257 norms: 0.000016/0.000196/0.253252
Epoch 253/500 - recon_error: 5.934636 norms: 0.000016/0.000197/0.254698
Epoch 254/500 - recon_error: 5.932017 norms: 0.000016/0.000198/0.256145
Epoch 255/500 - recon_error: 5.929402 norms: 0.000016/0.000199/0.257594
Epoch 256/500 - recon_error: 5.926790 norms: 0.000016/0.000200/0.259044
Epoch 257/500 - recon_error: 5.924182 norms: 0.000016/0.000201/0.260495
Epoch 258/500 - recon_error: 5.921576 norms: 0.000016/0.000202/0.261948
Epoch 259/500 - recon_error: 5.918974 norms: 0.000016/0.000203/0.263403
Epoch 260/500 - recon_error: 5.916375 norms: 0.000016/0.000204/0.264858
Epoch 261/500 - recon_error: 5.913779 norms: 0.000016/0.000205/0.266316
Epoch 262/500 - recon_error: 5.911186 norms: 0.000016/0.000205/0.267774
Epoch 263/500 - recon_error: 5.908596 norms: 0.000016/0.000206/0.269234
Epoch 264/500 - recon_error: 5.906009 norms: 0.000016/0.000207/0.270695
Epoch 265/500 - recon_error: 5.903426 norms: 0.000016/0.000208/0.272158
Epoch 266/500 - recon_error: 5.900845 norms: 0.000016/0.000209/0.273622
Epoch 267/500 - recon_error: 5.898268 norms: 0.000016/0.000210/0.275087
Epoch 268/500 - recon_error: 5.895693 norms: 0.000015/0.000211/0.276554
Epoch 269/500 - recon_error: 5.893122 norms: 0.000015/0.000212/0.278022
Epoch 270/500 - recon_error: 5.890554 norms: 0.000015/0.000213/0.279491
Epoch 271/500 - recon_error: 5.887988 norms: 0.000015/0.000214/0.280962
Epoch 272/500 - recon_error: 5.885426 norms: 0.000015/0.000215/0.282433
Epoch 273/500 - recon_error: 5.882867 norms: 0.000015/0.000216/0.283906
Epoch 274/500 - recon_error: 5.880310 norms: 0.000015/0.000217/0.285381
Epoch 275/500 - recon_error: 5.877757 norms: 0.000015/0.000218/0.286856
Epoch 276/500 - recon_error: 5.875207 norms: 0.000015/0.000218/0.288333
Epoch 277/500 - recon_error: 5.872659 norms: 0.000015/0.000219/0.289811
Epoch 278/500 - recon_error: 5.870115 norms: 0.000015/0.000220/0.291290
Epoch 279/500 - recon_error: 5.867573 norms: 0.000015/0.000221/0.292771
Epoch 280/500 - recon_error: 5.865035 norms: 0.000015/0.000222/0.294252
Epoch 281/500 - recon_error: 5.862499 norms: 0.000015/0.000223/0.295735
Epoch 282/500 - recon_error: 5.859967 norms: 0.000015/0.000224/0.297219
Epoch 283/500 - recon_error: 5.857437 norms: 0.000015/0.000225/0.298705
Epoch 284/500 - recon_error: 5.854910 norms: 0.000015/0.000226/0.300191
Epoch 285/500 - recon_error: 5.852386 norms: 0.000015/0.000227/0.301678
Epoch 286/500 - recon_error: 5.849865 norms: 0.000015/0.000228/0.303167
Epoch 287/500 - recon_error: 5.847347 norms: 0.000015/0.000229/0.304657
Epoch 288/500 - recon_error: 5.844832 norms: 0.000015/0.000230/0.306148
Epoch 289/500 - recon_error: 5.842319 norms: 0.000015/0.000231/0.307640
Epoch 290/500 - recon_error: 5.839810 norms: 0.000015/0.000231/0.309133
Epoch 291/500 - recon_error: 5.837303 norms: 0.000015/0.000232/0.310627
Epoch 292/500 - recon_error: 5.834800 norms: 0.000015/0.000233/0.312122
Epoch 293/500 - recon_error: 5.832299 norms: 0.000015/0.000234/0.313619
Epoch 294/500 - recon_error: 5.829801 norms: 0.000015/0.000235/0.315116
Epoch 295/500 - recon_error: 5.827307 norms: 0.000015/0.000236/0.316615
Epoch 296/500 - recon_error: 5.824815 norms: 0.000015/0.000237/0.318114
Epoch 297/500 - recon_error: 5.822326 norms: 0.000015/0.000238/0.319615
Epoch 298/500 - recon_error: 5.819839 norms: 0.000015/0.000239/0.321116
Epoch 299/500 - recon_error: 5.817356 norms: 0.000015/0.000240/0.322619
Epoch 300/500 - recon_error: 5.814876 norms: 0.000015/0.000241/0.324123
Epoch 301/500 - recon_error: 5.812399 norms: 0.000015/0.000242/0.325627
Epoch 302/500 - recon_error: 5.809924 norms: 0.000015/0.000243/0.327133
Epoch 303/500 - recon_error: 5.807453 norms: 0.000015/0.000244/0.328640
Epoch 304/500 - recon_error: 5.804984 norms: 0.000015/0.000245/0.330147
Epoch 305/500 - recon_error: 5.802519 norms: 0.000015/0.000246/0.331656
Epoch 306/500 - recon_error: 5.800057 norms: 0.000015/0.000246/0.333165
Epoch 307/500 - recon_error: 5.797597 norms: 0.000015/0.000247/0.334676
Epoch 308/500 - recon_error: 5.795141 norms: 0.000015/0.000248/0.336187
Epoch 309/500 - recon_error: 5.792687 norms: 0.000015/0.000249/0.337700
Epoch 310/500 - recon_error: 5.790237 norms: 0.000015/0.000250/0.339213
Epoch 311/500 - recon_error: 5.787789 norms: 0.000015/0.000251/0.340728
Epoch 312/500 - recon_error: 5.785345 norms: 0.000015/0.000252/0.342243
Epoch 313/500 - recon_error: 5.782904 norms: 0.000015/0.000253/0.343759
Epoch 314/500 - recon_error: 5.780466 norms: 0.000015/0.000254/0.345276
Epoch 315/500 - recon_error: 5.778031 norms: 0.000015/0.000255/0.346794
Epoch 316/500 - recon_error: 5.775599 norms: 0.000015/0.000256/0.348313
Epoch 317/500 - recon_error: 5.773170 norms: 0.000015/0.000257/0.349833
Epoch 318/500 - recon_error: 5.770745 norms: 0.000015/0.000258/0.351353
Epoch 319/500 - recon_error: 5.768322 norms: 0.000015/0.000259/0.352875
Epoch 320/500 - recon_error: 5.765903 norms: 0.000015/0.000260/0.354397
Epoch 321/500 - recon_error: 5.763487 norms: 0.000015/0.000261/0.355920
Epoch 322/500 - recon_error: 5.761074 norms: 0.000015/0.000261/0.357444
Epoch 323/500 - recon_error: 5.758665 norms: 0.000015/0.000262/0.358969
Epoch 324/500 - recon_error: 5.756259 norms: 0.000015/0.000263/0.360495
Epoch 325/500 - recon_error: 5.753856 norms: 0.000015/0.000264/0.362021
Epoch 326/500 - recon_error: 5.751456 norms: 0.000015/0.000265/0.363548
Epoch 327/500 - recon_error: 5.749060 norms: 0.000015/0.000266/0.365077
Epoch 328/500 - recon_error: 5.746667 norms: 0.000015/0.000267/0.366606
Epoch 329/500 - recon_error: 5.744277 norms: 0.000015/0.000268/0.368135
Epoch 330/500 - recon_error: 5.741891 norms: 0.000015/0.000269/0.369666
Epoch 331/500 - recon_error: 5.739508 norms: 0.000015/0.000270/0.371197
Epoch 332/500 - recon_error: 5.737129 norms: 0.000015/0.000271/0.372729
Epoch 333/500 - recon_error: 5.734753 norms: 0.000015/0.000272/0.374262
Epoch 334/500 - recon_error: 5.732380 norms: 0.000015/0.000273/0.375796
Epoch 335/500 - recon_error: 5.730012 norms: 0.000015/0.000274/0.377330
Epoch 336/500 - recon_error: 5.727646 norms: 0.000015/0.000275/0.378865
Epoch 337/500 - recon_error: 5.725284 norms: 0.000015/0.000276/0.380401
Epoch 338/500 - recon_error: 5.722926 norms: 0.000015/0.000277/0.381938
Epoch 339/500 - recon_error: 5.720571 norms: 0.000015/0.000277/0.383475
Epoch 340/500 - recon_error: 5.718220 norms: 0.000015/0.000278/0.385013
Epoch 341/500 - recon_error: 5.715873 norms: 0.000015/0.000279/0.386552
Epoch 342/500 - recon_error: 5.713529 norms: 0.000015/0.000280/0.388091
Epoch 343/500 - recon_error: 5.711189 norms: 0.000015/0.000281/0.389632
Epoch 344/500 - recon_error: 5.708853 norms: 0.000015/0.000282/0.391172
Epoch 345/500 - recon_error: 5.706520 norms: 0.000015/0.000283/0.392714
Epoch 346/500 - recon_error: 5.704191 norms: 0.000015/0.000284/0.394256
Epoch 347/500 - recon_error: 5.701866 norms: 0.000015/0.000285/0.395799
Epoch 348/500 - recon_error: 5.699545 norms: 0.000015/0.000286/0.397343
Epoch 349/500 - recon_error: 5.697227 norms: 0.000015/0.000287/0.398887
Epoch 350/500 - recon_error: 5.694914 norms: 0.000015/0.000288/0.400432
Epoch 351/500 - recon_error: 5.692604 norms: 0.000015/0.000289/0.401978
Epoch 352/500 - recon_error: 5.690298 norms: 0.000015/0.000290/0.403524
Epoch 353/500 - recon_error: 5.687996 norms: 0.000015/0.000291/0.405071
Epoch 354/500 - recon_error: 5.685698 norms: 0.000015/0.000292/0.406619
Epoch 355/500 - recon_error: 5.683404 norms: 0.000015/0.000293/0.408167
Epoch 356/500 - recon_error: 5.681114 norms: 0.000015/0.000293/0.409716
Epoch 357/500 - recon_error: 5.678828 norms: 0.000015/0.000294/0.411265
Epoch 358/500 - recon_error: 5.676546 norms: 0.000015/0.000295/0.412815
Epoch 359/500 - recon_error: 5.674268 norms: 0.000015/0.000296/0.414366
Epoch 360/500 - recon_error: 5.671994 norms: 0.000015/0.000297/0.415917
Epoch 361/500 - recon_error: 5.669724 norms: 0.000016/0.000298/0.417469
Epoch 362/500 - recon_error: 5.667458 norms: 0.000016/0.000299/0.419021
Epoch 363/500 - recon_error: 5.665197 norms: 0.000016/0.000300/0.420574
Epoch 364/500 - recon_error: 5.662940 norms: 0.000016/0.000301/0.422128
Epoch 365/500 - recon_error: 5.660686 norms: 0.000016/0.000302/0.423682
Epoch 366/500 - recon_error: 5.658437 norms: 0.000016/0.000303/0.425237
Epoch 367/500 - recon_error: 5.656192 norms: 0.000016/0.000304/0.426793
Epoch 368/500 - recon_error: 5.653952 norms: 0.000016/0.000305/0.428348
Epoch 369/500 - recon_error: 5.651716 norms: 0.000016/0.000306/0.429905
Epoch 370/500 - recon_error: 5.649484 norms: 0.000016/0.000307/0.431462
Epoch 371/500 - recon_error: 5.647256 norms: 0.000016/0.000308/0.433020
Epoch 372/500 - recon_error: 5.645032 norms: 0.000016/0.000309/0.434578
Epoch 373/500 - recon_error: 5.642813 norms: 0.000016/0.000310/0.436136
Epoch 374/500 - recon_error: 5.640599 norms: 0.000016/0.000310/0.437696
Epoch 375/500 - recon_error: 5.638388 norms: 0.000016/0.000311/0.439255
Epoch 376/500 - recon_error: 5.636182 norms: 0.000016/0.000312/0.440815
Epoch 377/500 - recon_error: 5.633981 norms: 0.000016/0.000313/0.442376
Epoch 378/500 - recon_error: 5.631784 norms: 0.000016/0.000314/0.443938
Epoch 379/500 - recon_error: 5.629591 norms: 0.000016/0.000315/0.445499
Epoch 380/500 - recon_error: 5.627403 norms: 0.000016/0.000316/0.447062
Epoch 381/500 - recon_error: 5.625219 norms: 0.000016/0.000317/0.448624
Epoch 382/500 - recon_error: 5.623040 norms: 0.000016/0.000318/0.450188
Epoch 383/500 - recon_error: 5.620866 norms: 0.000016/0.000319/0.451751
Epoch 384/500 - recon_error: 5.618695 norms: 0.000016/0.000320/0.453316
Epoch 385/500 - recon_error: 5.616530 norms: 0.000016/0.000321/0.454880
Epoch 386/500 - recon_error: 5.614369 norms: 0.000016/0.000322/0.456445
Epoch 387/500 - recon_error: 5.612213 norms: 0.000016/0.000323/0.458011
Epoch 388/500 - recon_error: 5.610061 norms: 0.000016/0.000324/0.459577
Epoch 389/500 - recon_error: 5.607914 norms: 0.000016/0.000325/0.461144
Epoch 390/500 - recon_error: 5.605771 norms: 0.000016/0.000326/0.462711
Epoch 391/500 - recon_error: 5.603633 norms: 0.000016/0.000327/0.464278
Epoch 392/500 - recon_error: 5.601500 norms: 0.000016/0.000327/0.465846
Epoch 393/500 - recon_error: 5.599371 norms: 0.000016/0.000328/0.467415
Epoch 394/500 - recon_error: 5.597247 norms: 0.000016/0.000329/0.468983
Epoch 395/500 - recon_error: 5.595128 norms: 0.000016/0.000330/0.470553
Epoch 396/500 - recon_error: 5.593013 norms: 0.000016/0.000331/0.472122
Epoch 397/500 - recon_error: 5.590904 norms: 0.000016/0.000332/0.473693
Epoch 398/500 - recon_error: 5.588799 norms: 0.000016/0.000333/0.475263
Epoch 399/500 - recon_error: 5.586698 norms: 0.000016/0.000334/0.476834
Epoch 400/500 - recon_error: 5.584603 norms: 0.000016/0.000335/0.478405
Epoch 401/500 - recon_error: 5.582512 norms: 0.000016/0.000336/0.479977
Epoch 402/500 - recon_error: 5.580426 norms: 0.000016/0.000337/0.481549
Epoch 403/500 - recon_error: 5.578345 norms: 0.000016/0.000338/0.483122
Epoch 404/500 - recon_error: 5.576268 norms: 0.000016/0.000339/0.484695
Epoch 405/500 - recon_error: 5.574197 norms: 0.000016/0.000340/0.486268
Epoch 406/500 - recon_error: 5.572130 norms: 0.000016/0.000341/0.487842
Epoch 407/500 - recon_error: 5.570068 norms: 0.000016/0.000342/0.489416
Epoch 408/500 - recon_error: 5.568011 norms: 0.000016/0.000343/0.490990
Epoch 409/500 - recon_error: 5.565959 norms: 0.000016/0.000344/0.492565
Epoch 410/500 - recon_error: 5.563911 norms: 0.000016/0.000345/0.494140
Epoch 411/500 - recon_error: 5.561869 norms: 0.000017/0.000345/0.495716
Epoch 412/500 - recon_error: 5.559831 norms: 0.000017/0.000346/0.497292
Epoch 413/500 - recon_error: 5.557798 norms: 0.000017/0.000347/0.498868
Epoch 414/500 - recon_error: 5.555770 norms: 0.000017/0.000348/0.500445
Epoch 415/500 - recon_error: 5.553747 norms: 0.000017/0.000349/0.502022
Epoch 416/500 - recon_error: 5.551729 norms: 0.000017/0.000350/0.503599
Epoch 417/500 - recon_error: 5.549716 norms: 0.000017/0.000351/0.505177
Epoch 418/500 - recon_error: 5.547708 norms: 0.000017/0.000352/0.506755
Epoch 419/500 - recon_error: 5.545705 norms: 0.000017/0.000353/0.508333
Epoch 420/500 - recon_error: 5.543706 norms: 0.000017/0.000354/0.509912
Epoch 421/500 - recon_error: 5.541713 norms: 0.000017/0.000355/0.511491
Epoch 422/500 - recon_error: 5.539724 norms: 0.000017/0.000356/0.513070
Epoch 423/500 - recon_error: 5.537741 norms: 0.000017/0.000357/0.514650
Epoch 424/500 - recon_error: 5.535762 norms: 0.000017/0.000358/0.516230
Epoch 425/500 - recon_error: 5.533788 norms: 0.000017/0.000359/0.517810
Epoch 426/500 - recon_error: 5.531819 norms: 0.000017/0.000360/0.519391
Epoch 427/500 - recon_error: 5.529856 norms: 0.000017/0.000361/0.520972
Epoch 428/500 - recon_error: 5.527897 norms: 0.000017/0.000362/0.522553
Epoch 429/500 - recon_error: 5.525943 norms: 0.000017/0.000363/0.524135
Epoch 430/500 - recon_error: 5.523994 norms: 0.000017/0.000363/0.525716
Epoch 431/500 - recon_error: 5.522050 norms: 0.000017/0.000364/0.527298
Epoch 432/500 - recon_error: 5.520111 norms: 0.000017/0.000365/0.528881
Epoch 433/500 - recon_error: 5.518178 norms: 0.000017/0.000366/0.530463
Epoch 434/500 - recon_error: 5.516249 norms: 0.000017/0.000367/0.532046
Epoch 435/500 - recon_error: 5.514325 norms: 0.000017/0.000368/0.533630
Epoch 436/500 - recon_error: 5.512406 norms: 0.000017/0.000369/0.535213
Epoch 437/500 - recon_error: 5.510492 norms: 0.000017/0.000370/0.536797
Epoch 438/500 - recon_error: 5.508583 norms: 0.000017/0.000371/0.538381
Epoch 439/500 - recon_error: 5.506679 norms: 0.000017/0.000372/0.539965
Epoch 440/500 - recon_error: 5.504780 norms: 0.000017/0.000373/0.541550
Epoch 441/500 - recon_error: 5.502886 norms: 0.000017/0.000374/0.543135
Epoch 442/500 - recon_error: 5.500997 norms: 0.000017/0.000375/0.544720
Epoch 443/500 - recon_error: 5.499113 norms: 0.000017/0.000376/0.546305
Epoch 444/500 - recon_error: 5.497234 norms: 0.000017/0.000377/0.547891
Epoch 445/500 - recon_error: 5.495360 norms: 0.000017/0.000378/0.549476
Epoch 446/500 - recon_error: 5.493490 norms: 0.000017/0.000379/0.551062
Epoch 447/500 - recon_error: 5.491626 norms: 0.000017/0.000380/0.552649
Epoch 448/500 - recon_error: 5.489767 norms: 0.000018/0.000381/0.554235
Epoch 449/500 - recon_error: 5.487913 norms: 0.000018/0.000381/0.555822
Epoch 450/500 - recon_error: 5.486064 norms: 0.000018/0.000382/0.557409
Epoch 451/500 - recon_error: 5.484220 norms: 0.000018/0.000383/0.558996
Epoch 452/500 - recon_error: 5.482381 norms: 0.000018/0.000384/0.560583
Epoch 453/500 - recon_error: 5.480547 norms: 0.000018/0.000385/0.562171
Epoch 454/500 - recon_error: 5.478718 norms: 0.000018/0.000386/0.563759
Epoch 455/500 - recon_error: 5.476893 norms: 0.000018/0.000387/0.565347
Epoch 456/500 - recon_error: 5.475074 norms: 0.000018/0.000388/0.566935
Epoch 457/500 - recon_error: 5.473260 norms: 0.000018/0.000389/0.568524
Epoch 458/500 - recon_error: 5.471451 norms: 0.000018/0.000390/0.570112
Epoch 459/500 - recon_error: 5.469646 norms: 0.000018/0.000391/0.571701
Epoch 460/500 - recon_error: 5.467847 norms: 0.000018/0.000392/0.573290
Epoch 461/500 - recon_error: 5.466053 norms: 0.000018/0.000393/0.574880
Epoch 462/500 - recon_error: 5.464263 norms: 0.000018/0.000394/0.576469
Epoch 463/500 - recon_error: 5.462479 norms: 0.000018/0.000395/0.578059
Epoch 464/500 - recon_error: 5.460699 norms: 0.000018/0.000396/0.579649
Epoch 465/500 - recon_error: 5.458925 norms: 0.000018/0.000397/0.581239
Epoch 466/500 - recon_error: 5.457155 norms: 0.000018/0.000398/0.582829
Epoch 467/500 - recon_error: 5.455390 norms: 0.000018/0.000398/0.584419
Epoch 468/500 - recon_error: 5.453630 norms: 0.000018/0.000399/0.586010
Epoch 469/500 - recon_error: 5.451876 norms: 0.000018/0.000400/0.587600
Epoch 470/500 - recon_error: 5.450126 norms: 0.000018/0.000401/0.589191
Epoch 471/500 - recon_error: 5.448381 norms: 0.000018/0.000402/0.590782
Epoch 472/500 - recon_error: 5.446641 norms: 0.000018/0.000403/0.592374
Epoch 473/500 - recon_error: 5.444905 norms: 0.000018/0.000404/0.593965
Epoch 474/500 - recon_error: 5.443175 norms: 0.000018/0.000405/0.595557
Epoch 475/500 - recon_error: 5.441450 norms: 0.000018/0.000406/0.597148
Epoch 476/500 - recon_error: 5.439729 norms: 0.000018/0.000407/0.598740
Epoch 477/500 - recon_error: 5.438013 norms: 0.000018/0.000408/0.600332
Epoch 478/500 - recon_error: 5.436303 norms: 0.000018/0.000409/0.601924
Epoch 479/500 - recon_error: 5.434597 norms: 0.000018/0.000410/0.603516
Epoch 480/500 - recon_error: 5.432896 norms: 0.000019/0.000411/0.605109
Epoch 481/500 - recon_error: 5.431200 norms: 0.000019/0.000412/0.606701
Epoch 482/500 - recon_error: 5.429508 norms: 0.000019/0.000413/0.608294
Epoch 483/500 - recon_error: 5.427822 norms: 0.000019/0.000414/0.609887
Epoch 484/500 - recon_error: 5.426140 norms: 0.000019/0.000415/0.611480
Epoch 485/500 - recon_error: 5.424463 norms: 0.000019/0.000416/0.613073
Epoch 486/500 - recon_error: 5.422791 norms: 0.000019/0.000416/0.614666
Epoch 487/500 - recon_error: 5.421124 norms: 0.000019/0.000417/0.616260
Epoch 488/500 - recon_error: 5.419462 norms: 0.000019/0.000418/0.617853
Epoch 489/500 - recon_error: 5.417804 norms: 0.000019/0.000419/0.619447
Epoch 490/500 - recon_error: 5.416151 norms: 0.000019/0.000420/0.621040
Epoch 491/500 - recon_error: 5.414503 norms: 0.000019/0.000421/0.622634
Epoch 492/500 - recon_error: 5.412860 norms: 0.000019/0.000422/0.624228
Epoch 493/500 - recon_error: 5.411221 norms: 0.000019/0.000423/0.625822
Epoch 494/500 - recon_error: 5.409588 norms: 0.000019/0.000424/0.627416
Epoch 495/500 - recon_error: 5.407959 norms: 0.000019/0.000425/0.629010
Epoch 496/500 - recon_error: 5.406334 norms: 0.000019/0.000426/0.630605
Epoch 497/500 - recon_error: 5.404715 norms: 0.000019/0.000427/0.632199
Epoch 498/500 - recon_error: 5.403100 norms: 0.000019/0.000428/0.633794
Epoch 499/500 - recon_error: 5.401490 norms: 0.000019/0.000429/0.635388
Epoch 500/500 - recon_error: 5.399885 norms: 0.000019/0.000430/0.636983
Training is done after 34331.078676 seconds
	***Mean: H=0.308395880 Std: H= 0.022158065
Elapsed time is 34338.610430 seconds.
