nohup: ignoring input

                            < M A T L A B (R) >
                  Copyright 1984-2016 The MathWorks, Inc.
                   R2016a (9.0.0.341360) 64-bit (glnxa64)
                             February 11, 2016

 
To get started, type one of these: helpwin, helpdesk, or demo.
For product information, visit www.mathworks.com.
 

	Academic License

Start learning ...
Init data [Dtype: delicious - Dspec: sp1/2550]
Init social model
Using adagrad ...
Could not use CUDA
Params [lbd-U: 1.0000|lbd-V: 10.0000|lbd-N: 1.0000|lbd-Q: 0.1000]
Staring Sample 1 - Loc: save/ctr/delicious-alg80-sp1-cold20170221214430128 
CTR(chongwang) Running ...

iter time likelihood:[r:u:v] converge
0001 000155 -13038.50000:[0.00000:0.00000:-0.00000] 1.0000000000
0002 000304 -12375.45585:[1504.88719:-243.16505:-120.04191] 0.0508527937
0003 000385 -12200.76927:[2024.73349:-363.07416:-297.80956] 0.0141155677
0004 000481 -11879.44677:[3326.35937:-726.02293:-796.29060] 0.0263362486
0005 000562 -11555.62415:[5259.00587:-1384.84434:-1432.16340] 0.0272590661
0006 000643 -11441.18390:[6510.57342:-1899.72985:-1783.92930] 0.0099034242
0007 000723 -11417.93489:[6982.50735:-2109.98462:-1912.73163] 0.0020320458
0008 000821 -11412.57161:[7141.12820:-2179.39959:-1958.32758] 0.0004697244
0009 000902 -11411.92202:[7198.04184:-2202.16487:-1976.91874] 0.0000569189
0010 001008 -11413.52555:[7220.05536:-2209.68848:-1986.25877] 0.0001405141
0011 001119 -11416.50731:[7228.15950:-2211.73050:-1991.95903] 0.0002612481
0012 001199 -11420.36581:[7229.67669:-2211.50111:-1995.94925] 0.0003379757
0013 001280 -11424.76705:[7227.60251:-2210.18765:-1998.98579] 0.0003853851
0014 001396 -11429.48066:[7223.39182:-2208.29979:-2001.41377] 0.0004125776
0015 001485 -11434.34634:[7217.85976:-2206.09115:-2003.41525] 0.0004257135
0016 001565 -11439.25243:[7211.51039:-2203.70417:-2005.09842] 0.0004290662
0017 001646 -11444.12126:[7204.67522:-2201.22599:-2006.53355] 0.0004256247
0018 001727 -11448.89898:[7197.58073:-2198.71301:-2007.76932] 0.0004174828
0019 001807 -11453.54841:[7190.38562:-2196.20309:-2008.84108] 0.0004061021
0020 001898 -11458.04385:[7183.20327:-2193.72236:-2009.77537] 0.0003924934
0021 001983 -11462.36752:[7176.11618:-2191.28922:-2010.59270] 0.0003773484
0022 002063 -11466.50707:[7169.18555:-2188.91700:-2011.30935] 0.0003611422
0023 002144 -11470.45399:[7162.45754:-2186.61565:-2011.93855] 0.0003442131
0024 002251 -11474.20273:[7155.96734:-2184.39274:-2012.49135] 0.0003268169
0025 002334 -11477.75008:[7149.74166:-2182.25412:-2012.97710] 0.0003091585
0026 002414 -11481.09478:[7143.80046:-2180.20426:-2013.40386] 0.0002914073
0027 002494 -11484.23722:[7138.15809:-2178.24647:-2013.77863] 0.0002737057
0028 002575 -11487.17917:[7132.82424:-2176.38308:-2014.10754] 0.0002561731
0029 002655 -11489.92356:[7127.80464:-2174.61557:-2014.39597] 0.0002389089
0030 002736 -11492.47424:[7123.10183:-2172.94470:-2014.64874] 0.0002219926
0031 002817 -11494.83574:[7118.71581:-2171.37064:-2014.87014] 0.0002054825
0032 002897 -11497.01310:[7114.64458:-2169.89310:-2015.06406] 0.0001894208
0033 002978 -11499.01178:[7110.88457:-2168.51142:-2015.23405] 0.0001738436
0034 003058 -11500.83768:[7107.43077:-2167.22461:-2015.38335] 0.0001587871
0035 003139 -11502.49710:[7104.27676:-2166.03131:-2015.51492] 0.0001442871
0036 003219 -11503.99669:[7101.41486:-2164.92979:-2015.63143] 0.0001303708
0037 003300 -11505.34324:[7098.83638:-2163.91796:-2015.73519] 0.0001170509
0038 003380 -11506.54359:[7096.53184:-2162.99341:-2015.82820] 0.0001043296
0039 003461 -11507.60462:[7094.49108:-2162.15349:-2015.91213] 0.0000922116
0040 003541 -11508.53339:[7092.70316:-2161.39528:-2015.98844] 0.0000807089
0041 003623 -11509.33701:[7091.15648:-2160.71562:-2016.05835] 0.0000698284
0042 003703 -11510.02258:[7089.83897:-2160.11110:-2016.12285] 0.0000595659
0043 003785 -11510.59702:[7088.73844:-2159.57823:-2016.18280] 0.0000499077
0044 003865 -11511.06707:[7087.84283:-2159.11350:-2016.23897] 0.0000408364
0045 003945 -11511.43933:[7087.14030:-2158.71346:-2016.29211] 0.0000323397
0046 004025 -11511.72037:[7086.61919:-2158.37475:-2016.34300] 0.0000244138
0047 004104 -11511.91672:[7086.26793:-2158.09406:-2016.39241] 0.0000170566
0048 004184 -11512.03488:[7086.07504:-2157.86812:-2016.44111] 0.0000102644
0049 004264 -11512.08127:[7086.02907:-2157.69365:-2016.48979] 0.0000040296
Start evaluating ...
  Columns 1 through 7

    0.0502    0.0654    0.0701    0.0740    0.0771    0.0789    0.0808

  Columns 8 through 10

    0.0820    0.0832    0.0840

    0.0081

Elapsed time is 4323.168094 seconds.
