nohup: ignoring input

                            < M A T L A B (R) >
                  Copyright 1984-2016 The MathWorks, Inc.
                   R2016a (9.0.0.341360) 64-bit (glnxa64)
                             February 11, 2016

 
To get started, type one of these: helpwin, helpdesk, or demo.
For product information, visit www.mathworks.com.
 

	Academic License

Start learning ...
Init data [Dtype: delicious - Dspec: sp1/2550]
Init social model
Using adagrad ...
Load pretrained shallow-model...
Could not use CUDA
Params [lbd-U: 1.0000|lbd-V: 0.1000|lbd-N: 1.0000|lbd-Q: 0.1000]
Staring Sample 1 - Loc: save/bcdl/delicious-alg61-sp1-cold20170221131600948 
CTR(chongwang)-DAE(User graph) Running - Walks(1)...
-1/200: 449950.061715/14169.080661/435780.981054/1.000000000
-2/200: 438298.173530/3221.810715/435076.362815/0.025895959
-3/200: 438007.415257/2853.235164/435154.180093/0.000663380
-4/200: 437920.101396/2738.212177/435181.889219/0.000199343
-5/200: 437846.698973/2674.612762/435172.086211/0.000167616
-6/200: 437809.983689/2636.864541/435173.119148/0.000083854
-7/200: 437807.937215/2613.123867/435194.813348/0.000004674
-8/200: 437797.250158/2597.398037/435199.852121/0.000024410
-9/200: 437783.293392/2586.469702/435196.823690/0.000031880
-10/200: 437778.949586/2578.531238/435200.418348/0.000009922
-11/200: 437765.878754/2572.532987/435193.345767/0.000029857
-12/200: 437755.369395/2567.844787/435187.524608/0.000024007
-13/200: 437763.704304/2564.072291/435199.632013/0.000019040
-14/200: 437766.437627/2560.965997/435205.471630/0.000006244
-15/200: 437755.636916/2558.362502/435197.274414/0.000024672
-16/200: 437754.841522/2556.145451/435198.696071/0.000001817
-17/200: 437760.925150/2554.236120/435206.689030/0.000013897
-18/200: 437772.709762/2552.576048/435220.133714/0.000026920
-19/200: 437762.830097/2551.123444/435211.706653/0.000022568
-20/200: 437765.167923/2549.841771/435215.326152/0.000005340
-21/200: 437752.137861/2548.708754/435203.429107/0.000029765
-22/200: 437766.369757/2547.700860/435218.668897/0.000032511
-23/200: 437770.993046/2546.800292/435224.192754/0.000010561
-24/200: 437776.390581/2545.994063/435230.396518/0.000012330
-25/200: 437764.783089/2545.270524/435219.512565/0.000026515
-26/200: 437765.776354/2544.619655/435221.156699/0.000002269
-27/200: 437760.668224/2544.030581/435216.637643/0.000011669
-28/200: 437780.730680/2543.496817/435237.233863/0.000045830
-29/200: 437778.488696/2543.013176/435235.475520/0.000005121
-30/200: 437771.828085/2542.575331/435229.252754/0.000015215
-31/200: 437771.809950/2542.175199/435229.634751/0.000000041
-32/200: 437779.246616/2541.811467/435237.435149/0.000016988
-33/200: 437755.700052/2541.478676/435214.221376/0.000053786
-34/200: 437778.985998/2541.175236/435237.810762/0.000053194
-35/200: 437760.487796/2540.896473/435219.591323/0.000042255
-36/200: 437775.600681/2540.641318/435234.959363/0.000034523
-37/200: 437777.095049/2540.407215/435236.687834/0.000003414
-38/200: 437772.144317/2540.191342/435231.952975/0.000011309
-39/200: 437778.657726/2539.992816/435238.664910/0.000014879
-40/200: 437775.664114/2539.810274/435235.853840/0.000006838
-41/200: 437789.005423/2539.642670/435249.362753/0.000030475
-42/200: 437790.589084/2539.487636/435251.101448/0.000003617
-43/200: 437787.476302/2539.344484/435248.131818/0.000007110
-44/200: 437789.733779/2539.210974/435250.522805/0.000005157
-45/200: 437787.382543/2539.087707/435248.294836/0.000005371
-46/200: 437787.533989/2538.974762/435248.559227/0.000000346
-47/200: 437794.561930/2538.869515/435255.692415/0.000016053
-48/200: 437793.814546/2538.772441/435255.042105/0.000001707
-49/200: 437783.233420/2538.683210/435244.550210/0.000024169
-50/200: 437787.488634/2538.600153/435248.888481/0.000009720
-51/200: 437787.847418/2538.522424/435249.324994/0.000000820
-52/200: 437802.674765/2538.450392/435264.224373/0.000033869
-53/200: 437788.218347/2538.385236/435249.833111/0.000033020
-54/200: 437794.596622/2538.325912/435256.270710/0.000014569
-55/200: 437794.347296/2538.270114/435256.077182/0.000000570
-56/200: 437794.347489/2538.219050/435256.128439/0.000000000
-57/200: 437798.448066/2538.173910/435260.274156/0.000009366
-58/200: 437803.756891/2538.133146/435265.623745/0.000012126
-59/200: 437800.642287/2538.095744/435262.546543/0.000007114
-60/200: 437802.201831/2538.060749/435264.141082/0.000003562
-61/200: 437794.298877/2538.029568/435256.269309/0.000018051
-62/200: 437808.105037/2538.002184/435270.102853/0.000031536
-63/200: 437801.563905/2537.977579/435263.586326/0.000014941
-64/200: 437816.275870/2537.955421/435278.320449/0.000033604
-65/200: 437816.736178/2537.937327/435278.798851/0.000001051
-66/200: 437815.150474/2537.922040/435277.228434/0.000003622
-67/200: 437805.372944/2537.908252/435267.464692/0.000022333
-68/200: 437806.389268/2537.896811/435268.492457/0.000002321
-69/200: 437808.897755/2537.887307/435271.010448/0.000005730
-70/200: 437808.259597/2537.879521/435270.380076/0.000001458
-71/200: 437817.980975/2537.874700/435280.106275/0.000022205
-72/200: 437812.998974/2537.870481/435275.128493/0.000011379
-73/200: 437823.629624/2537.868239/435285.761385/0.000024281
-74/200: 437819.201162/2537.868300/435281.332862/0.000010115
-75/200: 437815.796373/2537.869760/435277.926613/0.000007777
-76/200: 437825.591732/2537.872416/435287.719316/0.000022373
-77/200: 437828.009706/2537.876310/435290.133396/0.000005523
-78/200: 437827.771875/2537.880553/435289.891322/0.000000543
-79/200: 437817.681785/2537.886787/435279.794998/0.000023046
-80/200: 437819.286326/2537.893129/435281.393197/0.000003665
-81/200: 437824.713596/2537.901165/435286.812431/0.000012396
-82/200: 437832.744696/2537.910733/435294.833963/0.000018343
-83/200: 437825.839457/2537.920162/435287.919295/0.000015771
-84/200: 437824.234475/2537.930480/435286.303995/0.000003666
-85/200: 437831.427491/2537.942556/435293.484935/0.000016429
-86/200: 437832.016178/2537.954009/435294.062169/0.000001345
-87/200: 437833.259660/2537.967040/435295.292620/0.000002840
-88/200: 437837.161760/2537.980821/435299.180939/0.000008912
-89/200: 437833.667027/2537.995077/435295.671950/0.000007982
-90/200: 437837.102123/2538.009490/435299.092633/0.000007846
-91/200: 437836.402571/2538.023647/435298.378924/0.000001598
-92/200: 437840.707198/2538.039053/435302.668145/0.000009832
-93/200: 437838.381317/2538.054866/435300.326451/0.000005312
-94/200: 437845.686430/2538.070729/435307.615701/0.000016684
-95/200: 437843.172265/2538.087238/435305.085027/0.000005742
-96/200: 437838.991213/2538.104898/435300.886315/0.000009549
-97/200: 437844.174634/2538.122538/435306.052096/0.000011839
-98/200: 437847.314896/2538.140484/435309.174412/0.000007172
-99/200: 437848.656733/2538.158925/435310.497808/0.000003065
Recall at EP-100 ...
  Columns 1 through 7

    0.0685    0.0851    0.0928    0.1028    0.1156    0.1292    0.1433

  Columns 8 through 10

    0.1549    0.1650    0.1735

Mrr at EP-100 ...
    0.0173

-100/200: 437845.395933/2538.177159/435307.218774/0.000007447
-101/200: 437843.523566/2538.194859/435305.328707/0.000004276
-102/200: 437847.909527/2538.213801/435309.695726/0.000010017
-103/200: 437854.357080/2538.232410/435316.124670/0.000014726
-104/200: 437848.513546/2538.251404/435310.262142/0.000013346
-105/200: 437854.201309/2538.269765/435315.931544/0.000012990
-106/200: 437850.416033/2538.289481/435312.126552/0.000008645
-107/200: 437854.131507/2538.309562/435315.821945/0.000008486
-108/200: 437859.233913/2538.328360/435320.905553/0.000011653
-109/200: 437854.386627/2538.347773/435316.038854/0.000011070
-110/200: 437853.356741/2538.367392/435314.989349/0.000002352
-111/200: 437861.329901/2538.387932/435322.941969/0.000018210
-112/200: 437860.921455/2538.408321/435322.513134/0.000000933
-113/200: 437859.077725/2538.428901/435320.648824/0.000004211
-114/200: 437857.024251/2538.449572/435318.574679/0.000004690
-115/200: 437860.920407/2538.470058/435322.450349/0.000008898
-116/200: 437860.241568/2538.490379/435321.751189/0.000001550
-117/200: 437865.501526/2538.510898/435326.990628/0.000012013
-118/200: 437864.651521/2538.532152/435326.119369/0.000001941
-119/200: 437868.752550/2538.552480/435330.200070/0.000009366
-120/200: 437866.849763/2538.571889/435328.277874/0.000004346
-121/200: 437870.960971/2538.591843/435332.369128/0.000009389
-122/200: 437871.777624/2538.611400/435333.166224/0.000001865
-123/200: 437869.487123/2538.632066/435330.855057/0.000005231
-124/200: 437871.151230/2538.651455/435332.499775/0.000003800
-125/200: 437872.504400/2538.671175/435333.833225/0.000003090
-126/200: 437872.296738/2538.691089/435333.605649/0.000000474
-127/200: 437872.638174/2538.711532/435333.926642/0.000000780
-128/200: 437873.142585/2538.731915/435334.410670/0.000001152
-129/200: 437873.727985/2538.750857/435334.977128/0.000001337
-130/200: 437879.940028/2538.770340/435341.169688/0.000014187
-131/200: 437874.515909/2538.790001/435335.725908/0.000012387
-132/200: 437879.942081/2538.809814/435341.132267/0.000012392
-133/200: 437881.237913/2538.830062/435342.407851/0.000002959
-134/200: 437885.869691/2538.849562/435347.020129/0.000010578
-135/200: 437878.125234/2538.868859/435339.256375/0.000017686
-136/200: 437880.551115/2538.887553/435341.663562/0.000005540
-137/200: 437886.714902/2538.906742/435347.808160/0.000014076
-138/200: 437885.119923/2538.924924/435346.194999/0.000003642
-139/200: 437884.179528/2538.943242/435345.236286/0.000002148
-140/200: 437887.839941/2538.962194/435348.877747/0.000008359
-141/200: 437889.123496/2538.981286/435350.142210/0.000002931
-142/200: 437886.771199/2538.999695/435347.771504/0.000005372
-143/200: 437889.687663/2539.018280/435350.669383/0.000006660
-144/200: 437891.439456/2539.036455/435352.403001/0.000004001
-145/200: 437893.753461/2539.055012/435354.698449/0.000005284
-146/200: 437892.985362/2539.072493/435353.912869/0.000001754
-147/200: 437894.452437/2539.090167/435355.362270/0.000003350
-148/200: 437891.025687/2539.107287/435351.918400/0.000007826
-149/200: 437894.856796/2539.124526/435355.732270/0.000008749
-150/200: 437896.695137/2539.142030/435357.553107/0.000004198
-151/200: 437897.555428/2539.159528/435358.395900/0.000001965
-152/200: 437897.336749/2539.176499/435358.160250/0.000000499
-153/200: 437898.466460/2539.193386/435359.273074/0.000002580
-154/200: 437900.179114/2539.209760/435360.969354/0.000003911
-155/200: 437899.338565/2539.226324/435360.112241/0.000001919
-156/200: 437900.657995/2539.243054/435361.414941/0.000003013
-157/200: 437905.125590/2539.259704/435365.865886/0.000010202
-158/200: 437904.282634/2539.275418/435365.007216/0.000001925
-159/200: 437905.874400/2539.291990/435366.582410/0.000003635
-160/200: 437906.732077/2539.308040/435367.424037/0.000001959
-161/200: 437903.351877/2539.323814/435364.028063/0.000007719
-162/200: 437905.860791/2539.339543/435366.521248/0.000005729
-163/200: 437910.694334/2539.355055/435371.339279/0.000011038
-164/200: 437907.005680/2539.370540/435367.635140/0.000008423
-165/200: 437912.208517/2539.386113/435372.822404/0.000011881
-166/200: 437910.459043/2539.401197/435371.057846/0.000003995
-167/200: 437910.506748/2539.415863/435371.090885/0.000000109
-168/200: 437913.326925/2539.430446/435373.896479/0.000006440
-169/200: 437912.971777/2539.445344/435373.526433/0.000000811
-170/200: 437914.501533/2539.459661/435375.041872/0.000003493
-171/200: 437914.748874/2539.474404/435375.274470/0.000000565
-172/200: 437917.688008/2539.488131/435378.199877/0.000006712
-173/200: 437915.053079/2539.502360/435375.550719/0.000006017
-174/200: 437922.177736/2539.516281/435382.661455/0.000016269
-175/200: 437917.286305/2539.530070/435377.756235/0.000011170
-176/200: 437921.796359/2539.544102/435382.252257/0.000010299
-177/200: 437924.178911/2539.558016/435384.620895/0.000005441
-178/200: 437922.242483/2539.571123/435382.671360/0.000004422
-179/200: 437923.426443/2539.584505/435383.841938/0.000002704
-180/200: 437921.508571/2539.597813/435381.910758/0.000004379
-181/200: 437926.828252/2539.611373/435387.216879/0.000012148
-182/200: 437925.802686/2539.624049/435386.178637/0.000002342
-183/200: 437928.329269/2539.637017/435388.692252/0.000005769
-184/200: 437929.338290/2539.649973/435389.688317/0.000002304
-185/200: 437930.981747/2539.662855/435391.318892/0.000003753
-186/200: 437929.677296/2539.675557/435390.001739/0.000002979
-187/200: 437930.069998/2539.688106/435390.381892/0.000000897
-188/200: 437932.496119/2539.700558/435392.795561/0.000005540
-189/200: 437934.287986/2539.712585/435394.575401/0.000004092
-190/200: 437934.088580/2539.724821/435394.363759/0.000000455
-191/200: 437935.497309/2539.736888/435395.760421/0.000003217
-192/200: 437937.245783/2539.749226/435397.496557/0.000003993
-193/200: 437936.388341/2539.760316/435396.628025/0.000001958
-194/200: 437936.695804/2539.772447/435396.923357/0.000000702
-195/200: 437939.530510/2539.784324/435399.746186/0.000006473
-196/200: 437937.728350/2539.795274/435397.933076/0.000004115
-197/200: 437938.570759/2539.806186/435398.764573/0.000001924
-198/200: 437937.354611/2539.817032/435397.537579/0.000002777
-199/200: 437942.899146/2539.827745/435403.071401/0.000012661
-200/200: 437940.207104/2539.831438/435400.375666/0.000006147
Start evaluating ...
  Columns 1 through 7

    0.0661    0.0829    0.0923    0.1019    0.1135    0.1274    0.1413

  Columns 8 through 10

    0.1541    0.1644    0.1734

    0.0164

Elapsed time is 26816.131842 seconds.
