nohup: ignoring input

                            < M A T L A B (R) >
                  Copyright 1984-2016 The MathWorks, Inc.
                   R2016a (9.0.0.341360) 64-bit (glnxa64)
                             February 11, 2016

 
To get started, type one of these: helpwin, helpdesk, or demo.
For product information, visit www.mathworks.com.
 

	Academic License

Start learning ...
Init data [Dtype: delicious - Dspec: sp1/2550]
Init social model
Using adagrad ...
Load pretrained shallow-model...
Could not use CUDA
Params [lbd-U: 1.0000|lbd-V: 1.0000|lbd-N: 1.0000|lbd-Q: 0.1000]
Staring Sample 1 - Loc: save/bcdl/delicious-alg61-sp1-cold20170221131600046 
CTR(chongwang)-DAE(User graph) Running - Walks(1)...
-1/200: 451603.900022/15822.918968/435780.981054/1.000000000
-2/200: 441380.518617/6304.155802/435076.362815/0.022637939
-3/200: 441134.904653/5978.265497/435156.639156/0.000556468
-4/200: 441117.267486/5935.252082/435182.015404/0.000039981
-5/200: 441081.343980/5909.030480/435172.313500/0.000081438
-6/200: 441062.019349/5889.041346/435172.978003/0.000043812
-7/200: 441068.033362/5872.985015/435195.048347/0.000013635
-8/200: 441059.699578/5859.937504/435199.762074/0.000018895
-9/200: 441045.918531/5849.299508/435196.619023/0.000031245
-10/200: 441040.859116/5840.596345/435200.262771/0.000011471
-11/200: 441026.934345/5833.452056/435193.482289/0.000031573
-12/200: 441014.982967/5827.567934/435187.415033/0.000027099
-13/200: 441022.228536/5822.698669/435199.529867/0.000016429
-14/200: 441024.207750/5818.657696/435205.550054/0.000004488
-15/200: 441012.388511/5815.297883/435197.090628/0.000026800
-16/200: 441010.764798/5812.494608/435198.270190/0.000003682
-17/200: 441016.771800/5810.152773/435206.619027/0.000013621
-18/200: 441028.461218/5808.195810/435220.265408/0.000026506
-19/200: 441017.964873/5806.561366/435211.403507/0.000023800
-20/200: 441020.509267/5805.193637/435215.315630/0.000005769
-21/200: 441007.432168/5804.054544/435203.377624/0.000029652
-22/200: 441021.647480/5803.103882/435218.543598/0.000032234
-23/200: 441026.129801/5802.310064/435223.819737/0.000010163
-24/200: 441031.931271/5801.649030/435230.282241/0.000013154
-25/200: 441020.658866/5801.099898/435219.558968/0.000025559
-26/200: 441022.052407/5800.642862/435221.409545/0.000003160
-27/200: 441016.858540/5800.260028/435216.598512/0.000011777
-28/200: 441037.167870/5799.937117/435237.230753/0.000046051
-29/200: 441035.190873/5799.666241/435235.524632/0.000004483
-30/200: 441028.640787/5799.438592/435229.202195/0.000014852
-31/200: 441028.675628/5799.240990/435229.434638/0.000000079
-32/200: 441036.712735/5799.070995/435237.641740/0.000018224
-33/200: 441013.005661/5798.919487/435214.086174/0.000053753
-34/200: 441036.499180/5798.785017/435237.714163/0.000053272
-35/200: 441018.124563/5798.659173/435219.465390/0.000041662
-36/200: 441033.307503/5798.542189/435234.765314/0.000034427
-37/200: 441035.079708/5798.429697/435236.650011/0.000004018
-38/200: 441030.420801/5798.320126/435232.100675/0.000010564
-39/200: 441037.033871/5798.211473/435238.822398/0.000014995
-40/200: 441033.718298/5798.103242/435235.615056/0.000007518
-41/200: 441047.250084/5797.996254/435249.253830/0.000030682
-42/200: 441049.013308/5797.887062/435251.126246/0.000003998
-43/200: 441046.108565/5797.776460/435248.332105/0.000006586
-44/200: 441048.070514/5797.662072/435250.408442/0.000004448
-45/200: 441045.845895/5797.546050/435248.299845/0.000005044
-46/200: 441045.704319/5797.430398/435248.273921/0.000000321
-47/200: 441052.634589/5797.312551/435255.322038/0.000015713
-48/200: 441052.031104/5797.193621/435254.837483/0.000001368
-49/200: 441041.490826/5797.075004/435244.415822/0.000023898
-50/200: 441045.791784/5796.955136/435248.836648/0.000009752
-51/200: 441046.320708/5796.835056/435249.485652/0.000001199
-52/200: 441061.077634/5796.715359/435264.362275/0.000033459
-53/200: 441046.208431/5796.599672/435249.608759/0.000033712
-54/200: 441052.925724/5796.486864/435256.438860/0.000015230
-55/200: 441052.197143/5796.375132/435255.822011/0.000001652
-56/200: 441052.362269/5796.265212/435256.097057/0.000000374
-57/200: 441056.186412/5796.162176/435260.024236/0.000008670
-58/200: 441061.659338/5796.062330/435265.597008/0.000012409
-59/200: 441058.512967/5795.966781/435262.546186/0.000007134
-60/200: 441059.940669/5795.872900/435264.067769/0.000003237
-61/200: 441051.882991/5795.784000/435256.098991/0.000018269
-62/200: 441065.749757/5795.699670/435270.050087/0.000031440
-63/200: 441059.259924/5795.620030/435263.639894/0.000014714
-64/200: 441073.649992/5795.543777/435278.106215/0.000032626
-65/200: 441074.048872/5795.474069/435278.574803/0.000000904
-66/200: 441072.452077/5795.408620/435277.043457/0.000003620
-67/200: 441062.671650/5795.347286/435267.324364/0.000022174
-68/200: 441063.675170/5795.288787/435268.386383/0.000002275
-69/200: 441065.958181/5795.234431/435270.723750/0.000005176
-70/200: 441065.533265/5795.182949/435270.350316/0.000000963
-71/200: 441075.189157/5795.137738/435280.051419/0.000021892
-72/200: 441070.309133/5795.093318/435275.215815/0.000011064
-73/200: 441080.788685/5795.053485/435285.735200/0.000023759
-74/200: 441076.244951/5795.017281/435281.227670/0.000010301
-75/200: 441072.824956/5794.984168/435277.840788/0.000007754
-76/200: 441082.566163/5794.953719/435287.612444/0.000022085
-77/200: 441084.983851/5794.926308/435290.057543/0.000005481
-78/200: 441084.651190/5794.898917/435289.752273/0.000000754
-79/200: 441074.545703/5794.875792/435279.669911/0.000022911
-80/200: 441076.052960/5794.854425/435281.198535/0.000003417
-81/200: 441081.686813/5794.834908/435286.851905/0.000012773
-82/200: 441089.626335/5794.818902/435294.807433/0.000018000
-83/200: 441082.683053/5794.803824/435287.879229/0.000015741
-84/200: 441080.915451/5794.790213/435286.125238/0.000004007
-85/200: 441088.066753/5794.778989/435293.287764/0.000016213
-86/200: 441088.716561/5794.768566/435293.947995/0.000001473
-87/200: 441089.841381/5794.760034/435295.081347/0.000002550
-88/200: 441093.882267/5794.753981/435299.128286/0.000009161
-89/200: 441090.256015/5794.748145/435295.507870/0.000008221
-90/200: 441093.776223/5794.743761/435299.032462/0.000007981
-91/200: 441093.103638/5794.739362/435298.364276/0.000001525
-92/200: 441097.348411/5794.737431/435302.610980/0.000009623
-93/200: 441095.101011/5794.735789/435300.365222/0.000005095
-94/200: 441102.389440/5794.735587/435307.653853/0.000016523
-95/200: 441099.783350/5794.736385/435305.046965/0.000005908
-96/200: 441095.670184/5794.739446/435300.930738/0.000009325
-97/200: 441100.767796/5794.742998/435306.024798/0.000011557
-98/200: 441103.760179/5794.746733/435309.013446/0.000006784
-99/200: 441105.103025/5794.752449/435310.350576/0.000003044
Recall at EP-100 ...
  Columns 1 through 7

    0.0640    0.0817    0.0930    0.1067    0.1229    0.1373    0.1489

  Columns 8 through 10

    0.1579    0.1659    0.1726

Mrr at EP-100 ...
    0.0142

-100/200: 441101.736542/5794.758321/435306.978221/0.000007632
-101/200: 441100.264579/5794.762892/435305.501687/0.000003337
-102/200: 441104.467483/5794.769650/435309.697833/0.000009528
-103/200: 441110.821072/5794.777327/435316.043745/0.000014404
-104/200: 441105.040975/5794.784277/435310.256698/0.000013104
-105/200: 441110.675663/5794.791962/435315.883701/0.000012774
-106/200: 441106.686765/5794.801972/435311.884793/0.000009043
-107/200: 441110.474409/5794.812410/435315.661999/0.000008587
-108/200: 441115.737608/5794.821233/435320.916375/0.000011932
-109/200: 441110.677007/5794.831132/435315.845875/0.000011472
-110/200: 441109.842181/5794.841645/435315.000536/0.000001893
-111/200: 441117.599815/5794.854691/435322.745124/0.000017587
-112/200: 441117.291697/5794.867449/435322.424248/0.000000698
-113/200: 441115.369806/5794.880649/435320.489157/0.000004357
-114/200: 441113.407102/5794.894156/435318.512946/0.000004449
-115/200: 441117.255723/5794.908034/435322.347689/0.000008725
-116/200: 441116.689076/5794.921666/435321.767410/0.000001285
-117/200: 441121.940358/5794.935675/435327.004683/0.000011905
-118/200: 441120.989685/5794.951430/435326.038255/0.000002155
-119/200: 441125.041460/5794.965612/435330.075848/0.000009185
-120/200: 441123.128407/5794.979543/435328.148864/0.000004337
-121/200: 441127.497592/5794.993588/435332.504004/0.000009905
-122/200: 441128.069288/5795.007653/435333.061635/0.000001296
-123/200: 441125.778931/5795.023485/435330.755446/0.000005192
-124/200: 441127.446564/5795.037528/435332.409036/0.000003780
-125/200: 441128.834892/5795.052275/435333.782617/0.000003147
-126/200: 441128.572029/5795.068061/435333.503968/0.000000596
-127/200: 441128.882431/5795.085204/435333.797227/0.000000704
-128/200: 441129.397053/5795.101806/435334.295247/0.000001167
-129/200: 441130.095045/5795.116011/435334.979034/0.000001582
-130/200: 441136.280147/5795.132192/435341.147955/0.000014021
-131/200: 441130.736223/5795.148477/435335.587746/0.000012567
-132/200: 441136.079147/5795.165495/435340.913652/0.000012112
-133/200: 441137.445760/5795.183498/435342.262262/0.000003098
-134/200: 441142.282488/5795.200385/435347.082103/0.000010964
-135/200: 441134.406112/5795.217811/435339.188301/0.000017855
-136/200: 441136.897117/5795.233743/435341.663374/0.000005647
-137/200: 441143.092153/5795.249989/435347.842164/0.000014043
-138/200: 441141.438036/5795.266198/435346.171838/0.000003750
-139/200: 441140.457941/5795.282329/435345.175612/0.000002222
-140/200: 441144.026587/5795.299915/435348.726672/0.000008090
-141/200: 441145.361456/5795.318114/435350.043342/0.000003026
-142/200: 441143.161197/5795.334348/435347.826849/0.000004988
-143/200: 441145.999450/5795.351840/435350.647610/0.000006434
-144/200: 441147.590911/5795.369166/435352.221745/0.000003608
-145/200: 441150.068208/5795.387113/435354.681095/0.000005616
-146/200: 441149.298617/5795.403742/435353.894875/0.000001745
-147/200: 441150.671567/5795.420174/435355.251393/0.000003112
-148/200: 441147.373173/5795.436099/435351.937074/0.000007477
-149/200: 441151.065244/5795.452695/435355.612549/0.000008369
-150/200: 441153.064411/5795.469997/435357.594414/0.000004532
-151/200: 441153.779044/5795.488122/435358.290922/0.000001620
-152/200: 441153.500903/5795.504128/435357.996775/0.000000630
-153/200: 441154.804484/5795.520930/435359.283554/0.000002955
-154/200: 441156.424053/5795.536573/435360.887480/0.000003671
-155/200: 441155.551304/5795.553506/435359.997798/0.000001978
-156/200: 441156.946356/5795.570291/435361.376065/0.000003162
-157/200: 441161.416581/5795.586727/435365.829854/0.000010133
-158/200: 441160.586271/5795.602696/435364.983575/0.000001882
-159/200: 441162.125832/5795.620386/435366.505446/0.000003490
-160/200: 441162.941022/5795.637581/435367.303441/0.000001848
-161/200: 441159.685745/5795.654593/435364.031152/0.000007379
-162/200: 441162.078761/5795.670783/435366.407978/0.000005424
-163/200: 441166.971986/5795.686780/435371.285206/0.000011092
-164/200: 441163.409740/5795.703410/435367.706330/0.000008075
-165/200: 441168.549467/5795.720155/435372.829312/0.000011650
-166/200: 441166.665916/5795.736195/435370.929721/0.000004269
-167/200: 441166.757679/5795.752000/435371.005679/0.000000208
-168/200: 441169.604541/5795.767934/435373.836607/0.000006453
-169/200: 441169.325163/5795.783561/435373.541602/0.000000633
-170/200: 441170.750630/5795.799380/435374.951250/0.000003231
-171/200: 441171.067519/5795.815617/435375.251902/0.000000718
-172/200: 441173.895845/5795.830776/435378.065069/0.000006411
-173/200: 441171.392786/5795.846227/435375.546559/0.000005674
-174/200: 441178.532018/5795.861848/435382.670170/0.000016182
-175/200: 441173.527774/5795.877162/435377.650612/0.000011343
-176/200: 441178.141049/5795.893221/435382.247828/0.000010457
-177/200: 441180.530120/5795.909405/435384.620715/0.000005415
-178/200: 441178.460464/5795.924051/435382.536413/0.000004691
-179/200: 441179.728823/5795.939177/435383.789646/0.000002875
-180/200: 441177.838652/5795.954526/435381.884126/0.000004284
-181/200: 441183.301583/5795.970616/435387.330967/0.000012383
-182/200: 441182.143687/5795.984901/435386.158786/0.000002625
-183/200: 441184.874360/5796.000764/435388.873596/0.000006189
-184/200: 441185.573997/5796.016887/435389.557110/0.000001586
-185/200: 441187.424238/5796.032269/435391.391969/0.000004194
-186/200: 441185.881365/5796.047435/435389.833930/0.000003497
-187/200: 441186.298931/5796.062589/435390.236342/0.000000946
-188/200: 441188.812217/5796.077380/435392.734837/0.000005697
-189/200: 441190.811981/5796.092380/435394.719601/0.000004533
-190/200: 441190.373362/5796.107444/435394.265918/0.000000994
-191/200: 441191.810777/5796.122439/435395.688338/0.000003258
-192/200: 441193.481063/5796.137436/435397.343627/0.000003786
-193/200: 441192.659660/5796.152124/435396.507536/0.000001862
-194/200: 441193.011711/5796.167084/435396.844627/0.000000798
-195/200: 441196.094444/5796.182548/435399.911896/0.000006987
-196/200: 441194.008915/5796.196011/435397.812904/0.000004727
-197/200: 441194.952392/5796.209589/435398.742803/0.000002138
-198/200: 441193.672140/5796.222929/435397.449211/0.000002902
-199/200: 441199.247638/5796.236704/435403.010934/0.000012637
-200/200: 441196.594012/5796.239641/435400.354371/0.000006015
Start evaluating ...
  Columns 1 through 7

    0.0612    0.0801    0.0928    0.1074    0.1248    0.1396    0.1493

  Columns 8 through 10

    0.1585    0.1672    0.1736

    0.0138

Elapsed time is 26790.667791 seconds.
