nohup: ignoring input

                            < M A T L A B (R) >
                  Copyright 1984-2016 The MathWorks, Inc.
                   R2016a (9.0.0.341360) 64-bit (glnxa64)
                             February 11, 2016

 
To get started, type one of these: helpwin, helpdesk, or demo.
For product information, visit www.mathworks.com.
 

	Academic License

Start learning ...
Init data [Dtype: delicious - Dspec: sp1/2550]
Init social model
Using adagrad ...
Load pretrained shallow-model...
Could not use CUDA
Params [lbd-U: 100.0000|lbd-V: 10.0000|lbd-N: 100.0000|lbd-Q: 0.1000]
Staring Sample 1 - Loc: save/bcdl/delicious-alg61-sp1-cold20170221131601468 
CTR(chongwang)-DAE(User graph) Running - Walks(1)...
-1/200: 43590767.978632/12669.873262/43578098.105370/1.000000000
-2/200: 43532716.340466/12487.652978/43520228.687488/0.001331742
-3/200: 43531690.844718/12488.054166/43519202.790552/0.000023557
-4/200: 43531759.997465/12488.838084/43519271.159381/0.000001589
-5/200: 43530638.774921/12489.577930/43518149.196991/0.000025756
-6/200: 43530704.774953/12490.250764/43518214.524189/0.000001516
-7/200: 43532958.516785/12490.870643/43520467.646142/0.000051774
-8/200: 43533435.686083/12491.452239/43520944.233844/0.000010961
-9/200: 43533094.007187/12492.008271/43520601.998916/0.000007849
-10/200: 43533466.113585/12492.523460/43520973.590125/0.000008548
-11/200: 43532749.917648/12493.014328/43520256.903320/0.000016452
-12/200: 43532125.501264/12493.486275/43519632.014989/0.000014344
-13/200: 43533355.876210/12493.937905/43520861.938305/0.000028264
-14/200: 43533976.448516/12494.370427/43521482.078089/0.000014255
-15/200: 43533119.535029/12494.793966/43520624.741063/0.000019684
-16/200: 43533203.538483/12495.198539/43520708.339944/0.000001930
-17/200: 43534023.925969/12495.585286/43521528.340683/0.000018845
-18/200: 43535464.143398/12495.959962/43522968.183436/0.000033083
-19/200: 43534515.699701/12496.327214/43522019.372487/0.000021786
-20/200: 43534898.259278/12496.679790/43522401.579489/0.000008788
-21/200: 43533675.074734/12497.029204/43521178.045530/0.000028097
-22/200: 43535197.194208/12497.367984/43522699.826224/0.000034964
-23/200: 43535722.934529/12497.699540/43523225.234989/0.000012076
-24/200: 43536397.179609/12498.020908/43523899.158701/0.000015487
-25/200: 43535293.909610/12498.337585/43522795.572025/0.000025341
-26/200: 43535438.397937/12498.649439/43522939.748498/0.000003319
-27/200: 43534947.361522/12498.953321/43522448.408201/0.000011279
-28/200: 43537050.982953/12499.248368/43524551.734585/0.000048320
-29/200: 43536835.814934/12499.538153/43524336.276781/0.000004942
-30/200: 43536216.675476/12499.823340/43523716.852136/0.000014221
-31/200: 43536204.881328/12500.101800/43523704.779528/0.000000271
-32/200: 43537022.714555/12500.377772/43524522.336783/0.000018785
-33/200: 43534633.745078/12500.646951/43522133.098127/0.000054872
-34/200: 43537021.139803/12500.912877/43524520.226926/0.000054839
-35/200: 43535152.653113/12501.173352/43522651.479761/0.000042917
-36/200: 43536676.538011/12501.430988/43524175.107023/0.000035004
-37/200: 43536879.935755/12501.684597/43524378.251158/0.000004672
-38/200: 43536402.811914/12501.933520/43523900.878394/0.000010959
-39/200: 43537068.210996/12502.179163/43524566.031833/0.000015284
-40/200: 43536739.574069/12502.420587/43524237.153482/0.000007548
-41/200: 43538108.186553/12502.660439/43525605.526114/0.000031436
-42/200: 43538289.764321/12502.896377/43525786.867944/0.000004171
-43/200: 43537984.846382/12503.128998/43525481.717384/0.000007003
-44/200: 43538182.277838/12503.355741/43525678.922097/0.000004535
-45/200: 43537968.075153/12503.580788/43525464.494365/0.000004920
-46/200: 43537935.960156/12503.804059/43525432.156097/0.000000738
-47/200: 43538651.661080/12504.022514/43526147.638566/0.000016439
-48/200: 43538586.345182/12504.238263/43526082.106919/0.000001500
-49/200: 43537490.309247/12504.453479/43524985.855768/0.000025174
-50/200: 43537982.449758/12504.663992/43525477.785766/0.000011304
-51/200: 43538008.891430/12504.871867/43525504.019563/0.000000607
-52/200: 43539490.534057/12505.077065/43526985.456992/0.000034031
-53/200: 43537997.655737/12505.281552/43525492.374185/0.000034288
-54/200: 43538702.485448/12505.484079/43526197.001369/0.000016189
-55/200: 43538611.727310/12505.682459/43526106.044851/0.000002085
-56/200: 43538620.206088/12505.878591/43526114.327497/0.000000195
-57/200: 43539025.338174/12506.075885/43526519.262289/0.000009305
-58/200: 43539545.304519/12506.270278/43527039.034241/0.000011943
-59/200: 43539256.824686/12506.462518/43526750.362168/0.000006626
-60/200: 43539373.928040/12506.650809/43526867.277231/0.000002690
-61/200: 43538584.114027/12506.838304/43526077.275723/0.000018140
-62/200: 43539987.847325/12507.023876/43527480.823449/0.000032241
-63/200: 43539298.907594/12507.207057/43526791.700537/0.000015823
-64/200: 43540747.585374/12507.388885/43528240.196489/0.000033273
-65/200: 43540791.744905/12507.570388/43528284.174517/0.000001014
-66/200: 43540634.132909/12507.750962/43528126.381947/0.000003620
-67/200: 43539636.100274/12507.928550/43527128.171724/0.000022922
-68/200: 43539751.715058/12508.103693/43527243.611365/0.000002655
-69/200: 43539991.490951/12508.277105/43527483.213846/0.000005507
-70/200: 43539926.677581/12508.449796/43527418.227785/0.000001489
-71/200: 43540893.952794/12508.621797/43528385.330997/0.000022216
-72/200: 43540390.451109/12508.789951/43527881.661158/0.000011564
-73/200: 43541430.909923/12508.958823/43528921.951100/0.000023896
-74/200: 43540991.732156/12509.125916/43528482.606240/0.000010086
-75/200: 43540639.455203/12509.291506/43528130.163697/0.000008091
-76/200: 43541625.227002/12509.455763/43529115.771239/0.000022640
-77/200: 43541819.465368/12509.619563/43529309.845805/0.000004461
-78/200: 43541795.526868/12509.779574/43529285.747294/0.000000550
-79/200: 43540764.983371/12509.940270/43528255.043101/0.000023668
-80/200: 43540937.456682/12510.098924/43528427.357758/0.000003961
-81/200: 43541508.051648/12510.256337/43528997.795311/0.000013105
-82/200: 43542210.690461/12510.412054/43529700.278407/0.000016137
-83/200: 43541564.506066/12510.567951/43529053.938115/0.000014840
-84/200: 43541394.549764/12510.720778/43528883.828986/0.000003903
-85/200: 43542102.350895/12510.873643/43529591.477252/0.000016256
-86/200: 43542139.785919/12511.024897/43529628.761022/0.000000860
-87/200: 43542248.482415/12511.175727/43529737.306688/0.000002496
-88/200: 43542638.603050/12511.324845/43530127.278205/0.000008960
-89/200: 43542287.709493/12511.473605/43529776.235888/0.000008059
-90/200: 43542632.838858/12511.620735/43530121.218123/0.000007926
-91/200: 43542541.863238/12511.765582/43530030.097656/0.000002089
-92/200: 43542949.393143/12511.910376/43530437.482767/0.000009359
-93/200: 43542725.665668/12512.053419/43530213.612249/0.000005138
-94/200: 43543419.881574/12512.195728/43530907.685846/0.000015943
-95/200: 43543147.194851/12512.337328/43530634.857523/0.000006262
-96/200: 43542758.191913/12512.478624/43530245.713289/0.000008934
-97/200: 43543235.926223/12512.619465/43530723.306758/0.000010972
-98/200: 43543542.122335/12512.758138/43531029.364197/0.000007032
-99/200: 43543675.271004/12512.896432/43531162.374572/0.000003058
Recall at EP-100 ...
  Columns 1 through 7

    0.0008    0.0019    0.0028    0.0037    0.0046    0.0055    0.0065

  Columns 8 through 10

    0.0075    0.0085    0.0095

Mrr at EP-100 ...
   5.0231e-04

-100/200: 43543336.991749/12513.034518/43530823.957231/0.000007769
-101/200: 43543173.010659/12513.169364/43530659.841295/0.000003766
-102/200: 43543578.676764/12513.305375/43531065.371389/0.000009316
-103/200: 43544228.889941/12513.440253/43531715.449688/0.000014932
-104/200: 43543613.619036/12513.573209/43531100.045827/0.000014130
-105/200: 43544164.283452/12513.705858/43531650.577594/0.000012646
-106/200: 43543758.368242/12513.838459/43531244.529783/0.000009322
-107/200: 43544143.581910/12513.970578/43531629.611332/0.000008847
-108/200: 43544621.342015/12514.100384/43532107.241631/0.000010972
-109/200: 43544145.601496/12514.229584/43531631.371912/0.000010925
-110/200: 43544027.722959/12514.357717/43531513.365242/0.000002707
-111/200: 43544831.231251/12514.487357/43532316.743894/0.000018453
-112/200: 43544774.382450/12514.615859/43532259.766591/0.000001306
-113/200: 43544557.100406/12514.743154/43532042.357252/0.000004990
-114/200: 43544396.038787/12514.869927/43531881.168860/0.000003699
-115/200: 43544769.681992/12514.995844/43532254.686148/0.000008581
-116/200: 43544654.712896/12515.120562/43532139.592334/0.000002640
-117/200: 43545177.686788/12515.244641/43532662.442147/0.000012010
-118/200: 43545096.070155/12515.369478/43532580.700677/0.000001874
-119/200: 43545492.656248/12515.492753/43532977.163495/0.000009107
-120/200: 43545275.837616/12515.614134/43532760.223482/0.000004979
-121/200: 43545667.380057/12515.735056/43533151.645001/0.000008992
-122/200: 43545770.316974/12515.855129/43533254.461845/0.000002364
-123/200: 43545505.018007/12515.976115/43532989.041892/0.000006092
-124/200: 43545676.603673/12516.094512/43533160.509161/0.000003940
-125/200: 43545795.621128/12516.213083/43533279.408045/0.000002733
-126/200: 43545807.984238/12516.331515/43533291.652723/0.000000284
-127/200: 43545809.111629/12516.449761/43533292.661868/0.000000026
Start evaluating ...
  Columns 1 through 7

    0.0008    0.0015    0.0021    0.0028    0.0035    0.0042    0.0050

  Columns 8 through 10

    0.0057    0.0062    0.0068

   4.4667e-04

Elapsed time is 18433.519518 seconds.
