nohup: ignoring input

                            < M A T L A B (R) >
                  Copyright 1984-2016 The MathWorks, Inc.
                   R2016a (9.0.0.341360) 64-bit (glnxa64)
                             February 11, 2016

 
To get started, type one of these: helpwin, helpdesk, or demo.
For product information, visit www.mathworks.com.
 

	Academic License

Start learning ...
Init data [Dtype: delicious - Dspec: sp1/2550]
Init social model
Using adagrad ...
Load pretrained shallow-model...
Could not use CUDA
Params [lbd-U: 0.0100|lbd-V: 0.1000|lbd-N: 0.0100|lbd-Q: 0.1000]
Staring Sample 1 - Loc: save/bcdl/delicious-alg61-sp1-cold20170221131600652 
CTR(chongwang)-DAE(User graph) Running - Walks(1)...
-1/200: 6426.038555/2068.228744/4357.809811/1.000000000
-2/200: 6031.999973/1682.374086/4349.625887/0.061319050
-3/200: 5888.831105/1538.252598/4350.578507/0.023734892
-4/200: 5807.166838/1455.527478/4351.639360/0.013867653
-5/200: 5743.375988/1391.730698/4351.645290/0.010984849
-6/200: 5692.473110/1340.827254/4351.645856/0.008862884
-7/200: 5651.089568/1299.221546/4351.868022/0.007269871
-8/200: 5616.483119/1264.568979/4351.914140/0.006123854
-9/200: 5587.131426/1235.266040/4351.865386/0.005225991
-10/200: 5562.083176/1210.175641/4351.907535/0.004483204
-11/200: 5540.313699/1188.467078/4351.846621/0.003913907
-12/200: 5521.280286/1169.518478/4351.761808/0.003435440
-13/200: 5504.742733/1152.854082/4351.888651/0.002995239
-14/200: 5490.061307/1138.103398/4351.957909/0.002667050
-15/200: 5476.839466/1124.972915/4351.866551/0.002408323
-16/200: 5465.095524/1113.226955/4351.868569/0.002144292
-17/200: 5454.635305/1102.673692/4351.961613/0.001914005
-18/200: 5445.264407/1093.155439/4352.108968/0.001717970
-19/200: 5436.549894/1084.541091/4352.008803/0.001600384
-20/200: 5428.772061/1076.720705/4352.051356/0.001430656
-21/200: 5421.538078/1069.601398/4351.936680/0.001332526
-22/200: 5415.189772/1063.104063/4352.085709/0.001170942
-23/200: 5409.283131/1057.160742/4352.122389/0.001090754
-24/200: 5403.910974/1051.712945/4352.198029/0.000993137
-25/200: 5398.810638/1046.709841/4352.100797/0.000943823
-26/200: 5394.228394/1042.107140/4352.121254/0.000848751
-27/200: 5389.938406/1037.865952/4352.072454/0.000795292
-28/200: 5386.214839/1033.952149/4352.262690/0.000690837
-29/200: 5382.596557/1030.335471/4352.261086/0.000671767
-30/200: 5379.180759/1026.989173/4352.191586/0.000634600
-31/200: 5376.065330/1023.889352/4352.175978/0.000579164
-32/200: 5373.303948/1021.014690/4352.289258/0.000513644
-33/200: 5370.382703/1018.346038/4352.036665/0.000543659
-34/200: 5368.129009/1015.866292/4352.262717/0.000419652
-35/200: 5365.657752/1013.559957/4352.097795/0.000460357
-36/200: 5363.650159/1011.413068/4352.237091/0.000374156
-37/200: 5361.689808/1009.412963/4352.276845/0.000365488
-38/200: 5359.759378/1007.548251/4352.211127/0.000360041
-39/200: 5358.112151/1005.808470/4352.303681/0.000307332
-40/200: 5356.435046/1004.184141/4352.250905/0.000313003
-41/200: 5355.063615/1002.666676/4352.396939/0.000256034
-42/200: 5353.650146/1001.248105/4352.402041/0.000263950
-43/200: 5352.322198/999.921247/4352.400951/0.000248045
-44/200: 5351.084570/998.679460/4352.405110/0.000231232
-45/200: 5349.894380/997.516678/4352.377702/0.000222420
-46/200: 5348.797073/996.427350/4352.369723/0.000205108
-47/200: 5347.854602/995.406312/4352.448290/0.000176203
-48/200: 5346.880181/994.448826/4352.431355/0.000182208
-49/200: 5345.893216/993.550554/4352.342662/0.000184587
-50/200: 5345.103726/992.707424/4352.396302/0.000147682
-51/200: 5344.325918/991.915750/4352.410168/0.000145518
-52/200: 5343.729674/991.172123/4352.557551/0.000111566
-53/200: 5342.860424/990.473389/4352.387035/0.000162667
-54/200: 5342.293330/989.816568/4352.476762/0.000106140
-55/200: 5341.648829/989.198907/4352.449922/0.000120641
-56/200: 5341.078078/988.617915/4352.460163/0.000106849
-57/200: 5340.557251/988.071270/4352.485981/0.000097513
-58/200: 5340.112760/987.556707/4352.556053/0.000083229
-59/200: 5339.609433/987.072222/4352.537211/0.000094254
-60/200: 5339.158360/986.615883/4352.542477/0.000084477
-61/200: 5338.650427/986.185998/4352.464429/0.000095133
-62/200: 5338.385866/985.780874/4352.604992/0.000049556
-63/200: 5337.962566/985.398991/4352.563575/0.000079294
-64/200: 5337.734468/985.038920/4352.695548/0.000042731
-65/200: 5337.382664/984.699392/4352.683272/0.000065909
-66/200: 5337.047734/984.379059/4352.668675/0.000062752
-67/200: 5336.640503/984.076824/4352.563679/0.000076303
-68/200: 5336.380957/983.791525/4352.589432/0.000048635
-69/200: 5336.122910/983.522199/4352.600711/0.000048356
-70/200: 5335.884312/983.267865/4352.616447/0.000044714
-71/200: 5335.731882/983.027660/4352.704222/0.000028567
-72/200: 5335.484616/982.800678/4352.683938/0.000046342
-73/200: 5335.364972/982.586193/4352.778779/0.000022424
-74/200: 5335.125086/982.383453/4352.741633/0.000044962
-75/200: 5334.887871/982.191786/4352.696085/0.000044463
-76/200: 5334.804102/982.010518/4352.793584/0.000015702
-77/200: 5334.654638/981.839055/4352.815583/0.000028017
-78/200: 5334.496550/981.676785/4352.819765/0.000029634
-79/200: 5334.230648/981.523220/4352.707428/0.000049846
-80/200: 5334.111873/981.377846/4352.734027/0.000022267
-81/200: 5334.040350/981.240185/4352.800165/0.000013409
-82/200: 5333.970296/981.109794/4352.860502/0.000013133
-83/200: 5333.795970/980.986267/4352.809703/0.000032682
-84/200: 5333.647337/980.869186/4352.778151/0.000027866
-85/200: 5333.614612/980.758197/4352.856415/0.000006136
-86/200: 5333.503667/980.652942/4352.850725/0.000020801
-87/200: 5333.416454/980.553119/4352.863335/0.000016352
-88/200: 5333.389432/980.458409/4352.931023/0.000005067
-89/200: 5333.239548/980.368505/4352.871043/0.000028103
-90/200: 5333.201007/980.283164/4352.917843/0.000007227
-91/200: 5333.125049/980.202097/4352.922952/0.000014242
-92/200: 5333.076736/980.125096/4352.951640/0.000009059
-93/200: 5332.988438/980.051911/4352.936527/0.000016557
-94/200: 5332.997640/979.982346/4353.015294/0.000001726
-95/200: 5332.898048/979.916189/4352.981859/0.000018675
-96/200: 5332.787015/979.853290/4352.933725/0.000020820
-97/200: 5332.796649/979.793436/4353.003213/0.000001807
-98/200: 5332.774725/979.736425/4353.038300/0.000004111
-99/200: 5332.713483/979.682175/4353.031308/0.000011484
Recall at EP-100 ...
  Columns 1 through 7

    0.0650    0.0804    0.0877    0.0946    0.1017    0.1106    0.1215

  Columns 8 through 10

    0.1337    0.1453    0.1551

Mrr at EP-100 ...
    0.0166

-100/200: 5332.618774/979.630486/4352.988288/0.000017760
-101/200: 5332.581391/979.581201/4353.000190/0.000007010
-102/200: 5332.579467/979.534217/4353.045250/0.000000361
-103/200: 5332.590481/979.489417/4353.101064/0.000002065
-104/200: 5332.502759/979.446651/4353.056108/0.000016450
-105/200: 5332.510256/979.405848/4353.104408/0.000001406
-106/200: 5332.414091/979.366895/4353.047196/0.000018034
-107/200: 5332.408583/979.329699/4353.078884/0.000001033
-108/200: 5332.456969/979.294098/4353.162871/0.000009074
-109/200: 5332.341672/979.260078/4353.081594/0.000021622
-110/200: 5332.318678/979.227526/4353.091152/0.000004312
-111/200: 5332.361123/979.196440/4353.164683/0.000007960
-112/200: 5332.350575/979.166652/4353.183923/0.000001978
-113/200: 5332.283013/979.138142/4353.144871/0.000012670
-114/200: 5332.257578/979.110805/4353.146773/0.000004770
-115/200: 5332.252497/979.084606/4353.167891/0.000000953
-116/200: 5332.230368/979.059468/4353.170900/0.000004150
-117/200: 5332.258757/979.035356/4353.223401/0.000005324
-118/200: 5332.225466/979.012217/4353.213249/0.000006243
-119/200: 5332.242903/978.989991/4353.252912/0.000003270
-120/200: 5332.193897/978.968622/4353.225275/0.000009191
-121/200: 5332.245513/978.948049/4353.297464/0.000009680
-122/200: 5332.216765/978.928265/4353.288500/0.000005391
-123/200: 5332.165628/978.909280/4353.256348/0.000009590
-124/200: 5332.181080/978.890941/4353.290139/0.000002898
-125/200: 5332.178683/978.873309/4353.305374/0.000000450
-126/200: 5332.159893/978.856314/4353.303579/0.000003524
-127/200: 5332.126813/978.839947/4353.286866/0.000006204
-128/200: 5332.121229/978.824168/4353.297061/0.000001047
-129/200: 5332.111189/978.808871/4353.302318/0.000001883
-130/200: 5332.169901/978.794135/4353.375766/0.000011011
-131/200: 5332.098448/978.779917/4353.318531/0.000013400
-132/200: 5332.109742/978.766179/4353.343563/0.000002118
-133/200: 5332.131724/978.752916/4353.378808/0.000004123
-134/200: 5332.173830/978.740060/4353.433770/0.000007897
-135/200: 5332.082534/978.727613/4353.354921/0.000017122
-136/200: 5332.101159/978.715549/4353.385610/0.000003493
-137/200: 5332.151867/978.703867/4353.448000/0.000009510
-138/200: 5332.128985/978.692536/4353.436449/0.000004291
-139/200: 5332.097823/978.681551/4353.416272/0.000005844
-140/200: 5332.121163/978.670908/4353.450255/0.000004377
-141/200: 5332.121465/978.660610/4353.460855/0.000000057
Start evaluating ...
  Columns 1 through 7

    0.0637    0.0801    0.0871    0.0928    0.0998    0.1088    0.1186

  Columns 8 through 10

    0.1317    0.1442    0.1538

    0.0163

Elapsed time is 20256.950247 seconds.
