nohup: ignoring input

                            < M A T L A B (R) >
                  Copyright 1984-2016 The MathWorks, Inc.
                   R2016a (9.0.0.341360) 64-bit (glnxa64)
                             February 11, 2016

 
To get started, type one of these: helpwin, helpdesk, or demo.
For product information, visit www.mathworks.com.
 

	Academic License

Start learning ...
Init data [Dtype: delicious - Dspec: sp1/2550]
Init social model
Using adagrad ...
Load pretrained shallow-model...
Could not use CUDA
Params [lbd-U: 100.0000|lbd-V: 0.0100|lbd-N: 100.0000|lbd-Q: 0.1000]
Staring Sample 1 - Loc: save/bcdl/delicious-alg61-sp1-cold20170221131601421 
CTR(chongwang)-DAE(User graph) Running - Walks(1)...
-1/200: 43589382.578251/11284.472881/43578098.105370/1.000000000
-2/200: 43525705.980828/5477.293340/43520228.687488/0.001460828
-3/200: 43524497.291384/5298.494932/43519198.796452/0.000027770
-4/200: 43524544.938091/5270.424561/43519274.513530/0.000001095
-5/200: 43523415.103782/5263.459953/43518151.643829/0.000025959
-6/200: 43523480.666689/5262.778685/43518217.888004/0.000001506
-7/200: 43525734.627892/5264.804100/43520469.823792/0.000051787
-8/200: 43526214.995140/5268.263708/43520946.731432/0.000011036
-9/200: 43525877.337752/5272.602157/43520604.735595/0.000007758
-10/200: 43526253.574442/5277.353359/43520976.221083/0.000008644
-11/200: 43525541.432618/5282.393424/43520259.039194/0.000016361
-12/200: 43524922.973822/5287.679619/43519635.294203/0.000014209
-13/200: 43526157.952996/5293.054108/43520864.898888/0.000028374
-14/200: 43526783.982056/5298.499588/43521485.482468/0.000014383
-15/200: 43525931.304805/5304.047378/43520627.257427/0.000019590
-16/200: 43526021.744717/5309.539521/43520712.205196/0.000002078
-17/200: 43526846.431299/5314.986512/43521531.444787/0.000018947
-18/200: 43528293.271053/5320.377783/43522972.893270/0.000033240
-19/200: 43527350.204286/5325.785780/43522024.418506/0.000021666
-20/200: 43527736.746445/5331.108216/43522405.638229/0.000008880
-21/200: 43526519.330699/5336.453301/43521182.877398/0.000027969
-22/200: 43528045.047714/5341.719115/43522703.328599/0.000035053
-23/200: 43528577.929738/5346.952787/43523230.976951/0.000012242
-24/200: 43529257.408547/5352.121265/43523905.287282/0.000015610
-25/200: 43528158.363764/5357.285854/43522801.077910/0.000025248
-26/200: 43528307.985917/5362.409315/43522945.576602/0.000003437
-27/200: 43527821.882936/5367.439247/43522454.443689/0.000011168
-28/200: 43529930.845438/5372.384190/43524558.461248/0.000048451
-29/200: 43529719.866914/5377.290205/43524342.576709/0.000004847
-30/200: 43529107.066691/5382.166227/43523724.900464/0.000014078
-31/200: 43529097.951725/5386.932290/43523711.019435/0.000000209
-32/200: 43529921.279373/5391.680300/43524529.599073/0.000018914
-33/200: 43527535.627976/5396.362052/43522139.265924/0.000054805
-34/200: 43529929.335052/5400.998500/43524528.336552/0.000054993
-35/200: 43528064.973691/5405.555681/43522659.418010/0.000042829
-36/200: 43529593.335500/5410.084160/43524183.251340/0.000035112
-37/200: 43529799.891681/5414.547258/43524385.344423/0.000004745
-38/200: 43529327.426014/5418.945845/43523908.480169/0.000010854
-39/200: 43529998.058532/5423.305175/43524574.753357/0.000015406
-40/200: 43529673.281820/5427.612343/43524245.669477/0.000007461
-41/200: 43531045.730318/5431.876526/43525613.853792/0.000031529
-42/200: 43531232.795667/5436.087967/43525796.707700/0.000004297
-43/200: 43530931.602515/5440.231856/43525491.370659/0.000006919
-44/200: 43531132.907475/5444.288723/43525688.618752/0.000004624
-45/200: 43530922.955544/5448.323095/43525474.632449/0.000004823
-46/200: 43530895.451041/5452.308767/43525443.142274/0.000000632
-47/200: 43531614.449375/5456.234531/43526158.214844/0.000016517
-48/200: 43531550.925057/5460.109784/43526090.815273/0.000001459
-49/200: 43530460.196197/5463.949908/43524996.246289/0.000025056
-50/200: 43530956.088660/5467.728158/43525488.360502/0.000011392
-51/200: 43530986.652104/5471.438356/43525515.213748/0.000000702
-52/200: 43532471.862339/5475.099050/43526996.763289/0.000034118
-53/200: 43530980.866918/5478.740556/43525502.126362/0.000034250
-54/200: 43531691.890760/5482.339893/43526209.550867/0.000016334
-55/200: 43531602.722926/5485.865253/43526116.857673/0.000002048
-56/200: 43531614.902390/5489.350569/43526125.551821/0.000000280
-57/200: 43532021.351040/5492.832966/43526528.518074/0.000009337
-58/200: 43532548.582159/5496.267772/43527052.314387/0.000012111
-59/200: 43532260.430405/5499.655097/43526760.775308/0.000006619
-60/200: 43532381.570310/5502.964048/43526878.606262/0.000002783
-61/200: 43531595.167532/5506.237715/43526088.929817/0.000018065
-62/200: 43533002.338856/5509.483057/43527492.855799/0.000032325
-63/200: 43532317.425931/5512.684582/43526804.741349/0.000015733
-64/200: 43533767.525497/5515.842501/43528251.682996/0.000033311
-65/200: 43533815.767016/5518.977580/43528296.789436/0.000001108
-66/200: 43533659.855456/5522.088735/43528137.766721/0.000003581
-67/200: 43532667.056874/5525.146552/43527141.910322/0.000022805
-68/200: 43532783.550804/5528.149324/43527255.401480/0.000002676
-69/200: 43533027.584222/5531.114048/43527496.470174/0.000005606
-70/200: 43532965.513892/5534.041635/43527431.472257/0.000001426
-71/200: 43533934.853866/5536.947390/43528397.906476/0.000022267
-72/200: 43533435.628600/5539.792475/43527895.836125/0.000011467
-73/200: 43534478.407080/5542.619017/43528935.788063/0.000023954
-74/200: 43534040.187907/5545.418586/43528494.769321/0.000010066
-75/200: 43533692.850463/5548.169521/43528144.680942/0.000007979
-76/200: 43534681.297364/5550.890043/43529130.407321/0.000022705
-77/200: 43534877.843117/5553.587038/43529324.256079/0.000004515
-78/200: 43534856.469598/5556.213035/43529300.256563/0.000000491
-79/200: 43533827.966595/5558.834245/43528269.132350/0.000023625
-80/200: 43534002.313542/5561.405510/43528440.908032/0.000004005
-81/200: 43534574.653058/5563.943718/43529010.709340/0.000013147
-82/200: 43535282.750753/5566.455808/43529716.294945/0.000016265
-83/200: 43534637.213747/5568.941960/43529068.271787/0.000014828
-84/200: 43534468.394834/5571.373873/43528897.020961/0.000003878
-85/200: 43535177.791342/5573.791709/43529603.999633/0.000016295
-86/200: 43535218.772648/5576.167554/43529642.605094/0.000000941
-87/200: 43535330.420014/5578.524152/43529751.895862/0.000002565
-88/200: 43535724.898870/5580.853305/43530144.045565/0.000009061
-89/200: 43535371.666097/5583.147291/43529788.518806/0.000008114
-90/200: 43535721.170649/5585.410615/43530135.760034/0.000008028
-91/200: 43535634.047392/5587.626169/43530046.421223/0.000002001
-92/200: 43536043.430110/5589.823295/43530453.606815/0.000009403
-93/200: 43535821.588974/5591.986641/43530229.602333/0.000005096
-94/200: 43536517.614315/5594.122074/43530923.492241/0.000015987
-95/200: 43536248.013259/5596.238657/43530651.774602/0.000006193
-96/200: 43535857.703857/5598.330328/43530259.373529/0.000008965
-97/200: 43536337.885362/5600.403930/43530737.481432/0.000011030
-98/200: 43536646.293638/5602.437545/43531043.856093/0.000007084
-99/200: 43536783.427315/5604.452718/43531178.974597/0.000003150
Recall at EP-100 ...
  Columns 1 through 7

    0.0672    0.0903    0.1116    0.1306    0.1437    0.1539    0.1629

  Columns 8 through 10

    0.1704    0.1774    0.1828

Mrr at EP-100 ...
    0.0157

-100/200: 43536444.375303/5606.446702/43530837.928601/0.000007788
-101/200: 43536284.024608/5608.392817/43530675.631791/0.000003683
-102/200: 43536689.873905/5610.329187/43531079.544718/0.000009322
-103/200: 43537344.588780/5612.235394/43531732.353386/0.000015038
-104/200: 43536731.536115/5614.112542/43531117.423573/0.000014081
-105/200: 43537281.078618/5615.967463/43531665.111155/0.000012623
-106/200: 43536877.838112/5617.810445/43531260.027667/0.000009262
-107/200: 43537264.898186/5619.639141/43531645.259045/0.000008890
-108/200: 43537745.441369/5621.418036/43532124.023333/0.000011038
-109/200: 43537268.711642/5623.182766/43531645.528876/0.000010950
-110/200: 43537155.314174/5624.928106/43531530.386068/0.000002605
-111/200: 43537957.106997/5626.670093/43532330.436904/0.000018416
-112/200: 43537901.076331/5628.386529/43532272.689802/0.000001287
-113/200: 43537688.871779/5630.072226/43532058.799553/0.000004874
-114/200: 43537527.757592/5631.744137/43531896.013455/0.000003701
-115/200: 43537902.394838/5633.391204/43532269.003634/0.000008605
-116/200: 43537790.344879/5635.013008/43532155.331871/0.000002574
-117/200: 43538315.915102/5636.614911/43532679.300191/0.000012072
-118/200: 43538235.470753/5638.211265/43532597.259488/0.000001848
-119/200: 43538631.328291/5639.778540/43532991.549751/0.000009092
-120/200: 43538416.707287/5641.315853/43532775.391434/0.000004929
-121/200: 43538813.531521/5642.823307/43533170.708214/0.000009114
-122/200: 43538913.784702/5644.313242/43533269.471460/0.000002303
-123/200: 43538650.360126/5645.798907/43533004.561219/0.000006050
-124/200: 43538822.466649/5647.251310/43533175.215339/0.000003953
-125/200: 43538941.979169/5648.686831/43533293.292338/0.000002745
-126/200: 43538956.739272/5650.112501/43533306.626771/0.000000339
-127/200: 43538957.570208/5651.521909/43533306.048299/0.000000019
Start evaluating ...
  Columns 1 through 7

    0.0667    0.0879    0.1101    0.1279    0.1423    0.1534    0.1624

  Columns 8 through 10

    0.1700    0.1772    0.1831

    0.0152

Elapsed time is 18580.950535 seconds.
