nohup: ignoring input

                            < M A T L A B (R) >
                  Copyright 1984-2016 The MathWorks, Inc.
                   R2016a (9.0.0.341360) 64-bit (glnxa64)
                             February 11, 2016

 
To get started, type one of these: helpwin, helpdesk, or demo.
For product information, visit www.mathworks.com.
 

	Academic License

Start learning ...
Init data [Dtype: delicious - Dspec: sp1/2550]
Init social model
Using adagrad ...
Load pretrained shallow-model...
Could not use CUDA
Params [lbd-U: 100.0000|lbd-V: 1.0000|lbd-N: 100.0000|lbd-Q: 0.1000]
Staring Sample 1 - Loc: save/bcdl/delicious-alg61-sp1-cold20170221131601853 
CTR(chongwang)-DAE(User graph) Running - Walks(1)...
-1/200: 43590422.650729/12324.545359/43578098.105370/1.000000000
-2/200: 43532366.783443/12138.095955/43520228.687488/0.001331849
-3/200: 43531341.793839/12137.850258/43519203.943581/0.000023545
-4/200: 43531410.629927/12138.218899/43519272.411028/0.000001581
-5/200: 43530289.128749/12138.634756/43518150.493993/0.000025763
-6/200: 43530354.916328/12139.034979/43518215.881349/0.000001511
-7/200: 43532608.486135/12139.420755/43520469.065380/0.000051770
-8/200: 43533085.499512/12139.793431/43520945.706081/0.000010958
-9/200: 43532743.670979/12140.159490/43520603.511489/0.000007852
-10/200: 43533115.679806/12140.507809/43520975.171997/0.000008545
-11/200: 43532399.363359/12140.845782/43520258.517577/0.000016455
-12/200: 43531774.852784/12141.175042/43519633.677742/0.000014346
-13/200: 43533005.154486/12141.494429/43520863.660057/0.000028262
-14/200: 43533625.652395/12141.802734/43521483.849661/0.000014254
-15/200: 43532768.658584/12142.105936/43520626.552648/0.000019686
-16/200: 43532852.585612/12142.396261/43520710.189351/0.000001928
-17/200: 43533672.910346/12142.675554/43521530.234792/0.000018844
-18/200: 43535113.084106/12142.947726/43522970.136380/0.000033082
-19/200: 43534164.606921/12143.213419/43522021.393502/0.000021786
-20/200: 43534547.086586/12143.468782/43522403.617804/0.000008786
-21/200: 43533323.861765/12143.721986/43521180.139779/0.000028098
-22/200: 43534845.928004/12143.965585/43522701.962419/0.000034963
-23/200: 43535371.634171/12144.203523/43523227.430648/0.000012076
-24/200: 43536045.858854/12144.434006/43523901.424848/0.000015487
-25/200: 43534942.530292/12144.659916/43522797.870376/0.000025343
-26/200: 43535086.990722/12144.881139/43522942.109583/0.000003318
-27/200: 43534595.898672/12145.095671/43522450.803001/0.000011280
-28/200: 43536699.490532/12145.302790/43524554.187742/0.000048320
-29/200: 43536484.245252/12145.505201/43524338.740051/0.000004944
-30/200: 43535865.082513/12145.703457/43523719.379056/0.000014222
-31/200: 43535853.210836/12145.895368/43523707.315468/0.000000273
-32/200: 43536671.034802/12146.084338/43524524.950464/0.000018785
-33/200: 43534281.946410/12146.266435/43522135.679975/0.000054875
-34/200: 43536669.360041/12146.446346/43524522.913695/0.000054840
-35/200: 43534800.813221/12146.619852/43522654.193369/0.000042919
-36/200: 43536324.650175/12146.790575/43524177.859600/0.000035003
-37/200: 43536527.991355/12146.956716/43524381.034639/0.000004671
-38/200: 43536050.827610/12147.119160/43523903.708450/0.000010960
-39/200: 43536716.201839/12147.277177/43524568.924662/0.000015283
-40/200: 43536387.485273/12147.431590/43524240.053683/0.000007550
-41/200: 43537756.099215/12147.584114/43525608.515101/0.000031436
-42/200: 43537937.633138/12147.732344/43525789.900794/0.000004170
-43/200: 43537632.608090/12147.877145/43525484.730945/0.000007006
-44/200: 43537829.991504/12148.016687/43525681.974817/0.000004534
-45/200: 43537615.756616/12148.153616/43525467.603000/0.000004921
-46/200: 43537583.599404/12148.289039/43525435.310365/0.000000739
-47/200: 43538299.220079/12148.419291/43526150.800788/0.000016437
-48/200: 43538233.846078/12148.547095/43526085.298983/0.000001502
-49/200: 43537137.772734/12148.673296/43524989.099438/0.000025175
-50/200: 43537629.859729/12148.794983/43525481.064746/0.000011303
-51/200: 43537656.220486/12148.914026/43525507.306460/0.000000605
-52/200: 43539137.848606/12149.030940/43526988.817666/0.000034031
-53/200: 43537644.837755/12149.145709/43525495.692046/0.000034291
-54/200: 43538349.720450/12149.258289/43526200.462161/0.000016190
-55/200: 43538258.818429/12149.367498/43526109.450931/0.000002088
-56/200: 43538267.237117/12149.473899/43526117.763218/0.000000193
-57/200: 43538672.311612/12149.580038/43526522.731574/0.000009304
-58/200: 43539192.306347/12149.683188/43527042.623159/0.000011943
-59/200: 43538903.710277/12149.783983/43526753.926294/0.000006628
-60/200: 43539020.754972/12149.882110/43526870.872862/0.000002688
-61/200: 43538230.844456/12149.978620/43526080.865836/0.000018143
-62/200: 43539634.529965/12150.072902/43527484.457063/0.000032240
-63/200: 43538945.535500/12150.164835/43526795.370665/0.000015825
-64/200: 43540394.147154/12150.255300/43528243.891854/0.000033272
-65/200: 43540438.303439/12150.344063/43528287.959376/0.000001014
-66/200: 43540280.601249/12150.432053/43528130.169196/0.000003622
-67/200: 43539282.529571/12150.516895/43527132.012676/0.000022923
-68/200: 43539397.991941/12150.599861/43527247.392080/0.000002652
-69/200: 43539637.763518/12150.681127/43527487.082391/0.000005507
-70/200: 43539572.900682/12150.760981/43527422.139701/0.000001490
-71/200: 43540540.098974/12150.839679/43528389.259295/0.000022214
-72/200: 43540036.538235/12150.915227/43527885.623008/0.000011565
-73/200: 43541076.950597/12150.990607/43528925.959990/0.000023896
-74/200: 43540637.703432/12151.064107/43528486.639325/0.000010088
-75/200: 43540285.361681/12151.136005/43528134.225676/0.000008092
-76/200: 43541271.072194/12151.206871/43529119.865323/0.000022639
-77/200: 43541465.232108/12151.276429/43529313.955679/0.000004459
-78/200: 43541441.200889/12151.343759/43529289.857130/0.000000552
-79/200: 43540410.628690/12151.410158/43528259.218532/0.000023669
-80/200: 43540582.995798/12151.475015/43528431.520783/0.000003959
-81/200: 43541153.474636/12151.538999/43529001.935637/0.000013102
-82/200: 43541856.185436/12151.600809/43529704.584627/0.000016139
-83/200: 43541209.813561/12151.662518/43529058.151043/0.000014845
-84/200: 43541039.771576/12151.721648/43528888.049928/0.000003905
-85/200: 43541747.517644/12151.780568/43529595.737076/0.000016255
-86/200: 43541784.875996/12151.838204/43529633.037792/0.000000858
-87/200: 43541893.545174/12151.894803/43529741.650371/0.000002496
-88/200: 43542283.649117/12151.949969/43530131.699148/0.000008959
-89/200: 43541932.597242/12152.004783/43529780.592459/0.000008062
-90/200: 43542277.695402/12152.058117/43530125.637285/0.000007926
-91/200: 43542186.593239/12152.109963/43530034.483276/0.000002092
-92/200: 43542594.103038/12152.161058/43530441.941980/0.000009359
-93/200: 43542370.309980/12152.211051/43530218.098929/0.000005140
-94/200: 43543064.448413/12152.260020/43530912.188393/0.000015942
-95/200: 43542791.731913/12152.308335/43530639.423578/0.000006263
-96/200: 43542402.589327/12152.355813/43530250.233514/0.000008937
-97/200: 43542880.292278/12152.402562/43530727.889716/0.000010971
-98/200: 43543186.392905/12152.448301/43531033.944604/0.000007030
-99/200: 43543319.518331/12152.493251/43531167.025080/0.000003057
Recall at EP-100 ...
  Columns 1 through 7

    0.0015    0.0046    0.0073    0.0095    0.0117    0.0137    0.0152

  Columns 8 through 10

    0.0164    0.0178    0.0192

Mrr at EP-100 ...
   7.3125e-04

-100/200: 43542981.175603/12152.537438/43530828.638165/0.000007770
-101/200: 43542817.069772/12152.580048/43530664.489724/0.000003769
-102/200: 43543222.653314/12152.622615/43531070.030699/0.000009315
-103/200: 43543872.887542/12152.664377/43531720.223165/0.000014933
-104/200: 43543257.496068/12152.704925/43531104.791143/0.000014133
-105/200: 43543807.998944/12152.745052/43531655.253892/0.000012643
-106/200: 43543402.073227/12152.784579/43531249.288648/0.000009322
-107/200: 43543787.243309/12152.823671/43531634.419638/0.000008846
-108/200: 43544264.905851/12152.861559/43532112.044292/0.000010970
-109/200: 43543789.015689/12152.898893/43531636.116796/0.000010929
-110/200: 43543671.154839/12152.935285/43531518.219554/0.000002707
-111/200: 43544474.573998/12152.971923/43532321.602075/0.000018451
-112/200: 43544417.640956/12153.007660/43532264.633296/0.000001307
-113/200: 43544200.341768/12153.042589/43532047.299179/0.000004990
-114/200: 43544039.148337/12153.077185/43531886.071152/0.000003702
-115/200: 43544412.747064/12153.110921/43532259.636143/0.000008580
-116/200: 43544297.694713/12153.144039/43532144.550674/0.000002642
-117/200: 43544820.627025/12153.176499/43532667.450526/0.000012009
-118/200: 43544738.952848/12153.209158/43532585.743690/0.000001876
-119/200: 43545135.421144/12153.240813/43532982.180331/0.000009105
-120/200: 43544918.474088/12153.271459/43532765.202629/0.000004982
-121/200: 43545310.057607/12153.301864/43533156.755743/0.000008993
-122/200: 43545412.841267/12153.331491/43533259.509776/0.000002360
-123/200: 43545147.572549/12153.361235/43532994.211314/0.000006092
-124/200: 43545318.941286/12153.389800/43533165.551486/0.000003935
-125/200: 43545437.895271/12153.418163/43533284.477108/0.000002732
-126/200: 43545450.221035/12153.446274/43533296.774761/0.000000283
-127/200: 43545451.278979/12153.474018/43533297.804961/0.000000024
Start evaluating ...
  Columns 1 through 7

    0.0012    0.0032    0.0051    0.0065    0.0079    0.0091    0.0107

  Columns 8 through 10

    0.0117    0.0129    0.0142

   6.0783e-04

Elapsed time is 18592.750245 seconds.
