nohup: ignoring input

                            < M A T L A B (R) >
                  Copyright 1984-2016 The MathWorks, Inc.
                   R2016a (9.0.0.341360) 64-bit (glnxa64)
                             February 11, 2016

 
To get started, type one of these: helpwin, helpdesk, or demo.
For product information, visit www.mathworks.com.
 

	Academic License

Start learning ...
Init data [Dtype: delicious - Dspec: sp1/2550]
Init social model
Using adagrad ...
Could not use CUDA
Params [lbd-U: 10.0000|lbd-V: 1.0000|lbd-N: 10.0000|lbd-Q: 0.1000]
Staring Sample 1 - Loc: save/ctr/delicious-alg80-sp1-cold20170221214429820 
CTR(chongwang) Running ...

iter time likelihood:[r:u:v] converge
0001 000105 -13038.50000:[0.00000:0.00000:0.00000] 1.0000000000
0002 000185 -12777.31684:[553.67860:-89.42013:-135.56804] 0.0200316879
0003 000276 -12636.92809:[1202.18489:-289.87882:-225.62344] 0.0109873418
0004 000367 -12574.23433:[1442.48432:-351.22979:-319.29593] 0.0049611551
0005 000450 -12405.01704:[2125.99117:-528.56036:-612.00451] 0.0134574629
0006 000534 -12101.30027:[3623.66898:-975.46758:-1174.29624] 0.0244833815
0007 000619 -11880.34037:[5235.49963:-1558.27177:-1682.43661] 0.0182591867
0008 000699 -11803.14600:[6155.09676:-1937.75144:-1949.01199] 0.0064976567
0009 000791 -11779.82423:[6556.25506:-2112.24627:-2064.78469] 0.0019758939
0010 000871 -11770.62320:[6726.11861:-2185.64220:-2114.69742] 0.0007810843
0011 000961 -11765.56692:[6803.50341:-2217.23168:-2137.88360] 0.0004295678
0012 001065 -11762.23496:[6843.14303:-2231.86815:-2149.96938] 0.0002831958
0013 001145 -11759.88012:[6866.15432:-2239.31727:-2157.11867] 0.0002002029
0014 001252 -11758.17694:[6881.04055:-2243.48191:-2161.85880] 0.0001448302
0015 001346 -11756.94115:[6891.48564:-2246.00535:-2165.29490] 0.0001051006
0016 001438 -11756.05233:[6899.23737:-2247.63031:-2167.95040] 0.0000755989
0017 001542 -11755.42587:[6905.21108:-2248.72091:-2170.09598] 0.0000532888
0018 001622 -11754.99985:[6909.93433:-2249.47128:-2171.88440] 0.0000362406
0019 001703 -11754.72784:[6913.73767:-2249.99343:-2173.40905] 0.0000231392
0020 001783 -11754.57441:[6916.84262:-2250.35663:-2174.73095] 0.0000130529
0021 001870 -11754.51203:[6919.40550:-2250.60617:-2175.89222] 0.0000053069
Start evaluating ...
  Columns 1 through 7

    0.0499    0.0642    0.0692    0.0730    0.0759    0.0776    0.0794

  Columns 8 through 10

    0.0809    0.0819    0.0826

    0.0079

Elapsed time is 1941.653757 seconds.
