nohup: ignoring input

                            < M A T L A B (R) >
                  Copyright 1984-2016 The MathWorks, Inc.
                   R2016a (9.0.0.341360) 64-bit (glnxa64)
                             February 11, 2016

 
To get started, type one of these: helpwin, helpdesk, or demo.
For product information, visit www.mathworks.com.
 

	Academic License

Start learning ...
Init data [Dtype: delicious - Dspec: sp1/2550]
Init social model
Using adagrad ...
Could not use CUDA
Params [lbd-U: 0.1000|lbd-V: 100.0000|lbd-N: 0.1000|lbd-Q: 0.1000]
Staring Sample 1 - Loc: save/ctr/delicious-alg80-sp1-cold20170221214430184 
CTR(chongwang) Running ...

iter time likelihood:[r:u:v] converge
0001 000151 -13038.50000:[0.00000:0.00000:-0.00000] 1.0000000000
0002 000235 -11981.34403:[2410.54458:-238.77015:-274.55512] 0.0810795696
0003 000348 -11089.82994:[5115.92760:-938.02002:-1009.36068] 0.0744085214
0004 000469 -10665.79911:[7472.51683:-1808.90946:-1545.91714] 0.0382360084
0005 000557 -10590.87376:[8206.71420:-2140.59707:-1694.24739] 0.0070248230
0006 000657 -10579.12786:[8367.01286:-2215.58731:-1732.19735] 0.0011090583
0007 000745 -10586.86115:[8396.84723:-2233.13651:-1748.16459] 0.0007309947
0008 000867 -10604.62760:[8387.78172:-2236.59033:-1759.27234] 0.0016781608
0009 000958 -10627.82801:[8362.45264:-2235.11424:-1768.79167] 0.0021877628
0010 001038 -10653.75485:[8329.04132:-2231.24566:-1777.39723] 0.0024395233
0011 001119 -10680.77524:[8291.52474:-2225.99677:-1785.25475] 0.0025362318
0012 001200 -10707.91286:[8252.13832:-2219.90221:-1792.43015] 0.0025407917
0013 001281 -10734.59824:[8212.20491:-2213.28734:-1798.97318] 0.0024921172
0014 001361 -10760.50859:[8172.51964:-2206.36204:-1804.93143] 0.0024137237
0015 001442 -10785.46785:[8133.56284:-2199.26611:-1810.35079] 0.0023195246
0016 001523 -10809.38688:[8095.62423:-2192.09535:-1815.27451] 0.0022177086
0017 001603 -10832.22795:[8058.87654:-2184.91723:-1819.74252] 0.0021130777
0018 001702 -10853.98324:[8023.42042:-2177.78065:-1823.79118] 0.0020083854
0019 001783 -10874.66129:[7989.31266:-2170.72213:-1827.45317] 0.0019051115
0020 001864 -10894.27855:[7956.58446:-2163.77013:-1830.75769] 0.0018039424
0021 001946 -10912.85446:[7925.25294:-2156.94799:-1833.73087] 0.0017051069
0022 002026 -10930.40900:[7895.32791:-2150.27594:-1836.39636] 0.0016086106
0023 002107 -10946.96179:[7866.81527:-2143.77224:-1838.77577] 0.0015143805
0024 002187 -10962.53206:[7839.71845:-2137.45373:-1840.88912] 0.0014223369
0025 002267 -10977.13875:[7814.03869:-2131.33594:-1842.75508] 0.0013324189
0026 002348 -10990.80078:[7789.77502:-2125.43312:-1844.39119] 0.0012445896
0027 002428 -11003.53738:[7766.92390:-2119.75823:-1845.81398] 0.0011588420
0028 002508 -11015.36850:[7745.47872:-2114.32287:-1847.03922] 0.0010752101
0029 002596 -11026.31532:[7725.42910:-2109.13720:-1848.08203] 0.0009937773
0030 002676 -11036.40078:[7706.76033:-2104.20992:-1848.95719] 0.0009146718
0031 002757 -11045.64978:[7689.45308:-2099.54817:-1849.67921] 0.0008380448
0032 002837 -11054.08920:[7673.48365:-2095.15761:-1850.26244] 0.0007640498
0033 002917 -11061.74786:[7658.82412:-2091.04248:-1850.72103] 0.0006928345
0034 002998 -11068.65629:[7645.44257:-2087.20547:-1851.06884] 0.0006245338
0035 003078 -11074.84642:[7633.30331:-2083.64771:-1851.31917] 0.0005592479
0036 003158 -11080.35093:[7622.36744:-2080.36869:-1851.48455] 0.0004970282
0037 003239 -11085.20278:[7612.59342:-2077.36634:-1851.57649] 0.0004378794
0038 003319 -11089.43485:[7603.93763:-2074.63716:-1851.60541] 0.0003817761
0039 003412 -11093.07988:[7596.35449:-2072.17633:-1851.58070] 0.0003286942
0040 003523 -11096.17074:[7589.79641:-2069.97782:-1851.51081] 0.0002786292
0041 003605 -11098.74030:[7584.21388:-2068.03440:-1851.40334] 0.0002315716
0042 003687 -11100.82134:[7579.55582:-2066.33776:-1851.26516] 0.0001875027
0043 003787 -11102.44674:[7575.76967:-2064.87865:-1851.10253] 0.0001464219
0044 003868 -11103.64992:[7572.80094:-2063.64686:-1850.92132] 0.0001083702
0045 003947 -11104.46542:[7570.59240:-2062.63113:-1850.72703] 0.0000734448
0046 004027 -11104.92936:[7569.08331:-2061.81891:-1850.52490] 0.0000417793
0047 004106 -11105.07899:[7568.20963:-2061.19628:-1850.31970] 0.0000134738
0048 004186 -11104.95178:[7567.90539:-2060.74817:-1850.11561] 0.0000114550
0049 004266 -11104.58429:[7568.10469:-2060.45880:-1849.91611] 0.0000330923
0050 004346 -11104.01101:[7568.74378:-2060.31219:-1849.72389] 0.0000516258
0051 004425 -11103.26361:[7569.76258:-2060.29260:-1849.54081] 0.0000673087
0052 004504 -11102.37089:[7571.10531:-2060.38491:-1849.36808] 0.0000804017
0053 004582 -11101.35899:[7572.72046:-2060.57474:-1849.20637] 0.0000911423
0054 004661 -11100.25149:[7574.56069:-2060.84846:-1849.05588] 0.0000997631
0055 004740 -11099.06918:[7576.58304:-2061.19322:-1848.91631] 0.0001065114
0056 004819 -11097.83013:[7578.74910:-2061.59705:-1848.78694] 0.0001116360
0057 004897 -11096.54968:[7581.02519:-2062.04901:-1848.66677] 0.0001153780
0058 004976 -11095.24072:[7583.38216:-2062.53921:-1848.55456] 0.0001179608
0059 005056 -11093.91428:[7585.79469:-2063.05888:-1848.44906] 0.0001195508
0060 005135 -11092.58000:[7588.24059:-2063.60026:-1848.34916] 0.0001202710
0061 005213 -11091.24625:[7590.70046:-2064.15644:-1848.25382] 0.0001202380
0062 005292 -11089.92029:[7593.15740:-2064.72139:-1848.16221] 0.0001195501
0063 005371 -11088.60858:[7595.59672:-2065.28994:-1848.07383] 0.0001182796
0064 005450 -11087.31695:[7598.00579:-2065.85778:-1847.98853] 0.0001164827
0065 005529 -11086.05091:[7600.37339:-2066.42134:-1847.90649] 0.0001141878
0066 005609 -11084.81587:[7602.68919:-2066.97750:-1847.82803] 0.0001114055
0067 005688 -11083.61690:[7604.94345:-2067.52335:-1847.75352] 0.0001081626
0068 005767 -11082.45833:[7607.12763:-2068.05618:-1847.68316] 0.0001045301
0069 005846 -11081.34318:[7609.23517:-2068.57369:-1847.61704] 0.0001006228
0070 005925 -11080.27313:[7611.26192:-2069.07414:-1847.55502] 0.0000965638
0071 006004 -11079.24909:[7613.20547:-2069.55636:-1847.49703] 0.0000924203
0072 006083 -11078.27188:[7615.06406:-2070.01959:-1847.44318] 0.0000882017
0073 006162 -11077.34188:[7616.83691:-2070.46333:-1847.39360] 0.0000839477
0074 006241 -11076.45905:[7618.52422:-2070.88739:-1847.34847] 0.0000796967
0075 006321 -11075.62330:[7620.12670:-2071.29183:-1847.30805] 0.0000754531
0076 006400 -11074.83439:[7621.64543:-2071.67687:-1847.27272] 0.0000712291
0077 006479 -11074.09141:[7623.08248:-2072.04288:-1847.24267] 0.0000670873
0078 006558 -11073.39264:[7624.44111:-2072.39044:-1847.21793] 0.0000630995
0079 006637 -11072.73621:[7625.72494:-2072.72029:-1847.19840] 0.0000592805
0080 006716 -11072.12014:[7626.93767:-2073.03321:-1847.18396] 0.0000556385
0081 006795 -11071.54233:[7628.08306:-2073.32999:-1847.17433] 0.0000521861
0082 006874 -11071.00049:[7629.16498:-2073.61139:-1847.16917] 0.0000489397
0083 006953 -11070.49218:[7630.18745:-2073.87822:-1847.16810] 0.0000459137
0084 007032 -11070.01494:[7631.15461:-2074.13139:-1847.17074] 0.0000431091
0085 007111 -11069.56646:[7632.07051:-2074.37184:-1847.17675] 0.0000405131
0086 007190 -11069.14451:[7632.93896:-2074.60045:-1847.18575] 0.0000381180
0087 007270 -11068.74703:[7633.76341:-2074.81801:-1847.19739] 0.0000359082
0088 007349 -11068.37252:[7634.54649:-2075.02524:-1847.21147] 0.0000338351
0089 007428 -11068.01964:[7635.29054:-2075.22277:-1847.22782] 0.0000318823
0090 007507 -11067.68688:[7635.99797:-2075.41116:-1847.24615] 0.0000300645
0091 007586 -11067.37272:[7636.67127:-2075.59097:-1847.26620] 0.0000283854
0092 007666 -11067.07580:[7637.31281:-2075.76278:-1847.28778] 0.0000268289
0093 007745 -11066.79496:[7637.92464:-2075.92709:-1847.31071] 0.0000253764
0094 007824 -11066.52930:[7638.50833:-2076.08428:-1847.33480] 0.0000240049
0095 007904 -11066.27815:[7639.06492:-2076.23461:-1847.35988] 0.0000226943
0096 007982 -11066.04080:[7639.59537:-2076.37829:-1847.38570] 0.0000214480
0097 008061 -11065.81643:[7640.10078:-2076.51551:-1847.41203] 0.0000202754
0098 008140 -11065.60413:[7640.58245:-2076.64651:-1847.43865] 0.0000191855
0099 008218 -11065.40294:[7641.04186:-2076.77159:-1847.46535] 0.0000181818
0100 008297 -11065.21193:[7641.48056:-2076.89113:-1847.49201] 0.0000172616
0101 008392 -11065.03013:[7641.90020:-2077.00551:-1847.51852] 0.0000164301
0102 008471 -11064.85651:[7642.30264:-2077.11517:-1847.54479] 0.0000156910
0103 008550 -11064.69028:[7642.68947:-2077.22055:-1847.57082] 0.0000150227
0104 008629 -11064.53095:[7643.06178:-2077.32197:-1847.59656] 0.0000143998
0105 008708 -11064.37812:[7643.42028:-2077.41958:-1847.62193] 0.0000138129
0106 008786 -11064.23143:[7643.76555:-2077.51350:-1847.64685] 0.0000132581
0107 008866 -11064.09044:[7644.09822:-2077.60385:-1847.67124] 0.0000127423
0108 008945 -11063.95456:[7644.41924:-2077.69083:-1847.69498] 0.0000122816
0109 009024 -11063.82316:[7644.72969:-2077.77472:-1847.71799] 0.0000118768
0110 009103 -11063.69561:[7645.03068:-2077.85578:-1847.74019] 0.0000115284
0111 009183 -11063.57108:[7645.32347:-2077.93423:-1847.76140] 0.0000112554
0112 009261 -11063.44857:[7645.60962:-2078.01031:-1847.78145] 0.0000110735
0113 009340 -11063.32718:[7645.89073:-2078.08437:-1847.80028] 0.0000109722
0114 009418 -11063.20633:[7646.16812:-2078.15676:-1847.81792] 0.0000109230
0115 009497 -11063.08581:[7646.44264:-2078.22782:-1847.83451] 0.0000108943
0116 009575 -11062.96571:[7646.71450:-2078.29774:-1847.85018] 0.0000108553
0117 009654 -11062.84632:[7646.98349:-2078.36658:-1847.86505] 0.0000107927
0118 009732 -11062.72776:[7647.24937:-2078.43430:-1847.87914] 0.0000107169
0119 009811 -11062.61017:[7647.51184:-2078.50085:-1847.89243] 0.0000106292
0120 009889 -11062.49380:[7647.77040:-2078.56610:-1847.90490] 0.0000105191
0121 009968 -11062.37880:[7648.02456:-2078.62988:-1847.91646] 0.0000103951
0122 010046 -11062.26504:[7648.27418:-2078.69203:-1847.92698] 0.0000102837
0123 010125 -11062.15239:[7648.51935:-2078.75252:-1847.93641] 0.0000101834
0124 010203 -11062.04095:[7648.76007:-2078.81144:-1847.94485] 0.0000100737
0125 010282 -11061.93088:[7648.99630:-2078.86888:-1847.95243] 0.0000099504
Start evaluating ...
  Columns 1 through 7

    0.0600    0.0764    0.0824    0.0864    0.0895    0.0921    0.0954

  Columns 8 through 10

    0.0981    0.1001    0.1018

    0.0106

Elapsed time is 10342.131934 seconds.
