nohup: ignoring input

                            < M A T L A B (R) >
                  Copyright 1984-2016 The MathWorks, Inc.
                   R2016a (9.0.0.341360) 64-bit (glnxa64)
                             February 11, 2016

 
To get started, type one of these: helpwin, helpdesk, or demo.
For product information, visit www.mathworks.com.
 

	Academic License

Start learning ...
Init data [Dtype: delicious - Dspec: sp1/2550]
Init social model
Using adagrad ...
Load pretrained shallow-model...
Could not use CUDA
Params [lbd-U: 0.1000|lbd-V: 100.0000|lbd-N: 0.1000|lbd-Q: 0.1000]
Staring Sample 1 - Loc: save/bcdl/delicious-alg61-sp1-cold20170221131600910 
CTR(chongwang)-DAE(User graph) Running - Walks(1)...
-1/200: 56489.265528/12911.167423/43578.098105/1.000000000
-2/200: 56299.802371/12801.354207/43498.448164/0.003353967
-3/200: 55809.251318/12314.072765/43495.178553/0.008713193
-4/200: 55527.720489/12034.084794/43493.635695/0.005044519
-5/200: 55401.713465/11910.715596/43490.997869/0.002269263
-6/200: 55345.875248/11856.340790/43489.534458/0.001007879
-7/200: 55328.325899/11837.959898/43490.366001/0.000317085
-8/200: 55329.570296/11840.142036/43489.428260/0.000022491
-9/200: 55341.831870/11854.134622/43487.697248/0.000221610
-10/200: 55361.567853/11874.699024/43486.868829/0.000356620
-11/200: 55383.891120/11898.792046/43485.099074/0.000403227
-12/200: 55407.691011/11924.620498/43483.070513/0.000429726
-13/200: 55434.211594/11951.098245/43483.113349/0.000478644
-14/200: 55459.881848/11977.583843/43482.298005/0.000463076
-15/200: 55483.654572/12003.719494/43479.935078/0.000428647
-16/200: 55508.300667/12029.236183/43479.064484/0.000444205
-17/200: 55532.820021/12053.982422/43478.837599/0.000441724
-18/200: 55556.920483/12077.865178/43479.055305/0.000433986
-19/200: 55577.650689/12100.842144/43476.808545/0.000373135
-20/200: 55598.908468/12122.843037/43476.065431/0.000382488
-21/200: 55617.360816/12143.866114/43473.494702/0.000331883
-22/200: 55637.542162/12163.876421/43473.665741/0.000362861
-23/200: 55655.871936/12182.852405/43473.019531/0.000329450
-24/200: 55673.129138/12200.780752/43472.348386/0.000310070
-25/200: 55687.637628/12217.679695/43469.957933/0.000260601
-26/200: 55702.306604/12233.531699/43468.774905/0.000263415
-27/200: 55715.575137/12248.346767/43467.228370/0.000238204
-28/200: 55730.333868/12262.135568/43468.198300/0.000264894
-29/200: 55741.787867/12274.908424/43466.879443/0.000205525
-30/200: 55751.589726/12286.691267/43464.898459/0.000175844
-31/200: 55761.497278/12297.502752/43463.994526/0.000177709
-32/200: 55770.608007/12307.370498/43463.237509/0.000163387
-33/200: 55776.465274/12316.320301/43460.144973/0.000105024
-34/200: 55785.275847/12324.371694/43460.904153/0.000157962
-35/200: 55789.752349/12331.563285/43458.189064/0.000080245
-36/200: 55796.044730/12337.923210/43458.121520/0.000112787
-37/200: 55800.633082/12343.494504/43457.138578/0.000082234
-38/200: 55804.115010/12348.290714/43455.824296/0.000062399
-39/200: 55807.375469/12352.368695/43455.006774/0.000058427
-40/200: 55809.542145/12355.749568/43453.792577/0.000038824
-41/200: 55811.771576/12358.484698/43453.286878/0.000039947
-42/200: 55813.078697/12360.603383/43452.475314/0.000023420
-43/200: 55813.630494/12362.148928/43451.481566/0.000009887
-44/200: 55813.550635/12363.149968/43450.400667/0.000001431
-45/200: 55812.598078/12363.667951/43448.930127/0.000017067
-46/200: 55811.566688/12363.724532/43447.842156/0.000018480
-47/200: 55810.809600/12363.369429/43447.440171/0.000013565
-48/200: 55808.713686/12362.641377/43446.072309/0.000037554
-49/200: 55805.712955/12361.583935/43444.129020/0.000053768
-50/200: 55803.673597/12360.229850/43443.443747/0.000036544
-51/200: 55801.209659/12358.619915/43442.589744/0.000044154
-52/200: 55799.466312/12356.775562/43442.690750/0.000031242
-53/200: 55794.881185/12354.745262/43440.135923/0.000082172
-54/200: 55791.625198/12352.545420/43439.079778/0.000058356
-55/200: 55788.883944/12350.207107/43438.676837/0.000049134
-56/200: 55785.253012/12347.753523/43437.499489/0.000065083
-57/200: 55780.974463/12345.213083/43435.761380/0.000076697
-58/200: 55777.977124/12342.598553/43435.378571/0.000053734
-59/200: 55773.626576/12339.941313/43433.685263/0.000077998
-60/200: 55770.599877/12337.236637/43433.363240/0.000054268
-61/200: 55766.397715/12334.509363/43431.888352/0.000075347
-62/200: 55763.555589/12331.775108/43431.780481/0.000050965
-63/200: 55758.970911/12329.038764/43429.932147/0.000082216
-64/200: 55756.689476/12326.315118/43430.374358/0.000040916
-65/200: 55752.460610/12323.610082/43428.850528/0.000075845
-66/200: 55747.961863/12320.920415/43427.041448/0.000080691
-67/200: 55743.622715/12318.261203/43425.361512/0.000077835
-68/200: 55740.359081/12315.625481/43424.733600/0.000058547
-69/200: 55736.570279/12313.021139/43423.549140/0.000067972
-70/200: 55732.730733/12310.450512/43422.280221/0.000068887
-71/200: 55729.771184/12307.912271/43421.858913/0.000053103
-72/200: 55726.449929/12305.400403/43421.049526/0.000059596
-73/200: 55722.758712/12302.923910/43419.834802/0.000066238
-74/200: 55718.893439/12300.481159/43418.412280/0.000069366
-75/200: 55715.380027/12298.064269/43417.315758/0.000063056
-76/200: 55712.735446/12295.673028/43417.062418/0.000047466
-77/200: 55709.234303/12293.313976/43415.920327/0.000062843
-78/200: 55706.637481/12290.976134/43415.661347/0.000046614
-79/200: 55701.796681/12288.664595/43413.132086/0.000086898
-80/200: 55698.394548/12286.379983/43412.014565/0.000061078
-81/200: 55695.428560/12284.117679/43411.310881/0.000053251
-82/200: 55692.776102/12281.878436/43410.897666/0.000047624
-83/200: 55688.843749/12279.660722/43409.183027/0.000070608
-84/200: 55685.432067/12277.466108/43407.965959/0.000061263
-85/200: 55682.549516/12275.291781/43407.257735/0.000051765
-86/200: 55680.161579/12273.139744/43407.021835/0.000042885
-87/200: 55676.566169/12271.004524/43405.561645/0.000064573
-88/200: 55673.490035/12268.890728/43404.599307/0.000055250
-89/200: 55669.947271/12266.795542/43403.151729/0.000063635
-90/200: 55666.954015/12264.720547/43402.233468/0.000053768
-91/200: 55664.748436/12262.657665/43402.090771/0.000039621
-92/200: 55661.556048/12260.615573/43400.940475/0.000057350
-93/200: 55658.028763/12258.589649/43399.439114/0.000063370
-94/200: 55656.142285/12256.582704/43399.559581/0.000033894
-95/200: 55652.729601/12254.590338/43398.139263/0.000061317
-96/200: 55648.934268/12252.613284/43396.320984/0.000068197
-97/200: 55645.631740/12250.658634/43394.973106/0.000059346
-98/200: 55643.296599/12248.714888/43394.581711/0.000041965
-99/200: 55640.827862/12246.785101/43394.042761/0.000044367
Recall at EP-100 ...
  Columns 1 through 7

    0.0368    0.0584    0.0656    0.0695    0.0728    0.0755    0.0778

  Columns 8 through 10

    0.0791    0.0806    0.0817

Mrr at EP-100 ...
    0.0064

-100/200: 55636.347588/12244.871654/43391.475934/0.000080521
-101/200: 55634.550376/12242.969372/43391.581004/0.000032303
-102/200: 55630.906583/12241.085156/43389.821427/0.000065495
-103/200: 55629.058807/12239.213664/43389.845143/0.000033215
-104/200: 55625.935957/12237.355761/43388.580196/0.000056137
-105/200: 55623.142116/12235.509435/43387.632681/0.000050226
-106/200: 55619.614309/12233.678483/43385.935826/0.000063423
-107/200: 55616.678969/12231.860678/43384.818291/0.000052775
-108/200: 55615.965774/12230.054259/43385.911515/0.000012823
-109/200: 55611.807115/12228.258291/43383.548824/0.000074775
-110/200: 55609.069806/12226.474688/43382.595118/0.000049222
-111/200: 55605.165622/12224.708977/43380.456645/0.000070208
-112/200: 55603.124654/12222.952665/43380.171989/0.000036705
-113/200: 55600.367321/12221.205820/43379.161501/0.000049590
-114/200: 55597.017272/12219.474831/43377.542441/0.000060252
-115/200: 55594.097867/12217.754497/43376.343370/0.000052510
-116/200: 55591.835129/12216.043187/43375.791942/0.000040701
-117/200: 55590.054537/12214.341734/43375.712803/0.000032030
-118/200: 55586.010986/12212.651280/43373.359706/0.000072739
-119/200: 55583.534951/12210.976498/43372.558453/0.000044544
-120/200: 55582.030366/12209.304202/43372.726164/0.000027069
-121/200: 55579.252104/12207.644617/43371.607487/0.000049985
-122/200: 55576.672522/12205.994246/43370.678276/0.000046413
-123/200: 55572.714680/12204.356039/43368.358641/0.000071214
-124/200: 55571.645346/12202.728088/43368.917258/0.000019242
-125/200: 55568.731179/12201.109005/43367.622174/0.000052440
-126/200: 55565.412273/12199.499427/43365.912846/0.000059726
-127/200: 55562.485835/12197.901639/43364.584196/0.000052667
-128/200: 55559.600683/12196.313209/43363.287474/0.000051926
-129/200: 55559.146471/12194.728769/43364.417702/0.000008175
-130/200: 55555.633049/12193.155558/43362.477491/0.000063237
-131/200: 55552.092790/12191.593500/43360.499290/0.000063725
-132/200: 55549.724865/12190.039578/43359.685287/0.000042625
-133/200: 55546.718397/12188.497219/43358.221178/0.000054122
-134/200: 55545.288163/12186.962586/43358.325577/0.000025748
-135/200: 55542.097920/12185.435456/43356.662464/0.000057435
-136/200: 55539.999501/12183.914592/43356.084909/0.000037781
-137/200: 55537.245696/12182.405125/43354.840571/0.000049582
-138/200: 55535.366771/12180.901179/43354.465592/0.000033832
-139/200: 55532.962409/12179.404987/43353.557422/0.000043294
-140/200: 55529.993947/12177.916205/43352.077742/0.000053454
-141/200: 55525.953194/12176.441154/43349.512040/0.000072767
-142/200: 55525.022357/12174.970219/43350.052138/0.000016764
-143/200: 55521.460279/12173.508347/43347.951932/0.000064153
-144/200: 55520.464680/12172.051280/43348.413400/0.000017932
-145/200: 55517.149247/12170.606252/43346.542995/0.000059716
-146/200: 55515.501164/12169.166021/43346.335143/0.000029686
-147/200: 55513.370744/12167.729544/43345.641200/0.000038375
-148/200: 55510.460660/12166.303916/43344.156744/0.000052421
-149/200: 55508.013221/12164.885639/43343.127582/0.000044090
-150/200: 55505.222957/12163.474518/43341.748439/0.000050268
-151/200: 55502.597148/12162.068814/43340.528334/0.000047307
-152/200: 55500.562043/12160.672426/43339.889617/0.000036667
-153/200: 55499.115860/12159.283123/43339.832737/0.000026057
-154/200: 55496.247613/12157.896673/43338.350940/0.000051681
-155/200: 55493.740546/12156.518788/43337.221758/0.000045175
-156/200: 55490.812020/12155.149278/43335.662742/0.000052772
-157/200: 55488.552142/12153.785517/43334.766625/0.000040725
-158/200: 55487.279006/12152.430448/43334.848558/0.000022944
-159/200: 55483.630115/12151.080639/43332.549476/0.000065761
-160/200: 55481.331984/12149.735907/43331.596077/0.000041420
-161/200: 55480.343399/12148.399665/43331.943734/0.000017818
-162/200: 55477.679452/12147.067580/43330.611872/0.000048016
-163/200: 55475.681506/12145.740915/43329.940591/0.000036014
-164/200: 55471.537632/12144.422707/43327.114925/0.000074697
-165/200: 55470.783771/12143.109937/43327.673834/0.000013590
-166/200: 55467.385267/12141.804831/43325.580436/0.000061267
-167/200: 55466.187602/12140.499644/43325.687958/0.000021592
-168/200: 55464.053676/12139.204372/43324.849304/0.000038473
-169/200: 55461.316858/12137.915267/43323.401591/0.000049344
-170/200: 55458.053064/12136.628736/43321.424328/0.000058848
-171/200: 55455.958403/12135.354199/43320.604204/0.000037770
-172/200: 55455.687284/12134.082367/43321.604917/0.000004889
-173/200: 55451.326737/12132.815156/43318.511581/0.000078631
-174/200: 55448.822982/12131.556958/43317.266024/0.000045152
-175/200: 55448.268233/12130.299982/43317.968251/0.000010005
-176/200: 55443.637748/12129.052035/43314.585713/0.000083510
-177/200: 55442.553546/12127.809989/43314.743557/0.000019555
-178/200: 55442.166176/12126.569026/43315.597150/0.000006987
-179/200: 55438.925433/12125.333586/43313.591847/0.000058453
-180/200: 55436.733977/12124.106272/43312.627705/0.000039529
-181/200: 55433.297205/12122.884827/43310.412378/0.000061994
-182/200: 55432.547884/12121.665439/43310.882445/0.000013518
-183/200: 55428.860438/12120.454076/43308.406362/0.000066521
-184/200: 55426.661899/12119.247812/43307.414087/0.000039664
-185/200: 55425.121462/12118.044647/43307.076815/0.000027792
-186/200: 55422.583827/12116.847698/43305.736129/0.000045785
-187/200: 55421.706499/12115.653089/43306.053410/0.000015830
-188/200: 55418.570325/12114.470745/43304.099580/0.000056587
-189/200: 55416.177025/12113.286180/43302.890845/0.000043186
-190/200: 55414.293503/12112.107569/43302.185934/0.000033989
-191/200: 55411.995885/12110.935967/43301.059918/0.000041463
-192/200: 55409.590978/12109.768231/43299.822747/0.000043400
-193/200: 55407.227877/12108.603766/43298.624111/0.000042648
-194/200: 55405.411146/12107.445431/43297.965715/0.000032789
-195/200: 55402.287394/12106.294605/43295.992789/0.000056380
-196/200: 55402.109398/12105.145525/43296.963873/0.000003213
-197/200: 55399.903656/12103.996439/43295.907217/0.000039813
-198/200: 55398.189349/12102.857403/43295.331946/0.000030944
-199/200: 55395.436250/12101.719196/43293.717054/0.000049697
-200/200: 55393.196515/12100.583700/43292.612815/0.000040432
Start evaluating ...
  Columns 1 through 7

    0.0373    0.0582    0.0659    0.0699    0.0732    0.0756    0.0779

  Columns 8 through 10

    0.0792    0.0806    0.0814

    0.0064

Elapsed time is 26867.008752 seconds.
