nohup: ignoring input

                            < M A T L A B (R) >
                  Copyright 1984-2016 The MathWorks, Inc.
                   R2016a (9.0.0.341360) 64-bit (glnxa64)
                             February 11, 2016

 
To get started, type one of these: helpwin, helpdesk, or demo.
For product information, visit www.mathworks.com.
 

	Academic License

Start learning ...
Init data [Dtype: delicious - Dspec: sp1/2550]
Init social model
Using adagrad ...
Load pretrained shallow-model...
Could not use CUDA
Params [lbd-U: 0.1000|lbd-V: 1.0000|lbd-N: 0.1000|lbd-Q: 0.1000]
Staring Sample 1 - Loc: save/bcdl/delicious-alg61-sp1-cold20170221131600253 
CTR(chongwang)-DAE(User graph) Running - Walks(1)...
-1/200: 49329.143051/5751.044946/43578.098105/1.000000000
-2/200: 47437.248674/3938.800510/43498.448164/0.038352468
-3/200: 46622.387285/3120.292065/43502.095220/0.017177670
-4/200: 46413.804603/2900.458982/43513.345621/0.004473874
-5/200: 46308.217685/2793.049350/43515.168335/0.002274903
-6/200: 46247.650610/2732.060228/43515.590382/0.001307912
-7/200: 46212.750487/2694.937223/43517.813264/0.000754636
-8/200: 46189.345958/2670.976752/43518.369206/0.000506452
-9/200: 46172.799171/2654.682837/43518.116334/0.000358238
-10/200: 46161.575576/2643.072224/43518.503352/0.000243078
-11/200: 46152.266561/2634.455386/43517.811175/0.000201662
-12/200: 46145.049710/2627.838820/43517.210890/0.000156370
-13/200: 46141.030341/2622.617234/43518.413107/0.000087103
-14/200: 46137.389877/2618.408605/43518.981272/0.000078899
-15/200: 46133.150099/2614.962724/43518.187375/0.000091895
-16/200: 46130.449031/2612.108198/43518.340833/0.000058549
-17/200: 46128.875974/2609.723570/43519.152404/0.000034100
-18/200: 46128.164809/2607.719879/43520.444930/0.000015417
-19/200: 46125.714846/2606.029389/43519.685457/0.000053112
-20/200: 46124.612844/2604.599002/43520.013842/0.000023891
-21/200: 46122.257700/2603.386741/43518.870959/0.000051060
-22/200: 46122.763009/2602.358204/43520.404805/0.000010956
-23/200: 46122.369159/2601.484051/43520.885108/0.000008539
-24/200: 46122.237659/2600.740917/43521.496742/0.000002851
-25/200: 46120.475156/2600.108407/43520.366749/0.000038214
-26/200: 46120.179275/2599.569247/43520.610028/0.000006415
-27/200: 46119.257508/2599.108370/43520.149138/0.000019986
-28/200: 46120.876118/2598.712896/43522.163222/0.000035096
-29/200: 46120.391319/2598.372469/43522.018850/0.000010511
-30/200: 46119.510460/2598.077706/43521.432754/0.000019099
-31/200: 46119.314545/2597.820296/43521.494249/0.000004248
-32/200: 46119.852028/2597.593554/43522.258474/0.000011654
-33/200: 46117.324181/2597.391326/43519.932855/0.000054810
-34/200: 46119.434992/2597.208762/43522.226230/0.000045770
-35/200: 46117.497833/2597.041410/43520.456423/0.000042003
-36/200: 46118.916756/2596.885723/43522.031033/0.000030768
-37/200: 46118.919744/2596.738826/43522.180918/0.000000065
-38/200: 46118.308225/2596.598300/43521.709925/0.000013260
-39/200: 46118.767059/2596.462201/43522.304858/0.000009949
-40/200: 46118.465157/2596.328900/43522.136257/0.000006546
-41/200: 46119.644813/2596.197739/43523.447074/0.000025579
-42/200: 46119.619057/2596.067088/43523.551969/0.000000558
-43/200: 46119.255683/2595.936846/43523.318837/0.000007879
-44/200: 46119.389683/2595.805926/43523.583757/0.000002906
-45/200: 46119.006617/2595.674378/43523.332239/0.000008306
-46/200: 46119.024710/2595.541990/43523.482720/0.000000392
-47/200: 46119.554005/2595.408542/43524.145463/0.000011477
-48/200: 46119.323222/2595.274100/43524.049122/0.000005004
-49/200: 46118.174135/2595.139096/43523.035039/0.000024916
-50/200: 46118.439415/2595.003299/43523.436116/0.000005752
-51/200: 46118.335643/2594.867118/43523.468525/0.000002250
-52/200: 46119.750148/2594.731071/43525.019077/0.000030671
-53/200: 46118.168956/2594.595808/43523.573148/0.000034285
-54/200: 46118.597927/2594.461707/43524.136220/0.000009302
-55/200: 46118.556225/2594.328386/43524.227839/0.000000904
-56/200: 46118.466744/2594.196911/43524.269833/0.000001940
-57/200: 46118.693258/2594.067823/43524.625435/0.000004912
-58/200: 46119.158428/2593.940790/43525.217638/0.000010086
-59/200: 46118.666109/2593.816284/43524.849825/0.000010675
-60/200: 46118.739377/2593.694065/43525.045312/0.000001589
-61/200: 46117.825954/2593.574959/43524.250995/0.000019806
-62/200: 46119.088392/2593.458815/43525.629577/0.000027374
-63/200: 46118.302520/2593.345831/43524.956689/0.000017040
-64/200: 46119.769306/2593.235781/43526.533525/0.000031805
-65/200: 46119.647317/2593.129392/43526.517925/0.000002645
-66/200: 46119.397404/2593.026080/43526.371324/0.000005419
-67/200: 46118.371607/2592.926024/43525.445583/0.000022242
-68/200: 46118.316617/2592.828974/43525.487643/0.000001192
-69/200: 46118.491647/2592.734919/43525.756728/0.000003795
-70/200: 46118.363202/2592.643869/43525.719333/0.000002785
-71/200: 46119.256105/2592.556166/43526.699939/0.000019361
-72/200: 46118.633730/2592.470605/43526.163125/0.000013495
-73/200: 46119.592723/2592.388170/43527.204553/0.000020794
-74/200: 46119.120458/2592.308246/43526.812212/0.000010240
-75/200: 46118.683640/2592.230971/43526.452669/0.000009472
-76/200: 46119.589577/2592.155993/43527.433584/0.000019644
-77/200: 46119.834534/2592.083405/43527.751129/0.000005311
-78/200: 46119.635981/2592.012741/43527.623240/0.000004305
-79/200: 46118.674711/2591.944204/43526.730507/0.000020843
-80/200: 46118.745622/2591.877822/43526.867800/0.000001538
-81/200: 46119.187318/2591.813233/43527.374085/0.000009577
-82/200: 46120.004440/2591.750733/43528.253707/0.000017718
-83/200: 46119.233348/2591.689954/43527.543394/0.000016719
-84/200: 46118.971654/2591.630612/43527.341042/0.000005674
-85/200: 46119.646157/2591.573119/43528.073038/0.000014625
-86/200: 46119.685115/2591.516896/43528.168219/0.000000845
-87/200: 46119.776502/2591.462395/43528.314107/0.000001982
-88/200: 46120.060554/2591.409459/43528.651095/0.000006159
-89/200: 46119.727964/2591.357798/43528.370166/0.000007211
-90/200: 46119.949176/2591.307404/43528.641772/0.000004796
-91/200: 46119.903693/2591.258201/43528.645492/0.000000986
-92/200: 46120.238012/2591.210345/43529.027667/0.000007249
-93/200: 46119.930619/2591.163678/43528.766941/0.000006665
-94/200: 46120.684098/2591.118083/43529.566015/0.000016337
-95/200: 46120.426295/2591.073634/43529.352661/0.000005590
-96/200: 46119.969294/2591.030623/43528.938671/0.000009909
-97/200: 46120.426002/2590.988510/43529.437492/0.000009903
-98/200: 46120.735211/2590.947303/43529.787908/0.000006704
-99/200: 46120.768994/2590.907213/43529.861781/0.000000732
Recall at EP-100 ...
  Columns 1 through 7

    0.0666    0.0819    0.0886    0.0956    0.1064    0.1172    0.1311

  Columns 8 through 10

    0.1432    0.1535    0.1634

Mrr at EP-100 ...
    0.0165

-100/200: 46120.445827/2590.868162/43529.577665/0.000007007
-101/200: 46120.134369/2590.829504/43529.304865/0.000006753
-102/200: 46120.605596/2590.791974/43529.813622/0.000010217
-103/200: 46121.163336/2590.755302/43530.408034/0.000012093
-104/200: 46120.599108/2590.719110/43529.879998/0.000012234
-105/200: 46121.118296/2590.683966/43530.434330/0.000011257
-106/200: 46120.776349/2590.649779/43530.126570/0.000007414
-107/200: 46121.092636/2590.616212/43530.476424/0.000006858
-108/200: 46121.581376/2590.583134/43530.998242/0.000010597
-109/200: 46121.064001/2590.550739/43530.513262/0.000011218
-110/200: 46120.949553/2590.519059/43530.430494/0.000002481
-111/200: 46121.650656/2590.488451/43531.162205/0.000015201
-112/200: 46121.626500/2590.458393/43531.168107/0.000000524
-113/200: 46121.451833/2590.428937/43531.022896/0.000003787
-114/200: 46121.087325/2590.400227/43530.687098/0.000007903
-115/200: 46121.554158/2590.371965/43531.182193/0.000010122
-116/200: 46121.476875/2590.344075/43531.132800/0.000001676
-117/200: 46121.923035/2590.316837/43531.606198/0.000009674
-118/200: 46121.844912/2590.290375/43531.554537/0.000001694
-119/200: 46122.243193/2590.264161/43531.979032/0.000008635
-120/200: 46122.076130/2590.238352/43531.837778/0.000003622
-121/200: 46122.443445/2590.213011/43532.230434/0.000007964
-122/200: 46122.447669/2590.188073/43532.259596/0.000000092
Start evaluating ...
  Columns 1 through 7

    0.0657    0.0817    0.0881    0.0953    0.1057    0.1159    0.1294

  Columns 8 through 10

    0.1425    0.1529    0.1625

    0.0163

Elapsed time is 17969.740479 seconds.
