nohup: ignoring input

                            < M A T L A B (R) >
                  Copyright 1984-2016 The MathWorks, Inc.
                   R2016a (9.0.0.341360) 64-bit (glnxa64)
                             February 11, 2016

 
To get started, type one of these: helpwin, helpdesk, or demo.
For product information, visit www.mathworks.com.
 

	Academic License

Start learning ...
Init data [Dtype: delicious - Dspec: sp1/2550]
Init social model
Using adagrad ...
Load pretrained shallow-model...
Could not use CUDA
Params [lbd-U: 10.0000|lbd-V: 0.1000|lbd-N: 10.0000|lbd-Q: 0.1000]
Staring Sample 1 - Loc: save/bcdl/delicious-alg61-sp1-cold20170221131600753 
CTR(chongwang)-DAE(User graph) Running - Walks(1)...
-1/200: 4371306.500530/13496.689993/4357809.810537/1.000000000
-2/200: 4358259.658098/6456.899234/4351802.758864/0.002984655
-3/200: 4357669.628081/5780.612385/4351889.015696/0.000135382
-4/200: 4357626.406065/5717.447308/4351908.958757/0.000009919
-5/200: 4357492.934512/5694.471350/4351798.463162/0.000030629
-6/200: 4357487.304388/5681.662785/4351805.641603/0.000001292
-7/200: 4357704.060932/5673.284852/4352030.776080/0.000049743
-8/200: 4357746.104853/5667.475033/4352078.629820/0.000009648
-9/200: 4357708.387254/5663.378673/4352045.008581/0.000008655
-10/200: 4357742.658803/5660.452012/4352082.206791/0.000007865
-11/200: 4357669.484594/5658.386544/4352011.098050/0.000016792
-12/200: 4357605.980554/5656.989065/4351948.991489/0.000014573
-13/200: 4357727.966762/5656.080695/4352071.886067/0.000027994
-14/200: 4357789.467913/5655.551658/4352133.916255/0.000014113
-15/200: 4357703.220360/5655.342469/4352047.877891/0.000019792
-16/200: 4357712.244374/5655.352609/4352056.891765/0.000002071
-17/200: 4357794.679940/5655.542565/4352139.137375/0.000018917
-18/200: 4357938.858952/5655.875426/4352282.983526/0.000033085
-19/200: 4357844.797593/5656.345915/4352188.451678/0.000021584
-20/200: 4357883.697160/5656.905066/4352226.792094/0.000008926
-21/200: 4357762.358115/5657.564001/4352104.794114/0.000027844
-22/200: 4357915.011168/5658.279014/4352256.732154/0.000035030
-23/200: 4357968.697270/5659.056627/4352309.640643/0.000012319
-24/200: 4358036.881813/5659.874237/4352377.007576/0.000015646
-25/200: 4357927.544760/5660.740789/4352266.803971/0.000025089
-26/200: 4357943.258969/5661.641856/4352281.617113/0.000003606
-27/200: 4357895.226296/5662.555343/4352232.670953/0.000011022
-28/200: 4358106.679611/5663.477874/4352443.201737/0.000048522
-29/200: 4358085.983028/5664.419700/4352421.563328/0.000004749
-30/200: 4358025.540520/5665.381608/4352360.158912/0.000013869
-31/200: 4358025.083973/5666.334089/4352358.749884/0.000000105
-32/200: 4358108.016135/5667.304324/4352440.711811/0.000019030
-33/200: 4357870.008282/5668.272634/4352201.735648/0.000054613
-34/200: 4358109.953801/5669.246273/4352440.707528/0.000055060
-35/200: 4357924.374023/5670.211518/4352254.162505/0.000042583
-36/200: 4358077.917445/5671.183850/4352406.733595/0.000035233
-37/200: 4358099.032900/5672.150137/4352426.882763/0.000004845
-38/200: 4358052.534478/5673.107408/4352379.427070/0.000010669
-39/200: 4358120.323434/5674.065081/4352446.258353/0.000015555
-40/200: 4358088.204599/5675.018075/4352413.186524/0.000007370
-41/200: 4358226.242277/5675.968263/4352550.274014/0.000031674
-42/200: 4358245.614568/5676.909664/4352568.704904/0.000004445
-43/200: 4358216.191507/5677.839156/4352538.352351/0.000006751
-44/200: 4358236.823884/5678.751522/4352558.072362/0.000004734
-45/200: 4358216.564514/5679.662621/4352536.901893/0.000004649
-46/200: 4358214.587580/5680.567550/4352534.020030/0.000000454
-47/200: 4358287.021031/5681.461173/4352605.559858/0.000016620
-48/200: 4358281.210157/5682.346604/4352598.863553/0.000001333
-49/200: 4358172.954307/5683.224818/4352489.729489/0.000024839
-50/200: 4358222.837922/5684.092316/4352538.745606/0.000011446
-51/200: 4358226.673627/5684.943128/4352541.730499/0.000000880
-52/200: 4358376.101323/5685.783597/4352690.317726/0.000034286
-53/200: 4358227.009177/5686.624114/4352540.385063/0.000034208
-54/200: 4358299.137173/5687.458706/4352611.678467/0.000016550
-55/200: 4358290.289249/5688.274008/4352602.015241/0.000002030
-56/200: 4358292.347684/5689.081876/4352603.265808/0.000000472
-57/200: 4358333.126109/5689.894053/4352643.232056/0.000009357
-58/200: 4358387.177468/5690.696092/4352696.481376/0.000012402
-59/200: 4358358.105575/5691.484191/4352666.621384/0.000006670
-60/200: 4358371.172431/5692.259761/4352678.912670/0.000002998
-61/200: 4358292.728778/5693.024353/4352599.704425/0.000017998
-62/200: 4358434.090718/5693.782769/4352740.307949/0.000032435
-63/200: 4358366.620919/5694.536770/4352672.084149/0.000015480
-64/200: 4358511.742486/5695.274997/4352816.467489/0.000033297
-65/200: 4358517.189552/5696.013627/4352821.175925/0.000001250
-66/200: 4358501.906591/5696.747775/4352805.158816/0.000003506
-67/200: 4358403.288182/5697.468417/4352705.819765/0.000022627
-68/200: 4358415.179431/5698.175610/4352717.003821/0.000002728
-69/200: 4358440.072536/5698.876386/4352741.196150/0.000005712
-70/200: 4358434.509941/5699.568130/4352734.941811/0.000001276
-71/200: 4358532.275075/5700.255168/4352832.019907/0.000022431
-72/200: 4358482.676131/5700.928490/4352781.747641/0.000011380
-73/200: 4358587.288393/5701.599147/4352885.689246/0.000024002
-74/200: 4358543.644326/5702.262865/4352841.381461/0.000010013
-75/200: 4358509.697627/5702.917025/4352806.780602/0.000007789
-76/200: 4358609.132706/5703.560452/4352905.572254/0.000022814
-77/200: 4358629.262671/5704.200524/4352925.062147/0.000004618
-78/200: 4358627.465539/5704.823334/4352922.642205/0.000000412
-79/200: 4358525.041559/5705.445698/4352819.595861/0.000023499
-80/200: 4358542.421820/5706.056565/4352836.365255/0.000003988
-81/200: 4358600.277005/5706.660088/4352893.616917/0.000013274
-82/200: 4358672.392209/5707.257547/4352965.134662/0.000016545
-83/200: 4358607.655016/5707.848926/4352899.806090/0.000014853
-84/200: 4358590.912595/5708.425962/4352882.486633/0.000003841
-85/200: 4358662.130235/5709.003865/4352953.126370/0.000016340
-86/200: 4358667.040481/5709.568690/4352957.471791/0.000001127
-87/200: 4358678.871764/5710.129078/4352968.742686/0.000002714
-88/200: 4358718.774742/5710.684770/4353008.089972/0.000009155
-89/200: 4358683.048934/5711.233044/4352971.815890/0.000008196
-90/200: 4358718.708407/5711.771994/4353006.936413/0.000008181
-91/200: 4358710.691535/5712.298402/4352998.393133/0.000001839
-92/200: 4358752.177359/5712.823910/4353039.353449/0.000009518
-93/200: 4358730.194458/5713.339256/4353016.855202/0.000005043
-94/200: 4358800.366643/5713.847916/4353086.518727/0.000016099
-95/200: 4358773.801308/5714.350497/4353059.450811/0.000006095
-96/200: 4358734.545768/5714.852656/4353019.693112/0.000009006
-97/200: 4358783.033677/5715.348366/4353067.685311/0.000011124
-98/200: 4358814.174282/5715.833830/4353098.340452/0.000007144
-99/200: 4358828.204978/5716.317413/4353111.887565/0.000003219
Recall at EP-100 ...
  Columns 1 through 7

    0.0646    0.0836    0.1006    0.1201    0.1349    0.1482    0.1581

  Columns 8 through 10

    0.1669    0.1739    0.1802

Mrr at EP-100 ...
    0.0147

-100/200: 4358794.410104/5716.792598/4353077.617506/0.000007753
-101/200: 4358779.098993/5717.255553/4353061.843440/0.000003513
-102/200: 4358819.849622/5717.720264/4353102.129358/0.000009349
-103/200: 4358885.521704/5718.176621/4353167.345083/0.000015066
-104/200: 4358824.968937/5718.623935/4353106.345002/0.000013892
-105/200: 4358879.793963/5719.065551/4353160.728412/0.000012578
-106/200: 4358839.915022/5719.508799/4353120.406223/0.000009149
-107/200: 4358879.022141/5719.946133/4353159.076008/0.000008972
-108/200: 4358927.811893/5720.371348/4353207.440545/0.000011193
-109/200: 4358879.780061/5720.793310/4353158.986751/0.000011019
-110/200: 4358869.440175/5721.210871/4353148.229304/0.000002372
-111/200: 4358948.952349/5721.628514/4353227.323835/0.000018241
-112/200: 4358943.765613/5722.040595/4353221.725018/0.000001190
-113/200: 4358923.432047/5722.446040/4353200.986007/0.000004665
-114/200: 4358907.270702/5722.847930/4353184.422772/0.000003708
-115/200: 4358944.871436/5723.242883/4353221.628553/0.000008626
-116/200: 4358934.781862/5723.632900/4353211.148962/0.000002315
-117/200: 4358987.576920/5724.017974/4353263.558946/0.000012112
-118/200: 4358979.428645/5724.403003/4353255.025642/0.000001869
-119/200: 4359018.906200/5724.779893/4353294.126307/0.000009057
-120/200: 4358997.952612/5725.147620/4353272.804992/0.000004807
-121/200: 4359038.989891/5725.511519/4353313.478372/0.000009414
-122/200: 4359047.985737/5725.870862/4353322.114875/0.000002064
-123/200: 4359022.135071/5726.227140/4353295.907931/0.000005930
-124/200: 4359039.610174/5726.576076/4353313.034098/0.000004009
-125/200: 4359051.827632/5726.920907/4353324.906725/0.000002803
-126/200: 4359052.931159/5727.264416/4353325.666743/0.000000253
-127/200: 4359053.270110/5727.604523/4353325.665587/0.000000078
Start evaluating ...
  Columns 1 through 7

    0.0633    0.0822    0.0986    0.1173    0.1330    0.1461    0.1560

  Columns 8 through 10

    0.1643    0.1721    0.1785

    0.0144

Elapsed time is 18502.633299 seconds.
