nohup: ignoring input

                            < M A T L A B (R) >
                  Copyright 1984-2016 The MathWorks, Inc.
                   R2016a (9.0.0.341360) 64-bit (glnxa64)
                             February 11, 2016

 
To get started, type one of these: helpwin, helpdesk, or demo.
For product information, visit www.mathworks.com.
 

	Academic License

Start learning ...
Init data [Dtype: delicious - Dspec: sp1/2550]
Init social model
Using adagrad ...
Load pretrained shallow-model...
Could not use CUDA
Params [lbd-U: 0.1000|lbd-V: 10.0000|lbd-N: 0.1000|lbd-Q: 0.1000]
Staring Sample 1 - Loc: save/bcdl/delicious-alg61-sp1-cold20170221131600534 
CTR(chongwang)-DAE(User graph) Running - Walks(1)...
-1/200: 54687.885360/11109.787255/43578.098105/1.000000000
-2/200: 50889.828858/7391.380694/43498.448164/0.069449687
-3/200: 50674.105434/7180.152651/43493.952783/0.004239028
-4/200: 50318.593800/6823.208917/43495.384883/0.007015647
-5/200: 49974.129844/6475.902449/43498.227395/0.006845659
-6/200: 49834.857449/6330.021055/43504.836394/0.002786890
-7/200: 49782.472717/6270.964702/43511.508015/0.001051166
-8/200: 49750.796077/6236.985163/43513.810914/0.000636301
-9/200: 49728.106854/6214.127249/43513.979605/0.000456058
-10/200: 49712.513231/6197.901744/43514.611487/0.000313578
-11/200: 49700.251509/6186.466276/43513.785233/0.000246653
-12/200: 49691.847453/6178.702878/43513.144575/0.000169095
-13/200: 49688.228263/6173.785010/43514.443253/0.000072833
-14/200: 49685.847768/6171.075237/43514.772531/0.000047909
-15/200: 49683.979252/6170.078110/43513.901142/0.000037607
-16/200: 49684.807443/6170.402675/43514.404768/0.000016669
-17/200: 49686.832576/6171.744050/43515.088526/0.000040760
-18/200: 49690.148499/6173.862016/43516.286483/0.000066736
-19/200: 49692.109435/6176.566488/43515.542947/0.000039463
-20/200: 49695.314939/6179.702722/43515.612217/0.000064507
-21/200: 49697.734640/6183.148760/43514.585880/0.000048691
-22/200: 49702.687980/6186.803280/43515.884700/0.000099669
-23/200: 49707.184394/6190.582088/43516.602306/0.000090466
-24/200: 49711.363924/6194.417159/43516.946765/0.000084083
-25/200: 49713.983691/6198.254286/43515.729405/0.000052700
-26/200: 49717.851773/6202.046520/43515.805253/0.000077807
-27/200: 49721.302003/6205.756225/43515.545778/0.000069396
-28/200: 49726.774169/6209.353462/43517.420707/0.000110057
-29/200: 49730.197160/6212.814706/43517.382454/0.000068836
-30/200: 49732.803674/6216.121631/43516.682043/0.000052413
-31/200: 49736.151659/6219.259134/43516.892525/0.000067319
-32/200: 49739.712261/6222.217025/43517.495236/0.000071590
-33/200: 49740.389265/6224.986838/43515.402427/0.000013611
-34/200: 49745.230292/6227.563930/43517.666362/0.000097326
-35/200: 49745.545010/6229.946499/43515.598511/0.000006327
-36/200: 49749.432078/6232.134487/43517.297591/0.000078139
-37/200: 49751.328723/6234.131176/43517.197547/0.000038124
-38/200: 49752.576963/6235.939469/43516.637494/0.000025090
-39/200: 49754.517807/6237.566254/43516.951553/0.000039010
-40/200: 49755.997532/6239.017086/43516.980446/0.000029741
-41/200: 49758.418385/6240.300702/43518.117683/0.000048654
-42/200: 49759.580041/6241.424031/43518.156010/0.000023346
-43/200: 49760.501901/6242.395994/43518.105907/0.000018526
-44/200: 49761.629087/6243.224673/43518.404414/0.000022652
-45/200: 49761.921363/6243.920715/43518.000648/0.000005874
-46/200: 49762.683745/6244.493355/43518.190390/0.000015321
-47/200: 49763.989735/6244.951979/43519.037756/0.000026244
-48/200: 49764.291979/6245.307070/43518.984909/0.000006074
-49/200: 49763.507028/6245.569077/43517.937951/0.000015773
-50/200: 49763.670099/6245.747342/43517.922757/0.000003277
-51/200: 49763.853410/6245.851045/43518.002365/0.000003684
-52/200: 49765.588751/6245.889414/43519.699337/0.000034872
-53/200: 49764.104613/6245.872675/43518.231938/0.000029823
-54/200: 49764.053829/6245.808515/43518.245314/0.000001020
-55/200: 49764.610385/6245.702556/43518.907829/0.000011184
-56/200: 49764.287595/6245.563327/43518.724268/0.000006486
-57/200: 49764.511949/6245.398501/43519.113448/0.000004508
-58/200: 49764.885976/6245.211905/43519.674071/0.000007516
-59/200: 49763.861114/6245.009889/43518.851225/0.000020594
-60/200: 49764.303320/6244.794791/43519.508529/0.000008886
-61/200: 49763.063585/6244.572322/43518.491263/0.000024912
-62/200: 49764.053685/6244.345997/43519.707688/0.000019896
-63/200: 49763.244258/6244.117860/43519.126398/0.000016265
-64/200: 49764.856180/6243.890514/43520.965666/0.000032392
-65/200: 49764.579320/6243.667261/43520.912059/0.000005563
-66/200: 49764.075891/6243.448044/43520.627847/0.000010116
-67/200: 49762.880323/6243.234439/43519.645884/0.000024025
-68/200: 49762.406487/6243.026547/43519.379940/0.000009522
-69/200: 49762.756472/6242.825300/43519.931172/0.000007033
-70/200: 49762.229292/6242.631280/43519.598012/0.000010594
-71/200: 49762.806599/6242.445153/43520.361446/0.000011601
-72/200: 49762.084136/6242.265136/43519.819000/0.000014518
-73/200: 49763.053268/6242.092762/43520.960506/0.000019475
-74/200: 49762.379034/6241.927330/43520.451704/0.000013549
-75/200: 49761.855794/6241.768196/43520.087598/0.000010515
-76/200: 49762.800910/6241.615251/43521.185659/0.000018993
-77/200: 49763.157642/6241.468535/43521.689107/0.000007169
-78/200: 49762.676402/6241.326421/43521.349981/0.000009671
-79/200: 49761.595388/6241.190700/43520.404688/0.000021723
-80/200: 49761.986373/6241.059548/43520.926825/0.000007857
-81/200: 49761.857926/6240.933600/43520.924326/0.000002581
-82/200: 49763.135261/6240.812382/43522.322879/0.000025669
-83/200: 49761.665721/6240.695828/43520.969893/0.000029531
-84/200: 49761.218701/6240.582872/43520.635829/0.000008983
-85/200: 49762.268215/6240.474386/43521.793829/0.000021091
-86/200: 49761.951824/6240.369129/43521.582695/0.000006358
-87/200: 49762.472082/6240.268075/43522.204007/0.000010455
-88/200: 49761.906406/6240.170798/43521.735608/0.000011368
-89/200: 49762.071523/6240.076544/43521.994979/0.000003318
-90/200: 49761.850894/6239.985306/43521.865588/0.000004434
-91/200: 49761.590035/6239.896451/43521.693584/0.000005242
-92/200: 49762.284233/6239.811323/43522.472910/0.000013950
-93/200: 49761.903391/6239.728093/43522.175298/0.000007653
-94/200: 49762.569070/6239.648162/43522.920908/0.000013377
-95/200: 49762.091531/6239.570766/43522.520765/0.000009596
-96/200: 49761.715495/6239.496573/43522.218922/0.000007557
-97/200: 49762.031637/6239.424691/43522.606946/0.000006353
-98/200: 49761.935812/6239.354472/43522.581340/0.000001926
-99/200: 49762.671055/6239.286806/43523.384249/0.000014775
Recall at EP-100 ...
  Columns 1 through 7

    0.0634    0.0806    0.0885    0.0979    0.1098    0.1226    0.1361

  Columns 8 through 10

    0.1482    0.1582    0.1667

Mrr at EP-100 ...
    0.0139

-100/200: 49762.040288/6239.221486/43522.818802/0.000012676
-101/200: 49761.541432/6239.156706/43522.384726/0.000010025
-102/200: 49761.919480/6239.095223/43522.824257/0.000007597
-103/200: 49762.237729/6239.035403/43523.202326/0.000006395
-104/200: 49761.798206/6238.976512/43522.821694/0.000008832
-105/200: 49761.873924/6238.919709/43522.954215/0.000001522
-106/200: 49762.760639/6238.864766/43523.895873/0.000017819
-107/200: 49762.871197/6238.811716/43524.059481/0.000002222
-108/200: 49762.468922/6238.759456/43523.709466/0.000008084
-109/200: 49762.462646/6238.708573/43523.754073/0.000000126
-110/200: 49761.967384/6238.659240/43523.308144/0.000009953
-111/200: 49762.590618/6238.613006/43523.977612/0.000012524
-112/200: 49762.518320/6238.567849/43523.950471/0.000001453
-113/200: 49762.570760/6238.523557/43524.047203/0.000001054
-114/200: 49761.696662/6238.481003/43523.215659/0.000017565
-115/200: 49762.400561/6238.439536/43523.961025/0.000014145
-116/200: 49761.977093/6238.398904/43523.578189/0.000008510
-117/200: 49762.493178/6238.359483/43524.133695/0.000010371
-118/200: 49762.723954/6238.321747/43524.402207/0.000004638
-119/200: 49762.855189/6238.284689/43524.570500/0.000002637
-120/200: 49762.690244/6238.248187/43524.442057/0.000003315
-121/200: 49762.598555/6238.212666/43524.385889/0.000001843
-122/200: 49762.670920/6238.178105/43524.492815/0.000001454
-123/200: 49762.719876/6238.145275/43524.574601/0.000000984
-124/200: 49763.133234/6238.112413/43525.020821/0.000008307
-125/200: 49762.831378/6238.080907/43524.750471/0.000006066
-126/200: 49762.479976/6238.050547/43524.429429/0.000007062
-127/200: 49762.859911/6238.021724/43524.838187/0.000007635
-128/200: 49762.986893/6237.993704/43524.993189/0.000002552
-129/200: 49762.826483/6237.964748/43524.861735/0.000003223
-130/200: 49763.401018/6237.937807/43525.463211/0.000011545
-131/200: 49762.616010/6237.911948/43524.704062/0.000015775
-132/200: 49764.022873/6237.886889/43526.135984/0.000028272
-133/200: 49763.529269/6237.863420/43525.665849/0.000009919
-134/200: 49764.043332/6237.839643/43526.203689/0.000010330
-135/200: 49763.111440/6237.816985/43525.294455/0.000018726
-136/200: 49762.688762/6237.794340/43524.894422/0.000008494
-137/200: 49763.129209/6237.773276/43525.355933/0.000008851
-138/200: 49763.554709/6237.751850/43525.802859/0.000008551
-139/200: 49763.679105/6237.730963/43525.948142/0.000002500
-140/200: 49763.758480/6237.711622/43526.046858/0.000001595
-141/200: 49764.466483/6237.693354/43526.773129/0.000014227
-142/200: 49763.475719/6237.674585/43525.801134/0.000019909
-143/200: 49764.096677/6237.657262/43526.439415/0.000012478
-144/200: 49763.995785/6237.639856/43526.355929/0.000002027
-145/200: 49764.669167/6237.623886/43527.045281/0.000013531
-146/200: 49764.594812/6237.607303/43526.987509/0.000001494
-147/200: 49764.682590/6237.591213/43527.091377/0.000001764
-148/200: 49763.226249/6237.575665/43525.650584/0.000029265
-149/200: 49764.334520/6237.561009/43526.773511/0.000022271
-150/200: 49764.695243/6237.546976/43527.148267/0.000007249
-151/200: 49764.204862/6237.534271/43526.670591/0.000009854
-152/200: 49764.681249/6237.521149/43527.160100/0.000009573
-153/200: 49764.689454/6237.508107/43527.181347/0.000000165
-154/200: 49764.345774/6237.495810/43526.849964/0.000006906
-155/200: 49764.800001/6237.484069/43527.315932/0.000009128
-156/200: 49764.258693/6237.473161/43526.785532/0.000010877
-157/200: 49764.985030/6237.462584/43527.522446/0.000014596
-158/200: 49765.304262/6237.451654/43527.852608/0.000006415
-159/200: 49765.510401/6237.442615/43528.067786/0.000004142
-160/200: 49765.909411/6237.433640/43528.475771/0.000008018
-161/200: 49763.938758/6237.424940/43526.513818/0.000039598
-162/200: 49765.944433/6237.416000/43528.528433/0.000040304
-163/200: 49766.032571/6237.407508/43528.625063/0.000001771
-164/200: 49764.732979/6237.399696/43527.333283/0.000026114
-165/200: 49765.496640/6237.392690/43528.103950/0.000015345
-166/200: 49764.586918/6237.385971/43527.200947/0.000018280
-167/200: 49765.310646/6237.379105/43527.931541/0.000014543
-168/200: 49765.595149/6237.372743/43528.222406/0.000005717
-169/200: 49765.100230/6237.366578/43527.733652/0.000009945
-170/200: 49765.734284/6237.361118/43528.373166/0.000012741
-171/200: 49765.844415/6237.356261/43528.488154/0.000002213
-172/200: 49766.326480/6237.350643/43528.975837/0.000009687
-173/200: 49765.048091/6237.346158/43527.701933/0.000025688
-174/200: 49766.654153/6237.342195/43529.311958/0.000032273
-175/200: 49766.551041/6237.338075/43529.212966/0.000002072
-176/200: 49766.274680/6237.334956/43528.939724/0.000005553
-177/200: 49766.610709/6237.332293/43529.278416/0.000006752
-178/200: 49766.159550/6237.328905/43528.830645/0.000009066
-179/200: 49766.099373/6237.326210/43528.773163/0.000001209
-180/200: 49766.500532/6237.324252/43529.176280/0.000008061
-181/200: 49765.768204/6237.323069/43528.445135/0.000014715
-182/200: 49766.523835/6237.321103/43529.202732/0.000015184
-183/200: 49766.519173/6237.320097/43529.199076/0.000000094
Start evaluating ...
  Columns 1 through 7

    0.0618    0.0806    0.0890    0.0974    0.1085    0.1203    0.1347

  Columns 8 through 10

    0.1480    0.1582    0.1667

    0.0135

Elapsed time is 24905.646212 seconds.
