nohup: ignoring input

                            < M A T L A B (R) >
                  Copyright 1984-2016 The MathWorks, Inc.
                   R2016a (9.0.0.341360) 64-bit (glnxa64)
                             February 11, 2016

 
To get started, type one of these: helpwin, helpdesk, or demo.
For product information, visit www.mathworks.com.
 

	Academic License

Start learning ...
Init data [Dtype: delicious - Dspec: sp1/2550]
Init social model
Using adagrad ...
Could not use CUDA
Params [lbd-U: 100.0000|lbd-V: 0.0100|lbd-N: 100.0000|lbd-Q: 0.1000]
Staring Sample 1 - Loc: save/ctr/delicious-alg80-sp1-cold20170221214430281 
CTR(chongwang) Running ...

iter time likelihood:[r:u:v] converge
0001 000082 -13038.50000:[0.00000:0.00000:-0.00000] 1.0000000000
0002 000162 -12803.10125:[475.21525:-10.93534:-178.99762] 0.0180541280
0003 000242 -11422.35592:[3654.49758:-219.20442:-953.01295] 0.1078445997
0004 000322 -6156.01849:[18738.21304:-2489.33351:-1907.88002] 0.4610552733
0005 000422 -5964.60610:[18664.16967:-2260.72162:-2084.59862] 0.0310935382
0006 000525 -5928.22762:[18587.99312:-2186.17944:-2133.55443] 0.0060990569
0007 000622 -5910.95306:[18572.34490:-2161.06778:-2147.20012] 0.0029139513
0008 000706 -5899.28058:[18578.76601:-2152.62250:-2150.09994] 0.0019747197
0009 000786 -5890.40625:[18589.39119:-2149.08977:-2149.72315] 0.0015043072
0010 000866 -5883.16905:[18600.38193:-2147.38005:-2148.72632] 0.0012286421
0011 000946 -5877.13685:[18610.69100:-2146.53236:-2147.78711] 0.0010253316
0012 001025 -5872.07302:[18619.80394:-2146.05061:-2146.93845] 0.0008616152
0013 001142 -5867.79143:[18627.50314:-2145.63952:-2146.09383] 0.0007291447
0014 001279 -5864.12748:[18633.85574:-2145.16860:-2145.22084] 0.0006244173
0015 001397 -5860.94954:[18639.10063:-2144.62638:-2144.34157] 0.0005419284
0016 001477 -5858.16168:[18643.49994:-2144.04862:-2143.48994] 0.0004756674
0017 001556 -5855.69454:[18647.26358:-2143.47145:-2142.68915] 0.0004211455
0018 001636 -5853.49604:[18650.54009:-2142.91745:-2141.94939] 0.0003754468
0019 001716 -5851.52549:[18653.43149:-2142.39730:-2141.27206] 0.0003366446
0020 001795 -5849.75027:[18656.00917:-2141.91431:-2140.65411] 0.0003033779
0021 001877 -5848.14374:[18658.32502:-2141.46804:-2140.09058] 0.0002746315
0022 001960 -5846.68392:[18660.41833:-2141.05632:-2139.57608] 0.0002496221
0023 002040 -5845.35243:[18662.31989:-2140.67633:-2139.10539] 0.0002277329
0024 002119 -5844.13385:[18664.05454:-2140.32519:-2138.67375] 0.0002084706
0025 002198 -5843.01507:[18665.64273:-2140.00013:-2138.27692] 0.0001914365
0026 002284 -5841.98491:[18667.10158:-2139.69863:-2137.91118] 0.0001763052
0027 002364 -5841.03379:[18668.44560:-2139.41842:-2137.57328] 0.0001628085
0028 002443 -5840.15341:[18669.68718:-2139.15749:-2137.26036] 0.0001507236
0029 002522 -5839.33658:[18670.83702:-2138.91405:-2136.96993] 0.0001398641
0030 002601 -5838.57704:[18671.90439:-2138.68652:-2136.69981] 0.0001300728
0031 002680 -5837.86930:[18672.89736:-2138.47347:-2136.44808] 0.0001212174
0032 002760 -5837.20854:[18673.82301:-2138.27366:-2136.21304] 0.0001131857
0033 002839 -5836.59048:[18674.68759:-2138.08597:-2135.99318] 0.0001058824
0034 002918 -5836.01134:[18675.49659:-2137.90940:-2135.78717] 0.0000992257
0035 002998 -5835.46775:[18676.25491:-2137.74305:-2135.59378] 0.0000931446
0036 003077 -5834.95670:[18676.96691:-2137.58611:-2135.41197] 0.0000875769
0037 003156 -5834.47550:[18677.63644:-2137.43785:-2135.24075] 0.0000824682
0038 003235 -5834.02175:[18678.26699:-2137.29762:-2135.07929] 0.0000777708
0039 003318 -5833.59328:[18678.86165:-2137.16482:-2134.92678] 0.0000734431
0040 003398 -5833.18814:[18679.42323:-2137.03890:-2134.78255] 0.0000694487
0041 003477 -5832.80458:[18679.95424:-2136.91938:-2134.64596] 0.0000657556
0042 003556 -5832.44099:[18680.45697:-2136.80580:-2134.51642] 0.0000623356
0043 003636 -5832.09592:[18680.93348:-2136.69777:-2134.39344] 0.0000591634
0044 003715 -5831.76806:[18681.38566:-2136.59490:-2134.27654] 0.0000562161
0045 003796 -5831.45623:[18681.81521:-2136.49686:-2134.16529] 0.0000534723
0046 003876 -5831.15933:[18682.22367:-2136.40334:-2134.05932] 0.0000509134
0047 003955 -5830.87638:[18682.61246:-2136.31405:-2133.95828] 0.0000485230
0048 004034 -5830.60648:[18682.98287:-2136.22874:-2133.86185] 0.0000462876
0049 004114 -5830.34880:[18683.33610:-2136.14715:-2133.76973] 0.0000441954
0050 004193 -5830.10255:[18683.67325:-2136.06908:-2133.68164] 0.0000422360
0051 004273 -5829.86701:[18683.99535:-2135.99430:-2133.59733] 0.0000403999
0052 004353 -5829.64153:[18684.30332:-2135.92263:-2133.51655] 0.0000386775
0053 004432 -5829.42548:[18684.59802:-2135.85390:-2133.43909] 0.0000370594
0054 004512 -5829.21833:[18684.88025:-2135.78793:-2133.36474] 0.0000355366
0055 004591 -5829.01954:[18685.15072:-2135.72456:-2133.29333] 0.0000341010
0056 004670 -5828.82867:[18685.41009:-2135.66366:-2133.22469] 0.0000327454
0057 004749 -5828.64528:[18685.65898:-2135.60509:-2133.15869] 0.0000314632
0058 004828 -5828.46897:[18685.89796:-2135.54872:-2133.09517] 0.0000302488
0059 004908 -5828.29938:[18686.12755:-2135.49446:-2133.03402] 0.0000290973
0060 004986 -5828.13616:[18686.34826:-2135.44218:-2132.97513] 0.0000280042
0061 005065 -5827.97900:[18686.56054:-2135.39179:-2132.91838] 0.0000269659
0062 005143 -5827.82759:[18686.76482:-2135.34321:-2132.86367] 0.0000259789
0063 005222 -5827.68166:[18686.96152:-2135.29633:-2132.81090] 0.0000250401
0064 005300 -5827.54094:[18687.15101:-2135.25109:-2132.75999] 0.0000241468
0065 005379 -5827.40518:[18687.33364:-2135.20741:-2132.71084] 0.0000232970
0066 005457 -5827.27413:[18687.50977:-2135.16520:-2132.66336] 0.0000224883
0067 005536 -5827.14757:[18687.67970:-2135.12441:-2132.61748] 0.0000217181
0068 005614 -5827.02529:[18687.84373:-2135.08497:-2132.57312] 0.0000209843
0069 005693 -5826.90710:[18688.00214:-2135.04681:-2132.53021] 0.0000202847
0070 005771 -5826.79279:[18688.15519:-2135.00987:-2132.48867] 0.0000196175
0071 005850 -5826.68219:[18688.30314:-2134.97411:-2132.44846] 0.0000189810
0072 005928 -5826.57513:[18688.44621:-2134.93948:-2132.40950] 0.0000183733
0073 006006 -5826.47146:[18688.58462:-2134.90591:-2132.37174] 0.0000177924
0074 006085 -5826.37104:[18688.71858:-2134.87337:-2132.33514] 0.0000172364
0075 006163 -5826.27371:[18688.84828:-2134.84181:-2132.29964] 0.0000167036
0076 006242 -5826.17937:[18688.97389:-2134.81120:-2132.26520] 0.0000161930
0077 006320 -5826.08788:[18689.09561:-2134.78148:-2132.23178] 0.0000157039
0078 006399 -5825.99912:[18689.21359:-2134.75264:-2132.19933] 0.0000152350
0079 006477 -5825.91298:[18689.32798:-2134.72463:-2132.16782] 0.0000147848
0080 006556 -5825.82937:[18689.43893:-2134.69742:-2132.13721] 0.0000143520
0081 006634 -5825.74818:[18689.54658:-2134.67098:-2132.10748] 0.0000139359
0082 006713 -5825.66932:[18689.65106:-2134.64528:-2132.07858] 0.0000135356
0083 006791 -5825.59271:[18689.75249:-2134.62029:-2132.05048] 0.0000131507
0084 006870 -5825.51826:[18689.85100:-2134.59599:-2132.02317] 0.0000127807
0085 006948 -5825.44588:[18689.94669:-2134.57234:-2131.99660] 0.0000124248
0086 007026 -5825.37549:[18690.03969:-2134.54933:-2131.97074] 0.0000120826
0087 007105 -5825.30702:[18690.13009:-2134.52694:-2131.94558] 0.0000117540
0088 007183 -5825.24039:[18690.21800:-2134.50513:-2131.92107] 0.0000114383
0089 007261 -5825.17552:[18690.30351:-2134.48388:-2131.89720] 0.0000111347
0090 007340 -5825.11236:[18690.38671:-2134.46319:-2131.87394] 0.0000108427
0091 007418 -5825.05084:[18690.46771:-2134.44302:-2131.85126] 0.0000105625
0092 007496 -5824.99087:[18690.54657:-2134.42336:-2131.82913] 0.0000102937
0093 007575 -5824.93242:[18690.62339:-2134.40419:-2131.80754] 0.0000100355
0094 007653 -5824.87541:[18690.69824:-2134.38549:-2131.78645] 0.0000097870
Start evaluating ...
  Columns 1 through 7

    0.0609    0.0749    0.0792    0.0812    0.0824    0.0831    0.0840

  Columns 8 through 10

    0.0843    0.0847    0.0852

    0.0119

Elapsed time is 7707.586844 seconds.
