nohup: ignoring input

                            < M A T L A B (R) >
                  Copyright 1984-2016 The MathWorks, Inc.
                   R2016a (9.0.0.341360) 64-bit (glnxa64)
                             February 11, 2016

 
To get started, type one of these: helpwin, helpdesk, or demo.
For product information, visit www.mathworks.com.
 

	Academic License

Start learning ...
Init data [Dtype: delicious - Dspec: sp1/2550]
Init social model
Using adagrad ...
Load pretrained shallow-model...
Could not use CUDA
Params [lbd-U: 1.0000|lbd-V: 0.0100|lbd-N: 1.0000|lbd-Q: 0.1000]
Staring Sample 1 - Loc: save/bcdl/delicious-alg61-sp1-cold20170221131600869 
CTR(chongwang)-DAE(User graph) Running - Walks(1)...
-1/200: 444512.840501/8731.859447/435780.981054/1.000000000
-2/200: 438074.973686/2998.610871/435076.362815/0.014482972
-3/200: 437580.638324/2407.461225/435173.177099/0.001128426
-4/200: 437292.840996/2109.044696/435183.796300/0.000657701
-5/200: 437095.891815/1922.802131/435173.089684/0.000450383
-6/200: 436969.217134/1795.355625/435173.861509/0.000289810
-7/200: 436899.438401/1703.601451/435195.836950/0.000159688
-8/200: 436835.966949/1635.227308/435200.739641/0.000145277
-9/200: 436780.600629/1582.991681/435197.608948/0.000126744
-10/200: 436743.495292/1542.331056/435201.164236/0.000084952
-11/200: 436704.478929/1510.218636/435194.260293/0.000089335
-12/200: 436672.971399/1484.563120/435188.408279/0.000072148
-13/200: 436664.410282/1463.874858/435200.535424/0.000019605
-14/200: 436653.362784/1447.063612/435206.299172/0.000025300
-15/200: 436631.431076/1433.312618/435198.118458/0.000050227
-16/200: 436621.535949/1422.001036/435199.534913/0.000022662
-17/200: 436620.224902/1412.654107/435207.570795/0.000003003
-18/200: 436625.984986/1404.894610/435221.090376/0.000013192
-19/200: 436611.194357/1398.427350/435212.767007/0.000033875
-20/200: 436609.269430/1393.017501/435216.251929/0.000004409
-21/200: 436592.878792/1388.477304/435204.401488/0.000037541
-22/200: 436604.447988/1384.652632/435219.795356/0.000026499
-23/200: 436606.495540/1381.420518/435225.075022/0.000004690
-24/200: 436610.137817/1378.681206/435231.456611/0.000008342
-25/200: 436596.710922/1376.352610/435220.358312/0.000030753
-26/200: 436596.332556/1374.366827/435221.965729/0.000000867
-27/200: 436590.174964/1372.666192/435217.508772/0.000014104
-28/200: 436609.218024/1371.204928/435238.013096/0.000043618
-29/200: 436606.203057/1369.947152/435236.255905/0.000006905
-30/200: 436599.056117/1368.859883/435230.196234/0.000016369
-31/200: 436598.335594/1367.916411/435230.419183/0.000001650
-32/200: 436605.239969/1367.096030/435238.143939/0.000015814
-33/200: 436581.284386/1366.379571/435214.904815/0.000054868
-34/200: 436604.280764/1365.751763/435238.529001/0.000052674
-35/200: 436585.587409/1365.199255/435220.388154/0.000042815
-36/200: 436600.609033/1364.711878/435235.897155/0.000034407
-37/200: 436601.828913/1364.280498/435237.548415/0.000002794
-38/200: 436596.556272/1363.896698/435232.659574/0.000012077
-39/200: 436602.796479/1363.554838/435239.241641/0.000014293
-40/200: 436600.046651/1363.248892/435236.797759/0.000006298
-41/200: 436613.213879/1362.974816/435250.239063/0.000030159
-42/200: 436614.410649/1362.728049/435251.682600/0.000002741
-43/200: 436611.219936/1362.505351/435248.714585/0.000007308
-44/200: 436613.650008/1362.302966/435251.347042/0.000005566
-45/200: 436611.151334/1362.119152/435249.032182/0.000005723
-46/200: 436611.504266/1361.952286/435249.551980/0.000000808
-47/200: 436618.497419/1361.799663/435256.697756/0.000016017
-48/200: 436617.385816/1361.660331/435255.725485/0.000002546
-49/200: 436606.733482/1361.532920/435245.200562/0.000024397
-50/200: 436611.097798/1361.415592/435249.682206/0.000009996
-51/200: 436611.139199/1361.307275/435249.831924/0.000000095
-52/200: 436626.094401/1361.207515/435264.886886/0.000034253
-53/200: 436611.735274/1361.115818/435250.619456/0.000032887
-54/200: 436617.839060/1361.031381/435256.807679/0.000013980
-55/200: 436617.973274/1360.952801/435257.020473/0.000000307
-56/200: 436617.820965/1360.880077/435256.940888/0.000000349
-57/200: 436621.761901/1360.813511/435260.948390/0.000009026
-58/200: 436627.061657/1360.751803/435266.309854/0.000012138
-59/200: 436624.024740/1360.694522/435263.330218/0.000006955
-60/200: 436625.450980/1360.640939/435264.810041/0.000003267
-61/200: 436617.624239/1360.591417/435257.032822/0.000017926
-62/200: 436631.447222/1360.545684/435270.901538/0.000031659
-63/200: 436624.556135/1360.503382/435264.052753/0.000015782
-64/200: 436639.686712/1360.463659/435279.223053/0.000034654
-65/200: 436639.962925/1360.427406/435279.535519/0.000000633
-66/200: 436638.335278/1360.393983/435277.941295/0.000003728
-67/200: 436628.614663/1360.363076/435268.251587/0.000022262
-68/200: 436629.485373/1360.334131/435269.151242/0.000001994
-69/200: 436632.108115/1360.307441/435271.800674/0.000006007
-70/200: 436631.236667/1360.282739/435270.953928/0.000001996
-71/200: 436641.076464/1360.260545/435280.815919/0.000022536
-72/200: 436635.840630/1360.239479/435275.601151/0.000011991
-73/200: 436646.544716/1360.220410/435286.324306/0.000024515
-74/200: 436642.296148/1360.203016/435282.093132/0.000009730
-75/200: 436638.783802/1360.187107/435278.596695/0.000008044
-76/200: 436648.617624/1360.172583/435288.445041/0.000022522
-77/200: 436650.893590/1360.159496/435290.734094/0.000005212
-78/200: 436650.586168/1360.147161/435290.439007/0.000000704
-79/200: 436640.657528/1360.136223/435280.521305/0.000022738
-80/200: 436642.197406/1360.126536/435282.070870/0.000003527
-81/200: 436647.407345/1360.117841/435287.289504/0.000011932
-82/200: 436655.497490/1360.110229/435295.387261/0.000018528
-83/200: 436648.664962/1360.103376/435288.561586/0.000015647
-84/200: 436647.046159/1360.097537/435286.948622/0.000003707
-85/200: 436654.216818/1360.092518/435294.124300/0.000016422
-86/200: 436654.868426/1360.088154/435294.780272/0.000001492
-87/200: 436656.058871/1360.084516/435295.974355/0.000002726
-88/200: 436659.833093/1360.082101/435299.750992/0.000008643
-89/200: 436656.461969/1360.080016/435296.381953/0.000007720
-90/200: 436659.719722/1360.078409/435299.641313/0.000007461
-91/200: 436659.119753/1360.077150/435299.042603/0.000001374
-92/200: 436663.165123/1360.076651/435303.088472/0.000009264
-93/200: 436660.735539/1360.076693/435300.658846/0.000005564
-94/200: 436668.173064/1360.077329/435308.095735/0.000017033
-95/200: 436665.764040/1360.078256/435305.685784/0.000005517
-96/200: 436661.484436/1360.080039/435301.404397/0.000009801
-97/200: 436666.689379/1360.082085/435306.607294/0.000011920
-98/200: 436669.994908/1360.084303/435309.910605/0.000007570
-99/200: 436671.229211/1360.087360/435311.141851/0.000002827
Recall at EP-100 ...
  Columns 1 through 7

    0.0684    0.0852    0.0921    0.1006    0.1129    0.1256    0.1402

  Columns 8 through 10

    0.1515    0.1614    0.1713

Mrr at EP-100 ...
    0.0175

-100/200: 436667.993288/1360.090685/435307.902603/0.000007410
-101/200: 436665.711163/1360.093658/435305.617505/0.000005226
-102/200: 436670.300233/1360.097428/435310.202805/0.000010509
-103/200: 436676.777038/1360.101417/435316.675621/0.000014832
-104/200: 436670.858214/1360.105457/435310.752757/0.000013554
-105/200: 436676.573471/1360.109873/435316.463598/0.000013088
-106/200: 436672.926561/1360.114691/435312.811870/0.000008352
-107/200: 436676.501808/1360.119801/435316.382007/0.000008187
-108/200: 436681.545544/1360.124997/435321.420547/0.000011550
-109/200: 436676.848440/1360.130249/435316.718191/0.000010756
-110/200: 436675.608899/1360.135728/435315.473171/0.000002839
-111/200: 436683.648737/1360.142047/435323.506690/0.000018411
-112/200: 436683.166377/1360.148223/435323.018154/0.000001105
-113/200: 436681.400296/1360.154409/435321.245887/0.000004044
-114/200: 436679.239213/1360.161162/435319.078051/0.000004949
-115/200: 436683.137922/1360.167736/435322.970186/0.000008928
-116/200: 436682.386067/1360.174486/435322.211581/0.000001722
-117/200: 436687.623305/1360.181348/435327.441957/0.000011993
-118/200: 436686.814938/1360.188423/435326.626515/0.000001851
-119/200: 436690.984742/1360.195514/435330.789228/0.000009549
-120/200: 436689.019384/1360.202417/435328.816967/0.000004501
-121/200: 436692.918524/1360.209352/435332.709172/0.000008929
-122/200: 436693.879168/1360.216071/435333.663097/0.000002200
-123/200: 436691.578161/1360.223722/435331.354439/0.000005269
-124/200: 436693.209315/1360.230482/435332.978833/0.000003735
-125/200: 436694.562962/1360.237753/435334.325209/0.000003100
-126/200: 436694.442215/1360.245204/435334.197011/0.000000277
-127/200: 436694.689323/1360.252961/435334.436362/0.000000566
-128/200: 436695.206829/1360.260609/435334.946220/0.000001185
-129/200: 436695.674614/1360.267625/435335.406989/0.000001071
-130/200: 436701.880748/1360.275089/435341.605659/0.000014212
-131/200: 436696.449982/1360.282717/435336.167265/0.000012436
-132/200: 436701.964872/1360.290445/435341.674427/0.000012629
-133/200: 436703.240845/1360.298208/435342.942637/0.000002922
-134/200: 436707.656359/1360.305913/435347.350446/0.000010111
-135/200: 436700.141187/1360.313528/435339.827659/0.000017209
-136/200: 436702.479091/1360.320918/435342.158173/0.000005354
-137/200: 436708.583683/1360.328565/435348.255118/0.000013979
-138/200: 436706.959114/1360.335889/435346.623225/0.000003720
-139/200: 436705.990034/1360.343083/435345.646951/0.000002219
-140/200: 436709.759388/1360.350730/435349.408658/0.000008631
-141/200: 436710.993006/1360.358677/435350.634329/0.000002825
-142/200: 436708.501844/1360.365961/435348.135883/0.000005704
-143/200: 436711.517953/1360.373634/435351.144319/0.000006906
-144/200: 436713.291717/1360.380877/435352.910840/0.000004062
-145/200: 436715.565383/1360.388613/435355.176770/0.000005206
-146/200: 436714.775455/1360.395890/435354.379565/0.000001809
-147/200: 436716.293618/1360.403032/435355.890586/0.000003476
-148/200: 436712.720997/1360.410135/435352.310862/0.000008181
-149/200: 436716.654906/1360.417266/435356.237640/0.000009008
-150/200: 436718.436224/1360.424720/435358.011504/0.000004079
-151/200: 436719.250101/1360.431918/435358.818183/0.000001864
-152/200: 436719.089827/1360.439118/435358.650709/0.000000367
-153/200: 436720.049615/1360.445957/435359.603658/0.000002198
-154/200: 436721.856216/1360.452944/435361.403272/0.000004137
-155/200: 436721.092833/1360.459919/435360.632914/0.000001748
-156/200: 436722.264068/1360.466828/435361.797240/0.000002682
-157/200: 436726.756354/1360.473688/435366.282666/0.000010286
-158/200: 436725.904474/1360.480344/435365.424130/0.000001951
-159/200: 436727.558185/1360.487382/435367.070803/0.000003787
-160/200: 436728.382592/1360.494216/435367.888376/0.000001888
-161/200: 436724.922327/1360.500960/435364.421367/0.000007923
-162/200: 436727.485310/1360.507599/435366.977711/0.000005869
-163/200: 436732.267576/1360.514154/435371.753422/0.000010950
-164/200: 436728.484854/1360.520685/435367.964169/0.000008661
-165/200: 436733.737350/1360.527282/435373.210068/0.000012027
-166/200: 436732.037621/1360.533720/435371.503901/0.000003892
-167/200: 436732.063998/1360.539862/435371.524136/0.000000060
Start evaluating ...
  Columns 1 through 7

    0.0673    0.0841    0.0910    0.0998    0.1100    0.1226    0.1358

  Columns 8 through 10

    0.1494    0.1598    0.1696

    0.0170

Elapsed time is 23039.535337 seconds.
