nohup: ignoring input

                            < M A T L A B (R) >
                  Copyright 1984-2016 The MathWorks, Inc.
                   R2016a (9.0.0.341360) 64-bit (glnxa64)
                             February 11, 2016

 
To get started, type one of these: helpwin, helpdesk, or demo.
For product information, visit www.mathworks.com.
 

	Academic License

Start learning ...
Init data [Dtype: delicious - Dspec: sp1/2550]
Init social model
Using adagrad ...
Load pretrained shallow-model...
Could not use CUDA
Params [lbd-U: 10.0000|lbd-V: 0.0100|lbd-N: 10.0000|lbd-Q: 0.1000]
Staring Sample 1 - Loc: save/bcdl/delicious-alg61-sp1-cold20170221131601204 
CTR(chongwang)-DAE(User graph) Running - Walks(1)...
-1/200: 4370289.581350/12479.770813/4357809.810537/1.000000000
-2/200: 4354538.340610/2735.581746/4351802.758864/0.003604164
-3/200: 4354469.795562/2587.159126/4351882.636436/0.000015741
-4/200: 4354444.454892/2534.155952/4351910.298940/0.000005819
-5/200: 4354308.689585/2508.723170/4351799.966415/0.000031179
-6/200: 4354302.660757/2494.620118/4351808.040639/0.000001385
-7/200: 4354517.850210/2486.077971/4352031.772239/0.000049420
-8/200: 4354560.730409/2480.596061/4352080.134348/0.000009847
-9/200: 4354522.556949/2476.960109/4352045.596840/0.000008766
-10/200: 4354557.000480/2474.492882/4352082.507598/0.000007910
-11/200: 4354483.464274/2472.816418/4352010.647856/0.000016887
-12/200: 4354420.547953/2471.706904/4351948.841049/0.000014449
-13/200: 4354543.179656/2470.992674/4352072.186982/0.000028163
-14/200: 4354604.231229/2470.574131/4352133.657098/0.000014020
-15/200: 4354518.361751/2470.395153/4352047.966598/0.000019719
-16/200: 4354528.152025/2470.374745/4352057.777280/0.000002248
-17/200: 4354609.115476/2470.484200/4352138.631276/0.000018593
-18/200: 4354752.920954/2470.694094/4352282.226860/0.000033024
-19/200: 4354659.842548/2470.999218/4352188.843330/0.000021374
-20/200: 4354697.239136/2471.363310/4352225.875826/0.000008588
-21/200: 4354575.838396/2471.797248/4352104.041148/0.000027878
-22/200: 4354727.756542/2472.268360/4352255.488182/0.000034887
-23/200: 4354782.549469/2472.782151/4352309.767318/0.000012582
-24/200: 4354850.380038/2473.323870/4352377.056168/0.000015576
-25/200: 4354740.832835/2473.896073/4352266.936762/0.000025155
-26/200: 4354754.454484/2474.495749/4352279.958735/0.000003128
-27/200: 4354706.604550/2475.102329/4352231.502221/0.000010988
-28/200: 4354917.914222/2475.716995/4352442.197227/0.000048524
-29/200: 4354897.214691/2476.345053/4352420.869638/0.000004753
-30/200: 4354836.165613/2476.987185/4352359.178428/0.000014018
-31/200: 4354835.093592/2477.624195/4352357.469397/0.000000246
-32/200: 4354918.085894/2478.272971/4352439.812923/0.000019058
-33/200: 4354679.160605/2478.922971/4352200.237634/0.000054863
-34/200: 4354919.450092/2479.577271/4352439.872821/0.000055180
-35/200: 4354734.180284/2480.226099/4352253.954185/0.000042543
-36/200: 4354886.940034/2480.880833/4352406.059201/0.000035079
-37/200: 4354907.671673/2481.531672/4352426.140001/0.000004761
-38/200: 4354859.329939/2482.180476/4352377.149463/0.000011101
-39/200: 4354928.002812/2482.828294/4352445.174518/0.000015769
-40/200: 4354895.832426/2483.473025/4352412.359401/0.000007387
-41/200: 4355033.096497/2484.116280/4352548.980217/0.000031519
-42/200: 4355052.010575/2484.756814/4352567.253761/0.000004343
-43/200: 4355022.146299/2485.389414/4352536.756885/0.000006857
-44/200: 4355043.284551/2486.012250/4352557.272301/0.000004854
-45/200: 4355022.077955/2486.630872/4352535.447083/0.000004869
-46/200: 4355020.387815/2487.250265/4352533.137550/0.000000388
-47/200: 4355092.777342/2487.859913/4352604.917429/0.000016622
-48/200: 4355085.644033/2488.465590/4352597.178443/0.000001638
-49/200: 4354977.296576/2489.066638/4352488.229938/0.000024878
-50/200: 4355026.568056/2489.660457/4352536.907599/0.000011314
-51/200: 4355030.478714/2490.243642/4352540.235072/0.000000898
-52/200: 4355178.582216/2490.822744/4352687.759472/0.000034007
-53/200: 4355030.662721/2491.397425/4352539.265296/0.000033964
-54/200: 4355101.359784/2491.970715/4352609.389069/0.000016233
-55/200: 4355093.502449/2492.533128/4352600.969321/0.000001804
-56/200: 4355094.379710/2493.087397/4352601.292313/0.000000201
-57/200: 4355134.977617/2493.644931/4352641.332686/0.000009322
-58/200: 4355188.196295/2494.195286/4352694.001009/0.000012220
-59/200: 4355159.943464/2494.738232/4352665.205232/0.000006487
-60/200: 4355172.285069/2495.271764/4352677.013305/0.000002834
-61/200: 4355094.296907/2495.796893/4352598.500014/0.000017907
-62/200: 4355234.902838/2496.321188/4352738.581650/0.000032285
-63/200: 4355167.067510/2496.837898/4352670.229612/0.000015576
-64/200: 4355312.642590/2497.347820/4352815.294770/0.000033426
-65/200: 4355317.890534/2497.855202/4352820.035332/0.000001205
-66/200: 4355301.631909/2498.359649/4352803.272260/0.000003733
-67/200: 4355203.434072/2498.855847/4352704.578225/0.000022547
-68/200: 4355214.370865/2499.343064/4352715.027801/0.000002511
-69/200: 4355240.222673/2499.824670/4352740.398003/0.000005936
-70/200: 4355233.702548/2500.301131/4352733.401417/0.000001497
-71/200: 4355330.427482/2500.774354/4352829.653128/0.000022209
-72/200: 4355281.263305/2501.237841/4352780.025464/0.000011288
-73/200: 4355385.809294/2501.700034/4352884.109260/0.000024004
-74/200: 4355342.181268/2502.156787/4352840.024481/0.000010017
-75/200: 4355307.681227/2502.607293/4352805.073934/0.000007921
-76/200: 4355406.503339/2503.050897/4352903.452442/0.000022690
-77/200: 4355426.928385/2503.492676/4352923.435709/0.000004690
-78/200: 4355425.063731/2503.921691/4352921.142040/0.000000428
-79/200: 4355322.399961/2504.349039/4352818.050922/0.000023571
-80/200: 4355339.860028/2504.771015/4352835.089013/0.000004009
-81/200: 4355397.060855/2505.187051/4352891.873804/0.000013133
-82/200: 4355468.760543/2505.599203/4352963.161340/0.000016462
-83/200: 4355403.796290/2506.006696/4352897.789594/0.000014916
-84/200: 4355387.385633/2506.405884/4352880.979749/0.000003768
-85/200: 4355458.106367/2506.804280/4352951.302087/0.000016238
-86/200: 4355463.160665/2507.192555/4352955.968110/0.000001160
-87/200: 4355474.547027/2507.580088/4352966.966939/0.000002614
-88/200: 4355514.575492/2507.963385/4353006.612107/0.000009190
-89/200: 4355478.480967/2508.340589/4352970.140378/0.000008287
-90/200: 4355513.912280/2508.711642/4353005.200638/0.000008135
-91/200: 4355505.346031/2509.076450/4352996.269581/0.000001967
-92/200: 4355546.617815/2509.437677/4353037.180138/0.000009476
-93/200: 4355524.283771/2509.793359/4353014.490412/0.000005128
-94/200: 4355594.389902/2510.145795/4353084.244107/0.000016096
-95/200: 4355568.050769/2510.493214/4353057.557555/0.000006047
-96/200: 4355528.407114/2510.839114/4353017.568000/0.000009102
-97/200: 4355577.276147/2511.180301/4353066.095846/0.000011220
-98/200: 4355608.313564/2511.515598/4353096.797966/0.000007126
-99/200: 4355622.311511/2511.848472/4353110.463039/0.000003214
Recall at EP-100 ...
  Columns 1 through 7

    0.0703    0.0867    0.1001    0.1152    0.1318    0.1476    0.1596

  Columns 8 through 10

    0.1698    0.1782    0.1855

Mrr at EP-100 ...
    0.0180

-100/200: 4355588.041723/2512.177072/4353075.864651/0.000007868
-101/200: 4355572.099030/2512.497260/4353059.601770/0.000003660
-102/200: 4355612.957860/2512.817855/4353100.140005/0.000009381
-103/200: 4355678.556674/2513.133047/4353165.423627/0.000015061
-104/200: 4355617.603594/2513.441727/4353104.161867/0.000013994
-105/200: 4355672.520945/2513.747518/4353158.773427/0.000012608
-106/200: 4355633.145744/2514.052492/4353119.093252/0.000009040
-107/200: 4355671.544049/2514.354155/4353157.189894/0.000008816
-108/200: 4355720.190703/2514.647307/4353205.543396/0.000011169
-109/200: 4355672.353104/2514.939327/4353157.413777/0.000010983
-110/200: 4355661.451692/2515.228410/4353146.223282/0.000002503
-111/200: 4355741.027753/2515.516306/4353225.511447/0.000018270
-112/200: 4355735.750107/2515.801003/4353219.949104/0.000001212
-113/200: 4355715.231350/2516.080030/4353199.151320/0.000004711
-114/200: 4355699.303544/2516.357193/4353182.946351/0.000003657
-115/200: 4355736.255808/2516.629724/4353219.626084/0.000008484
-116/200: 4355725.999851/2516.898828/4353209.101023/0.000002355
-117/200: 4355778.565661/2517.164001/4353261.401660/0.000012068
-118/200: 4355770.266605/2517.430176/4353252.836429/0.000001905
-119/200: 4355809.782442/2517.689992/4353292.092450/0.000009072
-120/200: 4355788.561229/2517.943270/4353270.617959/0.000004872
-121/200: 4355828.830884/2518.194049/4353310.636835/0.000009245
-122/200: 4355838.845547/2518.441638/4353320.403909/0.000002299
-123/200: 4355812.751202/2518.688167/4353294.063035/0.000005991
-124/200: 4355829.902840/2518.928655/4353310.974185/0.000003938
-125/200: 4355841.883493/2519.166872/4353322.716621/0.000002750
-126/200: 4355843.354851/2519.403434/4353323.951417/0.000000338
-127/200: 4355843.736942/2519.637677/4353324.099265/0.000000088
Start evaluating ...
  Columns 1 through 7

    0.0696    0.0859    0.0987    0.1135    0.1290    0.1449    0.1576

  Columns 8 through 10

    0.1680    0.1767    0.1839

    0.0176

Elapsed time is 18693.604605 seconds.
