nohup: ignoring input

                            < M A T L A B (R) >
                  Copyright 1984-2016 The MathWorks, Inc.
                   R2016a (9.0.0.341360) 64-bit (glnxa64)
                             February 11, 2016

 
To get started, type one of these: helpwin, helpdesk, or demo.
For product information, visit www.mathworks.com.
 

	Academic License

Start learning ...
Init data [Dtype: delicious - Dspec: sp1/2550]
Init social model
Using adagrad ...
Load pretrained shallow-model...
Could not use CUDA
Params [lbd-U: 1.0000|lbd-V: 10.0000|lbd-N: 1.0000|lbd-Q: 0.1000]
Staring Sample 1 - Loc: save/bcdl/delicious-alg61-sp1-cold20170221131601563 
CTR(chongwang)-DAE(User graph) Running - Walks(1)...
-1/200: 452020.657492/16239.676438/435780.981054/1.000000000
-2/200: 447591.408173/12515.045358/435076.362815/0.009798776
-3/200: 447339.230698/12184.430661/435154.800037/0.000563410
-4/200: 447074.621082/11895.540672/435179.080410/0.000591519
-5/200: 446907.610827/11737.522091/435170.088736/0.000373562
-6/200: 446855.794422/11685.001735/435170.792687/0.000115944
-7/200: 446859.389321/11666.365767/435193.023554/0.000008045
-8/200: 446856.576499/11658.727247/435197.849252/0.000006295
-9/200: 446850.763324/11656.079044/435194.684280/0.000013009
-10/200: 446854.748569/11656.435746/435198.312823/0.000008919
-11/200: 446850.369881/11658.833186/435191.536695/0.000009799
-12/200: 446848.051905/11662.646239/435185.405666/0.000005187
-13/200: 446864.907791/11667.424586/435197.483205/0.000037722
-14/200: 446876.335456/11672.846617/435203.488839/0.000025573
-15/200: 446873.608372/11678.684938/435194.923434/0.000006103
-16/200: 446880.860515/11684.754314/435196.106201/0.000016229
-17/200: 446895.330605/11690.928624/435204.401981/0.000032380
-18/200: 446915.147589/11697.116266/435218.031323/0.000044344
-19/200: 446912.340360/11703.250312/435209.090048/0.000006281
-20/200: 446922.256796/11709.269414/435212.987382/0.000022189
-21/200: 446916.121582/11715.142422/435200.979160/0.000013728
-22/200: 446936.858342/11720.831288/435216.027054/0.000046400
-23/200: 446947.596366/11726.313229/435221.283137/0.000024026
-24/200: 446959.274519/11731.568730/435227.705789/0.000026129
-25/200: 446953.539801/11736.588504/435216.951297/0.000012831
-26/200: 446960.091240/11741.361292/435218.729948/0.000014658
-27/200: 446959.808618/11745.878506/435213.930112/0.000000632
-28/200: 446984.596232/11750.136242/435234.459990/0.000055458
-29/200: 446986.835915/11754.137695/435232.698220/0.000005011
-30/200: 446984.253426/11757.886052/435226.367374/0.000005778
-31/200: 446987.963959/11761.379233/435226.584726/0.000008301
-32/200: 446999.355154/11764.628468/435234.726686/0.000025484
-33/200: 446978.828739/11767.636015/435211.192724/0.000045920
-34/200: 447005.139246/11770.410787/435234.728459/0.000058863
-35/200: 446989.421916/11772.958578/435216.463338/0.000035161
-36/200: 447006.990568/11775.291183/435231.699385/0.000039304
-37/200: 447010.959714/11777.415992/435233.543722/0.000008879
-38/200: 447008.363079/11779.342008/435229.021071/0.000005809
-39/200: 447016.709721/11781.081102/435235.628619/0.000018672
-40/200: 447015.031608/11782.643894/435232.387714/0.000003754
-41/200: 447029.947838/11784.043283/435245.904555/0.000033369
-42/200: 447033.093688/11785.286767/435247.806921/0.000007037
-43/200: 447031.456109/11786.386981/435245.069128/0.000003663
-44/200: 447034.403926/11787.351305/435247.052621/0.000006594
-45/200: 447033.034091/11788.195723/435244.838368/0.000003064
-46/200: 447033.562365/11788.931052/435244.631313/0.000001182
-47/200: 447041.343451/11789.563211/435251.780240/0.000017406
-48/200: 447041.369075/11790.105811/435251.263264/0.000000057
-49/200: 447031.401088/11790.570336/435240.830752/0.000022298
-50/200: 447036.279084/11790.962333/435245.316751/0.000010912
-51/200: 447037.209053/11791.288923/435245.920130/0.000002080
-52/200: 447052.222610/11791.559984/435260.662626/0.000033585
-53/200: 447037.699934/11791.786190/435245.913744/0.000032485
-54/200: 447044.671982/11791.972071/435252.699911/0.000015596
-55/200: 447044.373583/11792.120102/435252.253481/0.000000667
-56/200: 447044.574837/11792.238658/435252.336179/0.000000450
-57/200: 447048.378305/11792.337810/435256.040495/0.000008508
-58/200: 447054.098645/11792.416071/435261.682574/0.000012796
-59/200: 447051.060189/11792.480667/435258.579522/0.000006797
-60/200: 447052.529439/11792.530317/435259.999122/0.000003287
-61/200: 447044.789688/11792.572082/435252.217606/0.000017313
-62/200: 447058.574235/11792.611005/435265.963230/0.000030835
-63/200: 447052.213846/11792.645173/435259.568673/0.000014227
-64/200: 447066.624483/11792.678209/435273.946274/0.000032235
-65/200: 447067.341628/11792.715111/435274.626517/0.000001604
-66/200: 447065.821838/11792.754611/435273.067227/0.000003399
-67/200: 447055.926973/11792.795939/435263.131034/0.000022133
-68/200: 447057.020953/11792.838677/435264.182276/0.000002447
-69/200: 447059.424727/11792.886447/435266.538280/0.000005377
-70/200: 447058.968223/11792.937237/435266.030986/0.000001021
-71/200: 447068.592007/11792.994889/435275.597118/0.000021527
-72/200: 447063.918131/11793.052692/435270.865439/0.000010454
-73/200: 447074.458289/11793.117260/435281.341029/0.000023576
-74/200: 447069.976843/11793.185036/435276.791807/0.000010024
-75/200: 447066.516863/11793.256172/435273.260691/0.000007739
-76/200: 447076.687460/11793.330679/435283.356781/0.000022750
-77/200: 447079.051774/11793.408211/435285.643563/0.000005288
-78/200: 447078.858535/11793.486173/435285.372362/0.000000432
-79/200: 447068.770014/11793.569697/435275.200317/0.000022565
-80/200: 447070.302211/11793.654534/435276.647677/0.000003427
-81/200: 447075.880272/11793.740775/435282.139497/0.000012477
-82/200: 447083.866956/11793.830069/435290.036887/0.000017864
-83/200: 447077.113537/11793.921724/435283.191813/0.000015105
-84/200: 447075.392902/11794.013145/435281.379757/0.000003849
-85/200: 447082.716811/11794.108305/435288.608506/0.000016382
-86/200: 447083.571650/11794.203203/435289.368447/0.000001912
-87/200: 447084.579540/11794.301664/435290.277876/0.000002254
-88/200: 447088.643742/11794.401487/435294.242255/0.000009090
-89/200: 447085.298415/11794.501743/435290.796672/0.000007482
-90/200: 447088.953381/11794.602277/435294.351104/0.000008175
-91/200: 447088.259481/11794.702237/435293.557244/0.000001552
-92/200: 447092.485461/11794.804713/435297.680748/0.000009452
-93/200: 447090.386281/11794.907203/435295.479078/0.000004695
-94/200: 447097.813937/11795.010502/435302.803435/0.000016613
-95/200: 447095.291108/11795.115214/435300.175894/0.000005643
-96/200: 447091.182793/11795.222024/435295.960769/0.000009189
-97/200: 447096.330098/11795.329048/435301.001050/0.000011513
-98/200: 447099.349524/11795.436271/435303.913253/0.000006753
-99/200: 447101.011212/11795.543713/435305.467499/0.000003717
Recall at EP-100 ...
  Columns 1 through 7

    0.0212    0.0355    0.0452    0.0522    0.0586    0.0634    0.0683

  Columns 8 through 10

    0.0727    0.0766    0.0805

Mrr at EP-100 ...
    0.0053

-100/200: 447097.482905/11795.652389/435301.830516/0.000007892
-101/200: 447096.191729/11795.758245/435300.433484/0.000002888
-102/200: 447100.238798/11795.866768/435304.372030/0.000009052
-103/200: 447106.972797/11795.975144/435310.997653/0.000015061
-104/200: 447101.225482/11796.082969/435305.142513/0.000012854
-105/200: 447107.010020/11796.191713/435310.818307/0.000012938
-106/200: 447102.953924/11796.300959/435306.652965/0.000009072
-107/200: 447106.813934/11796.411782/435310.402152/0.000008633
-108/200: 447112.362994/11796.519929/435315.843065/0.000012411
-109/200: 447107.338961/11796.628389/435310.710572/0.000011237
-110/200: 447106.627364/11796.737179/435309.890185/0.000001592
-111/200: 447114.065850/11796.848954/435317.216896/0.000016637
-112/200: 447114.133280/11796.960407/435317.172873/0.000000151
-113/200: 447112.200307/11797.070376/435315.129931/0.000004323
-114/200: 447110.427810/11797.181337/435313.246473/0.000003964
-115/200: 447114.274102/11797.291858/435316.982244/0.000008603
-116/200: 447113.658333/11797.401993/435316.256340/0.000001377
-117/200: 447119.240473/11797.511421/435321.729052/0.000012485
-118/200: 447118.122013/11797.623582/435320.498431/0.000002501
-119/200: 447122.102695/11797.734040/435324.368655/0.000008903
-120/200: 447120.482950/11797.842770/435322.640180/0.000003623
-121/200: 447124.808566/11797.950874/435326.857692/0.000009674
-122/200: 447125.718119/11798.059609/435327.658510/0.000002034
-123/200: 447123.017147/11798.170218/435324.846929/0.000006041
-124/200: 447125.214057/11798.277064/435326.936993/0.000004913
-125/200: 447126.710566/11798.385023/435328.325543/0.000003347
-126/200: 447126.552366/11798.494367/435328.057999/0.000000354
-127/200: 447126.780434/11798.603980/435328.176454/0.000000510
-128/200: 447127.274160/11798.713924/435328.560236/0.000001104
-129/200: 447128.035386/11798.819369/435329.216017/0.000001702
-130/200: 447134.459035/11798.927232/435335.531803/0.000014366
-131/200: 447128.708992/11799.035132/435329.673860/0.000012860
-132/200: 447134.225432/11799.143408/435335.082024/0.000012337
-133/200: 447135.857337/11799.253551/435336.603786/0.000003650
-134/200: 447140.476272/11799.360443/435341.115829/0.000010330
-135/200: 447133.027923/11799.467904/435333.560019/0.000016658
-136/200: 447135.146637/11799.573489/435335.573148/0.000004738
-137/200: 447141.492611/11799.680902/435341.811709/0.000014193
-138/200: 447140.031213/11799.786372/435340.244841/0.000003268
-139/200: 447139.181352/11799.890274/435339.291078/0.000001901
-140/200: 447142.758853/11799.996669/435342.762184/0.000008001
-141/200: 447144.062701/11800.103764/435343.958937/0.000002916
-142/200: 447141.955802/11800.207873/435341.747929/0.000004712
-143/200: 447144.958748/11800.313523/435344.645225/0.000006716
-144/200: 447146.615877/11800.417759/435346.198118/0.000003706
-145/200: 447149.176341/11800.523394/435348.652947/0.000005726
-146/200: 447148.717630/11800.626694/435348.090936/0.000001026
-147/200: 447149.841794/11800.729209/435349.112585/0.000002514
-148/200: 447146.746592/11800.830532/435345.916060/0.000006922
-149/200: 447150.442454/11800.932895/435349.509559/0.000008265
-150/200: 447152.528982/11801.036211/435351.492771/0.000004666
-151/200: 447153.492395/11801.140194/435352.352201/0.000002155
-152/200: 447153.087186/11801.241883/435351.845303/0.000000906
-153/200: 447154.613255/11801.342273/435353.270982/0.000003413
-154/200: 447156.091391/11801.443078/435354.648313/0.000003306
-155/200: 447155.357727/11801.544098/435353.813629/0.000001641
-156/200: 447156.725678/11801.645364/435355.080314/0.000003059
-157/200: 447161.243580/11801.746085/435359.497495/0.000010104
-158/200: 447160.732029/11801.845874/435358.886155/0.000001144
-159/200: 447162.300241/11801.946952/435360.353289/0.000003507
-160/200: 447163.147109/11802.047991/435361.099118/0.000001894
-161/200: 447159.970286/11802.147097/435357.823189/0.000007104
-162/200: 447162.366506/11802.244876/435360.121630/0.000005359
-163/200: 447167.537256/11802.343630/435365.193626/0.000011563
-164/200: 447163.597600/11802.442192/435361.155408/0.000008810
-165/200: 447168.974539/11802.541064/435366.433475/0.000012025
-166/200: 447167.073141/11802.638893/435364.434248/0.000004252
-167/200: 447167.320210/11802.735934/435364.584276/0.000000553
-168/200: 447170.424295/11802.833046/435367.591249/0.000006942
-169/200: 447170.104737/11802.929396/435367.175341/0.000000715
-170/200: 447171.399598/11803.026169/435368.373429/0.000002896
-171/200: 447172.046889/11803.123276/435368.923613/0.000001448
-172/200: 447175.035293/11803.218173/435371.817120/0.000006683
-173/200: 447172.264220/11803.313713/435368.950507/0.000006197
-174/200: 447179.363243/11803.410200/435375.953043/0.000015875
-175/200: 447174.726451/11803.504907/435371.221544/0.000010369
-176/200: 447179.260954/11803.600124/435375.660830/0.000010140
-177/200: 447181.551075/11803.695795/435377.855280/0.000005121
-178/200: 447179.967649/11803.789489/435376.178160/0.000003541
-179/200: 447181.165494/11803.882904/435377.282590/0.000002679
-180/200: 447179.307880/11803.977176/435375.330704/0.000004154
-181/200: 447184.286386/11804.071746/435380.214640/0.000011133
-182/200: 447183.599351/11804.164215/435379.435136/0.000001536
-183/200: 447186.284906/11804.258160/435382.026746/0.000006005
-184/200: 447186.876328/11804.352291/435382.524037/0.000001323
-185/200: 447188.947590/11804.445679/435384.501911/0.000004632
-186/200: 447187.615249/11804.538833/435383.076416/0.000002979
-187/200: 447188.440962/11804.630613/435383.810349/0.000001846
-188/200: 447190.641935/11804.722235/435385.919700/0.000004922
-189/200: 447192.181186/11804.813896/435387.367290/0.000003442
-190/200: 447192.314297/11804.905885/435387.408412/0.000000298
-191/200: 447194.251631/11804.997874/435389.253757/0.000004332
-192/200: 447195.216776/11805.089036/435390.127740/0.000002158
-193/200: 447195.182356/11805.179048/435390.003308/0.000000077
Start evaluating ...
  Columns 1 through 7

    0.0211    0.0360    0.0448    0.0522    0.0583    0.0634    0.0680

  Columns 8 through 10

    0.0724    0.0763    0.0807

    0.0054

Elapsed time is 25944.273659 seconds.
