nohup: ignoring input

                            < M A T L A B (R) >
                  Copyright 1984-2016 The MathWorks, Inc.
                   R2016a (9.0.0.341360) 64-bit (glnxa64)
                             February 11, 2016

 
To get started, type one of these: helpwin, helpdesk, or demo.
For product information, visit www.mathworks.com.
 

	Academic License

Start learning ...
Init data [Dtype: delicious - Dspec: sp1/2550]
Init social model
Using adagrad ...
Load pretrained shallow-model...
Could not use CUDA
Params [lbd-U: 0.0100|lbd-V: 0.0100|lbd-N: 0.0100|lbd-Q: 0.1000]
Staring Sample 1 - Loc: save/bcdl/delicious-alg61-sp1-cold20170221131600450 
CTR(chongwang)-DAE(User graph) Running - Walks(1)...
-1/200: 6412.933313/2055.123502/4357.809811/1.000000000
-2/200: 6005.161432/1655.535545/4349.625887/0.063585860
-3/200: 5865.360984/1514.683427/4350.677557/0.023280048
-4/200: 5782.110271/1430.443074/4351.667197/0.014193621
-5/200: 5716.741973/1365.088025/4351.653948/0.011305266
-6/200: 5664.327638/1312.674231/4351.653407/0.009168568
-7/200: 5621.472702/1269.597092/4351.875610/0.007565759
-8/200: 5585.418687/1233.496747/4351.921940/0.006413625
-9/200: 5554.632076/1202.758677/4351.873399/0.005511961
-10/200: 5528.155355/1176.239552/4351.915803/0.004766602
-11/200: 5504.960235/1153.105640/4351.854595/0.004195816
-12/200: 5484.503806/1132.733992/4351.769814/0.003715999
-13/200: 5466.545609/1114.648728/4351.896881/0.003274352
-14/200: 5450.446291/1098.479827/4351.966464/0.002945063
-15/200: 5435.809661/1083.934419/4351.875242/0.002685400
-16/200: 5422.654902/1070.777644/4351.877258/0.002420018
-17/200: 5410.788830/1058.818610/4351.970220/0.002188240
-18/200: 5400.018611/1047.900383/4352.118228/0.001990508
-19/200: 5389.910316/1037.892813/4352.017503/0.001871900
-20/200: 5380.747324/1028.686759/4352.060565/0.001700027
-21/200: 5372.136586/1020.190176/4351.946410/0.001600287
-22/200: 5364.419791/1012.324714/4352.095077/0.001436448
-23/200: 5357.155139/1005.023161/4352.131978/0.001354229
-24/200: 5350.435456/998.227744/4352.207712/0.001254338
-25/200: 5343.999545/991.888302/4352.111243/0.001202876
-26/200: 5338.092948/985.961208/4352.131740/0.001105277
-27/200: 5332.491408/980.408175/4352.083233/0.001049352
-28/200: 5327.468254/975.195636/4352.272618/0.000941990
-29/200: 5322.565977/970.293857/4352.272120/0.000920189
-30/200: 5317.878789/965.676628/4352.202161/0.000880626
-31/200: 5313.506018/961.320423/4352.185595/0.000822277
-32/200: 5309.505062/957.204398/4352.300664/0.000752979
-33/200: 5305.357497/953.309797/4352.047700/0.000781159
-34/200: 5301.893217/949.619817/4352.273400/0.000652978
-35/200: 5298.228756/946.119277/4352.109479/0.000691161
-36/200: 5295.041959/942.794511/4352.247448/0.000601483
-37/200: 5291.922764/939.633056/4352.289708/0.000589078
-38/200: 5288.846449/936.623718/4352.222731/0.000581323
-39/200: 5286.073708/933.756209/4352.317499/0.000524262
-40/200: 5283.283477/931.021210/4352.262267/0.000527846
-41/200: 5280.819813/928.410167/4352.409646/0.000466313
-42/200: 5278.329176/925.915257/4352.413919/0.000471638
-43/200: 5275.945838/923.529269/4352.416569/0.000451533
-44/200: 5273.663409/921.245634/4352.417775/0.000432610
-45/200: 5271.448725/919.058270/4352.390455/0.000419952
-46/200: 5269.340919/916.961597/4352.379322/0.000399853
-47/200: 5267.411297/914.950369/4352.460928/0.000366198
-48/200: 5265.462089/913.019847/4352.442242/0.000370050
-49/200: 5263.520005/911.165546/4352.354459/0.000368835
-50/200: 5261.794270/909.383298/4352.410972/0.000327867
-51/200: 5260.095548/907.669316/4352.426232/0.000322841
-52/200: 5258.590677/906.020082/4352.570595/0.000286092
-53/200: 5256.831518/904.432242/4352.399276/0.000334530
-54/200: 5255.395257/902.902662/4352.492595/0.000273218
-55/200: 5253.889433/901.428486/4352.460947/0.000286529
-56/200: 5252.478182/900.006989/4352.471193/0.000268611
-57/200: 5251.132243/898.635670/4352.496573/0.000256248
-58/200: 5249.880130/897.312067/4352.568063/0.000238446
-59/200: 5248.584860/896.034007/4352.550853/0.000246724
-60/200: 5247.354015/894.799346/4352.554669/0.000234510
-61/200: 5246.085850/893.606168/4352.479682/0.000241677
-62/200: 5245.069454/892.452600/4352.616854/0.000193744
-63/200: 5243.919522/891.336879/4352.582643/0.000219241
-64/200: 5242.965536/890.257373/4352.708163/0.000181922
-65/200: 5241.909977/889.212586/4352.697391/0.000201329
-66/200: 5240.882747/888.200973/4352.681774/0.000195965
-67/200: 5239.793562/887.221188/4352.572374/0.000207825
-68/200: 5238.875805/886.271869/4352.603936/0.000175151
-69/200: 5237.963251/885.351831/4352.611420/0.000174189
-70/200: 5237.090109/884.459859/4352.630250/0.000166695
-71/200: 5236.310717/883.594880/4352.715837/0.000148822
-72/200: 5235.458005/882.755760/4352.702245/0.000162846
-73/200: 5234.741313/881.941558/4352.799755/0.000136892
-74/200: 5233.911854/881.151305/4352.760549/0.000158453
-75/200: 5233.096622/880.384122/4352.712500/0.000155760
-76/200: 5232.449882/879.639109/4352.810773/0.000123587
-77/200: 5231.744432/878.915470/4352.828962/0.000134822
-78/200: 5231.053222/878.212370/4352.840852/0.000132119
-79/200: 5230.248550/877.529127/4352.719423/0.000153826
-80/200: 5229.616419/876.865002/4352.751417/0.000120861
-81/200: 5229.039546/876.219321/4352.820225/0.000110309
-82/200: 5228.465354/875.591447/4352.873907/0.000109808
-83/200: 5227.809040/874.980734/4352.828306/0.000125527
-84/200: 5227.178695/874.386608/4352.792087/0.000120575
-85/200: 5226.683668/873.808513/4352.875155/0.000094702
-86/200: 5226.106233/873.245886/4352.860347/0.000110478
-87/200: 5225.573137/872.698227/4352.874910/0.000102006
-88/200: 5225.116754/872.165024/4352.951730/0.000087336
-89/200: 5224.528396/871.645826/4352.882570/0.000112602
-90/200: 5224.076768/871.140152/4352.936616/0.000086444
-91/200: 5223.588339/870.647557/4352.940782/0.000093496
-92/200: 5223.136436/870.167670/4352.968766/0.000086512
-93/200: 5222.655958/869.700025/4352.955933/0.000091990
-94/200: 5222.279046/869.244307/4353.034739/0.000072169
-95/200: 5221.799017/868.800099/4352.998918/0.000091919
-96/200: 5221.312062/868.367083/4352.944979/0.000093254
-97/200: 5220.970712/867.944878/4353.025834/0.000065376
-98/200: 5220.590962/867.533152/4353.057810/0.000072736
-99/200: 5220.179395/867.131634/4353.047761/0.000078835
Recall at EP-100 ...
  Columns 1 through 7

    0.0642    0.0802    0.0873    0.0942    0.1009    0.1090    0.1212

  Columns 8 through 10

    0.1329    0.1441    0.1553

Mrr at EP-100 ...
    0.0165

-100/200: 5219.737805/866.739995/4352.997810/0.000084593
-101/200: 5219.385254/866.357875/4353.027379/0.000067542
-102/200: 5219.052662/865.985089/4353.067573/0.000063722
-103/200: 5218.746544/865.621328/4353.125216/0.000058654
-104/200: 5218.349147/865.266308/4353.082839/0.000076148
-105/200: 5218.048394/864.919809/4353.128585/0.000057634
-106/200: 5217.644045/864.581607/4353.062438/0.000077491
-107/200: 5217.342024/864.251437/4353.090587/0.000057884
-108/200: 5217.112460/863.929038/4353.183422/0.000044000
-109/200: 5216.704801/863.614257/4353.090544/0.000078139
-110/200: 5216.411745/863.306822/4353.104923/0.000056177
-111/200: 5216.183272/863.006600/4353.176672/0.000043799
-112/200: 5215.924886/862.713343/4353.211543/0.000049535
-113/200: 5215.586230/862.426859/4353.159371/0.000064927
-114/200: 5215.328901/862.146973/4353.181928/0.000049339
-115/200: 5215.060717/861.873521/4353.187196/0.000051422
-116/200: 5214.797236/861.606306/4353.190930/0.000050523
-117/200: 5214.594285/861.345184/4353.249101/0.000038918
-118/200: 5214.326332/861.089979/4353.236353/0.000051385
-119/200: 5214.114730/860.840546/4353.274184/0.000040581
-120/200: 5213.830434/860.596717/4353.233717/0.000054524
-121/200: 5213.684863/860.358331/4353.326532/0.000027920
-122/200: 5213.435846/860.125283/4353.310563/0.000047762
-123/200: 5213.167722/859.897466/4353.270256/0.000051429
-124/200: 5212.989191/859.674658/4353.314533/0.000034246
-125/200: 5212.789969/859.456784/4353.333185/0.000038216
-126/200: 5212.578541/859.243724/4353.334817/0.000040559
-127/200: 5212.335440/859.035358/4353.300082/0.000046637
-128/200: 5212.143286/858.831563/4353.311723/0.000036865
-129/200: 5211.940894/858.632189/4353.308705/0.000038831
-130/200: 5211.836339/858.437160/4353.399179/0.000020061
-131/200: 5211.586611/858.246373/4353.340238/0.000047916
-132/200: 5211.393879/858.059737/4353.334142/0.000036981
-133/200: 5211.273459/857.877127/4353.396332/0.000023107
-134/200: 5211.148224/857.698421/4353.449803/0.000024032
-135/200: 5210.895532/857.523558/4353.371974/0.000048491
-136/200: 5210.761685/857.352406/4353.409279/0.000025686
-137/200: 5210.645324/857.184926/4353.460398/0.000022331
-138/200: 5210.486583/857.020988/4353.465595/0.000030465
-139/200: 5210.295169/856.860539/4353.434630/0.000036736
-140/200: 5210.164708/856.703506/4353.461202/0.000025039
-141/200: 5210.023843/856.549799/4353.474044/0.000027036
-142/200: 5209.865537/856.399304/4353.466233/0.000030385
-143/200: 5209.751186/856.251977/4353.499209/0.000021949
-144/200: 5209.613452/856.107722/4353.505730/0.000026438
-145/200: 5209.502812/855.966500/4353.536312/0.000021238
-146/200: 5209.361641/855.828212/4353.533429/0.000027099
-147/200: 5209.226151/855.692799/4353.533352/0.000026009
-148/200: 5209.099365/855.560185/4353.539180/0.000024339
-149/200: 5208.962827/855.430337/4353.532490/0.000026212
-150/200: 5208.881670/855.303168/4353.578502/0.000015580
-151/200: 5208.748305/855.178641/4353.569664/0.000025603
-152/200: 5208.623616/855.056663/4353.566953/0.000023938
-153/200: 5208.550516/854.937168/4353.613348/0.000014034
-154/200: 5208.432471/854.820124/4353.612347/0.000022664
-155/200: 5208.287052/854.705486/4353.581566/0.000027920
-156/200: 5208.219869/854.593182/4353.626687/0.000012899
-157/200: 5208.135789/854.483183/4353.652606/0.000016144
-158/200: 5208.030381/854.375397/4353.654984/0.000020239
-159/200: 5207.949401/854.269820/4353.679581/0.000015549
-160/200: 5207.834246/854.166382/4353.667864/0.000022111
-161/200: 5207.740024/854.065016/4353.675008/0.000018092
-162/200: 5207.609502/853.965705/4353.643797/0.000025063
-163/200: 5207.605035/853.868391/4353.736644/0.000000858
-164/200: 5207.480792/853.773028/4353.707764/0.000023858
-165/200: 5207.413494/853.679594/4353.733900/0.000012924
-166/200: 5207.351507/853.588011/4353.763496/0.000011904
-167/200: 5207.221310/853.498255/4353.723055/0.000025002
-168/200: 5207.153603/853.410317/4353.743286/0.000013003
-169/200: 5207.085598/853.324109/4353.761489/0.000013060
-170/200: 5207.017231/853.239627/4353.777604/0.000013130
-171/200: 5206.927488/853.156833/4353.770655/0.000017235
-172/200: 5206.869740/853.075672/4353.794068/0.000011091
-173/200: 5206.807653/852.996113/4353.811540/0.000011924
-174/200: 5206.765093/852.918151/4353.846942/0.000008174
-175/200: 5206.605503/852.841722/4353.763781/0.000030651
-176/200: 5206.597496/852.766809/4353.830687/0.000001538
-177/200: 5206.575449/852.693359/4353.882090/0.000004235
-178/200: 5206.483704/852.621342/4353.862362/0.000017621
-179/200: 5206.424770/852.550750/4353.874020/0.000011319
-180/200: 5206.330206/852.481536/4353.848670/0.000018163
-181/200: 5206.324504/852.413705/4353.910799/0.000001095
-182/200: 5206.222615/852.347180/4353.875435/0.000019570
-183/200: 5206.214521/852.281958/4353.932563/0.000001555
-184/200: 5206.135732/852.218017/4353.917715/0.000015133
-185/200: 5206.096135/852.155333/4353.940802/0.000007606
-186/200: 5206.030959/852.093855/4353.937104/0.000012519
-187/200: 5205.967366/852.033568/4353.933798/0.000012215
-188/200: 5205.962925/851.974447/4353.988478/0.000000853
-189/200: 5205.899822/851.916480/4353.983342/0.000012121
-190/200: 5205.840684/851.859637/4353.981047/0.000011360
-191/200: 5205.784077/851.803911/4353.980166/0.000010874
-192/200: 5205.745093/851.749247/4353.995846/0.000007489
-193/200: 5205.722237/851.695623/4354.026614/0.000004391
-194/200: 5205.649972/851.643040/4354.006932/0.000013882
-195/200: 5205.626865/851.591487/4354.035378/0.000004439
-196/200: 5205.548920/851.540909/4354.008011/0.000014973
-197/200: 5205.534824/851.491290/4354.043534/0.000002708
-198/200: 5205.445124/851.442636/4354.002488/0.000017232
-199/200: 5205.481247/851.394915/4354.086332/0.000006939
-200/200: 5203.324095/849.288572/4354.035523/0.000414400
Start evaluating ...
  Columns 1 through 7

    0.0625    0.0770    0.0820    0.0865    0.0909    0.0965    0.1027

  Columns 8 through 10

    0.1130    0.1223    0.1319

    0.0159

Elapsed time is 34374.477180 seconds.
