nohup: ignoring input

                            < M A T L A B (R) >
                  Copyright 1984-2016 The MathWorks, Inc.
                   R2016a (9.0.0.341360) 64-bit (glnxa64)
                             February 11, 2016

 
To get started, type one of these: helpwin, helpdesk, or demo.
For product information, visit www.mathworks.com.
 

	Academic License

Start learning ...
Init data [Dtype: delicious - Dspec: sp1/2550]
Init social model
Using adagrad ...
Could not use CUDA
Params [lbd-U: 1.0000|lbd-V: 100.0000|lbd-N: 1.0000|lbd-Q: 0.1000]
Staring Sample 1 - Loc: save/ctr/delicious-alg80-sp1-cold20170221214430885 
CTR(chongwang) Running ...

iter time likelihood:[r:u:v] converge
0001 000100 -13038.50000:[0.00000:0.00000:-0.00000] 1.0000000000
0002 000204 -12524.36872:[1075.90655:-243.16505:-23.53647] 0.0394317816
0003 000297 -12465.03767:[1213.89238:-299.14478:-31.98714] 0.0047372485
0004 000377 -12464.73455:[1220.77661:-304.06998:-33.05257] 0.0000243171
0005 000468 -12469.71158:[1208.76976:-298.19037:-32.20516] 0.0003992884
0006 000549 -12474.05596:[1196.93192:-291.96544:-31.22080] 0.0003483944
0007 000663 -12477.82139:[1186.79344:-286.67970:-30.36934] 0.0003018611
0008 000743 -12481.15069:[1178.05276:-282.19465:-29.64387] 0.0002668176
0009 000824 -12484.13251:[1170.35970:-278.29023:-29.01186] 0.0002389057
0010 000904 -12486.82303:[1163.48563:-274.82219:-28.45033] 0.0002155149
0011 001000 -12489.26143:[1157.28787:-271.70447:-27.94530] 0.0001952783
0012 001083 -12491.47754:[1151.67081:-268.88265:-27.48792] 0.0001774415
0013 001163 -12493.49564:[1146.56407:-266.31875:-27.07204] 0.0001615579
0014 001243 -12495.33612:[1141.91170:-263.98353:-26.69300] 0.0001473147
0015 001323 -12497.01641:[1137.66718:-261.85308:-26.34697] 0.0001344738
0016 001404 -12498.55165:[1133.79083:-259.90721:-26.03075] 0.0001228481
0017 001484 -12499.95505:[1130.24826:-258.12849:-25.74155] 0.0001122855
0018 001568 -12501.23825:[1127.00939:-256.50173:-25.47696] 0.0001026563
0019 001649 -12502.41146:[1124.04783:-255.01358:-25.23487] 0.0000938475
0020 001730 -12503.48367:[1121.34038:-253.65233:-25.01340] 0.0000857603
0021 001811 -12504.46283:[1118.86657:-252.40763:-24.81090] 0.0000783110
0022 001893 -12505.35602:[1116.60825:-251.27034:-24.62591] 0.0000714293
0023 001993 -12506.16958:[1114.54925:-250.23232:-24.45715] 0.0000650573
0024 002074 -12506.90927:[1112.67497:-249.28629:-24.30344] 0.0000591461
0025 002173 -12507.58033:[1110.97224:-248.42565:-24.16372] 0.0000536545
0026 002253 -12508.18754:[1109.42900:-247.64439:-24.03706] 0.0000485475
0027 002366 -12508.73534:[1108.03419:-246.93703:-23.92256] 0.0000437959
0028 002477 -12509.22790:[1106.77751:-246.29848:-23.81942] 0.0000393771
0029 002600 -12509.66916:[1105.64926:-245.72397:-23.72686] 0.0000352744
0030 002701 -12510.06290:[1104.64018:-245.20899:-23.64415] 0.0000314753
0031 002781 -12510.41279:[1103.74137:-244.74917:-23.57058] 0.0000279683
0032 002861 -12510.72232:[1102.94424:-244.34035:-23.50546] 0.0000247419
0033 002941 -12510.99486:[1102.24057:-243.97848:-23.44810] 0.0000217844
0034 003064 -12511.23362:[1101.62244:-243.65970:-23.39787] 0.0000190840
0035 003198 -12511.44164:[1101.08234:-243.38029:-23.35413] 0.0000166267
0036 003292 -12511.62175:[1100.61318:-243.13674:-23.31629] 0.0000143954
0037 003373 -12511.77653:[1100.20842:-242.92577:-23.28380] 0.0000123710
0038 003456 -12511.90833:[1099.86210:-242.74437:-23.25616] 0.0000105343
0039 003536 -12512.01929:[1099.56877:-242.58980:-23.23292] 0.0000088686
Start evaluating ...
  Columns 1 through 7

    0.0011    0.0023    0.0044    0.0057    0.0069    0.0079    0.0089

  Columns 8 through 10

    0.0101    0.0106    0.0113

   4.8338e-04

Elapsed time is 3595.660577 seconds.
