nohup: ignoring input

                            < M A T L A B (R) >
                  Copyright 1984-2016 The MathWorks, Inc.
                   R2016a (9.0.0.341360) 64-bit (glnxa64)
                             February 11, 2016

 
To get started, type one of these: helpwin, helpdesk, or demo.
For product information, visit www.mathworks.com.
 

	Academic License

Start learning ...
Init data [Dtype: delicious - Dspec: sp1/2550]
Init social model
Using adagrad ...
Load pretrained shallow-model...
Could not use CUDA
Params [lbd-U: 0.0100|lbd-V: 1.0000|lbd-N: 0.0100|lbd-Q: 0.1000]
Staring Sample 1 - Loc: save/bcdl/delicious-alg61-sp1-cold20170221131600301 
CTR(chongwang)-DAE(User graph) Running - Walks(1)...
-1/200: 6549.799015/2191.989204/4357.809811/1.000000000
-2/200: 6290.295998/1940.670111/4349.625887/0.039619997
-3/200: 6119.281849/1769.397723/4349.884126/0.027186980
-4/200: 6041.371592/1690.319889/4351.051703/0.012731928
-5/200: 5989.092798/1637.603175/4351.489623/0.008653464
-6/200: 5948.883073/1597.334638/4351.548435/0.006713826
-7/200: 5917.507715/1565.730673/4351.777042/0.005274159
-8/200: 5892.343241/1540.520773/4351.822468/0.004252546
-9/200: 5871.947508/1520.181704/4351.765804/0.003461396
-10/200: 5855.435887/1503.627684/4351.808203/0.002811950
-11/200: 5841.808307/1490.056509/4351.751798/0.002327338
-12/200: 5830.516948/1478.862382/4351.654566/0.001932853
-13/200: 5821.362832/1469.580106/4351.782726/0.001570035
-14/200: 5813.702220/1461.848058/4351.854162/0.001315948
-15/200: 5807.138908/1455.381745/4351.757163/0.001128938
-16/200: 5801.712996/1449.955123/4351.757873/0.000934352
-17/200: 5797.242169/1445.386947/4351.855222/0.000770605
-18/200: 5793.531178/1441.531012/4352.000166/0.000640130
-19/200: 5790.169084/1438.268504/4351.900580/0.000580319
-20/200: 5787.440247/1435.502062/4351.938185/0.000471288
-21/200: 5784.975256/1433.151852/4351.823404/0.000425921
-22/200: 5783.122217/1431.151787/4351.970430/0.000320319
-23/200: 5781.443970/1429.446857/4351.997113/0.000290197
-24/200: 5780.069668/1427.991373/4352.078295/0.000237709
-25/200: 5778.729262/1426.747027/4351.982235/0.000231901
-26/200: 5777.680813/1425.681563/4351.999250/0.000181432
-27/200: 5776.718504/1424.767793/4351.950711/0.000166556
-28/200: 5776.119112/1423.982797/4352.136315/0.000103760
-29/200: 5775.441333/1423.307151/4352.134182/0.000117342
-30/200: 5774.795043/1422.724412/4352.070631/0.000111903
-31/200: 5774.271645/1422.220544/4352.051101/0.000090635
-32/200: 5773.952638/1421.783599/4352.169039/0.000055246
-33/200: 5773.312559/1421.403332/4351.909227/0.000110856
-34/200: 5773.204731/1421.071086/4352.133645/0.000018677
-35/200: 5772.747678/1420.779388/4351.968290/0.000079168
-36/200: 5772.634958/1420.521961/4352.112997/0.000019526
-37/200: 5772.432839/1420.293439/4352.139400/0.000035013
-38/200: 5772.161790/1420.089229/4352.072561/0.000046956
-39/200: 5772.059514/1419.905496/4352.154018/0.000017719
-40/200: 5771.850115/1419.738922/4352.111193/0.000036278
-41/200: 5771.836952/1419.586881/4352.250071/0.000002280
-42/200: 5771.704173/1419.446931/4352.257242/0.000023005
-43/200: 5771.567503/1419.317162/4352.250341/0.000023679
-44/200: 5771.450798/1419.195867/4352.254931/0.000020221
-45/200: 5771.310147/1419.081666/4352.228481/0.000024370
-46/200: 5771.214698/1418.973400/4352.241298/0.000016539
-47/200: 5771.179768/1418.870063/4352.309705/0.000006052
-48/200: 5771.059570/1418.770880/4352.288690/0.000020827
-49/200: 5770.875887/1418.675228/4352.200659/0.000031828
-50/200: 5770.825039/1418.582575/4352.242464/0.000008811
-51/200: 5770.740990/1418.492591/4352.248399/0.000014564
-52/200: 5770.819345/1418.405012/4352.414333/0.000013578
-53/200: 5770.555724/1418.319753/4352.235971/0.000045682
-54/200: 5770.547130/1418.236618/4352.310512/0.000001489
-55/200: 5770.467942/1418.155393/4352.312549/0.000013723
-56/200: 5770.394113/1418.076188/4352.317925/0.000012794
-57/200: 5770.334480/1417.999023/4352.335457/0.000010334
-58/200: 5770.330636/1417.923700/4352.406936/0.000000666
-59/200: 5770.235593/1417.850314/4352.385279/0.000016471
-60/200: 5770.171519/1417.778734/4352.392785/0.000011104
-61/200: 5770.010486/1417.709121/4352.301365/0.000027908
-62/200: 5770.094616/1417.641397/4352.453219/0.000014581
-63/200: 5769.955041/1417.575605/4352.379436/0.000024189
-64/200: 5770.071161/1417.511652/4352.559509/0.000020125
-65/200: 5769.965776/1417.449732/4352.516044/0.000018264
-66/200: 5769.896787/1417.389584/4352.507203/0.000011956
-67/200: 5769.758306/1417.331301/4352.427005/0.000024001
-68/200: 5769.689879/1417.274749/4352.415130/0.000011860
-69/200: 5769.670203/1417.219905/4352.450298/0.000003410
-70/200: 5769.628545/1417.166779/4352.461766/0.000007220
-71/200: 5769.663055/1417.115301/4352.547754/0.000005981
-72/200: 5769.575793/1417.065315/4352.510478/0.000015124
-73/200: 5769.605443/1417.016927/4352.588516/0.000005139
-74/200: 5769.540225/1416.969966/4352.570259/0.000011304
-75/200: 5769.437936/1416.924460/4352.513476/0.000017729
-76/200: 5769.501833/1416.880224/4352.621609/0.000011075
-77/200: 5769.494443/1416.837333/4352.657110/0.000001281
-78/200: 5769.416342/1416.795598/4352.620744/0.000013537
-79/200: 5769.303128/1416.755086/4352.548042/0.000019623
-80/200: 5769.279394/1416.715712/4352.563682/0.000004114
-81/200: 5769.304822/1416.677389/4352.627433/0.000004407
-82/200: 5769.330802/1416.640187/4352.690615/0.000004503
-83/200: 5769.216551/1416.603982/4352.612569/0.000019803
-84/200: 5769.162573/1416.568672/4352.593901/0.000009356
-85/200: 5769.197232/1416.534357/4352.662875/0.000006008
-86/200: 5769.184639/1416.500872/4352.683767/0.000002183
-87/200: 5769.165451/1416.468275/4352.697176/0.000003326
-88/200: 5769.166479/1416.436550/4352.729929/0.000000178
-89/200: 5769.117526/1416.405565/4352.711961/0.000008485
-90/200: 5769.108066/1416.375375/4352.732691/0.000001640
-91/200: 5769.093547/1416.345851/4352.747696/0.000002517
-92/200: 5769.067554/1416.317112/4352.750442/0.000004506
-93/200: 5769.017851/1416.289028/4352.728823/0.000008615
-94/200: 5769.089833/1416.261627/4352.828206/0.000012477
-95/200: 5769.021660/1416.234847/4352.786813/0.000011817
-96/200: 5768.983438/1416.208787/4352.774651/0.000006625
-97/200: 5768.981733/1416.183309/4352.798424/0.000000296
-98/200: 5768.997860/1416.158387/4352.839473/0.000002796
-99/200: 5768.975434/1416.134063/4352.841371/0.000003887
Recall at EP-100 ...
  Columns 1 through 7

    0.0658    0.0808    0.0881    0.0943    0.1025    0.1104    0.1216

  Columns 8 through 10

    0.1340    0.1456    0.1555

Mrr at EP-100 ...
    0.0170

-100/200: 5768.922671/1416.110278/4352.812393/0.000009146
-101/200: 5768.855522/1416.086934/4352.768588/0.000011640
-102/200: 5768.895190/1416.064198/4352.830992/0.000006876
-103/200: 5768.938364/1416.041906/4352.896458/0.000007484
-104/200: 5768.853019/1416.020064/4352.832955/0.000014794
-105/200: 5768.853107/1415.998717/4352.854390/0.000000015
Start evaluating ...
  Columns 1 through 7

    0.0655    0.0807    0.0878    0.0939    0.1022    0.1098    0.1206

  Columns 8 through 10

    0.1332    0.1453    0.1554

    0.0169

Elapsed time is 15741.120706 seconds.
