nohup: ignoring input

                            < M A T L A B (R) >
                  Copyright 1984-2016 The MathWorks, Inc.
                   R2016a (9.0.0.341360) 64-bit (glnxa64)
                             February 11, 2016

 
To get started, type one of these: helpwin, helpdesk, or demo.
For product information, visit www.mathworks.com.
 

	Academic License

Start learning ...
Init data [Dtype: delicious - Dspec: sp1/2550]
Init social model
Using adagrad ...
Load pretrained shallow-model...
Could not use CUDA
Params [lbd-U: 10.0000|lbd-V: 100.0000|lbd-N: 10.0000|lbd-Q: 0.1000]
Staring Sample 1 - Loc: save/bcdl/delicious-alg61-sp1-cold20170221131601590 
CTR(chongwang)-DAE(User graph) Running - Walks(1)...
-1/200: 4374292.563766/16482.753229/4357809.810537/1.000000000
-2/200: 4367000.286756/15197.527892/4351802.758864/0.001667076
-3/200: 4367073.719640/15205.614897/4351868.104743/0.000016815
-4/200: 4367106.240457/15217.361007/4351888.879450/0.000007447
-5/200: 4367005.720258/15228.038718/4351777.681540/0.000023018
-6/200: 4367021.655744/15237.633239/4351784.022505/0.000003649
-7/200: 4367254.658334/15246.408474/4352008.249860/0.000053355
-8/200: 4367309.956988/15254.623235/4352055.333753/0.000012662
-9/200: 4367283.138047/15262.430448/4352020.707599/0.000006141
-10/200: 4367326.994007/15269.659830/4352057.334177/0.000010042
-11/200: 4367262.258970/15276.512462/4351985.746508/0.000014823
-12/200: 4367205.813378/15283.118798/4351922.694580/0.000012925
-13/200: 4367334.436710/15289.412541/4352045.024169/0.000029452
-14/200: 4367401.657276/15295.458286/4352106.198990/0.000015392
-15/200: 4367321.060999/15301.371134/4352019.689865/0.000018454
-16/200: 4367334.972385/15307.026463/4352027.945922/0.000003185
-17/200: 4367422.136456/15312.447265/4352109.689191/0.000019958
-18/200: 4367570.057528/15317.665157/4352252.392371/0.000033869
-19/200: 4367479.983283/15322.800630/4352157.182653/0.000020623
-20/200: 4367522.917061/15327.743103/4352195.173958/0.000009830
-21/200: 4367404.956279/15332.620865/4352072.335414/0.000027009
-22/200: 4367561.180547/15337.367779/4352223.812768/0.000035771
-23/200: 4367617.754146/15342.016394/4352275.737752/0.000012953
-24/200: 4367688.756420/15346.530423/4352342.225997/0.000016257
-25/200: 4367582.625490/15350.992519/4352231.632971/0.000024299
-26/200: 4367600.802251/15355.382027/4352245.420224/0.000004162
-27/200: 4367555.874374/15359.651822/4352196.222552/0.000010287
-28/200: 4367769.487646/15363.811869/4352405.675777/0.000048909
-29/200: 4367751.745619/15367.898706/4352383.846913/0.000004062
-30/200: 4367693.109668/15371.928752/4352321.180916/0.000013425
-31/200: 4367695.781055/15375.856756/4352319.924299/0.000000612
-32/200: 4367780.432624/15379.750623/4352400.682001/0.000019381
-33/200: 4367545.510553/15383.571770/4352161.938783/0.000053785
-34/200: 4367787.062552/15387.325642/4352399.736910/0.000055306
-35/200: 4367603.827620/15391.020109/4352212.807511/0.000041951
-36/200: 4367759.096233/15394.674059/4352364.422174/0.000035550
-37/200: 4367782.428374/15398.276175/4352384.152199/0.000005342
-38/200: 4367738.013447/15401.802140/4352336.211307/0.000010169
-39/200: 4367807.453044/15405.304123/4352402.148921/0.000015898
-40/200: 4367777.575953/15408.744201/4352368.831752/0.000006840
-41/200: 4367916.991308/15412.150809/4352504.840499/0.000031919
-42/200: 4367938.224228/15415.511501/4352522.712727/0.000004861
-43/200: 4367910.983261/15418.819515/4352492.163746/0.000006237
-44/200: 4367933.408446/15422.058969/4352511.349477/0.000005134
-45/200: 4367914.801395/15425.275160/4352489.526235/0.000004260
-46/200: 4367914.408406/15428.458194/4352485.950212/0.000000090
-47/200: 4367988.641174/15431.591845/4352557.049329/0.000016995
-48/200: 4367984.742437/15434.683731/4352550.058706/0.000000893
-49/200: 4367877.984981/15437.759354/4352440.225627/0.000024441
-50/200: 4367929.791378/15440.786433/4352489.004945/0.000011861
-51/200: 4367935.222954/15443.768140/4352491.454814/0.000001244
-52/200: 4368085.864381/15446.703525/4352639.160856/0.000034488
-53/200: 4367938.926102/15449.639385/4352489.286717/0.000033639
-54/200: 4368011.652766/15452.547743/4352559.105023/0.000016650
-55/200: 4368005.604380/15455.396327/4352550.208053/0.000001385
-56/200: 4368008.885320/15458.220909/4352550.664411/0.000000751
-57/200: 4368051.270969/15461.059501/4352590.211468/0.000009704
-58/200: 4368105.516988/15463.861722/4352641.655266/0.000012419
-59/200: 4368079.045095/15466.636749/4352612.408346/0.000006060
-60/200: 4368093.713387/15469.350767/4352624.362620/0.000003358
-61/200: 4368016.968817/15472.048528/4352544.920289/0.000017569
-62/200: 4368159.669472/15474.731707/4352684.937765/0.000032669
-63/200: 4368092.883419/15477.383014/4352615.500405/0.000015289
-64/200: 4368240.225659/15480.006216/4352760.219443/0.000033731
-65/200: 4368246.391833/15482.635955/4352763.755878/0.000001412
-66/200: 4368232.628368/15485.241092/4352747.387276/0.000003151
-67/200: 4368135.173836/15487.819035/4352647.354801/0.000022310
-68/200: 4368149.519045/15490.358567/4352659.160478/0.000003284
-69/200: 4368175.253343/15492.873207/4352682.380136/0.000005891
-70/200: 4368170.732454/15495.375207/4352675.357247/0.000001035
-71/200: 4368269.474358/15497.868101/4352771.606257/0.000022605
-72/200: 4368221.783764/15500.319077/4352721.464687/0.000010918
-73/200: 4368327.369054/15502.769729/4352824.599325/0.000024171
-74/200: 4368285.398849/15505.205498/4352780.193351/0.000009608
-75/200: 4368252.466225/15507.614638/4352744.851587/0.000007539
-76/200: 4368353.256875/15510.002201/4352843.254674/0.000023073
-77/200: 4368374.460353/15512.386367/4352862.073986/0.000004854
-78/200: 4368374.660160/15514.717615/4352859.942545/0.000000046
-79/200: 4368273.060579/15517.062867/4352755.997712/0.000023258
-80/200: 4368292.354636/15519.375392/4352772.979244/0.000004417
-81/200: 4368351.739020/15521.667552/4352830.071468/0.000013594
-82/200: 4368423.519363/15523.950246/4352899.569117/0.000016432
-83/200: 4368361.197338/15526.221945/4352834.975393/0.000014266
-84/200: 4368345.962730/15528.461036/4352817.501694/0.000003487
-85/200: 4368418.729015/15530.697105/4352888.031910/0.000016658
-86/200: 4368424.470668/15532.906304/4352891.564364/0.000001314
-87/200: 4368437.142810/15535.113164/4352902.029646/0.000002901
-88/200: 4368477.695729/15537.303162/4352940.392567/0.000009283
-89/200: 4368444.384266/15539.476718/4352904.907548/0.000007625
-90/200: 4368480.818124/15541.631027/4352939.187097/0.000008340
-91/200: 4368474.257490/15543.755398/4352930.502092/0.000001502
-92/200: 4368516.643859/15545.878089/4352970.765770/0.000009703
-93/200: 4368495.972375/15547.977426/4352947.994949/0.000004732
-94/200: 4368567.333788/15550.066690/4353017.267098/0.000016335
-95/200: 4368541.404040/15552.144156/4352989.259884/0.000005936
-96/200: 4368504.311489/15554.222369/4352950.089120/0.000008491
-97/200: 4368553.469096/15556.291243/4352997.177853/0.000011253
-98/200: 4368586.348777/15558.328271/4353028.020506/0.000007526
-99/200: 4368600.908170/15560.361341/4353040.546829/0.000003333
Recall at EP-100 ...
  Columns 1 through 7

    0.0008    0.0014    0.0018    0.0025    0.0029    0.0037    0.0043

  Columns 8 through 10

    0.0048    0.0054    0.0058

Mrr at EP-100 ...
   4.1864e-04

-100/200: 4368568.491180/15562.394363/4353006.096817/0.000007420
-101/200: 4368554.518294/15564.382377/4352990.135917/0.000003199
-102/200: 4368596.634938/15566.383747/4353030.251191/0.000009641
-103/200: 4368663.289456/15568.370029/4353094.919427/0.000015258
-104/200: 4368603.910685/15570.330414/4353033.580271/0.000013592
-105/200: 4368660.627909/15572.284104/4353088.343805/0.000012983
-106/200: 4368621.116363/15574.240211/4353046.876152/0.000009044
-107/200: 4368661.030160/15576.187998/4353084.842162/0.000009136
-108/200: 4368711.601721/15578.103473/4353133.498248/0.000011576
-109/200: 4368665.391273/15580.009475/4353085.381798/0.000010578
-110/200: 4368654.791860/15581.905072/4353072.886788/0.000002426
-111/200: 4368736.349202/15583.817716/4353152.531486/0.000018669
-112/200: 4368732.213502/15585.717382/4353146.496120/0.000000947
-113/200: 4368712.104437/15587.600809/4353124.503628/0.000004603
-114/200: 4368697.357948/15589.473516/4353107.884432/0.000003375
-115/200: 4368736.382554/15591.338898/4353145.043656/0.000008933
-116/200: 4368726.961259/15593.184773/4353133.776486/0.000002157
-117/200: 4368780.945950/15595.022341/4353185.923609/0.000012357
-118/200: 4368773.457236/15596.867712/4353176.589524/0.000001714
-119/200: 4368815.075221/15598.693939/4353216.381282/0.000009526
-120/200: 4368795.913140/15600.494883/4353195.418257/0.000004386
-121/200: 4368836.175759/15602.284894/4353233.890865/0.000009216
-122/200: 4368847.907355/15604.067015/4353243.840340/0.000002685
-123/200: 4368822.093471/15605.858096/4353216.235375/0.000005909
-124/200: 4368841.872078/15607.616957/4353234.255121/0.000004527
-125/200: 4368855.301745/15609.376015/4353245.925730/0.000003074
-126/200: 4368857.230993/15611.132346/4353246.098647/0.000000442
-127/200: 4368858.866693/15612.887625/4353245.979068/0.000000374
-128/200: 4368863.863478/15614.638182/4353249.225296/0.000001144
-129/200: 4368869.838175/15616.347886/4353253.490289/0.000001368
-130/200: 4368930.229759/15618.067699/4353312.162060/0.000013823
-131/200: 4368879.620383/15619.786392/4353259.833991/0.000011584
-132/200: 4368932.027335/15621.500401/4353310.526934/0.000011996
-133/200: 4368947.486487/15623.214340/4353324.272147/0.000003538
-134/200: 4368990.757208/15624.906796/4353365.850412/0.000009904
-135/200: 4368919.820346/15626.592016/4353293.228330/0.000016236
-136/200: 4368942.174951/15628.258165/4353313.916786/0.000005117
-137/200: 4369001.606770/15629.928792/4353371.677978/0.000013603
-138/200: 4368988.548781/15631.584081/4353356.964700/0.000002989
-139/200: 4368978.826000/15633.224553/4353345.601447/0.000002225
-140/200: 4369014.970528/15634.872105/4353380.098423/0.000008273
-141/200: 4369028.479396/15636.525129/4353391.954267/0.000003092
-142/200: 4369004.074692/15638.145731/4353365.928961/0.000005586
-143/200: 4369035.881059/15639.775464/4353396.105595/0.000007280
-144/200: 4369052.567261/15641.385520/4353411.181741/0.000003819
-145/200: 4369075.257293/15643.003138/4353432.254155/0.000005193
-146/200: 4369068.773422/15644.601156/4353424.172266/0.000001484
-147/200: 4369083.343060/15646.189431/4353437.153629/0.000003335
-148/200: 4369054.025760/15647.763155/4353406.262605/0.000006710
-149/200: 4369091.442130/15649.336548/4353442.105582/0.000008564
-150/200: 4369108.304957/15650.913697/4353457.391260/0.000003860
-151/200: 4369118.085595/15652.487578/4353465.598017/0.000002239
-152/200: 4369115.926175/15654.044873/4353461.881302/0.000000494
-153/200: 4369127.197729/15655.586578/4353471.611151/0.000002580
-154/200: 4369145.585312/15657.126633/4353488.458679/0.000004209
-155/200: 4369137.926779/15658.666483/4353479.260296/0.000001753
-156/200: 4369152.983815/15660.197511/4353492.786304/0.000003446
-157/200: 4369194.550104/15661.725959/4353532.824145/0.000009514
-158/200: 4369187.990129/15663.237506/4353524.752623/0.000001501
-159/200: 4369203.458264/15664.761685/4353538.696579/0.000003540
-160/200: 4369211.880117/15666.276189/4353545.603928/0.000001928
-161/200: 4369183.238005/15667.767688/4353515.470317/0.000006555
-162/200: 4369205.454903/15669.254885/4353536.200018/0.000005085
-163/200: 4369248.749851/15670.741498/4353578.008353/0.000009909
-164/200: 4369219.482397/15672.226001/4353547.256396/0.000006699
-165/200: 4369268.634478/15673.705015/4353594.929463/0.000011250
-166/200: 4369255.437172/15675.174189/4353580.262983/0.000003020
-167/200: 4369254.647473/15676.633307/4353578.014166/0.000000181
-168/200: 4369284.035659/15678.090893/4353605.944766/0.000006726
-169/200: 4369279.423235/15679.540323/4353599.882912/0.000001056
-170/200: 4369296.862087/15680.988666/4353615.873421/0.000003991
-171/200: 4369295.191748/15682.436120/4353612.755628/0.000000382
-172/200: 4369328.524654/15683.868691/4353644.655963/0.000007629
-173/200: 4369304.902531/15685.299959/4353619.602572/0.000005406
-174/200: 4369369.681840/15686.733577/4353682.948263/0.000014826
-175/200: 4369327.044365/15688.151357/4353638.893008/0.000009758
-176/200: 4369368.752707/15689.574659/4353679.178048/0.000009546
-177/200: 4369389.969731/15690.991319/4353698.978412/0.000004856
-178/200: 4369378.248243/15692.391948/4353685.856295/0.000002683
-179/200: 4369383.350037/15693.788165/4353689.561872/0.000001168
-180/200: 4369371.588415/15695.184828/4353676.403587/0.000002692
-181/200: 4369418.355901/15696.582786/4353721.773115/0.000010703
-182/200: 4369412.680841/15697.961317/4353714.719524/0.000001299
-183/200: 4369434.072853/15699.346275/4353734.726578/0.000004896
-184/200: 4369449.130865/15700.728866/4353748.401999/0.000003446
-185/200: 4369462.525919/15702.101489/4353760.424430/0.000003066
-186/200: 4369453.165323/15703.472324/4353749.692999/0.000002142
-187/200: 4369456.684845/15704.829792/4353751.855053/0.000000805
-188/200: 4369483.042856/15706.189091/4353776.853765/0.000006032
-189/200: 4369496.397085/15707.541959/4353788.855126/0.000003056
-190/200: 4369496.811615/15708.892335/4353787.919280/0.000000095
Start evaluating ...
  Columns 1 through 7

    0.0008    0.0014    0.0018    0.0025    0.0029    0.0033    0.0039

  Columns 8 through 10

    0.0045    0.0049    0.0055

   4.0633e-04

Elapsed time is 25589.635385 seconds.
