nohup: ignoring input

                            < M A T L A B (R) >
                  Copyright 1984-2016 The MathWorks, Inc.
                   R2016a (9.0.0.341360) 64-bit (glnxa64)
                             February 11, 2016

 
To get started, type one of these: helpwin, helpdesk, or demo.
For product information, visit www.mathworks.com.
 

	Academic License

Start learning ...
Init data [Dtype: delicious - Dspec: sp1/2550]
Init social model
Using adagrad ...
Load pretrained shallow-model...
Could not use CUDA
Params [lbd-U: 0.1000|lbd-V: 0.0100|lbd-N: 0.1000|lbd-Q: 0.1000]
Staring Sample 1 - Loc: save/bcdl/delicious-alg61-sp1-cold20170221131601124 
CTR(chongwang)-DAE(User graph) Running - Walks(1)...
-1/200: 45856.474389/2278.376284/43578.098105/1.000000000
-2/200: 44583.809065/1085.360901/43498.448164/0.027753231
-3/200: 44576.141415/1060.360784/43515.780631/0.000171983
-4/200: 44563.594435/1045.747646/43517.846789/0.000281473
-5/200: 44551.911466/1035.104321/43516.807145/0.000262164
-6/200: 44543.831528/1026.968507/43516.863021/0.000181360
-7/200: 44539.598725/1020.547402/43519.051323/0.000095026
-8/200: 44534.900057/1015.356112/43519.543945/0.000105494
-9/200: 44530.248202/1011.076249/43519.171953/0.000104454
-10/200: 44527.035930/1007.487997/43519.547933/0.000072137
-11/200: 44523.330404/1004.435832/43518.894572/0.000083220
-12/200: 44520.037850/1001.807372/43518.230478/0.000073951
-13/200: 44518.991944/999.518609/43519.473335/0.000023493
-14/200: 44517.579749/997.507310/43520.072439/0.000031721
-15/200: 44514.953562/995.725407/43519.228155/0.000058992
-16/200: 44513.463190/994.135725/43519.327465/0.000033480
-17/200: 44512.897947/992.708988/43520.188959/0.000012698
-18/200: 44513.001760/991.421747/43521.580013/0.000002332
-19/200: 44510.956613/990.255097/43520.701516/0.000045945
-20/200: 44510.280996/989.193267/43521.087729/0.000015179
-21/200: 44508.154198/988.223716/43519.930482/0.000047782
-22/200: 44508.800770/987.335569/43521.465201/0.000014527
-23/200: 44508.416169/986.519614/43521.896555/0.000008641
-24/200: 44508.360199/985.768128/43522.592071/0.000001258
-25/200: 44506.586400/985.074457/43521.511943/0.000039853
-26/200: 44506.167461/984.432794/43521.734667/0.000009413
-27/200: 44505.117638/983.838012/43521.279626/0.000023588
-28/200: 44506.513415/983.285871/43523.227544/0.000031362
-29/200: 44505.878567/982.772389/43523.106178/0.000014264
-30/200: 44504.789447/982.294236/43522.495211/0.000024471
-31/200: 44504.322594/981.848340/43522.474254/0.000010490
-32/200: 44504.790313/981.431984/43523.358329/0.000010510
-33/200: 44502.058542/981.042616/43521.015926/0.000061382
-34/200: 44503.975916/980.678224/43523.297692/0.000043085
-35/200: 44501.902484/980.336667/43521.565817/0.000046590
-36/200: 44503.067173/980.016220/43523.050953/0.000026172
-37/200: 44503.013228/979.715262/43523.297966/0.000001212
-38/200: 44502.201136/979.432356/43522.768780/0.000018248
-39/200: 44502.647614/979.166170/43523.481444/0.000010033
-40/200: 44502.099441/978.915436/43523.184005/0.000012318
-41/200: 44503.229028/978.679203/43524.549825/0.000025383
-42/200: 44503.087862/978.456325/43524.631537/0.000003172
-43/200: 44502.731114/978.245900/43524.485214/0.000008016
-44/200: 44502.708860/978.047017/43524.661843/0.000000500
-45/200: 44502.279763/977.858945/43524.420818/0.000009642
-46/200: 44502.144516/977.680979/43524.463537/0.000003039
-47/200: 44502.685208/977.512482/43525.172726/0.000012150
-48/200: 44502.388350/977.352802/43525.035548/0.000006671
-49/200: 44501.248164/977.201379/43524.046785/0.000025621
-50/200: 44501.624386/977.057586/43524.566800/0.000008454
-51/200: 44501.497689/976.921034/43524.576655/0.000002847
-52/200: 44502.911273/976.791303/43526.119970/0.000031765
-53/200: 44501.232931/976.667967/43524.564964/0.000037713
-54/200: 44501.831136/976.550612/43525.280524/0.000013442
-55/200: 44501.695097/976.438852/43525.256245/0.000003057
-56/200: 44501.639391/976.332464/43525.306927/0.000001252
-57/200: 44501.859427/976.231055/43525.628372/0.000004944
-58/200: 44502.364249/976.134338/43526.229911/0.000011344
-59/200: 44502.026008/976.042071/43525.983937/0.000007601
-60/200: 44502.031506/975.953915/43526.077591/0.000000124
-61/200: 44501.170589/975.869753/43525.300836/0.000019346
-62/200: 44502.513959/975.789248/43526.724711/0.000030187
-63/200: 44501.787928/975.712271/43526.075657/0.000016314
-64/200: 44503.228671/975.638612/43527.590059/0.000032375
-65/200: 44503.108919/975.568168/43527.540751/0.000002691
-66/200: 44502.889098/975.500665/43527.388433/0.000004939
-67/200: 44501.874045/975.435954/43526.438091/0.000022809
-68/200: 44501.944366/975.373908/43526.570458/0.000001580
-69/200: 44502.093532/975.314415/43526.779117/0.000003352
-70/200: 44502.020051/975.257297/43526.762754/0.000001651
-71/200: 44502.970721/975.202498/43527.768223/0.000021362
-72/200: 44502.428356/975.149742/43527.278614/0.000012187
-73/200: 44503.387266/975.099098/43528.288168/0.000021547
-74/200: 44503.013834/975.050363/43527.963471/0.000008391
-75/200: 44502.567526/975.003529/43527.563997/0.000010029
-76/200: 44503.511271/974.958452/43528.552819/0.000021207
-77/200: 44503.661425/974.915035/43528.746390/0.000003374
-78/200: 44503.593534/974.873164/43528.720370/0.000001526
-79/200: 44502.598816/974.832855/43527.765961/0.000022351
-80/200: 44502.711073/974.793967/43527.917106/0.000002522
-81/200: 44503.234700/974.756467/43528.478233/0.000011766
-82/200: 44503.957674/974.720305/43529.237369/0.000016245
-83/200: 44503.324647/974.685380/43528.639267/0.000014224
-84/200: 44503.074988/974.651649/43528.423339/0.000005610
-85/200: 44503.750762/974.619079/43529.131683/0.000015185
-86/200: 44503.795285/974.587548/43529.207737/0.000001000
-87/200: 44503.877771/974.557056/43529.320715/0.000001853
-88/200: 44504.290266/974.527601/43529.762665/0.000009269
-89/200: 44503.892473/974.499071/43529.393402/0.000008938
-90/200: 44504.189793/974.471438/43529.718355/0.000006681
-91/200: 44504.179304/974.444680/43529.734624/0.000000236
-92/200: 44504.493561/974.418787/43530.074774/0.000007061
-93/200: 44504.234212/974.393636/43529.840576/0.000005827
-94/200: 44505.019595/974.369260/43530.650335/0.000017647
-95/200: 44504.745750/974.345633/43530.400117/0.000006153
-96/200: 44504.255977/974.322743/43529.933234/0.000011005
-97/200: 44504.765083/974.300523/43530.464560/0.000011439
-98/200: 44505.141293/974.278917/43530.862376/0.000008453
-99/200: 44505.175635/974.257939/43530.917696/0.000000772
Recall at EP-100 ...
  Columns 1 through 7

    0.0655    0.0807    0.0884    0.0954    0.1040    0.1137    0.1247

  Columns 8 through 10

    0.1373    0.1477    0.1581

Mrr at EP-100 ...
    0.0168

-100/200: 44504.828723/974.237581/43530.591142/0.000007795
-101/200: 44504.595831/974.217698/43530.378133/0.000005233
-102/200: 44505.065963/974.198421/43530.867542/0.000010564
-103/200: 44505.694874/974.179701/43531.515173/0.000014131
-104/200: 44505.110603/974.161406/43530.949197/0.000013128
-105/200: 44505.641144/974.143636/43531.497508/0.000011921
-106/200: 44505.209821/974.126352/43531.083469/0.000009691
-107/200: 44505.536440/974.109551/43531.426889/0.000007339
-108/200: 44506.136307/974.093101/43532.043206/0.000013478
-109/200: 44505.557691/974.077130/43531.480561/0.000013001
-110/200: 44505.489264/974.061495/43531.427769/0.000001537
-111/200: 44506.263544/974.046372/43532.217172/0.000017397
-112/200: 44506.239099/974.031593/43532.207506/0.000000549
-113/200: 44506.013797/974.017155/43531.996642/0.000005062
-114/200: 44505.809268/974.003084/43531.806184/0.000004596
-115/200: 44506.194906/973.989338/43532.205568/0.000008665
-116/200: 44506.111167/973.975914/43532.135253/0.000001882
-117/200: 44506.642742/973.962806/43532.679936/0.000011944
-118/200: 44506.514627/973.950009/43532.564618/0.000002879
-119/200: 44506.936792/973.937486/43532.999306/0.000009485
-120/200: 44506.722053/973.925272/43532.796781/0.000004825
-121/200: 44507.152274/973.913265/43533.239009/0.000009666
-122/200: 44507.216170/973.901552/43533.314618/0.000001436
-123/200: 44506.947469/973.890154/43533.057315/0.000006037
-124/200: 44507.152329/973.878971/43533.273358/0.000004603
-125/200: 44507.290776/973.867981/43533.422795/0.000003111
-126/200: 44507.272222/973.857286/43533.414936/0.000000417
-127/200: 44507.215364/973.846846/43533.368518/0.000001278
-128/200: 44507.304436/973.836632/43533.467804/0.000002001
-129/200: 44507.338232/973.826541/43533.511691/0.000000759
-130/200: 44507.965083/973.816713/43534.148370/0.000014084
-131/200: 44507.395601/973.807072/43533.588529/0.000012795
-132/200: 44507.897109/973.797667/43534.099442/0.000011268
-133/200: 44508.038997/973.788453/43534.250544/0.000003188
-134/200: 44508.511463/973.779414/43534.732049/0.000010615
-135/200: 44507.770369/973.770554/43533.999815/0.000016651
-136/200: 44507.998190/973.761840/43534.236350/0.000005119
-137/200: 44508.610635/973.753274/43534.857361/0.000013760
-138/200: 44508.447960/973.744872/43534.703088/0.000003655
-139/200: 44508.304359/973.736670/43534.567689/0.000003226
-140/200: 44508.686380/973.728607/43534.957773/0.000008583
-141/200: 44508.785446/973.720780/43535.064666/0.000002226
-142/200: 44508.565731/973.713040/43534.852691/0.000004936
-143/200: 44508.825425/973.705449/43535.119976/0.000005835
-144/200: 44509.014473/973.697962/43535.316511/0.000004247
-145/200: 44509.272328/973.690644/43535.581684/0.000005793
-146/200: 44509.177174/973.683453/43535.493721/0.000002138
-147/200: 44509.309618/973.676379/43535.633239/0.000002976
-148/200: 44509.000004/973.669439/43535.330565/0.000006956
-149/200: 44509.356051/973.662606/43535.693445/0.000007999
-150/200: 44509.558460/973.655922/43535.902538/0.000004548
-151/200: 44509.630161/973.649373/43535.980788/0.000001611
-152/200: 44509.578485/973.642902/43535.935583/0.000001161
-153/200: 44509.697336/973.636523/43536.060813/0.000002670
-154/200: 44509.869999/973.630242/43536.239757/0.000003879
-155/200: 44509.759902/973.624085/43536.135817/0.000002474
-156/200: 44509.893921/973.618058/43536.275863/0.000003011
-157/200: 44510.375309/973.612118/43536.763191/0.000010815
-158/200: 44510.273617/973.606245/43536.667372/0.000002285
-159/200: 44510.419971/973.600533/43536.819438/0.000003288
-160/200: 44510.511788/973.594924/43536.916864/0.000002063
-161/200: 44510.173978/973.589381/43536.584597/0.000007589
-162/200: 44510.374412/973.583942/43536.790470/0.000004503
-163/200: 44510.939249/973.578540/43537.360709/0.000012690
-164/200: 44510.507923/973.573242/43536.934681/0.000009690
-165/200: 44511.047258/973.568054/43537.479204/0.000012117
-166/200: 44510.904611/973.562908/43537.341703/0.000003205
-167/200: 44510.882181/973.557845/43537.324336/0.000000504
-168/200: 44511.148002/973.552896/43537.595106/0.000005972
-169/200: 44511.111299/973.547981/43537.563318/0.000000825
-170/200: 44511.243080/973.543174/43537.699906/0.000002961
-171/200: 44511.306948/973.538441/43537.768507/0.000001435
-172/200: 44511.560247/973.533749/43538.026498/0.000005691
-173/200: 44511.321064/973.529087/43537.791977/0.000005374
-174/200: 44512.027010/973.524604/43538.502406/0.000015860
-175/200: 44511.476561/973.520102/43537.956459/0.000012366
-176/200: 44511.995838/973.515714/43538.480124/0.000011666
-177/200: 44512.234732/973.511416/43538.723316/0.000005367
-178/200: 44512.021281/973.507140/43538.514141/0.000004795
-179/200: 44512.183546/973.502936/43538.680610/0.000003645
-180/200: 44511.938455/973.498781/43538.439674/0.000005506
-181/200: 44512.488544/973.494721/43538.993823/0.000012358
-182/200: 44512.379371/973.490692/43538.888679/0.000002453
-183/200: 44512.617463/973.486749/43539.130714/0.000005349
-184/200: 44512.741299/973.482851/43539.258448/0.000002782
-185/200: 44512.906990/973.479017/43539.427973/0.000003722
-186/200: 44512.775209/973.475223/43539.299986/0.000002961
-187/200: 44512.807411/973.471487/43539.335924/0.000000723
-188/200: 44513.067161/973.467793/43539.599368/0.000005835
-189/200: 44513.229502/973.464121/43539.765381/0.000003647
-190/200: 44513.225849/973.460587/43539.765262/0.000000082
Start evaluating ...
  Columns 1 through 7

    0.0637    0.0800    0.0870    0.0932    0.1014    0.1120    0.1240

  Columns 8 through 10

    0.1372    0.1484    0.1581

    0.0166

Elapsed time is 25710.225770 seconds.
