nohup: ignoring input

                            < M A T L A B (R) >
                  Copyright 1984-2016 The MathWorks, Inc.
                   R2016a (9.0.0.341360) 64-bit (glnxa64)
                             February 11, 2016

 
To get started, type one of these: helpwin, helpdesk, or demo.
For product information, visit www.mathworks.com.
 

	Academic License

Start learning ...
Init data [Dtype: delicious - Dspec: sp1/2550]
Init social model
Using adagrad ...
Could not use CUDA
Params [lbd-U: 10.0000|lbd-V: 0.1000|lbd-N: 10.0000|lbd-Q: 0.1000]
Staring Sample 1 - Loc: save/ctr/delicious-alg80-sp1-cold20170221214430306 
CTR(chongwang) Running ...

iter time likelihood:[r:u:v] converge
0001 000081 -13038.50000:[0.00000:0.00000:-0.00000] 1.0000000000
0002 000218 -12283.14612:[1628.92444:-89.42013:-234.86370] 0.0579325750
0003 000367 -8318.99199:[10610.95614:-602.22094:-2535.05413] 0.3227311711
0004 000475 -6039.16292:[17724.97165:-1871.43348:-2297.06088] 0.2740511197
0005 000594 -5951.90246:[18292.20269:-2067.04004:-2202.63350] 0.0144490978
0006 000689 -5923.21262:[18464.90209:-2124.50871:-2169.33726] 0.0048202810
0007 000770 -5905.73183:[18533.51976:-2141.39806:-2156.20206] 0.0029512347
0008 000852 -5892.83829:[18567.80723:-2145.80162:-2149.99643] 0.0021832243
0009 000932 -5882.74109:[18589.03342:-2146.49019:-2146.37850] 0.0017134708
0010 001013 -5874.63223:[18603.99069:-2146.02117:-2143.77873] 0.0013784142
0011 001108 -5867.98863:[18615.27368:-2145.15803:-2141.65215] 0.0011308965
0012 001190 -5862.44998:[18624.16356:-2144.17920:-2139.82284] 0.0009438756
0013 001271 -5857.76568:[18631.40072:-2143.20596:-2138.22825] 0.0007990342
0014 001371 -5853.75689:[18637.44147:-2142.29042:-2136.83433] 0.0006843557
0015 001466 -5850.29190:[18642.57935:-2141.45058:-2135.61364] 0.0005919246
0016 001547 -5847.27121:[18647.01200:-2140.68842:-2134.54168] 0.0005163316
0017 001627 -5844.61806:[18650.87878:-2139.99915:-2133.59682] 0.0004537421
0018 001708 -5842.27225:[18654.28204:-2139.37574:-2132.76048] 0.0004013617
0019 001790 -5840.18591:[18657.29953:-2138.81082:-2132.01697] 0.0003571111
0020 001879 -5838.32046:[18659.99185:-2138.29752:-2131.35314] 0.0003194161
0021 001982 -5836.64446:[18662.40727:-2137.82969:-2130.75798] 0.0002870686
0022 002062 -5835.13202:[18664.58484:-2137.40199:-2130.22226] 0.0002591286
0023 002142 -5833.76161:[18666.55662:-2137.00976:-2129.73821] 0.0002348548
0024 002222 -5832.51520:[18668.34921:-2136.64899:-2129.29926] 0.0002136552
0025 002302 -5831.37756:[18669.98488:-2136.31623:-2128.89982] 0.0001950522
0026 002416 -5830.33574:[18671.48245:-2136.00848:-2128.53513] 0.0001786569
0027 002496 -5829.37870:[18672.85794:-2135.72315:-2128.20113] 0.0001641491
0028 002576 -5828.49692:[18674.12504:-2135.45798:-2127.89429] 0.0001512632
0029 002656 -5827.68224:[18675.29556:-2135.21101:-2127.61158] 0.0001397766
0030 002736 -5826.92754:[18676.37968:-2134.98050:-2127.35039] 0.0001295023
0031 002817 -5826.22665:[18677.38624:-2134.76495:-2127.10843] 0.0001202838
0032 002918 -5825.57417:[18678.32299:-2134.56299:-2126.88367] 0.0001119908
0033 002998 -5824.96532:[18679.19671:-2134.37344:-2126.67434] 0.0001045136
0034 003078 -5824.39588:[18680.01338:-2134.19523:-2126.47886] 0.0000977577
0035 003159 -5823.86213:[18680.77828:-2134.02741:-2126.29582] 0.0000916408
0036 003239 -5823.36076:[18681.49609:-2133.86912:-2126.12397] 0.0000860898
0037 003319 -5822.88883:[18682.17092:-2133.71960:-2125.96223] 0.0000810403
0038 003399 -5822.44375:[18682.80646:-2133.57814:-2125.80962] 0.0000764360
0039 003479 -5822.02321:[18683.40598:-2133.44413:-2125.66528] 0.0000722283
0040 003560 -5821.62512:[18683.97239:-2133.31699:-2125.52844] 0.0000683749
0041 003641 -5821.24765:[18684.50831:-2133.19622:-2125.39842] 0.0000648396
0042 003721 -5820.88912:[18685.01613:-2133.08134:-2125.27460] 0.0000615912
0043 003801 -5820.54800:[18685.49798:-2132.97194:-2125.15644] 0.0000586015
0044 003881 -5820.22296:[18685.95581:-2132.86765:-2125.04347] 0.0000558436
0045 003961 -5819.91279:[18686.39136:-2132.76812:-2124.93527] 0.0000532915
0046 004041 -5819.61643:[18686.80620:-2132.67304:-2124.83148] 0.0000509221
0047 004121 -5819.33292:[18687.20173:-2132.58214:-2124.73177] 0.0000487168
0048 004200 -5819.06138:[18687.57925:-2132.49514:-2124.63586] 0.0000466619
0049 004281 -5818.80100:[18687.93998:-2132.41183:-2124.54347] 0.0000447463
0050 004362 -5818.55102:[18688.28502:-2132.33197:-2124.45435] 0.0000429602
0051 004442 -5818.31075:[18688.61542:-2132.25538:-2124.36825] 0.0000412940
0052 004523 -5818.07954:[18688.93210:-2132.18186:-2124.28496] 0.0000397372
0053 004604 -5817.85684:[18689.23591:-2132.11124:-2124.20429] 0.0000382781
0054 004684 -5817.64213:[18689.52761:-2132.04334:-2124.12608] 0.0000369050
0055 004763 -5817.43498:[18689.80787:-2131.97802:-2124.05020] 0.0000356078
0056 004842 -5817.23499:[18690.07730:-2131.91514:-2123.97653] 0.0000343780
0057 004920 -5817.04181:[18690.33646:-2131.85456:-2123.90499] 0.0000332082
0058 005000 -5816.85512:[18690.58587:-2131.79617:-2123.83549] 0.0000320923
0059 005079 -5816.67465:[18690.82600:-2131.73985:-2123.76797] 0.0000310254
0060 005158 -5816.50013:[18691.05732:-2131.68552:-2123.70236] 0.0000300039
0061 005237 -5816.33131:[18691.28025:-2131.63309:-2123.63862] 0.0000290245
0062 005316 -5816.16796:[18691.49519:-2131.58247:-2123.57668] 0.0000280844
0063 005394 -5816.00987:[18691.70250:-2131.53358:-2123.51649] 0.0000271818
0064 005473 -5815.85681:[18691.90254:-2131.48634:-2123.45800] 0.0000263160
0065 005552 -5815.70858:[18692.09565:-2131.44069:-2123.40114] 0.0000254871
0066 005631 -5815.56497:[18692.28216:-2131.39654:-2123.34585] 0.0000246939
0067 005710 -5815.42578:[18692.46238:-2131.35383:-2123.29206] 0.0000239345
0068 005789 -5815.29082:[18692.63659:-2131.31250:-2123.23972] 0.0000232072
0069 005867 -5815.15991:[18692.80507:-2131.27249:-2123.18876] 0.0000225114
0070 005946 -5815.03287:[18692.96808:-2131.23374:-2123.13914] 0.0000218460
0071 006025 -5814.90954:[18693.12587:-2131.19619:-2123.09079] 0.0000212096
0072 006104 -5814.78975:[18693.27867:-2131.15979:-2123.04366] 0.0000206005
0073 006183 -5814.67336:[18693.42670:-2131.12449:-2122.99772] 0.0000200160
0074 006262 -5814.56024:[18693.57016:-2131.09024:-2122.95292] 0.0000194533
0075 006341 -5814.45028:[18693.70922:-2131.05699:-2122.90922] 0.0000189113
0076 006420 -5814.34335:[18693.84408:-2131.02472:-2122.86660] 0.0000183904
0077 006498 -5814.23933:[18693.97492:-2130.99338:-2122.82500] 0.0000178907
0078 006577 -5814.13810:[18694.10191:-2130.96294:-2122.78440] 0.0000174106
0079 006656 -5814.03957:[18694.22519:-2130.93335:-2122.74476] 0.0000169474
0080 006735 -5813.94364:[18694.34491:-2130.90459:-2122.70606] 0.0000164990
0081 006814 -5813.85024:[18694.46119:-2130.87663:-2122.66827] 0.0000160647
0082 006893 -5813.75929:[18694.57416:-2130.84943:-2122.63138] 0.0000156445
0083 006972 -5813.67069:[18694.68395:-2130.82298:-2122.59536] 0.0000152389
0084 007051 -5813.58437:[18694.79068:-2130.79723:-2122.56017] 0.0000148478
0085 007130 -5813.50024:[18694.89446:-2130.77217:-2122.52579] 0.0000144710
0086 007209 -5813.41822:[18694.99543:-2130.74777:-2122.49218] 0.0000141092
0087 007288 -5813.33821:[18695.09369:-2130.72401:-2122.45931] 0.0000137628
0088 007367 -5813.26013:[18695.18936:-2130.70085:-2122.42715] 0.0000134313
0089 007446 -5813.18390:[18695.28254:-2130.67828:-2122.39565] 0.0000131129
0090 007525 -5813.10945:[18695.37334:-2130.65627:-2122.36481] 0.0000128072
0091 007604 -5813.03669:[18695.46185:-2130.63481:-2122.33457] 0.0000125160
0092 007684 -5812.96554:[18695.54819:-2130.61387:-2122.30490] 0.0000122399
0093 007764 -5812.89592:[18695.63244:-2130.59342:-2122.27576] 0.0000119773
0094 007843 -5812.82776:[18695.71467:-2130.57345:-2122.24713] 0.0000117252
0095 007921 -5812.76103:[18695.79495:-2130.55394:-2122.21901] 0.0000114798
0096 008000 -5812.69570:[18695.87332:-2130.53487:-2122.19139] 0.0000112392
0097 008079 -5812.63175:[18695.94983:-2130.51623:-2122.16427] 0.0000110020
0098 008158 -5812.56916:[18696.02451:-2130.49801:-2122.13766] 0.0000107678
0099 008237 -5812.50790:[18696.09743:-2130.48020:-2122.11156] 0.0000105383
0100 008315 -5812.44794:[18696.16865:-2130.46280:-2122.08595] 0.0000103158
0101 008410 -5812.38923:[18696.23823:-2130.44578:-2122.06081] 0.0000101012
0102 008489 -5812.33172:[18696.30623:-2130.42913:-2122.03611] 0.0000098951
Start evaluating ...
  Columns 1 through 7

    0.0608    0.0750    0.0794    0.0813    0.0823    0.0831    0.0838

  Columns 8 through 10

    0.0842    0.0848    0.0851

    0.0121

Elapsed time is 8543.714997 seconds.
