nohup: ignoring input

                            < M A T L A B (R) >
                  Copyright 1984-2016 The MathWorks, Inc.
                   R2016a (9.0.0.341360) 64-bit (glnxa64)
                             February 11, 2016

 
To get started, type one of these: helpwin, helpdesk, or demo.
For product information, visit www.mathworks.com.
 

	Academic License

Start learning ...
Init data [Dtype: delicious - Dspec: sp1/2550]
Init social model
Using adagrad ...
Load pretrained shallow-model...
Could not use CUDA
Params [lbd-U: 0.1000|lbd-V: 0.1000|lbd-N: 0.1000|lbd-Q: 0.1000]
Staring Sample 1 - Loc: save/bcdl/delicious-alg61-sp1-cold20170221131600961 
CTR(chongwang)-DAE(User graph) Running - Walks(1)...
-1/200: 46346.239663/2768.141558/43578.098105/1.000000000
-2/200: 45075.933628/1577.485464/43498.448164/0.027409042
-3/200: 45040.711815/1526.455696/43514.256119/0.000781388
-4/200: 45016.309930/1498.709073/43517.600857/0.000541774
-5/200: 44993.841282/1477.185697/43516.655585/0.000499122
-6/200: 44976.787880/1460.067929/43516.719951/0.000379016
-7/200: 44965.146057/1446.233445/43518.912612/0.000258841
-8/200: 44954.342446/1434.936038/43519.406408/0.000240266
-9/200: 44944.692500/1425.636751/43519.055749/0.000214661
-10/200: 44937.355627/1417.927766/43519.427861/0.000163242
-11/200: 44930.263269/1411.495441/43518.767828/0.000157828
-12/200: 44924.222475/1406.095661/43518.126814/0.000134448
-13/200: 44920.893155/1401.536172/43519.356983/0.000074110
-14/200: 44917.611944/1397.665515/43519.946429/0.000073044
-15/200: 44913.486915/1394.362691/43519.124224/0.000091835
-16/200: 44910.754805/1391.530772/43519.224033/0.000060831
-17/200: 44909.173864/1389.091379/43520.082485/0.000035202
-18/200: 44908.416736/1386.980829/43521.435907/0.000016859
-19/200: 44905.753788/1385.146923/43520.606865/0.000059297
-20/200: 44904.515192/1383.546662/43520.968530/0.000027582
-21/200: 44901.957883/1382.144835/43519.813048/0.000056950
-22/200: 44902.270200/1380.912052/43521.358148/0.000006956
-23/200: 44901.615865/1379.823611/43521.792254/0.000014572
-24/200: 44901.332797/1378.859047/43522.473750/0.000006304
-25/200: 44899.372603/1378.001135/43521.371468/0.000043656
-26/200: 44898.835247/1377.235290/43521.599957/0.000011968
-27/200: 44897.685592/1376.548962/43521.136630/0.000025605
-28/200: 44899.057112/1375.931743/43523.125369/0.000030548
-29/200: 44898.348222/1375.374969/43522.973253/0.000015789
-30/200: 44897.256894/1374.870889/43522.386005/0.000024307
-31/200: 44896.808794/1374.412904/43522.395890/0.000009981
-32/200: 44897.224170/1373.995567/43523.228603/0.000009252
-33/200: 44894.513392/1373.613824/43520.899568/0.000060377
-34/200: 44896.450777/1373.263647/43523.187130/0.000043154
-35/200: 44894.371985/1372.941300/43521.430685/0.000046302
-36/200: 44895.602681/1372.643711/43522.958970/0.000027413
-37/200: 44895.521526/1372.368266/43523.153260/0.000001808
-38/200: 44894.783283/1372.112349/43522.670934/0.000016444
-39/200: 44895.183004/1371.874092/43523.308912/0.000008903
-40/200: 44894.727630/1371.651586/43523.076044/0.000010143
-41/200: 44895.859072/1371.443501/43524.415571/0.000025202
-42/200: 44895.768744/1371.248151/43524.520593/0.000002012
-43/200: 44895.376175/1371.064505/43524.311670/0.000008744
-44/200: 44895.422951/1370.891329/43524.531622/0.000001042
-45/200: 44895.025168/1370.727733/43524.297435/0.000008860
-46/200: 44894.963566/1370.572962/43524.390604/0.000001372
-47/200: 44895.494747/1370.426184/43525.068563/0.000011832
-48/200: 44895.244306/1370.286827/43524.957479/0.000005578
-49/200: 44894.104641/1370.154267/43523.950374/0.000025385
-50/200: 44894.448548/1370.028006/43524.420542/0.000007660
-51/200: 44894.335447/1369.907365/43524.428082/0.000002519
-52/200: 44895.777204/1369.792171/43525.985033/0.000032114
-53/200: 44894.165289/1369.682136/43524.483153/0.000035903
-54/200: 44894.699933/1369.576935/43525.122998/0.000011909
-55/200: 44894.633691/1369.475912/43525.157779/0.000001476
-56/200: 44894.584039/1369.379174/43525.204865/0.000001106
-57/200: 44894.837628/1369.286490/43525.551138/0.000005649
-58/200: 44895.328040/1369.197440/43526.130600/0.000010924
-59/200: 44894.950961/1369.111842/43525.839119/0.000008399
-60/200: 44894.996267/1369.029439/43525.966828/0.000001009
-61/200: 44894.134596/1368.950303/43525.184293/0.000019193
-62/200: 44895.468501/1368.873975/43526.594526/0.000029712
-63/200: 44894.711894/1368.800545/43525.911349/0.000016853
-64/200: 44896.200706/1368.729759/43527.470947/0.000033162
-65/200: 44896.094178/1368.661557/43527.432621/0.000002373
-66/200: 44895.879468/1368.595768/43527.283700/0.000004782
-67/200: 44894.897390/1368.532354/43526.365036/0.000021875
-68/200: 44894.910326/1368.471014/43526.439312/0.000000288
-69/200: 44895.094679/1368.411783/43526.682896/0.000004106
-70/200: 44894.998131/1368.354517/43526.643614/0.000002151
-71/200: 44895.950894/1368.299293/43527.651601/0.000021222
-72/200: 44895.366837/1368.245702/43527.121135/0.000013009
-73/200: 44896.341827/1368.193939/43528.147888/0.000021717
-74/200: 44895.936163/1368.143822/43527.792341/0.000009036
-75/200: 44895.516513/1368.095318/43527.421195/0.000009347
-76/200: 44896.446898/1368.048324/43528.398574/0.000020723
-77/200: 44896.647908/1368.002759/43528.645149/0.000004477
-78/200: 44896.529295/1367.958542/43528.570753/0.000002642
-79/200: 44895.572071/1367.915645/43527.656426/0.000021321
-80/200: 44895.654804/1367.874091/43527.780713/0.000001843
-81/200: 44896.155014/1367.833738/43528.321276/0.000011142
-82/200: 44896.934072/1367.794562/43529.139510/0.000017352
-83/200: 44896.244930/1367.756525/43528.488405/0.000015349
-84/200: 44896.007153/1367.719558/43528.287595/0.000005296
-85/200: 44896.679932/1367.683687/43528.996245/0.000014985
-86/200: 44896.742695/1367.648638/43529.094057/0.000001398
-87/200: 44896.829062/1367.614653/43529.214409/0.000001924
-88/200: 44897.179500/1367.581701/43529.597799/0.000007805
-89/200: 44896.825396/1367.549534/43529.275862/0.000007887
-90/200: 44897.093225/1367.518233/43529.574992/0.000005965
-91/200: 44897.066057/1367.487683/43529.578374/0.000000605
-92/200: 44897.403121/1367.458018/43529.945103/0.000007507
-93/200: 44897.128316/1367.429042/43529.699274/0.000006121
-94/200: 44897.895592/1367.400876/43530.494716/0.000017090
-95/200: 44897.635697/1367.373427/43530.262270/0.000005789
-96/200: 44897.172074/1367.346754/43529.825320/0.000010326
-97/200: 44897.646786/1367.320683/43530.326103/0.000010573
-98/200: 44897.995964/1367.295267/43530.700697/0.000007777
-99/200: 44898.046624/1367.270501/43530.776123/0.000001128
Recall at EP-100 ...
  Columns 1 through 7

    0.0659    0.0811    0.0889    0.0966    0.1050    0.1152    0.1275

  Columns 8 through 10

    0.1393    0.1498    0.1602

Mrr at EP-100 ...
    0.0169

-100/200: 44897.723081/1367.246330/43530.476751/0.000007206
-101/200: 44897.444360/1367.222605/43530.221755/0.000006208
-102/200: 44897.928340/1367.199443/43530.728897/0.000010780
-103/200: 44898.530533/1367.176907/43531.353626/0.000013412
-104/200: 44897.941192/1367.154819/43530.786373/0.000013126
-105/200: 44898.482958/1367.133255/43531.349703/0.000012067
-106/200: 44898.083020/1367.112300/43530.970720/0.000008908
-107/200: 44898.425588/1367.091823/43531.333765/0.000007630
-108/200: 44898.960826/1367.071601/43531.889225/0.000011921
-109/200: 44898.426329/1367.051921/43531.374408/0.000011904
-110/200: 44898.331492/1367.032667/43531.298825/0.000002112
-111/200: 44899.096045/1367.013932/43532.082113/0.000017029
-112/200: 44899.055293/1366.995675/43532.059618/0.000000908
-113/200: 44898.858852/1366.977744/43531.881108/0.000004375
-114/200: 44898.586258/1366.960213/43531.626045/0.000006071
-115/200: 44899.008483/1366.943083/43532.065400/0.000009404
-116/200: 44898.928000/1366.926194/43532.001806/0.000001793
-117/200: 44899.423591/1366.909721/43532.513870/0.000011038
-118/200: 44899.328288/1366.893681/43532.434607/0.000002123
-119/200: 44899.741864/1366.877858/43532.864006/0.000009211
-120/200: 44899.546080/1366.862303/43532.683777/0.000004360
-121/200: 44899.937275/1366.847113/43533.090162/0.000008713
-122/200: 44899.997460/1366.832120/43533.165340/0.000001340
-123/200: 44899.757597/1366.817610/43532.939987/0.000005342
-124/200: 44899.921471/1366.803245/43533.118226/0.000003650
-125/200: 44900.058349/1366.789207/43533.269142/0.000003049
-126/200: 44900.011866/1366.775456/43533.236410/0.000001035
-127/200: 44900.012028/1366.762114/43533.249914/0.000000004
Start evaluating ...
  Columns 1 through 7

    0.0645    0.0810    0.0886    0.0954    0.1039    0.1137    0.1257

  Columns 8 through 10

    0.1382    0.1491    0.1592

    0.0171

Elapsed time is 18750.887914 seconds.
