nohup: ignoring input

                            < M A T L A B (R) >
                  Copyright 1984-2016 The MathWorks, Inc.
                   R2016a (9.0.0.341360) 64-bit (glnxa64)
                             February 11, 2016

 
To get started, type one of these: helpwin, helpdesk, or demo.
For product information, visit www.mathworks.com.
 

	Academic License

Start learning ...
Init data [Dtype: delicious - Dspec: sp1/2550]
Init social model
Using adagrad ...
Load pretrained shallow-model...
Could not use CUDA
Params [lbd-U: 1.0000|lbd-V: 100.0000|lbd-N: 1.0000|lbd-Q: 0.1000]
Staring Sample 1 - Loc: save/bcdl/delicious-alg61-sp1-cold20170221131600835 
CTR(chongwang)-DAE(User graph) Running - Walks(1)...
-1/200: 453283.736552/17502.755498/435780.981054/1.000000000
-2/200: 450529.260073/15452.897258/435076.362815/0.006076716
-3/200: 450160.976220/15046.844206/435114.132014/0.000817447
-4/200: 450154.603877/15011.184746/435143.419131/0.000014156
-5/200: 450154.484406/15012.994729/435141.489677/0.000000265
-6/200: 450160.836942/15017.150819/435143.686123/0.000014112
-7/200: 450186.367318/15021.194119/435165.173199/0.000056714
-8/200: 450193.832924/15025.018013/435168.814911/0.000016583
-9/200: 450193.211080/15028.660604/435164.550476/0.000001381
-10/200: 450199.013507/15031.969133/435167.044374/0.000012889
-11/200: 450194.449340/15035.054802/435159.394538/0.000010138
-12/200: 450190.221312/15038.002965/435152.218347/0.000009392
-13/200: 450203.865544/15040.753431/435163.112113/0.000030308
-14/200: 450211.334784/15043.344027/435167.990757/0.000016591
-15/200: 450204.020898/15045.876873/435158.144025/0.000016245
-16/200: 450206.908434/15048.235671/435158.672763/0.000006414
-17/200: 450216.538733/15050.430703/435166.108030/0.000021391
-18/200: 450230.902672/15052.481188/435178.421484/0.000031905
-19/200: 450223.027599/15054.499154/435168.528445/0.000017491
-20/200: 450228.049774/15056.373326/435171.676448/0.000011155
-21/200: 450216.998077/15058.233535/435158.764542/0.000024547
-22/200: 450232.544757/15060.009461/435172.535296/0.000034532
-23/200: 450238.593777/15061.733434/435176.860343/0.000013435
-24/200: 450245.401175/15063.365879/435182.035296/0.000015120
-25/200: 450235.388611/15064.997044/435170.391567/0.000022238
-26/200: 450237.941194/15066.606092/435171.335102/0.000005669
-27/200: 450233.962706/15068.137252/435165.825454/0.000008836
-28/200: 450254.471936/15069.598247/435184.873689/0.000045552
-29/200: 450253.696502/15071.031032/435182.665470/0.000001722
-30/200: 450247.652904/15072.458445/435175.194459/0.000013423
-31/200: 450248.634696/15073.819685/435174.815011/0.000002181
-32/200: 450256.785948/15075.199921/435181.586027/0.000018104
-33/200: 450234.593892/15076.552914/435158.040978/0.000049288
-34/200: 450257.934213/15077.882954/435180.051259/0.000051840
-35/200: 450240.688335/15079.197092/435161.491243/0.000038302
-36/200: 450255.774445/15080.523058/435175.251387/0.000033507
-37/200: 450258.045443/15081.843573/435176.201870/0.000005044
-38/200: 450254.272832/15083.126401/435171.146431/0.000008379
-39/200: 450261.132365/15084.439268/435176.693097/0.000015235
-40/200: 450258.567511/15085.731214/435172.836297/0.000005696
-41/200: 450271.824548/15087.040646/435184.783902/0.000029443
-42/200: 450274.330830/15088.348363/435185.982467/0.000005566
-43/200: 450272.712534/15089.640854/435183.071680/0.000003594
-44/200: 450274.808014/15090.899302/435183.908712/0.000004654
-45/200: 450272.991698/15092.183874/435180.807824/0.000004034
-46/200: 450273.805103/15093.480500/435180.324603/0.000001806
-47/200: 450280.990739/15094.764498/435186.226241/0.000015958
-48/200: 450281.040526/15096.045092/435184.995434/0.000000111
-49/200: 450271.422099/15097.358392/435174.063707/0.000021361
-50/200: 450276.441079/15098.656824/435177.784255/0.000011147
-51/200: 450277.775255/15099.937923/435177.837332/0.000002963
-52/200: 450292.636842/15101.205535/435191.431307/0.000033005
-53/200: 450278.755283/15102.525590/435176.229693/0.000030828
-54/200: 450285.584373/15103.861534/435181.722839/0.000015166
-55/200: 450286.319436/15105.153245/435181.166191/0.000001632
-56/200: 450286.931662/15106.458581/435180.473081/0.000001360
-57/200: 450290.877135/15107.841470/435183.035665/0.000008762
-58/200: 450296.707731/15109.217213/435187.490518/0.000012949
-59/200: 450294.175682/15110.598480/435183.577202/0.000005623
-60/200: 450297.207152/15111.926150/435185.281002/0.000006732
-61/200: 450290.117508/15113.274853/435176.842655/0.000015744
-62/200: 450304.288186/15114.646600/435189.641586/0.000031470
-63/200: 450298.666726/15116.015439/435182.651287/0.000012484
-64/200: 450313.522784/15117.375708/435196.147076/0.000032992
-65/200: 450314.279811/15118.797807/435195.482004/0.000001681
-66/200: 450313.177899/15120.227276/435192.950623/0.000002447
-67/200: 450304.400018/15121.651322/435182.748696/0.000019493
-68/200: 450307.068868/15123.049724/435184.019144/0.000005927
-69/200: 450309.642167/15124.448452/435185.193715/0.000005715
-70/200: 450309.841915/15125.865216/435183.976699/0.000000444
-71/200: 450319.969612/15127.308564/435192.661048/0.000022491
-72/200: 450316.489671/15128.715582/435187.774089/0.000007728
-73/200: 450326.739696/15130.167349/435196.572347/0.000022762
-74/200: 450323.524831/15131.628475/435191.896356/0.000007139
-75/200: 450320.883432/15133.080654/435187.802778/0.000005866
-76/200: 450331.758044/15134.532265/435197.225779/0.000024149
-77/200: 450334.078664/15136.017249/435198.061415/0.000005153
-78/200: 450335.825707/15137.438204/435198.387503/0.000003879
-79/200: 450326.038038/15138.924595/435187.113443/0.000021734
-80/200: 450328.124851/15140.385445/435187.739406/0.000004634
-81/200: 450334.633822/15141.843641/435192.790181/0.000014454
-82/200: 450343.201356/15143.320086/435199.881270/0.000019025
-83/200: 450336.982529/15144.812841/435192.169688/0.000013809
-84/200: 450336.811346/15146.272725/435190.538621/0.000000380
-85/200: 450344.359849/15147.764750/435196.595099/0.000016762
-86/200: 450345.925090/15149.235056/435196.690034/0.000003476
-87/200: 450347.816341/15150.734142/435197.082199/0.000004200
-88/200: 450352.791840/15152.234001/435200.557839/0.000011048
-89/200: 450349.736968/15153.733027/435196.003941/0.000006783
-90/200: 450354.171282/15155.226456/435198.944826/0.000009846
-91/200: 450355.231854/15156.688949/435198.542905/0.000002355
-92/200: 450359.911397/15158.178966/435201.732431/0.000010391
-93/200: 450358.483203/15159.656067/435198.827136/0.000003171
-94/200: 450366.875672/15161.139348/435205.736324/0.000018635
-95/200: 450364.956143/15162.628361/435202.327782/0.000004262
-96/200: 450361.322750/15164.148785/435197.173965/0.000008068
-97/200: 450366.852834/15165.679885/435201.172949/0.000012279
-98/200: 450371.374259/15167.176285/435204.197974/0.000010039
-99/200: 450374.290371/15168.688632/435205.601739/0.000006475
Recall at EP-100 ...
  Columns 1 through 7

    0.0010    0.0019    0.0026    0.0031    0.0035    0.0041    0.0050

  Columns 8 through 10

    0.0057    0.0061    0.0067

Mrr at EP-100 ...
   4.5658e-04

-100/200: 450370.786369/15170.233041/435200.553328/0.000007780
-101/200: 450370.629029/15171.708226/435198.920803/0.000000349
-102/200: 450375.543656/15173.239045/435202.304611/0.000010912
-103/200: 450383.277588/15174.765168/435208.512420/0.000017172
-104/200: 450378.784433/15176.263471/435202.520962/0.000009976
-105/200: 450384.978422/15177.773146/435207.205276/0.000013753
-106/200: 450381.439528/15179.314730/435202.124798/0.000007857
-107/200: 450386.218500/15180.865855/435205.352645/0.000010611
-108/200: 450393.406430/15182.371032/435211.035398/0.000015959
-109/200: 450388.980363/15183.880990/435205.099373/0.000009827
-110/200: 450389.163224/15185.393944/435203.769280/0.000000406
-111/200: 450396.612782/15186.968966/435209.643816/0.000016540
-112/200: 450397.695674/15188.540669/435209.155005/0.000002404
-113/200: 450397.145071/15190.101301/435207.043770/0.000001222
-114/200: 450395.685189/15191.661579/435204.023610/0.000003241
-115/200: 450400.179774/15193.232398/435206.947376/0.000009979
-116/200: 450400.882740/15194.781482/435206.101258/0.000001561
-117/200: 450407.882393/15196.336406/435211.545987/0.000015541
-118/200: 450407.056498/15197.930699/435209.125799/0.000001834
-119/200: 450412.104760/15199.506764/435212.597996/0.000011208
-120/200: 450412.228247/15201.048282/435211.179965/0.000000274
-121/200: 450417.143566/15202.587780/435214.555786/0.000010913
-122/200: 450419.004158/15204.129783/435214.874375/0.000004131
-123/200: 450416.751317/15205.714955/435211.036362/0.000005002
-124/200: 450420.985450/15207.248624/435213.736826/0.000009400
-125/200: 450422.877887/15208.803754/435214.074133/0.000004201
-126/200: 450423.204364/15210.375002/435212.829362/0.000000725
-127/200: 450424.187689/15211.964145/435212.223544/0.000002183
-128/200: 450425.348396/15213.564835/435211.783561/0.000002577
-129/200: 450428.821691/15215.089678/435213.732013/0.000007711
-130/200: 450435.025027/15216.659301/435218.365726/0.000013772
-131/200: 450429.894097/15218.245289/435211.648808/0.000011391
-132/200: 450436.582645/15219.841019/435216.741626/0.000014849
-133/200: 450438.436539/15221.456983/435216.979556/0.000004116
-134/200: 450445.023820/15223.043111/435221.980709/0.000014624
-135/200: 450438.420914/15224.631228/435213.789686/0.000014659
-136/200: 450441.566012/15226.194890/435215.371122/0.000006982
-137/200: 450448.574364/15227.787715/435220.786649/0.000015559
-138/200: 450448.927381/15229.362029/435219.565352/0.000000784
-139/200: 450449.212053/15230.918944/435218.293109/0.000000632
-140/200: 450452.947167/15232.512286/435220.434881/0.000008292
-141/200: 450454.765313/15234.136899/435220.628414/0.000004036
-142/200: 450454.387420/15235.702887/435218.684533/0.000000839
-143/200: 450457.421542/15237.308377/435220.113165/0.000006736
-144/200: 450461.893323/15238.884021/435223.009302/0.000009927
-145/200: 450463.908210/15240.496481/435223.411729/0.000004473
-146/200: 450465.536315/15242.077785/435223.458530/0.000003614
-147/200: 450467.854826/15243.653682/435224.201144/0.000005147
-148/200: 450466.065978/15245.210319/435220.855659/0.000003971
-149/200: 450470.438049/15246.784812/435223.653237/0.000009706
-150/200: 450472.823504/15248.384523/435224.438981/0.000005295
-151/200: 450474.469978/15249.992473/435224.477505/0.000003655
-152/200: 450475.727455/15251.576285/435224.151170/0.000002791
-153/200: 450478.723687/15253.139103/435225.584584/0.000006651
-154/200: 450480.850932/15254.711837/435226.139095/0.000004722
-155/200: 450481.011691/15256.301136/435224.710555/0.000000357
-156/200: 450483.256505/15257.884426/435225.372079/0.000004983
-157/200: 450489.355241/15259.477570/435229.877671/0.000013538
-158/200: 450490.253295/15261.043690/435229.209605/0.000001994
-159/200: 450491.709257/15262.656571/435229.052686/0.000003232
-160/200: 450493.717929/15264.260034/435229.457895/0.000004459
-161/200: 450492.757813/15265.821348/435226.936465/0.000002131
-162/200: 450496.098682/15267.386852/435228.711830/0.000007416
-163/200: 450502.339579/15268.964929/435233.374650/0.000013853
-164/200: 450498.004341/15270.555470/435227.448871/0.000009623
-165/200: 450505.352362/15272.145228/435233.207134/0.000016311
-166/200: 450504.485647/15273.726182/435230.759465/0.000001924
-167/200: 450506.365866/15275.294835/435231.071031/0.000004174
-168/200: 450509.745654/15276.874904/435232.870750/0.000007502
-169/200: 450511.013111/15278.447885/435232.565226/0.000002813
-170/200: 450512.095700/15280.031691/435232.064009/0.000002403
-171/200: 450514.574906/15281.627426/435232.947480/0.000005503
-172/200: 450519.546545/15283.198493/435236.348052/0.000011035
-173/200: 450516.652670/15284.780030/435231.872640/0.000006423
-174/200: 450525.106541/15286.381882/435238.724659/0.000018765
-175/200: 450521.692917/15287.955741/435233.737176/0.000007577
-176/200: 450526.195571/15289.558435/435236.637136/0.000009994
-177/200: 450530.317662/15291.156909/435239.160753/0.000009150
-178/200: 450530.537698/15292.725981/435237.811717/0.000000488
-179/200: 450533.271860/15294.297845/435238.974015/0.000006069
-180/200: 450531.210387/15295.883028/435235.327359/0.000004576
-181/200: 450537.384551/15297.483892/435239.900659/0.000013704
-182/200: 450538.390234/15299.048150/435239.342084/0.000002232
-183/200: 450541.170746/15300.642120/435240.528626/0.000006172
-184/200: 450543.898216/15302.240781/435241.657435/0.000006054
-185/200: 450546.279152/15303.828002/435242.451150/0.000005285
-186/200: 450546.244044/15305.420366/435240.823678/0.000000078
Start evaluating ...
  Columns 1 through 7

    0.0010    0.0018    0.0022    0.0027    0.0031    0.0036    0.0043

  Columns 8 through 10

    0.0051    0.0054    0.0059

   4.2963e-04

Elapsed time is 25219.759390 seconds.
