nohup: ignoring input

                            < M A T L A B (R) >
                  Copyright 1984-2016 The MathWorks, Inc.
                   R2016a (9.0.0.341360) 64-bit (glnxa64)
                             February 11, 2016

 
To get started, type one of these: helpwin, helpdesk, or demo.
For product information, visit www.mathworks.com.
 

	Academic License

Start learning ...
Init data [Dtype: lastfm - Dspec: sp1/0150]
Init social model
Params [lbd-U: 0.0100|lbd-V: 0.0100|lbd-N: 0.0100|lbd-Q: 0.1000]
Staring Sample 1 - Loc: save/bcdl/lastfm-alg61-sp1-cold20170218193322718 
CTR(chongwang)-DAE(User graph) Running - Walks(1)...
-1/300: 4849.948556/365.638868/4484.309688/1.000000000
-2/300: 4604.887982/134.903090/4469.984892/0.050528489
-3/300: 4577.526143/107.608621/4469.917522/0.005941912
-4/300: 4568.292287/98.538430/4469.753857/0.002017215
-5/300: 4562.901761/93.059371/4469.842390/0.001179987
-6/300: 4558.570868/88.968049/4469.602819/0.000949153
-7/300: 4555.577293/85.686703/4469.890590/0.000656692
-8/300: 4552.711548/82.970921/4469.740627/0.000629063
-9/300: 4550.467001/80.680650/4469.786351/0.000493013
-10/300: 4548.182916/78.723741/4469.459175/0.000501945
-11/300: 4546.505233/77.035011/4469.470222/0.000368869
-12/300: 4544.846200/75.564786/4469.281414/0.000364903
-13/300: 4543.680735/74.274392/4469.406343/0.000256437
-14/300: 4542.734174/73.135574/4469.598600/0.000208325
-15/300: 4541.708766/72.124708/4469.584058/0.000225725
-16/300: 4541.019299/71.223217/4469.796082/0.000151808
-17/300: 4539.932896/70.415621/4469.517275/0.000239242
-18/300: 4539.580592/69.689157/4469.891435/0.000077601
-19/300: 4539.007671/69.034061/4469.973610/0.000126206
-20/300: 4537.983050/68.440815/4469.542235/0.000225737
-21/300: 4537.433386/67.902538/4469.530848/0.000121125
-22/300: 4536.778834/67.412929/4469.365905/0.000144256
-23/300: 4536.737848/66.966767/4469.771081/0.000009034
-24/300: 4536.070951/66.558605/4469.512346/0.000146999
-25/300: 4536.121160/66.184606/4469.936554/0.000011069
-26/300: 4535.458197/65.842176/4469.616021/0.000146152
-27/300: 4535.457909/65.527509/4469.930400/0.000000063
-28/300: 4534.998358/65.237700/4469.760658/0.000101324
-29/300: 4534.769655/64.971022/4469.798633/0.000050431
-30/300: 4534.498928/64.724990/4469.773938/0.000059700
-31/300: 4534.184710/64.497791/4469.686919/0.000069295
-32/300: 4533.995480/64.287880/4469.707600/0.000041734
-33/300: 4533.572434/64.093551/4469.478883/0.000093305
-34/300: 4533.448200/63.913709/4469.534491/0.000027403
-35/300: 4533.348359/63.746732/4469.601627/0.000022023
-36/300: 4533.118918/63.591913/4469.527005/0.000050612
-37/300: 4532.787918/63.448135/4469.339783/0.000073018
-38/300: 4533.115783/63.314473/4469.801310/0.000072332
-39/300: 4532.775349/63.190396/4469.584953/0.000075099
-40/300: 4532.223880/63.074930/4469.148950/0.000121663
-41/300: 4532.469396/62.967453/4469.501943/0.000054171
-42/300: 4532.148453/62.867231/4469.281222/0.000070810
-43/300: 4532.218704/62.773927/4469.444777/0.000015501
-44/300: 4532.272931/62.686870/4469.586061/0.000011965
-45/300: 4532.363515/62.605732/4469.757783/0.000019986
-46/300: 4532.184262/62.529888/4469.654374/0.000039550
-47/300: 4531.874326/62.459046/4469.415280/0.000068386
-48/300: 4531.674065/62.392998/4469.281067/0.000044189
-49/300: 4532.076920/62.331250/4469.745670/0.000088898
-50/300: 4532.017270/62.273389/4469.743881/0.000013162
-51/300: 4531.749049/62.219278/4469.529771/0.000059184
-52/300: 4531.690653/62.168758/4469.521895/0.000012886
-53/300: 4531.786467/62.121311/4469.665156/0.000021143
-54/300: 4531.481287/62.077038/4469.404249/0.000067342
-55/300: 4531.401501/62.035543/4469.365958/0.000017607
-56/300: 4531.564223/61.996681/4469.567542/0.000035910
-57/300: 4531.580806/61.960331/4469.620475/0.000003660
-58/300: 4531.747773/61.926227/4469.821546/0.000036845
-59/300: 4531.489915/61.894321/4469.595594/0.000056900
-60/300: 4531.542749/61.864361/4469.678388/0.000011659
-61/300: 4531.390153/61.836257/4469.553896/0.000033674
-62/300: 4531.487368/61.809914/4469.677454/0.000021454
-63/300: 4531.861825/61.785222/4470.076603/0.000082634
-64/300: 4531.439162/61.762045/4469.677117/0.000093265
-65/300: 4531.514359/61.740241/4469.774118/0.000016594
-66/300: 4531.221870/61.719764/4469.502106/0.000064545
-67/300: 4530.971363/61.700571/4469.270792/0.000055285
-68/300: 4531.075766/61.682547/4469.393219/0.000023042
-69/300: 4531.031520/61.665574/4469.365946/0.000009765
-70/300: 4531.214387/61.649702/4469.564685/0.000040359
-71/300: 4531.357286/61.634746/4469.722540/0.000031537
-72/300: 4531.180757/61.620674/4469.560083/0.000038957
-73/300: 4530.826570/61.607516/4469.219054/0.000078167
-74/300: 4531.073968/61.595115/4469.478853/0.000054603
-75/300: 4530.989330/61.583519/4469.405811/0.000018680
-76/300: 4530.945589/61.572606/4469.372983/0.000009654
-77/300: 4531.202581/61.562312/4469.640269/0.000056719
-78/300: 4530.941460/61.552634/4469.388826/0.000057627
-79/300: 4530.812693/61.543578/4469.269115/0.000028420
-80/300: 4531.023318/61.535028/4469.488290/0.000046487
-81/300: 4530.974579/61.526992/4469.447587/0.000010757
-82/300: 4531.229148/61.519416/4469.709732/0.000056184
-83/300: 4531.461157/61.512328/4469.948829/0.000051202
-84/300: 4531.166666/61.505656/4469.661010/0.000064988
-85/300: 4530.853467/61.499345/4469.354122/0.000069121
-86/300: 4531.027247/61.493414/4469.533833/0.000038355
-87/300: 4530.863080/61.487813/4469.375267/0.000036232
-88/300: 4531.128806/61.482556/4469.646250/0.000058648
-89/300: 4531.033665/61.477616/4469.556049/0.000020997
-90/300: 4531.187533/61.472971/4469.714562/0.000033959
-91/300: 4531.167885/61.468577/4469.699308/0.000004336
-92/300: 4531.247108/61.464426/4469.782682/0.000017484
-93/300: 4531.054690/61.460531/4469.594159/0.000042465
-94/300: 4531.240058/61.456860/4469.783198/0.000040911
-95/300: 4530.805450/61.453432/4469.352018/0.000095914
-96/300: 4531.010332/61.450187/4469.560145/0.000045220
-97/300: 4531.274647/61.447111/4469.827536/0.000058335
-98/300: 4530.943940/61.444222/4469.499718/0.000072983
-99/300: 4530.865353/61.441501/4469.423852/0.000017344
Eval at EP-100 ...
  Columns 1 through 7

    0.0160    0.0346    0.0525    0.0660    0.0840    0.1028    0.1151

  Columns 8 through 10

    0.1258    0.1343    0.1426

-100/300: 4531.072200/61.438935/4469.633265/0.000045653
-101/300: 4531.338500/61.436508/4469.901992/0.000058772
-102/300: 4530.888767/61.434280/4469.454487/0.000099249
-103/300: 4531.035540/61.432106/4469.603434/0.000032394
-104/300: 4531.035570/61.430072/4469.605498/0.000000007
Start evaluating ...
  Columns 1 through 7

    0.0158    0.0342    0.0517    0.0652    0.0828    0.1019    0.1144

  Columns 8 through 10

    0.1253    0.1339    0.1426

Elapsed time is 7112.650183 seconds.
