nohup: ignoring input

                            < M A T L A B (R) >
                  Copyright 1984-2016 The MathWorks, Inc.
                   R2016a (9.0.0.341360) 64-bit (glnxa64)
                             February 11, 2016

 
To get started, type one of these: helpwin, helpdesk, or demo.
For product information, visit www.mathworks.com.
 

	Academic License

Start learning ...
Init data [Dtype: delicious - Dspec: sp3/1050]
Init social model
Using adagrad ...
Could not use CUDA
Params [lbd-U: 100.0000|lbd-V: 100.0000|lbd-N: 100.0000|lbd-Q: 0.0100]
Staring Sample 3 - Loc: save/ctrsmf/delicious-alg90-sp3-cold20170226131113841 
CTR-SMF Running ...

iter time likelihood converge
0001 000151 -10241340.03689 1.0000000000
0002 000289 -9971596.81901 0.0263386644
0003 000428 -9756966.94376 0.0215241229
0004 000567 -9692401.03600 0.0066174159
0005 000705 -9660668.20458 0.0032739908
0006 000843 -9636664.37507 0.0024846966
0007 000982 -9620073.57393 0.0017216332
0008 001122 -9609241.12500 0.0011260256
0009 001260 -9601445.18562 0.0008112961
0010 001398 -9595336.26521 0.0006362501
0011 001537 -9590239.39368 0.0005311822
0012 001674 -9585847.20382 0.0004579854
0013 001807 -9582000.15945 0.0004013254
0014 001942 -9578596.70943 0.0003551920
0015 002071 -9575563.50883 0.0003166644
0016 002203 -9572843.92637 0.0002840128
0017 002337 -9570392.51992 0.0002560792
0018 002473 -9568171.97633 0.0002320222
0019 002608 -9566151.03565 0.0002112149
0020 002743 -9564303.17275 0.0001931668
0021 002880 -9562605.85877 0.0001774634
0022 003012 -9561039.93967 0.0001637544
0023 003149 -9559588.97402 0.0001517581
0024 003282 -9558238.59748 0.0001412588
0025 003417 -9556976.05582 0.0001320894
0026 003550 -9555790.09402 0.0001240938
0027 003683 -9554671.12651 0.0001170984
0028 003818 -9553611.25597 0.0001109270
0029 003953 -9552604.29456 0.0001054011
0030 004090 -9551645.46540 0.0001003736
0031 004226 -9550731.06396 0.0000957323
0032 004363 -9549858.20646 0.0000913917
0033 004495 -9549024.51107 0.0000872992
0034 004632 -9548227.93285 0.0000834199
0035 004768 -9547466.78777 0.0000797158
0036 004901 -9546739.81729 0.0000761428
0037 005032 -9546046.18672 0.0000726563
0038 005169 -9545385.40093 0.0000692209
0039 005302 -9544757.15227 0.0000658170
0040 005436 -9544161.15131 0.0000624428
0041 005570 -9543596.94961 0.0000591149
0042 005707 -9543063.70837 0.0000558742
0043 005840 -9542560.03468 0.0000527790
0044 005976 -9542084.04909 0.0000498803
0045 006110 -9541633.61845 0.0000472046
0046 006245 -9541206.62603 0.0000447505
0047 006377 -9540801.20228 0.0000424919
0048 006515 -9540415.87764 0.0000403870
0049 006648 -9540049.63317 0.0000383887
0050 006778 -9539701.82129 0.0000364581
0051 006907 -9539371.98005 0.0000345756
0052 007034 -9539059.69423 0.0000327365
0053 007164 -9538764.59231 0.0000309362
0054 007299 -9538486.35968 0.0000291686
0055 007431 -9538224.67629 0.0000274345
0056 007560 -9537979.17346 0.0000257388
0057 007684 -9537749.50615 0.0000240792
0058 007817 -9537535.45823 0.0000224422
0059 007944 -9537336.94851 0.0000208135
0060 008074 -9537153.92135 0.0000191906
0061 008205 -9536986.17255 0.0000175890
0062 008333 -9536833.25912 0.0000160337
0063 008462 -9536694.52824 0.0000145468
0064 008593 -9536569.11167 0.0000131509
0065 008724 -9536455.93288 0.0000118679
0066 008856 -9536353.81231 0.0000107084
0067 008985 -9536261.60716 0.0000096688
Start evaluating ...
  Columns 1 through 7

    0.0077    0.0180    0.0272    0.0343    0.0409    0.0473    0.0534

  Columns 8 through 10

    0.0590    0.0642    0.0685

    0.0024

Elapsed time is 9115.149484 seconds.
