nohup: ignoring input

                            < M A T L A B (R) >
                  Copyright 1984-2016 The MathWorks, Inc.
                   R2016a (9.0.0.341360) 64-bit (glnxa64)
                             February 11, 2016

 
To get started, type one of these: helpwin, helpdesk, or demo.
For product information, visit www.mathworks.com.
 

	Academic License

Start learning ...
Init data [Dtype: delicious - Dspec: sp3/1050]
Init social model
Using adagrad ...
Could not use CUDA
Params [lbd-U: 10.0000|lbd-V: 10.0000|lbd-N: 10.0000|lbd-Q: 0.0500]
Staring Sample 3 - Loc: save/ctrsmf/delicious-alg90-sp3-cold20170225185942416 
CTR-SMF Running ...

iter time likelihood converge
0001 000051 -10240397.18043 1.0000000000
0002 000131 -9969951.29487 0.0264097067
0003 000218 -9754746.42512 0.0215853482
0004 000305 -9689725.93191 0.0066655237
0005 000392 -9657496.14743 0.0033261812
0006 000480 -9633045.67669 0.0025317609
0007 000567 -9616177.40754 0.0017510837
0008 000624 -9605133.35488 0.0011484868
0009 000672 -9597163.18987 0.0008297818
0010 000721 -9590915.10208 0.0006510349
0011 000769 -9585705.90095 0.0005431391
0012 000818 -9581221.37622 0.0004678346
0013 000866 -9577295.96493 0.0004096984
0014 000915 -9573823.80056 0.0003625412
0015 000964 -9570728.61796 0.0003232964
0016 001012 -9567951.86317 0.0002901299
0017 001061 -9565446.89461 0.0002618082
0018 001110 -9563175.63629 0.0002374440
0019 001158 -9561106.25948 0.0002163901
0020 001207 -9559211.72482 0.0001981502
0021 001256 -9557469.02956 0.0001823053
0022 001304 -9555858.62609 0.0001684969
0023 001353 -9554363.79604 0.0001564307
0024 001402 -9552970.06534 0.0001458737
0025 001450 -9551664.78587 0.0001366360
0026 001499 -9550436.93971 0.0001285479
0027 001548 -9549277.17037 0.0001214363
0028 001596 -9548177.99845 0.0001151052
0029 001645 -9547133.84612 0.0001093562
0030 001694 -9546140.46360 0.0001040503
0031 001742 -9545194.40827 0.0000991034
0032 001791 -9544292.80842 0.0000944559
0033 001840 -9543433.15577 0.0000900698
0034 001921 -9542613.18956 0.0000859194
0035 001975 -9541830.88885 0.0000819797
0036 002067 -9541084.48617 0.0000782243
0037 002208 -9540372.47322 0.0000746260
0038 002346 -9539693.62830 0.0000711550
0039 002488 -9539047.06479 0.0000677761
0040 002629 -9538432.25730 0.0000644517
0041 002772 -9537848.95908 0.0000611524
0042 002914 -9537296.93695 0.0000578770
0043 003056 -9536775.63991 0.0000546588
0044 003200 -9536284.07517 0.0000515441
0045 003347 -9535820.91268 0.0000485684
0046 003484 -9535384.63744 0.0000457512
0047 003620 -9534973.65667 0.0000431006
0048 003760 -9534586.39479 0.0000406149
0049 003896 -9534221.43009 0.0000382780
0050 004035 -9533877.62827 0.0000360598
0051 004171 -9533554.17260 0.0000339270
0052 004312 -9533250.47257 0.0000318559
0053 004449 -9532965.99785 0.0000298403
0054 004589 -9532700.09198 0.0000278933
0055 004726 -9532451.86457 0.0000260396
0056 004866 -9532220.22920 0.0000242997
0057 005002 -9532004.06015 0.0000226777
0058 005141 -9531802.36618 0.0000211597
0059 005279 -9531614.38041 0.0000197220
0060 005418 -9531439.54749 0.0000183424
0061 005555 -9531277.40221 0.0000170116
0062 005696 -9531127.45364 0.0000157323
0063 005836 -9530989.15004 0.0000145107
0064 005970 -9530861.86900 0.0000133544
0065 006088 -9530744.91144 0.0000122715
0066 006200 -9530637.53189 0.0000112666
0067 006307 -9530539.00915 0.0000103375
0068 006413 -9530448.68321 0.0000094775
Start evaluating ...
  Columns 1 through 7

    0.0018    0.0028    0.0034    0.0038    0.0039    0.0042    0.0044

  Columns 8 through 10

    0.0045    0.0050    0.0052

   4.6527e-04

Elapsed time is 6510.396103 seconds.
