nohup: ignoring input

                            < M A T L A B (R) >
                  Copyright 1984-2016 The MathWorks, Inc.
                   R2016a (9.0.0.341360) 64-bit (glnxa64)
                             February 11, 2016

 
To get started, type one of these: helpwin, helpdesk, or demo.
For product information, visit www.mathworks.com.
 

	Academic License

Start learning ...
Init data [Dtype: delicious - Dspec: sp3/1050]
Init social model
Using adagrad ...
Could not use CUDA
Params [lbd-U: 1.0000|lbd-V: 1.0000|lbd-N: 1.0000|lbd-Q: 0.0100]
Staring Sample 3 - Loc: save/ctrsmf/delicious-alg90-sp3-cold20170226131113523 
CTR-SMF Running ...

iter time likelihood converge
0001 000152 -10237845.22270 1.0000000000
0002 000290 -9968332.21651 0.0263251690
0003 000431 -9750421.69156 0.0218602792
0004 000571 -9684883.97141 0.0067215267
0005 000708 -9652526.15084 0.0033410643
0006 000849 -9628105.07329 0.0025300193
0007 000985 -9611319.54819 0.0017433882
0008 001123 -9600344.88854 0.0011418473
0009 001260 -9592412.42944 0.0008262681
0010 001398 -9586172.82000 0.0006504734
0011 001534 -9580953.75992 0.0005444363
0012 001666 -9576449.89169 0.0004700856
0013 001801 -9572500.45465 0.0004124114
0014 001935 -9569002.25620 0.0003654425
0015 002065 -9565880.76609 0.0003262085
0016 002202 -9563078.41214 0.0002929530
0017 002337 -9560549.01161 0.0002644965
0018 002472 -9558254.64175 0.0002399831
0019 002603 -9556163.45238 0.0002187836
0020 002734 -9554248.30262 0.0002004099
0021 002866 -9552486.06632 0.0001844453
0022 003000 -9550857.07989 0.0001705301
0023 003131 -9549344.53126 0.0001583678
0024 003265 -9547933.87455 0.0001477229
0025 003395 -9546612.39898 0.0001384043
0026 003531 -9545369.02404 0.0001302425
0027 003669 -9544194.33427 0.0001230638
0028 003803 -9543080.79744 0.0001166716
0029 003938 -9542022.79712 0.0001108657
0030 004072 -9541016.07014 0.0001055046
0031 004208 -9540057.16396 0.0001005036
0032 004345 -9539143.19004 0.0000958038
0033 004480 -9538271.61979 0.0000913678
0034 004616 -9537440.15908 0.0000871710
0035 004752 -9536646.72607 0.0000831914
0036 004889 -9535889.46726 0.0000794051
0037 005021 -9535166.78326 0.0000757857
0038 005154 -9534477.37644 0.0000723015
0039 005291 -9533820.30920 0.0000689149
0040 005425 -9533195.02730 0.0000655857
0041 005562 -9532601.26783 0.0000622834
0042 005695 -9532038.79503 0.0000590052
0043 005829 -9531507.07951 0.0000557819
0044 005965 -9531005.17486 0.0000526574
0045 006096 -9530531.80713 0.0000496661
0046 006230 -9530085.51207 0.0000468279
0047 006362 -9529664.74149 0.0000441518
0048 006497 -9529267.96600 0.0000416358
0049 006630 -9528893.80751 0.0000392641
0050 006756 -9528541.15374 0.0000370089
0051 006888 -9528209.18237 0.0000348397
0052 007020 -9527897.29280 0.0000327333
0053 007162 -9527604.96426 0.0000306813
0054 007295 -9527331.56572 0.0000286954
0055 007427 -9527076.22413 0.0000268010
0056 007557 -9526837.83979 0.0000250218
0057 007689 -9526615.24406 0.0000233651
0058 007824 -9526407.40016 0.0000218172
0059 007956 -9526213.51997 0.0000203519
0060 008089 -9526033.05247 0.0000189443
0061 008222 -9525865.54742 0.0000175839
0062 008348 -9525710.53226 0.0000162731
0063 008481 -9525567.47597 0.0000150179
0064 008613 -9525435.77875 0.0000138257
0065 008742 -9525314.77117 0.0000127036
0066 008873 -9525203.74696 0.0000116557
0067 009007 -9525102.01355 0.0000106804
0068 009133 -9525008.89481 0.0000097761
Start evaluating ...
  Columns 1 through 7

    0.0109    0.0122    0.0126    0.0131    0.0136    0.0138    0.0140

  Columns 8 through 10

    0.0144    0.0146    0.0149

    0.0039

Elapsed time is 9275.213720 seconds.
