nohup: ignoring input

                            < M A T L A B (R) >
                  Copyright 1984-2016 The MathWorks, Inc.
                   R2016a (9.0.0.341360) 64-bit (glnxa64)
                             February 11, 2016

 
To get started, type one of these: helpwin, helpdesk, or demo.
For product information, visit www.mathworks.com.
 

	Academic License

Start learning ...
Init data [Dtype: delicious - Dspec: sp3/1050]
Init social model
Using adagrad ...
Could not use CUDA
Params [lbd-U: 1.0000|lbd-V: 0.1000|lbd-N: 1.0000|lbd-Q: 0.0100]
Staring Sample 3 - Loc: save/ctrsmf/delicious-alg90-sp3-cold20170226131113048 
CTR-SMF Running ...

iter time likelihood converge
0001 000157 -10237482.77036 1.0000000000
0002 000296 -9965744.88713 0.0265434276
0003 000435 -9749949.12095 0.0216537518
0004 000573 -9684644.93188 0.0066979005
0005 000711 -9652303.50958 0.0033394536
0006 000851 -9627849.03355 0.0025335378
0007 000990 -9611019.59272 0.0017479959
0008 001129 -9599999.55708 0.0011466042
0009 001268 -9592023.56504 0.0008308325
0010 001408 -9585743.42233 0.0006547255
0011 001550 -9580487.11506 0.0005483463
0012 001689 -9575949.19001 0.0004736633
0013 001828 -9571968.60490 0.0004156857
0014 001966 -9568441.84411 0.0003684468
0015 002107 -9565294.07565 0.0003289740
0016 002249 -9562467.46762 0.0002955067
0017 002390 -9559915.62255 0.0002668605
0018 002529 -9557600.44126 0.0002421759
0019 002674 -9555489.92686 0.0002208205
0020 002814 -9553556.81441 0.0002023039
0021 002954 -9551777.87025 0.0001862075
0022 003098 -9550133.33591 0.0001721705
0023 003240 -9548606.31635 0.0001598951
0024 003380 -9547182.19706 0.0001491442
0025 003521 -9545848.21470 0.0001397252
0026 003663 -9544593.24915 0.0001314672
0027 003804 -9543407.85426 0.0001241954
0028 003942 -9542284.47812 0.0001177123
0029 004084 -9541217.48614 0.0001118172
0030 004226 -9540202.56901 0.0001063719
0031 004366 -9539236.18637 0.0001012958
0032 004506 -9538315.31626 0.0000965350
0033 004647 -9537437.26287 0.0000920554
0034 004782 -9536599.56817 0.0000878323
0035 004917 -9535800.03933 0.0000838379
0036 005053 -9535036.80124 0.0000800392
0037 005189 -9534308.31632 0.0000764008
0038 005323 -9533613.37902 0.0000728881
0039 005460 -9532951.10913 0.0000694668
0040 005594 -9532320.94979 0.0000661033
0041 005731 -9531722.60252 0.0000627704
0042 005864 -9531155.80600 0.0000594642
0043 006001 -9530620.03624 0.0000562125
0044 006135 -9530114.37234 0.0000530568
0045 006271 -9529637.55818 0.0000500324
0046 006405 -9529188.12144 0.0000471620
0047 006546 -9528764.48447 0.0000444568
0048 006683 -9528365.08009 0.0000419157
0049 006819 -9527988.48838 0.0000395232
0050 006958 -9527633.55014 0.0000372522
0051 007095 -9527299.39359 0.0000350724
0052 007234 -9526985.36924 0.0000329605
0053 007369 -9526690.91242 0.0000309077
0054 007508 -9526415.36648 0.0000289236
0055 007645 -9526157.86879 0.0000270299
0056 007784 -9525917.37646 0.0000252455
0057 007922 -9525692.81711 0.0000235735
0058 008060 -9525483.25555 0.0000219996
0059 008199 -9525287.94272 0.0000205042
0060 008335 -9525106.25300 0.0000190745
0061 008473 -9524937.58825 0.0000177074
0062 008611 -9524781.33408 0.0000164047
0063 008749 -9524636.87912 0.0000151662
0064 008886 -9524503.62956 0.0000139900
0065 009026 -9524380.99201 0.0000128760
0066 009170 -9524268.35418 0.0000118263
0067 009307 -9524165.08578 0.0000108427
0068 009423 -9524070.53157 0.0000099278
Start evaluating ...
  Columns 1 through 7

    0.0104    0.0117    0.0121    0.0122    0.0125    0.0127    0.0129

  Columns 8 through 10

    0.0131    0.0133    0.0134

    0.0038

Elapsed time is 9546.119695 seconds.
