nohup: ignoring input

                            < M A T L A B (R) >
                  Copyright 1984-2016 The MathWorks, Inc.
                   R2016a (9.0.0.341360) 64-bit (glnxa64)
                             February 11, 2016

 
To get started, type one of these: helpwin, helpdesk, or demo.
For product information, visit www.mathworks.com.
 

	Academic License

Start learning ...
Init data [Dtype: delicious - Dspec: sp3/1050]
Init social model
Using adagrad ...
Could not use CUDA
Params [lbd-U: 100.0000|lbd-V: 0.1000|lbd-N: 100.0000|lbd-Q: 0.0100]
Staring Sample 3 - Loc: save/ctrsmf/delicious-alg90-sp3-cold20170226131113362 
CTR-SMF Running ...

iter time likelihood converge
0001 000158 -10241338.97179 1.0000000000
0002 000301 -9974477.98074 0.0260572364
0003 000444 -9759609.71612 0.0215418055
0004 000583 -9694701.45308 0.0066507027
0005 000719 -9662637.75584 0.0033073424
0006 000857 -9638403.23830 0.0025080644
0007 000992 -9621752.17246 0.0017275751
0008 001130 -9610878.64070 0.0011300989
0009 001268 -9603024.76932 0.0008171856
0010 001407 -9596848.00972 0.0006432098
0011 001545 -9591680.51894 0.0005384571
0012 001687 -9587219.91532 0.0004650492
0013 001827 -9583307.43205 0.0004080936
0014 001967 -9579841.26219 0.0003616883
0015 002111 -9576747.87739 0.0003229056
0016 002251 -9573970.45661 0.0002900171
0017 002391 -9571463.39846 0.0002618619
0018 002530 -9569189.23917 0.0002375979
0019 002669 -9567116.49524 0.0002166060
0020 002809 -9565218.32181 0.0001984060
0021 002950 -9563471.83320 0.0001825874
0022 003091 -9561857.56167 0.0001687956
0023 003233 -9560358.85660 0.0001567379
0024 003374 -9558961.31021 0.0001461814
0025 003518 -9557652.33540 0.0001369369
0026 003657 -9556420.96322 0.0001288363
0027 003799 -9555257.87796 0.0001217072
0028 003939 -9554155.64171 0.0001153539
0029 004081 -9553108.71967 0.0001095777
0030 004229 -9552112.88789 0.0001042416
0031 004372 -9551164.68036 0.0000992668
0032 004513 -9550261.14149 0.0000945999
0033 004654 -9549399.63629 0.0000902075
0034 004790 -9548577.76490 0.0000860652
0035 004927 -9547793.39163 0.0000821456
0036 005062 -9547044.69521 0.0000784157
0037 005198 -9546330.18262 0.0000748412
0038 005334 -9545648.68020 0.0000713889
0039 005468 -9544999.33140 0.0000680256
0040 005605 -9544381.60203 0.0000647176
0041 005742 -9543795.21754 0.0000614377
0042 005881 -9543239.94008 0.0000581820
0043 006016 -9542715.26820 0.0000549784
0044 006153 -9542220.30470 0.0000518682
0045 006288 -9541753.81859 0.0000488865
0046 006425 -9541314.36030 0.0000460563
0047 006563 -9540900.36944 0.0000433893
0048 006701 -9540510.29122 0.0000408848
0049 006836 -9540142.71596 0.0000385278
0050 006973 -9539796.49539 0.0000362909
0051 007110 -9539470.77096 0.0000341438
0052 007247 -9539164.90775 0.0000320629
0053 007382 -9538878.35501 0.0000300396
0054 007518 -9538610.46788 0.0000280837
0055 007654 -9538360.39324 0.0000262171
0056 007788 -9538127.09646 0.0000244588
0057 007924 -9537909.51350 0.0000228119
0058 008060 -9537706.71829 0.0000212620
0059 008195 -9537517.97106 0.0000197896
0060 008330 -9537342.65431 0.0000183818
0061 008467 -9537180.17612 0.0000170360
0062 008602 -9537029.92617 0.0000157541
0063 008738 -9536891.29590 0.0000145360
0064 008877 -9536763.69486 0.0000133797
0065 009011 -9536646.53604 0.0000122850
0066 009149 -9536539.21751 0.0000112533
0067 009282 -9536441.12150 0.0000102863
0068 009409 -9536351.60398 0.0000093869
Start evaluating ...
  Columns 1 through 7

    0.0003    0.0008    0.0014    0.0016    0.0018    0.0019    0.0026

  Columns 8 through 10

    0.0028    0.0028    0.0030

   2.4367e-04

Elapsed time is 9528.504653 seconds.
