nohup: ignoring input

                            < M A T L A B (R) >
                  Copyright 1984-2016 The MathWorks, Inc.
                   R2016a (9.0.0.341360) 64-bit (glnxa64)
                             February 11, 2016

 
To get started, type one of these: helpwin, helpdesk, or demo.
For product information, visit www.mathworks.com.
 

	Academic License

Start learning ...
Init data [Dtype: delicious - Dspec: sp3/1050]
Init social model
Using adagrad ...
Could not use CUDA
Params [lbd-U: 10.0000|lbd-V: 1.0000|lbd-N: 10.0000|lbd-Q: 0.0100]
Staring Sample 3 - Loc: save/ctrsmf/delicious-alg90-sp3-cold20170226131114657 
CTR-SMF Running ...

iter time likelihood converge
0001 000165 -10241086.61379 1.0000000000
0002 000304 -9973700.03962 0.0261091996
0003 000445 -9758516.88296 0.0215750580
0004 000576 -9693497.83463 0.0066628002
0005 000710 -9661405.51971 0.0033107053
0006 000839 -9637164.68068 0.0025090386
0007 000976 -9620511.67580 0.0017279984
0008 001109 -9609637.62937 0.0011302981
0009 001246 -9601783.84013 0.0008172826
0010 001382 -9595607.53610 0.0006432455
0011 001517 -9590440.75123 0.0005384531
0012 001653 -9585981.01321 0.0004650191
0013 001791 -9582069.51855 0.0004080432
0014 001925 -9578604.44687 0.0003616204
0015 002061 -9575512.26143 0.0003228221
0016 002199 -9572736.12974 0.0002899199
0017 002336 -9570230.43300 0.0002617535
0018 002475 -9567957.68541 0.0002374810
0019 002612 -9565886.37874 0.0002164837
0020 002749 -9563989.64485 0.0001982810
0021 002887 -9562244.57980 0.0001824620
0022 003027 -9560631.70164 0.0001686715
0023 003164 -9559134.34497 0.0001566169
0024 003300 -9557738.08161 0.0001460659
0025 003436 -9556430.29632 0.0001368300
0026 003571 -9555199.98625 0.0001287416
0027 003706 -9554037.79878 0.0001216288
0028 003839 -9552936.25820 0.0001152958
0029 003974 -9551889.79890 0.0001095432
0030 004109 -9550894.19323 0.0001042313
0031 004249 -9549946.01699 0.0000992762
0032 004385 -9549042.40739 0.0000946193
0033 004524 -9548180.85812 0.0000902236
0034 004659 -9547359.09771 0.0000860646
0035 004795 -9546575.07370 0.0000821195
0036 004929 -9545826.97246 0.0000783633
0037 005064 -9545113.23816 0.0000747692
0038 005198 -9544432.60192 0.0000713073
0039 005333 -9543784.12307 0.0000679432
0040 005467 -9543167.21754 0.0000646395
0041 005603 -9542581.59203 0.0000613659
0042 005738 -9542027.00265 0.0000581173
0043 005872 -9541502.93606 0.0000549219
0044 006006 -9541008.47181 0.0000518225
0045 006139 -9540542.35597 0.0000488539
0046 006274 -9540103.13166 0.0000460377
0047 006410 -9539689.24855 0.0000433835
0048 006545 -9539299.17082 0.0000408900
0049 006681 -9538931.51343 0.0000385413
0050 006818 -9538585.16221 0.0000363092
0051 006952 -9538259.30286 0.0000341622
0052 007089 -9537953.34975 0.0000320764
0053 007224 -9537666.79666 0.0000300435
0054 007360 -9537399.02165 0.0000280755
0055 007495 -9537149.15380 0.0000261987
0056 007629 -9536916.09166 0.0000244373
0057 007762 -9536698.66751 0.0000227982
0058 007897 -9536495.85148 0.0000212669
0059 008031 -9536306.86492 0.0000198172
0060 008165 -9536131.16271 0.0000184246
0061 008299 -9535968.29248 0.0000170793
0062 008434 -9535817.76955 0.0000157848
0063 008569 -9535679.04279 0.0000145480
0064 008703 -9535551.48956 0.0000133764
0065 008839 -9535434.42512 0.0000122766
0066 008975 -9535327.14687 0.0000112505
0067 009112 -9535228.99051 0.0000102940
0068 009253 -9535139.33231 0.0000094028
Start evaluating ...
  Columns 1 through 7

    0.0007    0.0011    0.0015    0.0019    0.0025    0.0031    0.0033

  Columns 8 through 10

    0.0035    0.0037    0.0039

   2.6879e-04

Elapsed time is 9380.733501 seconds.
