nohup: ignoring input

                            < M A T L A B (R) >
                  Copyright 1984-2016 The MathWorks, Inc.
                   R2016a (9.0.0.341360) 64-bit (glnxa64)
                             February 11, 2016

 
To get started, type one of these: helpwin, helpdesk, or demo.
For product information, visit www.mathworks.com.
 

	Academic License

Start learning ...
Init data [Dtype: delicious - Dspec: sp2/1050]
Init social model
Using adagrad ...
Could not use CUDA
Params [lbd-U: 0.1000|lbd-V: 100.0000|lbd-N: 0.1000|lbd-Q: 0.0500]
Staring Sample 2 - Loc: save/ctrsmf/delicious-alg90-sp2-cold20170225154205954 
CTR-SMF Running ...

iter time likelihood converge
0001 000074 -11668249.31070 1.0000000000
0002 000126 -11350989.34329 0.0271900230
0003 000179 -11106377.02977 0.0215498673
0004 000231 -11032567.82138 0.0066456603
0005 000284 -10996374.08686 0.0032806265
0006 000336 -10969225.06405 0.0024689068
0007 000389 -10950407.53261 0.0017154841
0008 000441 -10938099.83223 0.0011239491
0009 000494 -10929230.15628 0.0008108973
0010 000546 -10922259.77493 0.0006377742
0011 000599 -10916433.38825 0.0005334415
0012 000652 -10911409.94818 0.0004601723
0013 000704 -10907011.55019 0.0004031008
0014 000756 -10903123.45763 0.0003564764
0015 000809 -10899661.55745 0.0003175145
0016 000861 -10896559.99699 0.0002845557
0017 000913 -10893765.14162 0.0002564897
0018 000966 -10891232.60919 0.0002324754
0019 001018 -10888925.33816 0.0002118466
0020 001071 -10886812.21792 0.0001940614
0021 001123 -10884867.16082 0.0001786618
0022 001175 -10883068.48100 0.0001652459
0023 001228 -10881398.00676 0.0001534929
0024 001280 -10879839.94889 0.0001431855
0025 001332 -10878380.35787 0.0001341556
0026 001385 -10877007.01189 0.0001262454
0027 001437 -10875709.44034 0.0001192949
0028 001489 -10874478.97762 0.0001131386
0029 001542 -10873308.62125 0.0001076241
0030 001594 -10872192.58601 0.0001026399
0031 001646 -10871125.84997 0.0000981160
0032 001699 -10870103.95780 0.0000940006
0033 001751 -10869123.04418 0.0000902396
0034 001803 -10868179.93379 0.0000867697
0035 001856 -10867272.01053 0.0000835396
0036 001908 -10866397.14759 0.0000805044
0037 001961 -10865553.90021 0.0000776014
0038 002013 -10864741.56777 0.0000747622
0039 002065 -10863960.14848 0.0000719225
0040 002118 -10863210.41335 0.0000690112
0041 002170 -10862493.97589 0.0000659508
0042 002222 -10861812.55495 0.0000627315
0043 002275 -10861167.05741 0.0000594282
0044 002327 -10860557.62178 0.0000561114
0045 002380 -10859983.53630 0.0000528597
0046 002432 -10859443.24107 0.0000497510
0047 002484 -10858934.68756 0.0000468305
0048 002537 -10858455.71768 0.0000441084
0049 002589 -10858004.25603 0.0000415770
0050 002642 -10857578.58444 0.0000392035
0051 002694 -10857177.56720 0.0000369343
0052 002746 -10856800.59090 0.0000347214
0053 002799 -10856447.31105 0.0000325400
0054 002851 -10856117.35229 0.0000303929
0055 002904 -10855810.07306 0.0000283047
0056 002956 -10855524.55281 0.0000263011
0057 003009 -10855259.76705 0.0000243918
0058 003061 -10855014.66594 0.0000225790
0059 003114 -10854787.94752 0.0000208861
0060 003166 -10854577.92996 0.0000193479
0061 003219 -10854383.05037 0.0000179537
0062 003271 -10854202.27062 0.0000166550
0063 003324 -10854034.46310 0.0000154601
0064 003376 -10853878.42147 0.0000143764
0065 003429 -10853733.30649 0.0000133699
0066 003481 -10853598.55998 0.0000124148
0067 003534 -10853473.62433 0.0000115110
0068 003586 -10853357.79193 0.0000106724
0069 003639 -10853250.24386 0.0000099092
Start evaluating ...
  Columns 1 through 7

    0.0113    0.0189    0.0259    0.0321    0.0367    0.0412    0.0455

  Columns 8 through 10

    0.0491    0.0527    0.0557

    0.0033

Elapsed time is 3694.748565 seconds.
