nohup: ignoring input

                            < M A T L A B (R) >
                  Copyright 1984-2016 The MathWorks, Inc.
                   R2016a (9.0.0.341360) 64-bit (glnxa64)
                             February 11, 2016

 
To get started, type one of these: helpwin, helpdesk, or demo.
For product information, visit www.mathworks.com.
 

	Academic License

Start learning ...
Init data [Dtype: delicious - Dspec: sp3/1050]
Init social model
Using adagrad ...
Could not use CUDA
Params [lbd-U: 1.0000|lbd-V: 0.1000|lbd-N: 1.0000|lbd-Q: 0.0500]
Staring Sample 3 - Loc: save/ctrsmf/delicious-alg90-sp3-cold20170225185942615 
CTR-SMF Running ...

iter time likelihood converge
0001 000059 -10236399.84537 1.0000000000
0002 000109 -9959468.81188 0.0270535577
0003 000159 -9743904.56829 0.0216441507
0004 000209 -9678871.41070 0.0066742400
0005 000258 -9646723.28260 0.0033214749
0006 000308 -9622420.99120 0.0025192276
0007 000357 -9605714.23034 0.0017362326
0008 000406 -9594794.64881 0.0011367798
0009 000455 -9586902.18805 0.0008225774
0010 000505 -9580692.67052 0.0006477084
0011 000554 -9575497.11214 0.0005422947
0012 000618 -9571012.26549 0.0004683670
0013 000694 -9567078.67789 0.0004109897
0014 000745 -9563593.99094 0.0003642373
0015 000796 -9560484.23370 0.0003251662
0016 000884 -9557692.23097 0.0002920357
0017 000971 -9555172.09739 0.0002636760
0018 001059 -9552886.14063 0.0002392376
0019 001148 -9550802.69229 0.0002180962
0020 001236 -9548894.75629 0.0001997671
0021 001326 -9547139.32174 0.0001838364
0022 001380 -9545516.81671 0.0001699467
0023 001431 -9544010.50385 0.0001578032
0024 001500 -9542605.90294 0.0001471709
0025 001588 -9541290.36583 0.0001378593
0026 001655 -9540052.87170 0.0001296988
0027 001719 -9538884.06054 0.0001225162
0028 001769 -9537776.45581 0.0001161147
0029 001818 -9536724.48937 0.0001102947
0030 001868 -9535723.91047 0.0001049185
0031 001918 -9534771.23065 0.0000999064
0032 001967 -9533863.47405 0.0000952049
0033 002042 -9532997.98586 0.0000907804
0034 002189 -9532172.34471 0.0000866088
0035 002334 -9531384.39078 0.0000826626
0036 002482 -9530632.27880 0.0000789090
0037 002629 -9529914.49826 0.0000753130
0038 002777 -9529229.86827 0.0000718401
0039 002927 -9528577.53126 0.0000684564
0040 003072 -9527956.95097 0.0000651283
0041 003223 -9527367.84694 0.0000618290
0042 003365 -9526809.97353 0.0000585548
0043 003502 -9526282.82123 0.0000553336
0044 003643 -9525785.48359 0.0000522069
0045 003783 -9525316.71882 0.0000492101
0046 003918 -9524875.06786 0.0000463660
0047 004054 -9524458.96487 0.0000436859
0048 004191 -9524066.85338 0.0000411689
0049 004329 -9523697.32355 0.0000387996
0050 004468 -9523349.22581 0.0000365507
0051 004604 -9523021.69759 0.0000343921
0052 004742 -9522714.09784 0.0000323006
0053 004880 -9522425.86946 0.0000302675
0054 005017 -9522156.36288 0.0000283023
0055 005154 -9521904.72245 0.0000264268
0056 005288 -9521669.91219 0.0000246600
0057 005426 -9521450.86644 0.0000230050
0058 005563 -9521246.65650 0.0000214474
0059 005702 -9521056.53966 0.0000199676
0060 005842 -9520879.89637 0.0000185529
0061 005984 -9520716.13422 0.0000172003
0062 006105 -9520564.64422 0.0000159116
0063 006219 -9520424.82001 0.0000146865
0064 006332 -9520296.07241 0.0000135233
0065 006436 -9520177.81224 0.0000124219
0066 006541 -9520069.43099 0.0000113844
0067 006645 -9519970.30204 0.0000104126
0068 006737 -9519879.77399 0.0000095093
Start evaluating ...
  Columns 1 through 7

    0.0104    0.0116    0.0119    0.0122    0.0125    0.0126    0.0130

  Columns 8 through 10

    0.0133    0.0134    0.0135

    0.0037

Elapsed time is 6831.253506 seconds.
