nohup: ignoring input

                            < M A T L A B (R) >
                  Copyright 1984-2016 The MathWorks, Inc.
                   R2016a (9.0.0.341360) 64-bit (glnxa64)
                             February 11, 2016

 
To get started, type one of these: helpwin, helpdesk, or demo.
For product information, visit www.mathworks.com.
 

	Academic License

Start learning ...
Init data [Dtype: delicious - Dspec: sp2/1050]
Init social model
Using adagrad ...
Could not use CUDA
Params [lbd-U: 0.1000|lbd-V: 0.0100|lbd-N: 0.1000|lbd-Q: 0.0500]
Staring Sample 2 - Loc: save/ctrsmf/delicious-alg90-sp2-cold20170225154205800 
CTR-SMF Running ...

iter time likelihood converge
0001 000076 -11664072.67722 1.0000000000
0002 000130 -11349596.80545 0.0269610693
0003 000182 -11105257.03309 0.0215284980
0004 000254 -11031167.01857 0.0066716164
0005 000348 -10994640.20116 0.0033112378
0006 000426 -10967239.37641 0.0024921984
0007 000511 -10948316.05896 0.0017254404
0008 000567 -10935924.69130 0.0011318058
0009 000620 -10926957.01400 0.0008200200
0010 000691 -10919880.97490 0.0006475764
0011 000744 -10913949.45144 0.0005431857
0012 000796 -10908826.21983 0.0004694205
0013 000858 -10904334.67085 0.0004117353
0014 000910 -10900359.76192 0.0003645256
0015 000963 -10896816.76245 0.0003250351
0016 001015 -10893639.33288 0.0002915925
0017 001068 -10890773.45737 0.0002630779
0018 001120 -10888174.41917 0.0002386459
0019 001173 -10885804.83342 0.0002176293
0020 001225 -10883633.23223 0.0001994893
0021 001277 -10881633.10837 0.0001837735
0022 001330 -10879782.33716 0.0001700821
0023 001383 -10878062.48510 0.0001580778
0024 001435 -10876457.73797 0.0001475214
0025 001487 -10874954.25999 0.0001382323
0026 001540 -10873540.02707 0.0001300450
0027 001612 -10872204.80404 0.0001227956
0028 001698 -10870940.11552 0.0001163231
0029 001793 -10869738.98030 0.0001104905
0030 001883 -10868595.41976 0.0001052059
0031 001936 -10867504.07657 0.0001004125
0032 001989 -10866460.09191 0.0000960648
0033 002042 -10865459.18713 0.0000921096
0034 002095 -10864497.78977 0.0000884820
0035 002148 -10863572.90168 0.0000851294
0036 002202 -10862682.05205 0.0000820034
0037 002254 -10861823.45392 0.0000790411
0038 002307 -10860995.98701 0.0000761812
0039 002361 -10860199.09518 0.0000733719
0040 002413 -10859432.96531 0.0000705447
0041 002467 -10858698.92388 0.0000675948
0042 002521 -10857998.79257 0.0000644765
0043 002573 -10857333.80946 0.0000612436
0044 002627 -10856704.57938 0.0000579544
0045 002680 -10856110.90144 0.0000546831
0046 002733 -10855551.62354 0.0000515173
0047 002786 -10855024.94074 0.0000485174
0048 002839 -10854528.96548 0.0000456908
0049 002893 -10854062.04713 0.0000430160
0050 002946 -10853622.80424 0.0000404681
0051 002998 -10853210.28527 0.0000380075
0052 003051 -10852823.96077 0.0000355954
0053 003103 -10852463.40458 0.0000332223
0054 003157 -10852127.99053 0.0000309067
0055 003210 -10851816.80796 0.0000286748
0056 003263 -10851528.70206 0.0000265491
0057 003316 -10851262.30708 0.0000245491
0058 003369 -10851016.20661 0.0000226794
0059 003422 -10850789.03255 0.0000209357
0060 003476 -10850579.38717 0.0000193207
0061 003529 -10850385.78004 0.0000178430
0062 003582 -10850206.67168 0.0000165071
0063 003636 -10850040.58387 0.0000153073
0064 003697 -10849886.14360 0.0000142341
0065 003762 -10849742.02590 0.0000132829
0066 003814 -10849607.01369 0.0000124438
0067 003865 -10849480.34184 0.0000116752
0068 003915 -10849361.54537 0.0000109495
0069 003963 -10849249.95381 0.0000102855
0070 004011 -10849144.99780 0.0000096740
Start evaluating ...
  Columns 1 through 7

    0.0121    0.0134    0.0141    0.0150    0.0152    0.0156    0.0159

  Columns 8 through 10

    0.0164    0.0166    0.0170

    0.0042

Elapsed time is 4064.046192 seconds.
