nohup: ignoring input

                            < M A T L A B (R) >
                  Copyright 1984-2016 The MathWorks, Inc.
                   R2016a (9.0.0.341360) 64-bit (glnxa64)
                             February 11, 2016

 
To get started, type one of these: helpwin, helpdesk, or demo.
For product information, visit www.mathworks.com.
 

	Academic License

Start learning ...
Init data [Dtype: delicious - Dspec: sp3/1050]
Init social model
Using adagrad ...
Could not use CUDA
Params [lbd-U: 100.0000|lbd-V: 100.0000|lbd-N: 100.0000|lbd-Q: 0.0500]
Staring Sample 3 - Loc: save/ctrsmf/delicious-alg90-sp3-cold20170225185942611 
CTR-SMF Running ...

iter time likelihood converge
0001 000056 -10241329.51590 1.0000000000
0002 000105 -9971525.51059 0.0263446269
0003 000155 -9756615.40426 0.0215523799
0004 000204 -9691663.94416 0.0066571713
0005 000253 -9659834.76821 0.0032841807
0006 000303 -9635816.92635 0.0024863616
0007 000352 -9619221.97137 0.0017222157
0008 000401 -9608387.33956 0.0011263522
0009 000451 -9600590.06470 0.0008115071
0010 000500 -9594480.30266 0.0006363944
0011 000550 -9589382.89595 0.0005312853
0012 000599 -9584990.36356 0.0004580620
0013 000648 -9581143.09849 0.0004013843
0014 000697 -9577739.50524 0.0003552387
0015 000747 -9574706.21104 0.0003167025
0016 000796 -9571986.56700 0.0002840446
0017 000845 -9569535.11985 0.0002561064
0018 000895 -9567314.54928 0.0002320458
0019 000945 -9565293.59071 0.0002112357
0020 000994 -9563445.71600 0.0001931854
0021 001043 -9561748.39433 0.0001774801
0022 001092 -9560182.47033 0.0001637696
0023 001142 -9558731.50172 0.0001517721
0024 001191 -9557381.12357 0.0001412717
0025 001241 -9556118.58124 0.0001321013
0026 001290 -9554932.61942 0.0001241050
0027 001339 -9553813.65231 0.0001171088
0028 001388 -9552753.78244 0.0001109368
0029 001438 -9551746.82182 0.0001054105
0030 001487 -9550787.99349 0.0001003825
0031 001536 -9549873.59287 0.0000957409
0032 001586 -9549000.73612 0.0000913998
0033 001635 -9548167.04143 0.0000873070
0034 001684 -9547370.46383 0.0000834273
0035 001749 -9546609.31932 0.0000797229
0036 001837 -9545882.34932 0.0000761495
0037 001926 -9545188.71916 0.0000726628
0038 002016 -9544527.93368 0.0000692271
0039 002161 -9543899.68521 0.0000658229
0040 002306 -9543303.68428 0.0000624484
0041 002457 -9542739.48247 0.0000591202
0042 002607 -9542206.24099 0.0000558793
0043 002754 -9541702.56702 0.0000527838
0044 002903 -9541226.58111 0.0000498848
0045 003055 -9540776.15014 0.0000472089
0046 003205 -9540349.15736 0.0000447545
0047 003348 -9539943.73318 0.0000424957
0048 003484 -9539558.40803 0.0000403907
0049 003619 -9539192.16298 0.0000383922
0050 003753 -9538844.35049 0.0000364614
0051 003891 -9538514.50863 0.0000345788
0052 004026 -9538202.22221 0.0000327395
0053 004164 -9537907.11970 0.0000309390
0054 004299 -9537628.88650 0.0000291713
0055 004439 -9537367.20253 0.0000274370
0056 004576 -9537121.69909 0.0000257412
0057 004711 -9536892.03114 0.0000240815
0058 004849 -9536677.98253 0.0000224443
0059 004985 -9536479.47211 0.0000208155
0060 005124 -9536296.44426 0.0000191924
0061 005259 -9536128.69477 0.0000175906
0062 005398 -9535975.78068 0.0000160352
0063 005534 -9535837.04916 0.0000145482
0064 005671 -9535711.63198 0.0000131522
0065 005811 -9535598.45265 0.0000118690
0066 005955 -9535496.33159 0.0000107095
0067 006086 -9535404.12602 0.0000096697
Start evaluating ...
  Columns 1 through 7

    0.0061    0.0134    0.0188    0.0225    0.0260    0.0295    0.0322

  Columns 8 through 10

    0.0351    0.0378    0.0405

    0.0019

Elapsed time is 6195.051623 seconds.
