nohup: ignoring input

                            < M A T L A B (R) >
                  Copyright 1984-2016 The MathWorks, Inc.
                   R2016a (9.0.0.341360) 64-bit (glnxa64)
                             February 11, 2016

 
To get started, type one of these: helpwin, helpdesk, or demo.
For product information, visit www.mathworks.com.
 

	Academic License

Start learning ...
Init data [Dtype: delicious - Dspec: sp2/1050]
Init social model
Using adagrad ...
Could not use CUDA
Params [lbd-U: 1.0000|lbd-V: 10.0000|lbd-N: 1.0000|lbd-Q: 0.0500]
Staring Sample 2 - Loc: save/ctrsmf/delicious-alg90-sp2-cold20170225154206204 
CTR-SMF Running ...

iter time likelihood converge
0001 000057 -11674367.15080 1.0000000000
0002 000110 -11356649.82795 0.0272149504
0003 000171 -11111193.51704 0.0216134436
0004 000224 -11036923.36865 0.0066842638
0005 000287 -11000354.89055 0.0033132855
0006 000340 -10972960.42669 0.0024903255
0007 000433 -10954056.17800 0.0017228030
0008 000529 -10941687.37136 0.0011291531
0009 000623 -10932744.57404 0.0008173143
0010 000675 -10925695.73318 0.0006447458
0011 000740 -10919791.38264 0.0005404096
0012 000836 -10914693.89133 0.0004668122
0013 000932 -10910226.31861 0.0004093173
0014 001027 -10906273.62306 0.0003622927
0015 001122 -10902751.18190 0.0003229738
0016 001217 -10899592.78985 0.0002896876
0017 001311 -10896744.55045 0.0002613161
0018 001407 -10894161.84358 0.0002370164
0019 001502 -10891807.37218 0.0002161223
0020 001598 -10889649.76420 0.0001980946
0021 001693 -10887662.62251 0.0001824799
0022 001789 -10885823.93757 0.0001688778
0023 001885 -10884115.37652 0.0001569528
0024 001981 -10882521.18525 0.0001464695
0025 002078 -10881027.52975 0.0001372527
0026 002173 -10879622.34280 0.0001291410
0027 002268 -10878295.34135 0.0001219713
0028 002363 -10877038.03836 0.0001155790
0029 002459 -10875843.49330 0.0001098226
0030 002555 -10874705.80975 0.0001046065
0031 002651 -10873619.73221 0.0000998719
0032 002746 -10872580.49599 0.0000955741
0033 002842 -10871583.87742 0.0000916635
0034 002938 -10870626.28928 0.0000880818
0035 003033 -10869704.66156 0.0000847815
0036 003128 -10868816.48199 0.0000817115
0037 003223 -10867960.03729 0.0000787983
0038 003318 -10867134.45099 0.0000759652
0039 003413 -10866339.57042 0.0000731454
0040 003509 -10865576.07267 0.0000702626
0041 003604 -10864845.75726 0.0000672137
0042 003690 -10864150.70020 0.0000639730
0043 003757 -10863492.08614 0.0000606227
0044 003808 -10862870.18738 0.0000572467
0045 003857 -10862284.30282 0.0000539346
0046 003903 -10861732.77964 0.0000507741
0047 003949 -10861213.43279 0.0000478144
0048 003994 -10860724.15398 0.0000450483
0049 004039 -10860263.21659 0.0000424408
0050 004085 -10859829.23689 0.0000399603
0051 004129 -10859421.27128 0.0000375665
0052 004172 -10859038.80325 0.0000352199
0053 004216 -10858681.39716 0.0000329132
0054 004260 -10858348.37485 0.0000306688
0055 004304 -10858038.79242 0.0000285110
0056 004348 -10857751.57150 0.0000264524
0057 004391 -10857485.54050 0.0000245015
0058 004434 -10857239.49077 0.0000226618
0059 004478 -10857012.19835 0.0000209346
0060 004521 -10856802.36073 0.0000193274
0061 004566 -10856608.55621 0.0000178510
0062 004609 -10856429.30994 0.0000165103
0063 004653 -10856263.20905 0.0000152998
0064 004697 -10856108.91643 0.0000142123
0065 004741 -10855965.08012 0.0000132493
0066 004785 -10855830.31814 0.0000124136
0067 004829 -10855703.58349 0.0000116743
0068 004872 -10855584.39524 0.0000109793
0069 004913 -10855472.36734 0.0000103198
0070 004955 -10855367.22287 0.0000096858
Start evaluating ...
  Columns 1 through 7

    0.0080    0.0113    0.0130    0.0144    0.0154    0.0164    0.0173

  Columns 8 through 10

    0.0180    0.0188    0.0197

    0.0024

Elapsed time is 5012.202447 seconds.
