nohup: ignoring input

                            < M A T L A B (R) >
                  Copyright 1984-2016 The MathWorks, Inc.
                   R2016a (9.0.0.341360) 64-bit (glnxa64)
                             February 11, 2016

 
To get started, type one of these: helpwin, helpdesk, or demo.
For product information, visit www.mathworks.com.
 

	Academic License

Start learning ...
Init data [Dtype: delicious - Dspec: sp2/1050]
Init social model
Using adagrad ...
Could not use CUDA
Params [lbd-U: 0.0100|lbd-V: 0.1000|lbd-N: 0.0100|lbd-Q: 0.0500]
Staring Sample 2 - Loc: save/ctrsmf/delicious-alg90-sp2-cold20170225154205428 
CTR-SMF Running ...

iter time likelihood converge
0001 000067 -11661926.65209 1.0000000000
0002 000165 -11348547.37528 0.0268719986
0003 000246 -11104296.06160 0.0215226941
0004 000338 -11030249.26077 0.0066683021
0005 000393 -10993747.90143 0.0033092053
0006 000446 -10966364.36175 0.0024908284
0007 000498 -10947453.93752 0.0017244023
0008 000550 -10935072.70530 0.0011309691
0009 000603 -10926113.25039 0.0008193320
0010 000656 -10919044.02634 0.0006470026
0011 000709 -10913118.24987 0.0005427010
0012 000762 -10907999.94218 0.0004690051
0013 000815 -10903512.67677 0.0004113738
0014 000868 -10899541.54881 0.0003642063
0015 000921 -10896001.93291 0.0003247491
0016 000974 -10892827.57100 0.0002913327
0017 001027 -10889964.51045 0.0002628391
0018 001079 -10887368.08315 0.0002384239
0019 001132 -10885000.94104 0.0002174210
0020 001186 -10882831.64337 0.0001992924
0021 001239 -10880833.70249 0.0001835865
0022 001292 -10878985.00756 0.0001699038
0023 001345 -10877267.13462 0.0001579075
0024 001398 -10875664.27627 0.0001473586
0025 001450 -10874162.60212 0.0001380765
0026 001503 -10872750.09308 0.0001298959
0027 001556 -10871416.51912 0.0001226529
0028 001609 -10870153.41013 0.0001161862
0029 001662 -10868953.79017 0.0001103591
0030 001714 -10867811.68556 0.0001050795
0031 001767 -10866721.74348 0.0001002909
0032 001820 -10865679.10912 0.0000959475
0033 001873 -10864679.50731 0.0000919963
0034 001926 -10863719.36848 0.0000883725
0035 001979 -10862795.69687 0.0000850235
0036 002032 -10861906.02369 0.0000819009
0037 002084 -10861048.56367 0.0000789419
0038 002137 -10860222.19778 0.0000760853
0039 002190 -10859426.37082 0.0000732791
0040 002243 -10858661.27070 0.0000704549
0041 002296 -10857928.22525 0.0000675079
0042 002349 -10857229.05677 0.0000643924
0043 002401 -10856565.00382 0.0000611623
0044 002454 -10855936.67195 0.0000578758
0045 002507 -10855343.86092 0.0000546071
0046 002559 -10854785.41924 0.0000514439
0047 002612 -10854259.54284 0.0000484465
0048 002665 -10853764.34518 0.0000456224
0049 002734 -10853298.17649 0.0000429500
0050 002796 -10852859.65603 0.0000404043
0051 002849 -10852447.83307 0.0000379460
0052 002902 -10852062.17885 0.0000355362
0053 002955 -10851702.26761 0.0000331652
0054 003007 -10851367.47349 0.0000308518
0055 003060 -10851056.88629 0.0000286219
0056 003113 -10850769.35177 0.0000264983
0057 003165 -10850503.50488 0.0000245003
0058 003218 -10850257.92987 0.0000226326
0059 003270 -10850031.25905 0.0000208908
0060 003323 -10849822.09490 0.0000192777
0061 003376 -10849628.94776 0.0000178019
0062 003429 -10849450.28038 0.0000164676
0063 003481 -10849284.61871 0.0000152691
0064 003534 -10849130.59487 0.0000141967
0065 003587 -10848986.88714 0.0000132460
0066 003639 -10848852.27788 0.0000124075
0067 003701 -10848725.99886 0.0000116399
0068 003763 -10848607.58187 0.0000109153
0069 003817 -10848496.35572 0.0000102526
0070 003867 -10848391.75254 0.0000096422
Start evaluating ...
  Columns 1 through 7

    0.0119    0.0132    0.0140    0.0145    0.0150    0.0153    0.0155

  Columns 8 through 10

    0.0158    0.0160    0.0164

    0.0040

Elapsed time is 3925.983738 seconds.
