nohup: ignoring input

                            < M A T L A B (R) >
                  Copyright 1984-2016 The MathWorks, Inc.
                   R2016a (9.0.0.341360) 64-bit (glnxa64)
                             February 11, 2016

 
To get started, type one of these: helpwin, helpdesk, or demo.
For product information, visit www.mathworks.com.
 

	Academic License

Start learning ...
Init data [Dtype: delicious - Dspec: sp2/1050]
Init social model
Using adagrad ...
Could not use CUDA
Params [lbd-U: 1.0000|lbd-V: 0.0100|lbd-N: 1.0000|lbd-Q: 0.0500]
Staring Sample 2 - Loc: save/ctrsmf/delicious-alg90-sp2-cold20170225154205829 
CTR-SMF Running ...

iter time likelihood converge
0001 000078 -11671982.85882 1.0000000000
0002 000131 -11355866.78203 0.0270833226
0003 000183 -11110526.99768 0.0216046726
0004 000236 -11035539.67116 0.0067492142
0005 000288 -10998370.28985 0.0033681526
0006 000341 -10970520.01649 0.0025322182
0007 000393 -10951275.62910 0.0017541910
0008 000446 -10938648.03259 0.0011530708
0009 000498 -10929501.73212 0.0008361454
0010 000551 -10922287.54434 0.0006600656
0011 000610 -10916247.25139 0.0005530245
0012 000662 -10911037.17552 0.0004772772
0013 000729 -10906475.52053 0.0004180771
0014 000781 -10902443.51883 0.0003696888
0015 000834 -10898853.69109 0.0003292682
0016 000886 -10895637.62309 0.0002950831
0017 000939 -10892739.70409 0.0002659706
0018 000991 -10890113.97314 0.0002410533
0019 001044 -10887722.06321 0.0002196405
0020 001096 -10885531.72358 0.0002011752
0021 001148 -10883515.81812 0.0001851913
0022 001201 -10881651.71349 0.0001712778
0023 001253 -10879920.56224 0.0001590890
0024 001315 -10878306.21159 0.0001483789
0025 001368 -10876794.54764 0.0001389613
0026 001421 -10875373.31704 0.0001306663
0027 001473 -10874032.09503 0.0001233265
0028 001526 -10872762.24881 0.0001167779
0029 001578 -10871556.66617 0.0001108810
0030 001630 -10870409.25918 0.0001055421
0031 001683 -10869314.57912 0.0001007027
0032 001735 -10868267.69065 0.0000963160
0033 001788 -10867264.25082 0.0000923275
0034 001840 -10866300.63306 0.0000886716
0035 001893 -10865373.79362 0.0000852948
0036 001945 -10864481.22330 0.0000821481
0037 001998 -10863621.10262 0.0000791681
0038 002050 -10862792.28350 0.0000762931
0039 002103 -10861994.18604 0.0000734707
0040 002155 -10861226.97693 0.0000706324
0041 002208 -10860491.96552 0.0000676730
0042 002260 -10859790.95891 0.0000645465
0043 002313 -10859125.18284 0.0000613065
0044 002366 -10858495.23170 0.0000580112
0045 002418 -10857900.89572 0.0000547347
0046 002471 -10857341.01516 0.0000515643
0047 002523 -10856813.77860 0.0000485604
0048 002575 -10856317.29293 0.0000457303
0049 002628 -10855849.90255 0.0000430524
0050 002680 -10855410.22156 0.0000405018
0051 002733 -10854997.29455 0.0000380388
0052 002785 -10854610.58877 0.0000356247
0053 002837 -10854249.67521 0.0000332498
0054 002912 -10853913.92515 0.0000309326
0055 002964 -10853602.42570 0.0000286993
0056 003017 -10853314.02000 0.0000265723
0057 003069 -10853047.34037 0.0000245713
0058 003122 -10852800.96850 0.0000227007
0059 003174 -10852573.53430 0.0000209563
0060 003226 -10852363.63834 0.0000193407
0061 003279 -10852169.78991 0.0000178623
0062 003331 -10851990.45206 0.0000165255
0063 003384 -10851824.15186 0.0000153244
0064 003436 -10851669.52131 0.0000142493
0065 003489 -10851525.23581 0.0000132962
0066 003541 -10851390.07335 0.0000124556
0067 003593 -10851263.26240 0.0000116861
0068 003646 -10851144.33280 0.0000109600
0069 003700 -10851032.61218 0.0000102957
0070 003761 -10850927.53192 0.0000096839
Start evaluating ...
  Columns 1 through 7

    0.0119    0.0135    0.0145    0.0150    0.0154    0.0159    0.0161

  Columns 8 through 10

    0.0168    0.0170    0.0175

    0.0039

Elapsed time is 3817.641333 seconds.
