nohup: ignoring input

                            < M A T L A B (R) >
                  Copyright 1984-2016 The MathWorks, Inc.
                   R2016a (9.0.0.341360) 64-bit (glnxa64)
                             February 11, 2016

 
To get started, type one of these: helpwin, helpdesk, or demo.
For product information, visit www.mathworks.com.
 

	Academic License

Start learning ...
Init data [Dtype: delicious - Dspec: sp3/1050]
Init social model
Using adagrad ...
Could not use CUDA
Params [lbd-U: 0.0100|lbd-V: 1.0000|lbd-N: 0.0100|lbd-Q: 0.0500]
Staring Sample 3 - Loc: save/ctrsmf/delicious-alg90-sp3-cold20170225185942442 
CTR-SMF Running ...

iter time likelihood converge
0001 000055 -10225498.20972 1.0000000000
0002 000105 -9956567.09344 0.0263000502
0003 000154 -9741469.45244 0.0216035948
0004 000204 -9676442.39880 0.0066752818
0005 000253 -9644307.70346 0.0033209204
0006 000303 -9620023.64413 0.0025179681
0007 000352 -9603335.02063 0.0017347799
0008 000401 -9592433.12382 0.0011352199
0009 000450 -9584557.79371 0.0008209940
0010 000500 -9578364.74506 0.0006461486
0011 000549 -9573184.78139 0.0005407983
0012 000599 -9568714.50159 0.0004669585
0013 000654 -9564794.42951 0.0004096759
0014 000703 -9561322.25894 0.0003630157
0015 000752 -9558224.09930 0.0003240305
0016 000801 -9555442.85731 0.0002909789
0017 000850 -9552932.71986 0.0002626919
0018 000900 -9550656.05607 0.0002383209
0019 000949 -9548581.24962 0.0002172423
0020 000998 -9546681.35022 0.0001989719
0021 001048 -9544933.38985 0.0001830961
0022 001097 -9543317.83635 0.0001692577
0023 001146 -9541817.98574 0.0001571624
0024 001195 -9540419.38054 0.0001465764
0025 001244 -9539109.38285 0.0001373103
0026 001294 -9537876.97221 0.0001291956
0027 001343 -9536712.78269 0.0001220596
0028 001392 -9535609.32761 0.0001157060
0029 001441 -9534561.03257 0.0001099348
0030 001491 -9533563.66588 0.0001046054
0031 001540 -9532613.80167 0.0000996337
0032 001589 -9531708.57580 0.0000949609
0033 001647 -9530845.47966 0.0000905500
0034 001710 -9530022.23586 0.0000863768
0035 001761 -9529236.77946 0.0000824192
0036 001810 -9528487.27796 0.0000786528
0037 001860 -9527772.15825 0.0000750507
0038 001909 -9527090.14763 0.0000715813
0039 001958 -9526440.31809 0.0000682086
0040 002029 -9525822.10385 0.0000648946
0041 002179 -9525235.22361 0.0000616094
0042 002320 -9524679.43557 0.0000583490
0043 002466 -9524154.22071 0.0000551425
0044 002608 -9523658.64905 0.0000520331
0045 002753 -9523191.45838 0.0000490558
0046 002894 -9522751.18855 0.0000462313
0047 003035 -9522336.29034 0.0000435692
0048 003182 -9521945.23052 0.0000410676
0049 003330 -9521576.62585 0.0000387111
0050 003468 -9521229.36104 0.0000364714
0051 003609 -9520902.61639 0.0000343175
0052 003749 -9520595.79881 0.0000322257
0053 003889 -9520308.39614 0.0000301875
0054 004029 -9520039.78418 0.0000282146
0055 004169 -9519789.09358 0.0000263329
0056 004310 -9519555.22669 0.0000245664
0057 004449 -9519337.01955 0.0000229220
0058 004593 -9519133.44439 0.0000213854
0059 004731 -9518943.72323 0.0000199305
0060 004872 -9518767.31176 0.0000185327
0061 005011 -9518603.75955 0.0000171821
0062 005152 -9518452.58653 0.0000158818
0063 005291 -9518313.24910 0.0000146387
0064 005431 -9518185.13281 0.0000134600
0065 005571 -9518067.55658 0.0000123528
0066 005711 -9517959.81221 0.0000113200
0067 005848 -9517861.21961 0.0000103586
0068 005982 -9517771.13168 0.0000094651
Start evaluating ...
  Columns 1 through 7

    0.0108    0.0121    0.0127    0.0131    0.0134    0.0139    0.0143

  Columns 8 through 10

    0.0146    0.0148    0.0152

    0.0041

Elapsed time is 6096.567564 seconds.
