nohup: ignoring input

                            < M A T L A B (R) >
                  Copyright 1984-2016 The MathWorks, Inc.
                   R2016a (9.0.0.341360) 64-bit (glnxa64)
                             February 11, 2016

 
To get started, type one of these: helpwin, helpdesk, or demo.
For product information, visit www.mathworks.com.
 

	Academic License

Start learning ...
Init data [Dtype: delicious - Dspec: sp3/1050]
Init social model
Using adagrad ...
Could not use CUDA
Params [lbd-U: 10.0000|lbd-V: 0.0100|lbd-N: 10.0000|lbd-Q: 0.0500]
Staring Sample 3 - Loc: save/ctrsmf/delicious-alg90-sp3-cold20170225185942333 
CTR-SMF Running ...

iter time likelihood converge
0001 000055 -10240130.62404 1.0000000000
0002 000104 -9966966.56852 0.0266758370
0003 000153 -9749755.96406 0.0217930504
0004 000202 -9684192.88329 0.0067245869
0005 000251 -9651852.61145 0.0033394907
0006 000300 -9627460.00625 0.0025272459
0007 000348 -9610699.09275 0.0017409486
0008 000397 -9599739.35717 0.0011403682
0009 000446 -9591813.58927 0.0008256232
0010 000495 -9585575.28673 0.0006503778
0011 000544 -9580354.54013 0.0005446461
0012 000593 -9575847.59034 0.0004704366
0013 000641 -9571894.59723 0.0004128087
0014 000690 -9568392.86362 0.0003658350
0015 000739 -9565268.11189 0.0003265702
0016 000788 -9562462.89143 0.0002932715
0017 000838 -9559931.07432 0.0002647662
0018 000887 -9557634.75821 0.0002402022
0019 000935 -9555542.09483 0.0002189520
0020 000984 -9553625.93547 0.0002005286
0021 001033 -9551863.14042 0.0001845158
0022 001082 -9550234.02881 0.0001705543
0023 001131 -9548721.77049 0.0001583478
0024 001179 -9547311.80575 0.0001476600
0025 001228 -9545991.41833 0.0001382994
0026 001277 -9544749.52884 0.0001300954
0027 001326 -9543576.72671 0.0001228741
0028 001375 -9542465.49213 0.0001164380
0029 001424 -9541410.21952 0.0001105870
0030 001472 -9540406.62415 0.0001051831
0031 001521 -9539451.18732 0.0001001463
0032 001570 -9538540.90697 0.0000954227
0033 001619 -9537673.10593 0.0000909784
0034 001668 -9536845.34478 0.0000867886
0035 001717 -9536055.45010 0.0000828256
0036 001766 -9535301.56566 0.0000790562
0037 001815 -9534582.16851 0.0000754457
0038 001864 -9533896.06090 0.0000719599
0039 001913 -9533242.36656 0.0000685653
0040 001962 -9532620.53346 0.0000652279
0041 002024 -9532030.27025 0.0000619204
0042 002172 -9531471.32369 0.0000586388
0043 002321 -9530943.17817 0.0000554107
0044 002471 -9530444.92270 0.0000522777
0045 002618 -9529975.31217 0.0000492748
0046 002768 -9529532.88389 0.0000464249
0047 002919 -9529116.06669 0.0000437395
0048 003070 -9528723.29721 0.0000412178
0049 003222 -9528353.15834 0.0000388445
0050 003365 -9528004.49432 0.0000365923
0051 003500 -9527676.43862 0.0000344307
0052 003638 -9527368.34822 0.0000323364
0053 003775 -9527079.66478 0.0000303004
0054 003909 -9526809.73697 0.0000283327
0055 004043 -9526557.70655 0.0000264549
0056 004177 -9526322.53471 0.0000246859
0057 004311 -9526103.15356 0.0000230289
0058 004447 -9525898.63317 0.0000214695
0059 004581 -9525708.22989 0.0000199880
0060 004718 -9525531.32275 0.0000185715
0061 004852 -9525367.31692 0.0000172175
0062 004988 -9525215.59995 0.0000159277
0063 005124 -9525075.56156 0.0000147019
0064 005260 -9524946.60931 0.0000135382
0065 005398 -9524828.15292 0.0000124364
0066 005534 -9524719.58573 0.0000113983
0067 005671 -9524620.28474 0.0000104256
0068 005808 -9524529.60164 0.0000095209
Start evaluating ...
  Columns 1 through 7

    0.0098    0.0116    0.0121    0.0123    0.0125    0.0128    0.0130

  Columns 8 through 10

    0.0133    0.0135    0.0136

    0.0032

Elapsed time is 5940.610439 seconds.
