nohup: ignoring input

                            < M A T L A B (R) >
                  Copyright 1984-2016 The MathWorks, Inc.
                   R2016a (9.0.0.341360) 64-bit (glnxa64)
                             February 11, 2016

 
To get started, type one of these: helpwin, helpdesk, or demo.
For product information, visit www.mathworks.com.
 

	Academic License

Start learning ...
Init data [Dtype: delicious - Dspec: sp3/1050]
Init social model
Using adagrad ...
Could not use CUDA
Params [lbd-U: 0.0100|lbd-V: 1.0000|lbd-N: 0.0100|lbd-Q: 0.0100]
Staring Sample 3 - Loc: save/ctrsmf/delicious-alg90-sp3-cold20170226131113998 
CTR-SMF Running ...

iter time likelihood converge
0001 000162 -10225755.27769 1.0000000000
0002 000307 -9957418.07166 0.0262413092
0003 000450 -9742280.84929 0.0216057236
0004 000590 -9677254.70542 0.0066746324
0005 000730 -9645111.63110 0.0033215075
0006 000871 -9620824.81497 0.0025180441
0007 001007 -9604135.65475 0.0017346912
0008 001146 -9593234.21099 0.0011350781
0009 001285 -9585359.10182 0.0008209024
0010 001426 -9579166.02501 0.0006460975
0011 001565 -9573985.83036 0.0005407772
0012 001705 -9569515.13784 0.0004669625
0013 001850 -9565594.48001 0.0004097029
0014 001993 -9562121.55628 0.0003630641
0015 002133 -9559022.48285 0.0003240989
0016 002279 -9556240.17590 0.0002910661
0017 002422 -9553728.83426 0.0002627960
0018 002566 -9551450.84064 0.0002384403
0019 002710 -9549374.59305 0.0002173751
0020 002854 -9547473.15575 0.0001991164
0021 002995 -9545723.57482 0.0001832507
0022 003136 -9544106.33157 0.0001694207
0023 003279 -9542604.73454 0.0001573324
0024 003423 -9541204.33785 0.0001467520
0025 003565 -9539892.51431 0.0001374904
0026 003708 -9538658.25335 0.0001293789
0027 003851 -9537492.19814 0.0001222452
0028 003995 -9536386.86999 0.0001158930
0029 004137 -9535336.70146 0.0001101223
0030 004279 -9534337.46707 0.0001047928
0031 004420 -9533385.74632 0.0000998203
0032 004565 -9532478.67962 0.0000951463
0033 004703 -9531613.76237 0.0000907337
0034 004842 -9530788.72064 0.0000865585
0035 004982 -9530001.49237 0.0000825984
0036 005121 -9529250.24733 0.0000788295
0037 005259 -9528533.41411 0.0000752245
0038 005399 -9527849.72104 0.0000717522
0039 005540 -9527198.24065 0.0000683764
0040 005679 -9526578.40777 0.0000650593
0041 005817 -9525989.94253 0.0000617709
0042 005957 -9525432.60517 0.0000585070
0043 006097 -9524905.87808 0.0000552969
0044 006234 -9524408.83150 0.0000521839
0045 006376 -9523940.20273 0.0000492029
0046 006517 -9523498.53122 0.0000463749
0047 006659 -9523082.26758 0.0000437091
0048 006803 -9522689.87837 0.0000412040
0049 006943 -9522319.98014 0.0000388439
0050 007086 -9521971.45732 0.0000366006
0051 007225 -9521643.49013 0.0000344432
0052 007366 -9521335.48577 0.0000323478
0053 007503 -9521046.93277 0.0000303059
0054 007641 -9520777.20745 0.0000283294
0055 007779 -9520525.44026 0.0000264440
0056 007917 -9520290.53286 0.0000246738
0057 008056 -9520071.32024 0.0000230258
0058 008195 -9519866.77338 0.0000214859
0059 008336 -9519676.11295 0.0000200276
0060 008475 -9519498.79286 0.0000186267
0061 008618 -9519334.36077 0.0000172732
0062 008758 -9519182.33493 0.0000159702
0063 008898 -9519042.17064 0.0000147244
0064 009038 -9518913.25307 0.0000135431
0065 009182 -9518794.90151 0.0000124333
0066 009319 -9518686.40871 0.0000113977
0067 009441 -9518587.09580 0.0000104335
0068 009551 -9518496.31678 0.0000095370
Start evaluating ...
  Columns 1 through 7

    0.0107    0.0116    0.0118    0.0128    0.0130    0.0136    0.0139

  Columns 8 through 10

    0.0144    0.0150    0.0154

    0.0041

Elapsed time is 9661.850701 seconds.
