nohup: ignoring input

                            < M A T L A B (R) >
                  Copyright 1984-2016 The MathWorks, Inc.
                   R2016a (9.0.0.341360) 64-bit (glnxa64)
                             February 11, 2016

 
To get started, type one of these: helpwin, helpdesk, or demo.
For product information, visit www.mathworks.com.
 

	Academic License

Start learning ...
Init data [Dtype: delicious - Dspec: sp3/1050]
Init social model
Using adagrad ...
Could not use CUDA
Params [lbd-U: 10.0000|lbd-V: 0.0100|lbd-N: 10.0000|lbd-Q: 0.0100]
Staring Sample 3 - Loc: save/ctrsmf/delicious-alg90-sp3-cold20170226131113247 
CTR-SMF Running ...

iter time likelihood converge
0001 000155 -10240828.10553 1.0000000000
0002 000295 -9970387.03605 0.0264081251
0003 000434 -9755364.39835 0.0215661275
0004 000569 -9690343.56245 0.0066651366
0005 000707 -9658190.10657 0.0033180925
0006 000847 -9633884.34274 0.0025165961
0007 000982 -9617174.06862 0.0017345313
0008 001120 -9606248.83376 0.0011360130
0009 001259 -9598348.46911 0.0008224193
0010 001397 -9592129.19762 0.0006479522
0011 001535 -9586922.44974 0.0005428146
0012 001678 -9582425.38431 0.0004690833
0013 001820 -9578478.92536 0.0004118434
0014 001959 -9574981.03693 0.0003651820
0015 002100 -9571858.00101 0.0003261663
0016 002242 -9569052.82516 0.0002930649
0017 002382 -9566519.74603 0.0002647158
0018 002523 -9564221.14541 0.0002402755
0019 002663 -9562125.39357 0.0002191242
0020 002803 -9560205.50894 0.0002007801
0021 002943 -9558438.47962 0.0001848317
0022 003086 -9556804.72300 0.0001709230
0023 003227 -9555287.48519 0.0001587599
0024 003374 -9553872.26664 0.0001481084
0025 003517 -9552546.39924 0.0001387780
0026 003656 -9551298.84295 0.0001305993
0027 003795 -9550120.21992 0.0001233992
0028 003934 -9549003.03780 0.0001169809
0029 004076 -9547941.71437 0.0001111449
0030 004217 -9546931.98523 0.0001057536
0031 004360 -9545970.34953 0.0001007272
0032 004499 -9545053.82099 0.0000960121
0033 004641 -9544179.73660 0.0000915746
0034 004778 -9543345.66958 0.0000873901
0035 004918 -9542549.45781 0.0000834311
0036 005057 -9541789.25528 0.0000796645
0037 005194 -9541063.54822 0.0000760557
0038 005332 -9540371.14710 0.0000725706
0039 005469 -9539711.18287 0.0000691759
0040 005607 -9539083.10991 0.0000658377
0041 005745 -9538486.64303 0.0000625287
0042 005881 -9537921.53514 0.0000592450
0043 006020 -9537387.27625 0.0000560142
0044 006159 -9536882.95978 0.0000528778
0045 006295 -9536407.34386 0.0000498712
0046 006433 -9535958.96846 0.0000470172
0047 006572 -9535536.26497 0.0000443273
0048 006710 -9535137.67250 0.0000418007
0049 006846 -9534761.77599 0.0000394222
0050 006983 -9534407.42138 0.0000371645
0051 007120 -9534073.74355 0.0000349972
0052 007259 -9533760.10088 0.0000328970
0053 007397 -9533465.93636 0.0000308550
0054 007533 -9533190.59978 0.0000288811
0055 007670 -9532933.23350 0.0000269969
0056 007809 -9532692.79891 0.0000252215
0057 007950 -9532468.22805 0.0000235580
0058 008087 -9532258.59072 0.0000219919
0059 008225 -9532063.14285 0.0000205038
0060 008361 -9531881.26293 0.0000190809
0061 008498 -9531712.35552 0.0000177203
0062 008636 -9531555.80758 0.0000164239
0063 008772 -9531411.00833 0.0000151916
0064 008909 -9531277.36487 0.0000140214
0065 009048 -9531154.28657 0.0000129131
0066 009188 -9531041.16646 0.0000118685
0067 009317 -9530937.38120 0.0000108892
0068 009438 -9530842.28190 0.0000099780
Start evaluating ...
  Columns 1 through 7

    0.0103    0.0115    0.0118    0.0122    0.0124    0.0125    0.0127

  Columns 8 through 10

    0.0128    0.0129    0.0131

    0.0037

Elapsed time is 9563.054389 seconds.
