nohup: ignoring input

                            < M A T L A B (R) >
                  Copyright 1984-2016 The MathWorks, Inc.
                   R2016a (9.0.0.341360) 64-bit (glnxa64)
                             February 11, 2016

 
To get started, type one of these: helpwin, helpdesk, or demo.
For product information, visit www.mathworks.com.
 

	Academic License

Start learning ...
Init data [Dtype: delicious - Dspec: sp2/1050]
Init social model
Using adagrad ...
Could not use CUDA
Params [lbd-U: 100.0000|lbd-V: 0.1000|lbd-N: 100.0000|lbd-Q: 0.0500]
Staring Sample 2 - Loc: save/ctrsmf/delicious-alg90-sp2-cold20170225154206116 
CTR-SMF Running ...

iter time likelihood converge
0001 000066 -11679115.64992 1.0000000000
0002 000118 -11367011.08580 0.0267233045
0003 000182 -11122448.59453 0.0215151098
0004 000244 -11048000.62051 0.0066934878
0005 000297 -11011403.41326 0.0033125638
0006 000349 -10984015.11786 0.0024872666
0007 000401 -10965125.56922 0.0017197308
0008 000454 -10952770.63100 0.0011267484
0009 000506 -10943836.08749 0.0008157336
0010 000558 -10936788.38832 0.0006439880
0011 000610 -10930880.41631 0.0005401926
0012 000663 -10925776.36477 0.0004669387
0013 000715 -10921300.07528 0.0004096999
0014 000767 -10917336.87735 0.0003628870
0015 000819 -10913802.31544 0.0003237568
0016 000872 -10910630.24287 0.0002906478
0017 000924 -10907766.78208 0.0002624469
0018 000976 -10905167.33302 0.0002383118
0019 001028 -10902794.63921 0.0002175752
0020 001080 -10900617.39997 0.0001996955
0021 001132 -10898609.32908 0.0001842163
0022 001184 -10896748.57815 0.0001707329
0023 001237 -10895017.03819 0.0001589043
0024 001289 -10893399.26046 0.0001484879
0025 001341 -10891881.81135 0.0001392999
0026 001393 -10890453.10021 0.0001311721
0027 001445 -10889103.34154 0.0001239396
0028 001497 -10887824.49658 0.0001174426
0029 001549 -10886609.96894 0.0001115492
0030 001601 -10885454.07668 0.0001061756
0031 001653 -10884351.64964 0.0001012752
0032 001705 -10883297.90602 0.0000968127
0033 001758 -10882288.55110 0.0000927435
0034 001810 -10881319.92999 0.0000890090
0035 001862 -10880388.92364 0.0000855601
0036 001914 -10879492.92495 0.0000823499
0037 001966 -10878630.01169 0.0000793156
0038 002018 -10877798.93901 0.0000763950
0039 002070 -10876999.04115 0.0000735349
0040 002122 -10876230.41103 0.0000706656
0041 002174 -10875494.29569 0.0000676811
0042 002227 -10874792.45066 0.0000645345
0043 002279 -10874126.05896 0.0000612786
0044 002331 -10873495.67939 0.0000579706
0045 002383 -10872901.07259 0.0000546841
0046 002435 -10872341.05389 0.0000515059
0047 002487 -10871813.79041 0.0000484959
0048 002539 -10871317.37024 0.0000456612
0049 002592 -10870850.12156 0.0000429800
0050 002644 -10870410.64462 0.0000404271
0051 002696 -10869997.97238 0.0000379629
0052 002748 -10869611.56270 0.0000355483
0053 002800 -10869250.97911 0.0000331735
0054 002852 -10868915.58693 0.0000308570
0055 002905 -10868604.46837 0.0000286246
0056 002957 -10868316.46259 0.0000264989
0057 003009 -10868050.19870 0.0000244991
0058 003062 -10867804.25578 0.0000226299
0059 003114 -10867577.26193 0.0000208868
0060 003166 -10867367.81655 0.0000192725
0061 003218 -10867174.42697 0.0000177954
0062 003271 -10866995.55138 0.0000164602
0063 003323 -10866829.70845 0.0000152612
0064 003375 -10866675.52104 0.0000141888
0065 003427 -10866531.65925 0.0000132388
0066 003480 -10866396.90133 0.0000124012
0067 003532 -10866270.48030 0.0000116341
0068 003584 -10866151.93407 0.0000109096
0069 003636 -10866040.59670 0.0000102463
0070 003690 -10865935.90230 0.0000096350
Start evaluating ...
  Columns 1 through 7

    0.0029    0.0043    0.0055    0.0071    0.0079    0.0086    0.0092

  Columns 8 through 10

    0.0097    0.0100    0.0106

   8.6723e-04

Elapsed time is 3755.690571 seconds.
