nohup: ignoring input

                            < M A T L A B (R) >
                  Copyright 1984-2016 The MathWorks, Inc.
                   R2016a (9.0.0.341360) 64-bit (glnxa64)
                             February 11, 2016

 
To get started, type one of these: helpwin, helpdesk, or demo.
For product information, visit www.mathworks.com.
 

	Academic License

Start learning ...
Init data [Dtype: delicious - Dspec: sp3/1050]
Init social model
Using adagrad ...
Could not use CUDA
Params [lbd-U: 10.0000|lbd-V: 100.0000|lbd-N: 10.0000|lbd-Q: 0.0100]
Staring Sample 3 - Loc: save/ctrsmf/delicious-alg90-sp3-cold20170226131113192 
CTR-SMF Running ...

iter time likelihood converge
0001 000155 -10241095.48856 1.0000000000
0002 000295 -9971126.29551 0.0263613588
0003 000437 -9756356.74450 0.0215391466
0004 000574 -9691741.56487 0.0066228800
0005 000711 -9659995.47408 0.0032755816
0006 000847 -9635988.62214 0.0024851825
0007 000983 -9619397.34256 0.0017218036
0008 001119 -9608565.03416 0.0011260901
0009 001256 -9600769.36850 0.0008113247
0010 001394 -9594660.72770 0.0006362658
0011 001532 -9589564.11101 0.0005311930
0012 001674 -9585172.14703 0.0004579941
0013 001814 -9581325.30162 0.0004013329
0014 001960 -9577922.02667 0.0003551988
0015 002101 -9574888.98022 0.0003166706
0016 002245 -9572169.53364 0.0002840186
0017 002387 -9569718.24717 0.0002560847
0018 002531 -9567497.80960 0.0002320275
0019 002672 -9565476.96246 0.0002112200
0020 002813 -9563629.18187 0.0001931718
0021 002950 -9561931.94014 0.0001774684
0022 003088 -9560366.08426 0.0001637594
0023 003229 -9558915.17381 0.0001517631
0024 003368 -9557564.84536 0.0001412638
0025 003507 -9556302.34555 0.0001320943
0026 003647 -9555116.41998 0.0001240988
0027 003787 -9553997.48352 0.0001171034
0028 003928 -9552937.63907 0.0001109320
0029 004068 -9551930.69885 0.0001054063
0030 004212 -9550971.88609 0.0001003789
0031 004354 -9550057.49628 0.0000957379
0032 004496 -9549184.64581 0.0000913974
0033 004636 -9548350.95349 0.0000873051
0034 004771 -9547554.37557 0.0000834257
0035 004908 -9546793.22954 0.0000797216
0036 005047 -9546066.25790 0.0000761483
0037 005186 -9545372.62594 0.0000726615
0038 005323 -9544711.83748 0.0000692261
0039 005459 -9544083.58370 0.0000658222
0040 005597 -9543487.57473 0.0000624480
0041 005737 -9542923.36240 0.0000591201
0042 005876 -9542390.10849 0.0000558795
0043 006013 -9541886.42073 0.0000527842
0044 006152 -9541410.42027 0.0000498854
0045 006289 -9540959.97440 0.0000472096
0046 006426 -9540532.96663 0.0000447552
0047 006569 -9540127.52738 0.0000424965
0048 006710 -9539742.18711 0.0000403915
0049 006849 -9539375.92702 0.0000383931
0050 006990 -9539028.09970 0.0000364623
0051 007128 -9538698.24326 0.0000345797
0052 007264 -9538385.94249 0.0000327404
0053 007404 -9538090.82593 0.0000309399
0054 007542 -9537812.57902 0.0000291722
0055 007679 -9537550.88176 0.0000274379
0056 007815 -9537305.36553 0.0000257421
0057 007955 -9537075.68531 0.0000240823
0058 008094 -9536861.62493 0.0000224451
0059 008234 -9536663.10330 0.0000208162
0060 008373 -9536480.06503 0.0000191931
0061 008510 -9536312.30631 0.0000175913
0062 008648 -9536159.38458 0.0000160357
0063 008787 -9536020.64741 0.0000145485
0064 008926 -9535895.22683 0.0000131523
0065 009066 -9535782.04615 0.0000118689
0066 009209 -9535679.92517 0.0000107092
0067 009335 -9535587.72035 0.0000096695
Start evaluating ...
  Columns 1 through 7

    0.0056    0.0116    0.0163    0.0195    0.0224    0.0248    0.0275

  Columns 8 through 10

    0.0293    0.0309    0.0328

    0.0016

Elapsed time is 9453.154251 seconds.
