nohup: ignoring input

                            < M A T L A B (R) >
                  Copyright 1984-2016 The MathWorks, Inc.
                   R2016a (9.0.0.341360) 64-bit (glnxa64)
                             February 11, 2016

 
To get started, type one of these: helpwin, helpdesk, or demo.
For product information, visit www.mathworks.com.
 

	Academic License

Start learning ...
Init data [Dtype: delicious - Dspec: sp2/1050]
Init social model
Using adagrad ...
Could not use CUDA
Params [lbd-U: 1.0000|lbd-V: 0.1000|lbd-N: 1.0000|lbd-Q: 0.0500]
Staring Sample 2 - Loc: save/ctrsmf/delicious-alg90-sp2-cold20170225154205687 
CTR-SMF Running ...

iter time likelihood converge
0001 000055 -11673790.64862 1.0000000000
0002 000107 -11351253.85474 0.0276291398
0003 000159 -11106772.26880 0.0215378485
0004 000211 -11032725.76781 0.0066667884
0005 000263 -10996218.71695 0.0033089784
0006 000316 -10968825.73349 0.0024911276
0007 000368 -10949904.90640 0.0017249638
0008 000420 -10937513.43603 0.0011316510
0009 000472 -10928544.29205 0.0008200350
0010 000524 -10921466.03826 0.0006476850
0011 000576 -10915531.88396 0.0005433478
0012 000628 -10910405.79266 0.0004696144
0013 000680 -10905911.26796 0.0004119484
0014 000733 -10901933.33783 0.0003647499
0015 000785 -10898387.31657 0.0003252654
0016 000837 -10895206.89353 0.0002918251
0017 000889 -10892338.07159 0.0002633105
0018 000941 -10889736.14596 0.0002388767
0019 000993 -10887363.73909 0.0002178571
0020 001045 -10885189.38734 0.0001997133
0021 001097 -10883186.58607 0.0001839932
0022 001149 -10881333.21208 0.0001702970
0023 001202 -10879610.83204 0.0001582876
0024 001254 -10878003.63075 0.0001477260
0025 001306 -10876497.77089 0.0001384316
0026 001358 -10875081.22699 0.0001302390
0027 001410 -10873743.76266 0.0001229843
0028 001462 -10872476.90094 0.0001165065
0029 001514 -10871273.65862 0.0001106686
0030 001566 -10870128.05504 0.0001053790
0031 001618 -10869034.73145 0.0001005806
0032 001670 -10867988.82824 0.0000962278
0033 001722 -10866986.06605 0.0000922675
0034 001774 -10866022.87132 0.0000886349
0035 001826 -10865096.24471 0.0000852774
0036 001878 -10864203.71453 0.0000821466
0037 001930 -10863343.49263 0.0000791795
0038 001982 -10862514.45631 0.0000763150
0039 002034 -10861716.04640 0.0000735014
0040 002086 -10860948.44704 0.0000706702
0041 002138 -10860212.98273 0.0000677164
0042 002190 -10859511.47317 0.0000645945
0043 002242 -10858845.15521 0.0000613580
0044 002294 -10858214.63317 0.0000580653
0045 002345 -10857619.70561 0.0000547906
0046 002397 -10857059.21966 0.0000516214
0047 002449 -10856531.37009 0.0000486181
0048 002501 -10856034.26935 0.0000457882
0049 002553 -10855566.26531 0.0000431100
0050 002605 -10855125.97377 0.0000405591
0051 002657 -10854712.44053 0.0000380957
0052 002709 -10854325.13324 0.0000356810
0053 002761 -10853963.62210 0.0000333057
0054 002813 -10853627.27694 0.0000309882
0055 002865 -10853315.18395 0.0000287547
0056 002921 -10853026.18705 0.0000266275
0057 002973 -10852758.92227 0.0000246258
0058 003025 -10852511.97822 0.0000227540
0059 003077 -10852283.99338 0.0000210076
0060 003129 -10852073.57566 0.0000193893
0061 003181 -10851879.23730 0.0000179079
0062 003233 -10851699.43890 0.0000165684
0063 003285 -10851532.70082 0.0000153652
0064 003337 -10851377.64622 0.0000142887
0065 003389 -10851232.94373 0.0000133349
0066 003441 -10851097.37271 0.0000124936
0067 003493 -10850970.17084 0.0000117225
0068 003545 -10850850.87132 0.0000109944
0069 003597 -10850738.79986 0.0000103284
0070 003649 -10850633.38539 0.0000097150
Start evaluating ...
  Columns 1 through 7

    0.0122    0.0135    0.0142    0.0150    0.0155    0.0157    0.0159

  Columns 8 through 10

    0.0163    0.0165    0.0169

    0.0039

Elapsed time is 3717.827100 seconds.
