nohup: ignoring input

                            < M A T L A B (R) >
                  Copyright 1984-2016 The MathWorks, Inc.
                   R2016a (9.0.0.341360) 64-bit (glnxa64)
                             February 11, 2016

 
To get started, type one of these: helpwin, helpdesk, or demo.
For product information, visit www.mathworks.com.
 

	Academic License

Start learning ...
Init data [Dtype: delicious - Dspec: sp2/1050]
Init social model
Using adagrad ...
Could not use CUDA
Params [lbd-U: 0.0100|lbd-V: 1.0000|lbd-N: 0.0100|lbd-Q: 0.0500]
Staring Sample 2 - Loc: save/ctrsmf/delicious-alg90-sp2-cold20170225154205871 
CTR-SMF Running ...

iter time likelihood converge
0001 000055 -11662002.88904 1.0000000000
0002 000107 -11348641.85849 0.0268702584
0003 000160 -11104400.47166 0.0215216402
0004 000212 -11030364.21363 0.0066672900
0005 000265 -10993875.44737 0.0033080291
0006 000317 -10966501.89936 0.0024898907
0007 000370 -10947599.15044 0.0017236808
0008 000437 -10935226.16499 0.0011302008
0009 000489 -10926274.98007 0.0008185642
0010 000560 -10919213.55469 0.0006462793
0011 000635 -10913294.99629 0.0005420316
0012 000688 -10908183.29763 0.0004683919
0013 000768 -10903702.02897 0.0004108171
0014 000847 -10899736.30074 0.0003637048
0015 000900 -10896201.51882 0.0003242998
0016 000952 -10893031.46770 0.0002909318
0017 001005 -10890172.23902 0.0002624824
0018 001057 -10887579.20293 0.0002381079
0019 001110 -10885215.04308 0.0002171428
0020 001193 -10883048.34813 0.0001990493
0021 001245 -10881052.66081 0.0001833758
0022 001320 -10879205.90147 0.0001697225
0023 001393 -10877489.67438 0.0001577530
0024 001446 -10875888.19342 0.0001472289
0025 001498 -10874387.64150 0.0001379705
0026 001561 -10872976.00708 0.0001298128
0027 001614 -10871643.06769 0.0001225920
0028 001666 -10870380.36914 0.0001161461
0029 001719 -10869180.96838 0.0001103366
0030 001771 -10868038.94509 0.0001050699
0031 001824 -10866949.01223 0.0001002879
0032 001876 -10865906.37377 0.0000959458
0033 001970 -10864906.78727 0.0000919929
0034 002064 -10863946.68637 0.0000883672
0035 002140 -10863023.06470 0.0000850171
0036 002235 -10862133.45129 0.0000818937
0037 002329 -10861276.07834 0.0000789323
0038 002424 -10860449.86056 0.0000760700
0039 002508 -10859654.28120 0.0000732547
0040 002571 -10858889.55562 0.0000704190
0041 002665 -10858157.00883 0.0000674606
0042 002758 -10857458.43047 0.0000643367
0043 002852 -10856795.01115 0.0000611026
0044 002906 -10856167.30897 0.0000578165
0045 002989 -10855575.08947 0.0000545514
0046 003083 -10855017.17978 0.0000513938
0047 003178 -10854491.75026 0.0000484043
0048 003272 -10853996.87412 0.0000455918
0049 003366 -10853530.87683 0.0000429332
0050 003460 -10853092.37251 0.0000404020
0051 003555 -10852680.40847 0.0000379582
0052 003649 -10852294.47876 0.0000355608
0053 003711 -10851934.19546 0.0000331988
0054 003772 -10851598.95740 0.0000308920
0055 003825 -10851287.87077 0.0000286674
0056 003875 -10850999.80778 0.0000265464
0057 003924 -10850733.44620 0.0000245472
0058 003973 -10850487.40352 0.0000226752
0059 004021 -10850260.30855 0.0000209295
0060 004068 -10850050.73754 0.0000193148
0061 004114 -10849857.17736 0.0000178396
0062 004160 -10849678.08481 0.0000165064
0063 004206 -10849511.98982 0.0000153087
0064 004252 -10849357.51665 0.0000142378
0065 004298 -10849213.31766 0.0000132910
0066 004344 -10849078.15567 0.0000124582
0067 004389 -10848951.27314 0.0000116952
0068 004435 -10848832.23718 0.0000109721
0069 004480 -10848720.43919 0.0000103051
0070 004525 -10848615.39478 0.0000096827
Start evaluating ...
  Columns 1 through 7

    0.0119    0.0135    0.0142    0.0149    0.0156    0.0165    0.0174

  Columns 8 through 10

    0.0180    0.0186    0.0190

    0.0045

Elapsed time is 4578.541967 seconds.
