nohup: ignoring input

                            < M A T L A B (R) >
                  Copyright 1984-2016 The MathWorks, Inc.
                   R2016a (9.0.0.341360) 64-bit (glnxa64)
                             February 11, 2016

 
To get started, type one of these: helpwin, helpdesk, or demo.
For product information, visit www.mathworks.com.
 

	Academic License

Start learning ...
Init data [Dtype: delicious - Dspec: sp3/1050]
Init social model
Using adagrad ...
Could not use CUDA
Params [lbd-U: 1.0000|lbd-V: 100.0000|lbd-N: 1.0000|lbd-Q: 0.0500]
Staring Sample 3 - Loc: save/ctrsmf/delicious-alg90-sp3-cold20170225185942890 
CTR-SMF Running ...

iter time likelihood converge
0001 000052 -10236898.96302 1.0000000000
0002 000101 -9961856.25505 0.0268677760
0003 000150 -9745770.44416 0.0216913199
0004 000199 -9681038.16615 0.0066420893
0005 000248 -9649240.50997 0.0032845296
0006 000296 -9625207.41873 0.0024906718
0007 000345 -9608602.87316 0.0017251104
0008 000394 -9597764.52466 0.0011279838
0009 000443 -9589967.08563 0.0008124224
0010 000491 -9583859.30434 0.0006368928
0011 000540 -9578765.22742 0.0005315267
0012 000589 -9574376.88912 0.0004581319
0013 000638 -9570534.36166 0.0004013345
0014 000687 -9567135.82737 0.0003551039
0015 000736 -9564107.75589 0.0003165076
0016 000785 -9561393.38620 0.0002838079
0017 000834 -9558947.18616 0.0002558414
0018 000883 -9556731.77909 0.0002317627
0019 000932 -9554715.85878 0.0002109424
0020 000980 -9552872.86734 0.0001928881
0021 001029 -9551180.25387 0.0001771837
0022 001094 -9549618.84979 0.0001634776
0023 001155 -9548172.20455 0.0001514872
0024 001204 -9546825.94872 0.0001409962
0025 001253 -9545567.32576 0.0001318368
0026 001302 -9544385.07992 0.0001238529
0027 001351 -9543269.62522 0.0001168703
0028 001399 -9542213.06327 0.0001107128
0029 001448 -9541209.20494 0.0001052018
0030 001497 -9540253.27211 0.0001001899
0031 001546 -9539341.55976 0.0000955648
0032 001594 -9538471.18701 0.0000912403
0033 001643 -9537639.78174 0.0000871634
0034 001692 -9536845.31522 0.0000832980
0035 001741 -9536086.11859 0.0000796067
0036 001790 -9535360.93881 0.0000760458
0037 001838 -9534668.93795 0.0000725721
0038 001887 -9534009.61727 0.0000691498
0039 001936 -9533382.67171 0.0000657589
0040 001985 -9532787.82058 0.0000623966
0041 002090 -9532224.62605 0.0000590797
0042 002231 -9531692.25954 0.0000558491
0043 002372 -9531189.34118 0.0000527628
0044 002513 -9530714.00741 0.0000498714
0045 002652 -9530264.13681 0.0000472022
0046 002794 -9529837.61528 0.0000447544
0047 002938 -9529432.57094 0.0000425028
0048 003079 -9529047.53552 0.0000404049
0049 003226 -9528681.49797 0.0000384128
0050 003371 -9528333.82013 0.0000364875
0051 003510 -9528004.04548 0.0000346099
0052 003650 -9527691.76130 0.0000327754
0053 003788 -9527396.59806 0.0000309795
0054 003924 -9527118.24437 0.0000292161
0055 004063 -9526856.38832 0.0000274853
0056 004201 -9526610.67754 0.0000257914
0057 004338 -9526380.78664 0.0000241314
0058 004476 -9526166.51354 0.0000224926
0059 004612 -9525967.78335 0.0000208615
0060 004750 -9525784.54228 0.0000192360
0061 004885 -9525616.58831 0.0000176315
0062 005025 -9525463.48454 0.0000160728
0063 005164 -9525324.58546 0.0000145819
0064 005303 -9525199.02289 0.0000131820
0065 005441 -9525085.71102 0.0000118960
0066 005577 -9524983.46137 0.0000107348
0067 005717 -9524891.13075 0.0000096935
Start evaluating ...
  Columns 1 through 7

    0.0036    0.0070    0.0095    0.0122    0.0137    0.0154    0.0169

  Columns 8 through 10

    0.0185    0.0201    0.0213

    0.0011

Elapsed time is 5840.728231 seconds.
