nohup: ignoring input

                            < M A T L A B (R) >
                  Copyright 1984-2016 The MathWorks, Inc.
                   R2016a (9.0.0.341360) 64-bit (glnxa64)
                             February 11, 2016

 
To get started, type one of these: helpwin, helpdesk, or demo.
For product information, visit www.mathworks.com.
 

	Academic License

Start learning ...
Init data [Dtype: delicious - Dspec: sp3/1050]
Init social model
Using adagrad ...
Could not use CUDA
Params [lbd-U: 10.0000|lbd-V: 100.0000|lbd-N: 10.0000|lbd-Q: 0.0500]
Staring Sample 3 - Loc: save/ctrsmf/delicious-alg90-sp3-cold20170225185942447 
CTR-SMF Running ...

iter time likelihood converge
0001 000054 -10240398.00707 1.0000000000
0002 000103 -9967307.98231 0.0266679112
0003 000153 -9752346.47547 0.0215666564
0004 000212 -9687654.99375 0.0066334273
0005 000263 -9655741.43239 0.0032942504
0006 000314 -9631511.81601 0.0025093481
0007 000364 -9614703.75512 0.0017451114
0008 000414 -9603701.63920 0.0011443011
0009 000465 -9595788.81353 0.0008239350
0010 000515 -9589605.76636 0.0006443501
0011 000565 -9584463.82631 0.0005361993
0012 000615 -9580044.44240 0.0004610987
0013 000665 -9576180.86853 0.0004032939
0014 000715 -9572767.28571 0.0003564660
0015 000764 -9569727.85094 0.0003175085
0016 000814 -9567004.45061 0.0002845849
0017 000864 -9564550.74669 0.0002564757
0018 000914 -9562328.87527 0.0002323027
0019 000964 -9560307.23257 0.0002114174
0020 001014 -9558459.07578 0.0001933156
0021 001064 -9556761.73628 0.0001775746
0022 001113 -9555195.96880 0.0001638387
0023 001163 -9553745.27145 0.0001518229
0024 001213 -9552395.23905 0.0001413092
0025 001263 -9551133.08930 0.0001321291
0026 001313 -9549947.54752 0.0001241258
0027 001362 -9548829.01403 0.0001171246
0028 001412 -9547769.58118 0.0001109490
0029 001462 -9546763.05347 0.0001054202
0030 001512 -9545804.64840 0.0001003906
0031 001562 -9544890.65727 0.0000957479
0032 001612 -9544018.19336 0.0000914064
0033 001662 -9543184.87328 0.0000873133
0034 001712 -9542388.65175 0.0000834335
0035 001762 -9541627.84523 0.0000797291
0036 001812 -9540901.19558 0.0000761557
0037 001862 -9540207.86779 0.0000726690
0038 001912 -9539547.36567 0.0000692335
0039 001962 -9538919.38055 0.0000658297
0040 002036 -9538323.62269 0.0000624555
0041 002184 -9537759.64388 0.0000591277
0042 002331 -9537226.60562 0.0000558872
0043 002478 -9536723.11527 0.0000527921
0044 002628 -9536247.29363 0.0000498936
0045 002775 -9535797.00784 0.0000472183
0046 002922 -9535370.14156 0.0000447646
0047 003070 -9534964.82582 0.0000425066
0048 003222 -9534579.59206 0.0000404022
0049 003366 -9534213.42264 0.0000384044
0050 003504 -9533865.67116 0.0000364741
0051 003644 -9533535.87612 0.0000345920
0052 003783 -9533223.62208 0.0000327532
0053 003927 -9532928.53700 0.0000309533
0054 004065 -9532650.30628 0.0000291863
0055 004203 -9532388.61184 0.0000274524
0056 004343 -9532143.09005 0.0000257566
0057 004481 -9531913.40232 0.0000240961
0058 004620 -9531699.33728 0.0000224577
0059 004758 -9531500.81541 0.0000208275
0060 004899 -9531317.77920 0.0000192033
0061 005036 -9531150.01968 0.0000176009
0062 005176 -9530997.08819 0.0000160454
0063 005314 -9530858.32735 0.0000145589
0064 005454 -9530732.86707 0.0000131636
0065 005592 -9530619.63282 0.0000118810
0066 005734 -9530517.45010 0.0000107215
0067 005874 -9530425.18184 0.0000096813
Start evaluating ...
  Columns 1 through 7

    0.0032    0.0065    0.0095    0.0116    0.0131    0.0145    0.0160

  Columns 8 through 10

    0.0174    0.0186    0.0195

   9.1125e-04

Elapsed time is 6006.757450 seconds.
