nohup: ignoring input

                            < M A T L A B (R) >
                  Copyright 1984-2016 The MathWorks, Inc.
                   R2016a (9.0.0.341360) 64-bit (glnxa64)
                             February 11, 2016

 
To get started, type one of these: helpwin, helpdesk, or demo.
For product information, visit www.mathworks.com.
 

	Academic License

Start learning ...
Init data [Dtype: delicious - Dspec: sp2/1050]
Init social model
Using adagrad ...
Could not use CUDA
Params [lbd-U: 0.0100|lbd-V: 0.0100|lbd-N: 0.0100|lbd-Q: 0.0500]
Staring Sample 2 - Loc: save/ctrsmf/delicious-alg90-sp2-cold20170225154205020 
CTR-SMF Running ...

iter time likelihood converge
0001 000061 -11661918.37637 1.0000000000
0002 000141 -11348529.50319 0.0268728406
0003 000199 -11104276.79366 0.0215228510
0004 000272 -11030229.03537 0.0066683999
0005 000324 -10993726.53107 0.0033093152
0006 000401 -10966341.80588 0.0024909411
0007 000491 -10947430.20666 0.0017245130
0008 000585 -10935047.81920 0.0011310771
0009 000654 -10926087.22875 0.0008194377
0010 000736 -10919016.89156 0.0006471061
0011 000830 -10913090.03134 0.0005428016
0012 000892 -10907970.67787 0.0004691021
0013 000984 -10903482.41138 0.0004114667
0014 001078 -10899510.33222 0.0003642945
0015 001170 -10895969.81919 0.0003248323
0016 001260 -10892794.61747 0.0002914107
0017 001337 -10889930.77671 0.0002629115
0018 001430 -10887333.63005 0.0002384906
0019 001523 -10884965.82992 0.0002174821
0020 001616 -10882795.93599 0.0001993478
0021 001709 -10880797.46142 0.0001836361
0022 001800 -10878948.29703 0.0001699475
0023 001889 -10877230.02133 0.0001579450
0024 001982 -10875626.82972 0.0001473897
0025 002076 -10874124.89415 0.0001381011
0026 002148 -10872712.19674 0.0001299137
0027 002241 -10871378.50730 0.0001226639
0028 002313 -10870115.35435 0.0001161907
0029 002369 -10868915.75981 0.0001103571
0030 002462 -10867773.74732 0.0001050714
0031 002556 -10866683.96115 0.0001002769
0032 002649 -10865641.54341 0.0000959279
0033 002723 -10864642.21591 0.0000919713
0034 002792 -10863682.40633 0.0000883425
0035 002884 -10862759.11637 0.0000849887
0036 002975 -10861869.87472 0.0000818615
0037 003068 -10861012.89385 0.0000788981
0038 003125 -10860187.05289 0.0000760372
0039 003199 -10859391.79510 0.0000732269
0040 003292 -10858627.30663 0.0000703988
0041 003354 -10857894.91308 0.0000674481
0042 003424 -10857196.43532 0.0000643290
0043 003517 -10856533.11057 0.0000610954
0044 003570 -10855905.54268 0.0000578056
0045 003648 -10855313.52980 0.0000545337
0046 003715 -10854755.91887 0.0000513676
0047 003777 -10854230.90402 0.0000483673
0048 003830 -10853736.59672 0.0000455405
0049 003878 -10853271.34556 0.0000428655
0050 003926 -10852833.76844 0.0000403175
0051 003973 -10852422.91315 0.0000378570
0052 004017 -10852038.24956 0.0000354450
0053 004065 -10851679.35083 0.0000330720
0054 004109 -10851345.59012 0.0000307566
0055 004154 -10851036.05612 0.0000285249
0056 004197 -10850749.59341 0.0000263996
0057 004241 -10850484.83568 0.0000243999
0058 004285 -10850240.36608 0.0000225308
0059 004329 -10850014.81634 0.0000207875
0060 004373 -10849806.78884 0.0000191730
0061 004417 -10849614.79332 0.0000176958
0062 004461 -10849437.29011 0.0000163603
0063 004505 -10849272.79981 0.0000151612
0064 004550 -10849119.94659 0.0000140888
0065 004594 -10848977.40076 0.0000131389
0066 004638 -10848843.94010 0.0000123017
0067 004682 -10848718.79716 0.0000115351
0068 004726 -10848601.51030 0.0000108111
0069 004769 -10848491.41463 0.0000101484
0070 004812 -10848387.94417 0.0000095378
Start evaluating ...
  Columns 1 through 7

    0.0119    0.0131    0.0138    0.0144    0.0148    0.0152    0.0154

  Columns 8 through 10

    0.0156    0.0159    0.0163

    0.0040

Elapsed time is 4866.483348 seconds.
