nohup: ignoring input

                            < M A T L A B (R) >
                  Copyright 1984-2016 The MathWorks, Inc.
                   R2016a (9.0.0.341360) 64-bit (glnxa64)
                             February 11, 2016

 
To get started, type one of these: helpwin, helpdesk, or demo.
For product information, visit www.mathworks.com.
 

	Academic License

Start learning ...
Init data [Dtype: delicious - Dspec: sp3/1050]
Init social model
Using adagrad ...
Could not use CUDA
Params [lbd-U: 0.0100|lbd-V: 100.0000|lbd-N: 0.0100|lbd-Q: 0.0100]
Staring Sample 3 - Loc: save/ctrsmf/delicious-alg90-sp3-cold20170226131113773 
CTR-SMF Running ...

iter time likelihood converge
0001 000150 -10227518.05733 1.0000000000
0002 000288 -9956748.45984 0.0264746145
0003 000427 -9741532.20610 0.0216151141
0004 000563 -9676703.81221 0.0066548457
0005 000699 -9644869.17910 0.0032898220
0006 000839 -9620829.14118 0.0024925209
0007 000978 -9604229.78964 0.0017253556
0008 001116 -9593408.31504 0.0011267405
0009 001256 -9585633.86587 0.0008103949
0010 001396 -9579550.96227 0.0006345854
0011 001534 -9574481.15270 0.0005292325
0012 001665 -9570115.35034 0.0004559832
0013 001801 -9566293.27235 0.0003993764
0014 001933 -9562913.05043 0.0003533471
0015 002067 -9559901.20088 0.0003149511
0016 002202 -9557201.02554 0.0002824480
0017 002334 -9554767.05149 0.0002546744
0018 002467 -9552561.94492 0.0002307860
0019 002605 -9550554.44415 0.0002101531
0020 002740 -9548718.08383 0.0001922779
0021 002875 -9547030.47034 0.0001767372
0022 003012 -9545472.66094 0.0001631721
0023 003149 -9544028.51332 0.0001512914
0024 003284 -9542684.04993 0.0001408696
0025 003421 -9541426.95658 0.0001317337
0026 003555 -9540246.41579 0.0001237279
0027 003688 -9539133.20112 0.0001166862
0028 003822 -9538079.60174 0.0001104502
0029 003954 -9537079.41212 0.0001048628
0030 004089 -9536127.67515 0.0000997933
0031 004223 -9535220.37868 0.0000951431
0032 004358 -9534354.26127 0.0000908335
0033 004492 -9533526.56420 0.0000868121
0034 004628 -9532734.92804 0.0000830371
0035 004759 -9531977.47194 0.0000794584
0036 004893 -9531252.89999 0.0000760149
0037 005029 -9530560.48271 0.0000726470
0038 005160 -9529899.88692 0.0000693134
0039 005297 -9529270.95144 0.0000659960
0040 005430 -9528673.50303 0.0000626961
0041 005566 -9528107.17216 0.0000594344
0042 005701 -9527571.15968 0.0000562559
0043 005829 -9527064.12719 0.0000532174
0044 005964 -9526584.30780 0.0000503638
0045 006096 -9526129.72011 0.0000477178
0046 006229 -9525698.41985 0.0000452755
0047 006366 -9525288.75254 0.0000430065
0048 006504 -9524899.53187 0.0000408618
0049 006630 -9524530.04076 0.0000387921
0050 006759 -9524179.81408 0.0000367710
0051 006893 -9523848.39534 0.0000347976
0052 007018 -9523535.28596 0.0000328764
0053 007146 -9523240.00455 0.0000310054
0054 007277 -9522962.11308 0.0000291803
0055 007410 -9522701.18033 0.0000274004
0056 007543 -9522456.70924 0.0000256725
0057 007675 -9522228.11087 0.0000240062
0058 007806 -9522014.77026 0.0000224045
0059 007935 -9521816.17424 0.0000208565
0060 008065 -9521631.98430 0.0000193440
0061 008194 -9521461.94326 0.0000178584
0062 008326 -9521305.76009 0.0000164033
0063 008453 -9521163.03191 0.0000149904
0064 008587 -9521033.14193 0.0000136422
0065 008717 -9520915.26059 0.0000123811
0066 008849 -9520808.45108 0.0000112184
0067 008981 -9520711.72272 0.0000101597
0068 009113 -9520624.01200 0.0000092126
Start evaluating ...
  Columns 1 through 7

    0.0120    0.0148    0.0171    0.0189    0.0213    0.0241    0.0260

  Columns 8 through 10

    0.0288    0.0311    0.0341

    0.0039

Elapsed time is 9248.987241 seconds.
