nohup: ignoring input

                            < M A T L A B (R) >
                  Copyright 1984-2016 The MathWorks, Inc.
                   R2016a (9.0.0.341360) 64-bit (glnxa64)
                             February 11, 2016

 
To get started, type one of these: helpwin, helpdesk, or demo.
For product information, visit www.mathworks.com.
 

	Academic License

Start learning ...
Init data [Dtype: delicious - Dspec: sp3/1050]
Init social model
Using adagrad ...
Could not use CUDA
Params [lbd-U: 10.0000|lbd-V: 1.0000|lbd-N: 10.0000|lbd-Q: 0.0500]
Staring Sample 3 - Loc: save/ctrsmf/delicious-alg90-sp3-cold20170225185942746 
CTR-SMF Running ...

iter time likelihood converge
0001 000062 -10240389.13230 1.0000000000
0002 000112 -9970016.46818 0.0264025772
0003 000161 -9754683.87023 0.0215980183
0004 000210 -9689489.46540 0.0066833949
0005 000259 -9657025.60701 0.0033504199
0006 000309 -9632324.87384 0.0025577993
0007 000358 -9615270.42861 0.0017705430
0008 000407 -9604110.58862 0.0011606371
0009 000457 -9596067.29245 0.0008374848
0010 000506 -9589766.88945 0.0006565609
0011 000555 -9584518.67119 0.0005472728
0012 000604 -9580004.93832 0.0004709400
0013 000653 -9576057.05254 0.0004120964
0014 000703 -9572566.96061 0.0003644602
0015 000752 -9569457.19810 0.0003248619
0016 000801 -9566668.45289 0.0002914215
0017 000850 -9564153.52707 0.0002628842
0018 000900 -9561873.91385 0.0002383497
0019 000949 -9559797.43152 0.0002171627
0020 000998 -9557896.75737 0.0001988195
0021 001047 -9556148.67322 0.0001828942
0022 001096 -9554533.47465 0.0001690219
0023 001146 -9553034.33530 0.0001569035
0024 001195 -9551636.70801 0.0001463019
0025 001244 -9550327.88764 0.0001370258
0026 001293 -9549096.80209 0.0001289051
0027 001343 -9547934.04474 0.0001217662
0028 001392 -9546832.09745 0.0001154121
0029 001441 -9545785.36133 0.0001096422
0030 001490 -9544789.58248 0.0001043161
0031 001539 -9543841.31548 0.0000993492
0032 001589 -9542937.67970 0.0000946826
0033 001638 -9542076.15359 0.0000902789
0034 001687 -9541254.45290 0.0000861134
0035 001736 -9540470.51506 0.0000821630
0036 001785 -9539722.51895 0.0000784024
0037 001835 -9539008.90387 0.0000748046
0038 001884 -9538328.39820 0.0000713392
0039 001933 -9537680.05999 0.0000679719
0040 001982 -9537063.30338 0.0000646653
0041 002096 -9536477.83099 0.0000613892
0042 002245 -9535923.39324 0.0000581386
0043 002394 -9535399.47216 0.0000549418
0044 002544 -9534905.14537 0.0000518412
0045 002696 -9534439.15864 0.0000488717
0046 002847 -9534000.05488 0.0000460545
0047 002996 -9533586.28294 0.0000433996
0048 003143 -9533196.30599 0.0000409056
0049 003292 -9532828.73800 0.0000385566
0050 003431 -9532482.46349 0.0000363244
0051 003566 -9532156.66574 0.0000341776
0052 003703 -9531850.75630 0.0000320924
0053 003838 -9531564.22747 0.0000300601
0054 003975 -9531296.45839 0.0000280929
0055 004111 -9531046.58190 0.0000262164
0056 004251 -9530813.50214 0.0000244548
0057 004386 -9530596.05687 0.0000228150
0058 004525 -9530393.21944 0.0000212828
0059 004661 -9530204.21139 0.0000198321
0060 004796 -9530028.48671 0.0000184387
0061 004934 -9529865.59248 0.0000170927
0062 005069 -9529715.04418 0.0000157975
0063 005209 -9529576.29166 0.0000145600
0064 005348 -9529448.71387 0.0000133876
0065 005489 -9529331.62645 0.0000122869
0066 005626 -9529224.32340 0.0000112603
0067 005766 -9529126.13412 0.0000103040
0068 005911 -9529036.42952 0.0000094137
Start evaluating ...
  Columns 1 through 7

    0.0028    0.0045    0.0059    0.0068    0.0077    0.0082    0.0086

  Columns 8 through 10

    0.0088    0.0092    0.0097

   6.7636e-04

Elapsed time is 6038.311404 seconds.
