nohup: ignoring input

                            < M A T L A B (R) >
                  Copyright 1984-2016 The MathWorks, Inc.
                   R2016a (9.0.0.341360) 64-bit (glnxa64)
                             February 11, 2016

 
To get started, type one of these: helpwin, helpdesk, or demo.
For product information, visit www.mathworks.com.
 

	Academic License

Start learning ...
Init data [Dtype: delicious - Dspec: sp3/1050]
Init social model
Using adagrad ...
Could not use CUDA
Params [lbd-U: 0.1000|lbd-V: 10.0000|lbd-N: 0.1000|lbd-Q: 0.0500]
Staring Sample 3 - Loc: save/ctrsmf/delicious-alg90-sp3-cold20170225185942758 
CTR-SMF Running ...

iter time likelihood converge
0001 000052 -10231015.59253 1.0000000000
0002 000101 -9960191.65715 0.0264708750
0003 000150 -9744491.61372 0.0216562141
0004 000200 -9679238.91481 0.0066963677
0005 000249 -9646996.91092 0.0033310474
0006 000299 -9622647.75223 0.0025240144
0007 000348 -9605909.17992 0.0017394976
0008 000397 -9594973.96983 0.0011383837
0009 000446 -9587076.83786 0.0008230488
0010 000496 -9580870.97734 0.0006473152
0011 000545 -9575683.89202 0.0005414002
0012 000594 -9571210.08123 0.0004672054
0013 000643 -9567289.32957 0.0004096401
0014 000693 -9563818.72722 0.0003627571
0015 000742 -9560723.59084 0.0003236298
0016 000791 -9557946.21585 0.0002904984
0017 000840 -9555440.41504 0.0002621694
0018 000890 -9553168.30381 0.0002377819
0019 000939 -9551098.08320 0.0002167051
0020 000988 -9549202.70137 0.0001984465
0021 001037 -9547459.14599 0.0001825865
0022 001086 -9545847.86102 0.0001687658
0023 001135 -9544352.12441 0.0001566898
0024 001184 -9542957.47120 0.0001461234
0025 001233 -9541651.28090 0.0001368748
0026 001282 -9540422.58528 0.0001287718
0027 001331 -9539262.08788 0.0001216400
0028 001380 -9538162.33597 0.0001152869
0029 001429 -9537117.72243 0.0001095194
0030 001478 -9536123.92956 0.0001042026
0031 001526 -9535177.39443 0.0000992578
0032 001575 -9534275.10166 0.0000946278
0033 001624 -9533414.43105 0.0000902712
0034 001674 -9532593.06384 0.0000861567
0035 001723 -9531808.96871 0.0000822541
0036 001772 -9531060.41097 0.0000785326
0037 001821 -9530345.96080 0.0000749602
0038 001869 -9529664.50624 0.0000715037
0039 001918 -9529015.26407 0.0000681285
0040 001967 -9528397.77291 0.0000648012
0041 002050 -9527811.80373 0.0000614971
0042 002207 -9527257.10885 0.0000582185
0043 002365 -9526733.10882 0.0000550001
0044 002517 -9526238.78071 0.0000518885
0045 002673 -9525772.77226 0.0000489184
0046 002831 -9525333.57111 0.0000461066
0047 002989 -9524919.62596 0.0000434573
0048 003141 -9524529.43201 0.0000409656
0049 003295 -9524161.63729 0.0000386155
0050 003434 -9523815.14448 0.0000363804
0051 003571 -9523489.13484 0.0000342310
0052 003711 -9523183.00898 0.0000321443
0053 003849 -9522896.25205 0.0000301115
0054 003989 -9522628.23857 0.0000281441
0055 004126 -9522378.09214 0.0000262686
0056 004266 -9522144.69311 0.0000245106
0057 004406 -9521926.83158 0.0000228795
0058 004544 -9521723.40982 0.0000213635
0059 004682 -9521533.57256 0.0000199373
0060 004822 -9521356.72969 0.0000185729
0061 004961 -9521192.44186 0.0000172547
0062 005100 -9521040.28398 0.0000159810
0063 005238 -9520899.78732 0.0000147564
0064 005375 -9520770.41377 0.0000135884
0065 005513 -9520651.53407 0.0000124864
0066 005651 -9520542.43654 0.0000114590
0067 005791 -9520442.37544 0.0000105100
0068 005938 -9520350.61660 0.0000096381
Start evaluating ...
  Columns 1 through 7

    0.0110    0.0115    0.0128    0.0135    0.0142    0.0151    0.0158

  Columns 8 through 10

    0.0165    0.0173    0.0186

    0.0044

Elapsed time is 6061.364462 seconds.
