nohup: ignoring input

                            < M A T L A B (R) >
                  Copyright 1984-2016 The MathWorks, Inc.
                   R2016a (9.0.0.341360) 64-bit (glnxa64)
                             February 11, 2016

 
To get started, type one of these: helpwin, helpdesk, or demo.
For product information, visit www.mathworks.com.
 

	Academic License

Start learning ...
Init data [Dtype: delicious - Dspec: sp3/1050]
Init social model
Using adagrad ...
Could not use CUDA
Params [lbd-U: 100.0000|lbd-V: 1.0000|lbd-N: 100.0000|lbd-Q: 0.0500]
Staring Sample 3 - Loc: save/ctrsmf/delicious-alg90-sp3-cold20170225185942372 
CTR-SMF Running ...

iter time likelihood converge
0001 000052 -10241329.41007 1.0000000000
0002 000101 -9974360.45400 0.0260678029
0003 000150 -9759204.04685 0.0215709476
0004 000199 -9693905.74123 0.0066909458
0005 000248 -9661747.71802 0.0033173443
0006 000297 -9637500.01737 0.0025096599
0007 000346 -9620844.76641 0.0017281713
0008 000395 -9609969.16461 0.0011304207
0009 000444 -9602114.43293 0.0008173524
0010 000493 -9595937.68352 0.0006432697
0011 000542 -9590770.77230 0.0005384478
0012 000591 -9586311.07423 0.0004649989
0013 000640 -9582399.68102 0.0004080186
0014 000689 -9578934.70942 0.0003615975
0015 000738 -9575842.58965 0.0003228041
0016 000787 -9573066.47515 0.0002899081
0017 000835 -9570560.74437 0.0002617480
0018 000884 -9568287.91513 0.0002374813
0019 000933 -9566216.48599 0.0002164890
0020 000982 -9564319.59661 0.0001982905
0021 001031 -9562574.35063 0.0001824747
0022 001080 -9560961.27296 0.0001686866
0023 001129 -9559463.70402 0.0001566337
0024 001178 -9558067.22053 0.0001460839
0025 001227 -9556759.21126 0.0001368487
0026 001276 -9555528.67664 0.0001287607
0027 001325 -9554366.26679 0.0001216479
0028 001374 -9553264.50851 0.0001153146
0029 001423 -9552217.83850 0.0001095615
0030 001472 -9551222.03085 0.0001042488
0031 001521 -9550273.66298 0.0000992928
0032 001569 -9549369.87392 0.0000946349
0033 001618 -9548508.15921 0.0000902379
0034 001691 -9547686.24870 0.0000860774
0035 001740 -9546902.09024 0.0000821307
0036 001789 -9546153.86937 0.0000783732
0037 001838 -9545440.02859 0.0000747778
0038 001887 -9544759.29686 0.0000713149
0039 001935 -9544110.73142 0.0000679499
0040 001984 -9543493.74757 0.0000646455
0041 002096 -9542908.05457 0.0000613709
0042 002238 -9542353.41319 0.0000581208
0043 002378 -9541829.31280 0.0000549236
0044 002520 -9541334.83102 0.0000518225
0045 002661 -9540868.70910 0.0000488529
0046 002803 -9540429.48622 0.0000460359
0047 002942 -9540015.61037 0.0000433813
0048 003083 -9539625.54542 0.0000408872
0049 003233 -9539257.90599 0.0000385381
0050 003375 -9538911.57693 0.0000363057
0051 003511 -9538585.74255 0.0000341584
0052 003647 -9538279.81590 0.0000320725
0053 003783 -9537993.28963 0.0000300396
0054 003921 -9537725.54118 0.0000280718
0055 004058 -9537475.69964 0.0000261951
0056 004194 -9537242.66429 0.0000244336
0057 004332 -9537025.26914 0.0000227943
0058 004468 -9536822.48705 0.0000212626
0059 004605 -9536633.54242 0.0000198121
0060 004741 -9536457.89230 0.0000184185
0061 004879 -9536295.08451 0.0000170721
0062 005016 -9536144.63295 0.0000157767
0063 005155 -9536005.98443 0.0000145393
0064 005292 -9535878.51395 0.0000133673
0065 005430 -9535761.53367 0.0000122674
0066 005568 -9535654.33747 0.0000112415
0067 005708 -9535556.25862 0.0000102855
0068 005842 -9535466.67360 0.0000093948
Start evaluating ...
  Columns 1 through 7

    0.0002    0.0004    0.0006    0.0010    0.0010    0.0011    0.0016

  Columns 8 through 10

    0.0016    0.0025    0.0027

   1.6518e-04

Elapsed time is 5968.835208 seconds.
