nohup: ignoring input

                            < M A T L A B (R) >
                  Copyright 1984-2016 The MathWorks, Inc.
                   R2016a (9.0.0.341360) 64-bit (glnxa64)
                             February 11, 2016

 
To get started, type one of these: helpwin, helpdesk, or demo.
For product information, visit www.mathworks.com.
 

	Academic License

Start learning ...
Init data [Dtype: delicious - Dspec: sp2/1050]
Init social model
Using adagrad ...
Could not use CUDA
Params [lbd-U: 100.0000|lbd-V: 0.0100|lbd-N: 100.0000|lbd-Q: 0.0500]
Staring Sample 2 - Loc: save/ctrsmf/delicious-alg90-sp2-cold20170225154205882 
CTR-SMF Running ...

iter time likelihood converge
0001 000056 -11679102.18774 1.0000000000
0002 000110 -11366315.71973 0.0267817220
0003 000163 -11121124.32963 0.0215717561
0004 000217 -11045855.27952 0.0067681152
0005 000271 -11008926.43692 0.0033432307
0006 000324 -10981330.44175 0.0025066927
0007 000378 -10962256.45143 0.0017369471
0008 000432 -10949752.41618 0.0011406443
0009 000485 -10940706.31785 0.0008261464
0010 000539 -10933574.68035 0.0006518443
0011 000593 -10927601.02349 0.0005463590
0012 000646 -10922443.87316 0.0004719380
0013 000700 -10917923.75797 0.0004138373
0014 000753 -10913923.97333 0.0003663503
0015 000806 -10910358.77115 0.0003266655
0016 000860 -10907161.16666 0.0002930797
0017 000913 -10904276.72332 0.0002644541
0018 000966 -10901660.44219 0.0002399317
0019 001020 -10899274.74297 0.0002188382
0020 001073 -10897088.01725 0.0002006304
0021 001126 -10895073.65266 0.0001848535
0022 001180 -10893209.44243 0.0001711058
0023 001233 -10891476.88612 0.0001590492
0024 001297 -10889860.11290 0.0001484439
0025 001350 -10888345.23775 0.0001391088
0026 001403 -10886920.19303 0.0001308780
0027 001457 -10885574.70439 0.0001235876
0028 001510 -10884300.26073 0.0001170764
0029 001563 -10883089.84803 0.0001112072
0030 001616 -10881937.45747 0.0001058882
0031 001670 -10880837.70406 0.0001010623
0032 001723 -10879785.70348 0.0000966838
0033 001777 -10878777.15339 0.0000926994
0034 001830 -10877808.45912 0.0000890444
0035 001883 -10876876.60182 0.0000856659
0036 001936 -10875979.09148 0.0000825154
0037 001990 -10875114.12326 0.0000795301
0038 002043 -10874280.55999 0.0000766487
0039 002097 -10873477.82981 0.0000738192
0040 002150 -10872706.10469 0.0000709732
0041 002203 -10871966.69680 0.0000680059
0042 002257 -10871261.41537 0.0000648716
0043 002310 -10870591.48716 0.0000616238
0044 002363 -10869957.50606 0.0000583208
0045 002416 -10869359.26092 0.0000550366
0046 002470 -10868795.59011 0.0000518587
0047 002523 -10868264.68011 0.0000488472
0048 002576 -10867764.63566 0.0000460096
0049 002629 -10867293.79855 0.0000433242
0050 002683 -10866850.77981 0.0000407662
0051 002736 -10866434.62079 0.0000382962
0052 002789 -10866044.78504 0.0000358752
0053 002843 -10865680.83929 0.0000334939
0054 002896 -10865342.15023 0.0000311705
0055 002949 -10865027.80063 0.0000289314
0056 003003 -10864736.63000 0.0000267989
0057 003056 -10864467.26781 0.0000247923
0058 003110 -10864218.29336 0.0000229164
0059 003163 -10863988.33434 0.0000211666
0060 003216 -10863775.98959 0.0000195457
0061 003270 -10863579.76707 0.0000180621
0062 003323 -10863398.12846 0.0000167200
0063 003377 -10863229.59861 0.0000155135
0064 003430 -10863072.80526 0.0000144334
0065 003484 -10862926.41808 0.0000134757
0066 003537 -10862789.20988 0.0000126309
0067 003590 -10862660.40591 0.0000118574
0068 003644 -10862539.53446 0.0000111272
0069 003706 -10862425.92237 0.0000104591
0070 003769 -10862319.00014 0.0000098433
Start evaluating ...
  Columns 1 through 7

    0.0104    0.0121    0.0138    0.0145    0.0148    0.0154    0.0157

  Columns 8 through 10

    0.0163    0.0165    0.0168

    0.0040

Elapsed time is 3827.402453 seconds.
