nohup: ignoring input

                            < M A T L A B (R) >
                  Copyright 1984-2016 The MathWorks, Inc.
                   R2016a (9.0.0.341360) 64-bit (glnxa64)
                             February 11, 2016

 
To get started, type one of these: helpwin, helpdesk, or demo.
For product information, visit www.mathworks.com.
 

	Academic License

Start learning ...
Init data [Dtype: delicious - Dspec: sp3/1050]
Init social model
Using adagrad ...
Could not use CUDA
Params [lbd-U: 0.0100|lbd-V: 10.0000|lbd-N: 0.0100|lbd-Q: 0.0500]
Staring Sample 3 - Loc: save/ctrsmf/delicious-alg90-sp3-cold20170225185942394 
CTR-SMF Running ...

iter time likelihood converge
0001 000055 -10225950.08845 1.0000000000
0002 000104 -9956989.58961 0.0263017614
0003 000154 -9741943.09362 0.0215975415
0004 000203 -9676950.55503 0.0066714143
0005 000253 -9644846.19303 0.0033176115
0006 000302 -9620585.57966 0.0025153966
0007 000352 -9603909.19700 0.0017334062
0008 000401 -9593017.97598 0.0011340404
0009 000450 -9585152.54032 0.0008199125
0010 000500 -9578969.77142 0.0006450360
0011 000549 -9573799.47246 0.0005397552
0012 000598 -9569337.71455 0.0004660384
0013 000654 -9565425.42367 0.0004088361
0014 000713 -9561960.54255 0.0003622297
0015 000762 -9558869.04824 0.0003233118
0016 000811 -9556093.77317 0.0002903351
0017 000860 -9553588.99054 0.0002621137
0018 000909 -9551317.22410 0.0002377919
0019 000958 -9549247.02237 0.0002167452
0020 001007 -9547351.58706 0.0001984906
0021 001057 -9545608.04246 0.0001826208
0022 001106 -9543996.86557 0.0001687872
0023 001155 -9542501.30725 0.0001567015
0024 001204 -9541106.85840 0.0001461303
0025 001254 -9539800.85752 0.0001368815
0026 001303 -9538572.29900 0.0001287824
0027 001352 -9537411.85301 0.0001216582
0028 001402 -9536312.04978 0.0001153146
0029 001451 -9535267.28292 0.0001095567
0030 001501 -9534273.23736 0.0001042494
0031 001550 -9533326.35616 0.0000993134
0032 001629 -9532423.63161 0.0000946915
0033 001680 -9531562.44746 0.0000903426
0034 001729 -9530740.48533 0.0000862358
0035 001778 -9529955.71411 0.0000823411
0036 001828 -9529206.40470 0.0000786267
0037 001877 -9528491.14391 0.0000750598
0038 001926 -9527808.84709 0.0000716060
0039 001976 -9527158.76083 0.0000682304
0040 002067 -9526540.44806 0.0000649000
0041 002222 -9525953.70211 0.0000615907
0042 002375 -9525398.30892 0.0000583032
0043 002529 -9524873.74129 0.0000550704
0044 002683 -9524379.03455 0.0000519384
0045 002835 -9523912.87321 0.0000489440
0046 002988 -9523473.73906 0.0000461086
0047 003141 -9523060.03161 0.0000434408
0048 003293 -9522670.17132 0.0000409386
0049 003434 -9522302.73325 0.0000385856
0050 003574 -9521956.57367 0.0000363525
0051 003713 -9521630.85997 0.0000342066
0052 003851 -9521324.99418 0.0000321233
0053 003991 -9521038.45985 0.0000300940
0054 004130 -9520770.62992 0.0000281303
0055 004269 -9520520.63876 0.0000262574
0056 004407 -9520287.39200 0.0000244994
0057 004546 -9520069.71061 0.0000228650
0058 004686 -9519866.52456 0.0000213429
0059 004824 -9519676.99828 0.0000199085
0060 004963 -9519500.54744 0.0000185354
0061 005101 -9519336.72282 0.0000172094
0062 005240 -9519185.07668 0.0000159303
0063 005378 -9519045.10577 0.0000147041
0064 005516 -9518916.22683 0.0000135391
0065 005654 -9518797.76533 0.0000124449
0066 005793 -9518688.98888 0.0000114275
0067 005936 -9518589.18162 0.0000104854
0068 006071 -9518497.68968 0.0000096119
Start evaluating ...
  Columns 1 through 7

    0.0110    0.0123    0.0130    0.0140    0.0152    0.0161    0.0176

  Columns 8 through 10

    0.0183    0.0191    0.0199

    0.0045

Elapsed time is 6175.274770 seconds.
