nohup: ignoring input

                            < M A T L A B (R) >
                  Copyright 1984-2016 The MathWorks, Inc.
                   R2016a (9.0.0.341360) 64-bit (glnxa64)
                             February 11, 2016

 
To get started, type one of these: helpwin, helpdesk, or demo.
For product information, visit www.mathworks.com.
 

	Academic License

Start learning ...
Init data [Dtype: delicious - Dspec: sp3/1050]
Init social model
Using adagrad ...
Could not use CUDA
Params [lbd-U: 0.1000|lbd-V: 100.0000|lbd-N: 0.1000|lbd-Q: 0.0500]
Staring Sample 3 - Loc: save/ctrsmf/delicious-alg90-sp3-cold20170225185942879 
CTR-SMF Running ...

iter time likelihood converge
0001 000053 -10231299.58222 1.0000000000
0002 000102 -9958096.40064 0.0267026861
0003 000151 -9742733.28688 0.0216269360
0004 000199 -9678002.69268 0.0066439871
0005 000248 -9646193.78135 0.0032867227
0006 000297 -9622143.79686 0.0024932098
0007 000345 -9605527.88242 0.0017268412
0008 000394 -9594684.66744 0.0011288515
0009 000442 -9586886.54972 0.0008127539
0010 000491 -9580780.21253 0.0006369469
0011 000539 -9575688.43843 0.0005314571
0012 000588 -9571302.64227 0.0004580137
0013 000637 -9567462.57149 0.0004012067
0014 000685 -9564066.25852 0.0003549858
0015 000734 -9561040.11796 0.0003164073
0016 000782 -9558327.38415 0.0002837279
0017 000831 -9555882.54851 0.0002557807
0018 000879 -9553668.25721 0.0002317202
0019 000928 -9551653.21407 0.0002109183
0020 000976 -9549810.87243 0.0001928820
0021 001025 -9548118.69860 0.0001771945
0022 001073 -9546557.53948 0.0001635044
0023 001122 -9545110.95487 0.0001515294
0024 001170 -9543764.58439 0.0001410534
0025 001219 -9542505.68464 0.0001319081
0026 001267 -9541323.02147 0.0001239363
0027 001316 -9540207.03680 0.0001169633
0028 001364 -9539149.85706 0.0001108131
0029 001413 -9538145.30889 0.0001053079
0030 001461 -9537188.62300 0.0001003010
0031 001510 -9536276.10298 0.0000956802
0032 001558 -9535404.87483 0.0000913594
0033 001607 -9534572.56436 0.0000872863
0034 001655 -9533777.12704 0.0000834266
0035 001704 -9533016.87899 0.0000797426
0036 001752 -9532290.58343 0.0000761874
0037 001800 -9531597.45812 0.0000727134
0038 001849 -9530937.06879 0.0000692842
0039 001897 -9530309.15088 0.0000658821
0040 001946 -9529713.43239 0.0000625078
0041 001994 -9529149.45444 0.0000591810
0042 002120 -9528616.34286 0.0000559453
0043 002260 -9528112.66570 0.0000528594
0044 002400 -9527636.51536 0.0000499732
0045 002541 -9527185.73738 0.0000473127
0046 002683 -9526758.20172 0.0000448753
0047 002823 -9526352.04384 0.0000426334
0048 002967 -9525965.82528 0.0000405421
0049 003109 -9525598.58081 0.0000385519
0050 003257 -9525249.71548 0.0000366240
0051 003396 -9524918.79735 0.0000347411
0052 003535 -9524605.42376 0.0000329004
0053 003673 -9524309.22544 0.0000310982
0054 003810 -9524029.90790 0.0000293268
0055 003948 -9523767.23666 0.0000275798
0056 004086 -9523520.95655 0.0000258595
0057 004222 -9523290.74248 0.0000241732
0058 004360 -9523076.26076 0.0000225218
0059 004498 -9522877.28620 0.0000208939
0060 004637 -9522693.70591 0.0000192778
0061 004774 -9522525.34347 0.0000176801
0062 004911 -9522371.82353 0.0000161218
0063 005048 -9522232.55419 0.0000146255
0064 005184 -9522106.69300 0.0000132176
0065 005322 -9521993.16455 0.0000119226
0066 005462 -9521890.79793 0.0000107505
0067 005596 -9521798.46311 0.0000096971
Start evaluating ...
  Columns 1 through 7

    0.0079    0.0159    0.0219    0.0273    0.0321    0.0362    0.0403

  Columns 8 through 10

    0.0434    0.0464    0.0496

    0.0023

Elapsed time is 5727.542166 seconds.
