nohup: ignoring input

                            < M A T L A B (R) >
                  Copyright 1984-2016 The MathWorks, Inc.
                   R2016a (9.0.0.341360) 64-bit (glnxa64)
                             February 11, 2016

 
To get started, type one of these: helpwin, helpdesk, or demo.
For product information, visit www.mathworks.com.
 

	Academic License

Start learning ...
Init data [Dtype: delicious - Dspec: sp3/1050]
Init social model
Using adagrad ...
Could not use CUDA
Params [lbd-U: 10.0000|lbd-V: 10.0000|lbd-N: 10.0000|lbd-Q: 0.0100]
Staring Sample 3 - Loc: save/ctrsmf/delicious-alg90-sp3-cold20170226131113020 
CTR-SMF Running ...

iter time likelihood converge
0001 000156 -10241094.66192 1.0000000000
0002 000298 -9973761.31802 0.0261039813
0003 000437 -9758754.44937 0.0215572502
0004 000577 -9693815.57739 0.0066544222
0005 000717 -9661763.46597 0.0033064495
0006 000854 -9637548.28612 0.0025062899
0007 000993 -9620907.26825 0.0017266858
0008 001132 -9610040.01125 0.0011295460
0009 001270 -9602190.69013 0.0008167834
0010 001409 -9596018.85230 0.0006427531
0011 001547 -9590856.16085 0.0005380035
0012 001689 -9586399.93225 0.0004646330
0013 001831 -9582491.88226 0.0004076661
0014 001973 -9579030.45860 0.0003612238
0015 002115 -9575941.94707 0.0003224242
0016 002255 -9573169.32472 0.0002895404
0017 002396 -9570666.88359 0.0002614015
0018 002536 -9568397.12474 0.0002371579
0019 002676 -9566328.58042 0.0002161850
0020 002816 -9564434.43992 0.0001980008
0021 002958 -9562691.84743 0.0001821950
0022 003099 -9561081.35128 0.0001684145
0023 003241 -9559586.29698 0.0001563687
0024 003383 -9558192.25376 0.0001458267
0025 003526 -9556886.60363 0.0001366001
0026 003671 -9555658.35000 0.0001285203
0027 003811 -9554498.15175 0.0001214148
0028 003955 -9553398.54064 0.0001150883
0029 004097 -9552353.94680 0.0001093426
0030 004240 -9551360.12616 0.0001040393
0031 004379 -9550413.64046 0.0000990943
0032 004518 -9549511.62144 0.0000944482
0033 004659 -9548651.56352 0.0000900630
0034 004799 -9547831.20790 0.0000859132
0035 004939 -9547048.53486 0.0000819739
0036 005080 -9546301.77770 0.0000782186
0037 005219 -9545589.42858 0.0000746204
0038 005357 -9544910.26610 0.0000711494
0039 005496 -9544263.40376 0.0000677704
0040 005635 -9543648.31622 0.0000644458
0041 005774 -9543064.75691 0.0000611464
0042 005914 -9542512.49289 0.0000578707
0043 006055 -9541990.97323 0.0000546522
0044 006194 -9541499.20481 0.0000515373
0045 006334 -9541035.85704 0.0000485613
0046 006474 -9540599.41428 0.0000457437
0047 006613 -9540188.28316 0.0000430928
0048 006752 -9539800.88754 0.0000406067
0049 006892 -9539435.80516 0.0000382694
0050 007031 -9539091.90118 0.0000360508
0051 007169 -9538768.35833 0.0000339176
0052 007304 -9538464.58513 0.0000318462
0053 007444 -9538180.04896 0.0000298304
0054 007581 -9537914.08969 0.0000278836
0055 007720 -9537665.81222 0.0000260306
0056 007858 -9537434.12466 0.0000242919
0057 007997 -9537217.89552 0.0000226716
0058 008138 -9537016.12812 0.0000211558
0059 008276 -9536828.05103 0.0000197207
0060 008414 -9536653.10619 0.0000183441
0061 008554 -9536490.82976 0.0000170161
0062 008691 -9536340.73976 0.0000157385
0063 008832 -9536202.30340 0.0000145167
0064 008970 -9536074.92645 0.0000133572
0065 009110 -9535957.93991 0.0000122678
0066 009254 -9535850.61617 0.0000112546
0067 009382 -9535752.22766 0.0000103177
0068 009498 -9535662.08656 0.0000094530
Start evaluating ...
  Columns 1 through 7

    0.0010    0.0018    0.0023    0.0029    0.0034    0.0038    0.0041

  Columns 8 through 10

    0.0045    0.0047    0.0049

   3.7992e-04

Elapsed time is 9612.554646 seconds.
