nohup: ignoring input

                            < M A T L A B (R) >
                  Copyright 1984-2016 The MathWorks, Inc.
                   R2016a (9.0.0.341360) 64-bit (glnxa64)
                             February 11, 2016

 
To get started, type one of these: helpwin, helpdesk, or demo.
For product information, visit www.mathworks.com.
 

	Academic License

Start learning ...
Init data [Dtype: delicious - Dspec: sp2/1050]
Init social model
Using adagrad ...
Could not use CUDA
Params [lbd-U: 0.0100|lbd-V: 100.0000|lbd-N: 0.0100|lbd-Q: 0.0500]
Staring Sample 2 - Loc: save/ctrsmf/delicious-alg90-sp2-cold20170225154206218 
CTR-SMF Running ...

iter time likelihood converge
0001 000057 -11663990.32317 1.0000000000
0002 000110 -11348592.82102 0.0270402747
0003 000164 -11104161.57066 0.0215384633
0004 000217 -11030237.63886 0.0066573177
0005 000270 -10994006.55831 0.0032847053
0006 000323 -10966858.70764 0.0024693319
0007 000376 -10948047.30927 0.0017152950
0008 000430 -10935753.23938 0.0011229464
0009 000483 -10926902.15917 0.0008093709
0010 000536 -10919951.49032 0.0006361061
0011 000590 -10914143.66916 0.0005318541
0012 000660 -10909136.95209 0.0004587366
0013 000715 -10904753.47056 0.0004018174
0014 000768 -10900878.75299 0.0003553237
0015 000821 -10897428.97863 0.0003164675
0016 000874 -10894338.52773 0.0002835945
0017 000928 -10891553.93387 0.0002556001
0018 000981 -10889030.93457 0.0002316473
0019 001034 -10886732.54831 0.0002110735
0020 001088 -10884627.70709 0.0001933400
0021 001141 -10882690.32852 0.0001779922
0022 001194 -10880898.69977 0.0001646311
0023 001248 -10879234.60427 0.0001529373
0024 001301 -10877682.21947 0.0001426925
0025 001354 -10876227.59082 0.0001337260
0026 001408 -10874858.51150 0.0001258781
0027 001461 -10873564.52578 0.0001189887
0028 001515 -10872336.96624 0.0001128939
0029 001568 -10871168.81434 0.0001074426
0030 001621 -10870054.28560 0.0001025215
0031 001675 -10868988.42557 0.0000980547
0032 001728 -10867966.94654 0.0000939811
0033 001781 -10866986.24575 0.0000902377
0034 001834 -10866043.46113 0.0000867568
0035 001890 -10865136.25664 0.0000834899
0036 001944 -10864262.64771 0.0000804048
0037 001997 -10863421.13973 0.0000774565
0038 002050 -10862610.82277 0.0000745913
0039 002103 -10861831.43171 0.0000717499
0040 002157 -10861083.48352 0.0000688602
0041 002210 -10860368.35657 0.0000658431
0042 002263 -10859687.75654 0.0000626682
0043 002317 -10859042.74746 0.0000593948
0044 002370 -10858433.66655 0.0000560897
0045 002423 -10857860.01609 0.0000528299
0046 002477 -10857320.41676 0.0000496967
0047 002530 -10856812.96271 0.0000467384
0048 002584 -10856335.55101 0.0000439735
0049 002637 -10855886.12533 0.0000413975
0050 002690 -10855463.05755 0.0000389713
0051 002744 -10855065.32646 0.0000366388
0052 002797 -10854692.34806 0.0000343598
0053 002850 -10854343.64030 0.0000321251
0054 002904 -10854018.56457 0.0000299489
0055 002957 -10853716.20761 0.0000278567
0056 003011 -10853435.39252 0.0000258727
0057 003064 -10853174.74760 0.0000240150
0058 003146 -10852932.73311 0.0000222990
0059 003201 -10852707.76811 0.0000207285
0060 003254 -10852498.67979 0.0000192660
0061 003307 -10852304.54654 0.0000178883
0062 003360 -10852124.10597 0.0000166269
0063 003413 -10851955.91812 0.0000154981
0064 003466 -10851798.72209 0.0000144855
0065 003519 -10851651.65530 0.0000135523
0066 003573 -10851514.23772 0.0000126633
0067 003626 -10851386.09165 0.0000118091
0068 003683 -10851266.67795 0.0000110045
0069 003752 -10851155.38411 0.0000102563
0070 003806 -10851051.73015 0.0000095523
Start evaluating ...
  Columns 1 through 7

    0.0139    0.0183    0.0214    0.0242    0.0267    0.0290    0.0316

  Columns 8 through 10

    0.0338    0.0357    0.0379

    0.0050

Elapsed time is 3864.976542 seconds.
