nohup: ignoring input

                            < M A T L A B (R) >
                  Copyright 1984-2016 The MathWorks, Inc.
                   R2016a (9.0.0.341360) 64-bit (glnxa64)
                             February 11, 2016

 
To get started, type one of these: helpwin, helpdesk, or demo.
For product information, visit www.mathworks.com.
 

	Academic License

Start learning ...
Init data [Dtype: delicious - Dspec: sp2/1050]
Init social model
Using adagrad ...
Could not use CUDA
Params [lbd-U: 0.0100|lbd-V: 10.0000|lbd-N: 0.0100|lbd-Q: 0.0500]
Staring Sample 2 - Loc: save/ctrsmf/delicious-alg90-sp2-cold20170225154205835 
CTR-SMF Running ...

iter time likelihood converge
0001 000077 -11662497.96940 1.0000000000
0002 000129 -11349170.01181 0.0268662819
0003 000181 -11104977.29245 0.0215163505
0004 000233 -11030965.65892 0.0066647262
0005 000285 -10994496.81369 0.0033060429
0006 000337 -10967141.59470 0.0024880829
0007 000389 -10948251.12223 0.0017224609
0008 000442 -10935885.24595 0.0011294842
0009 000494 -10926940.74789 0.0008179034
0010 000546 -10919888.13489 0.0006454334
0011 000598 -10913978.98740 0.0005411363
0012 000650 -10908876.11309 0.0004675540
0013 000702 -10904402.80701 0.0004100611
0014 000755 -10900444.17670 0.0003630305
0015 000808 -10896915.69214 0.0003237010
0016 000860 -10893751.19290 0.0002904032
0017 000912 -10890896.80141 0.0002620210
0018 000964 -10888307.90801 0.0002377117
0019 001016 -10885947.22963 0.0002168086
0020 001068 -10883783.42195 0.0001987707
0021 001120 -10881790.12858 0.0001831434
0022 001172 -10879945.38723 0.0001695255
0023 001224 -10878230.91095 0.0001575813
0024 001276 -10876630.98269 0.0001470761
0025 001328 -10875131.79534 0.0001378356
0026 001380 -10873721.30344 0.0001296988
0027 001432 -10872389.24483 0.0001225026
0028 001484 -10871127.14616 0.0001160829
0029 001540 -10869928.05797 0.0001103003
0030 001594 -10868786.04316 0.0001050619
0031 001646 -10867695.78727 0.0001003107
0032 001698 -10866652.47716 0.0000960010
0033 001750 -10865651.87084 0.0000920805
0034 001802 -10864690.39733 0.0000884874
0035 001854 -10863765.03271 0.0000851717
0036 001906 -10862873.32437 0.0000820810
0037 001959 -10862013.60764 0.0000791427
0038 002011 -10861185.02384 0.0000762827
0039 002063 -10860387.40447 0.0000734376
0040 002115 -10859621.37681 0.0000705341
0041 002167 -10858888.66431 0.0000674713
0042 002219 -10858191.30786 0.0000642199
0043 002270 -10857530.49306 0.0000608586
0044 002323 -10856906.50669 0.0000574704
0045 002374 -10856318.67205 0.0000541438
0046 002426 -10855765.35876 0.0000509669
0047 002478 -10855244.39449 0.0000479896
0048 002530 -10854753.66743 0.0000452064
0049 002582 -10854291.41905 0.0000425849
0050 002634 -10853856.22149 0.0000400945
0051 002686 -10853447.09773 0.0000376939
0052 002738 -10853063.49119 0.0000353442
0053 002790 -10852704.90325 0.0000330403
0054 002842 -10852370.58851 0.0000308047
0055 002894 -10852059.56688 0.0000286593
0056 002948 -10851770.77383 0.0000266118
0057 003000 -10851503.08985 0.0000246673
0058 003052 -10851255.34958 0.0000228300
0059 003104 -10851026.31823 0.0000211064
0060 003156 -10850814.64442 0.0000195073
0061 003208 -10850618.89854 0.0000180397
0062 003260 -10850437.65821 0.0000167032
0063 003312 -10850269.58742 0.0000154898
0064 003364 -10850113.46250 0.0000143890
0065 003415 -10849968.07732 0.0000133994
0066 003467 -10849832.17672 0.0000125254
0067 003519 -10849704.76664 0.0000117430
0068 003571 -10849585.28447 0.0000110125
0069 003623 -10849473.09919 0.0000103401
0070 003676 -10849367.58491 0.0000097253
Start evaluating ...
  Columns 1 through 7

    0.0123    0.0144    0.0159    0.0171    0.0183    0.0196    0.0207

  Columns 8 through 10

    0.0222    0.0233    0.0242

    0.0049

Elapsed time is 3746.339361 seconds.
