nohup: ignoring input

                            < M A T L A B (R) >
                  Copyright 1984-2016 The MathWorks, Inc.
                   R2016a (9.0.0.341360) 64-bit (glnxa64)
                             February 11, 2016

 
To get started, type one of these: helpwin, helpdesk, or demo.
For product information, visit www.mathworks.com.
 

	Academic License

Start learning ...
Init data [Dtype: delicious - Dspec: sp2/1050]
Init social model
Using adagrad ...
Could not use CUDA
Params [lbd-U: 0.1000|lbd-V: 0.1000|lbd-N: 0.1000|lbd-Q: 0.0500]
Staring Sample 2 - Loc: save/ctrsmf/delicious-alg90-sp2-cold20170225154206369 
CTR-SMF Running ...

iter time likelihood converge
0001 000056 -11664465.04961 1.0000000000
0002 000108 -11349832.00300 0.0269736370
0003 000161 -11105430.42347 0.0215334975
0004 000214 -11031282.49356 0.0066767272
0005 000267 -10994707.03759 0.0033156123
0006 000319 -10967267.01471 0.0024957484
0007 000372 -10948311.95017 0.0017283307
0008 000425 -10935894.71160 0.0011341692
0009 000477 -10926905.78736 0.0008219651
0010 000530 -10919812.14529 0.0006491904
0011 000582 -10913865.90932 0.0005445365
0012 000636 -10908730.27890 0.0004705602
0013 000688 -10904228.20303 0.0004127039
0014 000741 -10900244.29670 0.0003653543
0015 000794 -10896693.56023 0.0003257483
0016 000847 -10893509.44004 0.0002922098
0017 000900 -10890637.74825 0.0002636149
0018 000952 -10888033.62838 0.0002391155
0019 001005 -10885659.58099 0.0002180419
0020 001058 -10883484.04358 0.0001998535
0021 001111 -10881480.43072 0.0001840966
0022 001163 -10879626.55286 0.0001703700
0023 001216 -10877903.92213 0.0001583355
0024 001269 -10876296.67833 0.0001477531
0025 001322 -10874790.94683 0.0001384416
0026 001375 -10873374.67092 0.0001302348
0027 001427 -10872037.58800 0.0001229685
0028 001480 -10870771.19932 0.0001164813
0029 001533 -10869568.50355 0.0001106357
0030 001586 -10868423.50494 0.0001053398
0031 001638 -10867330.83190 0.0001005365
0032 001691 -10866285.61379 0.0000961798
0033 001744 -10865283.56194 0.0000922166
0034 001797 -10864321.09506 0.0000885818
0035 001850 -10863395.20734 0.0000852228
0036 001903 -10862503.42167 0.0000820909
0037 001955 -10861643.94542 0.0000791232
0038 002008 -10860815.65251 0.0000762585
0039 002061 -10860017.98118 0.0000734449
0040 002114 -10859251.11370 0.0000706138
0041 002167 -10858516.37322 0.0000676603
0042 002219 -10857815.57802 0.0000645388
0043 002272 -10857149.96331 0.0000613028
0044 002325 -10856520.13182 0.0000580108
0045 002378 -10855925.88066 0.0000547368
0046 002431 -10855366.05588 0.0000515686
0047 002484 -10854838.85136 0.0000485663
0048 002536 -10854342.37889 0.0000457374
0049 002589 -10853874.98639 0.0000430604
0050 002642 -10853435.29018 0.0000405105
0051 002695 -10853022.33664 0.0000380482
0052 002748 -10852635.59423 0.0000356345
0053 002801 -10852274.63433 0.0000332601
0054 002854 -10851938.82812 0.0000309434
0055 002906 -10851627.26271 0.0000287106
0056 002959 -10851338.78173 0.0000265841
0057 003012 -10851072.01890 0.0000245834
0058 003065 -10850825.55879 0.0000227130
0059 003118 -10850598.03622 0.0000209682
0060 003171 -10850388.05866 0.0000193517
0061 003224 -10850194.14228 0.0000178718
0062 003277 -10850014.75296 0.0000165333
0063 003341 -10849848.41415 0.0000153307
0064 003413 -10849693.74971 0.0000142550
0065 003465 -10849549.42785 0.0000133019
0066 003518 -10849414.22576 0.0000124615
0067 003571 -10849287.37719 0.0000116917
0068 003623 -10849168.41540 0.0000109649
0069 003676 -10849056.66888 0.0000103000
0070 003741 -10848951.56930 0.0000096874
Start evaluating ...
  Columns 1 through 7

    0.0119    0.0132    0.0140    0.0146    0.0152    0.0155    0.0158

  Columns 8 through 10

    0.0161    0.0162    0.0165

    0.0040

Elapsed time is 3801.513110 seconds.
