nohup: ignoring input

                            < M A T L A B (R) >
                  Copyright 1984-2016 The MathWorks, Inc.
                   R2016a (9.0.0.341360) 64-bit (glnxa64)
                             February 11, 2016

 
To get started, type one of these: helpwin, helpdesk, or demo.
For product information, visit www.mathworks.com.
 

	Academic License

Start learning ...
Init data [Dtype: delicious - Dspec: sp3/1050]
Init social model
Using adagrad ...
Could not use CUDA
Params [lbd-U: 0.1000|lbd-V: 10.0000|lbd-N: 0.1000|lbd-Q: 0.0100]
Staring Sample 3 - Loc: save/ctrsmf/delicious-alg90-sp3-cold20170226131115325 
CTR-SMF Running ...

iter time likelihood converge
0001 000159 -10233871.97732 1.0000000000
0002 000303 -9960873.83798 0.0266759385
0003 000441 -9745537.84602 0.0216181828
0004 000577 -9680470.98653 0.0066765796
0005 000714 -9648332.28262 0.0033199525
0006 000849 -9624050.48077 0.0025166838
0007 000988 -9607356.76429 0.0017345832
0008 001124 -9596452.38448 0.0011350031
0009 001262 -9588577.17023 0.0008206381
0010 001400 -9582387.31994 0.0006455442
0011 001537 -9577212.14529 0.0005400715
0012 001674 -9572747.28654 0.0004661961
0013 001814 -9568833.28773 0.0004088689
0014 001957 -9565367.77318 0.0003621669
0015 002098 -9562276.45223 0.0003231785
0016 002240 -9559501.91536 0.0002901544
0017 002380 -9556998.19848 0.0002619087
0018 002523 -9554727.58673 0.0002375863
0019 002663 -9552658.40924 0.0002165606
0020 002806 -9550763.70805 0.0001983428
0021 002945 -9549020.53898 0.0001825162
0022 003090 -9547409.39695 0.0001687233
0023 003229 -9545913.59995 0.0001566705
0024 003372 -9544518.71554 0.0001461237
0025 003513 -9543212.15020 0.0001368917
0026 003655 -9541982.95807 0.0001288028
0027 003798 -9540821.86105 0.0001216830
0028 003938 -9539721.42101 0.0001153402
0029 004079 -9538676.04218 0.0001095817
0030 004219 -9537681.41646 0.0001042729
0031 004357 -9536733.98802 0.0000993353
0032 004498 -9535830.74500 0.0000947120
0033 004639 -9534969.06735 0.0000903621
0034 004776 -9534146.63518 0.0000862543
0035 004915 -9533361.41907 0.0000823583
0036 005049 -9532611.69526 0.0000786421
0037 005185 -9531896.05736 0.0000750726
0038 005324 -9531213.42245 0.0000716159
0039 005462 -9530563.02460 0.0000682387
0040 005599 -9529944.39616 0.0000649100
0041 005734 -9529357.28879 0.0000616066
0042 005871 -9528801.44613 0.0000583295
0043 006009 -9528276.30220 0.0000551112
0044 006146 -9527780.85707 0.0000519974
0045 006284 -9527313.76795 0.0000490239
0046 006421 -9526873.50791 0.0000462103
0047 006561 -9526458.49686 0.0000435621
0048 006696 -9526067.20544 0.0000410742
0049 006832 -9525698.27354 0.0000387287
0050 006969 -9525350.61243 0.0000364972
0051 007107 -9525023.41996 0.0000343497
0052 007243 -9524716.11252 0.0000322632
0053 007380 -9524428.18740 0.0000302293
0054 007517 -9524159.03137 0.0000282595
0055 007656 -9523907.78393 0.0000263800
0056 007791 -9523673.34365 0.0000246160
0057 007931 -9523454.51736 0.0000229771
0058 008069 -9523250.21953 0.0000214521
0059 008210 -9523059.59927 0.0000200163
0060 008347 -9522882.06208 0.0000186429
0061 008486 -9522717.15993 0.0000173164
0062 008624 -9522564.45752 0.0000160356
0063 008763 -9522423.47406 0.0000148052
0064 008901 -9522293.65930 0.0000136325
0065 009039 -9522174.37438 0.0000125269
0066 009186 -9522064.89989 0.0000114968
0067 009313 -9521964.48102 0.0000105459
0068 009429 -9521872.37207 0.0000096733
Start evaluating ...
  Columns 1 through 7

    0.0110    0.0114    0.0120    0.0127    0.0136    0.0143    0.0152

  Columns 8 through 10

    0.0163    0.0180    0.0191

    0.0044

Elapsed time is 9554.881640 seconds.
