nohup: ignoring input

                            < M A T L A B (R) >
                  Copyright 1984-2016 The MathWorks, Inc.
                   R2016a (9.0.0.341360) 64-bit (glnxa64)
                             February 11, 2016

 
To get started, type one of these: helpwin, helpdesk, or demo.
For product information, visit www.mathworks.com.
 

	Academic License

Start learning ...
Init data [Dtype: delicious - Dspec: sp3/1050]
Init social model
Using adagrad ...
Could not use CUDA
Params [lbd-U: 1.0000|lbd-V: 0.0100|lbd-N: 1.0000|lbd-Q: 0.0500]
Staring Sample 3 - Loc: save/ctrsmf/delicious-alg90-sp3-cold20170225185942616 
CTR-SMF Running ...

iter time likelihood converge
0001 000053 -10234890.30231 1.0000000000
0002 000102 -9963878.37594 0.0264792214
0003 000150 -9747594.15090 0.0217068311
0004 000199 -9681600.62906 0.0067702369
0005 000248 -9648796.62639 0.0033882830
0006 000297 -9624051.98367 0.0025645315
0007 000345 -9607038.18546 0.0017678415
0008 000394 -9595897.40439 0.0011596478
0009 000443 -9587840.55706 0.0008396137
0010 000491 -9581505.92334 0.0006606945
0011 000540 -9576213.37711 0.0005523710
0012 000589 -9571652.30115 0.0004762922
0013 000637 -9567658.18181 0.0004172863
0014 000686 -9564125.06595 0.0003692770
0015 000735 -9560976.35189 0.0003292213
0016 000784 -9558152.89094 0.0002953109
0017 000832 -9555607.28835 0.0002663279
0018 000881 -9553300.67986 0.0002413880
0019 000930 -9551200.47608 0.0002198406
0020 000979 -9549278.95056 0.0002011816
0021 001027 -9547512.50907 0.0001849817
0022 001076 -9545881.11054 0.0001708716
0023 001125 -9544367.63773 0.0001585472
0024 001173 -9542957.30121 0.0001477664
0025 001222 -9541637.20030 0.0001383325
0026 001271 -9540396.10734 0.0001300713
0027 001320 -9539224.49238 0.0001228057
0028 001368 -9538114.73950 0.0001163358
0029 001417 -9537061.16586 0.0001104593
0030 001466 -9536059.42467 0.0001050367
0031 001514 -9535105.94750 0.0000999865
0032 001563 -9534197.69252 0.0000952538
0033 001612 -9533331.95101 0.0000908038
0034 001660 -9532506.25856 0.0000866111
0035 001709 -9531718.42225 0.0000826473
0036 001758 -9530966.57080 0.0000788789
0037 001806 -9530249.16972 0.0000752705
0038 001855 -9529565.01266 0.0000717880
0039 001903 -9528913.21694 0.0000683972
0040 001952 -9528293.22594 0.0000650642
0041 002003 -9527704.74534 0.0000617614
0042 002144 -9527147.52019 0.0000584847
0043 002287 -9526621.03423 0.0000552617
0044 002430 -9526124.37653 0.0000521337
0045 002570 -9525656.30272 0.0000491358
0046 002713 -9525215.35120 0.0000462909
0047 002855 -9524799.95207 0.0000436105
0048 002996 -9524408.54336 0.0000410936
0049 003137 -9524039.70945 0.0000387251
0050 003281 -9523692.29639 0.0000364775
0051 003418 -9523365.43975 0.0000343204
0052 003557 -9523058.49887 0.0000322303
0053 003695 -9522770.91778 0.0000301984
0054 003835 -9522502.04736 0.0000282345
0055 003971 -9522251.03132 0.0000263603
0056 004109 -9522016.83260 0.0000245949
0057 004247 -9521798.38501 0.0000229413
0058 004385 -9521594.76035 0.0000213851
0059 004524 -9521405.21672 0.0000199067
0060 004662 -9521229.13474 0.0000184933
0061 004797 -9521065.92098 0.0000171421
0062 004936 -9520914.96413 0.0000158550
0063 005072 -9520775.65495 0.0000146319
0064 005211 -9520647.40210 0.0000134708
0065 005347 -9520529.61679 0.0000123716
0066 005486 -9520421.69435 0.0000113358
0067 005625 -9520323.01413 0.0000103651
0068 005763 -9520232.93003 0.0000094623
Start evaluating ...
  Columns 1 through 7

    0.0102    0.0116    0.0119    0.0122    0.0125    0.0128    0.0129

  Columns 8 through 10

    0.0131    0.0134    0.0135

    0.0033

Elapsed time is 5892.084006 seconds.
