nohup: ignoring input

                            < M A T L A B (R) >
                  Copyright 1984-2016 The MathWorks, Inc.
                   R2016a (9.0.0.341360) 64-bit (glnxa64)
                             February 11, 2016

 
To get started, type one of these: helpwin, helpdesk, or demo.
For product information, visit www.mathworks.com.
 

	Academic License

Start learning ...
Init data [Dtype: delicious - Dspec: sp2/1050]
Init social model
Using adagrad ...
Could not use CUDA
Params [lbd-U: 0.1000|lbd-V: 1.0000|lbd-N: 0.1000|lbd-Q: 0.0500]
Staring Sample 2 - Loc: save/ctrsmf/delicious-alg90-sp2-cold20170225154206125 
CTR-SMF Running ...

iter time likelihood converge
0001 000054 -11666204.05070 1.0000000000
0002 000106 -11350607.58935 0.0270521980
0003 000159 -11106114.95183 0.0215400485
0004 000211 -11031928.21534 0.0066798099
0005 000263 -10995334.58690 0.0033170655
0006 000315 -10967881.19965 0.0024968215
0007 000367 -10948915.10248 0.0017292398
0008 000420 -10936490.78894 0.0011347529
0009 000472 -10927497.36009 0.0008223322
0010 000524 -10920400.77846 0.0006494242
0011 000576 -10914452.69922 0.0005446759
0012 000628 -10909316.00608 0.0004706322
0013 000680 -10904813.40833 0.0004127296
0014 000733 -10900829.34365 0.0003653492
0015 000785 -10897278.68818 0.0003257234
0016 000837 -10894094.80464 0.0002921724
0017 000889 -10891223.44800 0.0002635700
0018 000941 -10888619.72013 0.0002390666
0019 000993 -10886246.09070 0.0002179918
0020 001045 -10884070.97680 0.0001998039
0021 001097 -10882067.78238 0.0001840483
0022 001149 -10880214.31391 0.0001703232
0023 001202 -10878492.08009 0.0001582904
0024 001254 -10876885.21300 0.0001477105
0025 001306 -10875379.82510 0.0001384025
0026 001358 -10873963.84364 0.0001302006
0027 001410 -10872626.99194 0.0001229406
0028 001462 -10871360.76651 0.0001164599
0029 001543 -10870158.17915 0.0001106198
0030 001595 -10869013.26935 0.0001053260
0031 001647 -10867920.71646 0.0001005200
0032 001699 -10866875.69702 0.0000961563
0033 001751 -10865873.94405 0.0000921841
0034 001803 -10864911.86662 0.0000885412
0035 001855 -10863986.43405 0.0000851763
0036 001907 -10863095.15260 0.0000820400
0037 001959 -10862236.23317 0.0000790677
0038 002011 -10861408.57068 0.0000761963
0039 002063 -10860611.63157 0.0000733735
0040 002115 -10859845.61596 0.0000705315
0041 002167 -10859111.83250 0.0000675685
0042 002219 -10858412.06296 0.0000644408
0043 002271 -10857747.49369 0.0000612032
0044 002323 -10857118.67668 0.0000579141
0045 002374 -10856525.37185 0.0000546466
0046 002426 -10855966.40146 0.0000514870
0047 002478 -10855439.93382 0.0000484957
0048 002530 -10854944.04633 0.0000456810
0049 002582 -10854477.07509 0.0000430192
0050 002634 -10854037.65174 0.0000404831
0051 002686 -10853624.84474 0.0000380326
0052 002738 -10853238.15871 0.0000356274
0053 002790 -10852877.19219 0.0000332589
0054 002841 -10852541.30859 0.0000309488
0055 002893 -10852229.57604 0.0000287244
0056 002945 -10851940.84748 0.0000266055
0057 002997 -10851673.80680 0.0000246076
0058 003049 -10851427.08675 0.0000227357
0059 003101 -10851199.32345 0.0000209892
0060 003153 -10850989.09588 0.0000193737
0061 003205 -10850794.89103 0.0000178974
0062 003257 -10850615.16231 0.0000165636
0063 003309 -10850448.43558 0.0000153656
0064 003361 -10850293.33140 0.0000142947
0065 003412 -10850148.50120 0.0000133480
0066 003464 -10850012.71907 0.0000125143
0067 003516 -10849885.25509 0.0000117478
0068 003568 -10849765.70412 0.0000110186
0069 003620 -10849653.48157 0.0000103433
0070 003672 -10849548.12076 0.0000097110
Start evaluating ...
  Columns 1 through 7

    0.0119    0.0131    0.0142    0.0148    0.0153    0.0159    0.0166

  Columns 8 through 10

    0.0171    0.0178    0.0184

    0.0043

Elapsed time is 3744.892069 seconds.
