nohup: ignoring input

                            < M A T L A B (R) >
                  Copyright 1984-2016 The MathWorks, Inc.
                   R2016a (9.0.0.341360) 64-bit (glnxa64)
                             February 11, 2016

 
To get started, type one of these: helpwin, helpdesk, or demo.
For product information, visit www.mathworks.com.
 

	Academic License

Start learning ...
Init data [Dtype: delicious - Dspec: sp3/1050]
Init social model
Using adagrad ...
Could not use CUDA
Params [lbd-U: 0.0100|lbd-V: 0.1000|lbd-N: 0.0100|lbd-Q: 0.0500]
Staring Sample 3 - Loc: save/ctrsmf/delicious-alg90-sp3-cold20170225185942660 
CTR-SMF Running ...

iter time likelihood converge
0001 000053 -10225427.54053 1.0000000000
0002 000102 -9956478.29888 0.0263020045
0003 000151 -9741373.65545 0.0216044908
0004 000200 -9676334.49884 0.0066765899
0005 000249 -9644187.32034 0.0033222475
0006 000298 -9619892.58825 0.0025191062
0007 000348 -9603195.77580 0.0017356548
0008 000397 -9592286.47743 0.0011360071
0009 000446 -9584404.04710 0.0008217468
0010 000495 -9578204.11676 0.0006468770
0011 000544 -9573017.59281 0.0005414923
0012 000593 -9568541.20172 0.0004676050
0013 000642 -9564615.52291 0.0004102693
0014 000691 -9561138.25583 0.0003635553
0015 000740 -9558035.48885 0.0003245186
0016 000790 -9555250.09838 0.0002914187
0017 000839 -9552736.24274 0.0002630863
0018 000888 -9550456.26616 0.0002386726
0019 000937 -9548378.53002 0.0002175536
0020 000986 -9546476.06231 0.0001992451
0021 001035 -9544725.87157 0.0001833337
0022 001084 -9543108.40140 0.0001694622
0023 001133 -9541606.92663 0.0001573360
0024 001182 -9540206.97696 0.0001467205
0025 001231 -9538895.91304 0.0001374251
0026 001281 -9537662.72244 0.0001292802
0027 001330 -9536498.05321 0.0001221126
0028 001379 -9535394.43716 0.0001157255
0029 001428 -9534346.31414 0.0001099192
0030 001477 -9533349.43930 0.0001045562
0031 001526 -9532400.32915 0.0000995568
0032 001575 -9531496.01276 0.0000948676
0033 001624 -9530633.84076 0.0000904551
0034 001673 -9529811.39870 0.0000862946
0035 001722 -9529026.53587 0.0000823587
0036 001771 -9528277.41663 0.0000786145
0037 001821 -9527562.53617 0.0000750273
0038 001870 -9526880.71255 0.0000715633
0039 001919 -9526231.08352 0.0000681891
0040 001968 -9525613.11012 0.0000648707
0041 002049 -9525026.51353 0.0000615810
0042 002194 -9524471.05225 0.0000583160
0043 002337 -9523946.22154 0.0000551034
0044 002480 -9523451.12054 0.0000519849
0045 002622 -9522984.51389 0.0000489955
0046 002765 -9522544.94790 0.0000461584
0047 002905 -9522130.85931 0.0000434851
0048 003047 -9521740.69175 0.0000409748
0049 003188 -9521373.03438 0.0000386124
0050 003335 -9521026.73747 0.0000363705
0051 003475 -9520700.94043 0.0000342187
0052 003614 -9520395.00618 0.0000321336
0053 003752 -9520108.38218 0.0000301063
0054 003890 -9519840.42249 0.0000281467
0055 004028 -9519590.27370 0.0000262766
0056 004167 -9519356.90127 0.0000245150
0057 004307 -9519139.24124 0.0000228650
0058 004444 -9518936.36747 0.0000213122
0059 004582 -9518747.53995 0.0000198370
0060 004721 -9518572.14113 0.0000184267
0061 004860 -9518409.57931 0.0000170784
0062 004997 -9518259.24496 0.0000157941
0063 005135 -9518120.53056 0.0000145735
0064 005273 -9517992.84630 0.0000134149
0065 005413 -9517875.60455 0.0000123179
0066 005549 -9517768.20133 0.0000112844
0067 005687 -9517670.01631 0.0000103160
0068 005821 -9517580.40375 0.0000094154
Start evaluating ...
  Columns 1 through 7

    0.0103    0.0109    0.0113    0.0121    0.0125    0.0126    0.0127

  Columns 8 through 10

    0.0128    0.0130    0.0131

    0.0037

Elapsed time is 5947.875026 seconds.
