nohup: ignoring input

                            < M A T L A B (R) >
                  Copyright 1984-2016 The MathWorks, Inc.
                   R2016a (9.0.0.341360) 64-bit (glnxa64)
                             February 11, 2016

 
To get started, type one of these: helpwin, helpdesk, or demo.
For product information, visit www.mathworks.com.
 

	Academic License

Start learning ...
Init data [Dtype: delicious - Dspec: sp3/1050]
Init social model
Using adagrad ...
Could not use CUDA
Params [lbd-U: 0.1000|lbd-V: 1.0000|lbd-N: 0.1000|lbd-Q: 0.0500]
Staring Sample 3 - Loc: save/ctrsmf/delicious-alg90-sp3-cold20170225185942858 
CTR-SMF Running ...

iter time likelihood converge
0001 000061 -10229617.24118 1.0000000000
0002 000149 -9958395.58112 0.0265133732
0003 000217 -9743088.03001 0.0216207068
0004 000266 -9677929.68244 0.0066876485
0005 000316 -9645702.47475 0.0033299692
0006 000365 -9621347.40638 0.0025249657
0007 000415 -9604599.74252 0.0017406776
0008 000464 -9593648.77288 0.0011401797
0009 000513 -9585733.34486 0.0008250696
0010 000563 -9579507.54085 0.0006494865
0011 000613 -9574300.47186 0.0005435633
0012 000662 -9569807.48758 0.0004692755
0013 000722 -9565868.21362 0.0004116357
0014 000803 -9562379.66675 0.0003646869
0015 000852 -9559267.43214 0.0003254665
0016 000902 -9556474.00205 0.0002922222
0017 000952 -9553953.22806 0.0002637766
0018 001001 -9551667.20963 0.0002392746
0019 001051 -9549584.11854 0.0002180866
0020 001100 -9547676.83937 0.0001997238
0021 001150 -9545922.27306 0.0001837689
0022 001200 -9544300.78012 0.0001698624
0023 001249 -9542795.56560 0.0001577082
0024 001299 -9541392.09291 0.0001470714
0025 001349 -9540077.65619 0.0001377615
0026 001399 -9538841.18045 0.0001296086
0027 001448 -9537673.25936 0.0001224385
0028 001498 -9536566.37338 0.0001160541
0029 001548 -9535514.91820 0.0001102551
0030 001597 -9534514.63691 0.0001049006
0031 001647 -9533562.07748 0.0000999064
0032 001697 -9532654.34663 0.0000952142
0033 001747 -9531788.90442 0.0000907871
0034 001797 -9530963.44043 0.0000866012
0035 001846 -9530175.85877 0.0000826340
0036 001896 -9529424.30395 0.0000788605
0037 001945 -9528707.18937 0.0000752527
0038 001995 -9528023.23623 0.0000717782
0039 002133 -9527371.51938 0.0000684000
0040 002283 -9526751.48782 0.0000650790
0041 002433 -9526162.88231 0.0000617845
0042 002581 -9525605.48082 0.0000585127
0043 002734 -9525078.77659 0.0000552935
0044 002885 -9524581.84620 0.0000521707
0045 003030 -9524113.43185 0.0000491795
0046 003180 -9523672.07569 0.0000463409
0047 003325 -9523256.22772 0.0000436647
0048 003463 -9522864.35313 0.0000411492
0049 003601 -9522495.06930 0.0000387787
0050 003737 -9522147.26131 0.0000365249
0051 003875 -9521820.10186 0.0000343577
0052 004013 -9521512.97301 0.0000322553
0053 004151 -9521225.31533 0.0000302113
0054 004288 -9520956.43964 0.0000282396
0055 004425 -9520705.41007 0.0000263660
0056 004563 -9520471.07991 0.0000246127
0057 004703 -9520252.26150 0.0000229840
0058 004841 -9520047.92427 0.0000214634
0059 004979 -9519857.29896 0.0000200236
0060 005114 -9519679.85344 0.0000186395
0061 005252 -9519515.15042 0.0000173013
0062 005389 -9519362.72744 0.0000160116
0063 005529 -9519222.07173 0.0000147757
0064 005665 -9519092.62003 0.0000135990
0065 005807 -9518973.75603 0.0000124869
0066 005950 -9518864.82696 0.0000114434
0067 006079 -9518765.17700 0.0000104687
0068 006196 -9518674.14776 0.0000095631
Start evaluating ...
  Columns 1 through 7

    0.0109    0.0123    0.0127    0.0131    0.0135    0.0139    0.0141

  Columns 8 through 10

    0.0144    0.0149    0.0151

    0.0040

Elapsed time is 6297.883070 seconds.
