nohup: ignoring input

                            < M A T L A B (R) >
                  Copyright 1984-2016 The MathWorks, Inc.
                   R2016a (9.0.0.341360) 64-bit (glnxa64)
                             February 11, 2016

 
To get started, type one of these: helpwin, helpdesk, or demo.
For product information, visit www.mathworks.com.
 

	Academic License

Start learning ...
Init data [Dtype: delicious - Dspec: sp2/1050]
Init social model
Using adagrad ...
Could not use CUDA
Params [lbd-U: 1.0000|lbd-V: 1.0000|lbd-N: 1.0000|lbd-Q: 0.0500]
Staring Sample 2 - Loc: save/ctrsmf/delicious-alg90-sp2-cold20170225154205745 
CTR-SMF Running ...

iter time likelihood converge
0001 000059 -11674232.40879 1.0000000000
0002 000154 -11353810.87957 0.0274469034
0003 000232 -11108267.16491 0.0216265461
0004 000284 -11034113.71245 0.0066755194
0005 000337 -10997599.12376 0.0033092453
0006 000389 -10970217.19221 0.0024898099
0007 000442 -10951309.64926 0.0017235341
0008 000495 -10938932.47410 0.0011302005
0009 000547 -10929977.03812 0.0008186755
0010 000600 -10922911.24296 0.0006464602
0011 000652 -10916988.27874 0.0005422514
0012 000705 -10911872.22415 0.0004686324
0013 000758 -10907386.71377 0.0004110670
0014 000810 -10903416.89888 0.0003639566
0015 000875 -10899878.20663 0.0003245489
0016 000969 -10896704.42723 0.0002911757
0017 001064 -10893841.64898 0.0002627196
0018 001136 -10891245.23462 0.0002383378
0019 001198 -10888877.85852 0.0002173651
0020 001274 -10886708.09973 0.0001992638
0021 001326 -10884709.49180 0.0001835824
0022 001379 -10882859.94620 0.0001699214
0023 001431 -10881141.05748 0.0001579446
0024 001484 -10879537.02869 0.0001474137
0025 001537 -10878034.03222 0.0001381489
0026 001589 -10876620.04752 0.0001299853
0027 001642 -10875284.84396 0.0001227591
0028 001694 -10874019.95880 0.0001163082
0029 001747 -10872818.44028 0.0001104944
0030 001800 -10871674.36123 0.0001052238
0031 001852 -10870582.43149 0.0001004380
0032 001905 -10869537.85481 0.0000960921
0033 001957 -10868536.38816 0.0000921352
0034 002010 -10867574.46246 0.0000885055
0035 002062 -10866649.06815 0.0000851519
0036 002125 -10865757.73177 0.0000820250
0037 002177 -10864898.68231 0.0000790602
0038 002230 -10864070.82984 0.0000761951
0039 002282 -10863273.65357 0.0000733773
0040 002335 -10862507.36297 0.0000705396
0041 002387 -10861773.27168 0.0000675803
0042 002440 -10861073.17046 0.0000644555
0043 002493 -10860408.25615 0.0000612199
0044 002545 -10859779.08970 0.0000579321
0045 002598 -10859185.43998 0.0000546650
0046 002650 -10858626.13704 0.0000515051
0047 002703 -10858099.35387 0.0000485129
0048 002755 -10857603.16625 0.0000456975
0049 002808 -10857135.89717 0.0000430361
0050 002861 -10856696.15524 0.0000405026
0051 002913 -10856282.98626 0.0000380566
0052 002966 -10855895.88536 0.0000356569
0053 003018 -10855534.46341 0.0000332927
0054 003071 -10855198.11309 0.0000309842
0055 003124 -10854885.93165 0.0000287587
0056 003176 -10854596.78444 0.0000266375
0057 003229 -10854329.34868 0.0000246380
0058 003281 -10854082.24732 0.0000227652
0059 003334 -10853854.11828 0.0000210178
0060 003386 -10853643.54745 0.0000194006
0061 003439 -10853449.02346 0.0000179225
0062 003492 -10853268.99405 0.0000165873
0063 003544 -10853101.97551 0.0000153888
0064 003597 -10852946.58077 0.0000143180
0065 003649 -10852801.46143 0.0000133714
0066 003709 -10852665.40426 0.0000125366
0067 003770 -10852537.70222 0.0000117669
0068 003824 -10852417.96748 0.0000110329
0069 003874 -10852305.62021 0.0000103523
0070 003924 -10852200.18379 0.0000097156
Start evaluating ...
  Columns 1 through 7

    0.0123    0.0135    0.0143    0.0151    0.0157    0.0166    0.0170

  Columns 8 through 10

    0.0175    0.0179    0.0185

    0.0042

Elapsed time is 3981.014881 seconds.
