nohup: ignoring input

                            < M A T L A B (R) >
                  Copyright 1984-2016 The MathWorks, Inc.
                   R2016a (9.0.0.341360) 64-bit (glnxa64)
                             February 11, 2016

 
To get started, type one of these: helpwin, helpdesk, or demo.
For product information, visit www.mathworks.com.
 

	Academic License

Start learning ...
Init data [Dtype: delicious - Dspec: sp2/1050]
Init social model
Using adagrad ...
Could not use CUDA
Params [lbd-U: 10.0000|lbd-V: 100.0000|lbd-N: 10.0000|lbd-Q: 0.1000]
Staring Sample 2 - Loc: save/ctrsmf/delicious-alg90-sp2-cold20170224205545746 
CTR-SMF Running ...

iter time likelihood converge
0001 000058 -11677336.06833 1.0000000000
0002 000144 -11358887.58866 0.0272706444
0003 000240 -11113824.72520 0.0215745478
0004 000360 -11038723.50262 0.0067574597
0005 000481 -11002034.36388 0.0033236759
0006 000593 -10974762.53836 0.0024787984
0007 000701 -10955912.92787 0.0017175415
0008 000818 -10943590.79803 0.0011247013
0009 000943 -10934709.54300 0.0008115485
0010 001063 -10927727.95298 0.0006384797
0011 001179 -10921890.63053 0.0005341753
0012 001296 -10916856.69278 0.0004609035
0013 001410 -10912448.38245 0.0004038077
0014 001521 -10908551.04799 0.0003571457
0015 001641 -10905080.60835 0.0003181394
0016 001755 -10901971.21922 0.0002851322
0017 001871 -10899169.22892 0.0002570168
0018 001988 -10896630.21703 0.0002329546
0019 002102 -10894317.07827 0.0002122802
0020 002214 -10892198.66277 0.0001944514
0021 002324 -10890248.84574 0.0001790104
0022 002437 -10888445.90252 0.0001655557
0023 002554 -10886771.62763 0.0001537662
0024 002668 -10885210.20083 0.0001434242
0025 002786 -10883747.63499 0.0001343627
0026 002890 -10882371.66565 0.0001264242
0027 003002 -10881071.78127 0.0001194486
0028 003122 -10879839.27913 0.0001132703
0029 003237 -10878667.12704 0.0001077362
0030 003351 -10877549.52282 0.0001027336
0031 003464 -10876481.43925 0.0000981916
0032 003575 -10875458.43199 0.0000940568
0033 003687 -10874476.67077 0.0000902731
0034 003804 -10873533.02454 0.0000867762
0035 003918 -10872624.90568 0.0000835164
0036 004034 -10871750.20845 0.0000804495
0037 004145 -10870907.50771 0.0000775129
0038 004261 -10870096.07313 0.0000746428
0039 004371 -10869315.77545 0.0000717839
0040 004484 -10868567.24307 0.0000688666
0041 004593 -10867852.01718 0.0000658068
0042 004705 -10867171.68340 0.0000626006
0043 004816 -10866527.05074 0.0000593193
0044 004931 -10865918.23689 0.0000560265
0045 005043 -10865344.53827 0.0000527980
0046 005159 -10864804.41758 0.0000497104
0047 005267 -10864295.84530 0.0000468092
0048 005380 -10863816.68458 0.0000441042
0049 005491 -10863364.90001 0.0000415862
0050 005601 -10862938.80748 0.0000392229
0051 005709 -10862537.26595 0.0000369644
0052 005817 -10862159.64112 0.0000347640
0053 005928 -10861805.67212 0.0000325873
0054 006034 -10861475.23124 0.0000304223
0055 006147 -10861167.96284 0.0000282897
0056 006263 -10860883.08640 0.0000262289
0057 006375 -10860619.48428 0.0000242708
0058 006486 -10860375.86505 0.0000224314
0059 006594 -10860150.72552 0.0000207304
0060 006704 -10859942.31172 0.0000191907
0061 006815 -10859749.02382 0.0000177982
0062 006934 -10859569.81994 0.0000165017
0063 007046 -10859403.64020 0.0000153026
0064 007156 -10859249.27247 0.0000142151
0065 007269 -10859105.82940 0.0000132093
0066 007378 -10858972.72701 0.0000122572
0067 007491 -10858849.39605 0.0000113575
0068 007602 -10858735.13569 0.0000105223
0069 007715 -10858629.13072 0.0000097622
Start evaluating ...
  Columns 1 through 7

    0.0044    0.0071    0.0098    0.0119    0.0138    0.0155    0.0174

  Columns 8 through 10

    0.0189    0.0206    0.0219

    0.0013

Elapsed time is 7818.775007 seconds.
