nohup: ignoring input

                            < M A T L A B (R) >
                  Copyright 1984-2016 The MathWorks, Inc.
                   R2016a (9.0.0.341360) 64-bit (glnxa64)
                             February 11, 2016

 
To get started, type one of these: helpwin, helpdesk, or demo.
For product information, visit www.mathworks.com.
 

	Academic License

Start learning ...
Init data [Dtype: delicious - Dspec: sp2/2550]
Init social model
Using adagrad ...
Load pretrained shallow-model...
Params [lbd-U: 100.0000|lbd-V: 10.0000|lbd-N: 100.0000|lbd-Q: 0.0500]
Staring Sample 2 - Loc: save/bcdl/delicious-alg61-sp2-cold20170225193336042 
CTR(chongwang)-DAE(User graph) Running - Walks(1)...
-1/200: 43592242.291371/14144.186001/43578098.105370/1.000000000
-2/200: 43534113.134061/13916.574825/43520196.559236/0.001333475
-3/200: 43533115.826769/13916.992212/43519198.834557/0.000022909
-4/200: 43533186.845212/13917.871277/43519268.973935/0.000001631
-5/200: 43532065.881337/13918.700820/43518147.180517/0.000025750
-6/200: 43532132.070247/13919.456212/43518212.614035/0.000001520
-7/200: 43534385.991907/13920.151881/43520465.840026/0.000051776
-8/200: 43534863.250167/13920.805287/43520942.444880/0.000010963
-9/200: 43534521.631502/13921.429899/43520600.201603/0.000007847
-10/200: 43534893.862653/13922.009033/43520971.853620/0.000008550
-11/200: 43534177.716885/13922.561025/43520255.155860/0.000016450
-12/200: 43533553.374322/13923.091721/43519630.282601/0.000014341
-13/200: 43534783.775962/13923.599826/43520860.176136/0.000028263
-14/200: 43535404.431656/13924.086583/43521480.345073/0.000014257
-15/200: 43534547.550045/13924.562995/43520622.987050/0.000019682
-16/200: 43534631.631443/13925.018435/43520706.613008/0.000001931
-17/200: 43535452.017759/13925.453878/43521526.563881/0.000018844
-18/200: 43536892.330934/13925.875673/43522966.455261/0.000033084
-19/200: 43535943.900889/13926.289222/43522017.611667/0.000021785
-20/200: 43536326.478584/13926.686213/43522399.792371/0.000008788
-21/200: 43535103.323088/13927.079935/43521176.243153/0.000028095
-22/200: 43536625.497024/13927.461268/43522698.035756/0.000034964
-23/200: 43537151.255366/13927.834747/43523223.420619/0.000012076
-24/200: 43537825.579330/13928.196726/43523897.382604/0.000015488
-25/200: 43536722.330829/13928.553215/43522793.777614/0.000025340
-26/200: 43536866.817462/13928.904462/43522937.913000/0.000003319
-27/200: 43536375.787067/13929.246701/43522446.540366/0.000011278
-28/200: 43538479.520426/13929.578848/43524549.941578/0.000048321
-29/200: 43538264.346503/13929.905113/43524334.441390/0.000004942
-30/200: 43537645.248522/13930.225977/43523715.022545/0.000014220
-31/200: 43537633.480072/13930.539345/43523702.940727/0.000000270
-32/200: 43538451.340879/13930.849935/43524520.490944/0.000018785
-33/200: 43536062.387444/13931.152647/43522131.234797/0.000054870
-34/200: 43538449.818694/13931.451905/43524518.366789/0.000054838
-35/200: 43536581.319306/13931.744990/43522649.574316/0.000042916
-36/200: 43538105.247589/13932.034803/43524173.212786/0.000035003
-37/200: 43538308.679542/13932.319989/43524376.359553/0.000004673
-38/200: 43537831.575221/13932.599836/43523898.975385/0.000010958
-39/200: 43538496.983169/13932.876338/43524564.106831/0.000015283
-40/200: 43538168.360073/13933.147691/43524235.212382/0.000007548
-41/200: 43539537.023636/13933.417325/43525603.606311/0.000031436
-42/200: 43539718.632862/13933.682448/43525784.950414/0.000004171
-43/200: 43539413.698954/13933.944055/43525479.754899/0.000007004
-44/200: 43539611.201686/13934.198805/43525677.002881/0.000004536
-45/200: 43539396.976384/13934.451661/43525462.524723/0.000004920
-46/200: 43539364.892318/13934.702625/43525430.189693/0.000000737
-47/200: 43540080.618959/13934.947865/43526145.671094/0.000016439
-48/200: 43540015.323564/13935.190190/43526080.133374/0.000001500
-49/200: 43538919.300504/13935.431894/43524983.868610/0.000025173
-50/200: 43539411.447122/13935.668278/43525475.778844/0.000011304
-51/200: 43539437.916461/13935.901670/43525502.014791/0.000000608
-52/200: 43540919.597567/13936.132027/43526983.465540/0.000034031
-53/200: 43539426.718720/13936.361730/43525490.356990/0.000034287
-54/200: 43540131.565559/13936.589114/43526194.976445/0.000016189
-55/200: 43540040.845676/13936.811879/43526104.033797/0.000002084
-56/200: 43540049.316522/13937.032064/43526112.284458/0.000000195
-57/200: 43540454.467879/13937.253617/43526517.214262/0.000009305
-58/200: 43540974.432747/13937.471907/43527036.960840/0.000011942
-59/200: 43540685.964383/13937.687611/43526748.276772/0.000006625
-60/200: 43540803.111443/13937.899023/43526865.212420/0.000002691
-61/200: 43540013.310834/13938.109699/43526075.201135/0.000018139
-62/200: 43541417.090928/13938.317992/43527478.772936/0.000032241
-63/200: 43540728.098429/13938.523582/43526789.574847/0.000015824
-64/200: 43542176.855451/13938.727827/43528238.127624/0.000033274
-65/200: 43542220.984015/13938.931632/43528282.052383/0.000001013
-66/200: 43542063.381840/13939.134381/43528124.247459/0.000003620
-67/200: 43541065.357819/13939.333593/43527126.024226/0.000022921
-68/200: 43541180.993652/13939.530408/43527241.463244/0.000002656
-69/200: 43541420.819021/13939.725098/43527481.093923/0.000005508
-70/200: 43541356.001287/13939.918837/43527416.082450/0.000001489
-71/200: 43542323.290105/13940.112043/43528383.178062/0.000022215
-72/200: 43541819.817709/13940.300854/43527879.516855/0.000011563
-73/200: 43542860.266745/13940.490436/43528919.776309/0.000023895
-74/200: 43542421.102023/13940.678039/43528480.423984/0.000010086
-75/200: 43542068.852023/13940.863877/43528127.988146/0.000008090
-76/200: 43543054.649989/13941.048232/43529113.601757/0.000022640
-77/200: 43543248.888369/13941.232183/43529307.656186/0.000004461
-78/200: 43543224.985736/13941.411798/43529283.573938/0.000000549
-79/200: 43542194.444325/13941.592160/43528252.852165/0.000023667
-80/200: 43542366.928350/13941.770368/43528425.157982/0.000003961
-81/200: 43542937.557741/13941.947062/43528995.610679/0.000013105
-82/200: 43543640.160872/13942.121799/43529698.039073/0.000016136
-83/200: 43542994.019322/13942.296930/43529051.722392/0.000014839
-84/200: 43542824.085011/13942.468281/43528881.616730/0.000003903
-85/200: 43543531.889658/13942.639962/43529589.249696/0.000016255
-86/200: 43543569.340159/13942.809695/43529626.530464/0.000000860
-87/200: 43543678.035750/13942.979015/43529735.056735/0.000002496
-88/200: 43544068.161802/13943.146506/43530125.015296/0.000008959
-89/200: 43543717.300293/13943.313446/43529773.986847/0.000008058
-90/200: 43544062.441861/13943.478626/43530118.963235/0.000007926
-91/200: 43543971.484039/13943.641240/43530027.842799/0.000002089
-92/200: 43544379.024862/13943.803700/43530435.221162/0.000009359
-93/200: 43544155.308637/13943.964295/43530211.344342/0.000005138
-94/200: 43544849.512835/13944.124014/43530905.388821/0.000015943
-95/200: 43544576.830460/13944.282894/43530632.547566/0.000006262
-96/200: 43544187.859296/13944.441544/43530243.417752/0.000008933
-97/200: 43544665.590040/13944.599717/43530720.990323/0.000010971
-98/200: 43544971.804602/13944.755213/43531027.049389/0.000007032
-99/200: 43545104.937150/13944.910539/43531160.026611/0.000003057
Recall at EP-100 ...
  Columns 1 through 7

    0.0018    0.0038    0.0053    0.0069    0.0084    0.0102    0.0116

  Columns 8 through 10

    0.0128    0.0140    0.0149

Mrr at EP-100 ...
   6.1018e-04

-100/200: 43544766.680824/13945.065543/43530821.615281/0.000007768
-101/200: 43544602.729254/13945.216809/43530657.512445/0.000003765
-102/200: 43545008.411123/13945.369440/43531063.041683/0.000009316
-103/200: 43545658.631588/13945.520883/43531713.110705/0.000014932
-104/200: 43545043.370429/13945.670023/43531097.700406/0.000014129
-105/200: 43545594.061334/13945.818977/43531648.242357/0.000012646
-106/200: 43545188.133256/13945.967762/43531242.165494/0.000009322
-107/200: 43545573.344694/13946.116071/43531627.228623/0.000008846
-108/200: 43546051.138254/13946.261726/43532104.876528/0.000010972
-109/200: 43545575.413354/13946.406759/43531629.006595/0.000010925
-110/200: 43545457.538710/13946.550467/43531510.988243/0.000002707
-111/200: 43546261.040830/13946.696015/43532314.344815/0.000018452
-112/200: 43546204.213165/13946.840213/43532257.372952/0.000001305
-113/200: 43545986.923817/13946.983076/43532039.940741/0.000004990
-114/200: 43545825.887146/13947.125399/43531878.761747/0.000003698
-115/200: 43546199.545246/13947.266705/43532252.278541/0.000008581
-116/200: 43546084.578380/13947.406694/43532137.171686/0.000002640
-117/200: 43546607.571708/13947.545877/43532660.025831/0.000012010
-118/200: 43546525.946271/13947.685975/43532578.260296/0.000001874
-119/200: 43546922.544305/13947.824343/43532974.719962/0.000009107
-120/200: 43546705.763005/13947.960539/43532757.802466/0.000004978
-121/200: 43547097.310665/13948.096253/43533149.214412/0.000008991
-122/200: 43547200.253868/13948.231081/43533252.022787/0.000002364
-123/200: 43546934.935524/13948.366790/43532986.568734/0.000006093
-124/200: 43547106.560710/13948.499661/43533158.061049/0.000003941
-125/200: 43547225.583202/13948.632723/43533276.950479/0.000002733
-126/200: 43547237.937701/13948.765622/43533289.172079/0.000000284
-127/200: 43547239.087820/13948.898361/43533290.189459/0.000000026
Start evaluating ...
  Columns 1 through 7

    0.0012    0.0023    0.0033    0.0042    0.0053    0.0063    0.0073

  Columns 8 through 10

    0.0081    0.0091    0.0099

   4.7457e-04

Elapsed time is 23202.118289 seconds.
