nohup: ignoring input

                            < M A T L A B (R) >
                  Copyright 1984-2016 The MathWorks, Inc.
                   R2016a (9.0.0.341360) 64-bit (glnxa64)
                             February 11, 2016

 
To get started, type one of these: helpwin, helpdesk, or demo.
For product information, visit www.mathworks.com.
 

	Academic License

Start learning ...
Init data [Dtype: delicious - Dspec: sp2/5050]
Init social model
Using adagrad ...
Params [lbd-U: 10.0000|lbd-V: 100.0000|lbd-N: 10.0000|lbd-Q: 0.0100]
Staring Sample 2 - Loc: save/ctrsmf/delicious-alg90-sp2-cold20170226203650998 
CTR-SMF Running ...

iter time likelihood converge
0001 000489 -44454050.23095 1.0000000000
0002 001062 -43356568.58524 0.0246880012
0003 001620 -42424204.01310 0.0215045748
0004 002184 -42152873.90631 0.0063956440
0005 002745 -42031326.58977 0.0028834882
0006 003303 -41948793.63877 0.0019636057
0007 003846 -41890634.47249 0.0013864324
0008 004384 -41848682.67425 0.0010014601
0009 004919 -41815826.35139 0.0007851220
0010 005462 -41788535.80173 0.0006526369
0011 006004 -41765022.24601 0.0005626796
0012 006539 -41744366.73676 0.0004945648
0013 007069 -41726023.09524 0.0004394280
0014 007599 -41709607.93263 0.0003934035
0015 008131 -41694828.73045 0.0003543357
0016 008666 -41681453.15187 0.0003207971
0017 009195 -41669291.03964 0.0002917871
0018 009728 -41658183.78108 0.0002665574
0019 010253 -41647998.21218 0.0002445034
0020 010789 -41638622.15976 0.0002251261
0021 011321 -41629960.34263 0.0002080236
0022 011849 -41621930.69910 0.0001928814
0023 012380 -41614461.50213 0.0001794534
0024 012908 -41607489.48479 0.0001675383
0025 013435 -41600959.06439 0.0001569530
0026 013971 -41594821.95246 0.0001475233
0027 014503 -41589036.05863 0.0001391013
0028 015029 -41583564.62507 0.0001315595
0029 015563 -41578376.14690 0.0001247723
0030 016097 -41573444.38496 0.0001186136
0031 016626 -41568748.06370 0.0001129644
0032 017153 -41564270.08566 0.0001077246
0033 017683 -41559996.31450 0.0001028232
0034 018210 -41555914.75182 0.0000982089
0035 018740 -41552015.98720 0.0000938197
0036 019273 -41548294.34778 0.0000895658
0037 019811 -41544747.75602 0.0000853607
0038 020341 -41541375.34188 0.0000811755
0039 020871 -41538174.61538 0.0000770491
0040 021404 -41535139.92259 0.0000730579
0041 021934 -41532262.83295 0.0000692688
0042 022461 -41529534.88433 0.0000656826
0043 022991 -41526949.84793 0.0000622457
0044 023519 -41524502.63870 0.0000589306
0045 024050 -41522188.18158 0.0000557371
0046 024575 -41520001.00681 0.0000526748
0047 025109 -41517934.88892 0.0000497620
0048 025640 -41515983.35724 0.0000470045
0049 026172 -41514140.55467 0.0000443878
0050 026704 -41512402.05987 0.0000418772
0051 027236 -41510764.63067 0.0000394443
0052 027714 -41509224.18808 0.0000371095
0053 028136 -41507775.20474 0.0000349075
0054 028550 -41506411.01204 0.0000328660
0055 028973 -41505124.04024 0.0000310066
0056 029386 -41503906.61138 0.0000293320
0057 029785 -41502751.79596 0.0000278243
0058 030174 -41501654.28184 0.0000264444
0059 030560 -41500611.52570 0.0000251257
0060 030943 -41499623.98655 0.0000237958
0061 031325 -41498693.90033 0.0000224119
0062 031709 -41497822.88200 0.0000209891
0063 032094 -41497010.28531 0.0000195817
0064 032483 -41496253.64407 0.0000182336
0065 032866 -41495550.26164 0.0000169505
0066 033255 -41494895.95300 0.0000157682
0067 033637 -41494286.05459 0.0000146982
0068 034016 -41493716.79153 0.0000137191
0069 034397 -41493182.95224 0.0000128655
0070 034751 -41492678.72475 0.0000121521
0071 035111 -41492199.09913 0.0000115593
0072 035477 -41491739.87738 0.0000110677
0073 035838 -41491297.96098 0.0000106507
0074 036210 -41490871.88274 0.0000102691
0075 036543 -41490461.44622 0.0000098922
Start evaluating ...
  Columns 1 through 7

    0.0019    0.0037    0.0057    0.0069    0.0080    0.0094    0.0106

  Columns 8 through 10

    0.0115    0.0124    0.0140

   5.7532e-04

Elapsed time is 36686.184639 seconds.
