nohup: ignoring input

                            < M A T L A B (R) >
                  Copyright 1984-2016 The MathWorks, Inc.
                   R2016a (9.0.0.341360) 64-bit (glnxa64)
                             February 11, 2016

 
To get started, type one of these: helpwin, helpdesk, or demo.
For product information, visit www.mathworks.com.
 

	Academic License

Start learning ...
Init data [Dtype: delicious - Dspec: sp2/2550]
Init social model
Using adagrad ...
Params [lbd-U: 0.0100|lbd-V: 0.0100|lbd-N: 0.0100|lbd-Q: 0.0500]
Staring Sample 2 - Loc: save/ctr/delicious-alg80-sp2-cold20170225193319019 
CTR(chongwang) Running ...

iter time likelihood:[r:u:v] converge
0001 000271 -14472.50000:[0.00000:0.00000:-0.00000] 1.0000000000
0002 000535 -2094.99136:[26967.10411:-1104.75478:-2.25933] 0.8552432984
0003 000798 -1815.53483:[27035.48644:-859.57643:-2.32838] 0.1333926889
0004 001056 -1689.06900:[27075.14003:-753.01048:-2.40739] 0.0696576176
0005 001319 -1595.33683:[27099.15191:-671.33733:-2.50113] 0.0554933964
0006 001573 -1522.22874:[27115.62232:-606.50961:-2.59964] 0.0458261113
0007 001829 -1463.41901:[27127.47757:-553.66767:-2.70108] 0.0386339658
0008 002084 -1414.96953:[27136.33626:-509.68395:-2.80496] 0.0331070433
0009 002338 -1374.28561:[27143.15889:-472.44460:-2.91116] 0.0287525067
0010 002594 -1339.58577:[27148.54667:-440.46911:-3.01962] 0.0252493666
0011 002850 -1309.60507:[27152.89074:-412.68837:-3.13022] 0.0223805790
0012 003106 -1283.41921:[27156.45409:-388.30984:-3.24280] 0.0199952345
0013 003361 -1260.33586:[27159.41888:-366.73250:-3.35719] 0.0179858180
0014 003618 -1239.82518:[27161.91473:-347.49149:-3.47321] 0.0162739843
0015 003873 -1221.47398:[27164.03627:-330.22115:-3.59069] 0.0148014395
0016 004101 -1204.95480:[27165.85410:-314.62946:-3.70948] 0.0135239716
0017 004300 -1190.00436:[27167.42201:-300.48019:-3.82945] 0.0124074644
0018 004490 -1176.40835:[27168.78173:-287.57998:-3.95048] 0.0114251820
0019 004677 -1163.99032:[27169.96613:-275.76896:-4.07246] 0.0105558808
0020 004851 -1152.60362:[27171.00151:-264.91371:-4.19528] 0.0097824737
0021 005021 -1142.12522:[27171.90916:-254.90194:-4.31887] 0.0090910652
0022 005193 -1132.45114:[27172.70651:-245.63845:-4.44314] 0.0084702446
0023 005364 -1123.49282:[27173.40798:-237.04196:-4.56803] 0.0079105591
0024 005534 -1115.17435:[27174.02559:-229.04265:-4.69346] 0.0074041159
0025 005704 -1107.43027:[27174.56948:-221.58016:-4.81938] 0.0069442774
0026 005874 -1100.20382:[27175.04821:-214.60208:-4.94573] 0.0065254246
0027 006044 -1093.44552:[27175.46912:-208.06263:-5.07246] 0.0061427727
0028 006215 -1087.11203:[27175.83848:-201.92169:-5.19952] 0.0057922241
0029 006386 -1081.16526:[27176.16173:-196.14387:-5.32687] 0.0054702519
0030 006555 -1075.57152:[27176.44356:-190.69792:-5.45446] 0.0051738058
0031 006725 -1070.30096:[27176.68809:-185.55605:-5.58225] 0.0049002365
0032 006896 -1065.32703:[27176.89891:-180.69355:-5.71021] 0.0046472327
0033 007065 -1060.62598:[27177.07918:-176.08829:-5.83830] 0.0044127707
0034 007234 -1056.17658:[27177.23169:-171.72045:-5.96649] 0.0041950719
0035 007402 -1051.95972:[27177.35893:-167.57219:-6.09474] 0.0039925675
0036 007571 -1047.95821:[27177.46308:-163.62745:-6.22303] 0.0038038699
0037 007740 -1044.15648:[27177.54612:-159.87167:-6.35132] 0.0036277474
0038 007909 -1040.54046:[27177.60981:-156.29167:-6.47959] 0.0034631036
0039 008077 -1037.09735:[27177.65572:-152.87548:-6.60781] 0.0033089598
0040 008248 -1033.81552:[27177.68527:-149.61218:-6.73596] 0.0031644397
0041 008418 -1030.68434:[27177.69975:-146.49182:-6.86401] 0.0030287571
0042 008588 -1027.69411:[27177.70031:-143.50528:-6.99195] 0.0029012045
0043 008756 -1024.83595:[27177.68801:-140.64421:-7.11974] 0.0027811443
0044 008926 -1022.10169:[27177.66380:-137.90096:-7.24738] 0.0026680007
0045 009094 -1019.48383:[27177.62855:-135.26846:-7.37485] 0.0025612525
0046 009264 -1016.97546:[27177.58306:-132.74022:-7.50213] 0.0024604270
0047 009433 -1014.57022:[27177.52804:-130.31024:-7.62920] 0.0023650946
0048 009597 -1012.26221:[27177.46417:-127.97298:-7.75605] 0.0022748639
0049 009766 -1010.04598:[27177.39205:-125.72330:-7.88267] 0.0021893780
0050 009936 -1007.91649:[27177.31225:-123.55644:-8.00905] 0.0021083112
0051 010106 -1005.86905:[27177.22529:-121.46798:-8.13517] 0.0020313653
0052 010275 -1003.89929:[27177.13164:-119.45381:-8.26102] 0.0019582668
0053 010445 -1002.00316:[27177.03174:-117.51009:-8.38658] 0.0018887648
0054 010614 -1000.17688:[27176.92601:-115.63327:-8.51185] 0.0018226284
0055 010783 -998.41692:[27176.81483:-113.82001:-8.63683] 0.0017596449
0056 010952 -996.71999:[27176.69854:-112.06720:-8.76148] 0.0016996181
0057 011119 -995.08301:[27176.57748:-110.37192:-8.88582] 0.0016423673
0058 011288 -993.50309:[27176.45195:-108.73145:-9.00983] 0.0015877255
0059 011457 -991.97753:[27176.32224:-107.14324:-9.13350] 0.0015355384
0060 011626 -990.50379:[27176.18860:-105.60486:-9.25682] 0.0014856626
0061 011794 -989.07948:[27176.05130:-104.11409:-9.37978] 0.0014379648
0062 011963 -987.70236:[27175.91056:-102.66878:-9.50238] 0.0013923210
0063 012132 -986.37033:[27175.76660:-101.26695:-9.62461] 0.0013486155
0064 012301 -985.08140:[27175.61962:-99.90672:-9.74647] 0.0013067407
0065 012447 -983.83370:[27175.46982:-98.58630:-9.86794] 0.0012665968
0066 012571 -982.62546:[27175.31737:-97.30404:-9.98903] 0.0012280906
0067 012662 -981.45502:[27175.16244:-96.05833:-10.10973] 0.0011911354
0068 012753 -980.32080:[27175.00519:-94.84769:-10.23004] 0.0011556501
0069 012877 -979.22132:[27174.84577:-93.67071:-10.34995] 0.0011215592
0070 013030 -978.15515:[27174.68432:-92.52604:-10.46946] 0.0010887917
0071 013169 -977.12096:[27174.52098:-91.41241:-10.58857] 0.0010572814
0072 013270 -976.11749:[27174.35586:-90.32863:-10.70726] 0.0010269657
0073 013365 -975.14354:[27174.18909:-89.27354:-10.82555] 0.0009977861
0074 013454 -974.19795:[27174.02079:-88.24607:-10.94341] 0.0009696875
0075 013542 -973.27966:[27173.85104:-87.24518:-11.06086] 0.0009426185
0076 013631 -972.38762:[27173.67996:-86.26990:-11.17788] 0.0009165305
0077 013718 -971.52085:[27173.50765:-85.31929:-11.29448] 0.0008913778
0078 013806 -970.67843:[27173.33419:-84.39246:-11.41065] 0.0008671171
0079 013892 -969.85946:[27173.15966:-83.48857:-11.52638] 0.0008437077
0080 013977 -969.06310:[27172.98416:-82.60681:-11.64168] 0.0008211114
0081 014062 -968.28853:[27172.80775:-81.74642:-11.75653] 0.0007992918
0082 014147 -967.53500:[27172.63051:-80.90665:-11.87095] 0.0007782147
0083 014233 -966.80175:[27172.45252:-80.08682:-11.98492] 0.0007578476
0084 014318 -966.08810:[27172.27383:-79.28625:-12.09845] 0.0007381600
0085 014403 -965.39336:[27172.09451:-78.50430:-12.21153] 0.0007191231
0086 014488 -964.71690:[27171.91463:-77.74036:-12.32415] 0.0007007092
0087 014573 -964.05810:[27171.73423:-76.99385:-12.43632] 0.0006828923
0088 014658 -963.41638:[27171.55337:-76.26420:-12.54804] 0.0006656476
0089 014743 -962.79117:[27171.37211:-75.55089:-12.65929] 0.0006489517
0090 014830 -962.18193:[27171.19050:-74.85339:-12.77009] 0.0006327824
0091 014915 -961.58815:[27171.00857:-74.17121:-12.88043] 0.0006171185
0092 015000 -961.00933:[27170.82638:-73.50389:-12.99030] 0.0006019399
0093 015085 -960.44500:[27170.64398:-72.85096:-13.09971] 0.0005872276
0094 015170 -959.89470:[27170.46139:-72.21200:-13.20865] 0.0005729635
0095 015256 -959.35800:[27170.27866:-71.58658:-13.31713] 0.0005591305
0096 015341 -958.83446:[27170.09584:-70.97431:-13.42514] 0.0005457118
0097 015426 -958.32370:[27169.91295:-70.37479:-13.53267] 0.0005326919
0098 015512 -957.82532:[27169.73002:-69.78767:-13.63974] 0.0005200557
0099 015597 -957.33895:[27169.54710:-69.21257:-13.74633] 0.0005077892
0100 015683 -956.86422:[27169.36421:-68.64917:-13.85246] 0.0004958789
0101 015785 -956.40080:[27169.18139:-68.09712:-13.95810] 0.0004843117
0102 015870 -955.94835:[27168.99866:-67.55611:-14.06327] 0.0004730752
0103 015955 -955.50655:[27168.81605:-67.02584:-14.16797] 0.0004621575
0104 016040 -955.07510:[27168.63358:-66.50600:-14.27219] 0.0004515472
0105 016126 -954.65368:[27168.45129:-65.99632:-14.37593] 0.0004412334
0106 016211 -954.24203:[27168.26919:-65.49652:-14.47920] 0.0004312058
0107 016297 -953.83986:[27168.08730:-65.00633:-14.58198] 0.0004214545
0108 016381 -953.44691:[27167.90566:-64.52550:-14.68429] 0.0004119701
0109 016467 -953.06292:[27167.72428:-64.05379:-14.78613] 0.0004027432
0110 016552 -952.68763:[27167.54319:-63.59095:-14.88748] 0.0003937649
0111 016638 -952.32082:[27167.36239:-63.13675:-14.98836] 0.0003850267
0112 016720 -951.96225:[27167.18191:-62.69098:-15.08876] 0.0003765207
0113 016803 -951.61170:[27167.00176:-62.25342:-15.18868] 0.0003682392
0114 016886 -951.26896:[27166.82197:-61.82385:-15.28813] 0.0003601751
0115 016968 -950.93380:[27166.64255:-61.40209:-15.38711] 0.0003523214
0116 017051 -950.60605:[27166.46352:-60.98792:-15.48561] 0.0003446713
0117 017134 -950.28548:[27166.28488:-60.58118:-15.58364] 0.0003372180
0118 017216 -949.97193:[27166.10665:-60.18167:-15.68120] 0.0003299554
0119 017299 -949.66521:[27165.92886:-59.78922:-15.77828] 0.0003228774
0120 017382 -949.36513:[27165.75150:-59.40366:-15.87489] 0.0003159782
0121 017466 -949.07154:[27165.57460:-59.02482:-15.97104] 0.0003092520
0122 017551 -948.78426:[27165.39816:-58.65255:-16.06672] 0.0003026932
0123 017637 -948.50314:[27165.22219:-58.28668:-16.16193] 0.0002962966
0124 017722 -948.22802:[27165.04671:-57.92707:-16.25668] 0.0002900570
0125 017807 -947.95875:[27164.87172:-57.57357:-16.35097] 0.0002839699
0126 017893 -947.69519:[27164.69725:-57.22604:-16.44479] 0.0002780310
0127 017980 -947.43719:[27164.52328:-56.88434:-16.53816] 0.0002722363
0128 018065 -947.18462:[27164.34984:-56.54834:-16.63107] 0.0002665820
0129 018150 -946.93735:[27164.17694:-56.21791:-16.72353] 0.0002610638
0130 018235 -946.69524:[27164.00458:-55.89292:-16.81553] 0.0002556776
0131 018320 -946.45817:[27163.83278:-55.57326:-16.90707] 0.0002504192
0132 018406 -946.22602:[27163.66153:-55.25880:-16.99817] 0.0002452848
0133 018493 -945.99867:[27163.49085:-54.94943:-17.08881] 0.0002402707
0134 018579 -945.77600:[27163.32075:-54.64504:-17.17900] 0.0002353735
0135 018665 -945.55792:[27163.15123:-54.34551:-17.26875] 0.0002305899
0136 018750 -945.34430:[27162.98230:-54.05075:-17.35806] 0.0002259170
0137 018832 -945.13504:[27162.81397:-53.76065:-17.44692] 0.0002213519
0138 018915 -944.93005:[27162.64624:-53.47511:-17.53534] 0.0002168914
0139 018999 -944.72923:[27162.47913:-53.19403:-17.62332] 0.0002125324
0140 019081 -944.53246:[27162.31263:-52.91732:-17.71086] 0.0002082720
0141 019161 -944.33968:[27162.14675:-52.64489:-17.79797] 0.0002041073
0142 019242 -944.15078:[27161.98150:-52.37665:-17.88464] 0.0002000358
0143 019323 -943.96567:[27161.81689:-52.11251:-17.97089] 0.0001960548
0144 019404 -943.78428:[27161.65292:-51.85239:-18.05670] 0.0001921622
0145 019485 -943.60651:[27161.48959:-51.59620:-18.14209] 0.0001883557
0146 019565 -943.43229:[27161.32691:-51.34386:-18.22705] 0.0001846334
0147 019646 -943.26153:[27161.16489:-51.09530:-18.31158] 0.0001809930
0148 019727 -943.09417:[27161.00353:-50.85045:-18.39569] 0.0001774325
0149 019808 -942.93012:[27160.84284:-50.60922:-18.47938] 0.0001739499
0150 019889 -942.76931:[27160.68282:-50.37154:-18.56265] 0.0001705431
0151 019970 -942.61167:[27160.52348:-50.13735:-18.64549] 0.0001672103
0152 020051 -942.45713:[27160.36482:-49.90658:-18.72792] 0.0001639495
0153 020129 -942.30562:[27160.20685:-49.67916:-18.80993] 0.0001607588
0154 020204 -942.15708:[27160.04958:-49.45502:-18.89152] 0.0001576361
0155 020281 -942.01144:[27159.89299:-49.23411:-18.97270] 0.0001545796
0156 020357 -941.86864:[27159.73711:-49.01636:-19.05347] 0.0001515874
0157 020434 -941.72862:[27159.58194:-48.80170:-19.13382] 0.0001486584
0158 020510 -941.59133:[27159.42747:-48.59010:-19.21376] 0.0001457914
0159 020586 -941.45669:[27159.27371:-48.38147:-19.29328] 0.0001429851
0160 020662 -941.32467:[27159.12068:-48.17578:-19.37240] 0.0001402384
0161 020738 -941.19519:[27158.96836:-47.97297:-19.45111] 0.0001375499
0162 020816 -941.06820:[27158.81677:-47.77297:-19.52940] 0.0001349180
0163 020891 -940.94366:[27158.66591:-47.57575:-19.60728] 0.0001323411
0164 020968 -940.82151:[27158.51579:-47.38126:-19.68475] 0.0001298178
0165 021044 -940.70170:[27158.36640:-47.18943:-19.76182] 0.0001273467
0166 021120 -940.58418:[27158.21775:-47.00023:-19.83847] 0.0001249265
0167 021197 -940.46891:[27158.06984:-46.81361:-19.91471] 0.0001225559
0168 021274 -940.35583:[27157.92268:-46.62952:-19.99055] 0.0001202342
0169 021350 -940.24490:[27157.77627:-46.44792:-20.06598] 0.0001179605
0170 021428 -940.13609:[27157.63061:-46.26877:-20.14100] 0.0001157337
0171 021504 -940.02933:[27157.48570:-46.09201:-20.21561] 0.0001135526
0172 021582 -939.92460:[27157.34155:-45.91762:-20.28981] 0.0001114161
0173 021660 -939.82184:[27157.19816:-45.74555:-20.36360] 0.0001093230
0174 021735 -939.72103:[27157.05553:-45.57577:-20.43698] 0.0001072723
0175 021811 -939.62211:[27156.91366:-45.40822:-20.50996] 0.0001052631
0176 021886 -939.52505:[27156.77255:-45.24288:-20.58253] 0.0001032945
0177 021962 -939.42981:[27156.63221:-45.07971:-20.65469] 0.0001013657
0178 022038 -939.33636:[27156.49264:-44.91867:-20.72645] 0.0000994758
0179 022114 -939.24466:[27156.35384:-44.75972:-20.79779] 0.0000976238
0180 022190 -939.15467:[27156.21580:-44.60284:-20.86873] 0.0000958087
0181 022266 -939.06637:[27156.07853:-44.44799:-20.93927] 0.0000940298
0182 022343 -938.97970:[27155.94204:-44.29513:-21.00939] 0.0000922863
0183 022417 -938.89465:[27155.80631:-44.14424:-21.07912] 0.0000905774
0184 022491 -938.81118:[27155.67136:-43.99528:-21.14843] 0.0000889025
0185 022565 -938.72926:[27155.53718:-43.84822:-21.21734] 0.0000872608
0186 022640 -938.64886:[27155.40377:-43.70303:-21.28585] 0.0000856514
0187 022714 -938.56994:[27155.27113:-43.55968:-21.35395] 0.0000840736
0188 022788 -938.49248:[27155.13926:-43.41814:-21.42165] 0.0000825268
0189 022862 -938.41646:[27155.00817:-43.27839:-21.48894] 0.0000810102
0190 022937 -938.34183:[27154.87784:-43.14039:-21.55583] 0.0000795233
0191 023013 -938.26858:[27154.74829:-43.00412:-21.62232] 0.0000780653
0192 023091 -938.19667:[27154.61950:-42.86955:-21.68841] 0.0000766356
0193 023167 -938.12609:[27154.49149:-42.73666:-21.75410] 0.0000752335
0194 023241 -938.05680:[27154.36424:-42.60541:-21.81939] 0.0000738589
0195 023316 -937.98878:[27154.23776:-42.47579:-21.88428] 0.0000725114
0196 023391 -937.92201:[27154.11204:-42.34777:-21.94877] 0.0000711904
0197 023466 -937.85645:[27153.98709:-42.22132:-22.01287] 0.0000698955
0198 023540 -937.79209:[27153.86291:-42.09643:-22.07656] 0.0000686258
0199 023615 -937.72890:[27153.73948:-41.97306:-22.13986] 0.0000673808
0200 023690 -937.66686:[27153.61682:-41.85120:-22.20276] 0.0000661596
Start evaluating ...
  Columns 1 through 7

    0.0668    0.0836    0.0903    0.0937    0.0952    0.0968    0.0981

  Columns 8 through 10

    0.0988    0.0993    0.0999

    0.0146

Elapsed time is 23773.149726 seconds.
