nohup: ignoring input

                            < M A T L A B (R) >
                  Copyright 1984-2016 The MathWorks, Inc.
                   R2016a (9.0.0.341360) 64-bit (glnxa64)
                             February 11, 2016

 
To get started, type one of these: helpwin, helpdesk, or demo.
For product information, visit www.mathworks.com.
 

	Academic License

Start learning ...
Init data [Dtype: delicious - Dspec: sp2/1050]
Init social model
Using adagrad ...
Could not use CUDA
Params [lbd-U: 0.0100|lbd-V: 1.0000|lbd-N: 0.0100|lbd-Q: 0.1000]
Staring Sample 2 - Loc: save/ctr/delicious-alg80-sp2-cold20170224191130907 
CTR(chongwang) Running ...

iter time likelihood:[r:u:v] converge
0001 000124 -5099.00000:[0.00000:0.00000:0.00000] 1.0000000000
0002 000245 -943.29581:[9364.40523:-486.25980:-105.76525] 0.8150037638
0003 000364 -841.20559:[9354.30962:-383.86915:-112.83127] 0.1082271547
0004 000483 -796.03537:[9341.32831:-338.80978:-115.94987] 0.0536969968
0005 000610 -764.11355:[9326.40671:-306.35589:-118.90452] 0.0401010145
0006 000729 -741.43168:[9311.18249:-281.87891:-123.30105] 0.0296838948
0007 000841 -725.50192:[9296.68174:-262.49036:-128.51630] 0.0214851369
0008 000955 -713.92889:[9283.50582:-246.81215:-133.53584] 0.0159517527
0009 001068 -705.27160:[9271.66876:-234.12288:-138.07183] 0.0121262729
0010 001177 -698.70141:[9261.07085:-223.82662:-142.11301] 0.0093158310
0011 001285 -693.66915:[9251.62124:-215.42136:-145.69944] 0.0072022917
0012 001391 -689.78652:[9243.23313:-208.51410:-148.87509] 0.0055972462
0013 001483 -686.77183:[9235.81900:-202.80439:-151.68065] 0.0043704566
0014 001578 -684.41803:[9229.29104:-198.06155:-154.15349] 0.0034273483
0015 001670 -682.57140:[9223.56299:-194.10640:-156.32830] 0.0026980943
0016 001762 -681.11698:[9218.55196:-190.79788:-158.23732] 0.0021308085
0017 001853 -679.96808:[9214.17973:-188.02367:-159.91038] 0.0016867870
0018 001940 -679.05891:[9210.37363:-185.69336:-161.37485] 0.0013370664
0019 002027 -678.33918:[9207.06704:-183.73354:-162.65563] 0.0010598975
0020 002118 -677.77014:[9204.19947:-182.08409:-163.77519] 0.0008388785
0021 002203 -677.32174:[9201.71652:-180.69550:-164.75366] 0.0006615831
0022 002291 -676.97051:[9199.56956:-179.52671:-165.60895] 0.0005185572
0023 002379 -676.69797:[9197.71540:-178.54350:-166.35695] 0.0004025797
0024 002467 -676.48947:[9196.11587:-177.71727:-167.01161] 0.0003081086
0025 002553 -676.33329:[9194.73740:-177.02395:-167.58520] 0.0002308719
0026 002635 -676.21996:[9193.55057:-176.44328:-168.08840] 0.0001675626
0027 002717 -676.14179:[9192.52967:-175.95816:-168.53051] 0.0001156093
0028 002800 -676.09242:[9191.65235:-175.55407:-168.91955] 0.0000730069
0029 002882 -676.06661:[9190.89917:-175.21870:-169.26246] 0.0000381862
0030 002963 -676.05991:[9190.25333:-174.94161:-169.56518] 0.0000099018
Start evaluating ...
  Columns 1 through 7

    0.0075    0.0077    0.0079    0.0082    0.0084    0.0088    0.0092

  Columns 8 through 10

    0.0093    0.0095    0.0096

    0.0029

Elapsed time is 3057.801275 seconds.
