nohup: ignoring input

                            < M A T L A B (R) >
                  Copyright 1984-2016 The MathWorks, Inc.
                   R2016a (9.0.0.341360) 64-bit (glnxa64)
                             February 11, 2016

 
To get started, type one of these: helpwin, helpdesk, or demo.
For product information, visit www.mathworks.com.
 

	Academic License

Start learning ...
Init data [Dtype: delicious - Dspec: sp2/0550]
Init social model
Using adagrad ...
Params [lbd-U: 10.0000|lbd-V: 0.1000|lbd-N: 10.0000|lbd-Q: 0.1000]
Staring Sample 2 - Loc: save/ctr/delicious-alg80-sp2-cold20170224185120994 
CTR(chongwang) Running ...

iter time likelihood:[r:u:v] converge
0001 000067 -2300.00000:[0.00000:0.00000:-0.00000] 1.0000000000
0002 000125 -2287.25144:[26.38386:-3.43853:-9.19957] 0.0055428519
0003 000185 -2246.88014:[158.55409:-32.53222:-45.76972] 0.0176505726
0004 000243 -2168.00921:[414.90525:-83.25255:-145.28059] 0.0351024212
0005 000304 -1974.87340:[1176.07407:-271.51551:-378.56994] 0.0890844045
0006 000366 -1916.33991:[1646.94877:-448.05229:-464.15897] 0.0296391106
0007 000422 -1910.19043:[1730.97667:-483.65293:-482.01393] 0.0032089729
0008 000478 -1908.91217:[1753.74976:-493.58710:-487.74362] 0.0006691772
0009 000534 -1908.58077:[1760.79841:-496.64611:-489.59722] 0.0001736079
0010 000590 -1908.44295:[1763.34052:-497.66646:-490.35730] 0.0000722077
0011 000647 -1908.40276:[1764.51155:-498.10733:-490.77681] 0.0000210607
0012 000703 -1908.42983:[1765.12990:-498.34180:-491.05507] 0.0000141836
0013 000759 -1908.50419:[1765.45059:-498.47554:-491.25589] 0.0000389641
0014 000815 -1908.61118:[1765.58263:-498.54821:-491.40678] 0.0000560612
0015 000871 -1908.74003:[1765.58758:-498.58020:-491.52319] 0.0000675061
0016 000929 -1908.88286:[1765.50580:-498.58435:-491.61511] 0.0000748302
0017 000985 -1909.03400:[1765.36529:-498.56942:-491.68939] 0.0000791793
0018 001040 -1909.18940:[1765.18585:-498.54162:-491.75087] 0.0000813996
0019 001097 -1909.34616:[1764.98152:-498.50533:-491.80298] 0.0000821086
0020 001154 -1909.50225:[1764.76226:-498.46367:-491.84817] 0.0000817547
0021 001225 -1909.65628:[1764.53511:-498.41886:-491.88817] 0.0000806629
0022 001308 -1909.80727:[1764.30498:-498.37243:-491.92423] 0.0000790680
0023 001386 -1909.95459:[1764.07534:-498.32547:-491.95725] 0.0000771368
0024 001468 -1910.09780:[1763.84856:-498.27873:-491.98785] 0.0000749829
0025 001548 -1910.23663:[1763.62629:-498.23271:-492.01649] 0.0000726794
0026 001629 -1910.37086:[1763.40968:-498.18777:-492.04348] 0.0000702715
0027 001707 -1910.50036:[1763.19953:-498.14413:-492.06903] 0.0000677871
0028 001801 -1910.62501:[1762.99640:-498.10194:-492.09328] 0.0000652462
0029 001879 -1910.74474:[1762.80067:-498.06130:-492.11633] 0.0000626649
0030 001958 -1910.85950:[1762.61261:-498.02227:-492.13824] 0.0000600590
0031 002034 -1910.96927:[1762.43236:-497.98488:-492.15906] 0.0000574450
0032 002113 -1911.07407:[1762.26000:-497.94914:-492.17884] 0.0000548399
0033 002192 -1911.17394:[1762.09553:-497.91506:-492.19763] 0.0000522585
0034 002263 -1911.26894:[1761.93892:-497.88262:-492.21545] 0.0000497093
0035 002334 -1911.35914:[1761.79009:-497.85182:-492.23235] 0.0000471937
0036 002408 -1911.44460:[1761.64898:-497.82263:-492.24833] 0.0000447087
0037 002480 -1911.52535:[1761.51553:-497.79503:-492.26343] 0.0000422486
0038 002554 -1911.60144:[1761.38968:-497.76900:-492.27764] 0.0000398061
0039 002622 -1911.67289:[1761.27137:-497.74452:-492.29096] 0.0000373764
0040 002685 -1911.73973:[1761.16053:-497.72154:-492.30338] 0.0000349636
0041 002751 -1911.80201:[1761.05707:-497.70006:-492.31491] 0.0000325798
0042 002815 -1911.85982:[1760.96084:-497.68002:-492.32554] 0.0000302353
0043 002879 -1911.91324:[1760.87168:-497.66139:-492.33530] 0.0000279434
0044 002943 -1911.96240:[1760.78939:-497.64412:-492.34420] 0.0000257118
0045 003008 -1912.00740:[1760.71376:-497.62816:-492.35224] 0.0000235381
0046 003071 -1912.04836:[1760.64459:-497.61345:-492.35941] 0.0000214201
0047 003131 -1912.08539:[1760.58164:-497.59993:-492.36573] 0.0000193654
0048 003197 -1912.11864:[1760.52465:-497.58755:-492.37123] 0.0000173907
0049 003256 -1912.14830:[1760.47333:-497.57624:-492.37592] 0.0000155138
0050 003315 -1912.17459:[1760.42736:-497.56595:-492.37986] 0.0000137446
0051 003378 -1912.19769:[1760.38640:-497.55660:-492.38309] 0.0000120822
0052 003443 -1912.21780:[1760.35015:-497.54814:-492.38565] 0.0000105185
0053 003505 -1912.23509:[1760.31832:-497.54051:-492.38755] 0.0000090418
Start evaluating ...
  Columns 1 through 7

    0.0008    0.0011    0.0016    0.0019    0.0026    0.0030    0.0033

  Columns 8 through 10

    0.0036    0.0038    0.0040

   6.0847e-04

Elapsed time is 3610.596057 seconds.
