nohup: ignoring input

                            < M A T L A B (R) >
                  Copyright 1984-2016 The MathWorks, Inc.
                   R2016a (9.0.0.341360) 64-bit (glnxa64)
                             February 11, 2016

 
To get started, type one of these: helpwin, helpdesk, or demo.
For product information, visit www.mathworks.com.
 

	Academic License

Start learning ...
Init data [Dtype: delicious - Dspec: sp2/2550]
Init social model
Using adagrad ...
Load pretrained shallow-model...
Params [lbd-U: 0.1000|lbd-V: 0.0100|lbd-N: 0.1000|lbd-Q: 0.0500]
Staring Sample 2 - Loc: save/bcdl/delicious-alg61-sp2-cold20170225193335519 
CTR(chongwang)-DAE(User graph) Running - Walks(1)...
-1/200: 45990.720163/2412.622058/43578.098105/1.000000000
-2/200: 44689.024516/1190.792756/43498.231760/0.028303441
-3/200: 44679.064464/1163.414994/43515.649470/0.000222875
-4/200: 44665.355882/1147.535786/43517.820096/0.000306823
-5/200: 44652.659409/1135.919418/43516.739991/0.000284258
-6/200: 44643.829637/1127.018750/43516.810887/0.000197743
-7/200: 44638.984463/1119.980641/43519.003822/0.000108530
-8/200: 44633.800196/1114.277269/43519.522927/0.000116138
-9/200: 44628.702292/1109.560748/43519.141544/0.000114216
-10/200: 44625.090209/1105.590877/43519.499332/0.000080936
-11/200: 44621.024581/1102.197952/43518.826629/0.000091106
-12/200: 44617.515008/1099.260126/43518.254882/0.000078653
-13/200: 44616.050874/1096.688123/43519.362751/0.000032815
-14/200: 44614.465354/1094.414259/43520.051095/0.000035537
-15/200: 44611.545360/1092.388007/43519.157353/0.000065449
-16/200: 44609.859411/1090.569757/43519.289654/0.000037792
-17/200: 44609.076803/1088.928381/43520.148422/0.000017543
-18/200: 44609.009686/1087.439125/43521.570561/0.000001505
-19/200: 44606.705377/1086.082253/43520.623124/0.000051656
-20/200: 44605.840846/1084.841040/43520.999806/0.000019381
-21/200: 44603.563299/1083.701926/43519.861373/0.000051059
-22/200: 44603.974092/1082.653301/43521.320791/0.000009210
-23/200: 44603.597127/1081.685504/43521.911623/0.000008451
-24/200: 44603.311086/1080.790182/43522.520904/0.000006413
-25/200: 44601.450936/1079.960119/43521.490817/0.000041704
-26/200: 44600.876676/1079.189223/43521.687453/0.000012875
-27/200: 44599.686296/1078.471889/43521.214407/0.000026690
-28/200: 44601.014129/1077.803434/43523.210695/0.000029772
-29/200: 44600.247954/1077.179559/43523.068395/0.000017178
-30/200: 44599.079689/1076.596532/43522.483157/0.000026194
-31/200: 44598.524750/1076.050967/43522.473783/0.000012443
-32/200: 44598.910283/1075.539873/43523.370410/0.000008645
-33/200: 44596.044136/1075.060442/43520.983694/0.000064265
-34/200: 44597.989195/1074.610473/43523.378722/0.000043615
-35/200: 44595.689028/1074.187612/43521.501416/0.000051576
-36/200: 44596.793732/1073.789877/43523.003855/0.000024772
-37/200: 44596.649906/1073.415464/43523.234442/0.000003225
-38/200: 44595.834874/1073.062727/43522.772147/0.000018276
-39/200: 44596.149711/1072.730081/43523.419630/0.000007060
-40/200: 44595.574587/1072.416120/43523.158467/0.000012896
-41/200: 44596.622376/1072.119713/43524.502663/0.000023495
-42/200: 44596.456211/1071.839655/43524.616556/0.000003726
-43/200: 44596.008412/1071.574803/43524.433609/0.000010041
-44/200: 44595.929527/1071.324125/43524.605402/0.000001769
-45/200: 44595.470276/1071.086843/43524.383433/0.000010298
-46/200: 44595.255562/1070.862058/43524.393504/0.000004815
-47/200: 44595.787221/1070.648892/43525.138329/0.000011922
-48/200: 44595.483957/1070.446747/43525.037210/0.000006800
-49/200: 44594.265373/1070.254883/43524.010490/0.000027325
-50/200: 44594.544791/1070.072634/43524.472157/0.000006266
-51/200: 44594.430550/1069.899464/43524.531086/0.000002562
-52/200: 44595.838934/1069.734836/43526.104098/0.000031582
-53/200: 44594.147187/1069.578235/43524.568952/0.000037935
-54/200: 44594.686073/1069.429251/43525.256822/0.000012084
-55/200: 44594.573561/1069.287303/43525.286258/0.000002523
-56/200: 44594.442413/1069.152119/43525.290294/0.000002941
-57/200: 44594.662729/1069.023342/43525.639387/0.000004940
-58/200: 44595.125281/1068.900491/43526.224790/0.000010372
-59/200: 44594.673579/1068.783259/43525.890320/0.000010129
-60/200: 44594.725256/1068.671389/43526.053867/0.000001159
-61/200: 44593.862603/1068.564515/43525.298088/0.000019344
-62/200: 44595.146538/1068.462466/43526.684072/0.000028792
-63/200: 44594.385244/1068.364902/43526.020342/0.000017071
-64/200: 44595.791750/1068.271601/43527.520149/0.000031540
-65/200: 44595.726903/1068.182381/43527.544522/0.000001454
-66/200: 44595.433992/1068.097057/43527.336935/0.000006568
-67/200: 44594.449199/1068.015261/43526.433938/0.000022083
-68/200: 44594.463659/1067.936899/43526.526760/0.000000324
-69/200: 44594.631030/1067.861809/43526.769221/0.000003753
-70/200: 44594.455689/1067.789811/43526.665878/0.000003932
-71/200: 44595.426074/1067.720808/43527.705266/0.000021760
-72/200: 44594.881201/1067.654568/43527.226633/0.000012218
-73/200: 44595.867632/1067.590982/43528.276650/0.000022120
-74/200: 44595.398665/1067.529955/43527.868710/0.000010516
-75/200: 44594.978705/1067.471293/43527.507412/0.000009417
-76/200: 44595.985900/1067.414878/43528.571022/0.000022585
-77/200: 44596.092149/1067.360695/43528.731454/0.000002382
-78/200: 44596.083162/1067.308532/43528.774630/0.000000202
-79/200: 44594.958079/1067.258390/43527.699689/0.000025228
-80/200: 44595.118547/1067.210061/43527.908486/0.000003598
-81/200: 44595.584703/1067.163619/43528.421084/0.000010453
-82/200: 44596.374255/1067.118816/43529.255439/0.000017705
-83/200: 44595.601572/1067.075636/43528.525936/0.000017326
-84/200: 44595.417742/1067.034062/43528.383680/0.000004122
-85/200: 44596.156974/1066.993865/43529.163109/0.000016576
-86/200: 44596.169639/1066.955067/43529.214572/0.000000284
-87/200: 44596.198980/1066.917658/43529.281322/0.000000658
-88/200: 44596.611111/1066.881632/43529.729479/0.000009241
-89/200: 44596.206282/1066.846757/43529.359525/0.000009078
-90/200: 44596.525562/1066.813068/43529.712494/0.000007159
-91/200: 44596.456866/1066.780413/43529.676453/0.000001540
-92/200: 44596.852361/1066.748883/43530.103478/0.000008868
-93/200: 44596.590615/1066.718400/43529.872215/0.000005869
-94/200: 44597.320715/1066.688874/43530.631841/0.000016371
-95/200: 44597.024505/1066.660293/43530.364212/0.000006642
-96/200: 44596.553520/1066.632634/43529.920886/0.000010561
-97/200: 44597.050688/1066.605819/43530.444869/0.000011148
-98/200: 44597.358558/1066.579888/43530.778670/0.000006903
-99/200: 44597.468863/1066.554686/43530.914177/0.000002473
Recall at EP-100 ...
  Columns 1 through 7

    0.0715    0.0925    0.1020    0.1096    0.1166    0.1255    0.1347

  Columns 8 through 10

    0.1444    0.1548    0.1672

Mrr at EP-100 ...
    0.0172

-100/200: 44597.073665/1066.530287/43530.543378/0.000008861
-101/200: 44596.904398/1066.506535/43530.397863/0.000003795
-102/200: 44597.339192/1066.483562/43530.855630/0.000009749
-103/200: 44598.009195/1066.461214/43531.547981/0.000015023
-104/200: 44597.336027/1066.439530/43530.896497/0.000015094
-105/200: 44597.940212/1066.418467/43531.521745/0.000013548
-106/200: 44597.456552/1066.398036/43531.058516/0.000010845
-107/200: 44597.852821/1066.378177/43531.474644/0.000008885
-108/200: 44598.379285/1066.358801/43532.020484/0.000011805
-109/200: 44597.814093/1066.339959/43531.474134/0.000012673
-110/200: 44597.692211/1066.321610/43531.370601/0.000002733
-111/200: 44598.481592/1066.303891/43532.177701/0.000017700
-112/200: 44598.478097/1066.286583/43532.191514/0.000000078
Start evaluating ...
  Columns 1 through 7

    0.0716    0.0922    0.1018    0.1091    0.1159    0.1244    0.1336

  Columns 8 through 10

    0.1436    0.1544    0.1668

    0.0168

Elapsed time is 20356.158941 seconds.
