nohup: ignoring input

                            < M A T L A B (R) >
                  Copyright 1984-2016 The MathWorks, Inc.
                   R2016a (9.0.0.341360) 64-bit (glnxa64)
                             February 11, 2016

 
To get started, type one of these: helpwin, helpdesk, or demo.
For product information, visit www.mathworks.com.
 

	Academic License

Start learning ...
Init data [Dtype: delicious - Dspec: sp2/0550]
Init social model
Using adagrad ...
Load pretrained shallow-model...
Params [lbd-U: 10.0000|lbd-V: 1.0000|lbd-N: 10.0000|lbd-Q: 0.1000]
Staring Sample 2 - Loc: save/bcdl/delicious-alg61-sp2-cold20170224185050661 
CTR(chongwang)-DAE(User graph) Running - Walks(1)...
-1/200: 4360051.000000/2241.380540/4357809.500000/1.000000000
-2/200: 4354166.500000/2170.181334/4351996.500000/0.001349640
-3/200: 4354086.500000/2169.076042/4351917.500000/0.000018373
-4/200: 4354094.000000/2169.094017/4351925.000000/0.000001723
-5/200: 4353983.500000/2169.262214/4351814.000000/0.000025378
-6/200: 4353989.500000/2169.424915/4351820.000000/0.000001378
-7/200: 4354215.000000/2169.576929/4352045.500000/0.000051792
-8/200: 4354263.000000/2169.719828/4352093.500000/0.000011024
-9/200: 4354229.000000/2169.854895/4352059.000000/0.000007808
-10/200: 4354266.000000/2169.981464/4352096.000000/0.000008497
-11/200: 4354194.500000/2170.100538/4352024.500000/0.000016421
-12/200: 4354132.000000/2170.213633/4351962.000000/0.000014354
-13/200: 4354255.500000/2170.320595/4352085.000000/0.000028364
-14/200: 4354317.500000/2170.421663/4352147.000000/0.000014239
-15/200: 4354231.500000/2170.518270/4352061.000000/0.000019751
-16/200: 4354240.000000/2170.609254/4352069.500000/0.000001952
-17/200: 4354322.000000/2170.695402/4352151.500000/0.000018832
-18/200: 4354466.000000/2170.777042/4352295.000000/0.000033071
-19/200: 4354371.500000/2170.855068/4352200.500000/0.000021702
-20/200: 4354410.000000/2170.928854/4352239.000000/0.000008842
-21/200: 4354288.000000/2170.999972/4352117.000000/0.000028018
-22/200: 4354440.000000/2171.067197/4352269.000000/0.000034908
-23/200: 4354492.000000/2171.131583/4352321.000000/0.000011942
-24/200: 4354559.500000/2171.192832/4352388.500000/0.000015501
-25/200: 4354449.000000/2171.251710/4352277.500000/0.000025376
-26/200: 4354464.000000/2171.308222/4352292.500000/0.000003445
-27/200: 4354415.000000/2171.361969/4352243.500000/0.000011253
-28/200: 4354625.500000/2171.413161/4352454.000000/0.000048342
-29/200: 4354603.500000/2171.462314/4352432.000000/0.000005052
-30/200: 4354542.000000/2171.509697/4352370.500000/0.000014123
-31/200: 4354541.000000/2171.554844/4352369.500000/0.000000230
-32/200: 4354622.000000/2171.598494/4352450.500000/0.000018601
-33/200: 4354383.500000/2171.640380/4352212.000000/0.000054769
-34/200: 4354622.000000/2171.680803/4352450.500000/0.000054772
-35/200: 4354435.500000/2171.719541/4352264.000000/0.000042828
-36/200: 4354588.000000/2171.757160/4352416.000000/0.000035022
-37/200: 4354608.000000/2171.793421/4352436.000000/0.000004593
-38/200: 4354561.000000/2171.828350/4352389.000000/0.000010793
-39/200: 4354628.000000/2171.862276/4352456.000000/0.000015386
-40/200: 4354594.500000/2171.895087/4352422.500000/0.000007693
-41/200: 4354731.500000/2171.927068/4352559.500000/0.000031461
-42/200: 4354749.000000/2171.958045/4352577.000000/0.000004019
-43/200: 4354719.000000/2171.988034/4352547.000000/0.000006889
-44/200: 4354739.000000/2172.016872/4352567.000000/0.000004593
-45/200: 4354717.500000/2172.045069/4352545.500000/0.000004937
-46/200: 4354714.000000/2172.072660/4352542.000000/0.000000804
-47/200: 4354786.000000/2172.099278/4352614.000000/0.000016534
-48/200: 4354779.000000/2172.125299/4352607.000000/0.000001607
-49/200: 4354669.000000/2172.150723/4352497.000000/0.000025260
-50/200: 4354719.000000/2172.175364/4352547.000000/0.000011482
-51/200: 4354721.000000/2172.199349/4352549.000000/0.000000459
-52/200: 4354869.000000/2172.222784/4352697.000000/0.000033986
-53/200: 4354720.000000/2172.245788/4352548.000000/0.000034215
-54/200: 4354790.500000/2172.268329/4352618.000000/0.000016189
-55/200: 4354782.000000/2172.290150/4352609.500000/0.000001952
-56/200: 4354783.000000/2172.311458/4352610.500000/0.000000230
-57/200: 4354823.500000/2172.332616/4352651.000000/0.000009300
-58/200: 4354875.500000/2172.353219/4352703.000000/0.000011941
-59/200: 4354846.000000/2172.373360/4352673.500000/0.000006774
-60/200: 4354858.000000/2172.392880/4352685.500000/0.000002756
-61/200: 4354779.500000/2172.412091/4352607.000000/0.000018026
-62/200: 4354919.500000/2172.430919/4352747.000000/0.000032149
-63/200: 4354850.500000/2172.449284/4352678.000000/0.000015844
-64/200: 4354995.500000/2172.467288/4352823.000000/0.000033296
-65/200: 4354999.500000/2172.485012/4352827.000000/0.000000918
-66/200: 4354984.000000/2172.502439/4352811.500000/0.000003559
-67/200: 4354883.500000/2172.519375/4352711.000000/0.000023077
-68/200: 4354895.500000/2172.535954/4352723.000000/0.000002756
-69/200: 4354919.500000/2172.552154/4352747.000000/0.000005511
-70/200: 4354913.000000/2172.568011/4352740.500000/0.000001493
-71/200: 4355010.000000/2172.583660/4352837.500000/0.000022274
-72/200: 4354959.500000/2172.598800/4352787.000000/0.000011596
-73/200: 4355063.500000/2172.613746/4352891.000000/0.000023881
-74/200: 4355019.000000/2172.628436/4352846.500000/0.000010218
-75/200: 4354984.500000/2172.642800/4352812.000000/0.000007922
-76/200: 4355082.500000/2172.656863/4352910.000000/0.000022503
-77/200: 4355101.500000/2172.670704/4352929.000000/0.000004363
-78/200: 4355099.500000/2172.684095/4352927.000000/0.000000459
-79/200: 4354997.000000/2172.697350/4352824.500000/0.000023536
-80/200: 4355013.500000/2172.710250/4352841.000000/0.000003789
-81/200: 4355071.000000/2172.722941/4352898.500000/0.000013203
-82/200: 4355140.500000/2172.735328/4352968.000000/0.000015958
-83/200: 4355076.500000/2172.747568/4352904.000000/0.000014695
-84/200: 4355060.000000/2172.759383/4352887.000000/0.000003789
-85/200: 4355131.000000/2172.771133/4352958.000000/0.000016303
-86/200: 4355134.500000/2172.782554/4352961.500000/0.000000804
-87/200: 4355145.000000/2172.793804/4352972.000000/0.000002411
-88/200: 4355184.500000/2172.804862/4353011.500000/0.000009070
-89/200: 4355149.000000/2172.815703/4352976.000000/0.000008151
-90/200: 4355183.500000/2172.826298/4353010.500000/0.000007922
-91/200: 4355175.000000/2172.836619/4353002.000000/0.000001952
-92/200: 4355215.000000/2172.846783/4353042.000000/0.000009184
-93/200: 4355193.000000/2172.856726/4353020.000000/0.000005051
-94/200: 4355262.500000/2172.866488/4353089.500000/0.000015958
-95/200: 4355234.500000/2172.876077/4353061.500000/0.000006429
-96/200: 4355196.000000/2172.885538/4353023.000000/0.000008840
-97/200: 4355244.000000/2172.894833/4353071.000000/0.000011021
-98/200: 4355274.500000/2172.903906/4353101.500000/0.000007003
-99/200: 4355287.500000/2172.912838/4353114.500000/0.000002985
Recall at EP-100 ...
  Columns 1 through 7

    0.0024    0.0043    0.0062    0.0083    0.0101    0.0117    0.0130

  Columns 8 through 10

    0.0140    0.0153    0.0164

Mrr at EP-100 ...
   8.5823e-04

-100/200: 4355253.500000/2172.921605/4353080.500000/0.000007807
-101/200: 4355237.500000/2172.930137/4353064.500000/0.000003674
-102/200: 4355278.000000/2172.938586/4353105.000000/0.000009299
-103/200: 4355343.000000/2172.946868/4353170.000000/0.000014924
-104/200: 4355282.000000/2172.954951/4353109.000000/0.000014006
-105/200: 4355337.000000/2172.962912/4353164.000000/0.000012628
-106/200: 4355295.500000/2172.970774/4353122.500000/0.000009529
-107/200: 4355334.000000/2172.978515/4353161.000000/0.000008840
-108/200: 4355382.500000/2172.986030/4353209.500000/0.000011136
-109/200: 4355335.000000/2172.993418/4353162.000000/0.000010906
-110/200: 4355323.000000/2173.000687/4353150.000000/0.000002755
-111/200: 4355403.500000/2173.007934/4353230.500000/0.000018483
-112/200: 4355398.500000/2173.015034/4353225.500000/0.000001148
-113/200: 4355376.000000/2173.021969/4353203.000000/0.000005166
-114/200: 4355360.000000/2173.028817/4353187.000000/0.000003674
-115/200: 4355397.500000/2173.035537/4353224.500000/0.000008610
-116/200: 4355385.500000/2173.042118/4353212.500000/0.000002755
-117/200: 4355437.500000/2173.048573/4353264.500000/0.000011939
-118/200: 4355430.000000/2173.055008/4353257.000000/0.000001722
-119/200: 4355469.000000/2173.061268/4353296.000000/0.000008954
-120/200: 4355447.000000/2173.067379/4353274.000000/0.000005051
-121/200: 4355487.000000/2173.073394/4353314.000000/0.000009184
-122/200: 4355496.500000/2173.079290/4353323.500000/0.000002181
-123/200: 4355470.500000/2173.085161/4353297.500000/0.000005969
-124/200: 4355487.500000/2173.090838/4353314.500000/0.000003903
-125/200: 4355499.500000/2173.096460/4353326.500000/0.000002755
-126/200: 4355501.000000/2173.102020/4353328.000000/0.000000344
-127/200: 4355501.000000/2173.107505/4353328.000000/0.000000000
Start evaluating ...
  Columns 1 through 7

    0.0017    0.0030    0.0044    0.0058    0.0072    0.0086    0.0097

  Columns 8 through 10

    0.0106    0.0116    0.0127

   6.2089e-04

Elapsed time is 23540.921849 seconds.
