nohup: ignoring input

                            < M A T L A B (R) >
                  Copyright 1984-2016 The MathWorks, Inc.
                   R2016a (9.0.0.341360) 64-bit (glnxa64)
                             February 11, 2016

 
To get started, type one of these: helpwin, helpdesk, or demo.
For product information, visit www.mathworks.com.
 

	Academic License

Start learning ...
Init data [Dtype: delicious - Dspec: sp2/2550]
Init social model
Using adagrad ...
Params [lbd-U: 1.0000|lbd-V: 100.0000|lbd-N: 1.0000|lbd-Q: 0.0500]
Staring Sample 2 - Loc: save/ctr/delicious-alg80-sp2-cold20170225193319751 
CTR(chongwang) Running ...

iter time likelihood:[r:u:v] converge
0001 000284 -14472.50000:[0.00000:0.00000:-0.00000] 1.0000000000
0002 000561 -13869.06655:[1261.86916:-269.50312:-24.06270] 0.0416951770
0003 000836 -13802.23295:[1410.57060:-329.05490:-34.30301] 0.0048188965
0004 001112 -13801.38936:[1421.65313:-336.96582:-36.09450] 0.0000611199
0005 001375 -13807.00536:[1408.97066:-331.17456:-35.18236] 0.0004069154
0006 001629 -13811.94817:[1395.46365:-324.19214:-33.94122] 0.0003579924
0007 001888 -13816.25269:[1383.64438:-318.07426:-32.82925] 0.0003116523
0008 002143 -13820.07616:[1373.36588:-312.82283:-31.86924] 0.0002767372
0009 002398 -13823.51297:[1364.27639:-308.22458:-31.02717] 0.0002486823
0010 002654 -13826.62296:[1356.12773:-304.12470:-30.27559] 0.0002249783
0011 002911 -13829.44843:[1348.76088:-300.42789:-29.59716] 0.0002043500
0012 003166 -13832.02214:[1342.06792:-297.07315:-28.98078] 0.0001861033
0013 003420 -13834.37093:[1335.96888:-294.01752:-28.41869] 0.0001698085
0014 003675 -13836.51741:[1330.40004:-291.22783:-27.90494] 0.0001551557
0015 003936 -13838.48088:[1325.30850:-288.67694:-27.43466] 0.0001419048
0016 004165 -13840.27802:[1320.64922:-286.34199:-27.00377] 0.0001298652
0017 004370 -13841.92337:[1316.38334:-284.20332:-26.60875] 0.0001188814
0018 004563 -13843.42969:[1312.47698:-282.24384:-26.24656] 0.0001088228
0019 004745 -13844.80817:[1308.90046:-280.44859:-25.91453] 0.0000995769
0020 004923 -13846.06869:[1305.62769:-278.80444:-25.61031] 0.0000910461
0021 005094 -13847.21995:[1302.63568:-277.29979:-25.33184] 0.0000831473
0022 005266 -13848.26974:[1299.90403:-275.92441:-25.07728] 0.0000758118
0023 005443 -13849.22505:[1297.41448:-274.66917:-24.84501] 0.0000689847
0024 005613 -13850.09235:[1295.15044:-273.52584:-24.63354] 0.0000626238
0025 005782 -13850.87762:[1293.09664:-272.48690:-24.44152] 0.0000566981
0026 005951 -13851.58655:[1291.23875:-271.54533:-24.26770] 0.0000511834
0027 006120 -13852.22454:[1289.56322:-270.69450:-24.11086] 0.0000460584
0028 006288 -13852.79667:[1288.05719:-269.92812:-23.96985] 0.0000413029
0029 006457 -13853.30780:[1286.70845:-269.24022:-23.84357] 0.0000368971
0030 006626 -13853.76249:[1285.50543:-268.62510:-23.73096] 0.0000328219
0031 006795 -13854.16508:[1284.43713:-268.07738:-23.63101] 0.0000290598
0032 006964 -13854.51973:[1283.49309:-267.59193:-23.54276] 0.0000255987
0033 007132 -13854.83052:[1282.66316:-267.16382:-23.46528] 0.0000224324
0034 007300 -13855.10138:[1281.93748:-266.78824:-23.39767] 0.0000195501
0035 007469 -13855.33598:[1281.30674:-266.46056:-23.33909] 0.0000169324
0036 007639 -13855.53770:[1280.76226:-266.17647:-23.28875] 0.0000145588
0037 007808 -13855.70968:[1280.29600:-265.93195:-23.24590] 0.0000124121
0038 007977 -13855.85485:[1279.90046:-265.72330:-23.20985] 0.0000104775
0039 008146 -13855.97598:[1279.56859:-265.54702:-23.17995] 0.0000087421
Start evaluating ...
  Columns 1 through 7

    0.0012    0.0034    0.0045    0.0059    0.0074    0.0088    0.0099

  Columns 8 through 10

    0.0111    0.0116    0.0126

   4.9898e-04

Elapsed time is 8246.188276 seconds.
