nohup: ignoring input

                            < M A T L A B (R) >
                  Copyright 1984-2016 The MathWorks, Inc.
                   R2016a (9.0.0.341360) 64-bit (glnxa64)
                             February 11, 2016

 
To get started, type one of these: helpwin, helpdesk, or demo.
For product information, visit www.mathworks.com.
 

	Academic License

Start learning ...
Init data [Dtype: delicious - Dspec: sp2/2550]
Init social model
Using adagrad ...
Params [lbd-U: 1.0000|lbd-V: 10.0000|lbd-N: 1.0000|lbd-Q: 0.0500]
Staring Sample 2 - Loc: save/ctr/delicious-alg80-sp2-cold20170225193319832 
CTR(chongwang) Running ...

iter time likelihood:[r:u:v] converge
0001 000268 -14472.50000:[0.00000:0.00000:-0.00000] 1.0000000000
0002 000532 -13715.94528:[1722.22345:-269.50312:-124.51961] 0.0522753305
0003 000797 -13485.57155:[2377.67317:-407.66261:-374.39048] 0.0167960522
0004 001061 -12981.46907:[4360.06540:-928.65312:-1121.46012] 0.0373808760
0005 001333 -12537.63467:[7076.57427:-1853.61286:-1930.31379] 0.0341898440
0006 001588 -12434.30263:[8375.76174:-2401.16171:-2248.25103] 0.0082417489
0007 001841 -12415.47652:[8738.26392:-2560.97210:-2338.67521] 0.0015140465
0008 002098 -12408.89456:[8848.51895:-2605.43321:-2369.01736] 0.0005301415
0009 002357 -12406.55652:[8891.43088:-2620.02000:-2382.75449] 0.0001884162
0010 002618 -12406.78282:[8911.27594:-2625.48296:-2390.91022] 0.0000182405
0011 002876 -12408.75137:[8920.75607:-2627.45821:-2396.70500] 0.0001586672
0012 003132 -12411.91198:[8924.53902:-2627.79279:-2401.26831] 0.0002547084
0013 003392 -12415.87187:[8924.80862:-2627.23259:-2405.07739] 0.0003190391
0014 003650 -12420.34793:[8922.78708:-2626.14071:-2408.36933] 0.0003605108
0015 003908 -12425.13606:[8919.23783:-2624.72009:-2411.27771] 0.0003855070
0016 004130 -12430.08923:[8914.66885:-2623.09502:-2413.88531] 0.0003986413
0017 004327 -12435.10153:[8909.43115:-2621.34627:-2416.24723] 0.0004032395
0018 004519 -12440.09659:[8903.77346:-2619.52837:-2418.40225] 0.0004016901
0019 004704 -12445.01913:[8897.87546:-2617.67926:-2420.37895] 0.0003956998
0020 004882 -12449.82891:[8891.86921:-2615.82596:-2422.19908] 0.0003864825
0021 005051 -12454.49636:[8885.85345:-2613.98817:-2423.87970] 0.0003749005
0022 005221 -12458.99954:[8879.90323:-2612.18061:-2425.43451] 0.0003615706
0023 005397 -12463.32215:[8874.07631:-2610.41452:-2426.87473] 0.0003469464
0024 005552 -12467.45225:[8868.41744:-2608.69864:-2428.20979] 0.0003313803
0025 005723 -12471.38148:[8862.96117:-2607.03981:-2429.44775] 0.0003151590
0026 005846 -12475.10444:[8857.73382:-2605.44334:-2430.59572] 0.0002985204
0027 006002 -12478.61819:[8852.75503:-2603.91335:-2431.66002] 0.0002816614
0028 006097 -12481.92185:[8848.03900:-2602.45295:-2432.64641] 0.0002647451
0029 006268 -12485.01615:[8843.59553:-2601.06439:-2433.56017] 0.0002479025
0030 006439 -12487.90310:[8839.43083:-2599.74926:-2434.40614] 0.0002312334
0031 006610 -12490.58568:[8835.54833:-2598.50852:-2435.18875] 0.0002148141
0032 006782 -12493.06777:[8831.94890:-2597.34265:-2435.91211] 0.0001987168
0033 006933 -12495.35429:[8828.63090:-2596.25159:-2436.58005] 0.0001830237
0034 007104 -12497.45105:[8825.59023:-2595.23470:-2437.19606] 0.0001678029
0035 007276 -12499.36436:[8822.82094:-2594.29075:-2437.76337] 0.0001530958
0036 007447 -12501.10094:[8820.31576:-2593.41822:-2438.28496] 0.0001389337
0037 007618 -12502.66786:[8818.06645:-2592.61529:-2438.76369] 0.0001253421
0038 007788 -12504.07231:[8816.06411:-2591.88000:-2439.20225] 0.0001123321
0039 007958 -12505.32143:[8814.29951:-2591.21021:-2439.60312] 0.0000998970
0040 008127 -12506.42215:[8812.76330:-2590.60370:-2439.96855] 0.0000880202
0041 008293 -12507.38120:[8811.44616:-2590.05817:-2440.30060] 0.0000766848
0042 008461 -12508.20520:[8810.33873:-2589.57133:-2440.60121] 0.0000658811
0043 008630 -12508.90078:[8809.43153:-2589.14084:-2440.87225] 0.0000556097
0044 008799 -12509.47468:[8808.71489:-2588.76438:-2441.11560] 0.0000458795
0045 008968 -12509.93376:[8808.17885:-2588.43955:-2441.33310] 0.0000366987
0046 009112 -12510.28488:[8807.81335:-2588.16392:-2441.52657] 0.0000280674
0047 009222 -12510.53493:[8807.60819:-2587.93502:-2441.69780] 0.0000199870
0048 009374 -12510.69084:[8807.55307:-2587.75039:-2441.84858] 0.0000124623
0049 009518 -12510.75956:[8807.63767:-2587.60752:-2441.98070] 0.0000054930
Start evaluating ...
  Columns 1 through 7

    0.0581    0.0753    0.0814    0.0854    0.0890    0.0912    0.0935

  Columns 8 through 10

    0.0954    0.0969    0.0978

    0.0096

Elapsed time is 9610.928081 seconds.
