nohup: ignoring input

                            < M A T L A B (R) >
                  Copyright 1984-2016 The MathWorks, Inc.
                   R2016a (9.0.0.341360) 64-bit (glnxa64)
                             February 11, 2016

 
To get started, type one of these: helpwin, helpdesk, or demo.
For product information, visit www.mathworks.com.
 

	Academic License

Start learning ...
Init data [Dtype: delicious - Dspec: sp2/1050]
Init social model
Using adagrad ...
Could not use CUDA
Params [lbd-U: 0.1000|lbd-V: 10.0000|lbd-N: 0.1000|lbd-Q: 0.1000]
Staring Sample 2 - Loc: save/ctrsmf/delicious-alg90-sp2-cold20170224205546135 
CTR-SMF Running ...

iter time likelihood converge
0001 000056 -11666942.06458 1.0000000000
0002 000150 -11352437.60672 0.0269568886
0003 000246 -11107504.66293 0.0215753614
0004 000358 -11033196.77676 0.0066898812
0005 000475 -10996576.91757 0.0033190615
0006 000592 -10969128.40138 0.0024960964
0007 000706 -10950174.05597 0.0017279719
0008 000821 -10937763.41687 0.0011333737
0009 000935 -10928786.66153 0.0008207122
0010 001048 -10921710.34473 0.0006474934
0011 001161 -10915783.70180 0.0005426479
0012 001271 -10910667.98530 0.0004686532
0013 001381 -10906185.36905 0.0004108471
0014 001498 -10902220.12453 0.0003635776
0015 001612 -10898687.08805 0.0003240658
0016 001725 -10895519.61311 0.0002906290
0017 001834 -10892663.44953 0.0002621411
0018 001953 -10890073.70245 0.0002377515
0019 002071 -10887712.86581 0.0002167879
0020 002184 -10885549.41349 0.0001987059
0021 002296 -10883556.83742 0.0001830478
0022 002412 -10881713.04987 0.0001694104
0023 002533 -10879999.66113 0.0001574558
0024 002651 -10878400.87181 0.0001469476
0025 002764 -10876902.81057 0.0001377097
0026 002877 -10875493.38139 0.0001295800
0027 002988 -10874162.28432 0.0001223942
0028 003098 -10872901.02646 0.0001159867
0029 003208 -10871702.66135 0.0001102158
0030 003320 -10870561.27371 0.0001049870
0031 003435 -10869471.58044 0.0001002426
0032 003550 -10868428.80094 0.0000959365
0033 003661 -10867428.72140 0.0000920169
0034 003774 -10866467.79333 0.0000884228
0035 003890 -10865543.00560 0.0000851047
0036 004005 -10864651.89438 0.0000820126
0037 004116 -10863792.75426 0.0000790766
0038 004229 -10862964.66733 0.0000762245
0039 004341 -10862167.40938 0.0000733923
0040 004456 -10861401.56656 0.0000705055
0041 004570 -10860668.83792 0.0000674617
0042 004685 -10859971.28550 0.0000642274
0043 004798 -10859310.14185 0.0000608790
0044 004915 -10858685.74455 0.0000574988
0045 005029 -10858097.46741 0.0000541757
0046 005145 -10857543.71657 0.0000509989
0047 005257 -10857022.33169 0.0000480205
0048 005368 -10856531.18395 0.0000452378
0049 005482 -10856068.46699 0.0000426211
0050 005601 -10855632.69442 0.0000401409
0051 005707 -10855222.84974 0.0000377541
0052 005815 -10854838.36238 0.0000354196
0053 005925 -10854478.74530 0.0000331297
0054 006031 -10854143.29129 0.0000309047
0055 006141 -10853831.06601 0.0000287655
0056 006255 -10853541.04176 0.0000267209
0057 006368 -10853272.12716 0.0000247767
0058 006484 -10853023.17649 0.0000229378
0059 006593 -10852792.96683 0.0000212116
0060 006706 -10852580.15190 0.0000196092
0061 006821 -10852383.29293 0.0000181394
0062 006935 -10852200.95137 0.0000168020
0063 007050 -10852031.79615 0.0000155872
0064 007162 -10851874.65284 0.0000144805
0065 007270 -10851728.39627 0.0000134775
0066 007382 -10851591.83201 0.0000125846
0067 007495 -10851463.95006 0.0000117846
0068 007606 -10851344.09368 0.0000110452
0069 007715 -10851231.54462 0.0000103719
0070 007829 -10851125.67897 0.0000097561
Start evaluating ...
  Columns 1 through 7

    0.0125    0.0140    0.0157    0.0165    0.0174    0.0183    0.0194

  Columns 8 through 10

    0.0204    0.0213    0.0219

    0.0047

Elapsed time is 7923.374767 seconds.
