nohup: ignoring input

                            < M A T L A B (R) >
                  Copyright 1984-2016 The MathWorks, Inc.
                   R2016a (9.0.0.341360) 64-bit (glnxa64)
                             February 11, 2016

 
To get started, type one of these: helpwin, helpdesk, or demo.
For product information, visit www.mathworks.com.
 

	Academic License

Start learning ...
Init data [Dtype: delicious - Dspec: sp2/2550]
Init social model
Using adagrad ...
Load pretrained shallow-model...
Params [lbd-U: 0.0100|lbd-V: 10.0000|lbd-N: 0.0100|lbd-Q: 0.0500]
Staring Sample 2 - Loc: save/bcdl/delicious-alg61-sp2-cold20170225193336121 
CTR(chongwang)-DAE(User graph) Running - Walks(1)...
-1/200: 7645.328218/3287.518407/4357.809811/1.000000000
-2/200: 7760.297646/3410.674223/4349.623423/0.015037867
-3/200: 7636.096532/3287.071782/4349.024750/0.016004684
-4/200: 7545.326845/3196.578011/4348.748834/0.011886922
-5/200: 7479.504495/3131.058641/4348.445854/0.008723592
-6/200: 7427.557520/3079.282730/4348.274790/0.006945243
-7/200: 7385.584882/3037.254263/4348.330619/0.005650934
-8/200: 7351.200475/3002.986413/4348.214062/0.004655610
-9/200: 7323.068901/2975.075350/4347.993551/0.003826800
-10/200: 7300.243664/2952.350510/4347.893154/0.003116895
-11/200: 7281.519695/2933.836940/4347.682755/0.002564842
-12/200: 7266.178729/2918.734856/4347.443873/0.002106836
-13/200: 7253.795127/2906.399649/4347.395478/0.001704280
-14/200: 7243.620784/2896.320564/4347.300220/0.001402623
-15/200: 7235.128406/2888.095459/4347.032947/0.001172394
-16/200: 7228.299782/2881.398507/4346.901275/0.000943815
-17/200: 7222.812788/2875.971134/4346.841654/0.000759099
-18/200: 7218.439413/2871.603977/4346.835436/0.000605495
-19/200: 7214.700986/2868.128620/4346.572366/0.000517900
-20/200: 7211.855903/2865.400377/4346.455526/0.000394345
-21/200: 7209.474535/2863.304199/4346.170336/0.000330202
-22/200: 7207.900025/2861.738365/4346.161660/0.000218395
-23/200: 7206.659577/2860.616582/4346.042995/0.000172096
-24/200: 7205.811617/2859.864791/4345.946826/0.000117663
-25/200: 7205.127782/2859.421897/4345.705885/0.000094900
-26/200: 7204.764714/2859.229924/4345.534790/0.000050390
-27/200: 7204.603968/2859.241151/4345.362817/0.000022311
-28/200: 7204.822198/2859.413362/4345.408836/0.000030290
-29/200: 7204.965625/2859.709187/4345.256438/0.000019907
-30/200: 7205.129886/2860.097369/4345.032517/0.000022798
-31/200: 7205.440654/2860.550503/4344.890151/0.000043131
-32/200: 7205.852061/2861.044376/4344.807685/0.000057097
-33/200: 7205.984650/2861.559923/4344.424727/0.000018400
-34/200: 7206.551284/2862.078634/4344.472650/0.000078634
-35/200: 7206.749925/2862.587712/4344.162213/0.000027564
-36/200: 7207.208692/2863.074425/4344.134267/0.000063658
-37/200: 7207.509408/2863.530820/4343.978588/0.000041724
-38/200: 7207.720991/2863.946402/4343.774589/0.000029356
-39/200: 7207.996530/2864.317357/4343.679173/0.000038228
-40/200: 7208.160874/2864.637411/4343.523463/0.000022800
-41/200: 7208.359616/2864.904162/4343.455454/0.000027572
-42/200: 7208.434151/2865.113318/4343.320833/0.000010340
-43/200: 7208.471328/2865.263374/4343.207954/0.000005157
-44/200: 7208.423839/2865.352482/4343.071357/0.000006588
-45/200: 7208.232483/2865.382850/4342.849633/0.000026546
-46/200: 7208.101407/2865.353115/4342.748292/0.000018184
-47/200: 7207.946092/2865.266716/4342.679376/0.000021547
-48/200: 7207.601696/2865.126524/4342.475172/0.000047780
-49/200: 7207.217186/2864.936234/4342.280952/0.000053348
-50/200: 7206.846248/2864.698893/4342.147355/0.000051467
-51/200: 7206.514599/2864.418666/4342.095933/0.000046019
-52/200: 7206.173556/2864.098946/4342.074610/0.000047324
-53/200: 7205.494167/2863.745383/4341.748784/0.000094279
-54/200: 7204.960267/2863.361688/4341.598579/0.000074096
-55/200: 7204.495791/2862.951918/4341.543873/0.000064466
-56/200: 7203.904859/2862.520459/4341.384400/0.000082023
-57/200: 7203.223477/2862.071980/4341.151497/0.000094585
-58/200: 7202.726248/2861.609988/4341.116260/0.000069029
-59/200: 7202.019685/2861.138308/4340.881377/0.000098097
-60/200: 7201.515331/2860.659196/4340.856135/0.000070029
-61/200: 7200.819748/2860.176049/4340.643699/0.000096589
-62/200: 7200.323563/2859.692465/4340.631098/0.000068907
-63/200: 7199.597214/2859.209460/4340.387754/0.000100877
-64/200: 7199.248597/2858.729746/4340.518851/0.000048422
-65/200: 7198.417172/2858.255092/4340.162080/0.000115488
-66/200: 7197.760316/2857.785210/4339.975106/0.000091250
-67/200: 7197.064166/2857.322358/4339.741808/0.000096718
-68/200: 7196.509546/2856.865747/4339.643799/0.000077062
-69/200: 7196.025835/2856.416530/4339.609305/0.000067215
-70/200: 7195.456674/2855.974980/4339.481694/0.000079094
-71/200: 7194.821523/2855.541014/4339.280509/0.000088271
-72/200: 7194.380962/2855.113706/4339.267256/0.000061233
-73/200: 7193.792058/2854.694144/4339.097914/0.000081856
-74/200: 7193.260767/2854.281597/4338.979170/0.000073854
-75/200: 7192.614166/2853.876153/4338.738013/0.000089890
-76/200: 7192.201961/2853.476403/4338.725558/0.000057310
-77/200: 7191.593723/2853.084017/4338.509706/0.000084569
-78/200: 7191.219297/2852.696607/4338.522690/0.000052064
-79/200: 7190.476630/2852.315520/4338.161110/0.000103274
-80/200: 7190.016136/2851.940647/4338.075489/0.000064042
-81/200: 7189.653212/2851.570485/4338.082727/0.000050476
-82/200: 7189.160145/2851.205938/4337.954207/0.000068580
-83/200: 7188.487971/2850.846149/4337.641822/0.000093498
-84/200: 7188.017913/2850.491662/4337.526251/0.000065390
-85/200: 7187.581871/2850.141433/4337.440438/0.000060662
-86/200: 7187.099198/2849.796191/4337.303007/0.000067154
-87/200: 7186.676144/2849.454975/4337.221169/0.000058863
-88/200: 7186.280115/2849.118254/4337.161861/0.000055106
-89/200: 7185.664142/2848.785333/4336.878809/0.000085715
-90/200: 7185.266234/2848.456819/4336.809415/0.000055375
-91/200: 7184.894837/2848.131442/4336.763395/0.000051689
-92/200: 7184.331501/2847.810034/4336.521467/0.000078406
-93/200: 7183.917362/2847.492322/4336.425040/0.000057645
-94/200: 7183.533689/2847.178449/4336.355240/0.000053407
-95/200: 7183.040328/2846.867683/4336.172645/0.000068679
-96/200: 7182.523879/2846.559754/4335.964125/0.000071898
-97/200: 7182.083835/2846.256315/4335.827520/0.000061266
-98/200: 7181.655201/2845.955538/4335.699663/0.000059681
-99/200: 7181.369065/2845.657919/4335.711146/0.000039843
Recall at EP-100 ...
  Columns 1 through 7

    0.0694    0.0863    0.0918    0.0949    0.0965    0.0980    0.0989

  Columns 8 through 10

    0.0997    0.1001    0.1004

Mrr at EP-100 ...
    0.0152

-100/200: 7180.825993/2845.362615/4335.463378/0.000075622
-101/200: 7180.440200/2845.070686/4335.369514/0.000053725
-102/200: 7179.951714/2844.781328/4335.170386/0.000068030
-103/200: 7179.631916/2844.494846/4335.137070/0.000044540
-104/200: 7179.162429/2844.210793/4334.951636/0.000065392
-105/200: 7178.844060/2843.928889/4334.915171/0.000044346
-106/200: 7178.225337/2843.650416/4334.574921/0.000086187
-107/200: 7177.970242/2843.374126/4334.596116/0.000035537
-108/200: 7177.703832/2843.099734/4334.604098/0.000037115
-109/200: 7177.156805/2842.827998/4334.328807/0.000076212
-110/200: 7176.750297/2842.558414/4334.191883/0.000056639
-111/200: 7176.253490/2842.291357/4333.962133/0.000069225
-112/200: 7175.885607/2842.026584/4333.859023/0.000051264
-113/200: 7175.444840/2841.763806/4333.681034/0.000061423
-114/200: 7175.112577/2841.503612/4333.608965/0.000046305
-115/200: 7174.665522/2841.245307/4333.420215/0.000062306
-116/200: 7174.383424/2840.988275/4333.395149/0.000039319
-117/200: 7173.945407/2840.734081/4333.211326/0.000061053
-118/200: 7173.498810/2840.481328/4333.017482/0.000062253
-119/200: 7173.240963/2840.230787/4333.010176/0.000035944
-120/200: 7172.925312/2839.981807/4332.943505/0.000044004
-121/200: 7172.488564/2839.734604/4332.753960/0.000060889
-122/200: 7172.150157/2839.488998/4332.661159/0.000047181
-123/200: 7171.604198/2839.245413/4332.358785/0.000076122
-124/200: 7171.487782/2839.003827/4332.483955/0.000016233
-125/200: 7171.029606/2838.763616/4332.265990/0.000063888
-126/200: 7170.604424/2838.524911/4332.079513/0.000059292
-127/200: 7170.137494/2838.288465/4331.849029/0.000065117
-128/200: 7169.680389/2838.053722/4331.626667/0.000063751
-129/200: 7169.498872/2837.819911/4331.678961/0.000025317
-130/200: 7169.136776/2837.587395/4331.549381/0.000050505
-131/200: 7168.619188/2837.357265/4331.261923/0.000072197
-132/200: 7168.282791/2837.128510/4331.154281/0.000046926
-133/200: 7167.946428/2836.901157/4331.045271/0.000046924
-134/200: 7167.636639/2836.675385/4330.961254/0.000043219
-135/200: 7167.230747/2836.451365/4330.779382/0.000056628
-136/200: 7166.979906/2836.227736/4330.752170/0.000034998
-137/200: 7166.539392/2836.006012/4330.533380/0.000061464
-138/200: 7166.289294/2835.785813/4330.503481/0.000034898
-139/200: 7166.030549/2835.566534/4330.464015/0.000036106
-140/200: 7165.576741/2835.348345/4330.228396/0.000063328
-141/200: 7165.080368/2835.132860/4329.947508/0.000069272
-142/200: 7164.892905/2834.917600/4329.975305/0.000026163
-143/200: 7164.398010/2834.703975/4329.694035/0.000069072
-144/200: 7164.341177/2834.491461/4329.849716/0.000007933
-145/200: 7163.704807/2834.280502/4329.424305/0.000088825
-146/200: 7163.561165/2834.070435/4329.490730/0.000020051
-147/200: 7163.187309/2833.861363/4329.325946/0.000052189
-148/200: 7162.921290/2833.653554/4329.267736/0.000037137
-149/200: 7162.539444/2833.446920/4329.092524/0.000053309
-150/200: 7162.186678/2833.241059/4328.945619/0.000049251
-151/200: 7161.746563/2833.037032/4328.709531/0.000061450
-152/200: 7161.382007/2832.834134/4328.547873/0.000050903
-153/200: 7161.119297/2832.632503/4328.486794/0.000036684
-154/200: 7160.815386/2832.431046/4328.384340/0.000042439
-155/200: 7160.491508/2832.231166/4328.260342/0.000045229
-156/200: 7160.052025/2832.032521/4328.019504/0.000061376
-157/200: 7159.846157/2831.835019/4328.011138/0.000028752
-158/200: 7159.688507/2831.638542/4328.049965/0.000022019
-159/200: 7159.202752/2831.443113/4327.759639/0.000067846
-160/200: 7158.728723/2831.248340/4327.480383/0.000066212
-161/200: 7158.676547/2831.055055/4327.621492/0.000007288
-162/200: 7158.371067/2830.862400/4327.508667/0.000042673
-163/200: 7158.063505/2830.670742/4327.392763/0.000042965
-164/200: 7157.454972/2830.479896/4326.975076/0.000085014
-165/200: 7157.266264/2830.290107/4326.976157/0.000026365
-166/200: 7156.952178/2830.101529/4326.850649/0.000043883
-167/200: 7156.745087/2829.912872/4326.832215/0.000028936
-168/200: 7156.413880/2829.726130/4326.687750/0.000046279
-169/200: 7156.092036/2829.539889/4326.552147/0.000044973
-170/200: 7155.651557/2829.354316/4326.297241/0.000061553
-171/200: 7155.264072/2829.170282/4326.093790/0.000054151
-172/200: 7155.217636/2828.986843/4326.230793/0.000006490
-173/200: 7154.829762/2828.803899/4326.025863/0.000054209
-174/200: 7154.154781/2828.622508/4325.532273/0.000094339
-175/200: 7154.254351/2828.441163/4325.813188/0.000013918
-176/200: 7153.554485/2828.261412/4325.293073/0.000097825
-177/200: 7153.477452/2828.082178/4325.395274/0.000010768
-178/200: 7153.306910/2827.903807/4325.403103/0.000023840
-179/200: 7153.049886/2827.725713/4325.324173/0.000035931
-180/200: 7152.539400/2827.549444/4324.989956/0.000071366
-181/200: 7152.127794/2827.373573/4324.754221/0.000057547
-182/200: 7152.064507/2827.197818/4324.866689/0.000008849
-183/200: 7151.539528/2827.023601/4324.515927/0.000073402
-184/200: 7151.275218/2826.849846/4324.425372/0.000036958
-185/200: 7150.959350/2826.677291/4324.282059/0.000044170
-186/200: 7150.724180/2826.504693/4324.219487/0.000032887
-187/200: 7150.435638/2826.332963/4324.102675/0.000040351
-188/200: 7150.322094/2826.163173/4324.158921/0.000015879
-189/200: 7149.688038/2825.992951/4323.695087/0.000088675
-190/200: 7149.662716/2825.823104/4323.839612/0.000003542
-191/200: 7149.209943/2825.654656/4323.555287/0.000063328
-192/200: 7148.819053/2825.486913/4323.332140/0.000054676
-193/200: 7148.502675/2825.319781/4323.182894/0.000044256
-194/200: 7148.303712/2825.153401/4323.150311/0.000027833
-195/200: 7147.882691/2824.988229/4322.894462/0.000058898
-196/200: 7147.857013/2824.823197/4323.033816/0.000003592
-197/200: 7147.621273/2824.658280/4322.962993/0.000032980
-198/200: 7147.434066/2824.494691/4322.939375/0.000026191
-199/200: 7146.844791/2824.331092/4322.513699/0.000082446
-200/200: 7146.733535/2824.161837/4322.571698/0.000015567
Start evaluating ...
  Columns 1 through 7

    0.0671    0.0858    0.0923    0.0950    0.0969    0.0989    0.0999

  Columns 8 through 10

    0.1007    0.1010    0.1015

    0.0148

Elapsed time is 32920.102698 seconds.
