nohup: ignoring input

                            < M A T L A B (R) >
                  Copyright 1984-2016 The MathWorks, Inc.
                   R2016a (9.0.0.341360) 64-bit (glnxa64)
                             February 11, 2016

 
To get started, type one of these: helpwin, helpdesk, or demo.
For product information, visit www.mathworks.com.
 

	Academic License

Start learning ...
Init data [Dtype: delicious - Dspec: sp2/1050]
Init social model
Using adagrad ...
Load pretrained shallow-model...
Params [lbd-U: 0.0100|lbd-V: 1.0000|lbd-N: 0.0100|lbd-Q: 0.1000]
Staring Sample 2 - Loc: save/bcdl/delicious-alg61-sp2-cold20170224185234765 
CTR(chongwang)-DAE(User graph) Running - Walks(1)...
-1/200: 5402.233887/1044.424143/4357.809570/1.000000000
-2/200: 5221.727051/872.120636/4349.606445/0.033413369
-3/200: 5146.962402/796.658168/4350.304199/0.014317992
-4/200: 5124.127441/772.599026/4351.528320/0.004436590
-5/200: 5107.168457/755.593270/4351.575195/0.003309634
-6/200: 5094.510254/742.923864/4351.586426/0.002478517
-7/200: 5085.080566/733.272278/4351.808105/0.001850951
-8/200: 5077.690918/725.839405/4351.851562/0.001453202
-9/200: 5071.904785/720.084001/4351.820801/0.001139520
-10/200: 5067.458984/715.613997/4351.845215/0.000876554
-11/200: 5063.916504/712.136529/4351.779785/0.000699064
-12/200: 5061.153320/709.430371/4351.723145/0.000545661
-13/200: 5059.158203/707.327389/4351.831055/0.000394202
-14/200: 5057.592285/705.699120/4351.893066/0.000309521
-15/200: 5056.261230/704.446882/4351.814453/0.000263180
-16/200: 5055.314453/703.494323/4351.820312/0.000187249
-17/200: 5054.681641/702.781956/4351.899902/0.000125178
-18/200: 5054.312988/702.263101/4352.049805/0.000072933
-19/200: 5053.848633/701.900830/4351.947754/0.000091873
-20/200: 5053.655273/701.665459/4351.989746/0.000038260
-21/200: 5053.399902/701.533179/4351.866699/0.000050532
-22/200: 5053.508301/701.484478/4352.023926/0.000021451
-23/200: 5053.582031/701.503416/4352.078613/0.000014590
-24/200: 5053.710449/701.576632/4352.133789/0.000025411
-25/200: 5053.721680/701.693053/4352.028809/0.000002222
-26/200: 5053.891602/701.843363/4352.048340/0.000033623
-27/200: 5054.021484/702.019486/4352.001953/0.000025700
-28/200: 5054.410645/702.214759/4352.195801/0.000077000
-29/200: 5054.618164/702.423432/4352.194824/0.000041057
-30/200: 5054.772949/702.640582/4352.132324/0.000030623
-31/200: 5054.990234/702.862087/4352.127930/0.000042986
-32/200: 5055.288086/703.084573/4352.203613/0.000058922
-33/200: 5055.274414/703.305138/4351.969238/0.000002704
-34/200: 5055.727539/703.521448/4352.206055/0.000089634
-35/200: 5055.757812/703.731533/4352.026367/0.000005988
-36/200: 5056.104004/703.933851/4352.169922/0.000068475
-37/200: 5056.315918/704.127177/4352.188965/0.000041913
-38/200: 5056.458008/704.310534/4352.147461/0.000028101
-39/200: 5056.690430/704.483248/4352.207031/0.000045965
-40/200: 5056.829590/704.644784/4352.184570/0.000027520
-41/200: 5057.108887/704.794813/4352.313965/0.000055232
-42/200: 5057.265137/704.933117/4352.332031/0.000030897
-43/200: 5057.366211/705.059612/4352.306641/0.000019986
-44/200: 5057.497559/705.174323/4352.323242/0.000025972
-45/200: 5057.574707/705.277503/4352.297363/0.000015254
-46/200: 5057.679199/705.369504/4352.309570/0.000020661
-47/200: 5057.824219/705.450781/4352.373535/0.000028673
-48/200: 5057.886719/705.521987/4352.364746/0.000012357
-49/200: 5057.841309/705.583766/4352.257324/0.000008978
-50/200: 5057.942383/705.636813/4352.305664/0.000019984
-51/200: 5057.998047/705.681769/4352.316406/0.000011005
-52/200: 5058.186523/705.719375/4352.467285/0.000037263
-53/200: 5058.064453/705.750300/4352.313965/0.000024133
-54/200: 5058.154297/705.775184/4352.378906/0.000017762
-55/200: 5058.176758/705.794625/4352.382324/0.000004441
-56/200: 5058.193359/705.809287/4352.384277/0.000003282
-57/200: 5058.232910/705.819828/4352.413086/0.000007819
-58/200: 5058.294434/705.826767/4352.467773/0.000012163
-59/200: 5058.272461/705.830612/4352.441895/0.000004344
-60/200: 5058.286133/705.831849/4352.454102/0.000002703
-61/200: 5058.215820/705.830950/4352.384766/0.000013900
-62/200: 5058.342773/705.828406/4352.514160/0.000025098
-63/200: 5058.283203/705.824511/4352.458496/0.000011777
-64/200: 5058.413574/705.819589/4352.593750/0.000025774
-65/200: 5058.413086/705.814016/4352.599121/0.000000097
-66/200: 5058.384277/705.807958/4352.576172/0.000005695
-67/200: 5058.288574/705.801608/4352.486816/0.000018920
-68/200: 5058.283691/705.795118/4352.488770/0.000000965
-69/200: 5058.309082/705.788603/4352.520508/0.000005020
-70/200: 5058.307617/705.782173/4352.525391/0.000000290
-71/200: 5058.385742/705.775914/4352.609863/0.000015445
-72/200: 5058.338379/705.769762/4352.568848/0.000009363
-73/200: 5058.430664/705.763820/4352.666992/0.000018244
-74/200: 5058.389160/705.758057/4352.630859/0.000008205
-75/200: 5058.344238/705.752472/4352.591797/0.000008881
-76/200: 5058.444336/705.747021/4352.697266/0.000019789
-77/200: 5058.455566/705.741792/4352.713867/0.000002220
-78/200: 5058.457520/705.736621/4352.720703/0.000000386
-79/200: 5058.341309/705.731684/4352.609863/0.000022974
-80/200: 5058.348145/705.726809/4352.621094/0.000001351
-81/200: 5058.407227/705.722076/4352.685059/0.000011680
-82/200: 5058.483398/705.717485/4352.766113/0.000015058
-83/200: 5058.400879/705.713047/4352.687988/0.000016313
-84/200: 5058.383789/705.708658/4352.675293/0.000003379
-85/200: 5058.454590/705.704450/4352.750000/0.000013997
-86/200: 5058.450684/705.700303/4352.750488/0.000000772
-87/200: 5058.457031/705.696267/4352.760742/0.000001255
-88/200: 5058.498047/705.692350/4352.805664/0.000008108
-89/200: 5058.455078/705.688470/4352.766602/0.000008494
-90/200: 5058.489746/705.684678/4352.805176/0.000006853
-91/200: 5058.484375/705.680941/4352.803223/0.000001062
-92/200: 5058.521973/705.677307/4352.844727/0.000007433
-93/200: 5058.498535/705.673752/4352.824707/0.000004633
-94/200: 5058.558594/705.670278/4352.888184/0.000011873
-95/200: 5058.529297/705.666887/4352.862305/0.000005792
-96/200: 5058.483887/705.663591/4352.820312/0.000008977
-97/200: 5058.527832/705.660372/4352.867676/0.000008687
-98/200: 5058.553711/705.657159/4352.896484/0.000005116
-99/200: 5058.581543/705.654022/4352.927734/0.000005502
Recall at EP-100 ...
  Columns 1 through 7

    0.0231    0.0367    0.0475    0.0557    0.0615    0.0680    0.0730

  Columns 8 through 10

    0.0773    0.0813    0.0845

Mrr at EP-100 ...
    0.0058

-100/200: 5058.530273/705.650984/4352.879395/0.000010135
-101/200: 5058.507812/705.647910/4352.859863/0.000004440
-102/200: 5058.541016/705.644965/4352.895996/0.000006564
-103/200: 5058.635742/705.642057/4352.993652/0.000018726
-104/200: 5058.557129/705.639165/4352.917969/0.000015540
-105/200: 5058.616699/705.636339/4352.980469/0.000011776
-106/200: 5058.572266/705.633582/4352.938477/0.000008784
-107/200: 5058.606445/705.630867/4352.975586/0.000006757
-108/200: 5058.673340/705.628141/4353.045410/0.000013224
-109/200: 5058.593750/705.625471/4352.968262/0.000015733
-110/200: 5058.594727/705.622839/4352.971680/0.000000193
-111/200: 5058.663086/705.620341/4353.042969/0.000013514
-112/200: 5058.654785/705.617870/4353.037109/0.000001641
-113/200: 5058.633789/705.615417/4353.018555/0.000004151
-114/200: 5058.603516/705.613006/4352.990723/0.000005985
-115/200: 5058.649414/705.610638/4353.038574/0.000009073
-116/200: 5058.630371/705.608268/4353.021973/0.000003764
-117/200: 5058.703125/705.605937/4353.097168/0.000014382
-118/200: 5058.682129/705.603687/4353.078613/0.000004150
-119/200: 5058.736328/705.601419/4353.134766/0.000010714
-120/200: 5058.704590/705.599154/4353.105469/0.000006274
-121/200: 5058.744629/705.596907/4353.147949/0.000007915
-122/200: 5058.748535/705.594693/4353.153809/0.000000772
-123/200: 5058.708496/705.592581/4353.115723/0.000007915
-124/200: 5058.740234/705.590406/4353.149902/0.000006274
-125/200: 5058.758301/705.588281/4353.169922/0.000003571
-126/200: 5058.749023/705.586196/4353.162598/0.000001834
-127/200: 5058.732910/705.584178/4353.148926/0.000003185
-128/200: 5058.746582/705.582216/4353.164551/0.000002703
-129/200: 5058.761719/705.580142/4353.181641/0.000002992
-130/200: 5058.803711/705.578140/4353.225586/0.000008301
-131/200: 5058.739746/705.576218/4353.163574/0.000012644
-132/200: 5058.795898/705.574311/4353.221680/0.000011100
-133/200: 5058.818848/705.572494/4353.246582/0.000004536
-134/200: 5058.863770/705.570624/4353.292969/0.000008880
-135/200: 5058.771484/705.568766/4353.202637/0.000018242
-136/200: 5058.809570/705.566894/4353.242676/0.000007529
-137/200: 5058.867676/705.565100/4353.302734/0.000011486
-138/200: 5058.855469/705.563278/4353.291992/0.000002413
-139/200: 5058.833984/705.561484/4353.272461/0.000004247
-140/200: 5058.860840/705.559734/4353.301270/0.000005309
-141/200: 5058.879883/705.558050/4353.321777/0.000003764
-142/200: 5058.849121/705.556319/4353.292969/0.000006081
-143/200: 5058.866699/705.554647/4353.312012/0.000003475
-144/200: 5058.906250/705.552949/4353.353516/0.000007818
-145/200: 5058.908203/705.551331/4353.356934/0.000000386
-146/200: 5058.916016/705.549680/4353.366211/0.000001544
-147/200: 5058.912598/705.548075/4353.364746/0.000000676
-148/200: 5058.896973/705.546432/4353.350586/0.000003089
-149/200: 5058.934082/705.544793/4353.389160/0.000007335
-150/200: 5058.933594/705.543230/4353.390137/0.000000097
Start evaluating ...
  Columns 1 through 7

    0.0234    0.0370    0.0480    0.0564    0.0627    0.0688    0.0740

  Columns 8 through 10

    0.0779    0.0817    0.0853

    0.0059

Elapsed time is 31804.540116 seconds.
