nohup: ignoring input

                            < M A T L A B (R) >
                  Copyright 1984-2016 The MathWorks, Inc.
                   R2016a (9.0.0.341360) 64-bit (glnxa64)
                             February 11, 2016

 
To get started, type one of these: helpwin, helpdesk, or demo.
For product information, visit www.mathworks.com.
 

	Academic License

Start learning ...
Init data [Dtype: delicious - Dspec: sp2/2550]
Init social model
Using adagrad ...
Load pretrained shallow-model...
Params [lbd-U: 100.0000|lbd-V: 0.1000|lbd-N: 100.0000|lbd-Q: 0.0500]
Staring Sample 2 - Loc: save/bcdl/delicious-alg61-sp2-cold20170225193335565 
CTR(chongwang)-DAE(User graph) Running - Walks(1)...
-1/200: 43591702.588420/13604.483050/43578098.105370/1.000000000
-2/200: 43533052.288841/12855.729605/43520196.559236/0.001345446
-3/200: 43531406.900510/12206.979048/43519199.921462/0.000037796
-4/200: 43531238.054768/11968.082254/43519269.972514/0.000003879
-5/200: 43530075.578519/11927.207239/43518148.371280/0.000026704
-6/200: 43530134.919817/11920.342249/43518214.577568/0.000001363
-7/200: 43532388.720808/11920.601465/43520468.119343/0.000051776
-8/200: 43532868.459793/11923.493417/43520944.966376/0.000011020
-9/200: 43532530.529486/11927.767380/43520602.762106/0.000007763
-10/200: 43532907.640425/11932.708260/43520974.932165/0.000008663
-11/200: 43532196.227945/11938.062720/43520258.165225/0.000016342
-12/200: 43531577.461847/11943.758140/43519633.703707/0.000014214
-13/200: 43532813.360905/11949.582933/43520863.777972/0.000028391
-14/200: 43533439.724650/11955.485604/43521484.239046/0.000014388
-15/200: 43532587.998532/11961.511546/43520626.486986/0.000019565
-16/200: 43532677.759946/11967.465962/43520710.293984/0.000002062
-17/200: 43533504.214151/11973.378105/43521530.836046/0.000018985
-18/200: 43534950.685158/11979.213422/43522971.471736/0.000033227
-19/200: 43534007.881904/11985.071046/43522022.810858/0.000021656
-20/200: 43534395.851661/11990.812495/43522405.039166/0.000008912
-21/200: 43533178.359572/11996.571662/43521181.787910/0.000027966
-22/200: 43534705.620069/12002.233031/43522703.387038/0.000035083
-23/200: 43535237.412041/12007.843251/43523229.568790/0.000012215
-24/200: 43535916.896205/12013.378916/43523903.517289/0.000015608
-25/200: 43534818.802497/12018.895587/43522799.906910/0.000025223
-26/200: 43534969.222732/12024.355507/43522944.867225/0.000003455
-27/200: 43534484.157739/12029.706207/43522454.451532/0.000011142
-28/200: 43536593.009029/12034.961566/43524558.047463/0.000048441
-29/200: 43536381.812187/12040.157738/43524341.654449/0.000004851
-30/200: 43535768.519250/12045.313363/43523723.205887/0.000014087
-31/200: 43535761.061877/12050.342586/43523710.719291/0.000000171
-32/200: 43536583.549082/12055.347376/43524528.201706/0.000018892
-33/200: 43534199.129916/12060.263997/43522138.865919/0.000054768
-34/200: 43536592.399606/12065.134421/43524527.265185/0.000054974
-35/200: 43534728.588931/12069.905758/43522658.683173/0.000042810
-36/200: 43536256.590747/12074.638378/43524181.952369/0.000035098
-37/200: 43536463.985487/12079.299117/43524384.686370/0.000004764
-38/200: 43535992.685434/12083.875873/43523908.809561/0.000010825
-39/200: 43536662.321561/12088.410591/43524573.910970/0.000015381
-40/200: 43536337.098691/12092.881326/43524244.217365/0.000007470
-41/200: 43537711.293497/12097.305595/43525613.987902/0.000031564
-42/200: 43537897.416936/12101.661699/43525795.755237/0.000004275
-43/200: 43537596.571601/12105.944602/43525490.626999/0.000006910
-44/200: 43537796.927693/12110.130646/43525686.797047/0.000004602
-45/200: 43537588.376829/12114.277486/43525474.099343/0.000004790
-46/200: 43537560.374805/12118.388034/43525441.986771/0.000000643
-47/200: 43538279.006051/12122.414514/43526156.591537/0.000016506
-48/200: 43538218.082831/12126.387809/43526091.695022/0.000001399
-49/200: 43537125.961225/12130.319995/43524995.641230/0.000025084
-50/200: 43537621.423973/12134.183702/43525487.240271/0.000011380
-51/200: 43537651.574781/12137.973761/43525513.601020/0.000000693
-52/200: 43539138.718140/12141.705350/43526997.012790/0.000034158
-53/200: 43537645.451531/12145.408276/43525500.043255/0.000034297
-54/200: 43538358.306456/12149.079930/43526209.226526/0.000016373
-55/200: 43538268.719094/12152.655489/43526116.063605/0.000002058
-56/200: 43538281.539961/12156.190375/43526125.349586/0.000000294
-57/200: 43538688.737238/12159.718231/43526529.019007/0.000009353
-58/200: 43539214.562783/12163.196308/43527051.366475/0.000012077
-59/200: 43538926.911641/12166.615479/43526760.296162/0.000006607
-60/200: 43539049.175061/12169.957073/43526879.217988/0.000002808
-61/200: 43538260.885508/12173.254195/43526087.631313/0.000018105
-62/200: 43539669.725517/12176.528393/43527493.197124/0.000032359
-63/200: 43538983.325010/12179.740937/43526803.584073/0.000015765
-64/200: 43540435.173779/12182.910892/43528252.262887/0.000033346
-65/200: 43540482.412999/12186.059441/43528296.353558/0.000001085
-66/200: 43540327.180503/12189.175663/43528138.004840/0.000003565
-67/200: 43539333.058267/12192.234537/43527140.823730/0.000022832
-68/200: 43539450.246846/12195.236347/43527255.010499/0.000002692
-69/200: 43539694.647744/12198.199696/43527496.448048/0.000005613
-70/200: 43539632.289253/12201.119562/43527431.169691/0.000001432
-71/200: 43540600.879644/12204.014109/43528396.865535/0.000022246
-72/200: 43540101.192666/12206.839207/43527894.353459/0.000011476
-73/200: 43541144.745543/12209.643705/43528935.101838/0.000023968
-74/200: 43540707.333086/12212.430463/43528494.902623/0.000010046
-75/200: 43540359.144942/12215.158611/43528143.986331/0.000007997
-76/200: 43541346.713552/12217.849906/43529128.863646/0.000022682
-77/200: 43541544.782630/12220.516577/43529324.266053/0.000004549
-78/200: 43541522.515503/12223.117315/43529299.398188/0.000000511
-79/200: 43540494.753503/12225.701885/43528269.051618/0.000023604
-80/200: 43540668.654314/12228.233246/43528440.421068/0.000003994
-81/200: 43541241.351248/12230.738361/43529010.612887/0.000013153
-82/200: 43541949.368033/12233.205532/43529716.162501/0.000016261
-83/200: 43541303.764591/12235.646323/43529068.118268/0.000014827
-84/200: 43541135.684102/12238.036210/43528897.647892/0.000003860
-85/200: 43541844.748605/12240.409681/43529604.338924/0.000016285
-86/200: 43541885.025609/12242.732045/43529642.293564/0.000000925
-87/200: 43541996.417916/12245.039035/43529751.378881/0.000002558
-88/200: 43542391.214656/12247.320814/43530143.893842/0.000009067
-89/200: 43542038.062866/12249.559119/43529788.503747/0.000008111
-90/200: 43542387.654412/12251.762822/43530135.891590/0.000008029
-91/200: 43542298.892498/12253.926180/43530044.966318/0.000002039
-92/200: 43542710.001621/12256.063768/43530453.937853/0.000009442
-93/200: 43542487.886542/12258.169919/43530229.716623/0.000005101
-94/200: 43543184.206333/12260.245224/43530923.961109/0.000015992
-95/200: 43542913.376813/12262.291933/43530651.084880/0.000006220
-96/200: 43542523.194257/12264.327000/43530258.867257/0.000008961
-97/200: 43543003.521149/12266.336224/43530737.184925/0.000011031
-98/200: 43543312.471857/12268.301234/43531044.170623/0.000007095
-99/200: 43543448.840778/12270.246229/43531178.594549/0.000003132
Recall at EP-100 ...
  Columns 1 through 7

    0.0239    0.0377    0.0468    0.0547    0.0613    0.0673    0.0723

  Columns 8 through 10

    0.0769    0.0807    0.0847

Mrr at EP-100 ...
    0.0063

-100/200: 43543110.949242/12272.177558/43530838.771684/0.000007760
-101/200: 43542947.980437/12274.051344/43530673.929093/0.000003743
-102/200: 43543355.590338/12275.922774/43531079.667564/0.000009361
-103/200: 43544009.877109/12277.764525/43531732.112584/0.000015026
-104/200: 43543397.616613/12279.567768/43531118.048845/0.000014061
-105/200: 43543947.244575/12281.356550/43531665.888025/0.000012623
-106/200: 43543543.936657/12283.127426/43531260.809231/0.000009262
-107/200: 43543928.855519/12284.877983/43531643.977536/0.000008840
-108/200: 43544412.144670/12286.587735/43532125.556935/0.000011099
-109/200: 43543932.508578/12288.281322/43531644.227256/0.000011015
-110/200: 43543820.128818/12289.951304/43531530.177514/0.000002581
-111/200: 43544622.695416/12291.616900/43532331.078516/0.000018431
-112/200: 43544566.333248/12293.256070/43532273.077178/0.000001294
-113/200: 43544354.180784/12294.871569/43532059.309215/0.000004872
-114/200: 43544192.482134/12296.468195/43531896.013939/0.000003713
-115/200: 43544566.382533/12298.039049/43532268.343484/0.000008587
-116/200: 43544456.157195/12299.588736/43532156.568459/0.000002531
-117/200: 43544981.841225/12301.106289/43532680.734936/0.000012072
-118/200: 43544899.421299/12302.632455/43532596.788844/0.000001893
-119/200: 43545294.189411/12304.121176/43532990.068235/0.000009066
-120/200: 43545081.013881/12305.576510/43532775.437371/0.000004895
-121/200: 43545478.051590/12307.014360/43533171.037230/0.000009118
-122/200: 43545579.087456/12308.422352/43533270.665104/0.000002320
-123/200: 43545316.213809/12309.833679/43533006.380130/0.000006037
-124/200: 43545487.174881/12311.205124/43533175.969757/0.000003926
-125/200: 43545604.951715/12312.567314/43533292.384401/0.000002705
-126/200: 43545619.572858/12313.911738/43533305.661120/0.000000336
-127/200: 43545621.330941/12315.250403/43533306.080538/0.000000040
Start evaluating ...
  Columns 1 through 7

    0.0241    0.0379    0.0474    0.0550    0.0619    0.0677    0.0726

  Columns 8 through 10

    0.0771    0.0813    0.0849

    0.0064

Elapsed time is 23203.341024 seconds.
