nohup: ignoring input

                            < M A T L A B (R) >
                  Copyright 1984-2016 The MathWorks, Inc.
                   R2016a (9.0.0.341360) 64-bit (glnxa64)
                             February 11, 2016

 
To get started, type one of these: helpwin, helpdesk, or demo.
For product information, visit www.mathworks.com.
 

	Academic License

Start learning ...
Init data [Dtype: delicious - Dspec: sp2/1050]
Init social model
Using adagrad ...
Could not use CUDA
Params [lbd-U: 0.1000|lbd-V: 0.1000|lbd-N: 0.1000|lbd-Q: 0.1000]
Staring Sample 2 - Loc: save/ctrsmf/delicious-alg90-sp2-cold20170224205546536 
CTR-SMF Running ...

iter time likelihood converge
0001 000099 -11663517.88551 1.0000000000
0002 000194 -11349292.66283 0.0269408617
0003 000304 -11104977.10080 0.0215269417
0004 000416 -11030880.05047 0.0066724181
0005 000535 -10994338.40913 0.0033126678
0006 000649 -10966921.37536 0.0024937411
0007 000767 -10947982.37280 0.0017269206
0008 000881 -10935576.52675 0.0011331628
0009 000998 -10926595.75075 0.0008212439
0010 001110 -10919507.96745 0.0006486726
0011 001231 -10913565.95700 0.0005441647
0012 001350 -10908433.37718 0.0004702936
0013 001465 -10903933.50132 0.0004125135
0014 001584 -10899951.17661 0.0003652191
0015 001696 -10896401.57122 0.0003256533
0016 001810 -10893218.25406 0.0002921439
0017 001928 -10890347.12729 0.0002635701
0018 002042 -10887743.40108 0.0002390857
0019 002162 -10885369.62544 0.0002180227
0020 002272 -10883194.27477 0.0001998417
0021 002385 -10881190.79112 0.0001840897
0022 002497 -10879337.00541 0.0001703661
0023 002610 -10877614.44496 0.0001583332
0024 002721 -10876007.26079 0.0001477515
0025 002836 -10874501.58647 0.0001384400
0026 002946 -10873085.37114 0.0001302327
0027 003054 -10871748.35629 0.0001229655
0028 003168 -10870482.04590 0.0001164772
0029 003285 -10869279.44039 0.0001106304
0030 003399 -10868134.54491 0.0001053332
0031 003515 -10867041.98828 0.0001005284
0032 003625 -10865996.89984 0.0000961705
0033 003742 -10864994.99058 0.0000922059
0034 003853 -10864032.67863 0.0000885699
0035 003966 -10863106.95747 0.0000852097
0036 004081 -10862215.34920 0.0000820767
0037 004199 -10861356.06035 0.0000791081
0038 004313 -10860527.96399 0.0000762424
0039 004427 -10859730.49748 0.0000734280
0040 004536 -10858963.84222 0.0000705962
0041 004649 -10858229.32055 0.0000676420
0042 004757 -10857528.74990 0.0000645198
0043 004866 -10856863.36462 0.0000612833
0044 004976 -10856233.76662 0.0000579908
0045 005093 -10855639.75225 0.0000547164
0046 005211 -10855080.16684 0.0000515479
0047 005330 -10854553.20362 0.0000485453
0048 005449 -10854056.97380 0.0000457163
0049 005565 -10853589.82471 0.0000430391
0050 005679 -10853150.37210 0.0000404891
0051 005792 -10852737.66185 0.0000380268
0052 005902 -10852351.16198 0.0000356131
0053 006023 -10851990.44353 0.0000332387
0054 006137 -10851654.87739 0.0000309221
0055 006250 -10851343.55042 0.0000286894
0056 006358 -10851055.30596 0.0000265630
0057 006469 -10850788.77753 0.0000245624
0058 006586 -10850542.54976 0.0000226922
0059 006695 -10850315.25775 0.0000209475
0060 006807 -10850105.50928 0.0000193311
0061 006918 -10849911.82038 0.0000178513
0062 007023 -10849732.65633 0.0000165130
0063 007147 -10849566.53995 0.0000153106
0064 007272 -10849412.09474 0.0000142351
0065 007391 -10849267.98881 0.0000132824
0066 007509 -10849132.99921 0.0000124423
0067 007622 -10849006.35945 0.0000116728
0068 007741 -10848887.60224 0.0000109464
0069 007849 -10848776.05513 0.0000102819
0070 007932 -10848671.14862 0.0000096699
Start evaluating ...
  Columns 1 through 7

    0.0118    0.0131    0.0139    0.0148    0.0151    0.0156    0.0158

  Columns 8 through 10

    0.0161    0.0166    0.0168

    0.0040

Elapsed time is 8015.493130 seconds.
