nohup: ignoring input

                            < M A T L A B (R) >
                  Copyright 1984-2016 The MathWorks, Inc.
                   R2016a (9.0.0.341360) 64-bit (glnxa64)
                             February 11, 2016

 
To get started, type one of these: helpwin, helpdesk, or demo.
For product information, visit www.mathworks.com.
 

	Academic License

Start learning ...
Init data [Dtype: delicious - Dspec: sp2/0550]
Init social model
Using adagrad ...
Params [lbd-U: 1.0000|lbd-V: 0.1000|lbd-N: 1.0000|lbd-Q: 0.1000]
Staring Sample 2 - Loc: save/ctr/delicious-alg80-sp2-cold20170224185120352 
CTR(chongwang) Running ...

iter time likelihood:[r:u:v] converge
0001 000069 -2300.00000:[0.00000:0.00000:-0.00000] 1.0000000000
0002 000137 -2103.35074:[433.16547:-24.68941:-99.65544] 0.0854996787
0003 000203 -945.84550:[3671.30728:-482.22610:-245.77869] 0.5503148942
0004 000266 -891.16436:[3579.82421:-381.81595:-291.38296] 0.0578119175
0005 000335 -883.26990:[3524.23285:-346.21452:-310.47203] 0.0088585828
0006 000395 -881.41007:[3500.72281:-332.73918:-318.09789] 0.0021056246
0007 000451 -880.60272:[3491.38170:-327.42231:-320.99329] 0.0009159732
0008 000506 -880.04364:[3487.87648:-325.27784:-321.98342] 0.0006348795
0009 000563 -879.58907:[3486.69154:-324.39295:-322.22645] 0.0005165334
0010 000618 -879.20614:[3486.39732:-324.01311:-322.19094] 0.0004353511
0011 000675 -878.88175:[3486.42490:-323.83751:-322.06371] 0.0003689612
0012 000731 -878.60701:[3486.55321:-323.74589:-321.91731] 0.0003126009
0013 000788 -878.37437:[3486.69992:-323.69018:-321.77810] 0.0002647802
0014 000844 -878.17732:[3486.83690:-323.65112:-321.65425] 0.0002243420
0015 000899 -878.01034:[3486.95650:-323.62092:-321.54703] 0.0001901457
0016 000956 -877.86883:[3487.05832:-323.59628:-321.45533] 0.0001611676
0017 001011 -877.74896:[3487.14422:-323.57572:-321.37734] 0.0001365402
0018 001049 -877.64754:[3487.21650:-323.55843:-321.31123] 0.0001155458
0019 001082 -877.56189:[3487.27728:-323.54390:-321.25534] 0.0000975972
0020 001116 -877.48974:[3487.32838:-323.53175:-321.20823] 0.0000822150
0021 001149 -877.42919:[3487.37129:-323.52165:-321.16865] 0.0000690049
0022 001184 -877.37861:[3487.40726:-323.51334:-321.13556] 0.0000576399
0023 001267 -877.33663:[3487.43730:-323.50657:-321.10806] 0.0000478503
0024 001351 -877.30205:[3487.46229:-323.50113:-321.08536] 0.0000394174
0025 001434 -877.27383:[3487.48295:-323.49682:-321.06680] 0.0000321662
0026 001515 -877.25106:[3487.49992:-323.49349:-321.05178] 0.0000259545
0027 001592 -877.23293:[3487.51376:-323.49099:-321.03976] 0.0000206621
0028 001669 -877.21874:[3487.52494:-323.48919:-321.03029] 0.0000161838
0029 001750 -877.20784:[3487.53390:-323.48797:-321.02295] 0.0000124267
0030 001834 -877.19967:[3487.54101:-323.48722:-321.01737] 0.0000093080
Start evaluating ...
  Columns 1 through 7

    0.0004    0.0007    0.0009    0.0012    0.0015    0.0017    0.0020

  Columns 8 through 10

    0.0023    0.0025    0.0028

   3.4531e-04

Elapsed time is 1951.141615 seconds.
