nohup: ignoring input

                            < M A T L A B (R) >
                  Copyright 1984-2016 The MathWorks, Inc.
                   R2016a (9.0.0.341360) 64-bit (glnxa64)
                             February 11, 2016

 
To get started, type one of these: helpwin, helpdesk, or demo.
For product information, visit www.mathworks.com.
 

	Academic License

Start learning ...
Init data [Dtype: delicious - Dspec: sp2/2550]
Init social model
Using adagrad ...
Load pretrained shallow-model...
Params [lbd-U: 100.0000|lbd-V: 0.0100|lbd-N: 100.0000|lbd-Q: 0.0500]
Staring Sample 2 - Loc: save/bcdl/delicious-alg61-sp2-cold20170225193335329 
CTR(chongwang)-DAE(User graph) Running - Walks(1)...
-1/200: 43590693.673060/12595.567690/43578098.105370/1.000000000
-2/200: 43526067.389534/5870.830298/43520196.559236/0.001482571
-3/200: 43524860.127339/5665.652456/43519194.474883/0.000027737
-4/200: 43524907.379302/5634.566792/43519272.812510/0.000001086
-5/200: 43523777.167512/5627.098004/43518150.069508/0.000025967
-6/200: 43523842.659143/5626.274693/43518216.384450/0.000001505
-7/200: 43526096.406301/5628.259277/43520468.147024/0.000051782
-8/200: 43526576.807544/5631.731368/43520945.076176/0.000011037
-9/200: 43526239.058496/5636.121435/43520602.937061/0.000007760
-10/200: 43526615.291429/5640.955987/43520974.335442/0.000008644
-11/200: 43525903.464899/5646.095515/43520257.369384/0.000016354
-12/200: 43525285.163064/5651.498954/43519633.664110/0.000014205
-13/200: 43526520.142070/5657.005583/43520863.136487/0.000028374
-14/200: 43527146.305246/5662.598199/43521483.707047/0.000014386
-15/200: 43526294.106951/5668.291252/43520625.815699/0.000019579
-16/200: 43526384.385492/5673.929733/43520710.455759/0.000002074
-17/200: 43527209.346429/5679.534206/43521529.812223/0.000018953
-18/200: 43528656.745919/5685.077813/43522971.668106/0.000033253
-19/200: 43527713.502074/5690.650239/43522022.851835/0.000021669
-20/200: 43528100.205017/5696.132883/43522404.072134/0.000008884
-21/200: 43526882.834210/5701.639518/43521181.194692/0.000027967
-22/200: 43528409.036105/5707.065208/43522701.970897/0.000035063
-23/200: 43528942.212825/5712.464177/43523229.748648/0.000012249
-24/200: 43529621.625942/5717.795369/43523903.830573/0.000015608
-25/200: 43528522.337167/5723.116486/43522799.220681/0.000025254
-26/200: 43528672.282584/5728.401872/43522943.880712/0.000003445
-27/200: 43528186.803379/5733.590000/43522453.213379/0.000011153
-28/200: 43530295.892510/5738.698314/43524557.194196/0.000048453
-29/200: 43530084.875612/5743.750878/43524341.124734/0.000004848
-30/200: 43529471.838063/5748.788873/43523723.049190/0.000014083
-31/200: 43529463.411128/5753.708335/43523709.702793/0.000000194
-32/200: 43530286.333228/5758.608482/43524527.724746/0.000018905
-33/200: 43527901.104805/5763.439948/43522137.664857/0.000054795
-34/200: 43530295.134288/5768.228473/43524526.905815/0.000055000
-35/200: 43528431.367828/5772.929420/43522658.438408/0.000042815
-36/200: 43529959.363877/5777.609763/43524181.754114/0.000035103
-37/200: 43530166.066068/5782.212983/43524383.853085/0.000004749
-38/200: 43529693.835060/5786.750747/43523907.084313/0.000010848
-39/200: 43530364.575477/5791.256425/43524573.319052/0.000015409
-40/200: 43530039.837239/5795.700110/43524244.137129/0.000007460
-41/200: 43531412.962846/5800.101016/43525612.861830/0.000031544
-42/200: 43531599.659274/5804.449285/43525795.209989/0.000004289
-43/200: 43531298.345497/5808.725096/43525489.620401/0.000006922
-44/200: 43531499.303990/5812.916338/43525686.387652/0.000004616
-45/200: 43531290.007237/5817.070904/43525472.936333/0.000004808
-46/200: 43531263.020734/5821.196299/43525441.824435/0.000000620
-47/200: 43531981.671250/5825.249999/43526156.421251/0.000016509
-48/200: 43531919.153200/5829.252851/43526089.900349/0.000001436
-49/200: 43530828.172582/5833.213826/43524994.958756/0.000025062
-50/200: 43531323.133786/5837.119428/43525486.014358/0.000011370
-51/200: 43531354.142848/5840.948518/43525513.194330/0.000000712
-52/200: 43532839.467791/5844.726839/43526994.740952/0.000034121
-53/200: 43531348.208942/5848.485791/43525499.723151/0.000034256
-54/200: 43532059.872968/5852.206923/43526207.666045/0.000016348
-55/200: 43531970.972166/5855.846523/43526115.125643/0.000002042
-56/200: 43531982.933677/5859.445109/43526123.488568/0.000000275
-57/200: 43532390.364700/5863.042777/43526527.321923/0.000009359
-58/200: 43532917.256078/5866.588920/43527050.667158/0.000012103
-59/200: 43532629.243555/5870.084033/43526759.159522/0.000006616
-60/200: 43532751.276284/5873.511288/43526877.764996/0.000002803
-61/200: 43531963.891736/5876.882883/43526087.008853/0.000018087
-62/200: 43533372.171696/5880.239848/43527491.931848/0.000032350
-63/200: 43532686.777455/5883.548855/43526803.228600/0.000015744
-64/200: 43534138.382899/5886.806941/43528251.575958/0.000033345
-65/200: 43534185.480953/5890.047319/43528295.433634/0.000001082
-66/200: 43534029.685088/5893.257124/43528136.427964/0.000003579
-67/200: 43533036.673770/5896.417928/43527140.255842/0.000022810
-68/200: 43533153.098148/5899.518639/43527253.579509/0.000002674
-69/200: 43533398.507127/5902.577735/43527495.929392/0.000005637
-70/200: 43533335.960357/5905.610784/43527430.349573/0.000001437
-71/200: 43534304.975243/5908.616494/43528396.358749/0.000022259
-72/200: 43533805.170357/5911.553405/43527893.616952/0.000011481
-73/200: 43534848.490647/5914.470057/43528934.020590/0.000023966
-74/200: 43534410.551461/5917.363164/43528493.188297/0.000010060
-75/200: 43534063.275688/5920.206012/43528143.069676/0.000007977
-76/200: 43535050.969301/5923.017614/43529127.951687/0.000022688
-77/200: 43535248.768876/5925.806004/43529322.962872/0.000004543
-78/200: 43535227.611476/5928.523090/43529299.088386/0.000000486
-79/200: 43534198.879742/5931.230026/43528267.649716/0.000023630
-80/200: 43534373.042653/5933.883043/43528439.159610/0.000004001
-81/200: 43534945.852732/5936.507366/43529009.345366/0.000013158
-82/200: 43535654.058302/5939.105965/43529714.952337/0.000016268
-83/200: 43535007.838340/5941.672523/43529066.165817/0.000014843
-84/200: 43534840.913885/5944.187964/43528896.725921/0.000003834
-85/200: 43535549.193567/5946.692283/43529602.501284/0.000016269
-86/200: 43535589.547363/5949.147412/43529640.399951/0.000000927
-87/200: 43535701.973025/5951.583134/43529750.389891/0.000002582
-88/200: 43536096.659977/5953.987420/43530142.672557/0.000009066
-89/200: 43535743.493077/5956.362705/43529787.130372/0.000008112
-90/200: 43536093.182238/5958.697569/43530134.484669/0.000008032
-91/200: 43536004.351282/5960.989503/43530043.361779/0.000002040
-92/200: 43536416.180660/5963.262273/43530452.918387/0.000009460
-93/200: 43536193.361348/5965.498327/43530227.863021/0.000005118
-94/200: 43536890.377114/5967.707038/43530922.670076/0.000016010
-95/200: 43536620.166037/5969.888745/43530650.277292/0.000006206
-96/200: 43536229.625275/5972.052713/43530257.572562/0.000008970
-97/200: 43536710.513833/5974.194990/43530736.318843/0.000011046
-98/200: 43537019.054218/5976.300515/43531042.753703/0.000007087
-99/200: 43537157.245179/5978.379606/43531178.865573/0.000003174
Recall at EP-100 ...
  Columns 1 through 7

    0.0728    0.0958    0.1141    0.1310    0.1448    0.1558    0.1654

  Columns 8 through 10

    0.1737    0.1813    0.1873

Mrr at EP-100 ...
    0.0158

-100/200: 43536818.161621/5980.443357/43530837.718264/0.000007788
-101/200: 43536655.037608/5982.455184/43530672.582424/0.000003747
-102/200: 43537062.173668/5984.455252/43531077.718416/0.000009352
-103/200: 43537717.649998/5986.434839/43531731.215159/0.000015056
-104/200: 43537104.727054/5988.375416/43531116.351638/0.000014078
-105/200: 43537654.068460/5990.294374/43531663.774086/0.000012618
-106/200: 43537252.609984/5992.200092/43531260.409892/0.000009221
-107/200: 43537637.888642/5994.087834/43531643.800808/0.000008849
-108/200: 43538119.194640/5995.932373/43532123.262267/0.000011055
-109/200: 43537641.487544/5997.758226/43531643.729318/0.000010972
-110/200: 43537527.820018/5999.560552/43531528.259466/0.000002611
-111/200: 43538331.215089/6001.356981/43532329.858108/0.000018453
-112/200: 43538274.490611/6003.136284/43532271.354327/0.000001303
-113/200: 43538062.966145/6004.879666/43532058.086479/0.000004858
-114/200: 43537901.873837/6006.609222/43531895.264615/0.000003700
-115/200: 43538275.469745/6008.314954/43532267.154791/0.000008581
-116/200: 43538164.334226/6009.991055/43532154.343171/0.000002553
-117/200: 43538691.093694/6011.651182/43532679.442512/0.000012099
-118/200: 43538608.410651/6013.298567/43532595.112084/0.000001899
-119/200: 43539004.436372/6014.920224/43532989.516148/0.000009096
-120/200: 43538789.765057/6016.505105/43532773.259952/0.000004931
-121/200: 43539187.166502/6018.072823/43533169.093679/0.000009128
-122/200: 43539289.127059/6019.616018/43533269.511041/0.000002342
-123/200: 43539026.708116/6021.154704/43533005.553412/0.000006027
-124/200: 43539196.564846/6022.651258/43533173.913588/0.000003901
-125/200: 43539315.059613/6024.144603/43533290.915010/0.000002722
-126/200: 43539329.839140/6025.611384/43533304.227756/0.000000339
-127/200: 43539331.439640/6027.073658/43533304.365982/0.000000037
Start evaluating ...
  Columns 1 through 7

    0.0721    0.0954    0.1130    0.1309    0.1447    0.1558    0.1650

  Columns 8 through 10

    0.1737    0.1810    0.1876

    0.0155

Elapsed time is 23021.058710 seconds.
