nohup: ignoring input

                            < M A T L A B (R) >
                  Copyright 1984-2016 The MathWorks, Inc.
                   R2016a (9.0.0.341360) 64-bit (glnxa64)
                             February 11, 2016

 
To get started, type one of these: helpwin, helpdesk, or demo.
For product information, visit www.mathworks.com.
 

	Academic License

Start learning ...
Init data [Dtype: delicious - Dspec: sp2/0550]
Init social model
Using adagrad ...
Params [lbd-U: 1.0000|lbd-V: 10.0000|lbd-N: 1.0000|lbd-Q: 0.1000]
Staring Sample 2 - Loc: save/ctrsmf/delicious-alg90-sp2-cold20170224185112939 
CTR-SMF Running ...

iter time likelihood converge
0001 000081 -5310739.97433 1.0000000000
0002 000158 -5146218.66932 0.0309789795
0003 000234 -5035944.33480 0.0214282256
0004 000311 -5001970.80208 0.0067462089
0005 000392 -4983867.28652 0.0036192765
0006 000458 -4969184.59335 0.0029460442
0007 000525 -4959066.80982 0.0020361054
0008 000590 -4952819.53643 0.0012597679
0009 000657 -4948563.56483 0.0008593028
0010 000717 -4945374.03926 0.0006445356
0011 000783 -4942784.16795 0.0005236957
0012 000849 -4940585.44486 0.0004448349
0013 000915 -4938681.24781 0.0003854193
0014 000981 -4937013.12511 0.0003377668
0015 001047 -4935539.15255 0.0002985555
0016 001113 -4934227.37626 0.0002657818
0017 001178 -4933052.58763 0.0002380897
0018 001267 -4931994.34521 0.0002145208
0019 001358 -4931035.69679 0.0001943734
0020 001451 -4930162.37284 0.0001771076
0021 001540 -4929362.28362 0.0001622846
0022 001631 -4928625.19384 0.0001495305
0023 001723 -4927942.48703 0.0001385187
0024 001818 -4927306.95845 0.0001289643
0025 001900 -4926712.61046 0.0001206233
0026 001977 -4926154.44549 0.0001132936
0027 002052 -4925628.26513 0.0001068136
0028 002129 -4925130.49278 0.0001010576
0029 002210 -4924658.04205 0.0000959265
0030 002285 -4924208.24675 0.0000913353
0031 002365 -4923778.84052 0.0000872031
0032 002445 -4923367.96855 0.0000834465
0033 002521 -4922974.24702 0.0000799700
0034 002600 -4922596.86011 0.0000766583
0035 002684 -4922235.48865 0.0000734107
0036 002762 -4921889.97051 0.0000701954
0037 002842 -4921560.03046 0.0000670352
0038 002922 -4921245.42009 0.0000639249
0039 003006 -4920945.95205 0.0000608521
0040 003084 -4920661.29622 0.0000578458
0041 003161 -4920391.22871 0.0000548844
0042 003237 -4920135.58105 0.0000519568
0043 003314 -4919893.88527 0.0000491238
0044 003388 -4919665.72303 0.0000463754
0045 003460 -4919450.75465 0.0000436957
0046 003531 -4919248.53784 0.0000411056
0047 003604 -4919058.48134 0.0000386353
0048 003682 -4918879.94645 0.0000362945
0049 003761 -4918712.34810 0.0000340725
0050 003828 -4918555.18035 0.0000319530
0051 003895 -4918407.99065 0.0000299254
0052 003961 -4918270.34792 0.0000279852
0053 004029 -4918141.82439 0.0000261319
0054 004096 -4918021.98380 0.0000243670
0055 004164 -4917910.36109 0.0000226967
0056 004232 -4917806.43378 0.0000211324
0057 004283 -4917709.59771 0.0000196909
0058 004321 -4917619.17017 0.0000183881
0059 004361 -4917534.45171 0.0000172275
0060 004415 -4917454.82814 0.0000161918
0061 004465 -4917379.80394 0.0000152567
0062 004532 -4917308.93915 0.0000144111
0063 004599 -4917241.85693 0.0000136421
0064 004666 -4917178.30855 0.0000129236
0065 004733 -4917118.18677 0.0000122269
0066 004803 -4917061.44493 0.0000115397
0067 004870 -4917007.93485 0.0000108825
0068 004936 -4916957.39991 0.0000102776
0069 005003 -4916909.63348 0.0000097146
Start evaluating ...
  Columns 1 through 7

    0.0070    0.0088    0.0101    0.0114    0.0126    0.0140    0.0153

  Columns 8 through 10

    0.0162    0.0170    0.0179

    0.0026

Elapsed time is 5094.576212 seconds.
