nohup: ignoring input

                            < M A T L A B (R) >
                  Copyright 1984-2016 The MathWorks, Inc.
                   R2016a (9.0.0.341360) 64-bit (glnxa64)
                             February 11, 2016

 
To get started, type one of these: helpwin, helpdesk, or demo.
For product information, visit www.mathworks.com.
 

	Academic License

Start learning ...
Init data [Dtype: delicious - Dspec: sp2/1050]
Init social model
Using adagrad ...
Could not use CUDA
Params [lbd-U: 1.0000|lbd-V: 10.0000|lbd-N: 1.0000|lbd-Q: 0.1000]
Staring Sample 2 - Loc: save/ctr/delicious-alg80-sp2-cold20170224191130086 
CTR(chongwang) Running ...

iter time likelihood:[r:u:v] converge
0001 000122 -5099.00000:[0.00000:0.00000:-0.00000] 1.0000000000
0002 000242 -4950.90531:[329.48528:-85.18813:-28.69769] 0.0290438699
0003 000364 -4915.87362:[439.65039:-124.99911:-48.59184] 0.0070758153
0004 000486 -4903.19017:[511.85350:-157.77498:-71.71973] 0.0025800991
0005 000615 -4900.12630:[563.77764:-184.44124:-91.50102] 0.0006248734
0006 000733 -4900.66804:[597.34523:-202.78254:-105.57397] 0.0001105569
0007 000849 -4902.60375:[616.34551:-213.81643:-114.41515] 0.0003949887
0008 000967 -4905.02510:[624.91593:-219.39647:-119.28574] 0.0004938906
0009 001077 -4907.54386:[626.52595:-221.24522:-121.40166] 0.0005135054
0010 001185 -4909.99557:[623.72797:-220.68256:-121.70211] 0.0004995807
0011 001294 -4912.31466:[618.26657:-218.63017:-120.84726] 0.0004723189
0012 001403 -4914.47993:[611.28510:-215.70049:-119.28046] 0.0004407851
0013 001496 -4916.49031:[603.51389:-212.28903:-117.29254] 0.0004090729
0014 001592 -4918.35315:[595.41098:-208.64636:-115.07164] 0.0003788963
0015 001684 -4920.07874:[587.25915:-204.92887:-112.73838] 0.0003508456
0016 001781 -4921.67783:[579.22998:-201.23271:-110.36957] 0.0003250146
0017 001872 -4923.16065:[571.42506:-197.61591:-108.01378] 0.0003012835
0018 001961 -4924.53644:[563.90230:-194.11256:-105.70146] 0.0002794528
0019 002044 -4925.81344:[556.69252:-190.74177:-103.45145] 0.0002593122
0020 002134 -4926.99892:[549.80987:-187.51338:-101.27516] 0.0002406668
0021 002221 -4928.09932:[543.25832:-184.43153:-99.17926] 0.0002233426
0022 002314 -4929.12037:[537.03578:-181.49687:-97.16735] 0.0002071884
0023 002406 -4930.06716:[531.13659:-178.70798:-95.24113] 0.0001920804
0024 002492 -4930.94432:[525.55301:-176.06221:-93.40102] 0.0001779207
0025 002575 -4931.75610:[520.27619:-173.55621:-91.64667] 0.0001646302
0026 002658 -4932.50644:[515.29660:-171.18619:-89.97715] 0.0001521441
0027 002741 -4933.19901:[510.60445:-168.94817:-88.39120] 0.0001404088
0028 002825 -4933.83727:[506.18978:-166.83801:-86.88731] 0.0001293809
0029 002907 -4934.42452:[502.04259:-164.85153:-85.46376] 0.0001190261
0030 002989 -4934.96392:[498.15287:-162.98447:-84.11872] 0.0001093139
0031 003071 -4935.45848:[494.51060:-161.23255:-82.85018] 0.0001002137
0032 003153 -4935.91103:[491.10585:-159.59149:-81.65607] 0.0000916947
0033 003235 -4936.32430:[487.92882:-158.05699:-80.53424] 0.0000837271
0034 003316 -4936.70086:[484.96986:-156.62484:-79.48247] 0.0000762831
0035 003397 -4937.04314:[482.21954:-155.29086:-78.49855] 0.0000693351
0036 003478 -4937.35346:[479.66863:-154.05096:-77.58023] 0.0000628545
0037 003560 -4937.63398:[477.30820:-152.90115:-76.72527] 0.0000568150
0038 003641 -4937.88676:[475.12950:-151.83750:-75.93141] 0.0000511957
0039 003722 -4938.11382:[473.12398:-150.85619:-75.19642] 0.0000459831
0040 003802 -4938.31712:[471.28311:-149.95340:-74.51800] 0.0000411700
0041 003877 -4938.49863:[469.59833:-149.12530:-73.89380] 0.0000367541
0042 003943 -4938.66026:[468.06089:-148.36798:-73.32135] 0.0000327299
0043 003995 -4938.80390:[466.66194:-147.67743:-72.79805] 0.0000290840
0044 004040 -4938.93130:[465.39256:-147.04958:-72.32121] 0.0000257969
0045 004084 -4939.04412:[464.24386:-146.48033:-71.88807] 0.0000228429
0046 004129 -4939.14385:[463.20718:-145.96562:-71.49582] 0.0000201908
0047 004174 -4939.23180:[462.27418:-145.50151:-71.14171] 0.0000178068
0048 004220 -4939.30915:[461.43695:-145.08422:-70.82305] 0.0000156600
0049 004264 -4939.37695:[460.68803:-144.71019:-70.53728] 0.0000137276
0050 004309 -4939.43618:[460.02042:-144.37604:-70.28195] 0.0000119919
0051 004354 -4939.48774:[459.42746:-144.07860:-70.05473] 0.0000104379
0052 004399 -4939.53247:[458.90286:-143.81484:-69.85338] 0.0000090544
Start evaluating ...
  Columns 1 through 7

    0.0031    0.0044    0.0053    0.0059    0.0066    0.0073    0.0077

  Columns 8 through 10

    0.0083    0.0089    0.0094

   7.7426e-04

Elapsed time is 4462.140593 seconds.
