nohup: ignoring input

                            < M A T L A B (R) >
                  Copyright 1984-2016 The MathWorks, Inc.
                   R2016a (9.0.0.341360) 64-bit (glnxa64)
                             February 11, 2016

 
To get started, type one of these: helpwin, helpdesk, or demo.
For product information, visit www.mathworks.com.
 

	Academic License

Start learning ...
Init data [Dtype: delicious - Dspec: sp2/5050]
Init social model
Using adagrad ...
Load pretrained shallow-model...
Could not use CUDA
Params [lbd-U: 100.0000|lbd-V: 0.0100|lbd-N: 100.0000|lbd-Q: 0.0100]
Staring Sample 2 - Loc: save/bcdl/delicious-alg61-sp2-cold20170227105047977 
CTR(chongwang)-DAE(User graph) Running - Walks(1)...
-1/200: 43597812.909518/19714.804148/43578098.105370/1.000000000
-2/200: 43527888.152994/7832.559941/43520055.593053/0.001603859
-3/200: 43526646.008433/7474.076699/43519171.931733/0.000028537
-4/200: 43526679.718828/7413.976487/43519265.742341/0.000000774
-5/200: 43525540.677980/7397.077523/43518143.600457/0.000026169
-6/200: 43525602.861669/7391.752146/43518211.109523/0.000001429
-7/200: 43527852.586644/7391.091221/43520461.495423/0.000051687
-8/200: 43528332.087851/7392.859921/43520939.227930/0.000011016
-9/200: 43527992.289300/7396.100781/43520596.188519/0.000007806
-10/200: 43528367.531096/7400.143783/43520967.387313/0.000008621
-11/200: 43527654.880656/7404.749273/43520250.131383/0.000016372
-12/200: 43527036.616237/7409.821906/43519626.794331/0.000014204
-13/200: 43528271.423882/7415.143870/43520856.280012/0.000028369
-14/200: 43528897.347903/7420.650068/43521476.697835/0.000014380
-15/200: 43528045.487315/7426.359505/43520619.127810/0.000019570
-16/200: 43528136.468742/7432.073680/43520704.395062/0.000002090
-17/200: 43528959.968293/7437.805923/43521522.162370/0.000018919
-18/200: 43530408.647374/7443.514742/43522965.132632/0.000033281
-19/200: 43529465.765503/7449.292036/43522016.473467/0.000021660
-20/200: 43529851.596996/7455.007562/43522396.589434/0.000008864
-21/200: 43528634.816042/7460.769151/43521174.046891/0.000027953
-22/200: 43530160.688986/7466.467000/43522694.221986/0.000035054
-23/200: 43530695.470608/7472.145248/43523223.325360/0.000012285
-24/200: 43531375.646270/7477.774055/43523897.872215/0.000015625
-25/200: 43530276.381524/7483.401710/43522792.979814/0.000025252
-26/200: 43530425.781040/7489.004186/43522936.776854/0.000003432
-27/200: 43529940.404866/7494.507472/43522445.897394/0.000011150
-28/200: 43532050.033081/7499.930780/43524550.102301/0.000048464
-29/200: 43531839.732967/7505.312788/43524334.420179/0.000004831
-30/200: 43531227.108263/7510.673831/43523716.434432/0.000014073
-31/200: 43531217.794987/7515.918087/43523701.876900/0.000000214
-32/200: 43532042.057016/7521.142481/43524520.914535/0.000018935
-33/200: 43529656.333361/7526.296792/43522130.036569/0.000054804
-34/200: 43532051.478580/7531.409330/43524520.069250/0.000055023
-35/200: 43530188.721679/7536.425692/43522652.295987/0.000042790
-36/200: 43531716.465545/7541.424483/43524175.041062/0.000035096
-37/200: 43531923.359909/7546.351159/43524377.008750/0.000004753
-38/200: 43531450.091276/7551.197833/43523898.893443/0.000010872
-39/200: 43532122.542575/7556.010924/43524566.531651/0.000015447
-40/200: 43531798.126879/7560.759508/43524237.367371/0.000007452
-41/200: 43533171.177286/7565.471553/43525605.705733/0.000031541
-42/200: 43533358.823974/7570.122955/43525788.701019/0.000004310
-43/200: 43533057.383329/7574.690857/43525482.692472/0.000006924
-44/200: 43533259.541101/7579.176794/43525680.364307/0.000004644
-45/200: 43533050.254074/7583.618348/43525466.635726/0.000004808
-46/200: 43533023.722453/7588.031169/43525435.691284/0.000000609
-47/200: 43533741.992213/7592.357536/43526149.634677/0.000016499
-48/200: 43533679.051812/7596.637462/43526082.414350/0.000001446
-49/200: 43532589.229003/7600.874985/43524988.354018/0.000025034
-50/200: 43533084.617172/7605.044760/43525479.572412/0.000011380
-51/200: 43533116.172289/7609.143523/43525507.028766/0.000000725
-52/200: 43534601.112967/7613.178225/43526987.934742/0.000034111
-53/200: 43533110.229154/7617.188538/43525493.040616/0.000034246
-54/200: 43533822.173756/7621.169716/43526201.004040/0.000016354
-55/200: 43533733.527052/7625.065148/43526108.461904/0.000002036
-56/200: 43533745.985532/7628.906753/43526117.078779/0.000000286
-57/200: 43534152.225345/7632.746863/43526519.478482/0.000009332
-58/200: 43534680.018654/7636.534461/43527043.484193/0.000012124
-59/200: 43534392.136679/7640.267224/43526751.869455/0.000006613
-60/200: 43534514.074204/7643.921161/43526870.153043/0.000002801
-61/200: 43533728.152250/7647.525129/43526080.627121/0.000018053
-62/200: 43535136.850724/7651.102905/43527485.747819/0.000032359
-63/200: 43534451.351864/7654.638775/43526796.713089/0.000015746
-64/200: 43535902.776863/7658.108588/43528244.668275/0.000033340
-65/200: 43535949.720959/7661.562035/43528288.158924/0.000001078
-66/200: 43535793.704232/7664.990609/43528128.713623/0.000003584
-67/200: 43534802.312945/7668.358230/43527133.954715/0.000022772
-68/200: 43534918.534982/7671.664370/43527246.870612/0.000002670
-69/200: 43535164.742130/7674.932955/43527489.809175/0.000005655
-70/200: 43535102.473593/7678.153498/43527424.320095/0.000001430
-71/200: 43536070.233121/7681.352437/43528388.880684/0.000022229
-72/200: 43535571.990180/7684.485255/43527887.504925/0.000011444
-73/200: 43536615.675908/7687.592280/43528928.083628/0.000023973
-74/200: 43536177.590001/7690.668306/43528486.921695/0.000010062
-75/200: 43535830.271970/7693.699184/43528136.572786/0.000007978
-76/200: 43536818.121500/7696.685376/43529121.436124/0.000022690
-77/200: 43537015.871551/7699.656190/43529316.215361/0.000004542
-78/200: 43536995.019094/7702.538418/43529292.480676/0.000000479
-79/200: 43535966.119812/7705.417408/43528260.702404/0.000023633
-80/200: 43536140.203199/7708.241895/43528431.961304/0.000003999
-81/200: 43536714.095767/7711.033610/43529003.062157/0.000013182
-82/200: 43537422.898193/7713.795227/43529709.102966/0.000016281
-83/200: 43536776.646753/7716.523506/43529060.123247/0.000014844
-84/200: 43536609.477850/7719.199545/43528890.278305/0.000003840
-85/200: 43537316.840213/7721.853893/43529594.986320/0.000016248
-86/200: 43537357.818367/7724.455454/43529633.362913/0.000000941
-87/200: 43537470.569689/7727.039394/43529743.530295/0.000002590
-88/200: 43537865.797285/7729.599361/43530136.197924/0.000009078
-89/200: 43537512.065923/7732.113912/43529779.952011/0.000008125
-90/200: 43537862.449856/7734.592028/43530127.857828/0.000008048
-91/200: 43537774.594268/7737.026236/43530037.568032/0.000002018
-92/200: 43538185.245021/7739.436908/43530445.808113/0.000009432
-93/200: 43537963.063703/7741.806612/43530221.257091/0.000005103
-94/200: 43538659.226770/7744.146576/43530915.080194/0.000015990
-95/200: 43538390.511503/7746.458826/43530644.052677/0.000006172
-96/200: 43537999.956022/7748.754719/43530251.201303/0.000008970
-97/200: 43538479.600805/7751.021182/43530728.579623/0.000011017
-98/200: 43538789.349771/7753.250732/43531036.099039/0.000007114
-99/200: 43538926.704764/7755.456490/43531171.248274/0.000003155
Recall at EP-100 ...
  Columns 1 through 7

    0.1008    0.1431    0.1670    0.1844    0.1990    0.2125    0.2225

  Columns 8 through 10

    0.2320    0.2401    0.2487

Mrr at EP-100 ...
    0.0196

-100/200: 43538586.888114/7757.640075/43530829.248039/0.000007805
-101/200: 43538425.359463/7759.767992/43530665.591471/0.000003710
-102/200: 43538832.748752/7761.885190/43531070.863562/0.000009357
-103/200: 43539489.634854/7763.980248/43531725.654606/0.000015087
-104/200: 43538876.433473/7766.025201/43531110.408272/0.000014084
-105/200: 43539424.509459/7768.058158/43531656.451301/0.000012588
-106/200: 43539023.048042/7770.071194/43531252.976848/0.000009221
-107/200: 43539408.573023/7772.071726/43531636.501297/0.000008855
-108/200: 43539890.026722/7774.013481/43532116.013241/0.000011058
-109/200: 43539411.557942/7775.944231/43531635.613711/0.000010989
-110/200: 43539300.001118/7777.845205/43531522.155913/0.000002562
-111/200: 43540100.172624/7779.743158/43532320.429466/0.000018378
-112/200: 43540045.091117/7781.618525/43532263.472592/0.000001265
-113/200: 43539833.675650/7783.469116/43532050.206534/0.000004856
-114/200: 43539674.069354/7785.293565/43531888.775789/0.000003666
-115/200: 43540047.628578/7787.086976/43532260.541602/0.000008580
-116/200: 43539935.371028/7788.859528/43532146.511500/0.000002578
-117/200: 43540463.007711/7790.604037/43532672.403674/0.000012118
-118/200: 43540379.641468/7792.354365/43532587.287103/0.000001915
-119/200: 43540776.223907/7794.056749/43532982.167158/0.000009108
-120/200: 43540562.430309/7795.733959/43532766.696350/0.000004910
-121/200: 43540959.226417/7797.383956/43533161.842461/0.000009113
-122/200: 43541060.620521/7799.005686/43533261.614835/0.000002329
-123/200: 43540797.736875/7800.624439/43532997.112436/0.000006038
-124/200: 43540969.212532/7802.200651/43533167.011881/0.000003938
-125/200: 43541087.176484/7803.768067/43533283.408417/0.000002709
-126/200: 43541101.657393/7805.318155/43533296.339238/0.000000333
-127/200: 43541104.395926/7806.860324/43533297.535602/0.000000063
Start evaluating ...
  Columns 1 through 7

    0.1000    0.1414    0.1643    0.1809    0.1961    0.2100    0.2209

  Columns 8 through 10

    0.2297    0.2387    0.2472

    0.0194

Elapsed time is 39414.760300 seconds.
