nohup: ignoring input

                            < M A T L A B (R) >
                  Copyright 1984-2016 The MathWorks, Inc.
                   R2016a (9.0.0.341360) 64-bit (glnxa64)
                             February 11, 2016

 
To get started, type one of these: helpwin, helpdesk, or demo.
For product information, visit www.mathworks.com.
 

	Academic License

Start learning ...
Init data [Dtype: delicious - Dspec: sp2/2550]
Init social model
Using adagrad ...
Params [lbd-U: 1.0000|lbd-V: 0.1000|lbd-N: 1.0000|lbd-Q: 0.0500]
Staring Sample 2 - Loc: save/ctrsmf/delicious-alg90-sp2-cold20170225193346321 
CTR-SMF Running ...

iter time likelihood converge
0001 000288 -30073348.27127 1.0000000000
0002 000571 -29301791.28501 0.0256558392
0003 000849 -28670977.48101 0.0215281652
0004 001129 -28484669.84090 0.0064981266
0005 001408 -28398666.07990 0.0030192999
0006 001679 -28338776.84992 0.0021088748
0007 001949 -28296943.13370 0.0014762005
0008 002219 -28267555.73946 0.0010385360
0009 002490 -28245001.61575 0.0007978802
0010 002760 -28226503.97406 0.0006548997
0011 003030 -28210673.38340 0.0005608414
0012 003303 -28196825.30404 0.0004908809
0013 003573 -28184564.98625 0.0004348120
0014 003845 -28173620.78462 0.0003883048
0015 004081 -28163787.54402 0.0003490230
0016 004288 -28154903.13632 0.0003154550
0017 004488 -28146835.17041 0.0002865563
0018 004680 -28139473.29830 0.0002615524
0019 004864 -28132724.74571 0.0002398251
0020 005003 -28126511.05845 0.0002208704
0021 005189 -28120765.39245 0.0002042794
0022 005338 -28115430.32221 0.0001897200
0023 005470 -28110456.21173 0.0001769175
0024 005655 -28105800.23563 0.0001656315
0025 005835 -28101425.72752 0.0001556443
0026 006015 -28097301.24150 0.0001467714
0027 006195 -28093399.65325 0.0001388599
0028 006376 -28089697.84383 0.0001317679
0029 006557 -28086176.62640 0.0001253562
0030 006738 -28082820.67714 0.0001194876
0031 006918 -28079618.73100 0.0001140180
0032 007099 -28076563.25803 0.0001088146
0033 007248 -28073648.69269 0.0001038078
0034 007345 -28070870.01109 0.0000989783
0035 007520 -28068221.85776 0.0000943381
0036 007660 -28065697.78280 0.0000899264
0037 007771 -28063290.06421 0.0000857887
0038 007869 -28060990.40656 0.0000819454
0039 007967 -28058791.35802 0.0000783667
0040 008128 -28056687.32677 0.0000749865
0041 008307 -28054674.42657 0.0000717440
0042 008466 -28052750.27070 0.0000685859
0043 008590 -28050913.96123 0.0000654592
0044 008711 -28049165.73192 0.0000623234
0045 008839 -28047505.97300 0.0000591732
0046 009009 -28045933.98267 0.0000560474
0047 009136 -28044447.37337 0.0000530062
0048 009314 -28043042.13199 0.0000501077
0049 009492 -28041713.41276 0.0000473814
0050 009671 -28040456.96084 0.0000448065
0051 009849 -28039269.85555 0.0000423354
0052 010027 -28038149.89950 0.0000399424
0053 010205 -28037094.83210 0.0000376297
0054 010383 -28036101.99978 0.0000354114
0055 010561 -28035168.47212 0.0000332973
0056 010739 -28034291.80391 0.0000312703
0057 010917 -28033470.92955 0.0000292811
0058 011098 -28032706.00258 0.0000272862
0059 011278 -28031996.85592 0.0000252971
0060 011458 -28031341.51831 0.0000233782
0061 011638 -28030736.13653 0.0000215966
0062 011819 -28030176.45310 0.0000199668
0063 011999 -28029657.51476 0.0000185136
0064 012117 -28029173.96250 0.0000172515
0065 012214 -28028721.32639 0.0000161487
0066 012310 -28028296.40689 0.0000151601
0067 012426 -28027897.83294 0.0000142204
0068 012605 -28027524.97680 0.0000133030
0069 012741 -28027176.77921 0.0000124234
0070 012859 -28026851.82356 0.0000115943
0071 012965 -28026548.08458 0.0000108374
0072 013076 -28026263.36384 0.0000101590
0073 013192 -28025995.65735 0.0000095520
Start evaluating ...
  Columns 1 through 7

    0.0746    0.0898    0.0967    0.1002    0.1022    0.1038    0.1049

  Columns 8 through 10

    0.1056    0.1062    0.1069

    0.0164

Elapsed time is 13284.985568 seconds.
