nohup: ignoring input

                            < M A T L A B (R) >
                  Copyright 1984-2016 The MathWorks, Inc.
                   R2016a (9.0.0.341360) 64-bit (glnxa64)
                             February 11, 2016

 
To get started, type one of these: helpwin, helpdesk, or demo.
For product information, visit www.mathworks.com.
 

	Academic License

Start learning ...
Init data [Dtype: delicious - Dspec: sp2/2550]
Init social model
Using adagrad ...
Load pretrained shallow-model...
Params [lbd-U: 100.0000|lbd-V: 100.0000|lbd-N: 100.0000|lbd-Q: 0.0500]
Staring Sample 2 - Loc: save/bcdl/delicious-alg61-sp2-cold20170225193335850 
CTR(chongwang)-DAE(User graph) Running - Walks(1)...
-1/200: 43595252.627978/17154.522608/43578098.105370/1.000000000
-2/200: 43537165.091926/16968.532690/43520196.559236/0.001332428
-3/200: 43536161.917996/16982.244050/43519179.673946/0.000023042
-4/200: 43536242.862181/16994.415904/43519248.446277/0.000001859
-5/200: 43535131.245661/17005.304534/43518125.941127/0.000025533
-6/200: 43535205.812964/17015.183999/43518190.628965/0.000001713
-7/200: 43537467.379822/17024.281935/43520443.097887/0.000051948
-8/200: 43537951.769446/17032.842427/43520918.927019/0.000011126
-9/200: 43537616.948884/17041.010668/43520575.938216/0.000007690
-10/200: 43537995.511136/17048.605941/43520946.905195/0.000008695
-11/200: 43537285.533719/17055.828709/43520229.705010/0.000016307
-12/200: 43536666.927777/17062.810158/43519604.117619/0.000014209
-13/200: 43537902.743536/17069.479445/43520833.264091/0.000028386
-14/200: 43538528.538082/17075.900284/43521452.637798/0.000014374
-15/200: 43537676.770735/17082.190897/43520594.579838/0.000019564
-16/200: 43537765.953219/17088.222620/43520677.730599/0.000002048
-17/200: 43538591.066734/17094.017836/43521497.048898/0.000018952
-18/200: 43540035.789764/17099.608245/43522936.181519/0.000033183
-19/200: 43539091.824514/17105.116290/43521986.708224/0.000021680
-20/200: 43539478.728981/17110.428217/43522368.300764/0.000008886
-21/200: 43538259.749139/17115.677012/43521144.072127/0.000027997
-22/200: 43539785.996475/17120.792165/43522665.204310/0.000035055
-23/200: 43540315.581203/17125.808462/43523189.772741/0.000012163
-24/200: 43540993.792789/17130.685748/43523863.107041/0.000015577
-25/200: 43539894.506883/17135.511334/43522758.995549/0.000025247
-26/200: 43540042.578292/17140.262933/43522902.315359/0.000003401
-27/200: 43539555.498131/17144.892101/43522410.606030/0.000011187
-28/200: 43541662.618274/17149.407791/43524513.210483/0.000048396
-29/200: 43541451.198299/17153.847668/43524297.350631/0.000004856
-30/200: 43540835.329606/17158.228688/43523677.100918/0.000014144
-31/200: 43540827.296462/17162.504278/43523664.792184/0.000000184
-32/200: 43541648.081937/17166.743953/43524481.337984/0.000018851
-33/200: 43539262.821555/17170.907887/43522091.913668/0.000054781
-34/200: 43541653.301597/17175.001394/43524478.300203/0.000054904
-35/200: 43539788.047883/17179.032878/43522609.015005/0.000042838
-36/200: 43541315.070870/17183.020895/43524132.049975/0.000035072
-37/200: 43541521.603679/17186.954989/43524334.648690/0.000004743
-38/200: 43541047.566634/17190.808252/43523856.758382/0.000010887
-39/200: 43541715.877226/17194.635802/43524521.241424/0.000015349
-40/200: 43541390.087335/17198.397390/43524191.689945/0.000007482
-41/200: 43542761.691538/17202.123297/43525559.568241/0.000031501
-42/200: 43542946.100595/17205.799744/43525740.300851/0.000004235
-43/200: 43542644.256102/17209.420605/43525434.835497/0.000006932
-44/200: 43542844.567306/17212.967720/43525631.599586/0.000004600
-45/200: 43542633.103064/17216.489889/43525416.613175/0.000004856
-46/200: 43542603.764208/17219.976004/43525383.788204/0.000000674
-47/200: 43543322.139673/17223.408888/43526098.730785/0.000016498
-48/200: 43543259.473204/17226.796313/43526032.676891/0.000001439
-49/200: 43542166.231670/17230.166162/43524936.065508/0.000025107
-50/200: 43542661.015449/17233.483230/43525427.532219/0.000011363
-51/200: 43542690.141027/17236.751996/43525453.389031/0.000000669
-52/200: 43544174.313366/17239.970541/43526934.342825/0.000034085
-53/200: 43542683.786354/17243.188835/43525440.597519/0.000034230
-54/200: 43543390.970116/17246.376517/43526144.593599/0.000016241
-55/200: 43543303.094856/17249.500315/43526053.594541/0.000002018
-56/200: 43543314.042074/17252.598158/43526061.443916/0.000000251
-57/200: 43543721.081664/17255.709304/43526465.372360/0.000009348
-58/200: 43544243.275760/17258.780641/43526984.495119/0.000011992
-59/200: 43543957.300442/17261.822815/43526695.477627/0.000006567
-60/200: 43544077.266356/17264.799459/43526812.466897/0.000002755
-61/200: 43543289.674349/17267.758409/43526021.915940/0.000018087
-62/200: 43544695.778381/17270.700737/43527425.077644/0.000032292
-63/200: 43544008.769253/17273.608547/43526735.160706/0.000015777
-64/200: 43545460.103383/17276.486063/43528183.617320/0.000033330
-65/200: 43545505.861491/17279.369364/43528226.492127/0.000001051
-66/200: 43545350.387645/17282.225377/43528068.162268/0.000003570
-67/200: 43544354.623497/17285.052150/43527069.571347/0.000022867
-68/200: 43544472.935947/17287.837897/43527185.098050/0.000002717
-69/200: 43544714.662735/17290.596398/43527424.066337/0.000005551
-70/200: 43544651.731507/17293.340643/43527358.390864/0.000001445
-71/200: 43545620.965812/17296.074342/43528324.891470/0.000022258
-72/200: 43545120.138580/17298.763411/43527821.375169/0.000011501
-73/200: 43546162.219384/17301.451174/43528860.768210/0.000023931
-74/200: 43545724.937841/17304.122437/43528420.815404/0.000010042
-75/200: 43545375.037860/17306.764790/43528068.273070/0.000008035
-76/200: 43546362.966220/17309.383730/43529053.582490/0.000022687
-77/200: 43546559.032022/17311.998420/43529247.033602/0.000004502
-78/200: 43546537.524009/17314.556426/43529222.967583/0.000000494
-79/200: 43545508.650765/17317.128637/43528191.522128/0.000023627
-80/200: 43545683.059670/17319.665877/43528363.393793/0.000004005
-81/200: 43546256.126123/17322.180812/43528933.945311/0.000013160
-82/200: 43546960.035509/17324.684918/43529635.350591/0.000016165
-83/200: 43546316.303366/17327.177137/43528989.126229/0.000014782
-84/200: 43546148.078125/17329.633969/43528818.444156/0.000003863
-85/200: 43546857.764003/17332.087200/43529525.676803/0.000016297
-86/200: 43546897.255338/17334.511574/43529562.743764/0.000000907
-87/200: 43547007.671215/17336.932716/43529670.738499/0.000002536
-88/200: 43547399.368139/17339.335520/43530060.032619/0.000008995
-89/200: 43547050.409065/17341.720389/43529708.688676/0.000008013
-90/200: 43547397.499989/17344.084192/43530053.415797/0.000007970
-91/200: 43547308.921076/17346.416181/43529962.504895/0.000002034
-92/200: 43547717.957667/17348.745664/43530369.212003/0.000009393
-93/200: 43547496.066943/17351.049930/43530145.017013/0.000005095
-94/200: 43548192.000900/17353.343227/43530838.657673/0.000015981
-95/200: 43547920.702447/17355.623314/43530565.079133/0.000006230
-96/200: 43547533.804167/17357.903704/43530175.900463/0.000008884
-97/200: 43548012.758631/17360.174029/43530652.584602/0.000010998
-98/200: 43548321.133433/17362.409907/43530958.723526/0.000007081
-99/200: 43548455.460660/17364.641271/43531090.819389/0.000003085
Recall at EP-100 ...
  Columns 1 through 7

    0.0010    0.0018    0.0025    0.0030    0.0039    0.0043    0.0049

  Columns 8 through 10

    0.0054    0.0061    0.0065

Mrr at EP-100 ...
   3.9477e-04

-100/200: 43548118.809997/17366.872031/43530751.937966/0.000007730
-101/200: 43547957.312090/17369.054690/43530588.257400/0.000003708
-102/200: 43548364.523168/17371.250963/43530993.272205/0.000009351
-103/200: 43549016.159802/17373.431041/43531642.728761/0.000014964
-104/200: 43548402.997563/17375.583246/43531027.414317/0.000014080
-105/200: 43548955.553803/17377.727703/43531577.826100/0.000012688
-106/200: 43548550.643815/17379.874410/43531170.769405/0.000009298
-107/200: 43548937.232370/17382.011938/43531555.220432/0.000008877
-108/200: 43549417.575045/17384.114672/43532033.460373/0.000011030
-109/200: 43548943.492971/17386.207146/43531557.285825/0.000010886
-110/200: 43548826.772172/17388.287889/43531438.484283/0.000002680
-111/200: 43549631.465792/17390.386573/43532241.079219/0.000018478
-112/200: 43549576.264154/17392.470916/43532183.793238/0.000001268
-113/200: 43549360.532315/17394.537692/43531965.994623/0.000004954
-114/200: 43549200.950179/17396.592894/43531804.357285/0.000003664
-115/200: 43549576.170794/17398.639894/43532177.530900/0.000008616
-116/200: 43549463.221365/17400.665846/43532062.555519/0.000002594
-117/200: 43549987.776804/17402.682387/43532585.094417/0.000012045
-118/200: 43549907.173533/17404.707039/43532502.466494/0.000001851
-119/200: 43550305.454916/17406.711094/43532898.743822/0.000009145
-120/200: 43550091.286518/17408.688020/43532682.598498/0.000004918
-121/200: 43550483.725136/17410.652984/43533073.072152/0.000009011
-122/200: 43550588.306758/17412.609336/43533175.697422/0.000002401
-123/200: 43550323.664011/17414.574515/43532909.089496/0.000006077
-124/200: 43550497.829116/17416.505425/43533081.323691/0.000003999
-125/200: 43550618.310931/17418.436269/43533199.874662/0.000002766
-126/200: 43550631.545001/17420.363865/43533211.181136/0.000000304
-127/200: 43550634.165578/17422.290041/43533211.875537/0.000000060
Start evaluating ...
  Columns 1 through 7

    0.0010    0.0017    0.0024    0.0030    0.0037    0.0042    0.0046

  Columns 8 through 10

    0.0051    0.0058    0.0062

   3.8510e-04

Elapsed time is 23288.178329 seconds.
