nohup: ignoring input

                            < M A T L A B (R) >
                  Copyright 1984-2016 The MathWorks, Inc.
                   R2016a (9.0.0.341360) 64-bit (glnxa64)
                             February 11, 2016

 
To get started, type one of these: helpwin, helpdesk, or demo.
For product information, visit www.mathworks.com.
 

	Academic License

Start learning ...
Init data [Dtype: delicious - Dspec: sp2/1050]
Init social model
Using adagrad ...
Could not use CUDA
Params [lbd-U: 100.0000|lbd-V: 10.0000|lbd-N: 100.0000|lbd-Q: 0.1000]
Staring Sample 2 - Loc: save/ctrsmf/delicious-alg90-sp2-cold20170224205545957 
CTR-SMF Running ...

iter time likelihood converge
0001 000082 -11679100.96524 1.0000000000
0002 000136 -11365971.39110 0.0268111026
0003 000189 -11120701.06883 0.0215793542
0004 000243 -11046387.90292 0.0066824174
0005 000363 -11009869.38462 0.0033059239
0006 000476 -10982549.79513 0.0024813727
0007 000589 -10963693.06372 0.0017169721
0008 000698 -10951350.14527 0.0011257993
0009 000815 -10942419.00272 0.0008155289
0010 000927 -10935371.74314 0.0006440312
0011 001044 -10929461.36589 0.0005404825
0012 001168 -10924352.07303 0.0004674789
0013 001286 -10919868.65225 0.0004104061
0014 001407 -10915897.75056 0.0003636401
0015 001516 -10912356.21455 0.0003244384
0016 001636 -10909178.89976 0.0002911667
0017 001748 -10906312.48182 0.0002627529
0018 001868 -10903712.49160 0.0002383932
0019 001985 -10901341.52745 0.0002174456
0020 002099 -10899168.03113 0.0001993788
0021 002223 -10897165.46245 0.0001837359
0022 002339 -10895311.77430 0.0001701074
0023 002459 -10893588.71168 0.0001581472
0024 002572 -10891980.68187 0.0001476125
0025 002684 -10890474.04071 0.0001383257
0026 002801 -10889056.88715 0.0001301278
0027 002911 -10887719.04652 0.0001228610
0028 003028 -10886452.07018 0.0001163675
0029 003138 -10885248.99302 0.0001105114
0030 003253 -10884103.84687 0.0001052016
0031 003365 -10883011.27473 0.0001003824
0032 003481 -10881966.39865 0.0000960098
0033 003591 -10880964.88516 0.0000920342
0034 003701 -10880003.05004 0.0000883961
0035 003820 -10879077.74161 0.0000850467
0036 003930 -10878186.37886 0.0000819337
0037 004048 -10877327.19025 0.0000789827
0038 004167 -10876499.24972 0.0000761162
0039 004284 -10875702.36017 0.0000732671
0040 004396 -10874937.15927 0.0000703588
0041 004511 -10874205.41869 0.0000672869
0042 004623 -10873509.18419 0.0000640262
0043 004738 -10872849.60519 0.0000606593
0044 004855 -10872226.91769 0.0000572699
0045 004966 -10871640.38594 0.0000539477
0046 005079 -10871088.33333 0.0000507791
0047 005195 -10870568.56830 0.0000478117
0048 005312 -10870078.99120 0.0000450369
0049 005428 -10869617.89825 0.0000424185
0050 005542 -10869183.93138 0.0000399248
0051 005654 -10868776.15472 0.0000375168
0052 005767 -10868394.03869 0.0000351572
0053 005874 -10868037.12498 0.0000328396
0054 005989 -10867704.71647 0.0000305859
0055 006099 -10867395.85752 0.0000284199
0056 006208 -10867109.45757 0.0000263541
0057 006320 -10866844.32259 0.0000243979
0058 006431 -10866599.21113 0.0000225559
0059 006548 -10866372.86363 0.0000208297
0060 006656 -10866163.94505 0.0000192262
0061 006770 -10865971.00772 0.0000177558
0062 006881 -10865792.56322 0.0000164223
0063 006992 -10865627.20243 0.0000152185
0064 007101 -10865473.61161 0.0000141355
0065 007215 -10865330.47745 0.0000131733
0066 007329 -10865196.44845 0.0000123355
0067 007443 -10865070.47474 0.0000115942
0068 007557 -10864952.06944 0.0000108978
0069 007676 -10864840.84814 0.0000102367
0070 007792 -10864736.51782 0.0000096026
Start evaluating ...
  Columns 1 through 7

    0.0024    0.0036    0.0043    0.0049    0.0055    0.0059    0.0065

  Columns 8 through 10

    0.0072    0.0081    0.0091

   7.4455e-04

Elapsed time is 7897.660531 seconds.
