nohup: ignoring input

                            < M A T L A B (R) >
                  Copyright 1984-2016 The MathWorks, Inc.
                   R2016a (9.0.0.341360) 64-bit (glnxa64)
                             February 11, 2016

 
To get started, type one of these: helpwin, helpdesk, or demo.
For product information, visit www.mathworks.com.
 

	Academic License

Start learning ...
Init data [Dtype: delicious - Dspec: sp2/0550]
Init social model
Using adagrad ...
Params [lbd-U: 0.1000|lbd-V: 100.0000|lbd-N: 0.1000|lbd-Q: 0.1000]
Staring Sample 2 - Loc: save/ctrsmf/delicious-alg90-sp2-cold20170224185113169 
CTR-SMF Running ...

iter time likelihood converge
0001 000092 -5304775.84497 1.0000000000
0002 000167 -5144217.71932 0.0302667126
0003 000246 -5033814.94767 0.0214615278
0004 000323 -4999843.18397 0.0067487113
0005 000401 -4981813.05700 0.0036061385
0006 000459 -4967191.55061 0.0029349769
0007 000498 -4957059.79019 0.0020397362
0008 000560 -4950803.09166 0.0012621794
0009 000624 -4946558.98377 0.0008572565
0010 000689 -4943388.39170 0.0006409692
0011 000754 -4940820.70078 0.0005194192
0012 000817 -4938645.54621 0.0004402416
0013 000881 -4936764.84291 0.0003808136
0014 000948 -4935119.53111 0.0003332773
0015 001009 -4933667.41724 0.0002942409
0016 001076 -4932376.45958 0.0002616629
0017 001142 -4931221.46757 0.0002341654
0018 001214 -4930182.05484 0.0002107820
0019 001312 -4929241.32397 0.0001908106
0020 001406 -4928385.05853 0.0001737114
0021 001501 -4927601.23240 0.0001590432
0022 001594 -4926879.68716 0.0001464293
0023 001683 -4926211.87498 0.0001355447
0024 001779 -4925590.61092 0.0001261140
0025 001866 -4925009.84370 0.0001179081
0026 001947 -4924464.46580 0.0001107364
0027 002026 -4923950.15709 0.0001044395
0028 002103 -4923463.25033 0.0000988854
0029 002184 -4923000.62974 0.0000939624
0030 002262 -4922559.68055 0.0000895692
0031 002339 -4922138.28153 0.0000856057
0032 002418 -4921734.80926 0.0000819709
0033 002497 -4921348.14179 0.0000785632
0034 002575 -4920977.67046 0.0000752784
0035 002663 -4920623.19871 0.0000720328
0036 002752 -4920284.66065 0.0000687998
0037 002831 -4919961.90373 0.0000655972
0038 002914 -4919654.77536 0.0000624250
0039 002998 -4919363.05567 0.0000592968
0040 003081 -4919086.31561 0.0000562553
0041 003160 -4918824.25063 0.0000532751
0042 003239 -4918576.53636 0.0000503605
0043 003315 -4918342.51527 0.0000475790
0044 003392 -4918121.66174 0.0000449041
0045 003467 -4917913.61318 0.0000423024
0046 003543 -4917717.95242 0.0000397853
0047 003620 -4917534.13410 0.0000373788
0048 003700 -4917361.53141 0.0000350994
0049 003774 -4917199.51185 0.0000329485
0050 003850 -4917047.48236 0.0000309179
0051 003923 -4916904.87300 0.0000290030
0052 003992 -4916771.14585 0.0000271974
0053 004060 -4916645.92697 0.0000254677
0054 004129 -4916529.01396 0.0000237790
0055 004197 -4916420.18319 0.0000221357
0056 004266 -4916319.09910 0.0000205605
0057 004333 -4916225.25556 0.0000190882
0058 004400 -4916137.96657 0.0000177553
0059 004472 -4916056.45186 0.0000165810
0060 004526 -4915979.94807 0.0000155620
0061 004581 -4915907.80379 0.0000146755
0062 004633 -4915839.56613 0.0000138810
0063 004672 -4915775.02045 0.0000131301
0064 004710 -4915714.09587 0.0000123937
0065 004764 -4915656.69355 0.0000116773
0066 004829 -4915602.64586 0.0000109950
0067 004894 -4915551.95552 0.0000103121
0068 004960 -4915504.76501 0.0000096002
Start evaluating ...
  Columns 1 through 7

    0.0087    0.0157    0.0212    0.0256    0.0297    0.0334    0.0369

  Columns 8 through 10

    0.0407    0.0438    0.0463

    0.0028

Elapsed time is 5051.407322 seconds.
