nohup: ignoring input

                            < M A T L A B (R) >
                  Copyright 1984-2016 The MathWorks, Inc.
                   R2016a (9.0.0.341360) 64-bit (glnxa64)
                             February 11, 2016

 
To get started, type one of these: helpwin, helpdesk, or demo.
For product information, visit www.mathworks.com.
 

	Academic License

Start learning ...
Init data [Dtype: delicious - Dspec: sp2/5050]
Init social model
Using adagrad ...
Params [lbd-U: 1.0000|lbd-V: 0.0100|lbd-N: 1.0000|lbd-Q: 0.0100]
Staring Sample 2 - Loc: save/ctrsmf/delicious-alg90-sp2-cold20170226203646427 
CTR-SMF Running ...

iter time likelihood converge
0001 000510 -44434909.79788 1.0000000000
0002 001052 -43349131.16961 0.0244352612
0003 001588 -42416371.92535 0.0215173688
0004 002128 -42143800.87563 0.0064260812
0005 002665 -42020950.95556 0.0029150176
0006 003201 -41937276.35107 0.0019912592
0007 003748 -41878311.63765 0.0014060215
0008 004298 -41835644.10946 0.0010188455
0009 004845 -41802082.11526 0.0008022344
0010 005385 -41774114.13883 0.0006690570
0011 005930 -41749962.69804 0.0005781437
0012 006475 -41728712.95100 0.0005089764
0013 007025 -41709817.21844 0.0004528233
0014 007577 -41692888.67567 0.0004058647
0015 008125 -41677631.29091 0.0003659469
0016 008672 -41663809.51033 0.0003316355
0017 009215 -41651230.28437 0.0003019221
0018 009758 -41639732.38644 0.0002760518
0019 010300 -41629180.21108 0.0002534160
0020 010846 -41619459.24045 0.0002335134
0021 011384 -41610471.98865 0.0002159387
0022 011930 -41602134.48921 0.0002003702
0023 012478 -41594373.54992 0.0001865515
0024 013031 -41587124.76850 0.0001742731
0025 013567 -41580331.26270 0.0001633560
0026 014107 -41573942.80462 0.0001536413
0027 014654 -41567915.02931 0.0001449893
0028 015191 -41562209.18875 0.0001372655
0029 015730 -41556792.20312 0.0001303344
0030 016272 -41551636.65278 0.0001240604
0031 016793 -41546720.57735 0.0001183124
0032 017317 -41542026.90623 0.0001129733
0033 017840 -41537542.28456 0.0001079538
0034 018366 -41533255.71110 0.0001031976
0035 018879 -41529157.99458 0.0000986611
0036 019394 -41525242.41369 0.0000942851
0037 019906 -41521505.46616 0.0000899922
0038 020418 -41517946.13212 0.0000857227
0039 020928 -41514563.67885 0.0000814697
0040 021447 -41511355.36154 0.0000772817
0041 021954 -41508316.18487 0.0000732131
0042 022451 -41505440.75465 0.0000692736
0043 022946 -41502724.77114 0.0000654368
0044 023441 -41500163.84543 0.0000617050
0045 023939 -41497752.11798 0.0000581137
0046 024433 -41495482.62379 0.0000546896
0047 024929 -41493347.48219 0.0000514548
0048 025423 -41491337.88701 0.0000484317
0049 025920 -41489444.43961 0.0000456348
0050 026413 -41487658.21376 0.0000430525
0051 026906 -41485972.08230 0.0000406418
0052 027404 -41484380.67359 0.0000383602
0053 027849 -41482880.34745 0.0000361660
0054 028286 -41481468.32740 0.0000340386
0055 028718 -41480140.64725 0.0000320066
0056 029124 -41478891.27237 0.0000301198
0057 029533 -41477712.73148 0.0000284130
0058 029945 -41476597.59905 0.0000268851
0059 030363 -41475539.74840 0.0000255048
0060 030772 -41474535.17030 0.0000242210
0061 031186 -41473582.07329 0.0000229803
0062 031590 -41472679.91403 0.0000217526
0063 032010 -41471828.30172 0.0000205343
0064 032424 -41471026.50731 0.0000193335
0065 032814 -41470273.35214 0.0000181610
0066 033208 -41469567.41926 0.0000170226
0067 033596 -41468906.28833 0.0000159426
0068 033989 -41468288.24040 0.0000149039
0069 034380 -41467712.70226 0.0000138790
0070 034780 -41467178.38311 0.0000128852
0071 035171 -41466683.45919 0.0000119353
0072 035560 -41466225.51125 0.0000110438
0073 035951 -41465801.54311 0.0000102244
0074 036348 -41465408.07739 0.0000094889
Start evaluating ...
  Columns 1 through 7

    0.1132    0.1453    0.1568    0.1628    0.1672    0.1700    0.1715

  Columns 8 through 10

    0.1732    0.1745    0.1756

    0.0242

Elapsed time is 36496.858272 seconds.
