nohup: ignoring input

                            < M A T L A B (R) >
                  Copyright 1984-2016 The MathWorks, Inc.
                   R2016a (9.0.0.341360) 64-bit (glnxa64)
                             February 11, 2016

 
To get started, type one of these: helpwin, helpdesk, or demo.
For product information, visit www.mathworks.com.
 

	Academic License

Start learning ...
Init data [Dtype: delicious - Dspec: sp2/1050]
Init social model
Using adagrad ...
Could not use CUDA
Params [lbd-U: 10.0000|lbd-V: 0.1000|lbd-N: 10.0000|lbd-Q: 0.1000]
Staring Sample 2 - Loc: save/ctrsmf/delicious-alg90-sp2-cold20170224205545567 
CTR-SMF Running ...

iter time likelihood converge
0001 000098 -11677237.98268 1.0000000000
0002 000192 -11361225.01595 0.0270623042
0003 000299 -11110934.18816 0.0220302676
0004 000424 -11035947.96071 0.0067488679
0005 000542 -10999287.45900 0.0033219169
0006 000659 -10971847.86483 0.0024946702
0007 000773 -10952907.88525 0.0017262343
0008 000886 -10940507.11866 0.0011321894
0009 000994 -10931533.09665 0.0008202565
0010 001109 -10924452.20079 0.0006477496
0011 001229 -10918516.61295 0.0005433305
0012 001347 -10913389.77061 0.0004695548
0013 001460 -10908894.89566 0.0004118679
0014 001573 -10904916.86028 0.0003646598
0015 001679 -10901370.88971 0.0003251717
0016 001790 -10898190.62014 0.0002917312
0017 001901 -10895322.02134 0.0002632179
0018 002013 -10892720.36730 0.0002387863
0019 002131 -10890348.26665 0.0002177694
0020 002240 -10888174.24666 0.0001996281
0021 002352 -10886171.79640 0.0001839106
0022 002466 -10884318.78803 0.0001702167
0023 002572 -10882596.78442 0.0001582096
0024 002680 -10880989.96710 0.0001476502
0025 002787 -10879484.49610 0.0001383579
0026 002897 -10878068.34388 0.0001301672
0027 003003 -10876731.27226 0.0001229144
0028 003110 -10875464.80264 0.0001164384
0029 003217 -10874261.95024 0.0001106024
0030 003328 -10873116.73328 0.0001053145
0031 003435 -10872023.79251 0.0001005177
0032 003546 -10870978.26825 0.0000961665
0033 003657 -10869975.88102 0.0000922076
0034 003771 -10869013.05692 0.0000885765
0035 003884 -10868086.79633 0.0000852203
0036 003998 -10867194.62760 0.0000820907
0037 004111 -10866334.76267 0.0000791248
0038 004219 -10865506.07871 0.0000762616
0039 004329 -10864708.01620 0.0000734492
0040 004437 -10863940.75819 0.0000706193
0041 004546 -10863205.62692 0.0000676671
0042 004655 -10862504.44185 0.0000645468
0043 004765 -10861838.44066 0.0000613119
0044 004874 -10861208.22849 0.0000580208
0045 004981 -10860613.60501 0.0000547475
0046 005089 -10860053.41833 0.0000515797
0047 005200 -10859525.86379 0.0000485775
0048 005312 -10859029.05398 0.0000457488
0049 005423 -10858561.33597 0.0000430718
0050 005531 -10858121.32402 0.0000405221
0051 005642 -10857708.06272 0.0000380601
0052 005749 -10857321.01893 0.0000356469
0053 005865 -10856959.76228 0.0000332731
0054 005978 -10856623.66218 0.0000309571
0055 006091 -10856311.80548 0.0000287250
0056 006202 -10856023.03918 0.0000265989
0057 006308 -10855756.00472 0.0000245978
0058 006416 -10855509.29564 0.0000227261
0059 006526 -10855281.55113 0.0000209796
0060 006639 -10855071.37574 0.0000193616
0061 006753 -10854877.27717 0.0000178809
0062 006870 -10854697.71296 0.0000165423
0063 006979 -10854531.20196 0.0000153400
0064 007086 -10854376.36568 0.0000142647
0065 007194 -10854231.87030 0.0000133122
0066 007307 -10854096.49266 0.0000124723
0067 007419 -10853969.46810 0.0000117029
0068 007538 -10853850.32744 0.0000109767
0069 007654 -10853738.39344 0.0000103128
0070 007769 -10853633.09029 0.0000097020
Start evaluating ...
  Columns 1 through 7

    0.0123    0.0136    0.0144    0.0151    0.0155    0.0158    0.0161

  Columns 8 through 10

    0.0165    0.0167    0.0170

    0.0042

Elapsed time is 7873.191997 seconds.
