nohup: ignoring input

                            < M A T L A B (R) >
                  Copyright 1984-2016 The MathWorks, Inc.
                   R2016a (9.0.0.341360) 64-bit (glnxa64)
                             February 11, 2016

 
To get started, type one of these: helpwin, helpdesk, or demo.
For product information, visit www.mathworks.com.
 

	Academic License

Start learning ...
Init data [Dtype: delicious - Dspec: sp2/0550]
Init social model
Using adagrad ...
Load pretrained shallow-model...
Params [lbd-U: 0.1000|lbd-V: 1.0000|lbd-N: 0.1000|lbd-Q: 0.1000]
Staring Sample 2 - Loc: save/bcdl/delicious-alg61-sp2-cold20170224185050537 
CTR(chongwang)-DAE(User graph) Running - Walks(1)...
-1/200: 45898.414062/2320.315844/43578.097656/1.000000000
-2/200: 44469.117188/965.564295/43503.554688/0.031140441
-3/200: 44407.203125/894.640482/43512.562500/0.001392293
-4/200: 44404.101562/886.494238/43517.605469/0.000069844
-5/200: 44398.441406/881.634967/43516.804688/0.000127469
-6/200: 44394.585938/877.717177/43516.867188/0.000086838
-7/200: 44393.492188/874.389189/43519.101562/0.000024637
-8/200: 44391.207031/871.640889/43519.566406/0.000051475
-9/200: 44388.691406/869.462065/43519.230469/0.000056669
-10/200: 44387.417969/867.807893/43519.609375/0.000028688
-11/200: 44385.554688/866.614663/43518.941406/0.000041978
-12/200: 44384.148438/865.815228/43518.332031/0.000031683
-13/200: 44384.882812/865.345277/43519.539062/0.000016546
-14/200: 44385.285156/865.148314/43520.136719/0.000009065
-15/200: 44384.472656/865.175078/43519.296875/0.000018306
-16/200: 44384.804688/865.383231/43519.421875/0.000007481
-17/200: 44385.972656/865.737157/43520.234375/0.000026315
-18/200: 44387.804688/866.206642/43521.597656/0.000041275
-19/200: 44387.503906/866.766726/43520.738281/0.000006776
-20/200: 44388.519531/867.395678/43521.125000/0.000022881
-21/200: 44388.019531/868.075935/43519.945312/0.000011264
-22/200: 44390.250000/868.791889/43521.457031/0.000050249
-23/200: 44391.507812/869.530644/43521.976562/0.000028335
-24/200: 44392.902344/870.281169/43522.621094/0.000031414
-25/200: 44392.585938/871.034403/43521.550781/0.000007127
-26/200: 44393.503906/871.782231/43521.722656/0.000020678
-27/200: 44393.773438/872.517812/43521.253906/0.000006071
-28/200: 44396.523438/873.235609/43523.289062/0.000061946
-29/200: 44397.062500/873.931270/43523.132812/0.000012142
-30/200: 44397.093750/874.601014/43522.492188/0.000000704
-31/200: 44397.785156/875.241832/43522.542969/0.000015573
-32/200: 44399.175781/875.851925/43523.324219/0.000031322
-33/200: 44397.441406/876.429471/43521.011719/0.000039063
-34/200: 44400.335938/876.973780/43523.363281/0.000065196
-35/200: 44399.050781/877.483605/43521.566406/0.000028945
-36/200: 44401.023438/877.958915/43523.066406/0.000044430
-37/200: 44401.671875/878.399627/43523.273438/0.000014604
-38/200: 44401.621094/878.805957/43522.816406/0.000001144
-39/200: 44402.640625/879.178601/43523.460938/0.000022962
-40/200: 44402.683594/879.518231/43523.164062/0.000000968
-41/200: 44404.332031/879.825993/43524.507812/0.000037125
-42/200: 44404.820312/880.103243/43524.718750/0.000010996
-43/200: 44404.769531/880.351117/43524.417969/0.000001144
-44/200: 44405.214844/880.571149/43524.644531/0.000010028
-45/200: 44405.191406/880.765339/43524.425781/0.000000528
-46/200: 44405.378906/880.935501/43524.445312/0.000004222
-47/200: 44406.226562/881.083363/43525.144531/0.000019089
-48/200: 44406.300781/881.210992/43525.089844/0.000001671
-49/200: 44405.398438/881.320228/43524.078125/0.000020320
-50/200: 44405.933594/881.412855/43524.519531/0.000012052
-51/200: 44406.058594/881.490331/43524.566406/0.000002815
-52/200: 44407.585938/881.554303/43526.031250/0.000034395
-53/200: 44406.183594/881.606329/43524.578125/0.000031579
-54/200: 44406.910156/881.647678/43525.261719/0.000016362
-55/200: 44406.906250/881.679265/43525.226562/0.000000088
-56/200: 44406.917969/881.702646/43525.214844/0.000000264
-57/200: 44407.347656/881.719423/43525.628906/0.000009676
-58/200: 44407.894531/881.730392/43526.164062/0.000012315
-59/200: 44407.621094/881.736586/43525.882812/0.000006157
-60/200: 44407.796875/881.738865/43526.058594/0.000003958
-61/200: 44407.007812/881.738192/43525.269531/0.000017769
-62/200: 44408.394531/881.735709/43526.660156/0.000031227
-63/200: 44407.714844/881.731462/43525.984375/0.000015305
-64/200: 44409.191406/881.726249/43527.464844/0.000033250
-65/200: 44409.222656/881.720565/43527.503906/0.000000704
-66/200: 44409.054688/881.714566/43527.339844/0.000003782
-67/200: 44408.093750/881.708373/43526.386719/0.000021638
-68/200: 44408.199219/881.702105/43526.496094/0.000002375
-69/200: 44408.417969/881.696028/43526.722656/0.000004926
-70/200: 44408.394531/881.690183/43526.703125/0.000000528
-71/200: 44409.316406/881.684795/43527.632812/0.000020759
-72/200: 44408.859375/881.679405/43527.179688/0.000010291
-73/200: 44409.917969/881.674642/43528.242188/0.000023837
-74/200: 44409.496094/881.670318/43527.824219/0.000009500
-75/200: 44409.113281/881.666168/43527.445312/0.000008620
-76/200: 44410.132812/881.662399/43528.468750/0.000022958
-77/200: 44410.304688/881.659055/43528.644531/0.000003870
-78/200: 44410.324219/881.655649/43528.667969/0.000000440
-79/200: 44409.304688/881.652887/43527.652344/0.000022957
-80/200: 44409.421875/881.650035/43527.773438/0.000002639
-81/200: 44410.019531/881.647594/43528.371094/0.000013458
-82/200: 44410.777344/881.645456/43529.132812/0.000017064
-83/200: 44410.113281/881.643591/43528.468750/0.000014953
-84/200: 44409.929688/881.641700/43528.289062/0.000004134
-85/200: 44410.691406/881.640379/43529.050781/0.000017152
-86/200: 44410.730469/881.638956/43529.089844/0.000000880
-87/200: 44410.832031/881.638064/43529.195312/0.000002287
-88/200: 44411.261719/881.637297/43529.625000/0.000009675
-89/200: 44410.875000/881.636557/43529.238281/0.000008708
-90/200: 44411.234375/881.636044/43529.597656/0.000008092
-91/200: 44411.191406/881.635542/43529.554688/0.000000968
-92/200: 44411.593750/881.635326/43529.957031/0.000009060
-93/200: 44411.378906/881.635216/43529.742188/0.000004838
-94/200: 44412.113281/881.635158/43530.476562/0.000016536
-95/200: 44411.832031/881.635413/43530.195312/0.000006333
-96/200: 44411.437500/881.635877/43529.800781/0.000008883
-97/200: 44411.929688/881.636446/43530.292969/0.000011082
-98/200: 44412.238281/881.637084/43530.601562/0.000006948
-99/200: 44412.410156/881.637868/43530.773438/0.000003870
Recall at EP-100 ...
  Columns 1 through 7

    0.0163    0.0248    0.0312    0.0368    0.0415    0.0459    0.0496

  Columns 8 through 10

    0.0531    0.0565    0.0599

Mrr at EP-100 ...
    0.0040

-100/200: 44412.054688/881.638862/43530.414062/0.000008004
-101/200: 44411.867188/881.639578/43530.226562/0.000004222
-102/200: 44412.316406/881.640661/43530.675781/0.000010115
-103/200: 44413.046875/881.641807/43531.406250/0.000016447
-104/200: 44412.402344/881.642820/43530.757812/0.000014512
-105/200: 44412.992188/881.644093/43531.347656/0.000013281
-106/200: 44412.566406/881.645528/43530.921875/0.000009587
-107/200: 44412.960938/881.647162/43531.312500/0.000008883
-108/200: 44413.511719/881.648491/43531.863281/0.000012401
-109/200: 44412.988281/881.649982/43531.339844/0.000011786
-110/200: 44412.914062/881.651556/43531.261719/0.000001671
-111/200: 44413.679688/881.653473/43532.027344/0.000017239
-112/200: 44413.660156/881.655514/43532.003906/0.000000440
-113/200: 44413.453125/881.657395/43531.796875/0.000004661
-114/200: 44413.218750/881.659511/43531.558594/0.000005277
-115/200: 44413.632812/881.661621/43531.972656/0.000009323
-116/200: 44413.562500/881.663727/43531.898438/0.000001583
-117/200: 44414.140625/881.665862/43532.476562/0.000013017
-118/200: 44414.042969/881.668190/43532.375000/0.000002199
-119/200: 44414.464844/881.670430/43532.792969/0.000009499
-120/200: 44414.289062/881.672507/43532.617188/0.000003958
-121/200: 44414.710938/881.674606/43533.035156/0.000009499
-122/200: 44414.746094/881.676714/43533.070312/0.000000792
-123/200: 44414.511719/881.679040/43532.832031/0.000005277
-124/200: 44414.707031/881.681115/43533.027344/0.000004397
-125/200: 44414.855469/881.683346/43533.171875/0.000003342
-126/200: 44414.875000/881.685743/43533.187500/0.000000440
-127/200: 44414.847656/881.688260/43533.160156/0.000000616
-128/200: 44414.902344/881.690764/43533.210938/0.000001231
-129/200: 44414.996094/881.692803/43533.304688/0.000002111
-130/200: 44415.566406/881.695153/43533.871094/0.000012841
-131/200: 44415.046875/881.697607/43533.347656/0.000011697
-132/200: 44415.597656/881.700054/43533.898438/0.000012401
-133/200: 44415.765625/881.702809/43534.062500/0.000003782
-134/200: 44416.222656/881.705247/43534.515625/0.000010290
-135/200: 44415.425781/881.707712/43533.718750/0.000017941
-136/200: 44415.703125/881.710044/43533.992188/0.000006244
-137/200: 44416.308594/881.712452/43534.597656/0.000013632
-138/200: 44416.191406/881.714773/43534.476562/0.000002638
-139/200: 44416.062500/881.716957/43534.343750/0.000002902
-140/200: 44416.406250/881.719381/43534.687500/0.000007739
-141/200: 44416.558594/881.721990/43534.835938/0.000003430
-142/200: 44416.296875/881.724326/43534.574219/0.000005892
-143/200: 44416.562500/881.726795/43534.835938/0.000005980
-144/200: 44416.804688/881.729165/43535.074219/0.000005453
-145/200: 44417.015625/881.731653/43535.285156/0.000004749
-146/200: 44416.945312/881.734013/43535.210938/0.000001583
-147/200: 44417.089844/881.736340/43535.351562/0.000003254
-148/200: 44416.769531/881.738390/43535.031250/0.000007211
-149/200: 44417.140625/881.740591/43535.398438/0.000008355
-150/200: 44417.304688/881.742944/43535.562500/0.000003694
-151/200: 44417.410156/881.745320/43535.664062/0.000002374
-152/200: 44417.394531/881.747550/43535.648438/0.000000352
-153/200: 44417.515625/881.749650/43535.765625/0.000002726
-154/200: 44417.683594/881.751774/43535.933594/0.000003782
-155/200: 44417.582031/881.753986/43535.828125/0.000002287
-156/200: 44417.730469/881.756160/43535.972656/0.000003342
-157/200: 44418.179688/881.758394/43536.421875/0.000010114
-158/200: 44418.117188/881.760428/43536.355469/0.000001407
-159/200: 44418.257812/881.762675/43536.496094/0.000003166
-160/200: 44418.324219/881.764831/43536.558594/0.000001495
-161/200: 44418.003906/881.766914/43536.238281/0.000007211
-162/200: 44418.292969/881.768895/43536.523438/0.000006508
-163/200: 44418.761719/881.770863/43536.992188/0.000010553
-164/200: 44418.421875/881.772966/43536.648438/0.000007651
-165/200: 44418.886719/881.775059/43537.113281/0.000010465
-166/200: 44418.730469/881.776998/43536.953125/0.000003518
-167/200: 44418.761719/881.778924/43536.984375/0.000000704
-168/200: 44419.054688/881.780846/43537.273438/0.000006596
-169/200: 44418.992188/881.782717/43537.210938/0.000001407
-170/200: 44419.136719/881.784624/43537.351562/0.000003254
-171/200: 44419.253906/881.786530/43537.468750/0.000002638
-172/200: 44419.488281/881.788207/43537.699219/0.000005276
-173/200: 44419.234375/881.789928/43537.445312/0.000005716
-174/200: 44419.941406/881.791856/43538.148438/0.000015917
-175/200: 44419.414062/881.793573/43537.621094/0.000011872
-176/200: 44419.960938/881.795483/43538.164062/0.000012312
-177/200: 44420.109375/881.797352/43538.312500/0.000003342
-178/200: 44419.996094/881.798919/43538.195312/0.000002550
-179/200: 44420.132812/881.800561/43538.332031/0.000003078
-180/200: 44419.851562/881.802204/43538.050781/0.000006332
-181/200: 44420.425781/881.804020/43538.621094/0.000012927
-182/200: 44420.320312/881.805548/43538.515625/0.000002374
-183/200: 44420.597656/881.807312/43538.789062/0.000006244
-184/200: 44420.628906/881.809051/43538.820312/0.000000704
-185/200: 44420.882812/881.810690/43539.070312/0.000005716
-186/200: 44420.710938/881.812229/43538.898438/0.000003869
-187/200: 44420.757812/881.813736/43538.945312/0.000001055
-188/200: 44421.117188/881.815263/43539.300781/0.000008090
-189/200: 44421.156250/881.816677/43539.339844/0.000000879
-190/200: 44421.199219/881.818241/43539.382812/0.000000967
-191/200: 44421.312500/881.819732/43539.492188/0.000002550
-192/200: 44421.546875/881.821205/43539.726562/0.000005276
-193/200: 44421.410156/881.822557/43539.585938/0.000003078
-194/200: 44421.394531/881.824059/43539.570312/0.000000352
-195/200: 44421.722656/881.825558/43539.898438/0.000007387
-196/200: 44421.585938/881.826731/43539.757812/0.000003078
-197/200: 44421.730469/881.827836/43539.902344/0.000003254
-198/200: 44421.492188/881.828995/43539.664062/0.000005364
-199/200: 44422.085938/881.830114/43540.253906/0.000013366
-200/200: 44421.839844/881.828974/43540.011719/0.000005540
Start evaluating ...
  Columns 1 through 7

    0.0177    0.0273    0.0349    0.0413    0.0474    0.0533    0.0579

  Columns 8 through 10

    0.0616    0.0658    0.0691

    0.0048

Elapsed time is 33311.591975 seconds.
