nohup: ignoring input

                            < M A T L A B (R) >
                  Copyright 1984-2016 The MathWorks, Inc.
                   R2016a (9.0.0.341360) 64-bit (glnxa64)
                             February 11, 2016

 
To get started, type one of these: helpwin, helpdesk, or demo.
For product information, visit www.mathworks.com.
 

	Academic License

Start learning ...
Init data [Dtype: delicious - Dspec: sp2/2550]
Init social model
Using adagrad ...
Params [lbd-U: 0.1000|lbd-V: 0.1000|lbd-N: 0.1000|lbd-Q: 0.0500]
Staring Sample 2 - Loc: save/ctrsmf/delicious-alg90-sp2-cold20170225193346330 
CTR-SMF Running ...

iter time likelihood converge
0001 000280 -30057593.68100 1.0000000000
0002 000554 -29298667.04941 0.0252490815
0003 000833 -28668363.44744 0.0215130470
0004 001113 -28482314.86782 0.0064896826
0005 001399 -28396466.65166 0.0030140884
0006 001666 -28336672.85164 0.0021056775
0007 001937 -28294898.45173 0.0014742168
0008 002207 -28265548.17693 0.0010372992
0009 002475 -28243017.25920 0.0007971159
0010 002742 -28224533.96369 0.0006544377
0011 003014 -28208712.00404 0.0005605747
0012 003282 -28194868.84084 0.0004907407
0013 003552 -28182611.01951 0.0004347536
0014 003821 -28171667.74368 0.0003882989
0015 004063 -28161834.41941 0.0003490501
0016 004275 -28152949.29111 0.0003155025
0017 004479 -28144880.21497 0.0002866157
0018 004675 -28137517.00566 0.0002616181
0019 004869 -28130766.99412 0.0002398936
0020 005053 -28124551.79284 0.0002209396
0021 005237 -28118804.59981 0.0002043479
0022 005407 -28113468.01743 0.0001897870
0023 005533 -28108492.43127 0.0001769823
0024 005636 -28103835.03565 0.0001656935
0025 005741 -28099459.18280 0.0001557031
0026 005908 -28095333.44287 0.0001468263
0027 006075 -28091430.70381 0.0001389106
0028 006213 -28087727.85485 0.0001318142
0029 006394 -28084205.71442 0.0001253978
0030 006574 -28080848.96348 0.0001195245
0031 006755 -28077646.34348 0.0001140500
0032 006937 -28074590.33038 0.0001088415
0033 007117 -28071675.36076 0.0001038295
0034 007297 -28068896.40557 0.0000989950
0035 007476 -28066248.08984 0.0000943505
0036 007655 -28063723.92374 0.0000899360
0037 007834 -28061316.12732 0.0000857975
0038 008001 -28059016.34627 0.0000819556
0039 008100 -28056817.09520 0.0000783795
0040 008229 -28054712.78993 0.0000750016
0041 008408 -28052699.58443 0.0000717600
0042 008587 -28050775.14086 0.0000686010
0043 008765 -28048938.59993 0.0000654720
0044 008945 -28047190.21628 0.0000623333
0045 009072 -28045530.38716 0.0000591799
0046 009180 -28043958.40969 0.0000560509
0047 009293 -28042471.88944 0.0000530068
0048 009391 -28041066.80408 0.0000501056
0049 009521 -28039738.29810 0.0000473772
0050 009659 -28038482.10481 0.0000448005
0051 009755 -28037295.29101 0.0000423280
0052 009852 -28036175.64891 0.0000399340
0053 009949 -28035120.90875 0.0000376207
0054 010047 -28034128.40725 0.0000354021
0055 010144 -28033195.20258 0.0000332882
0056 010256 -28032318.83696 0.0000312617
0057 010436 -28031498.23344 0.0000292735
0058 010591 -28030733.53836 0.0000272799
0059 010688 -28030024.58319 0.0000252921
0060 010785 -28029369.39894 0.0000233744
0061 010882 -28028764.13649 0.0000215939
0062 010982 -28028204.54415 0.0000199649
0063 011155 -28027685.67253 0.0000185125
0064 011334 -28027202.16538 0.0000172511
0065 011513 -28026749.55155 0.0000161491
0066 011692 -28026324.63177 0.0000151612
0067 011871 -28025926.04990 0.0000142217
0068 012050 -28025553.20872 0.0000133034
0069 012229 -28025205.08731 0.0000124216
0070 012408 -28024880.29129 0.0000115894
0071 012562 -28024576.78890 0.0000108297
0072 012659 -28024292.35113 0.0000101496
0073 012810 -28024024.93332 0.0000095424
Start evaluating ...
  Columns 1 through 7

    0.0748    0.0906    0.0966    0.1000    0.1019    0.1036    0.1046

  Columns 8 through 10

    0.1055    0.1062    0.1068

    0.0169

Elapsed time is 12909.097987 seconds.
