nohup: ignoring input

                            < M A T L A B (R) >
                  Copyright 1984-2016 The MathWorks, Inc.
                   R2016a (9.0.0.341360) 64-bit (glnxa64)
                             February 11, 2016

 
To get started, type one of these: helpwin, helpdesk, or demo.
For product information, visit www.mathworks.com.
 

	Academic License

Start learning ...
Init data [Dtype: delicious - Dspec: sp2/1050]
Init social model
Using adagrad ...
Load pretrained shallow-model...
Params [lbd-U: 100.0000|lbd-V: 10.0000|lbd-N: 100.0000|lbd-Q: 0.1000]
Staring Sample 2 - Loc: save/bcdl/delicious-alg61-sp2-cold20170224185237560 
CTR(chongwang)-DAE(User graph) Running - Walks(1)...
-1/200: 43583092.000000/4997.753593/43578096.000000/1.000000000
-2/200: 43525344.000000/4962.475989/43520380.000000/0.001325009
-3/200: 43524184.000000/4962.647062/43519220.000000/0.000026651
-4/200: 43524248.000000/4962.979313/43519284.000000/0.000001470
-5/200: 43523120.000000/4963.294254/43518156.000000/0.000025917
-6/200: 43523184.000000/4963.582270/43518220.000000/0.000001470
-7/200: 43525444.000000/4963.848193/43520480.000000/0.000051926
-8/200: 43525916.000000/4964.098142/43520952.000000/0.000010844
-9/200: 43525572.000000/4964.337103/43520608.000000/0.000007903
-10/200: 43525944.000000/4964.559107/43520980.000000/0.000008547
-11/200: 43525228.000000/4964.770515/43520264.000000/0.000016450
-12/200: 43524604.000000/4964.974034/43519640.000000/0.000014337
-13/200: 43525836.000000/4965.169132/43520872.000000/0.000028306
-14/200: 43526452.000000/4965.355773/43521488.000000/0.000014153
-15/200: 43525596.000000/4965.538905/43520632.000000/0.000019666
-16/200: 43525676.000000/4965.713841/43520712.000000/0.000001838
-17/200: 43526504.000000/4965.881742/43521540.000000/0.000019023
-18/200: 43527944.000000/4966.043534/43522976.000000/0.000033083
-19/200: 43526996.000000/4966.202611/43522028.000000/0.000021779
-20/200: 43527380.000000/4966.355558/43522412.000000/0.000008822
-21/200: 43526152.000000/4966.506961/43521184.000000/0.000028212
-22/200: 43527672.000000/4966.653693/43522704.000000/0.000034922
-23/200: 43528200.000000/4966.797648/43523232.000000/0.000012130
-24/200: 43528876.000000/4966.937084/43523908.000000/0.000015530
-25/200: 43527776.000000/4967.074689/43522808.000000/0.000025271
-26/200: 43527920.000000/4967.210167/43522952.000000/0.000003308
-27/200: 43527424.000000/4967.342075/43522456.000000/0.000011395
-28/200: 43529528.000000/4967.470339/43524560.000000/0.000048337
-29/200: 43529312.000000/4967.596262/43524344.000000/0.000004962
-30/200: 43528688.000000/4967.720230/43523720.000000/0.000014335
-31/200: 43528676.000000/4967.841327/43523708.000000/0.000000276
-32/200: 43529496.000000/4967.961128/43524528.000000/0.000018838
-33/200: 43527104.000000/4968.078350/43522136.000000/0.000054951
-34/200: 43529492.000000/4968.193769/43524524.000000/0.000054862
-35/200: 43527624.000000/4968.307154/43522656.000000/0.000042913
-36/200: 43529152.000000/4968.419251/43524184.000000/0.000035104
-37/200: 43529356.000000/4968.529665/43524388.000000/0.000004687
-38/200: 43528876.000000/4968.637778/43523908.000000/0.000011027
-39/200: 43529540.000000/4968.744968/43524572.000000/0.000015254
-40/200: 43529212.000000/4968.850036/43524244.000000/0.000007535
-41/200: 43530580.000000/4968.954288/43525612.000000/0.000031427
-42/200: 43530768.000000/4969.056890/43525800.000000/0.000004319
-43/200: 43530460.000000/4969.157970/43525492.000000/0.000007075
-44/200: 43530660.000000/4969.256787/43525692.000000/0.000004594
-45/200: 43530432.000000/4969.354733/43525464.000000/0.000005238
-46/200: 43530412.000000/4969.451781/43525444.000000/0.000000459
-47/200: 43531120.000000/4969.546908/43526152.000000/0.000016264
-48/200: 43531056.000000/4969.640892/43526088.000000/0.000001470
-49/200: 43529964.000000/4969.734413/43524996.000000/0.000025086
-50/200: 43530456.000000/4969.826112/43525488.000000/0.000011303
-51/200: 43530488.000000/4969.916563/43525520.000000/0.000000735
-52/200: 43531964.000000/4970.005803/43526992.000000/0.000033907
-53/200: 43530472.000000/4970.094719/43525500.000000/0.000034274
-54/200: 43531176.000000/4970.182831/43526204.000000/0.000016173
-55/200: 43531084.000000/4970.269038/43526112.000000/0.000002113
-56/200: 43531096.000000/4970.354381/43526124.000000/0.000000276
-57/200: 43531500.000000/4970.440242/43526528.000000/0.000009281
-58/200: 43532020.000000/4970.524832/43527048.000000/0.000011945
-59/200: 43531736.000000/4970.608483/43526764.000000/0.000006524
-60/200: 43531848.000000/4970.690432/43526876.000000/0.000002573
-61/200: 43531056.000000/4970.771992/43526084.000000/0.000018194
-62/200: 43532452.000000/4970.852676/43527480.000000/0.000032069
-63/200: 43531772.000000/4970.932330/43526800.000000/0.000015621
-64/200: 43533220.000000/4971.011558/43528248.000000/0.000033263
-65/200: 43533264.000000/4971.090500/43528292.000000/0.000001011
-66/200: 43533108.000000/4971.168965/43528136.000000/0.000003583
-67/200: 43532104.000000/4971.246232/43527132.000000/0.000023063
-68/200: 43532228.000000/4971.322544/43527256.000000/0.000002848
-69/200: 43532464.000000/4971.398000/43527492.000000/0.000005421
-70/200: 43532404.000000/4971.473107/43527432.000000/0.000001378
-71/200: 43533364.000000/4971.547857/43528392.000000/0.000022053
-72/200: 43532856.000000/4971.621148/43527884.000000/0.000011669
-73/200: 43533908.000000/4971.694570/43528936.000000/0.000024166
-74/200: 43533464.000000/4971.767430/43528492.000000/0.000010199
-75/200: 43533116.000000/4971.839495/43528144.000000/0.000007994
-76/200: 43534100.000000/4971.910836/43529128.000000/0.000022603
-77/200: 43534292.000000/4971.982185/43529320.000000/0.000004410
-78/200: 43534264.000000/4972.051843/43529292.000000/0.000000643
-79/200: 43533236.000000/4972.121769/43528264.000000/0.000023614
-80/200: 43533408.000000/4972.190822/43528436.000000/0.000003951
-81/200: 43533980.000000/4972.259283/43529008.000000/0.000013139
-82/200: 43534680.000000/4972.327132/43529708.000000/0.000016079
-83/200: 43534036.000000/4972.394968/43529064.000000/0.000014793
-84/200: 43533868.000000/4972.461492/43528896.000000/0.000003859
-85/200: 43534572.000000/4972.528019/43529600.000000/0.000016171
-86/200: 43534608.000000/4972.593826/43529636.000000/0.000000827
-87/200: 43534724.000000/4972.659452/43529752.000000/0.000002665
-88/200: 43535112.000000/4972.724452/43530140.000000/0.000008912
-89/200: 43534760.000000/4972.789146/43529788.000000/0.000008085
-90/200: 43535104.000000/4972.853102/43530132.000000/0.000007902
-91/200: 43535012.000000/4972.916220/43530040.000000/0.000002113
-92/200: 43535420.000000/4972.979230/43530448.000000/0.000009372
-93/200: 43535192.000000/4973.041467/43530220.000000/0.000005237
-94/200: 43535888.000000/4973.103452/43530916.000000/0.000015987
-95/200: 43535620.000000/4973.165037/43530648.000000/0.000006156
-96/200: 43535224.000000/4973.226610/43530252.000000/0.000009096
-97/200: 43535704.000000/4973.287883/43530732.000000/0.000011026
-98/200: 43536016.000000/4973.348216/43531044.000000/0.000007167
-99/200: 43536148.000000/4973.408369/43531176.000000/0.000003032
Recall at EP-100 ...
  Columns 1 through 7

    0.0022    0.0039    0.0055    0.0069    0.0085    0.0102    0.0114

  Columns 8 through 10

    0.0127    0.0140    0.0151

Mrr at EP-100 ...
   7.9573e-04

-100/200: 43535804.000000/4973.468493/43530832.000000/0.000007901
-101/200: 43535636.000000/4973.527295/43530664.000000/0.000003859
-102/200: 43536052.000000/4973.586463/43531080.000000/0.000009555
-103/200: 43536692.000000/4973.645197/43531720.000000/0.000014700
-104/200: 43536080.000000/4973.703092/43531108.000000/0.000014057
-105/200: 43536636.000000/4973.760800/43531664.000000/0.000012771
-106/200: 43536232.000000/4973.818539/43531260.000000/0.000009280
-107/200: 43536612.000000/4973.876020/43531640.000000/0.000008728
-108/200: 43537092.000000/4973.932525/43532120.000000/0.000011025
-109/200: 43536608.000000/4973.988707/43531636.000000/0.000011117
-110/200: 43536500.000000/4974.044539/43531524.000000/0.000002481
-111/200: 43537304.000000/4974.100912/43532328.000000/0.000018467
-112/200: 43537244.000000/4974.156874/43532268.000000/0.000001378
-113/200: 43537024.000000/4974.212271/43532048.000000/0.000005053
-114/200: 43536864.000000/4974.267442/43531888.000000/0.000003675
-115/200: 43537248.000000/4974.322276/43532272.000000/0.000008820
-116/200: 43537128.000000/4974.376577/43532152.000000/0.000002756
-117/200: 43537656.000000/4974.430607/43532680.000000/0.000012128
-118/200: 43537568.000000/4974.484870/43532592.000000/0.000002021
-119/200: 43537964.000000/4974.538539/43532988.000000/0.000009096
-120/200: 43537744.000000/4974.591391/43532768.000000/0.000005053
-121/200: 43538140.000000/4974.643994/43533164.000000/0.000009096
-122/200: 43538244.000000/4974.696275/43533268.000000/0.000002389
-123/200: 43537980.000000/4974.748923/43533004.000000/0.000006064
-124/200: 43538144.000000/4974.800465/43533168.000000/0.000003767
-125/200: 43538268.000000/4974.852097/43533292.000000/0.000002848
-126/200: 43538272.000000/4974.903613/43533296.000000/0.000000092
Start evaluating ...
  Columns 1 through 7

    0.0014    0.0025    0.0035    0.0046    0.0057    0.0067    0.0077

  Columns 8 through 10

    0.0087    0.0094    0.0103

   5.4835e-04

Elapsed time is 28299.091591 seconds.
