nohup: ignoring input

                            < M A T L A B (R) >
                  Copyright 1984-2016 The MathWorks, Inc.
                   R2016a (9.0.0.341360) 64-bit (glnxa64)
                             February 11, 2016

 
To get started, type one of these: helpwin, helpdesk, or demo.
For product information, visit www.mathworks.com.
 

	Academic License

Start learning ...
Init data [Dtype: delicious - Dspec: sp2/0550]
Init social model
Using adagrad ...
Params [lbd-U: 0.1000|lbd-V: 10.0000|lbd-N: 0.1000|lbd-Q: 0.1000]
Staring Sample 2 - Loc: save/ctr/delicious-alg80-sp2-cold20170224185120570 
CTR(chongwang) Running ...

iter time likelihood:[r:u:v] converge
0001 000066 -2300.00000:[0.00000:0.00000:-0.00000] 1.0000000000
0002 000125 -2124.43386:[422.21522:-61.64407:-83.14961] 0.0763331058
0003 000187 -1824.19058:[1399.14062:-286.44117:-349.40372] 0.1413286062
0004 000246 -1748.28893:[1906.47450:-477.96767:-411.36053] 0.0416083996
0005 000308 -1734.83648:[1954.06540:-494.25565:-412.26918] 0.0076946393
0006 000369 -1727.86522:[1965.91663:-496.05195:-410.71779] 0.0040183933
0007 000425 -1724.88216:[1970.48818:-496.45752:-409.93720] 0.0017264417
0008 000481 -1724.52956:[1971.21893:-496.44923:-409.92419] 0.0002044188
0009 000537 -1725.90342:[1969.57961:-496.24389:-410.46531] 0.0007966569
0010 000593 -1728.38272:[1966.45549:-495.92729:-411.37294] 0.0014365222
0011 000649 -1731.53564:[1962.42719:-495.54290:-412.50425] 0.0018241999
0012 000705 -1735.06382:[1957.88555:-495.11675:-413.75652] 0.0020376020
0013 000757 -1738.76643:[1953.09187:-494.66614:-415.05965] 0.0021339891
0014 000812 -1742.51250:[1948.21731:-494.20312:-416.36807] 0.0021544460
0015 000867 -1746.21932:[1943.37140:-493.73608:-417.65348] 0.0021272816
0016 000923 -1749.83653:[1938.62223:-493.27087:-418.89918] 0.0020714509
0017 000978 -1753.33509:[1934.01037:-492.81145:-420.09600] 0.0019993689
0018 001033 -1756.69974:[1929.55830:-492.36042:-421.23954] 0.0019189947
0019 001089 -1759.92384:[1925.27685:-491.91935:-422.32830] 0.0018353202
0020 001145 -1763.00614:[1921.16948:-491.48912:-423.36253] 0.0017513789
0021 001210 -1765.94843:[1917.23527:-491.07011:-424.34343] 0.0016689054
0022 001293 -1768.75414:[1913.47094:-490.66247:-425.27272] 0.0015887880
0023 001374 -1771.42742:[1909.87214:-490.26621:-426.15237] 0.0015113903
0024 001456 -1773.97256:[1906.43430:-489.88135:-426.98439] 0.0014367713
0025 001535 -1776.39372:[1903.15301:-489.50796:-427.77077] 0.0013648226
0026 001612 -1778.69478:[1900.02421:-489.14616:-428.51338] 0.0012953600
0027 001695 -1780.87936:[1897.04422:-488.79611:-429.21399] 0.0012281922
0028 001783 -1782.95082:[1894.20961:-488.45802:-429.87426] 0.0011631639
0029 001862 -1784.91237:[1891.51711:-488.13208:-430.49578] 0.0011001730
0030 001940 -1786.76720:[1888.96348:-487.81852:-431.08010] 0.0010391717
0031 002015 -1788.51850:[1886.54542:-487.51751:-431.62876] 0.0009801488
0032 002095 -1790.16948:[1884.25962:-487.22927:-432.14332] 0.0009230987
0033 002174 -1791.72334:[1882.10276:-486.95399:-432.62534] 0.0008679939
0034 002250 -1793.18319:[1880.07165:-486.69186:-433.07633] 0.0008147787
0035 002324 -1794.55208:[1878.16322:-486.44310:-433.49780] 0.0007633816
0036 002395 -1795.83289:[1876.37450:-486.20788:-433.89116] 0.0007137230
0037 002469 -1797.02841:[1874.70260:-485.98635:-434.25770] 0.0006657200
0038 002543 -1798.14132:[1873.14458:-485.77858:-434.59860] 0.0006193056
0039 002609 -1799.17430:[1871.69734:-485.58453:-434.91491] 0.0005744669
0040 002674 -1800.13013:[1870.35743:-485.40402:-435.20767] 0.0005312655
0041 002739 -1801.01188:[1869.12097:-485.23679:-435.47791] 0.0004898225
0042 002804 -1801.82281:[1867.98365:-485.08245:-435.72673] 0.0004502663
0043 002868 -1802.56640:[1866.94088:-484.94055:-435.95526] 0.0004126864
0044 002931 -1803.24611:[1865.98795:-484.81058:-436.16459] 0.0003770802
0045 002997 -1803.86529:[1865.12026:-484.69203:-436.35577] 0.0003433702
0046 003063 -1804.42720:[1864.33332:-484.58439:-436.52983] 0.0003114986
0047 003126 -1804.93515:[1863.62260:-484.48714:-436.68782] 0.0002815023
0048 003190 -1805.39271:[1862.98336:-484.39981:-436.83092] 0.0002535053
0049 003250 -1805.80368:[1862.41055:-484.32187:-436.96036] 0.0002276383
0050 003313 -1806.17198:[1861.89897:-484.25274:-437.07744] 0.0002039517
0051 003375 -1806.50139:[1861.44346:-484.19184:-437.18334] 0.0001823823
0052 003436 -1806.79546:[1861.03910:-484.13853:-437.27916] 0.0001627811
0053 003496 -1807.05738:[1860.68134:-484.09219:-437.36583] 0.0001449665
0054 003560 -1807.29007:[1860.36597:-484.05222:-437.44415] 0.0001287651
0055 003622 -1807.49615:[1860.08908:-484.01802:-437.51483] 0.0001140304
0056 003681 -1807.67807:[1859.84704:-483.98903:-437.57848] 0.0001006444
0057 003738 -1807.83808:[1859.63643:-483.96471:-437.63568] 0.0000885162
0058 003795 -1807.97833:[1859.45405:-483.94455:-437.68701] 0.0000775792
0059 003852 -1808.10088:[1859.29688:-483.92811:-437.73305] 0.0000677835
0060 003909 -1808.20771:[1859.16209:-483.91498:-437.77437] 0.0000590834
0061 003967 -1808.30070:[1859.04703:-483.90480:-437.81155] 0.0000514259
0062 004026 -1808.38160:[1858.94926:-483.89724:-437.84513] 0.0000447409
0063 004083 -1808.45203:[1858.86655:-483.89201:-437.87561] 0.0000389425
0064 004141 -1808.51339:[1858.79688:-483.88882:-437.90341] 0.0000339333
0065 004198 -1808.56694:[1858.73851:-483.88743:-437.92892] 0.0000296068
0066 004259 -1808.61374:[1858.68989:-483.88760:-437.95244] 0.0000258790
0067 004315 -1808.65478:[1858.64961:-483.88913:-437.97425] 0.0000226912
0068 004371 -1808.69093:[1858.61637:-483.89180:-437.99458] 0.0000199857
0069 004428 -1808.72295:[1858.58899:-483.89539:-438.01359] 0.0000177024
0070 004483 -1808.75148:[1858.56644:-483.89972:-438.03143] 0.0000157780
0071 004540 -1808.77707:[1858.54786:-483.90459:-438.04821] 0.0000141467
0072 004596 -1808.80016:[1858.53251:-483.90987:-438.06404] 0.0000127623
0073 004630 -1808.82115:[1858.51976:-483.91543:-438.07902] 0.0000116083
0074 004662 -1808.84047:[1858.50904:-483.92118:-438.09327] 0.0000106780
0075 004712 -1808.85847:[1858.49982:-483.92705:-438.10693] 0.0000099518
Start evaluating ...
  Columns 1 through 7

    0.0021    0.0035    0.0048    0.0067    0.0082    0.0093    0.0109

  Columns 8 through 10

    0.0125    0.0139    0.0154

    0.0012

Elapsed time is 4800.490006 seconds.
