nohup: ignoring input

                            < M A T L A B (R) >
                  Copyright 1984-2016 The MathWorks, Inc.
                   R2016a (9.0.0.341360) 64-bit (glnxa64)
                             February 11, 2016

 
To get started, type one of these: helpwin, helpdesk, or demo.
For product information, visit www.mathworks.com.
 

	Academic License

Start learning ...
Init data [Dtype: delicious - Dspec: sp2/5050]
Init social model
Using adagrad ...
Params [lbd-U: 10.0000|lbd-V: 1.0000|lbd-N: 10.0000|lbd-Q: 0.0100]
Staring Sample 2 - Loc: save/ctrsmf/delicious-alg90-sp2-cold20170226203651200 
CTR-SMF Running ...

iter time likelihood converge
0001 000517 -44453467.13453 1.0000000000
0002 001060 -43366499.51500 0.0244518075
0003 001599 -42432127.13338 0.0215459489
0004 002144 -42156326.53900 0.0064998060
0005 002682 -42032520.10089 0.0029368412
0006 003227 -41948902.50514 0.0019893548
0007 003774 -41890212.68905 0.0013990787
0008 004323 -41847862.50186 0.0010109805
0009 004877 -41814616.14194 0.0007944578
0010 005429 -41786948.44932 0.0006616752
0011 005987 -41763077.91216 0.0005712438
0012 006534 -41742089.15261 0.0005025674
0013 007083 -41723435.16022 0.0004468869
0014 007628 -41706730.18320 0.0004003740
0015 008174 -41691679.38534 0.0003608722
0016 008723 -41678048.42957 0.0003269467
0017 009269 -41665645.46391 0.0002975899
0018 009816 -41654310.41942 0.0002720477
0019 010362 -41643908.79664 0.0002497130
0020 010911 -41634327.12850 0.0002300857
0021 011463 -41625468.92769 0.0002127620
0022 012019 -41617251.17559 0.0001974212
0023 012567 -41609601.57243 0.0001838085
0024 013110 -41602456.55025 0.0001717157
0025 013651 -41595760.01353 0.0001609649
0026 014195 -41589462.48267 0.0001513984
0027 014738 -41583520.24612 0.0001428784
0028 015281 -41577894.98918 0.0001352761
0029 015816 -41572553.77334 0.0001284629
0030 016353 -41567469.05536 0.0001223095
0031 016885 -41562618.57109 0.0001166894
0032 017413 -41557984.83923 0.0001114880
0033 017944 -41553554.06434 0.0001066167
0034 018475 -41549314.99701 0.0001020146
0035 018992 -41545258.74482 0.0000976250
0036 019510 -41541379.58785 0.0000933718
0037 020027 -41537675.42393 0.0000891681
0038 020538 -41534146.48149 0.0000849576
0039 021048 -41530792.75509 0.0000807462
0040 021563 -41527611.71193 0.0000765948
0041 022069 -41524598.29420 0.0000725642
0042 022567 -41521746.95892 0.0000686662
0043 023065 -41519053.34359 0.0000648724
0044 023563 -41516513.27653 0.0000611783
0045 024060 -41514121.21499 0.0000576171
0046 024556 -41511870.43362 0.0000542172
0047 025054 -41509753.14066 0.0000510045
0048 025553 -41507760.45710 0.0000480052
0049 026052 -41505882.83329 0.0000452355
0050 026551 -41504111.19627 0.0000426840
0051 027054 -41502438.34252 0.0000403057
0052 027532 -41500858.96025 0.0000380552
0053 027966 -41499369.59210 0.0000358876
0054 028406 -41497967.79958 0.0000337786
0055 028836 -41496650.04568 0.0000317547
0056 029242 -41495410.53389 0.0000298702
0057 029657 -41494241.77939 0.0000281659
0058 030071 -41493136.28122 0.0000266422
0059 030479 -41492087.94846 0.0000252652
0060 030894 -41491092.90898 0.0000239814
0061 031308 -41490149.51597 0.0000227372
0062 031717 -41489257.35955 0.0000215028
0063 032138 -41488416.16690 0.0000202750
0064 032540 -41487625.17138 0.0000190655
0065 032934 -41486882.88706 0.0000178917
0066 033327 -41486187.33715 0.0000167655
0067 033720 -41485535.44253 0.0000157135
0068 034110 -41484924.95903 0.0000147156
0069 034507 -41484355.16517 0.0000137350
0070 034908 -41483825.03075 0.0000127791
0071 035298 -41483333.28580 0.0000118539
0072 035687 -41482878.27246 0.0000109686
0073 036085 -41482457.77529 0.0000101366
0074 036481 -41482068.91851 0.0000093740
Start evaluating ...
  Columns 1 through 7

    0.0755    0.1202    0.1405    0.1484    0.1527    0.1550    0.1573

  Columns 8 through 10

    0.1589    0.1606    0.1618

    0.0135

Elapsed time is 36626.510611 seconds.
