nohup: ignoring input

                            < M A T L A B (R) >
                  Copyright 1984-2016 The MathWorks, Inc.
                   R2016a (9.0.0.341360) 64-bit (glnxa64)
                             February 11, 2016

 
To get started, type one of these: helpwin, helpdesk, or demo.
For product information, visit www.mathworks.com.
 

	Academic License

Start learning ...
Init data [Dtype: delicious - Dspec: sp2/5050]
Init social model
Using adagrad ...
Load pretrained shallow-model...
Could not use CUDA
Params [lbd-U: 100.0000|lbd-V: 10.0000|lbd-N: 100.0000|lbd-Q: 0.0100]
Staring Sample 2 - Loc: save/bcdl/delicious-alg61-sp2-cold20170227105047008 
CTR(chongwang)-DAE(User graph) Running - Walks(1)...
-1/200: 43600179.678477/22081.573107/43578098.105370/1.000000000
-2/200: 43541650.738466/21595.145413/43520055.593053/0.001342401
-3/200: 43540777.070485/21595.785432/43519181.285053/0.000020065
-4/200: 43540856.546479/21597.141292/43519259.405187/0.000001825
-5/200: 43539736.887271/21598.415872/43518138.471399/0.000025715
-6/200: 43539803.869152/21599.573610/43518204.295542/0.000001538
-7/200: 43542058.419824/21600.638310/43520457.781514/0.000051781
-8/200: 43542536.040816/21601.636868/43520934.403948/0.000010969
-9/200: 43542194.686121/21602.591449/43520592.094672/0.000007840
-10/200: 43542567.390933/21603.474849/43520963.916084/0.000008560
-11/200: 43541851.633431/21604.316865/43520247.316566/0.000016438
-12/200: 43541227.517242/21605.125865/43519622.391377/0.000014334
-13/200: 43542458.190303/21605.900312/43520852.289991/0.000028265
-14/200: 43543079.144315/21606.641882/43521472.502433/0.000014261
-15/200: 43542222.312224/21607.368103/43520614.944121/0.000019678
-16/200: 43542306.773789/21608.061581/43520698.712208/0.000001940
-17/200: 43543127.323144/21608.724416/43521518.598728/0.000018845
-18/200: 43544568.055288/21609.366899/43522958.688389/0.000033087
-19/200: 43543619.584716/21609.996539/43522009.588177/0.000021782
-20/200: 43544002.400930/21610.600473/43522391.800457/0.000008792
-21/200: 43542779.366734/21611.200042/43521168.166692/0.000028087
-22/200: 43544301.723175/21611.780340/43522689.942835/0.000034962
-23/200: 43544827.656350/21612.348751/43523215.307599/0.000012078
-24/200: 43545502.202724/21612.899545/43523889.303179/0.000015491
-25/200: 43544399.084329/21613.441687/43522785.642642/0.000025333
-26/200: 43544543.448084/21613.976135/43522929.471949/0.000003315
-27/200: 43544052.740460/21614.497087/43522438.243373/0.000011269
-28/200: 43546156.831874/21615.002731/43524541.829143/0.000048321
-29/200: 43545941.600475/21615.499071/43524326.101404/0.000004943
-30/200: 43545322.705911/21615.987281/43523706.718630/0.000014212
-31/200: 43545311.040383/21616.464471/43523694.575912/0.000000268
-32/200: 43546128.992616/21616.937217/43524512.055399/0.000018784
-33/200: 43543740.145047/21617.397563/43522122.747484/0.000054858
-34/200: 43546127.767465/21617.853313/43524509.914152/0.000054833
-35/200: 43544259.326814/21618.299034/43522641.027780/0.000042907
-36/200: 43545783.340354/21618.740075/43524164.600279/0.000034999
-37/200: 43545986.959018/21619.174112/43524367.784906/0.000004676
-38/200: 43545509.917456/21619.600191/43523890.317265/0.000010955
-39/200: 43546175.416039/21620.020750/43524555.395289/0.000015283
-40/200: 43545846.920395/21620.433309/43524226.487085/0.000007544
-41/200: 43547215.725536/21620.843922/43525594.881614/0.000031434
-42/200: 43547397.398261/21621.247413/43525776.150848/0.000004172
-43/200: 43547092.638368/21621.645660/43525470.992708/0.000006998
-44/200: 43547290.267789/21622.033153/43525668.234636/0.000004538
-45/200: 43547076.118272/21622.417946/43525453.700326/0.000004918
-46/200: 43547044.111560/21622.799868/43525421.311692/0.000000735
-47/200: 43547760.034334/21623.173030/43526136.861304/0.000016440
-48/200: 43547694.792701/21623.541439/43526071.251262/0.000001498
-49/200: 43546598.757754/21623.909715/43524974.848039/0.000025169
-50/200: 43547091.072588/21624.269207/43525466.803381/0.000011305
-51/200: 43547117.631424/21624.624320/43525493.007104/0.000000610
-52/200: 43548599.491060/21624.975167/43526974.515893/0.000034029
-53/200: 43547106.562562/21625.325014/43525481.237548/0.000034282
-54/200: 43547811.584160/21625.671055/43526185.913105/0.000016190
-55/200: 43547720.957922/21626.010091/43526094.947831/0.000002081
-56/200: 43547729.525187/21626.345138/43526103.180050/0.000000197
-57/200: 43548134.664453/21626.682683/43526507.981770/0.000009303
-58/200: 43548654.687163/21627.014833/43527027.672330/0.000011941
-59/200: 43548366.318244/21627.343122/43526738.975122/0.000006622
-60/200: 43548483.628576/21627.665128/43526855.963448/0.000002694
-61/200: 43547693.898683/21627.985890/43526065.912793/0.000018134
-62/200: 43549097.846113/21628.302888/43527469.543225/0.000032239
-63/200: 43548408.771470/21628.615856/43526780.155614/0.000015823
-64/200: 43549857.758279/21628.926970/43528228.831309/0.000033273
-65/200: 43549901.821380/21629.237097/43528272.584283/0.000001012
-66/200: 43549744.253560/21629.545975/43528114.707585/0.000003618
-67/200: 43548746.335924/21629.849117/43527116.486807/0.000022914
-68/200: 43548862.122528/21630.148680/43527231.973848/0.000002659
-69/200: 43549102.037588/21630.445114/43527471.592474/0.000005509
-70/200: 43549037.230213/21630.740165/43527406.490048/0.000001488
-71/200: 43550004.557281/21631.034296/43528373.522985/0.000022212
-72/200: 43549501.284154/21631.321532/43527869.962622/0.000011556
-73/200: 43550541.684563/21631.610357/43528910.074206/0.000023890
-74/200: 43550102.590016/21631.895778/43528470.694238/0.000010082
-75/200: 43549750.464630/21632.178721/43528118.285909/0.000008086
-76/200: 43550736.324857/21632.459528/43529103.865329/0.000022638
-77/200: 43550930.633946/21632.739508/43529297.894438/0.000004462
-78/200: 43550906.859481/21633.013085/43529273.846396/0.000000546
-79/200: 43549876.285485/21633.287664/43528242.997821/0.000023664
-80/200: 43550048.911885/21633.558865/43528415.353020/0.000003964
-81/200: 43550619.717721/21633.828063/43528985.889658/0.000013107
-82/200: 43551322.209703/21634.093910/43529688.115793/0.000016130
-83/200: 43550676.242354/21634.360633/43529041.881721/0.000014832
-84/200: 43550506.359165/21634.621486/43528871.737679/0.000003901
-85/200: 43551214.185927/21634.882657/43529579.303270/0.000016253
-86/200: 43551251.745823/21635.141298/43529616.604525/0.000000862
-87/200: 43551360.466095/21635.399099/43529725.066996/0.000002496
-88/200: 43551750.605683/21635.653995/43530114.951688/0.000008958
-89/200: 43551399.859934/21635.908214/43529763.951720/0.000008054
-90/200: 43551745.072890/21636.159644/43530108.913246/0.000007927
-91/200: 43551654.242773/21636.407322/43530017.835451/0.000002086
-92/200: 43552061.819737/21636.654693/43530425.165044/0.000009358
-93/200: 43551838.165393/21636.899192/43530201.266201/0.000005135
-94/200: 43552532.359394/21637.142237/43530895.217157/0.000015939
-95/200: 43552259.749218/21637.384308/43530622.364910/0.000006259
-96/200: 43551870.899396/21637.625779/43530233.273617/0.000008928
-97/200: 43552348.568920/21637.866643/43530710.702277/0.000010968
-98/200: 43552654.906872/21638.103344/43531016.803528/0.000007034
-99/200: 43552787.999466/21638.339855/43531149.659611/0.000003056
Recall at EP-100 ...
  Columns 1 through 7

    0.0011    0.0033    0.0053    0.0070    0.0087    0.0104    0.0116

  Columns 8 through 10

    0.0130    0.0143    0.0155

Mrr at EP-100 ...
   6.5101e-04

-100/200: 43552449.819993/21638.575837/43530811.244156/0.000007765
-101/200: 43552286.060887/21638.806161/43530647.254726/0.000003760
-102/200: 43552691.790305/21639.038593/43531052.751712/0.000009316
-103/200: 43553342.018983/21639.269124/43531702.749859/0.000014930
-104/200: 43552726.877075/21639.496234/43531087.380841/0.000014124
-105/200: 43553277.591020/21639.722978/43531637.868042/0.000012645
-106/200: 43552871.672983/21639.949622/43531231.723361/0.000009320
-107/200: 43553256.876485/21640.175474/43531616.701011/0.000008845
-108/200: 43553734.824831/21640.397109/43532094.427722/0.000010974
-109/200: 43553259.195177/21640.618113/43531618.577064/0.000010921
-110/200: 43553141.350718/21640.836805/43531500.513913/0.000002706
-111/200: 43553944.812074/21641.058388/43532303.753686/0.000018448
-112/200: 43553888.057196/21641.278071/43532246.779125/0.000001303
-113/200: 43553670.765465/21641.495547/43532029.269918/0.000004989
-114/200: 43553509.858622/21641.712318/43531868.146304/0.000003694
-115/200: 43553883.583818/21641.927433/43532241.656385/0.000008581
-116/200: 43553768.642699/21642.140677/43532126.502022/0.000002639
-117/200: 43554291.724777/21642.352570/43532649.372207/0.000012010
-118/200: 43554210.082171/21642.565934/43532567.516237/0.000001875
-119/200: 43554606.739378/21642.776690/43532963.962688/0.000009107
-120/200: 43554390.101056/21642.983961/43532747.117095/0.000004974
-121/200: 43554781.668166/21643.190631/43533138.477535/0.000008990
-122/200: 43554884.683330/21643.395966/43533241.287364/0.000002365
-123/200: 43554619.302759/21643.602697/43532975.700062/0.000006093
-124/200: 43554791.086535/21643.804890/43533147.281645/0.000003944
-125/200: 43554910.167641/21644.007539/43533266.160102/0.000002734
-126/200: 43554922.474407/21644.210003/43533278.264404/0.000000283
-127/200: 43554923.745278/21644.412215/43533279.333063/0.000000029
Start evaluating ...
  Columns 1 through 7

    0.0010    0.0021    0.0033    0.0040    0.0053    0.0065    0.0075

  Columns 8 through 10

    0.0085    0.0094    0.0107

   5.4334e-04

Elapsed time is 39544.643574 seconds.
