nohup: ignoring input

                            < M A T L A B (R) >
                  Copyright 1984-2016 The MathWorks, Inc.
                   R2016a (9.0.0.341360) 64-bit (glnxa64)
                             February 11, 2016

 
To get started, type one of these: helpwin, helpdesk, or demo.
For product information, visit www.mathworks.com.
 

	Academic License

Start learning ...
Init data [Dtype: delicious - Dspec: sp2/5050]
Init social model
Using adagrad ...
Params [lbd-U: 100.0000|lbd-V: 10.0000|lbd-N: 100.0000|lbd-Q: 0.0100]
Staring Sample 2 - Loc: save/ctrsmf/delicious-alg90-sp2-cold20170226203651517 
CTR-SMF Running ...

iter time likelihood converge
0001 000478 -44456588.56816 1.0000000000
0002 001047 -43369500.52514 0.0244527994
0003 001608 -42436573.53787 0.0215111305
0004 002178 -42164350.85912 0.0064148129
0005 002743 -42042039.92465 0.0029008139
0006 003307 -41958926.18391 0.0019769198
0007 003847 -41900463.42407 0.0013933331
0008 004387 -41858251.86361 0.0010074247
0009 004932 -41825113.48363 0.0007916809
0010 005475 -41797537.06101 0.0006593269
0011 006014 -41773744.55379 0.0005692323
0012 006547 -41752823.24032 0.0005008245
0013 007084 -41734228.34171 0.0004453567
0014 007612 -41717575.81503 0.0003990136
0015 008143 -41702572.09881 0.0003596498
0016 008670 -41688983.79434 0.0003258385
0017 009199 -41676619.74058 0.0002965784
0018 009730 -41665320.40422 0.0002711193
0019 010257 -41654951.75497 0.0002488556
0020 010788 -41645400.75607 0.0002292884
0021 011318 -41636571.27550 0.0002120157
0022 011851 -41628380.53151 0.0001967199
0023 012375 -41620756.34029 0.0001831489
0024 012909 -41613635.18800 0.0001710962
0025 013441 -41606961.07775 0.0001603828
0026 013972 -41600684.73745 0.0001508483
0027 014504 -41594762.71894 0.0001423539
0028 015031 -41589156.90009 0.0001347722
0029 015558 -41583834.37802 0.0001279786
0030 016091 -41578767.52850 0.0001218466
0031 016625 -41573934.00347 0.0001162498
0032 017154 -41569316.28967 0.0001110723
0033 017689 -41564900.59057 0.0001062250
0034 018220 -41560675.69555 0.0001016457
0035 018754 -41556632.85529 0.0000972756
0036 019285 -41552766.62542 0.0000930352
0037 019809 -41549075.22067 0.0000888366
0038 020340 -41545558.98488 0.0000846285
0039 020873 -41542217.54915 0.0000804282
0040 021399 -41539047.60318 0.0000763066
0041 021932 -41536043.35635 0.0000723234
0042 022452 -41533199.19003 0.0000684747
0043 022979 -41530511.41694 0.0000647138
0044 023512 -41527976.72400 0.0000610321
0045 024049 -41525590.43534 0.0000574622
0046 024580 -41523346.66043 0.0000540335
0047 025111 -41521238.43031 0.0000507722
0048 025641 -41519257.74647 0.0000477029
0049 026173 -41517395.95584 0.0000448416
0050 026703 -41515644.78385 0.0000421792
0051 027235 -41513997.46490 0.0000396795
0052 027717 -41512448.28023 0.0000373172
0053 028130 -41510992.23470 0.0000350749
0054 028560 -41509624.46791 0.0000329495
0055 028985 -41508338.87029 0.0000309711
0056 029406 -41507127.70646 0.0000291788
0057 029803 -41505982.45548 0.0000275917
0058 030196 -41504895.35132 0.0000261915
0059 030578 -41503860.59043 0.0000249311
0060 030966 -41502874.92359 0.0000237488
0061 031353 -41501937.52219 0.0000225864
0062 031737 -41501048.85282 0.0000214127
0063 032124 -41500209.30086 0.0000202297
0064 032510 -41499418.72464 0.0000190499
0065 032891 -41498676.63499 0.0000178819
0066 033275 -41497981.34791 0.0000167544
0067 033659 -41497329.13488 0.0000157167
0068 034044 -41496716.97491 0.0000147518
0069 034418 -41496143.61179 0.0000138171
0070 034769 -41495608.16078 0.0000129036
0071 035135 -41495110.24054 0.0000119993
0072 035500 -41494649.26537 0.0000111091
0073 035859 -41494223.67415 0.0000102565
0074 036227 -41493830.93140 0.0000094650
Start evaluating ...
  Columns 1 through 7

    0.0014    0.0032    0.0046    0.0059    0.0075    0.0091    0.0101

  Columns 8 through 10

    0.0108    0.0114    0.0126

   5.1359e-04

Elapsed time is 36388.469629 seconds.
