nohup: ignoring input

                            < M A T L A B (R) >
                  Copyright 1984-2016 The MathWorks, Inc.
                   R2016a (9.0.0.341360) 64-bit (glnxa64)
                             February 11, 2016

 
To get started, type one of these: helpwin, helpdesk, or demo.
For product information, visit www.mathworks.com.
 

	Academic License

Start learning ...
Init data [Dtype: delicious - Dspec: sp2/2550]
Init social model
Using adagrad ...
Params [lbd-U: 0.0100|lbd-V: 100.0000|lbd-N: 0.0100|lbd-Q: 0.0500]
Staring Sample 2 - Loc: save/ctrsmf/delicious-alg90-sp2-cold20170225193344786 
CTR-SMF Running ...

iter time likelihood converge
0001 000301 -30061033.08864 1.0000000000
0002 000597 -29296039.68865 0.0254480076
0003 000893 -28665790.89393 0.0215131056
0004 001184 -28480112.26312 0.0064773594
0005 001455 -28394719.51369 0.0029983291
0006 001728 -28335315.25531 0.0020920882
0007 002000 -28293698.44349 0.0014687259
0008 002272 -28264493.96689 0.0010321901
0009 002542 -28242164.07568 0.0007900333
0010 002814 -28223910.47072 0.0006463246
0011 003085 -28208324.13205 0.0005522388
0012 003356 -28194710.77480 0.0004826007
0013 003627 -28182673.01808 0.0004269509
0014 003907 -28171939.22695 0.0003808649
0015 004148 -28162304.96184 0.0003419809
0016 004366 -28153609.01534 0.0003087796
0017 004568 -28145719.89427 0.0002802170
0018 004752 -28138528.01493 0.0002555230
0019 004933 -28131941.24920 0.0002340835
0020 005118 -28125881.71507 0.0002153969
0021 005292 -28120283.07898 0.0001990564
0022 005465 -28115088.38748 0.0001847311
0023 005644 -28110248.56496 0.0001721432
0024 005824 -28105721.52307 0.0001610460
0025 006003 -28101471.30941 0.0001512224
0026 006183 -28097467.00871 0.0001424943
0027 006362 -28093681.83769 0.0001347157
0028 006542 -28090092.62179 0.0001277588
0029 006722 -28086679.47461 0.0001215072
0030 006901 -28083425.73804 0.0001158463
0031 007081 -28080318.57087 0.0001106406
0032 007250 -28077349.35654 0.0001057401
0033 007413 -28074512.18256 0.0001010485
0034 007528 -28071802.15573 0.0000965298
0035 007699 -28069214.65507 0.0000921744
0036 007865 -28066744.97887 0.0000879852
0037 008004 -28064388.45059 0.0000839616
0038 008177 -28062140.85153 0.0000800872
0039 008356 -28059998.80155 0.0000763324
0040 008535 -28057959.69370 0.0000726696
0041 008714 -28056021.09146 0.0000690928
0042 008893 -28054180.34230 0.0000656098
0043 009072 -28052434.65594 0.0000622255
0044 009251 -28050781.36461 0.0000589358
0045 009430 -28049217.91396 0.0000557364
0046 009568 -28047741.16675 0.0000526484
0047 009747 -28046346.71583 0.0000497170
0048 009926 -28045029.02849 0.0000469825
0049 010105 -28043782.29907 0.0000444546
0050 010284 -28042601.73176 0.0000420973
0051 010463 -28041484.06462 0.0000398560
0052 010642 -28040426.43676 0.0000377165
0053 010820 -28039425.60088 0.0000356926
0054 010973 -28038477.94382 0.0000337973
0055 011074 -28037579.73313 0.0000320349
0056 011171 -28036727.47001 0.0000303972
0057 011269 -28035918.65883 0.0000288483
0058 011382 -28035152.04729 0.0000273439
0059 011498 -28034427.08980 0.0000258589
0060 011600 -28033743.26143 0.0000243925
0061 011758 -28033099.77905 0.0000229539
0062 011938 -28032496.59409 0.0000215169
0063 012084 -28031932.95525 0.0000201066
0064 012182 -28031406.78755 0.0000187703
0065 012279 -28030915.64436 0.0000175212
0066 012376 -28030457.12853 0.0000163575
0067 012489 -28030029.80326 0.0000152450
0068 012662 -28029632.52576 0.0000141733
0069 012802 -28029263.17960 0.0000131770
0070 012938 -28028919.38697 0.0000122655
0071 013035 -28028598.76118 0.0000114391
0072 013146 -28028298.98224 0.0000106955
0073 013243 -28028017.97300 0.0000100259
0074 013339 -28027754.21897 0.0000094104
Start evaluating ...
  Columns 1 through 7

    0.0802    0.0972    0.1042    0.1083    0.1115    0.1140    0.1162

  Columns 8 through 10

    0.1186    0.1206    0.1224

    0.0186

Elapsed time is 13412.867761 seconds.
