nohup: ignoring input

                            < M A T L A B (R) >
                  Copyright 1984-2016 The MathWorks, Inc.
                   R2016a (9.0.0.341360) 64-bit (glnxa64)
                             February 11, 2016

 
To get started, type one of these: helpwin, helpdesk, or demo.
For product information, visit www.mathworks.com.
 

	Academic License

Start learning ...
Init data [Dtype: delicious - Dspec: sp2/0550]
Init social model
Using adagrad ...
Params [lbd-U: 0.1000|lbd-V: 1.0000|lbd-N: 0.1000|lbd-Q: 0.1000]
Staring Sample 2 - Loc: save/ctr/delicious-alg80-sp2-cold20170224185120703 
CTR(chongwang) Running ...

iter time likelihood:[r:u:v] converge
0001 000066 -2300.00000:[0.00000:0.00000:0.00000] 1.0000000000
0002 000128 -1612.96905:[1481.81995:-61.64407:-405.77326] 0.2987091070
0003 000188 -895.06213:[3339.21164:-267.06425:-360.20376] 0.4450841245
0004 000249 -880.31214:[3427.05232:-296.45867:-336.09780] 0.0164792987
0005 000313 -874.21838:[3462.16235:-309.06865:-324.49643] 0.0069222757
0006 000378 -870.04079:[3478.36458:-314.36143:-318.28195] 0.0047786476
0007 000434 -866.68827:[3486.63704:-316.48599:-314.52513] 0.0038532998
0008 000489 -863.90280:[3491.30520:-317.25459:-311.99235] 0.0032139172
0009 000545 -861.59639:[3494.19348:-317.45230:-310.15581] 0.0026697524
0010 000601 -859.71347:[3496.11783:-317.42173:-308.77224] 0.0021853908
0011 000656 -858.20221:[3497.46858:-317.31339:-307.71469] 0.0017578639
0012 000712 -857.01148:[3498.44748:-317.19271:-306.90659] 0.0013874711
0013 000767 -856.09227:[3499.16830:-317.08672:-306.29526] 0.0010725732
0014 000823 -855.40005:[3499.70051:-317.00490:-305.84152] 0.0008085803
0015 000878 -854.89589:[3500.08959:-316.94878:-305.51496] 0.0005893920
0016 000933 -854.54650:[3500.36721:-316.91651:-305.29139] 0.0004086853
0017 000978 -854.32386:[3500.55660:-316.90500:-305.15132] 0.0002605423
0018 001011 -854.20451:[3500.67542:-316.91092:-305.07885] 0.0001396981
0019 001043 -854.16898:[3500.73749:-316.93109:-305.06103] 0.0000415979
0020 001076 -854.20112:[3500.75381:-316.96270:-305.08720] 0.0000376348
0021 001109 -854.28762:[3500.73327:-317.00335:-305.14863] 0.0001012588
0022 001142 -854.41745:[3500.68310:-317.05098:-305.23815] 0.0001519802
0023 001189 -854.58151:[3500.60927:-317.10391:-305.34981] 0.0001920135
0024 001273 -854.77221:[3500.51673:-317.16071:-305.47867] 0.0002231486
0025 001354 -854.98319:[3500.40968:-317.22023:-305.62058] 0.0002468248
0026 001437 -855.20909:[3500.29165:-317.28147:-305.77205] 0.0002642122
0027 001517 -855.44537:[3500.16566:-317.34364:-305.93011] 0.0002762843
0028 001598 -855.68820:[3500.03429:-317.40606:-306.09224] 0.0002838660
0029 001677 -855.93435:[3499.89969:-317.46816:-306.25633] 0.0002876608
0030 001758 -856.18109:[3499.76368:-317.52947:-306.42060] 0.0002882759
0031 001847 -856.42617:[3499.62778:-317.58961:-306.58357] 0.0002862420
0032 001925 -856.66770:[3499.49325:-317.64826:-306.74402] 0.0002820160
0033 002003 -856.90411:[3499.36115:-317.70517:-306.90093] 0.0002759698
0034 002079 -857.13409:[3499.23238:-317.76013:-307.05345] 0.0002683891
0035 002154 -857.35651:[3499.10774:-317.81300:-307.20084] 0.0002594923
0036 002228 -857.57039:[3498.98794:-317.86364:-307.34245] 0.0002494611
0037 002304 -857.77488:[3498.87358:-317.91195:-307.47773] 0.0002384560
0038 002378 -857.96928:[3498.76520:-317.95786:-307.60620] 0.0002266263
0039 002449 -858.15299:[3498.66321:-318.00129:-307.72749] 0.0002141302
0040 002522 -858.32561:[3498.56790:-318.04221:-307.84131] 0.0002011507
0041 002594 -858.48687:[3498.47944:-318.08059:-307.94749] 0.0001878780
0042 002659 -858.63665:[3498.39790:-318.11641:-308.04598] 0.0001744670
0043 002724 -858.77495:[3498.32328:-318.14971:-308.13677] 0.0001610670
0044 002793 -858.90186:[3498.25551:-318.18050:-308.21995] 0.0001477868
0045 002857 -859.01754:[3498.19451:-318.20885:-308.29561] 0.0001346777
0046 002923 -859.12216:[3498.14018:-318.23481:-308.36388] 0.0001217889
0047 002992 -859.21599:[3498.09234:-318.25846:-308.42494] 0.0001092178
0048 003056 -859.29943:[3498.05071:-318.27985:-308.47906] 0.0000971098
0049 003120 -859.37299:[3498.01491:-318.29909:-308.52662] 0.0000856099
0050 003182 -859.43728:[3497.98453:-318.31628:-308.56803] 0.0000748059
0051 003242 -859.49289:[3497.95918:-318.33155:-308.60370] 0.0000647094
0052 003305 -859.54041:[3497.93851:-318.34502:-308.63401] 0.0000552818
0053 003366 -859.58035:[3497.92221:-318.35681:-308.65932] 0.0000464698
0054 003431 -859.61321:[3497.91000:-318.36704:-308.67993] 0.0000382248
0055 003497 -859.63943:[3497.90162:-318.37582:-308.69614] 0.0000305078
0056 003560 -859.65945:[3497.89682:-318.38323:-308.70824] 0.0000232918
0057 003624 -859.67369:[3497.89535:-318.38938:-308.71648] 0.0000165647
0058 003684 -859.68257:[3497.89694:-318.39434:-308.72117] 0.0000103293
0059 003746 -859.68653:[3497.90130:-318.39821:-308.72260] 0.0000045978
Start evaluating ...
  Columns 1 through 7

    0.0012    0.0017    0.0024    0.0031    0.0038    0.0044    0.0055

  Columns 8 through 10

    0.0064    0.0069    0.0076

   6.8649e-04

Elapsed time is 3846.493897 seconds.
