nohup: ignoring input

                            < M A T L A B (R) >
                  Copyright 1984-2016 The MathWorks, Inc.
                   R2016a (9.0.0.341360) 64-bit (glnxa64)
                             February 11, 2016

 
To get started, type one of these: helpwin, helpdesk, or demo.
For product information, visit www.mathworks.com.
 

	Academic License

Start learning ...
Init data [Dtype: delicious - Dspec: sp2/2550]
Init social model
Using adagrad ...
Params [lbd-U: 0.1000|lbd-V: 1.0000|lbd-N: 0.1000|lbd-Q: 0.0500]
Staring Sample 2 - Loc: save/ctrsmf/delicious-alg90-sp2-cold20170225193345780 
CTR-SMF Running ...

iter time likelihood converge
0001 000298 -30060582.54516 1.0000000000
0002 000590 -29300401.31000 0.0252883068
0003 000877 -28669817.31093 0.0215213434
0004 001179 -28483620.16819 0.0064945354
0005 001447 -28397685.85940 0.0030169729
0006 001715 -28337840.84247 0.0021073906
0007 001982 -28296031.31628 0.0014753956
0008 002252 -28266655.78564 0.0010381502
0009 002520 -28244108.19279 0.0007976746
0010 002791 -28225614.21275 0.0006547907
0011 003062 -28209785.32874 0.0005607986
0012 003331 -28195937.76862 0.0004908779
0013 003596 -28183677.37924 0.0004348282
0014 003869 -28172732.92270 0.0003883261
0015 004112 -28162899.50597 0.0003490402
0016 004329 -28154015.16385 0.0003154626
0017 004529 -28145947.60129 0.0002865510
0018 004716 -28138586.52341 0.0002615324
0019 004898 -28131839.18510 0.0002397895
0020 005063 -28125627.15460 0.0002208185
0021 005244 -28119883.61936 0.0002042100
0022 005423 -28114551.19969 0.0001896316
0023 005605 -28109580.30197 0.0001768087
0024 005784 -28104928.09853 0.0001655024
0025 005964 -28100557.83145 0.0001554982
0026 006143 -28096437.86068 0.0001466153
0027 006322 -28092540.80942 0.0001387027
0028 006501 -28088843.32880 0.0001316179
0029 006680 -28085326.07058 0.0001252190
0030 006859 -28081973.56941 0.0001193684
0031 007039 -28078774.34133 0.0001139246
0032 007218 -28075720.56646 0.0001087574
0033 007397 -28072806.45628 0.0001037947
0034 007576 -28070027.00761 0.0000990086
0035 007757 -28067377.22186 0.0000943991
0036 007937 -28064851.25632 0.0000899965
0037 008117 -28062442.03938 0.0000858446
0038 008251 -28060141.77615 0.0000819695
0039 008377 -28057943.29277 0.0000783490
0040 008474 -28055841.06781 0.0000749244
0041 008572 -28053831.10671 0.0000716414
0042 008681 -28051910.74858 0.0000684526
0043 008844 -28050078.66090 0.0000653106
0044 009023 -28048334.51929 0.0000621796
0045 009202 -28046678.12389 0.0000590550
0046 009381 -28045108.29124 0.0000559721
0047 009561 -28043622.39877 0.0000529822
0048 009740 -28042216.50649 0.0000501323
0049 009908 -28040886.12620 0.0000474421
0050 010026 -28039627.55764 0.0000448833
0051 010123 -28038438.48795 0.0000424068
0052 010219 -28037317.21146 0.0000399907
0053 010316 -28036261.68963 0.0000376470
0054 010438 -28035269.16085 0.0000354016
0055 010577 -28034336.35577 0.0000332726
0056 010675 -28033460.44222 0.0000312443
0057 010804 -28032640.09266 0.0000292632
0058 010922 -28031875.36923 0.0000272798
0059 011050 -28031166.11111 0.0000253018
0060 011229 -28030510.39001 0.0000233926
0061 011363 -28029904.42045 0.0000216182
0062 011479 -28029344.02554 0.0000199928
0063 011620 -28028824.32216 0.0000185414
0064 011725 -28028339.96508 0.0000172807
0065 011821 -28027886.44566 0.0000161807
0066 011918 -28027460.48604 0.0000151977
0067 012014 -28027060.61333 0.0000142672
0068 012168 -28026686.14469 0.0000133610
0069 012347 -28026336.04043 0.0000124918
0070 012472 -28026009.06662 0.0000116667
0071 012571 -28025703.45066 0.0000109047
0072 012700 -28025417.15329 0.0000102155
0073 012804 -28025148.16317 0.0000095981
Start evaluating ...
  Columns 1 through 7

    0.0753    0.0907    0.0963    0.0998    0.1016    0.1033    0.1046

  Columns 8 through 10

    0.1053    0.1060    0.1065

    0.0169

Elapsed time is 12901.968404 seconds.
