nohup: ignoring input

                            < M A T L A B (R) >
                  Copyright 1984-2016 The MathWorks, Inc.
                   R2016a (9.0.0.341360) 64-bit (glnxa64)
                             February 11, 2016

 
To get started, type one of these: helpwin, helpdesk, or demo.
For product information, visit www.mathworks.com.
 

	Academic License

Start learning ...
Init data [Dtype: delicious - Dspec: sp2/5050]
Init social model
Using adagrad ...
Params [lbd-U: 1.0000|lbd-V: 100.0000|lbd-N: 1.0000|lbd-Q: 0.0100]
Staring Sample 2 - Loc: save/ctrsmf/delicious-alg90-sp2-cold20170226203645988 
CTR-SMF Running ...

iter time likelihood converge
0001 000502 -44450717.66247 1.0000000000
0002 001038 -43353095.47419 0.0246930139
0003 001566 -42419893.58808 0.0215256114
0004 002089 -42148174.43321 0.0064054653
0005 002612 -42026493.02318 0.0028869912
0006 003144 -41943937.67700 0.0019643644
0007 003682 -41885801.34600 0.0013860485
0008 004223 -41843890.45611 0.0010005990
0009 004764 -41811081.97445 0.0007840686
0010 005301 -41783841.14472 0.0006515218
0011 005842 -41760376.83018 0.0005615643
0012 006383 -41739768.99720 0.0004934781
0013 006925 -41721470.94117 0.0004383842
0014 007469 -41705099.01677 0.0003924100
0015 008005 -41690360.59704 0.0003533961
0016 008548 -41677023.32262 0.0003199127
0017 009086 -41664897.06544 0.0002909579
0018 009631 -41653823.27537 0.0002657822
0019 010174 -41643668.87044 0.0002437809
0020 010710 -41634321.76714 0.0002244544
0021 011248 -41625686.77296 0.0002074009
0022 011795 -41617681.90849 0.0001923059
0023 012327 -41610235.51872 0.0001789237
0024 012870 -41603284.39805 0.0001670531
0025 013405 -41596773.01856 0.0001565112
0026 013925 -41590653.14300 0.0001471238
0027 014453 -41584882.72697 0.0001387431
0028 014990 -41579425.05270 0.0001312418
0029 015519 -41574248.65057 0.0001244943
0030 016051 -41569327.31435 0.0001183746
0031 016582 -41564639.80171 0.0001127637
0032 017098 -41560169.05276 0.0001075614
0033 017615 -41555900.98287 0.0001026962
0034 018136 -41551823.67298 0.0000981163
0035 018648 -41547927.81932 0.0000937589
0036 019159 -41544207.86494 0.0000895341
0037 019666 -41540661.84742 0.0000853553
0038 020174 -41537289.01467 0.0000811935
0039 020674 -41534086.98228 0.0000770881
0040 021184 -41531050.17236 0.0000731161
0041 021691 -41528170.24751 0.0000693439
0042 022183 -41525438.92503 0.0000657704
0043 022670 -41522850.17374 0.0000623413
0044 023162 -41520399.01436 0.0000590316
0045 023654 -41518080.41541 0.0000558424
0046 024144 -41515888.90774 0.0000527844
0047 024635 -41513818.26519 0.0000498759
0048 025125 -41511862.05224 0.0000471220
0049 025614 -41510014.48237 0.0000445070
0050 026102 -41508271.24009 0.0000419957
0051 026590 -41506629.17830 0.0000395599
0052 027078 -41505084.28191 0.0000372205
0053 027551 -41503631.06514 0.0000350130
0054 027976 -41502262.86845 0.0000329657
0055 028401 -41500972.09907 0.0000311012
0056 028828 -41499750.99657 0.0000294235
0057 029226 -41498592.51542 0.0000279154
0058 029630 -41497491.26869 0.0000265370
0059 030038 -41496444.72697 0.0000252194
0060 030442 -41495453.44079 0.0000238885
0061 030848 -41494519.73277 0.0000225015
0062 031257 -41493645.23781 0.0000210750
0063 031662 -41492829.30790 0.0000196640
0064 032066 -41492069.45462 0.0000183129
0065 032469 -41491362.88604 0.0000170290
0066 032855 -41490705.25472 0.0000158498
0067 033239 -41490091.78851 0.0000147856
0068 033622 -41489518.69790 0.0000138127
0069 034013 -41488980.89448 0.0000129624
0070 034399 -41488472.86058 0.0000122450
0071 034784 -41487989.87140 0.0000116415
0072 035171 -41487527.93967 0.0000111341
0073 035560 -41487084.04898 0.0000106994
0074 035949 -41486656.56865 0.0000103039
0075 036340 -41486244.91429 0.0000099226
Start evaluating ...
  Columns 1 through 7

    0.0022    0.0052    0.0072    0.0087    0.0108    0.0124    0.0136

  Columns 8 through 10

    0.0150    0.0162    0.0178

   7.1287e-04

Elapsed time is 36491.473800 seconds.
