nohup: ignoring input

                            < M A T L A B (R) >
                  Copyright 1984-2016 The MathWorks, Inc.
                   R2016a (9.0.0.341360) 64-bit (glnxa64)
                             February 11, 2016

 
To get started, type one of these: helpwin, helpdesk, or demo.
For product information, visit www.mathworks.com.
 

	Academic License

Start learning ...
Init data [Dtype: delicious - Dspec: sp2/1050]
Init social model
Using adagrad ...
Could not use CUDA
Params [lbd-U: 1.0000|lbd-V: 10.0000|lbd-N: 1.0000|lbd-Q: 0.1000]
Staring Sample 2 - Loc: save/ctrsmf/delicious-alg90-sp2-cold20170224205545460 
CTR-SMF Running ...

iter time likelihood converge
0001 000100 -11674000.54118 1.0000000000
0002 000199 -11353751.39273 0.0274326823
0003 000312 -11109462.22002 0.0215161636
0004 000419 -11035464.20092 0.0066608102
0005 000539 -10999018.25325 0.0033026203
0006 000661 -10971684.55157 0.0024851038
0007 000781 -10952811.38564 0.0017201703
0008 000896 -10940458.48274 0.0011278294
0009 001013 -10931523.46243 0.0008166952
0010 001116 -10924477.89400 0.0006445184
0011 001231 -10918574.26068 0.0005404042
0012 001342 -10913476.02170 0.0004669327
0013 001458 -10909006.86635 0.0004095080
0014 001579 -10905052.12418 0.0003625208
0015 001700 -10901527.39322 0.0003232200
0016 001819 -10898366.60039 0.0002899404
0017 001937 -10895515.92840 0.0002615687
0018 002055 -10892930.80430 0.0002372650
0019 002172 -10890573.95919 0.0002163646
0020 002286 -10888414.03798 0.0001983294
0021 002401 -10886424.65409 0.0001827065
0022 002519 -10884583.80484 0.0001690959
0023 002630 -10882873.16187 0.0001571620
0024 002746 -10881276.97388 0.0001466697
0025 002857 -10879781.40874 0.0001374439
0026 002971 -10878374.40043 0.0001293232
0027 003081 -10877045.66641 0.0001221445
0028 003191 -10875786.71940 0.0001157435
0029 003308 -10874590.61827 0.0001099784
0030 003428 -10873451.46596 0.0001047536
0031 003541 -10872364.00620 0.0001000105
0032 003655 -10871323.47323 0.0000957044
0033 003773 -10870325.64159 0.0000917857
0034 003885 -10869366.92169 0.0000881961
0035 004001 -10868444.24114 0.0000848882
0036 004116 -10867555.08550 0.0000818108
0037 004236 -10866697.73979 0.0000788904
0038 004350 -10865871.32609 0.0000760501
0039 004467 -10865075.68989 0.0000732234
0040 004581 -10864311.50580 0.0000703340
0041 004695 -10863580.57062 0.0000672786
0042 004803 -10862884.95600 0.0000640318
0043 004918 -10862225.84196 0.0000606758
0044 005036 -10861603.49677 0.0000572944
0045 005154 -10861017.21554 0.0000539774
0046 005269 -10860465.34226 0.0000508123
0047 005378 -10859945.68948 0.0000478481
0048 005490 -10859456.14725 0.0000450778
0049 005603 -10858994.98752 0.0000424662
0050 005717 -10858560.82449 0.0000399819
0051 005826 -10858152.71142 0.0000375845
0052 005937 -10857770.12800 0.0000352347
0053 006045 -10857412.63584 0.0000329250
0054 006156 -10857079.55602 0.0000306776
0055 006269 -10856769.94431 0.0000285170
0056 006380 -10856482.72044 0.0000264557
0057 006501 -10856216.70847 0.0000245026
0058 006615 -10855970.69383 0.0000226612
0059 006729 -10855743.44719 0.0000209329
0060 006843 -10855533.66233 0.0000193248
0061 006957 -10855339.91422 0.0000178479
0062 007071 -10855160.72374 0.0000165071
0063 007189 -10854994.67377 0.0000152969
0064 007302 -10854840.42535 0.0000142099
0065 007416 -10854696.62793 0.0000132473
0066 007527 -10854561.90270 0.0000124117
0067 007648 -10854435.20567 0.0000116722
0068 007760 -10854316.06267 0.0000109764
0069 007865 -10854204.09713 0.0000103153
0070 007953 -10854099.03805 0.0000096791
Start evaluating ...
  Columns 1 through 7

    0.0080    0.0114    0.0131    0.0146    0.0157    0.0166    0.0173

  Columns 8 through 10

    0.0183    0.0192    0.0200

    0.0026

Elapsed time is 8029.887623 seconds.
