nohup: ignoring input

                            < M A T L A B (R) >
                  Copyright 1984-2016 The MathWorks, Inc.
                   R2016a (9.0.0.341360) 64-bit (glnxa64)
                             February 11, 2016

 
To get started, type one of these: helpwin, helpdesk, or demo.
For product information, visit www.mathworks.com.
 

	Academic License

Start learning ...
Init data [Dtype: delicious - Dspec: sp2/5050]
Init social model
Using adagrad ...
Load pretrained shallow-model...
Could not use CUDA
Params [lbd-U: 10.0000|lbd-V: 0.1000|lbd-N: 10.0000|lbd-Q: 0.0100]
Staring Sample 2 - Loc: save/bcdl/delicious-alg61-sp2-cold20170227105047407 
CTR(chongwang)-DAE(User graph) Running - Walks(1)...
-1/200: 4382115.771827/24305.961290/4357809.810537/1.000000000
-2/200: 4360360.097612/8690.636564/4351669.461048/0.004964651
-3/200: 4359893.781017/8027.597807/4351866.183210/0.000106945
-4/200: 4359834.610867/7937.100995/4351897.509872/0.000013571
-5/200: 4359691.088327/7904.205725/4351786.882602/0.000032919
-6/200: 4359679.080346/7885.293487/4351793.786859/0.000002754
-7/200: 4359890.033463/7872.214961/4352017.818502/0.000048387
-8/200: 4359928.286441/7862.517953/4352065.768488/0.000008774
-9/200: 4359887.518257/7855.111845/4352032.406412/0.000009351
-10/200: 4359918.895902/7849.324299/4352069.571603/0.000007197
-11/200: 4359843.828758/7844.771393/4351999.057365/0.000017218
-12/200: 4359778.408663/7841.198242/4351937.210421/0.000015005
-13/200: 4359898.462859/7838.375414/4352060.087445/0.000027537
-14/200: 4359958.084986/7836.159979/4352121.925007/0.000013675
-15/200: 4359870.554495/7834.463121/4352036.091374/0.000020076
-16/200: 4359878.381581/7833.149793/4352045.231788/0.000001795
-17/200: 4359960.001260/7832.163991/4352127.837269/0.000018721
-18/200: 4360102.107299/7831.445137/4352270.662162/0.000032593
-19/200: 4360008.081374/7830.976252/4352177.105122/0.000021565
-20/200: 4360046.196892/7830.693404/4352215.503488/0.000008742
-21/200: 4359924.338665/7830.597229/4352093.741436/0.000027949
-22/200: 4360076.699070/7830.629516/4352246.069554/0.000034946
-23/200: 4360129.757687/7830.789484/4352298.968203/0.000012169
-24/200: 4360196.996731/7831.049783/4352365.946948/0.000015421
-25/200: 4360087.655705/7831.411004/4352256.244701/0.000025077
-26/200: 4360103.638703/7831.854183/4352271.784520/0.000003666
-27/200: 4360055.360086/7832.350533/4352223.009553/0.000011073
-28/200: 4360265.690406/7832.891722/4352432.798684/0.000048240
-29/200: 4360245.167340/7833.485911/4352411.681429/0.000004707
-30/200: 4360184.306337/7834.131401/4352350.174936/0.000013958
-31/200: 4360184.068568/7834.792358/4352349.276210/0.000000055
-32/200: 4360266.644120/7835.495323/4352431.148797/0.000018939
-33/200: 4360028.790726/7836.221966/4352192.568760/0.000054550
-34/200: 4360268.248918/7836.971944/4352431.276974/0.000054921
-35/200: 4360083.498892/7837.731125/4352245.767767/0.000042371
-36/200: 4360236.450276/7838.512023/4352397.938253/0.000035080
-37/200: 4360257.487294/7839.302707/4352418.184587/0.000004825
-38/200: 4360211.068221/7840.098624/4352370.969597/0.000010646
-39/200: 4360278.737732/7840.907799/4352437.829933/0.000015520
-40/200: 4360246.713956/7841.719718/4352404.994238/0.000007344
-41/200: 4360384.600537/7842.544193/4352542.056344/0.000031624
-42/200: 4360404.231516/7843.366992/4352560.864524/0.000004502
-43/200: 4360374.759168/7844.188995/4352530.570173/0.000006759
-44/200: 4360395.496315/7844.998807/4352550.497508/0.000004756
-45/200: 4360375.224873/7845.813615/4352529.411258/0.000004649
-46/200: 4360373.334888/7846.634191/4352526.700697/0.000000433
-47/200: 4360445.399486/7847.441932/4352597.957554/0.000016527
-48/200: 4360440.003598/7848.254520/4352591.749078/0.000001237
-49/200: 4360332.235339/7849.061233/4352483.174106/0.000024715
-50/200: 4360381.578597/7849.862472/4352531.716125/0.000011316
-51/200: 4360385.814182/7850.655621/4352535.158561/0.000000971
-52/200: 4360535.155035/7851.437341/4352683.717694/0.000034249
-53/200: 4360386.059415/7852.225017/4352533.834398/0.000034192
-54/200: 4360458.093766/7853.013613/4352605.080153/0.000016520
-55/200: 4360450.032363/7853.783743/4352596.248620/0.000001849
-56/200: 4360451.933793/7854.548460/4352597.385333/0.000000436
-57/200: 4360492.639583/7855.322707/4352637.316876/0.000009335
-58/200: 4360547.123219/7856.087686/4352691.035533/0.000012495
-59/200: 4360517.585447/7856.845532/4352660.739915/0.000006774
-60/200: 4360531.308759/7857.586089/4352673.722670/0.000003147
-61/200: 4360452.870107/7858.323743/4352594.546364/0.000017988
-62/200: 4360594.508549/7859.056029/4352735.452520/0.000032483
-63/200: 4360526.682903/7859.783942/4352666.898961/0.000015554
-64/200: 4360672.414977/7860.498493/4352811.916484/0.000033421
-65/200: 4360677.433766/7861.216632/4352816.217134/0.000001151
-66/200: 4360662.568312/7861.930236/4352800.638076/0.000003409
-67/200: 4360564.162238/7862.635519/4352701.526719/0.000022567
-68/200: 4360576.166938/7863.327665/4352712.839273/0.000002753
-69/200: 4360601.128254/7864.014794/4352737.113460/0.000005724
-70/200: 4360595.380767/7864.690742/4352730.690025/0.000001318
-71/200: 4360692.520686/7865.365326/4352827.155360/0.000022277
-72/200: 4360643.849456/7866.025063/4352777.824393/0.000011161
-73/200: 4360748.812279/7866.685860/4352882.126419/0.000024070
-74/200: 4360705.292318/7867.339466/4352837.952852/0.000009980
-75/200: 4360671.252299/7867.985828/4352803.266471/0.000007806
-76/200: 4360770.969582/7868.623866/4352902.345716/0.000022867
-77/200: 4360791.087155/7869.256645/4352921.830510/0.000004613
-78/200: 4360789.992084/7869.875149/4352920.116935/0.000000251
-79/200: 4360687.231855/7870.494119/4352816.737736/0.000023565
-80/200: 4360704.334307/7871.099850/4352833.234457/0.000003922
-81/200: 4360762.234151/7871.699446/4352890.534705/0.000013278
-82/200: 4360835.311790/7872.294082/4352963.017708/0.000016758
-83/200: 4360770.010152/7872.885064/4352897.125088/0.000014975
-84/200: 4360753.501922/7873.462381/4352880.039541/0.000003786
-85/200: 4360824.705296/7874.036028/4352950.669268/0.000016328
-86/200: 4360829.580244/7874.598475/4352954.981769/0.000001118
-87/200: 4360841.780786/7875.159789/4352966.620997/0.000002798
-88/200: 4360881.819699/7875.715329/4353006.104370/0.000009181
-89/200: 4360846.218388/7876.263014/4352969.955374/0.000008164
-90/200: 4360882.038806/7876.803503/4353005.235303/0.000008214
-91/200: 4360874.265855/7877.332649/4352996.933206/0.000001782
-92/200: 4360915.769233/7877.858095/4353037.911138/0.000009517
-93/200: 4360893.794708/7878.375343/4353015.419365/0.000005039
-94/200: 4360964.389708/7878.886193/4353085.503515/0.000016188
-95/200: 4360937.828400/7879.391963/4353058.436437/0.000006091
-96/200: 4360898.608095/7879.896375/4353018.711720/0.000008994
-97/200: 4360946.657402/7880.395221/4353066.262181/0.000011018
-98/200: 4360978.434819/7880.883285/4353097.551534/0.000007287
-99/200: 4360992.454702/7881.368760/4353111.085942/0.000003215
Recall at EP-100 ...
  Columns 1 through 7

    0.1006    0.1384    0.1570    0.1699    0.1839    0.1974    0.2115

  Columns 8 through 10

    0.2235    0.2338    0.2419

Mrr at EP-100 ...
    0.0190

-100/200: 4360958.758108/7881.849224/4353076.908884/0.000007727
-101/200: 4360943.026526/7882.315978/4353060.710548/0.000003607
-102/200: 4360984.298559/7882.785465/4353101.513094/0.000009464
-103/200: 4361050.996472/7883.246603/4353167.749869/0.000015294
-104/200: 4360990.201774/7883.698880/4353106.502894/0.000013940
-105/200: 4361044.748670/7884.146092/4353160.602578/0.000012508
-106/200: 4361005.485580/7884.593462/4353120.892118/0.000009003
-107/200: 4361043.603840/7885.036828/4353158.567012/0.000008741
-108/200: 4361093.593838/7885.467967/4353208.125871/0.000011463
-109/200: 4361044.789527/7885.897157/4353158.892370/0.000011191
-110/200: 4361034.762851/7886.319065/4353148.443786/0.000002299
-111/200: 4361114.354261/7886.742673/4353227.611588/0.000018251
-112/200: 4361109.296475/7887.161760/4353222.134715/0.000001160
-113/200: 4361089.087599/7887.573991/4353201.513608/0.000004634
-114/200: 4361072.863543/7887.981174/4353184.882369/0.000003720
-115/200: 4361110.444799/7888.384348/4353222.060451/0.000008617
-116/200: 4361100.176221/7888.780346/4353211.395875/0.000002355
-117/200: 4361154.337736/7889.171282/4353265.166454/0.000012419
-118/200: 4361144.979177/7889.564716/4353255.414461/0.000002146
-119/200: 4361185.298808/7889.947460/4353295.351348/0.000009245
-120/200: 4361164.575551/7890.322026/4353274.253525/0.000004752
-121/200: 4361205.533260/7890.691346/4353314.841914/0.000009391
-122/200: 4361215.164400/7891.057118/4353324.107282/0.000002208
-123/200: 4361189.089394/7891.421256/4353297.668138/0.000005979
-124/200: 4361206.951833/7891.775365/4353315.176468/0.000004096
-125/200: 4361218.351831/7892.127328/4353326.224503/0.000002614
-126/200: 4361219.610227/7892.476744/4353327.133483/0.000000289
-127/200: 4361220.622343/7892.826400/4353327.795943/0.000000232
-128/200: 4361224.966220/7893.168195/4353331.798025/0.000000996
-129/200: 4361229.687446/7893.500452/4353336.186994/0.000001083
-130/200: 4361290.276897/7893.831849/4353396.445048/0.000013893
-131/200: 4361237.467133/7894.161040/4353343.306093/0.000012109
-132/200: 4361289.592084/7894.488802/4353395.103282/0.000011952
-133/200: 4361304.395367/7894.813039/4353409.582328/0.000003394
-134/200: 4361347.131494/7895.131736/4353451.999758/0.000009799
-135/200: 4361272.491310/7895.445253/4353377.046057/0.000017114
-136/200: 4361295.564769/7895.750372/4353399.814397/0.000005291
-137/200: 4361355.084193/7896.055183/4353459.029010/0.000013647
-138/200: 4361339.936806/7896.354160/4353443.582646/0.000003473
-139/200: 4361329.083179/7896.647443/4353432.435736/0.000002489
-140/200: 4361365.095208/7896.941324/4353468.153884/0.000008257
-141/200: 4361376.934544/7897.234152/4353479.700392/0.000002715
-142/200: 4361351.354875/7897.519101/4353453.835774/0.000005865
-143/200: 4361382.487448/7897.802160/4353484.685288/0.000007138
-144/200: 4361398.309695/7898.080183/4353500.229512/0.000003628
-145/200: 4361420.988090/7898.357626/4353522.630464/0.000005200
-146/200: 4361411.682314/7898.628211/4353513.054103/0.000002134
-147/200: 4361426.182632/7898.893013/4353527.289619/0.000003325
-148/200: 4361394.833903/7899.156420/4353495.677483/0.000007188
-149/200: 4361431.221573/7899.413899/4353531.807674/0.000008343
-150/200: 4361448.260353/7899.672568/4353548.587785/0.000003907
-151/200: 4361456.490509/7899.930052/4353556.560457/0.000001887
-152/200: 4361452.977134/7900.179993/4353552.797141/0.000000806
-153/200: 4361463.016439/7900.427360/4353562.589079/0.000002302
-154/200: 4361481.078668/7900.667023/4353580.411645/0.000004141
-155/200: 4361472.582887/7900.911116/4353571.671771/0.000001948
-156/200: 4361487.075804/7901.147091/4353585.928713/0.000003323
-157/200: 4361527.970689/7901.383244/4353626.587445/0.000009376
-158/200: 4361519.146550/7901.615280/4353617.531270/0.000002023
-159/200: 4361533.831881/7901.845662/4353631.986219/0.000003367
-160/200: 4361543.331995/7902.072766/4353641.259229/0.000002178
-161/200: 4361510.409427/7902.293279/4353608.116148/0.000007548
-162/200: 4361532.679901/7902.511945/4353630.167956/0.000005106
-163/200: 4361577.761969/7902.729239/4353675.032730/0.000010336
-164/200: 4361545.975793/7902.943189/4353643.032604/0.000007288
-165/200: 4361593.654834/7903.156672/4353690.498162/0.000010932
-166/200: 4361578.923580/7903.365552/4353675.558028/0.000003377
-167/200: 4361577.842200/7903.570054/4353674.272146/0.000000248
-168/200: 4361606.137531/7903.772953/4353702.364578/0.000006487
-169/200: 4361600.724895/7903.972183/4353696.752712/0.000001241
-170/200: 4361618.545797/7904.169758/4353714.376039/0.000004086
-171/200: 4361617.033800/7904.367982/4353712.665818/0.000000347
-172/200: 4361647.642838/7904.558602/4353743.084236/0.000007018
-173/200: 4361621.661240/7904.749326/4353716.911914/0.000005957
-174/200: 4361688.700673/7904.938832/4353783.761841/0.000015370
-175/200: 4361641.988312/7905.124342/4353736.863970/0.000010710
-176/200: 4361684.943065/7905.309072/4353779.633993/0.000009848
-177/200: 4361706.935750/7905.490287/4353801.445463/0.000005042
-178/200: 4361691.106531/7905.668424/4353785.438107/0.000003629
-179/200: 4361697.595580/7905.845223/4353791.750357/0.000001488
-180/200: 4361681.969057/7906.019381/4353775.949676/0.000003583
-181/200: 4361730.798493/7906.191431/4353824.607062/0.000011195
-182/200: 4361722.165032/7906.358877/4353815.806155/0.000001979
-183/200: 4361745.022393/7906.527251/4353838.495142/0.000005240
-184/200: 4361756.797665/7906.695210/4353850.102455/0.000002700
-185/200: 4361771.177949/7906.859449/4353864.318500/0.000003297
-186/200: 4361758.890011/7907.019525/4353851.870486/0.000002817
-187/200: 4361760.997525/7907.177514/4353853.820011/0.000000483
-188/200: 4361786.937765/7907.335469/4353879.602296/0.000005947
-189/200: 4361801.948178/7907.490122/4353894.458056/0.000003441
-190/200: 4361798.751816/7907.643981/4353891.107835/0.000000733
-191/200: 4361815.683987/7907.796292/4353907.887695/0.000003882
-192/200: 4361830.358065/7907.944749/4353922.413316/0.000003364
-193/200: 4361823.617282/7908.091770/4353915.525512/0.000001545
-194/200: 4361825.839534/7908.238127/4353917.601407/0.000000509
-195/200: 4361849.215306/7908.384054/4353940.831252/0.000005359
-196/200: 4361835.514824/7908.522477/4353926.992347/0.000003141
-197/200: 4361842.003370/7908.659635/4353933.343735/0.000001488
-198/200: 4361828.334626/7908.794586/4353919.540040/0.000003134
-199/200: 4361883.248771/7908.930439/4353974.318332/0.000012590
-200/200: 4361856.715548/7909.040450/4353947.675098/0.000006083
Start evaluating ...
  Columns 1 through 7

    0.0976    0.1360    0.1541    0.1670    0.1807    0.1944    0.2078

  Columns 8 through 10

    0.2199    0.2292    0.2375

    0.0187

Elapsed time is 55458.110791 seconds.
