nohup: ignoring input

                            < M A T L A B (R) >
                  Copyright 1984-2016 The MathWorks, Inc.
                   R2016a (9.0.0.341360) 64-bit (glnxa64)
                             February 11, 2016

 
To get started, type one of these: helpwin, helpdesk, or demo.
For product information, visit www.mathworks.com.
 

	Academic License

Start learning ...
Init data [Dtype: delicious - Dspec: sp2/5050]
Init social model
Using adagrad ...
Params [lbd-U: 0.0100|lbd-V: 100.0000|lbd-N: 0.0100|lbd-Q: 0.0100]
Staring Sample 2 - Loc: save/ctr/delicious-alg80-sp2-cold20170226164406993 
CTR(chongwang) Running ...

iter time likelihood:[r:u:v] converge
0001 000449 -22667.00000:[0.00000:0.00000:-0.00000] 1.0000000000
0002 000902 -10968.50365:[30024.70667:-1467.20021:-3891.44197] 0.5161025433
0003 001345 -9708.83584:[32017.23701:-1883.22334:-3739.69222] 0.1148440887
0004 001778 -9119.71664:[32978.98400:-2018.57770:-3422.64092] 0.0606786659
0005 002217 -8733.46387:[33561.19377:-2100.11133:-3193.33858] 0.0423535932
0006 002631 -8464.26237:[33939.96333:-2157.78512:-3035.49873] 0.0308241381
0007 003041 -8271.16318:[34203.64010:-2204.34348:-2926.69140] 0.0228134701
0008 003460 -8130.44333:[34396.18873:-2245.37827:-2851.58619] 0.0170133084
0009 003882 -8026.58330:[34542.40930:-2283.41405:-2799.63434] 0.0127742139
0010 004318 -7948.89109:[34657.30227:-2319.50651:-2763.56379] 0.0096793632
0011 004732 -7889.92019:[34750.27407:-2354.03210:-2738.41221] 0.0074187574
0012 005122 -7844.49911:[34827.36297:-2387.08239:-2720.82760] 0.0057568490
0013 005489 -7809.04173:[34892.53256:-2418.64930:-2708.55605] 0.0045200314
0014 005812 -7781.05142:[34948.45645:-2448.70545:-2700.07751] 0.0035843465
0015 006105 -7758.77117:[34996.99602:-2477.23364:-2694.35607] 0.0028633990
0016 006381 -7740.94387:[35039.49139:-2504.23407:-2690.67429] 0.0022976964
0017 006666 -7726.65193:[35076.93980:-2529.72314:-2688.52547] 0.0018462786
0018 006942 -7715.21073:[35110.10650:-2553.72986:-2687.54392] 0.0014807447
0019 007219 -7706.09720:[35139.59545:-2576.29207:-2687.45918] 0.0011812415
0020 007494 -7698.90126:[35165.89569:-2597.45339:-2688.06560] 0.0009337983
0021 007773 -7693.29265:[35189.41231:-2617.26094:-2689.20197] 0.0007284944
0022 008045 -7688.99871:[35210.48731:-2635.76387:-2690.73825] 0.0005581406
0023 008310 -7685.78996:[35229.41345:-2653.01237:-2692.56722] 0.0004173176
0024 008572 -7683.47091:[35246.44371:-2669.05715:-2694.59933] 0.0003017316
0025 008833 -7681.87386:[35261.79815:-2683.94897:-2696.75922] 0.0002078554
0026 009103 -7680.85413:[35275.66918:-2697.73835:-2698.98324] 0.0001327456
0027 009363 -7680.28634:[35288.22588:-2710.47530:-2701.21749] 0.0000739229
0028 009606 -7680.06159:[35299.61748:-2722.20925:-2703.41639] 0.0000292627
0029 009859 -7680.08539:[35309.97612:-2732.98905:-2705.54157] 0.0000030994
Start evaluating ...
  Columns 1 through 7

    0.1065    0.1409    0.1542    0.1589    0.1615    0.1634    0.1652

  Columns 8 through 10

    0.1666    0.1676    0.1689

    0.0223

Elapsed time is 9971.798487 seconds.
