nohup: ignoring input

                            < M A T L A B (R) >
                  Copyright 1984-2016 The MathWorks, Inc.
                   R2016a (9.0.0.341360) 64-bit (glnxa64)
                             February 11, 2016

 
To get started, type one of these: helpwin, helpdesk, or demo.
For product information, visit www.mathworks.com.
 

	Academic License

Start learning ...
Init data [Dtype: delicious - Dspec: sp2/5050]
Init social model
Using adagrad ...
Params [lbd-U: 1.0000|lbd-V: 10.0000|lbd-N: 1.0000|lbd-Q: 0.0100]
Staring Sample 2 - Loc: save/ctr/delicious-alg80-sp2-cold20170226164406061 
CTR(chongwang) Running ...

iter time likelihood:[r:u:v] converge
0001 000449 -22667.00000:[0.00000:0.00000:-0.00000] 1.0000000000
0002 000901 -21145.84232:[3449.75975:-411.88380:-236.79299] 0.0671089107
0003 001346 -20241.55110:[5915.83394:-777.00207:-1246.77132] 0.0427644929
0004 001792 -17929.19989:[14735.08456:-2848.21152:-3645.31662] 0.1142378465
0005 002230 -17396.64954:[18884.84769:-4402.86641:-4314.29931] 0.0297029623
0006 002647 -17330.46490:[19472.34294:-4636.61415:-4427.32859] 0.0038044477
0007 003044 -17296.07153:[19634.72660:-4684.41028:-4457.61859] 0.0019845613
0008 003428 -17272.17779:[19717.53896:-4701.55833:-4470.32396] 0.0013814545
0009 003815 -17255.22431:[19770.60814:-4710.01394:-4477.80258] 0.0009815485
0010 004183 -17243.45924:[19807.48370:-4714.89996:-4483.33883] 0.0006818266
0011 004550 -17235.64320:[19833.95515:-4717.96211:-4488.05802] 0.0004532758
0012 004910 -17230.82620:[19853.21894:-4719.96116:-4492.40110] 0.0002794787
0013 005273 -17228.27431:[19867.29311:-4721.28620:-4496.54824] 0.0001481003
0014 005625 -17227.42358:[19877.54556:-4722.15890:-4500.57048] 0.0000493802
0015 005920 -17227.84231:[19884.94230:-4722.71544:-4504.49139] 0.0000243064
0016 006203 -17229.20002:[19890.18411:-4723.04415:-4508.31393] 0.0000788089
0017 006479 -17231.24288:[19893.78949:-4723.20476:-4512.03261] 0.0001185695
0018 006746 -17233.77506:[19896.14821:-4723.23904:-4515.63912] 0.0001469529
0019 007010 -17236.64464:[19897.55721:-4723.17699:-4519.12491] 0.0001665094
0020 007273 -17239.73299:[19898.24562:-4723.04078:-4522.48227] 0.0001791732
0021 007534 -17242.94674:[19898.39238:-4722.84726:-4525.70479] 0.0001864154
0022 007795 -17246.21195:[19898.13897:-4722.60960:-4528.78737] 0.0001893650
0023 008052 -17249.46989:[19897.59820:-4722.33842:-4531.72630] 0.0001889077
0024 008312 -17252.67411:[19896.86042:-4722.04250:-4534.51919] 0.0001857572
0025 008563 -17255.78814:[19895.99808:-4721.72915:-4537.16488] 0.0001804959
0026 008820 -17258.78367:[19895.06918:-4721.40450:-4539.66329] 0.0001735954
0027 009074 -17261.63887:[19894.12015:-4721.07372:-4542.01515] 0.0001654347
0028 009336 -17264.33722:[19893.18801:-4720.74113:-4544.22191] 0.0001563207
0029 009589 -17266.86656:[19892.30210:-4720.41035:-4546.28566] 0.0001465068
0030 009830 -17269.21845:[19891.48541:-4720.08447:-4548.20911] 0.0001362078
0031 010068 -17271.38760:[19890.75562:-4719.76613:-4549.99555] 0.0001256079
0032 010303 -17273.37142:[19890.12602:-4719.45758:-4551.64883] 0.0001148618
0033 010539 -17275.16951:[19889.60631:-4719.16078:-4553.17322] 0.0001040963
0034 010774 -17276.78329:[19889.20320:-4718.87744:-4554.57329] 0.0000934161
0035 011009 -17278.21570:[19888.92081:-4718.60895:-4555.85382] 0.0000829092
0036 011244 -17279.47092:[19888.76097:-4718.35639:-4557.01966] 0.0000726479
0037 011480 -17280.55415:[19888.72355:-4718.12053:-4558.07571] 0.0000626888
0038 011715 -17281.47135:[19888.80675:-4717.90177:-4559.02682] 0.0000530769
0039 011952 -17282.22914:[19889.00738:-4717.70028:-4559.87793] 0.0000438501
0040 012188 -17282.83463:[19889.32132:-4717.51601:-4560.63402] 0.0000350349
0041 012424 -17283.29510:[19889.74392:-4717.34882:-4561.30007] 0.0000266438
0042 012662 -17283.61799:[19890.27034:-4717.19852:-4561.88110] 0.0000186821
0043 012897 -17283.81083:[19890.89554:-4717.06493:-4562.38215] 0.0000111572
0044 013140 -17283.88147:[19891.61410:-4716.94788:-4562.80835] 0.0000040869
Start evaluating ...
  Columns 1 through 7

    0.0795    0.1225    0.1427    0.1498    0.1539    0.1560    0.1583

  Columns 8 through 10

    0.1600    0.1618    0.1630

    0.0134

Elapsed time is 13256.154455 seconds.
