nohup: ignoring input

                            < M A T L A B (R) >
                  Copyright 1984-2016 The MathWorks, Inc.
                   R2016a (9.0.0.341360) 64-bit (glnxa64)
                             February 11, 2016

 
To get started, type one of these: helpwin, helpdesk, or demo.
For product information, visit www.mathworks.com.
 

	Academic License

Start learning ...
Init data [Dtype: delicious - Dspec: sp2/5050]
Init social model
Using adagrad ...
Params [lbd-U: 1.0000|lbd-V: 100.0000|lbd-N: 1.0000|lbd-Q: 0.0100]
Staring Sample 2 - Loc: save/ctr/delicious-alg80-sp2-cold20170226164402421 
CTR(chongwang) Running ...

iter time likelihood:[r:u:v] converge
0001 000435 -22667.00000:[0.00000:0.00000:-0.00000] 1.0000000000
0002 000878 -21467.16465:[2506.23271:-411.88380:-57.83419] 0.0529331340
0003 001319 -21358.96906:[2767.82598:-507.62127:-84.68331] 0.0050400503
0004 001763 -21352.75906:[2822.51692:-541.48141:-96.39898] 0.0002907445
0005 002201 -21361.47478:[2816.74980:-543.22842:-98.09986] 0.0004081778
0006 002609 -21369.96266:[2797.21700:-534.90069:-96.11205] 0.0003973449
0007 003034 -21377.48736:[2775.81515:-524.59299:-93.18594] 0.0003521158
0008 003445 -21384.22382:[2755.48413:-514.54538:-90.19121] 0.0003151193
0009 003870 -21390.31062:[2736.79739:-505.25197:-87.36371] 0.0002846398
0010 004297 -21395.83795:[2719.74198:-496.75516:-84.75198] 0.0002584038
0011 004719 -21400.87140:[2704.18224:-488.99734:-82.35331] 0.0002352535
0012 005113 -21405.46327:[2689.97300:-481.90795:-80.15273] 0.0002145645
0013 005475 -21409.65750:[2676.98315:-475.42223:-78.13366] 0.0001959420
0014 005789 -21413.49166:[2665.09792:-469.48334:-76.28048] 0.0001790858
0015 006088 -21416.99812:[2654.21742:-464.04175:-74.57913] 0.0001637500
0016 006362 -21420.20491:[2644.25466:-459.05430:-73.01713] 0.0001497309
0017 006638 -21423.13645:[2635.13379:-454.48329:-71.58348] 0.0001368589
0018 006917 -21425.81416:[2626.78840:-450.29573:-70.26851] 0.0001249915
0019 007187 -21428.25687:[2619.16015:-446.46265:-69.06372] 0.0001140078
0020 007466 -21430.48124:[2612.19758:-442.95847:-67.96157] 0.0001038052
0021 007744 -21432.50212:[2605.85503:-439.76054:-66.95538] 0.0000942996
0022 008018 -21434.33299:[2600.09153:-436.84862:-66.03918] 0.0000854247
0023 008282 -21435.98622:[2594.86985:-434.20440:-65.20756] 0.0000771303
0024 008541 -21437.47340:[2590.15562:-431.81109:-64.45554] 0.0000693777
0025 008808 -21438.80543:[2585.91669:-429.65305:-63.77846] 0.0000621353
0026 009072 -21439.99263:[2582.12268:-427.71552:-63.17187] 0.0000553762
0027 009331 -21441.04486:[2578.74462:-425.98451:-62.63148] 0.0000490780
0028 009578 -21441.97157:[2575.75469:-424.44654:-62.15309] 0.0000432213
0029 009824 -21442.78184:[2573.12599:-423.08865:-61.73257] 0.0000377892
0030 010060 -21443.48445:[2570.83252:-421.89823:-61.36588] 0.0000327666
0031 010294 -21444.08790:[2568.84904:-420.86309:-61.04910] 0.0000281411
0032 010528 -21444.60049:[2567.15097:-419.97131:-60.77840] 0.0000239040
0033 010761 -21445.03043:[2565.71422:-419.21125:-60.55005] 0.0000200489
0034 010995 -21445.38570:[2564.51522:-418.57147:-60.36039] 0.0000165665
0035 011229 -21445.67393:[2563.53111:-418.04078:-60.20585] 0.0000134400
0036 011463 -21445.90225:[2562.74020:-417.60847:-60.08302] 0.0000106464
0037 011697 -21446.07729:[2562.12212:-417.26441:-59.98866] 0.0000081620
Start evaluating ...
  Columns 1 through 7

    0.0013    0.0030    0.0046    0.0058    0.0075    0.0087    0.0099

  Columns 8 through 10

    0.0107    0.0114    0.0124

   5.1566e-04

Elapsed time is 11808.637433 seconds.
