nohup: ignoring input

                            < M A T L A B (R) >
                  Copyright 1984-2016 The MathWorks, Inc.
                   R2016a (9.0.0.341360) 64-bit (glnxa64)
                             February 11, 2016

 
To get started, type one of these: helpwin, helpdesk, or demo.
For product information, visit www.mathworks.com.
 

	Academic License

Start learning ...
Init data [Dtype: delicious - Dspec: sp2/5050]
Init social model
Using adagrad ...
Load pretrained shallow-model...
Could not use CUDA
Params [lbd-U: 0.1000|lbd-V: 0.1000|lbd-N: 0.1000|lbd-Q: 0.0100]
Staring Sample 2 - Loc: save/bcdl/delicious-alg61-sp2-cold20170227105047010 
CTR(chongwang)-DAE(User graph) Running - Walks(1)...
-1/200: 47148.697322/3570.599217/43578.098105/1.000000000
-2/200: 45794.842103/2296.892040/43497.950063/0.028714584
-3/200: 45732.291730/2219.014560/43513.277170/0.001365882
-4/200: 45703.022278/2185.582827/43517.439451/0.000640017
-5/200: 45678.157860/2161.648948/43516.508912/0.000544043
-6/200: 45660.213792/2143.589886/43516.623906/0.000392837
-7/200: 45648.256093/2129.436807/43518.819286/0.000261884
-8/200: 45637.355187/2118.024545/43519.330642/0.000238802
-9/200: 45627.560840/2108.616914/43518.943926/0.000214613
-10/200: 45620.006115/2100.725100/43519.281015/0.000165574
-11/200: 45612.618472/2094.012580/43518.605892/0.000161939
-12/200: 45606.314326/2088.239820/43518.074506/0.000138211
-13/200: 45602.407488/2083.231058/43519.176430/0.000085664
-14/200: 45598.690489/2078.853485/43519.837004/0.000081509
-15/200: 45593.956050/2075.004847/43518.951203/0.000103828
-16/200: 45590.619087/2071.603830/43519.015257/0.000073189
-17/200: 45588.570727/2068.585249/43519.985478/0.000044929
-18/200: 45587.299607/2065.895938/43521.403669/0.000027882
-19/200: 45583.933166/2063.492013/43520.441153/0.000073846
-20/200: 45582.145786/2061.336552/43520.809234/0.000039211
-21/200: 45579.049077/2059.398697/43519.650380/0.000067937
-22/200: 45578.749455/2057.651619/43521.097836/0.000006574
-23/200: 45577.847434/2056.072601/43521.774833/0.000019790
-24/200: 45576.978966/2054.642380/43522.336586/0.000019055
-25/200: 45574.687760/2053.343771/43521.343989/0.000050271
-26/200: 45573.639095/2052.162159/43521.476936/0.000023010
-27/200: 45572.151856/2051.084726/43521.067130/0.000032634
-28/200: 45573.152061/2050.100258/43523.051803/0.000021948
-29/200: 45572.066458/2049.198871/43522.867587/0.000023821
-30/200: 45570.638644/2048.371912/43522.266732/0.000031331
-31/200: 45569.876248/2047.611698/43522.264550/0.000016730
-32/200: 45570.080819/2046.911549/43523.169270/0.000004489
-33/200: 45567.041242/2046.265378/43520.775864/0.000066701
-34/200: 45568.754569/2045.667995/43523.086574/0.000037600
-35/200: 45566.441745/2045.114332/43521.327413/0.000050755
-36/200: 45567.451624/2044.600487/43522.851137/0.000022163
-37/200: 45567.277087/2044.122755/43523.154332/0.000003830
-38/200: 45566.233924/2043.677689/43522.556235/0.000022893
-39/200: 45566.496817/2043.262264/43523.234553/0.000005769
-40/200: 45565.790904/2042.873759/43522.917145/0.000015492
-41/200: 45566.781625/2042.509978/43524.271647/0.000021743
-42/200: 45566.497885/2042.168560/43524.329325/0.000006227
-43/200: 45566.066057/2041.847801/43524.218256/0.000009477
-44/200: 45565.918328/2041.545550/43524.372778/0.000003242
-45/200: 45565.429889/2041.260646/43524.169243/0.000010719
-46/200: 45565.267713/2040.991313/43524.276400/0.000003559
-47/200: 45565.725185/2040.736632/43524.988553/0.000010040
-48/200: 45565.353157/2040.495199/43524.857958/0.000008165
-49/200: 45564.065637/2040.266370/43523.799267/0.000028257
-50/200: 45564.410577/2040.048626/43524.361951/0.000007570
-51/200: 45564.142746/2039.841383/43524.301363/0.000005878
-52/200: 45565.550853/2039.644025/43525.906828/0.000030904
-53/200: 45563.814139/2039.455725/43524.358414/0.000038115
-54/200: 45564.271649/2039.276043/43524.995606/0.000010041
-55/200: 45564.156028/2039.104071/43525.051957/0.000002538
-56/200: 45564.042808/2038.939518/43525.103290/0.000002485
-57/200: 45564.203319/2038.782053/43525.421266/0.000003523
-58/200: 45564.732548/2038.631067/43526.101481/0.000011615
-59/200: 45564.182205/2038.485994/43525.696211/0.000012078
-60/200: 45564.260513/2038.346659/43525.913854/0.000001719
-61/200: 45563.280435/2038.212861/43525.067574/0.000021510
-62/200: 45564.548615/2038.084083/43526.464532/0.000027833
-63/200: 45563.725755/2037.960245/43525.765510/0.000018059
-64/200: 45565.175344/2037.840974/43527.334370/0.000031815
-65/200: 45565.087129/2037.726061/43527.361068/0.000001936
-66/200: 45564.784222/2037.615374/43527.168848/0.000006648
-67/200: 45563.734837/2037.508520/43526.226317/0.000023031
-68/200: 45563.765216/2037.405284/43526.359932/0.000000667
-69/200: 45563.866846/2037.305515/43526.561331/0.000002231
-70/200: 45563.667155/2037.209308/43526.457847/0.000004383
-71/200: 45564.572885/2037.116277/43527.456608/0.000019878
-72/200: 45563.985829/2037.026170/43526.959659/0.000012884
-73/200: 45564.978227/2036.939176/43528.039051/0.000021780
-74/200: 45564.502275/2036.854831/43527.647444/0.000010446
-75/200: 45564.054070/2036.773105/43527.280965/0.000009837
-76/200: 45565.015628/2036.694014/43528.321614/0.000021103
-77/200: 45565.113056/2036.617363/43528.495693/0.000002138
-78/200: 45565.090316/2036.542891/43528.547425/0.000000499
-79/200: 45563.990899/2036.470792/43527.520107/0.000024128
-80/200: 45564.079277/2036.400720/43527.678557/0.000001940
-81/200: 45564.559781/2036.332755/43528.227026/0.000010546
-82/200: 45565.370869/2036.266602/43529.104267/0.000017801
-83/200: 45564.498506/2036.202448/43528.296058/0.000019145
-84/200: 45564.319545/2036.140132/43528.179413/0.000003928
-85/200: 45565.018995/2036.079456/43528.939539/0.000015351
-86/200: 45565.025689/2036.020453/43529.005236/0.000000147
-87/200: 45565.093185/2035.963004/43529.130181/0.000001481
-88/200: 45565.424696/2035.907292/43529.517404/0.000007276
-89/200: 45565.045346/2035.852954/43529.192392/0.000008325
-90/200: 45565.267514/2035.800053/43529.467461/0.000004876
-91/200: 45565.185837/2035.748476/43529.437361/0.000001793
-92/200: 45565.584164/2035.698134/43529.886030/0.000008742
-93/200: 45565.290072/2035.649166/43529.640906/0.000006454
-94/200: 45565.959760/2035.601346/43530.358414/0.000014697
-95/200: 45565.683811/2035.554830/43530.128981/0.000006056
-96/200: 45565.245104/2035.509456/43529.735648/0.000009628
-97/200: 45565.656985/2035.465289/43530.191696/0.000009039
-98/200: 45566.002215/2035.422084/43530.580131/0.000007577
-99/200: 45566.064064/2035.379933/43530.684131/0.000001357
Recall at EP-100 ...
  Columns 1 through 7

    0.1108    0.1443    0.1579    0.1642    0.1711    0.1785    0.1862

  Columns 8 through 10

    0.1955    0.2046    0.2144

Mrr at EP-100 ...
    0.0251

-100/200: 45565.665165/2035.338837/43530.326328/0.000008754
-101/200: 45565.480132/2035.298485/43530.181647/0.000004061
-102/200: 45565.878986/2035.259297/43530.619689/0.000008753
-103/200: 45566.488831/2035.220933/43531.267898/0.000013384
-104/200: 45565.822526/2035.183333/43530.639193/0.000014623
-105/200: 45566.425709/2035.146602/43531.279107/0.000013238
-106/200: 45565.954786/2035.110853/43530.843933/0.000010335
-107/200: 45566.359168/2035.075905/43531.283263/0.000008875
-108/200: 45566.792049/2035.041496/43531.750553/0.000009500
-109/200: 45566.293804/2035.008000/43531.285804/0.000010934
-110/200: 45566.172256/2034.975099/43531.197157/0.000002667
-111/200: 45566.913350/2034.943115/43531.970235/0.000016264
-112/200: 45566.840817/2034.911768/43531.929049/0.000001592
-113/200: 45566.626297/2034.881138/43531.745159/0.000004708
-114/200: 45566.435616/2034.851089/43531.584527/0.000004185
-115/200: 45566.748023/2034.821718/43531.926305/0.000006856
-116/200: 45566.715882/2034.792861/43531.923021/0.000000705
-117/200: 45567.206888/2034.764572/43532.442316/0.000010776
-118/200: 45567.080775/2034.736893/43532.343882/0.000002768
-119/200: 45567.482044/2034.709887/43532.772157/0.000008806
-120/200: 45567.284515/2034.683210/43532.601305/0.000004335
-121/200: 45567.682468/2034.657049/43533.025419/0.000008733
-122/200: 45567.746565/2034.631511/43533.115054/0.000001407
-123/200: 45567.403441/2034.606521/43532.796920/0.000007530
-124/200: 45567.633752/2034.581862/43533.051890/0.000005054
-125/200: 45567.711354/2034.557774/43533.153580/0.000001703
-126/200: 45567.671525/2034.534144/43533.137381/0.000000874
-127/200: 45567.647675/2034.511057/43533.136618/0.000000523
-128/200: 45567.728300/2034.488408/43533.239892/0.000001769
-129/200: 45567.785125/2034.465909/43533.319216/0.000001247
-130/200: 45568.387557/2034.443993/43533.943564/0.000013221
-131/200: 45567.773272/2034.422565/43533.350707/0.000013481
-132/200: 45568.305467/2034.401525/43533.903942/0.000011679
-133/200: 45568.429746/2034.380999/43534.048747/0.000002727
-134/200: 45568.851300/2034.360627/43534.490673/0.000009251
-135/200: 45568.084342/2034.340743/43533.743599/0.000016831
-136/200: 45568.296859/2034.321151/43533.975708/0.000004664
-137/200: 45568.945682/2034.301922/43534.643760/0.000014238
-138/200: 45568.755646/2034.282969/43534.472677/0.000004170
-139/200: 45568.663347/2034.264391/43534.398956/0.000002025
-140/200: 45568.979822/2034.246164/43534.733658/0.000006945
-141/200: 45569.127046/2034.228317/43534.898729/0.000003231
-142/200: 45568.834829/2034.210655/43534.624174/0.000006413
-143/200: 45569.133706/2034.193348/43534.940358/0.000006559
-144/200: 45569.343006/2034.176399/43535.166607/0.000004593
-145/200: 45569.539655/2034.159801/43535.379854/0.000004315
-146/200: 45569.374843/2034.143355/43535.231488/0.000003617
-147/200: 45569.553452/2034.127229/43535.426223/0.000003919
-148/200: 45569.216121/2034.111202/43535.104919/0.000007403
-149/200: 45569.618445/2034.095564/43535.522881/0.000008829
-150/200: 45569.742476/2034.080301/43535.662175/0.000002722
-151/200: 45569.792748/2034.065334/43535.727414/0.000001103
-152/200: 45569.788976/2034.050406/43535.738570/0.000000083
Start evaluating ...
  Columns 1 through 7

    0.1099    0.1427    0.1563    0.1632    0.1706    0.1784    0.1858

  Columns 8 through 10

    0.1953    0.2045    0.2145

    0.0251

Elapsed time is 45770.874821 seconds.
