nohup: ignoring input

                            < M A T L A B (R) >
                  Copyright 1984-2016 The MathWorks, Inc.
                   R2016a (9.0.0.341360) 64-bit (glnxa64)
                             February 11, 2016

 
To get started, type one of these: helpwin, helpdesk, or demo.
For product information, visit www.mathworks.com.
 

	Academic License

Start learning ...
Init data [Dtype: delicious - Dspec: sp2/5050]
Init social model
Using adagrad ...
Load pretrained shallow-model...
Could not use CUDA
Params [lbd-U: 10.0000|lbd-V: 1.0000|lbd-N: 10.0000|lbd-Q: 0.0100]
Staring Sample 2 - Loc: save/bcdl/delicious-alg61-sp2-cold20170227105047734 
CTR(chongwang)-DAE(User graph) Running - Walks(1)...
-1/200: 4382395.183610/24585.373073/4357809.810537/1.000000000
-2/200: 4372389.180909/20719.719861/4351669.461048/0.002283227
-3/200: 4370803.502080/18931.396845/4351872.105235/0.000362657
-4/200: 4369419.483836/17523.077895/4351896.405941/0.000316651
-5/200: 4369088.592535/17304.052808/4351784.539727/0.000075729
-6/200: 4369043.851182/17250.825454/4351793.025728/0.000010240
-7/200: 4369241.459720/17223.875366/4352017.584354/0.000045229
-8/200: 4369271.334707/17205.651686/4352065.683021/0.000006838
-9/200: 4369224.523357/17192.337376/4352032.185981/0.000010714
-10/200: 4369251.859696/17182.310263/4352069.549433/0.000006257
-11/200: 4369173.656094/17174.698470/4351998.957624/0.000017899
-12/200: 4369105.923879/17168.940116/4351936.983763/0.000015502
-13/200: 4369224.646301/17164.570357/4352060.075944/0.000027173
-14/200: 4369283.032396/17161.293613/4352121.738783/0.000013363
-15/200: 4369195.020261/17158.904839/4352036.115422/0.000020143
-16/200: 4369202.349649/17157.176449/4352045.173200/0.000001678
-17/200: 4369283.744150/17155.976806/4352127.767344/0.000018629
-18/200: 4369425.571869/17155.206797/4352270.365072/0.000032460
-19/200: 4369331.805596/17154.810689/4352176.994907/0.000021460
-20/200: 4369370.094248/17154.682114/4352215.412134/0.000008763
-21/200: 4369248.456619/17154.809667/4352093.646952/0.000027839
-22/200: 4369401.207499/17155.111197/4352246.096302/0.000034960
-23/200: 4369454.347096/17155.570104/4352298.776992/0.000012162
-24/200: 4369521.768150/17156.149717/4352365.618433/0.000015430
-25/200: 4369412.890551/17156.840752/4352256.049799/0.000024918
-26/200: 4369429.424939/17157.617319/4352271.807620/0.000003784
-27/200: 4369381.357434/17158.439428/4352222.918006/0.000011001
-28/200: 4369591.858876/17159.298574/4352432.560302/0.000048176
-29/200: 4369571.690931/17160.196792/4352411.494139/0.000004616
-30/200: 4369510.968959/17161.136201/4352349.832758/0.000013897
-31/200: 4369511.283508/17162.072839/4352349.210669/0.000000072
-32/200: 4369593.788900/17163.036199/4352430.752701/0.000018882
-33/200: 4369356.613515/17164.002353/4352192.611162/0.000054279
-34/200: 4369596.136766/17164.977692/4352431.159074/0.000054819
-35/200: 4369411.623413/17165.940669/4352245.682744/0.000042227
-36/200: 4369564.666660/17166.910221/4352397.756439/0.000035026
-37/200: 4369585.807059/17167.872605/4352417.934454/0.000004838
-38/200: 4369539.715351/17168.821112/4352370.894239/0.000010548
-39/200: 4369607.231295/17169.763234/4352437.468061/0.000015452
-40/200: 4369575.401579/17170.697118/4352404.704461/0.000007284
-41/200: 4369713.613564/17171.626230/4352541.987334/0.000031631
-42/200: 4369733.054824/17172.542665/4352560.512159/0.000004449
-43/200: 4369703.830071/17173.443861/4352530.386210/0.000006688
-44/200: 4369724.655656/17174.318150/4352550.337506/0.000004766
-45/200: 4369704.392438/17175.188511/4352529.203927/0.000004637
-46/200: 4369702.589130/17176.055255/4352526.533875/0.000000413
-47/200: 4369774.502197/17176.902708/4352597.599489/0.000016457
-48/200: 4369769.367868/17177.739837/4352591.628031/0.000001175
-49/200: 4369661.802660/17178.572372/4352483.230288/0.000024616
-50/200: 4369710.742029/17179.393956/4352531.348073/0.000011200
-51/200: 4369715.274217/17180.196332/4352535.077885/0.000001037
-52/200: 4369864.769235/17180.990212/4352683.779023/0.000034212
-53/200: 4369715.098545/17181.786212/4352533.312333/0.000034251
-54/200: 4369787.658427/17182.581025/4352605.077402/0.000016605
-55/200: 4369779.391696/17183.353500/4352596.038196/0.000001892
-56/200: 4369781.700166/17184.123262/4352597.576904/0.000000528
-57/200: 4369821.906020/17184.898813/4352637.007207/0.000009201
-58/200: 4369876.249341/17185.667342/4352690.581999/0.000012436
-59/200: 4369846.819790/17186.429443/4352660.390347/0.000006735
-60/200: 4369860.675385/17187.172842/4352673.502543/0.000003171
-61/200: 4369782.194125/17187.912490/4352594.281635/0.000017960
-62/200: 4369924.103334/17188.652697/4352735.450637/0.000032475
-63/200: 4369855.921713/17189.383252/4352666.538461/0.000015602
-64/200: 4370001.981905/17190.107384/4352811.874521/0.000033424
-65/200: 4370006.904698/17190.833479/4352816.071219/0.000001126
-66/200: 4369992.123958/17191.560971/4352800.562987/0.000003382
-67/200: 4369893.606859/17192.275599/4352701.331260/0.000022544
-68/200: 4369905.498668/17192.979135/4352712.519533/0.000002721
-69/200: 4369930.430532/17193.676868/4352736.753664/0.000005705
-70/200: 4369924.790077/17194.370386/4352730.419691/0.000001291
-71/200: 4370021.594370/17195.062662/4352826.531708/0.000022152
-72/200: 4369973.263278/17195.739630/4352777.523648/0.000011060
-73/200: 4370078.639895/17196.416958/4352882.222937/0.000024114
-74/200: 4370035.094158/17197.091671/4352838.002487/0.000009965
-75/200: 4370000.744832/17197.757488/4352802.987344/0.000007860
-76/200: 4370100.253757/17198.416614/4352901.837143/0.000022771
-77/200: 4370120.938882/17199.074529/4352921.864353/0.000004733
-78/200: 4370119.531655/17199.712452/4352919.819203/0.000000322
-79/200: 4370016.927474/17200.353609/4352816.573865/0.000023479
-80/200: 4370033.841771/17200.981590/4352832.860181/0.000003871
-81/200: 4370091.695729/17201.607270/4352890.088459/0.000013239
-82/200: 4370165.073919/17202.223730/4352962.850189/0.000016791
-83/200: 4370100.110123/17202.836133/4352897.273990/0.000014865
-84/200: 4370083.182658/17203.438565/4352879.744093/0.000003873
-85/200: 4370154.337258/17204.040748/4352950.296510/0.000016282
-86/200: 4370159.701330/17204.625761/4352955.075569/0.000001227
-87/200: 4370171.501059/17205.213704/4352966.287355/0.000002700
-88/200: 4370211.761846/17205.795455/4353005.966391/0.000009213
-89/200: 4370176.035930/17206.372622/4352969.663308/0.000008175
-90/200: 4370211.974127/17206.938864/4353005.035263/0.000008224
-91/200: 4370204.205822/17207.493691/4352996.712131/0.000001778
-92/200: 4370245.688566/17208.046222/4353037.642344/0.000009492
-93/200: 4370223.892299/17208.589430/4353015.302869/0.000004987
-94/200: 4370294.340164/17209.125137/4353085.215027/0.000016120
-95/200: 4370268.136138/17209.657910/4353058.478228/0.000005996
-96/200: 4370228.476367/17210.192571/4353018.283796/0.000009075
-97/200: 4370276.558278/17210.718660/4353065.839618/0.000011002
-98/200: 4370308.412625/17211.232786/4353097.179839/0.000007289
-99/200: 4370322.644466/17211.746767/4353110.897699/0.000003256
Recall at EP-100 ...
  Columns 1 through 7

    0.0599    0.0963    0.1143    0.1258    0.1341    0.1414    0.1473

  Columns 8 through 10

    0.1530    0.1583    0.1634

Mrr at EP-100 ...
    0.0114

-100/200: 4370288.882668/17212.256122/4353076.626546/0.000007725
-101/200: 4370273.206763/17212.747151/4353060.459612/0.000003587
-102/200: 4370314.554692/17213.244443/4353101.310249/0.000009461
-103/200: 4370381.092161/17213.733707/4353167.358454/0.000015225
-104/200: 4370320.992535/17214.213551/4353106.778984/0.000013752
-105/200: 4370375.713881/17214.690627/4353161.023254/0.000012521
-106/200: 4370335.975772/17215.162941/4353120.812831/0.000009093
-107/200: 4370373.418663/17215.637455/4353157.781208/0.000008568
-108/200: 4370424.915954/17216.094978/4353208.820976/0.000011783
-109/200: 4370375.289346/17216.550124/4353158.739222/0.000011355
-110/200: 4370365.690589/17217.001616/4353148.688973/0.000002196
-111/200: 4370444.684712/17217.455483/4353227.229229/0.000018075
-112/200: 4370439.730385/17217.902859/4353221.827526/0.000001134
-113/200: 4370419.614469/17218.344232/4353201.270237/0.000004603
-114/200: 4370403.686089/17218.778800/4353184.907289/0.000003645
-115/200: 4370441.124106/17219.209890/4353221.914216/0.000008566
-116/200: 4370430.936068/17219.635213/4353211.300855/0.000002331
-117/200: 4370485.154826/17220.054042/4353265.100784/0.000012406
-118/200: 4370475.933633/17220.475703/4353255.457930/0.000002110
-119/200: 4370515.368662/17220.886923/4353294.481739/0.000009023
-120/200: 4370495.442638/17221.289543/4353274.153095/0.000004559
-121/200: 4370536.780082/17221.686278/4353315.093804/0.000009458
-122/200: 4370545.833816/17222.079752/4353323.754064/0.000002072
-123/200: 4370519.944561/17222.474641/4353297.469920/0.000005924
-124/200: 4370538.101345/17222.853919/4353315.247426/0.000004154
-125/200: 4370549.180822/17223.235083/4353325.945739/0.000002535
-126/200: 4370550.296786/17223.612367/4353326.684419/0.000000255
-127/200: 4370552.049331/17223.990058/4353328.059273/0.000000401
-128/200: 4370555.877849/17224.360971/4353331.516878/0.000000876
-129/200: 4370560.874691/17224.717402/4353336.157289/0.000001143
-130/200: 4370621.622639/17225.080124/4353396.542515/0.000013899
-131/200: 4370568.567388/17225.435382/4353343.132006/0.000012139
-132/200: 4370620.774605/17225.790005/4353394.984600/0.000011945
-133/200: 4370635.602716/17226.145777/4353409.456939/0.000003393
-134/200: 4370678.588190/17226.491170/4353452.097020/0.000009835
-135/200: 4370603.941052/17226.834321/4353377.106731/0.000017079
-136/200: 4370626.969830/17227.166657/4353399.803173/0.000005269
-137/200: 4370686.559873/17227.498894/4353459.060979/0.000013634
-138/200: 4370671.521080/17227.824790/4353443.696290/0.000003441
-139/200: 4370661.212998/17228.146954/4353433.066044/0.000002358
-140/200: 4370696.219510/17228.468979/4353467.750531/0.000008009
-141/200: 4370708.612505/17228.792407/4353479.820098/0.000002835
-142/200: 4370682.822396/17229.100918/4353453.721478/0.000005901
-143/200: 4370713.838551/17229.413902/4353484.424649/0.000007096
-144/200: 4370730.333211/17229.718010/4353500.615201/0.000003774
-145/200: 4370752.749111/17230.024697/4353522.724414/0.000005129
-146/200: 4370743.631654/17230.323020/4353513.308634/0.000002086
-147/200: 4370757.463907/17230.615878/4353526.848029/0.000003165
-148/200: 4370726.601554/17230.902565/4353495.698989/0.000007061
-149/200: 4370762.985066/17231.188849/4353531.796217/0.000008324
-150/200: 4370780.090169/17231.473948/4353548.616221/0.000003914
-151/200: 4370788.741812/17231.760096/4353556.981716/0.000001979
-152/200: 4370784.585348/17232.037149/4353552.548199/0.000000951
-153/200: 4370794.822502/17232.307644/4353562.514858/0.000002342
-154/200: 4370813.244926/17232.578307/4353580.666619/0.000004215
-155/200: 4370804.415806/17232.846873/4353571.568933/0.000002020
-156/200: 4370818.990897/17233.112489/4353585.878408/0.000003335
-157/200: 4370860.321446/17233.374752/4353626.946694/0.000009456
-158/200: 4370851.570506/17233.631196/4353617.939310/0.000002002
-159/200: 4370866.043842/17233.891709/4353632.152133/0.000003311
-160/200: 4370875.547155/17234.144236/4353641.402919/0.000002174
-161/200: 4370842.019905/17234.388163/4353607.631742/0.000007671
-162/200: 4370864.766513/17234.633244/4353630.133269/0.000005204
-163/200: 4370909.887278/17234.878458/4353675.008820/0.000010323
-164/200: 4370878.197297/17235.118458/4353643.078839/0.000007250
-165/200: 4370925.548641/17235.358543/4353690.190098/0.000010833
-166/200: 4370911.389983/17235.592664/4353675.797319/0.000003239
-167/200: 4370909.621777/17235.821865/4353673.799912/0.000000405
-168/200: 4370939.089678/17236.054219/4353703.035459/0.000006742
-169/200: 4370933.223717/17236.279806/4353696.943911/0.000001342
-170/200: 4370949.894465/17236.504336/4353713.390129/0.000003814
-171/200: 4370949.719262/17236.725249/4353712.994013/0.000000040
Start evaluating ...
  Columns 1 through 7

    0.0544    0.0882    0.1035    0.1142    0.1226    0.1294    0.1360

  Columns 8 through 10

    0.1415    0.1463    0.1516

    0.0108

Elapsed time is 49737.510470 seconds.
