nohup: ignoring input

                            < M A T L A B (R) >
                  Copyright 1984-2016 The MathWorks, Inc.
                   R2016a (9.0.0.341360) 64-bit (glnxa64)
                             February 11, 2016

 
To get started, type one of these: helpwin, helpdesk, or demo.
For product information, visit www.mathworks.com.
 

	Academic License

Start learning ...
Init data [Dtype: delicious - Dspec: sp2/0550]
Init social model
Using adagrad ...
Params [lbd-U: 10.0000|lbd-V: 0.0100|lbd-N: 10.0000|lbd-Q: 0.1000]
Staring Sample 2 - Loc: save/ctrsmf/delicious-alg90-sp2-cold20170224185112896 
CTR-SMF Running ...

iter time likelihood converge
0001 000077 -5315193.28219 1.0000000000
0002 000148 -5151897.81996 0.0307223940
0003 000217 -5038627.68100 0.0219860997
0004 000288 -5003796.06699 0.0069129168
0005 000362 -4985344.33527 0.0036875467
0006 000430 -4970483.97561 0.0029808091
0007 000498 -4960263.33239 0.0020562672
0008 000567 -4953952.68521 0.0012722404
0009 000635 -4949652.72962 0.0008679848
0010 000703 -4946428.94123 0.0006513161
0011 000769 -4943811.61853 0.0005291338
0012 000836 -4941590.67634 0.0004492368
0013 000903 -4939668.19256 0.0003890415
0014 000971 -4937984.75698 0.0003407993
0015 001037 -4936497.75697 0.0003011350
0016 001104 -4935174.73960 0.0002680073
0017 001171 -4933990.13278 0.0002400334
0018 001255 -4932923.22845 0.0002162356
0019 001354 -4931956.87318 0.0001958991
0020 001449 -4931076.63750 0.0001784759
0021 001543 -4930270.30048 0.0001635215
0022 001640 -4929527.52453 0.0001506562
0023 001737 -4928839.62523 0.0001395467
0024 001840 -4928199.36299 0.0001299012
0025 001929 -4927600.72543 0.0001214719
0026 002019 -4927038.70374 0.0001140559
0027 002112 -4926509.08627 0.0001074920
0028 002203 -4926008.28937 0.0001016535
0029 002293 -4925533.23544 0.0000964379
0030 002376 -4925081.27960 0.0000917577
0031 002463 -4924650.17157 0.0000875332
0032 002550 -4924238.04762 0.0000836859
0033 002632 -4923843.47877 0.0000801279
0034 002705 -4923465.56358 0.0000767521
0035 002785 -4923103.85943 0.0000734654
0036 002863 -4922758.05756 0.0000702406
0037 002936 -4922427.74371 0.0000670993
0038 003015 -4922112.56216 0.0000640297
0039 003089 -4921812.24399 0.0000610141
0040 003161 -4921526.38806 0.0000580794
0041 003237 -4921254.71297 0.0000552014
0042 003312 -4920997.01433 0.0000523644
0043 003387 -4920752.84686 0.0000496175
0044 003458 -4920521.89052 0.0000469352
0045 003534 -4920303.94928 0.0000442923
0046 003606 -4920098.72379 0.0000417099
0047 003676 -4919905.73806 0.0000392240
0048 003744 -4919724.43742 0.0000368504
0049 003811 -4919554.29228 0.0000345843
0050 003881 -4919394.82568 0.0000324148
0051 003947 -4919245.59236 0.0000303357
0052 004014 -4919106.15885 0.0000283445
0053 004083 -4918976.10206 0.0000264391
0054 004150 -4918855.00719 0.0000246179
0055 004217 -4918742.43961 0.0000228849
0056 004287 -4918637.89183 0.0000212550
0057 004355 -4918540.73007 0.0000197538
0058 004422 -4918450.18725 0.0000184085
0059 004482 -4918365.46104 0.0000172262
0060 004551 -4918285.88542 0.0000161793
0061 004618 -4918210.99848 0.0000152262
0062 004684 -4918140.44292 0.0000143458
0063 004751 -4918073.89948 0.0000135302
0064 004817 -4918011.09269 0.0000127706
0065 004882 -4917951.80091 0.0000120560
0066 004946 -4917895.82979 0.0000113810
0067 005009 -4917842.92049 0.0000107585
0068 005077 -4917792.77093 0.0000101975
0069 005135 -4917745.17827 0.0000096776
Start evaluating ...
  Columns 1 through 7

    0.0053    0.0064    0.0068    0.0072    0.0077    0.0084    0.0087

  Columns 8 through 10

    0.0090    0.0093    0.0096

    0.0020

Elapsed time is 5206.734298 seconds.
