nohup: ignoring input

                            < M A T L A B (R) >
                  Copyright 1984-2016 The MathWorks, Inc.
                   R2016a (9.0.0.341360) 64-bit (glnxa64)
                             February 11, 2016

 
To get started, type one of these: helpwin, helpdesk, or demo.
For product information, visit www.mathworks.com.
 

	Academic License

Start learning ...
Init data [Dtype: delicious - Dspec: sp2/5050]
Init social model
Using adagrad ...
Params [lbd-U: 100.0000|lbd-V: 0.1000|lbd-N: 100.0000|lbd-Q: 0.0100]
Staring Sample 2 - Loc: save/ctrsmf/delicious-alg90-sp2-cold20170226203650410 
CTR-SMF Running ...

iter time likelihood converge
0001 000490 -44456437.90628 1.0000000000
0002 001064 -43369224.35743 0.0244557054
0003 001625 -42436032.25261 0.0215173806
0004 002188 -42162279.10279 0.0064509601
0005 002747 -42037837.16569 0.0029514993
0006 003305 -41954123.13372 0.0019913972
0007 003842 -41895477.43251 0.0013978531
0008 004380 -41853173.53579 0.0010097485
0009 004923 -41819960.85386 0.0007935523
0010 005468 -41792316.98739 0.0006610209
0011 006005 -41768463.74611 0.0005707566
0012 006540 -41747487.92771 0.0005021927
0013 007071 -41728843.89396 0.0004465906
0014 007606 -41712146.75032 0.0004001343
0015 008137 -41697102.19634 0.0003606756
0016 008667 -41683476.23615 0.0003267843
0017 009199 -41671077.24255 0.0002974558
0018 009728 -41659745.29924 0.0002719379
0019 010258 -41649346.00967 0.0002496244
0020 010791 -41639765.96874 0.0002300166
0021 011326 -41630908.71199 0.0002127115
0022 011856 -41622691.20844 0.0001973895
0023 012384 -41615041.12050 0.0001837961
0024 012907 -41607894.82450 0.0001717239
0025 013437 -41601196.14639 0.0001609954
0026 013966 -41594895.50317 0.0001514534
0027 014496 -41588949.11757 0.0001429595
0028 015030 -41583318.77567 0.0001353807
0029 015558 -41577971.88212 0.0001285827
0030 016092 -41572881.45648 0.0001224308
0031 016630 -41568025.93605 0.0001167954
0032 017156 -41563388.61083 0.0001115599
0033 017689 -41558956.45407 0.0001066361
0034 018218 -41554718.76213 0.0001019682
0035 018751 -41550666.61349 0.0000975136
0036 019280 -41546793.53504 0.0000932134
0037 019815 -41543096.25502 0.0000889907
0038 020346 -41539573.96588 0.0000847864
0039 020883 -41536226.13142 0.0000805939
0040 021416 -41533050.19235 0.0000764619
0041 021950 -41530041.32722 0.0000724451
0042 022479 -41527194.29075 0.0000685537
0043 023008 -41524504.91000 0.0000647619
0044 023539 -41521968.92758 0.0000610719
0045 024064 -41519580.60345 0.0000575195
0046 024596 -41517333.07273 0.0000541318
0047 025124 -41515218.54343 0.0000509312
0048 025660 -41513228.29291 0.0000479403
0049 026193 -41511353.00872 0.0000451732
0050 026724 -41509583.85590 0.0000426185
0051 027255 -41507913.79874 0.0000402330
0052 027715 -41506337.55023 0.0000379747
0053 028136 -41504851.53906 0.0000358020
0054 028570 -41503453.04249 0.0000336948
0055 029008 -41502138.13212 0.0000316820
0056 029424 -41500900.79570 0.0000298138
0057 029821 -41499733.58237 0.0000281250
0058 030215 -41498629.09247 0.0000266144
0059 030602 -41497581.23784 0.0000252503
0060 030984 -41496586.06751 0.0000239814
0061 031368 -41495641.86362 0.0000227538
0062 031753 -41494748.16319 0.0000215372
0063 032138 -41493904.65268 0.0000203281
0064 032526 -41493110.66405 0.0000191351
0065 032908 -41492365.04914 0.0000179696
0066 033292 -41491666.40364 0.0000168379
0067 033678 -41491012.30914 0.0000157645
0068 034063 -41490401.03230 0.0000147328
0069 034438 -41489832.00737 0.0000137146
0070 034799 -41489303.97737 0.0000127267
0071 035161 -41488815.16212 0.0000117817
0072 035522 -41488363.18514 0.0000108939
0073 035883 -41487945.08392 0.0000100776
0074 036249 -41487557.40906 0.0000093443
Start evaluating ...
  Columns 1 through 7

    0.0748    0.1193    0.1401    0.1473    0.1519    0.1544    0.1568

  Columns 8 through 10

    0.1588    0.1606    0.1617

    0.0130

Elapsed time is 36402.021888 seconds.
