nohup: ignoring input

                            < M A T L A B (R) >
                  Copyright 1984-2016 The MathWorks, Inc.
                   R2016a (9.0.0.341360) 64-bit (glnxa64)
                             February 11, 2016

 
To get started, type one of these: helpwin, helpdesk, or demo.
For product information, visit www.mathworks.com.
 

	Academic License

Start learning ...
Init data [Dtype: delicious - Dspec: sp2/5050]
Init social model
Using adagrad ...
Params [lbd-U: 0.0100|lbd-V: 10.0000|lbd-N: 0.0100|lbd-Q: 0.0100]
Staring Sample 2 - Loc: save/ctrsmf/delicious-alg90-sp2-cold20170226203651674 
CTR-SMF Running ...

iter time likelihood converge
0001 000484 -44424973.87637 1.0000000000
0002 001063 -43337672.74415 0.0244749977
0003 001626 -42404373.58778 0.0215355163
0004 002192 -42131888.43047 0.0064258739
0005 002758 -42009396.00855 0.0029073566
0006 003309 -41926147.96206 0.0019816530
0007 003852 -41867580.50141 0.0013969197
0008 004396 -41825284.57201 0.0010102310
0009 004934 -41792077.32633 0.0007939515
0010 005476 -41764444.33142 0.0006612018
0011 006012 -41740605.00102 0.0005708044
0012 006547 -41719644.58172 0.0005021590
0013 007075 -41701016.76777 0.0004464998
0014 007602 -41684336.35748 0.0004000001
0015 008132 -41669308.89290 0.0003605063
0016 008663 -41655700.28042 0.0003265860
0017 009199 -41643318.81771 0.0002972333
0018 009733 -41632004.54565 0.0002716948
0019 010266 -41621623.09579 0.0002493622
0020 010802 -41612061.15914 0.0002297348
0021 011330 -41603222.38189 0.0002124090
0022 011861 -41595023.79442 0.0001970662
0023 012394 -41587393.03823 0.0001834536
0024 012918 -41580266.42300 0.0001713648
0025 013446 -41573587.77818 0.0001606205
0026 013978 -41567307.67954 0.0001510598
0027 014509 -41561382.55801 0.0001425428
0028 015038 -41555774.19494 0.0001349417
0029 015571 -41550449.61514 0.0001281309
0030 016105 -41545381.14417 0.0001219835
0031 016640 -41540546.38620 0.0001163729
0032 017176 -41535927.75668 0.0001111836
0033 017712 -41531511.35168 0.0001063273
0034 018246 -41527285.81744 0.0001017428
0035 018777 -41523242.25369 0.0000973713
0036 019308 -41519375.11314 0.0000931320
0037 019842 -41515682.58908 0.0000889350
0038 020374 -41512165.06534 0.0000847276
0039 020906 -41508822.25795 0.0000805260
0040 021438 -41505651.00366 0.0000763995
0041 021968 -41502645.67146 0.0000724078
0042 022503 -41499800.50617 0.0000685538
0043 023036 -41497111.37909 0.0000647986
0044 023565 -41494575.02110 0.0000611213
0045 024098 -41492186.90681 0.0000575524
0046 024634 -41489941.02796 0.0000541278
0047 025168 -41487830.21582 0.0000508753
0048 025701 -41485846.28728 0.0000478195
0049 026233 -41483980.48424 0.0000449744
0050 026762 -41482224.48488 0.0000423296
0051 027293 -41480571.57238 0.0000398463
0052 027755 -41479016.31183 0.0000374937
0053 028178 -41477554.09208 0.0000352520
0054 028608 -41476180.44691 0.0000331178
0055 029040 -41474889.71011 0.0000311200
0056 029459 -41473674.55890 0.0000292985
0057 029854 -41472526.83873 0.0000276735
0058 030241 -41471439.05739 0.0000262290
0059 030619 -41470405.53763 0.0000249212
0060 031000 -41469423.03238 0.0000236917
0061 031385 -41468490.63957 0.0000224839
0062 031767 -41467608.73666 0.0000212668
0063 032154 -41466777.60923 0.0000200428
0064 032537 -41465996.98997 0.0000188252
0065 032923 -41465266.20300 0.0000176238
0066 033309 -41464583.27162 0.0000164700
0067 033691 -41463944.02311 0.0000154167
0068 034080 -41463344.70081 0.0000144541
0069 034450 -41462783.27615 0.0000135403
0070 034810 -41462258.11122 0.0000126659
0071 035177 -41461768.05380 0.0000118194
0072 035538 -41461311.90813 0.0000110016
0073 035897 -41460887.78521 0.0000102294
0074 036268 -41460493.10585 0.0000095193
Start evaluating ...
  Columns 1 through 7

    0.1168    0.1485    0.1596    0.1640    0.1675    0.1706    0.1726

  Columns 8 through 10

    0.1741    0.1763    0.1774

    0.0261

Elapsed time is 36428.391787 seconds.
