nohup: ignoring input

                            < M A T L A B (R) >
                  Copyright 1984-2016 The MathWorks, Inc.
                   R2016a (9.0.0.341360) 64-bit (glnxa64)
                             February 11, 2016

 
To get started, type one of these: helpwin, helpdesk, or demo.
For product information, visit www.mathworks.com.
 

	Academic License

Start learning ...
Init data [Dtype: delicious - Dspec: sp2/0550]
Init social model
Using adagrad ...
Load pretrained shallow-model...
Params [lbd-U: 10.0000|lbd-V: 0.1000|lbd-N: 10.0000|lbd-Q: 0.1000]
Staring Sample 2 - Loc: save/bcdl/delicious-alg61-sp2-cold20170224185050737 
CTR(chongwang)-DAE(User graph) Running - Walks(1)...
-1/200: 4360025.500000/2216.128113/4357809.500000/1.000000000
-2/200: 4353999.500000/2003.121856/4351996.500000/0.001382102
-3/200: 4353729.500000/1812.002740/4351917.500000/0.000062012
-4/200: 4353703.500000/1778.555554/4351925.000000/0.000005972
-5/200: 4353589.500000/1775.500120/4351814.000000/0.000026185
-6/200: 4353595.000000/1775.055291/4351820.000000/0.000001263
-7/200: 4353821.000000/1775.306167/4352045.500000/0.000051911
-8/200: 4353869.500000/1775.882849/4352093.500000/0.000011140
-9/200: 4353835.500000/1776.650647/4352059.000000/0.000007809
-10/200: 4353874.500000/1777.516436/4352097.000000/0.000008958
-11/200: 4353803.000000/1778.446263/4352024.500000/0.000016422
-12/200: 4353741.500000/1779.430765/4351962.000000/0.000014126
-13/200: 4353865.000000/1780.436421/4352084.500000/0.000028366
-14/200: 4353928.500000/1781.456569/4352147.000000/0.000014585
-15/200: 4353844.500000/1782.493649/4352062.000000/0.000019293
-16/200: 4353853.500000/1783.519457/4352070.000000/0.000002067
-17/200: 4353936.000000/1784.537056/4352151.500000/0.000018949
-18/200: 4354082.000000/1785.541967/4352296.500000/0.000033533
-19/200: 4353987.500000/1786.546196/4352201.000000/0.000021704
-20/200: 4354027.000000/1787.532284/4352239.500000/0.000009072
-21/200: 4353905.500000/1788.518604/4352117.000000/0.000027905
-22/200: 4354058.500000/1789.486423/4352269.000000/0.000035141
-23/200: 4354112.500000/1790.444701/4352322.000000/0.000012402
-24/200: 4354181.000000/1791.387471/4352389.500000/0.000015732
-25/200: 4354071.500000/1792.325405/4352279.000000/0.000025148
-26/200: 4354086.500000/1793.252280/4352293.000000/0.000003445
-27/200: 4354038.000000/1794.159566/4352244.000000/0.000011139
-28/200: 4354250.000000/1795.047601/4352455.000000/0.000048690
-29/200: 4354229.000000/1795.924815/4352433.000000/0.000004823
-30/200: 4354169.000000/1796.793830/4352372.000000/0.000013780
-31/200: 4354168.000000/1797.640941/4352370.500000/0.000000230
-32/200: 4354249.500000/1798.482269/4352451.000000/0.000018718
-33/200: 4354012.500000/1799.308500/4352213.000000/0.000054430
-34/200: 4354251.000000/1800.125287/4352451.000000/0.000054777
-35/200: 4354066.000000/1800.925225/4352265.000000/0.000042487
-36/200: 4354218.500000/1801.717897/4352417.000000/0.000035025
-37/200: 4354240.500000/1802.497246/4352438.000000/0.000005053
-38/200: 4354193.000000/1803.263176/4352389.500000/0.000010909
-39/200: 4354261.000000/1804.021941/4352457.000000/0.000015617
-40/200: 4354229.000000/1804.769688/4352424.000000/0.000007349
-41/200: 4354366.000000/1805.508260/4352560.500000/0.000031464
-42/200: 4354384.000000/1806.236850/4352578.000000/0.000004134
-43/200: 4354355.000000/1806.952511/4352548.000000/0.000006660
-44/200: 4354375.500000/1807.652780/4352568.000000/0.000004708
-45/200: 4354355.500000/1808.347186/4352547.000000/0.000004593
-46/200: 4354352.500000/1809.035847/4352543.500000/0.000000689
-47/200: 4354424.500000/1809.711666/4352615.000000/0.000016535
-48/200: 4354418.500000/1810.378734/4352608.000000/0.000001378
-49/200: 4354310.000000/1811.039610/4352499.000000/0.000024917
-50/200: 4354359.500000/1811.690074/4352548.000000/0.000011368
-51/200: 4354363.000000/1812.329243/4352550.500000/0.000000804
-52/200: 4354511.500000/1812.958427/4352698.500000/0.000034104
-53/200: 4354362.500000/1813.584953/4352549.000000/0.000034217
-54/200: 4354434.500000/1814.205513/4352620.500000/0.000016535
-55/200: 4354426.000000/1814.813528/4352611.000000/0.000001952
-56/200: 4354427.000000/1815.413973/4352611.500000/0.000000230
-57/200: 4354468.000000/1816.015117/4352652.000000/0.000009416
-58/200: 4354521.000000/1816.608680/4352704.500000/0.000012171
-59/200: 4354491.000000/1817.194259/4352674.000000/0.000006889
-60/200: 4354505.000000/1817.766382/4352687.000000/0.000003215
-61/200: 4354426.500000/1818.333057/4352608.000000/0.000018027
-62/200: 4354567.000000/1818.896153/4352748.000000/0.000032266
-63/200: 4354499.000000/1819.452162/4352679.500000/0.000015616
-64/200: 4354644.000000/1819.999819/4352824.000000/0.000033299
-65/200: 4354649.500000/1820.545635/4352829.000000/0.000001263
-66/200: 4354633.500000/1821.086377/4352812.500000/0.000003674
-67/200: 4354535.500000/1821.620375/4352714.000000/0.000022505
-68/200: 4354546.000000/1822.145006/4352724.000000/0.000002411
-69/200: 4354571.500000/1822.663162/4352749.000000/0.000005856
-70/200: 4354565.000000/1823.175462/4352742.000000/0.000001493
-71/200: 4354662.500000/1823.683864/4352839.000000/0.000022390
-72/200: 4354613.000000/1824.182743/4352789.000000/0.000011367
-73/200: 4354717.000000/1824.678890/4352892.500000/0.000023883
-74/200: 4354674.000000/1825.170887/4352849.000000/0.000009874
-75/200: 4354639.500000/1825.655423/4352814.000000/0.000007923
-76/200: 4354738.000000/1826.134942/4352912.000000/0.000022620
-77/200: 4354757.500000/1826.610129/4352931.000000/0.000004478
-78/200: 4354756.000000/1827.074128/4352929.000000/0.000000344
-79/200: 4354653.500000/1827.537808/4352826.000000/0.000023537
-80/200: 4354671.000000/1827.993213/4352843.000000/0.000004019
-81/200: 4354729.000000/1828.443724/4352900.500000/0.000013319
-82/200: 4354799.500000/1828.889560/4352970.500000/0.000016189
-83/200: 4354735.000000/1829.331770/4352905.500000/0.000014811
-84/200: 4354719.000000/1829.764744/4352889.000000/0.000003674
-85/200: 4354789.500000/1830.196382/4352959.500000/0.000016189
-86/200: 4354793.500000/1830.619025/4352963.000000/0.000000919
-87/200: 4354805.500000/1831.040734/4352974.500000/0.000002756
-88/200: 4354845.500000/1831.458046/4353014.000000/0.000009185
-89/200: 4354810.500000/1831.869226/4352978.500000/0.000008037
-90/200: 4354844.500000/1832.274614/4353012.000000/0.000007807
-91/200: 4354835.500000/1832.672787/4353003.000000/0.000002067
-92/200: 4354878.000000/1833.067928/4353045.000000/0.000009759
-93/200: 4354855.500000/1833.458545/4353022.000000/0.000005167
-94/200: 4354926.000000/1833.843137/4353092.000000/0.000016189
-95/200: 4354898.500000/1834.225031/4353064.500000/0.000006315
-96/200: 4354860.000000/1834.604107/4353025.500000/0.000008841
-97/200: 4354907.500000/1834.979288/4353072.500000/0.000010907
-98/200: 4354939.000000/1835.348576/4353103.500000/0.000007233
-99/200: 4354952.500000/1835.713502/4353117.000000/0.000003100
Recall at EP-100 ...
  Columns 1 through 7

    0.0142    0.0221    0.0283    0.0340    0.0390    0.0432    0.0470

  Columns 8 through 10

    0.0513    0.0555    0.0589

Mrr at EP-100 ...
    0.0041

-100/200: 4354919.000000/1836.076589/4353083.000000/0.000007692
-101/200: 4354903.000000/1836.431247/4353066.500000/0.000003674
-102/200: 4354944.000000/1836.785263/4353107.000000/0.000009415
-103/200: 4355009.000000/1837.133585/4353172.000000/0.000014926
-104/200: 4354948.500000/1837.477610/4353111.000000/0.000013892
-105/200: 4355004.000000/1837.816822/4353166.000000/0.000012744
-106/200: 4354964.000000/1838.155729/4353126.000000/0.000009185
-107/200: 4355002.000000/1838.491341/4353163.500000/0.000008726
-108/200: 4355051.000000/1838.819495/4353212.000000/0.000011251
-109/200: 4355002.000000/1839.144704/4353163.000000/0.000011251
-110/200: 4354991.500000/1839.467012/4353152.000000/0.000002411
-111/200: 4355072.000000/1839.788322/4353232.000000/0.000018485
-112/200: 4355066.500000/1840.106725/4353226.500000/0.000001263
-113/200: 4355045.000000/1840.420239/4353204.500000/0.000004937
-114/200: 4355028.500000/1840.731144/4353188.000000/0.000003789
-115/200: 4355067.000000/1841.037891/4353226.000000/0.000008840
-116/200: 4355056.000000/1841.339868/4353214.500000/0.000002526
-117/200: 4355108.500000/1841.640296/4353267.000000/0.000012055
-118/200: 4355101.500000/1841.938810/4353259.500000/0.000001607
-119/200: 4355140.000000/1842.231991/4353298.000000/0.000008840
-120/200: 4355118.500000/1842.519228/4353276.000000/0.000004937
-121/200: 4355159.000000/1842.804028/4353316.000000/0.000009299
-122/200: 4355170.000000/1843.085414/4353327.000000/0.000002526
-123/200: 4355143.000000/1843.365303/4353299.500000/0.000006200
-124/200: 4355159.500000/1843.639408/4353316.000000/0.000003789
-125/200: 4355172.500000/1843.911730/4353328.500000/0.000002985
-126/200: 4355173.000000/1844.180599/4353329.000000/0.000000115
-127/200: 4355174.000000/1844.449141/4353329.500000/0.000000230
-128/200: 4355178.500000/1844.714283/4353334.000000/0.000001033
-129/200: 4355181.500000/1844.971813/4353336.500000/0.000000689
-130/200: 4355241.000000/1845.230421/4353396.000000/0.000013662
-131/200: 4355191.000000/1845.484961/4353345.500000/0.000011480
-132/200: 4355241.500000/1845.737909/4353396.000000/0.000011595
-133/200: 4355256.500000/1845.989728/4353410.500000/0.000003444
-134/200: 4355298.000000/1846.236296/4353452.000000/0.000009529
-135/200: 4355224.500000/1846.479995/4353378.000000/0.000016876
-136/200: 4355246.500000/1846.718949/4353400.000000/0.000005051
-137/200: 4355304.500000/1846.957174/4353457.500000/0.000013317
-138/200: 4355290.000000/1847.191612/4353443.000000/0.000003329
-139/200: 4355280.500000/1847.421157/4353433.000000/0.000002181
-140/200: 4355315.000000/1847.651333/4353467.500000/0.000007921
-141/200: 4355328.000000/1847.880892/4353480.000000/0.000002985
-142/200: 4355300.000000/1848.103513/4353452.000000/0.000006429
-143/200: 4355332.500000/1848.325876/4353484.000000/0.000007462
-144/200: 4355346.500000/1848.544708/4353498.000000/0.000003214
-145/200: 4355370.000000/1848.761577/4353521.000000/0.000005396
-146/200: 4355361.000000/1848.975092/4353512.000000/0.000002066
-147/200: 4355375.000000/1849.185694/4353526.000000/0.000003214
-148/200: 4355343.500000/1849.392435/4353494.000000/0.000007232
-149/200: 4355379.500000/1849.597340/4353530.000000/0.000008266
-150/200: 4355396.000000/1849.802291/4353546.000000/0.000003788
-151/200: 4355405.000000/1850.004088/4353555.000000/0.000002066
-152/200: 4355401.500000/1850.203517/4353551.500000/0.000000804
-153/200: 4355411.500000/1850.399118/4353561.000000/0.000002296
-154/200: 4355429.500000/1850.591978/4353579.000000/0.000004133
-155/200: 4355420.000000/1850.783847/4353569.000000/0.000002181
-156/200: 4355434.000000/1850.973206/4353583.000000/0.000003214
-157/200: 4355475.000000/1851.161059/4353624.000000/0.000009414
-158/200: 4355467.000000/1851.345101/4353615.500000/0.000001837
-159/200: 4355481.000000/1851.529534/4353629.500000/0.000003214
-160/200: 4355490.000000/1851.710104/4353638.500000/0.000002066
-161/200: 4355457.500000/1851.887430/4353605.500000/0.000007462
-162/200: 4355479.500000/1852.062859/4353627.500000/0.000005051
-163/200: 4355521.500000/1852.237989/4353669.500000/0.000009643
-164/200: 4355492.000000/1852.410302/4353639.500000/0.000006773
-165/200: 4355539.500000/1852.580967/4353687.000000/0.000010906
-166/200: 4355525.500000/1852.748938/4353673.000000/0.000003214
-167/200: 4355523.500000/1852.914942/4353670.500000/0.000000459
-168/200: 4355551.500000/1853.078260/4353698.500000/0.000006429
-169/200: 4355544.500000/1853.239725/4353691.500000/0.000001607
-170/200: 4355563.000000/1853.400036/4353709.500000/0.000004247
-171/200: 4355560.500000/1853.558688/4353707.000000/0.000000574
-172/200: 4355592.500000/1853.713917/4353739.000000/0.000007347
-173/200: 4355567.000000/1853.868142/4353713.000000/0.000005855
-174/200: 4355631.000000/1854.022301/4353777.000000/0.000014694
-175/200: 4355586.000000/1854.171882/4353732.000000/0.000010331
-176/200: 4355629.000000/1854.321923/4353774.500000/0.000009872
-177/200: 4355648.500000/1854.469880/4353794.000000/0.000004477
-178/200: 4355634.000000/1854.615343/4353779.500000/0.000003329
-179/200: 4355640.500000/1854.757723/4353785.500000/0.000001492
-180/200: 4355625.500000/1854.899224/4353770.500000/0.000003444
-181/200: 4355673.500000/1855.040194/4353818.500000/0.000011020
-182/200: 4355664.000000/1855.177195/4353809.000000/0.000002181
-183/200: 4355687.500000/1855.314666/4353832.000000/0.000005395
-184/200: 4355699.500000/1855.450511/4353844.000000/0.000002755
-185/200: 4355713.000000/1855.584443/4353857.500000/0.000003099
-186/200: 4355701.000000/1855.716816/4353845.500000/0.000002755
-187/200: 4355705.000000/1855.846199/4353849.000000/0.000000918
-188/200: 4355730.000000/1855.974991/4353874.000000/0.000005740
-189/200: 4355742.000000/1856.101406/4353886.000000/0.000002755
-190/200: 4355741.500000/1856.227229/4353885.500000/0.000000115
-191/200: 4355758.000000/1856.351744/4353901.500000/0.000003788
-192/200: 4355771.000000/1856.473737/4353914.500000/0.000002985
-193/200: 4355765.500000/1856.594510/4353909.000000/0.000001263
-194/200: 4355766.000000/1856.713761/4353909.500000/0.000000115
-195/200: 4355790.000000/1856.832715/4353933.000000/0.000005510
-196/200: 4355776.000000/1856.947667/4353919.000000/0.000003214
-197/200: 4355782.500000/1857.062205/4353925.500000/0.000001492
-198/200: 4355771.000000/1857.174356/4353914.000000/0.000002640
-199/200: 4355825.500000/1857.284971/4353968.000000/0.000012512
-200/200: 4355797.500000/1857.394460/4353940.000000/0.000006428
Start evaluating ...
  Columns 1 through 7

    0.0136    0.0217    0.0280    0.0332    0.0379    0.0427    0.0464

  Columns 8 through 10

    0.0501    0.0538    0.0573

    0.0042

Elapsed time is 33286.798372 seconds.
