nohup: ignoring input

                            < M A T L A B (R) >
                  Copyright 1984-2016 The MathWorks, Inc.
                   R2016a (9.0.0.341360) 64-bit (glnxa64)
                             February 11, 2016

 
To get started, type one of these: helpwin, helpdesk, or demo.
For product information, visit www.mathworks.com.
 

	Academic License

Start learning ...
Init data [Dtype: delicious - Dspec: sp2/0550]
Init social model
Using adagrad ...
Load pretrained shallow-model...
Params [lbd-U: 0.1000|lbd-V: 100.0000|lbd-N: 0.1000|lbd-Q: 0.1000]
Staring Sample 2 - Loc: save/bcdl/delicious-alg61-sp2-cold20170224185049924 
CTR(chongwang)-DAE(User graph) Running - Walks(1)...
-1/200: 46541.781250/2963.682719/43578.097656/1.000000000
-2/200: 46345.003906/2841.447428/43503.554688/0.004227972
-3/200: 46191.296875/2686.831451/43504.464844/0.003316583
-4/200: 46159.121094/2652.553764/43506.566406/0.000696577
-5/200: 46153.265625/2646.330329/43506.933594/0.000126854
-6/200: 46155.296875/2647.478669/43507.816406/0.000044011
-7/200: 46161.308594/2650.958137/43510.351562/0.000130250
-8/200: 46165.839844/2655.021506/43510.816406/0.000098161
-9/200: 46169.406250/2659.060805/43510.343750/0.000077252
-10/200: 46173.343750/2662.845677/43510.500000/0.000085284
-11/200: 46175.890625/2666.326172/43509.562500/0.000055159
-12/200: 46178.148438/2669.500722/43508.648438/0.000048896
-13/200: 46181.878906/2672.367154/43509.511719/0.000080784
-14/200: 46184.675781/2674.943720/43509.730469/0.000060562
-15/200: 46185.796875/2677.262275/43508.535156/0.000024274
-16/200: 46187.738281/2679.323470/43508.414062/0.000042035
-17/200: 46190.015625/2681.144715/43508.871094/0.000049306
-18/200: 46192.628906/2682.742861/43509.886719/0.000056577
-19/200: 46192.812500/2684.147647/43508.664062/0.000003975
-20/200: 46194.113281/2685.356117/43508.757812/0.000028160
-21/200: 46193.574219/2686.398277/43507.175781/0.000011670
-22/200: 46195.675781/2687.277018/43508.398438/0.000045495
-23/200: 46196.492188/2688.005742/43508.488281/0.000017673
-24/200: 46197.457031/2688.590722/43508.867188/0.000020886
-25/200: 46196.414062/2689.054828/43507.359375/0.000022576
-26/200: 46196.628906/2689.402156/43507.226562/0.000004651
-27/200: 46196.160156/2689.636514/43506.523438/0.000010147
-28/200: 46197.886719/2689.768077/43508.117188/0.000037375
-29/200: 46197.562500/2689.808012/43507.753906/0.000007018
-30/200: 46196.464844/2689.767671/43506.695312/0.000023760
-31/200: 46196.109375/2689.647334/43506.460938/0.000007695
-32/200: 46196.304688/2689.461949/43506.843750/0.000004228
-33/200: 46193.500000/2689.214775/43504.285156/0.000060712
-34/200: 46195.136719/2688.908670/43506.226562/0.000035432
-35/200: 46192.640625/2688.552909/43504.085938/0.000054034
-36/200: 46193.371094/2688.153169/43505.218750/0.000015814
-37/200: 46192.785156/2687.715225/43505.070312/0.000012684
-38/200: 46191.546875/2687.235642/43504.312500/0.000026807
-39/200: 46191.367188/2686.729623/43504.636719/0.000003890
-40/200: 46190.226562/2686.193249/43504.035156/0.000024693
-41/200: 46190.582031/2685.635036/43504.945312/0.000007696
-42/200: 46189.734375/2685.054712/43504.679688/0.000018351
-43/200: 46188.648438/2684.455776/43504.191406/0.000023510
-44/200: 46188.000000/2683.836353/43504.164062/0.000014039
-45/200: 46186.675781/2683.208088/43503.468750/0.000028670
-46/200: 46185.792969/2682.567844/43503.226562/0.000019114
-47/200: 46185.449219/2681.917386/43503.531250/0.000007443
-48/200: 46184.453125/2681.258079/43503.195312/0.000021567
-49/200: 46182.523438/2680.595592/43501.929688/0.000041782
-50/200: 46181.933594/2679.926128/43502.007812/0.000012772
-51/200: 46181.089844/2679.250877/43501.839844/0.000018270
-52/200: 46181.445312/2678.569690/43502.875000/0.000007697
-53/200: 46179.039062/2677.892489/43501.148438/0.000052104
-54/200: 46178.554688/2677.214250/43501.339844/0.000010489
-55/200: 46177.746094/2676.530209/43501.214844/0.000017510
-56/200: 46176.617188/2675.847225/43500.769531/0.000024447
-57/200: 46175.789062/2675.171169/43500.617188/0.000017934
-58/200: 46175.289062/2674.493704/43500.796875/0.000010828
-59/200: 46173.882812/2673.818321/43500.066406/0.000030455
-60/200: 46173.398438/2673.136554/43500.261719/0.000010490
-61/200: 46171.605469/2672.457815/43499.148438/0.000038831
-62/200: 46171.835938/2671.782671/43500.054688/0.000004992
-63/200: 46170.250000/2671.106617/43499.144531/0.000034349
-64/200: 46170.703125/2670.431791/43500.269531/0.000009814
-65/200: 46169.562500/2669.763646/43499.800781/0.000024705
-66/200: 46168.289062/2669.095045/43499.195312/0.000027582
-67/200: 46166.351562/2668.428171/43497.921875/0.000041966
-68/200: 46165.710938/2667.758952/43497.953125/0.000013876
-69/200: 46164.800781/2667.090625/43497.710938/0.000019715
-70/200: 46163.781250/2666.424879/43497.355469/0.000022085
-71/200: 46163.562500/2665.762329/43497.800781/0.000004739
-72/200: 46162.359375/2665.097329/43497.261719/0.000026062
-73/200: 46162.121094/2664.436579/43497.683594/0.000005162
-74/200: 46160.703125/2663.778621/43496.925781/0.000030717
-75/200: 46159.453125/2663.120113/43496.332031/0.000027079
-76/200: 46159.425781/2662.461465/43496.964844/0.000000592
-77/200: 46158.472656/2661.807528/43496.664062/0.000020649
-78/200: 46157.781250/2661.147690/43496.632812/0.000014979
-79/200: 46155.656250/2660.494987/43495.160156/0.000046038
-80/200: 46154.691406/2659.840811/43494.851562/0.000020904
-81/200: 46154.277344/2659.186806/43495.089844/0.000008971
-82/200: 46154.074219/2658.535371/43495.539062/0.000004401
-83/200: 46152.363281/2657.885743/43494.476562/0.000037070
-84/200: 46151.378906/2657.234628/43494.144531/0.000021329
-85/200: 46150.855469/2656.586504/43494.269531/0.000011342
-86/200: 46150.046875/2655.937555/43494.109375/0.000017521
-87/200: 46149.117188/2655.291711/43493.824219/0.000020145
-88/200: 46148.566406/2654.646951/43493.917969/0.000011935
-89/200: 46147.109375/2654.002587/43493.105469/0.000031573
-90/200: 46146.507812/2653.358369/43493.148438/0.000013036
-91/200: 46145.734375/2652.712166/43493.023438/0.000016760
-92/200: 46145.000000/2652.069497/43492.929688/0.000015914
-93/200: 46143.753906/2651.425720/43492.328125/0.000027004
-94/200: 46143.511719/2650.783850/43492.726562/0.000005249
-95/200: 46142.214844/2650.142873/43492.070312/0.000028105
-96/200: 46140.726562/2649.505681/43491.222656/0.000032254
-97/200: 46140.101562/2648.870507/43491.230469/0.000013546
-98/200: 46139.515625/2648.232331/43491.285156/0.000012699
-99/200: 46138.789062/2647.596575/43491.191406/0.000015747
Recall at EP-100 ...
  Columns 1 through 7

    0.0011    0.0024    0.0032    0.0044    0.0054    0.0062    0.0068

  Columns 8 through 10

    0.0074    0.0083    0.0093

Mrr at EP-100 ...
   4.8327e-04

-100/200: 46137.253906/2646.964252/43490.289062/0.000033273
-101/200: 46136.367188/2646.326114/43490.042969/0.000019219
-102/200: 46135.640625/2645.694146/43489.945312/0.000015748
-103/200: 46135.234375/2645.062434/43490.171875/0.000008806
-104/200: 46133.945312/2644.428537/43489.515625/0.000027941
-105/200: 46133.410156/2643.796347/43489.613281/0.000011600
-106/200: 46131.820312/2643.167961/43488.652344/0.000034462
-107/200: 46131.195312/2642.540437/43488.656250/0.000013548
-108/200: 46130.992188/2641.909577/43489.082031/0.000004403
-109/200: 46129.445312/2641.279917/43488.164062/0.000033532
-110/200: 46128.441406/2640.650723/43487.789062/0.000021763
-111/200: 46127.710938/2640.028544/43487.683594/0.000015836
-112/200: 46126.878906/2639.405957/43487.472656/0.000018038
-113/200: 46125.757812/2638.782801/43486.976562/0.000024305
-114/200: 46124.464844/2638.160757/43486.304688/0.000028031
-115/200: 46123.703125/2637.540225/43486.164062/0.000016514
-116/200: 46122.878906/2636.917994/43485.960938/0.000017870
-117/200: 46122.500000/2636.297154/43486.203125/0.000008215
-118/200: 46121.246094/2635.679990/43485.566406/0.000027186
-119/200: 46120.503906/2635.062479/43485.441406/0.000016092
-120/200: 46119.746094/2634.441987/43485.304688/0.000016431
-121/200: 46119.132812/2633.822269/43485.308594/0.000013298
-122/200: 46118.203125/2633.203743/43485.000000/0.000020158
-123/200: 46116.714844/2632.589388/43484.125000/0.000032271
-124/200: 46116.339844/2631.971240/43484.367188/0.000008132
-125/200: 46115.289062/2631.355969/43483.933594/0.000022785
-126/200: 46114.148438/2630.742172/43483.406250/0.000024734
-127/200: 46113.078125/2630.131011/43482.945312/0.000023210
-128/200: 46111.980469/2629.521274/43482.460938/0.000023804
-129/200: 46111.683594/2628.905735/43482.777344/0.000006438
-130/200: 46111.000000/2628.294420/43482.707031/0.000014825
-131/200: 46109.289062/2627.686057/43481.601562/0.000037105
-132/200: 46108.761719/2627.078604/43481.683594/0.000011437
-133/200: 46107.765625/2626.473845/43481.292969/0.000021603
-134/200: 46107.503906/2625.867005/43481.636719/0.000005676
-135/200: 46105.769531/2625.261381/43480.507812/0.000037616
-136/200: 46104.980469/2624.653723/43480.328125/0.000017114
-137/200: 46104.585938/2624.049624/43480.535156/0.000008557
-138/200: 46103.597656/2623.444766/43480.152344/0.000021436
-139/200: 46102.613281/2622.839202/43479.773438/0.000021351
-140/200: 46101.699219/2622.237053/43479.460938/0.000019827
-141/200: 46100.554688/2621.638781/43478.914062/0.000024826
-142/200: 46099.746094/2621.035957/43478.710938/0.000017540
-143/200: 46098.699219/2620.437607/43478.261719/0.000022709
-144/200: 46098.359375/2619.836832/43478.523438/0.000007372
-145/200: 46097.078125/2619.240682/43477.835938/0.000027794
-146/200: 46096.484375/2618.642186/43477.843750/0.000012880
-147/200: 46095.585938/2618.043898/43477.542969/0.000019490
-148/200: 46094.425781/2617.445131/43476.980469/0.000025168
-149/200: 46093.660156/2616.848271/43476.812500/0.000016610
-150/200: 46092.574219/2616.254550/43476.320312/0.000023559
-151/200: 46091.593750/2615.661919/43475.933594/0.000021272
-152/200: 46090.750000/2615.068621/43475.679688/0.000018306
-153/200: 46090.121094/2614.474113/43475.648438/0.000013645
-154/200: 46089.203125/2613.881145/43475.320312/0.000019917
-155/200: 46088.027344/2613.290078/43474.738281/0.000025511
-156/200: 46087.027344/2612.699871/43474.328125/0.000021698
-157/200: 46086.593750/2612.110879/43474.484375/0.000009408
-158/200: 46085.746094/2611.520742/43474.226562/0.000018393
-159/200: 46084.515625/2610.934915/43473.582031/0.000026700
-160/200: 46083.542969/2610.349446/43473.195312/0.000021106
-161/200: 46082.894531/2609.761237/43473.132812/0.000014071
-162/200: 46081.992188/2609.174559/43472.816406/0.000019581
-163/200: 46081.500000/2608.589237/43472.910156/0.000010681
-164/200: 46079.542969/2608.006038/43471.535156/0.000042469
-165/200: 46079.449219/2607.423292/43472.027344/0.000002035
-166/200: 46078.156250/2606.840837/43471.316406/0.000028060
-167/200: 46077.406250/2606.257478/43471.148438/0.000016277
-168/200: 46076.667969/2605.676385/43470.992188/0.000016023
-169/200: 46075.617188/2605.095553/43470.523438/0.000022805
-170/200: 46074.484375/2604.516094/43469.968750/0.000024586
-171/200: 46073.582031/2603.938890/43469.644531/0.000019584
-172/200: 46073.214844/2603.360386/43469.855469/0.000007970
-173/200: 46071.679688/2602.783210/43468.894531/0.000033320
-174/200: 46071.144531/2602.208909/43468.937500/0.000011616
-175/200: 46070.191406/2601.632869/43468.558594/0.000020688
-176/200: 46069.113281/2601.059935/43468.054688/0.000023402
-177/200: 46068.425781/2600.487435/43467.937500/0.000014923
-178/200: 46067.820312/2599.913459/43467.906250/0.000013143
-179/200: 46066.765625/2599.340246/43467.425781/0.000022894
-180/200: 46065.515625/2598.769335/43466.746094/0.000027135
-181/200: 46064.769531/2598.200691/43466.570312/0.000016196
-182/200: 46064.156250/2597.629241/43466.527344/0.000013313
-183/200: 46062.859375/2597.061442/43465.796875/0.000028154
-184/200: 46062.132812/2596.494987/43465.636719/0.000015773
-185/200: 46061.265625/2595.928167/43465.335938/0.000018826
-186/200: 46060.167969/2595.362562/43464.804688/0.000023830
-187/200: 46059.679688/2594.796130/43464.882812/0.000010601
-188/200: 46058.785156/2594.232348/43464.554688/0.000019421
-189/200: 46057.496094/2593.668452/43463.828125/0.000027987
-190/200: 46056.726562/2593.105965/43463.621094/0.000016708
-191/200: 46055.742188/2592.545190/43463.195312/0.000021373
-192/200: 46055.179688/2591.984094/43463.195312/0.000012213
-193/200: 46053.941406/2591.423083/43462.519531/0.000026887
-194/200: 46052.949219/2590.863834/43462.085938/0.000021544
-195/200: 46051.925781/2590.307562/43461.617188/0.000022223
-196/200: 46051.382812/2589.748196/43461.632812/0.000011790
-197/200: 46050.625000/2589.188876/43461.437500/0.000016456
-198/200: 46049.578125/2588.630741/43460.949219/0.000022733
-199/200: 46048.847656/2588.074237/43460.773438/0.000015863
-200/200: 46047.917969/2587.582299/43460.335938/0.000020189
Start evaluating ...
  Columns 1 through 7

    0.0011    0.0023    0.0030    0.0038    0.0045    0.0056    0.0060

  Columns 8 through 10

    0.0070    0.0072    0.0079

   4.7273e-04

Elapsed time is 33384.358746 seconds.
