nohup: ignoring input

                            < M A T L A B (R) >
                  Copyright 1984-2016 The MathWorks, Inc.
                   R2016a (9.0.0.341360) 64-bit (glnxa64)
                             February 11, 2016

 
To get started, type one of these: helpwin, helpdesk, or demo.
For product information, visit www.mathworks.com.
 

	Academic License

Start learning ...
Init data [Dtype: delicious - Dspec: sp2/2550]
Init social model
Using adagrad ...
Params [lbd-U: 0.0100|lbd-V: 100.0000|lbd-N: 0.0100|lbd-Q: 0.0500]
Staring Sample 2 - Loc: save/ctr/delicious-alg80-sp2-cold20170225193319636 
CTR(chongwang) Running ...

iter time likelihood:[r:u:v] converge
0001 000283 -14472.50000:[0.00000:0.00000:-0.00000] 1.0000000000
0002 000560 -7782.04360:[17376.28878:-1104.75478:-2647.45413] 0.4622875382
0003 000832 -6910.25699:[19254.36815:-1528.04931:-2496.50516] 0.1120254090
0004 001108 -6461.51267:[19986.35269:-1632.17369:-2246.53947] 0.0649388752
0005 001375 -6183.13934:[20387.26959:-1682.67224:-2085.88167] 0.0430817590
0006 001628 -6006.95614:[20628.85308:-1716.23475:-1987.95529] 0.0284941328
0007 001882 -5895.03282:[20785.31543:-1744.30337:-1929.38904] 0.0186322862
0008 002134 -5824.26626:[20891.25797:-1770.19660:-1895.66062] 0.0120044379
0009 002383 -5780.02826:[20965.72070:-1794.89645:-1877.60905] 0.0075954633
0010 002637 -5752.96865:[21019.98244:-1818.63717:-1869.42152] 0.0046815712
0011 002889 -5737.11280:[21060.90548:-1841.41988:-1867.42305] 0.0027561159
0012 003143 -5728.64590:[21092.72282:-1863.19214:-1869.30080] 0.0014758114
0013 003394 -5725.12458:[21118.08690:-1883.90862:-1873.60244] 0.0006146878
0014 003647 -5724.96945:[21138.70216:-1903.54786:-1879.41232] 0.0000270959
0015 003910 -5727.14400:[21155.69969:-1922.11144:-1886.14726] 0.0003798362
0016 004141 -5730.95446:[21169.85677:-1939.61806:-1893.43036] 0.0006653339
0017 004346 -5735.92579:[21181.72702:-1956.09762:-1901.01377] 0.0008674514
0018 004538 -5741.72407:[21191.71911:-1971.58647:-1908.73099] 0.0010108708
0019 004719 -5748.10713:[21200.14569:-1986.12417:-1916.46696] 0.0011116989
0020 004893 -5754.89268:[21207.25442:-1999.75122:-1924.13903] 0.0011804832
0021 005047 -5761.93772:[21213.24769:-2012.50769:-1931.68499] 0.0012241827
0022 005218 -5769.12571:[21218.29517:-2024.43243:-1939.05583] 0.0012474950
0023 005379 -5776.35887:[21222.54167:-2035.56278:-1946.21164] 0.0012537712
0024 005521 -5783.55404:[21226.11183:-2045.93456:-1953.11959] 0.0012456242
0025 005677 -5790.64042:[21229.11328:-2055.58223:-1959.75296] 0.0012252627
0026 005800 -5797.55800:[21231.63916:-2064.53913:-1966.09044] 0.0011946142
0027 005968 -5804.25628:[21233.77045:-2072.83773:-1972.11542] 0.0011553634
0028 006136 -5810.69302:[21235.57780:-2080.50974:-1977.81536] 0.0011089675
0029 006292 -5816.83288:[21237.12323:-2087.58617:-1983.18093] 0.0010566501
0030 006447 -5822.64637:[21238.46148:-2094.09736:-1988.20540] 0.0009994238
0031 006566 -5828.10904:[21239.64078:-2100.07295:-1992.88427] 0.0009381771
0032 006705 -5833.20170:[21240.70270:-2105.54186:-1997.21540] 0.0008738097
0033 006848 -5837.91073:[21241.68202:-2110.53244:-2001.19937] 0.0008072807
0034 006952 -5842.22746:[21242.60809:-2115.07261:-2004.83900] 0.0007394309
0035 007065 -5846.14688:[21243.50645:-2119.18967:-2008.13847] 0.0006708772
0036 007181 -5849.66718:[21244.39900:-2122.91014:-2011.10319] 0.0006021573
0037 007331 -5852.78968:[21245.30380:-2126.25950:-2013.73984] 0.0005337919
0038 007500 -5855.51846:[21246.23542:-2129.26219:-2016.05632] 0.0004662360
0039 007668 -5857.85987:[21247.20551:-2131.94168:-2018.06162] 0.0003998638
0040 007837 -5859.82228:[21248.22326:-2134.32058:-2019.76581] 0.0003350033
0041 008005 -5861.41608:[21249.29552:-2136.42069:-2021.18011] 0.0002719887
0042 008174 -5862.65386:[21250.42687:-2138.26304:-2022.31701] 0.0002111746
0043 008329 -5863.55038:[21251.61956:-2139.86787:-2023.19026] 0.0001529197
0044 008442 -5864.12249:[21252.87381:-2141.25469:-2023.81487] 0.0000975703
0045 008537 -5864.38896:[21254.18811:-2142.44233:-2024.20691] 0.0000454405
0046 008689 -5864.37012:[21255.55977:-2143.44898:-2024.38325] 0.0000032111
Start evaluating ...
  Columns 1 through 7

    0.0748    0.0898    0.0960    0.1001    0.1031    0.1056    0.1073

  Columns 8 through 10

    0.1094    0.1107    0.1120

    0.0161

Elapsed time is 8779.355452 seconds.
