nohup: ignoring input

                            < M A T L A B (R) >
                  Copyright 1984-2016 The MathWorks, Inc.
                   R2016a (9.0.0.341360) 64-bit (glnxa64)
                             February 11, 2016

 
To get started, type one of these: helpwin, helpdesk, or demo.
For product information, visit www.mathworks.com.
 

	Academic License

Start learning ...
Init data [Dtype: delicious - Dspec: sp2/0550]
Init social model
Using adagrad ...
Load pretrained shallow-model...
Params [lbd-U: 1.0000|lbd-V: 100.0000|lbd-N: 1.0000|lbd-Q: 0.1000]
Staring Sample 2 - Loc: save/bcdl/delicious-alg61-sp2-cold20170224185050612 
CTR(chongwang)-DAE(User graph) Running - Walks(1)...
-1/200: 438946.937500/3165.959285/435780.968750/1.000000000
-2/200: 437923.156250/2762.887117/435160.281250/0.002332358
-3/200: 437934.937500/2754.468639/435180.468750/0.000026903
-4/200: 437940.812500/2756.413181/435184.406250/0.000013415
-5/200: 437932.156250/2758.881525/435173.281250/0.000019766
-6/200: 437934.937500/2761.155982/435173.781250/0.000006351
-7/200: 437959.281250/2763.254128/435196.031250/0.000055588
-8/200: 437965.750000/2765.224408/435200.531250/0.000014770
-9/200: 437964.125000/2767.094447/435197.031250/0.000003710
-10/200: 437969.468750/2768.829027/435200.625000/0.000012201
-11/200: 437963.937500/2770.468076/435193.468750/0.000012629
-12/200: 437959.093750/2772.040110/435187.062500/0.000011060
-13/200: 437972.718750/2773.530397/435199.187500/0.000031110
-14/200: 437980.187500/2774.953906/435205.218750/0.000017053
-15/200: 437972.812500/2776.335465/435196.468750/0.000016839
-16/200: 437974.968750/2777.648911/435197.312500/0.000004923
-17/200: 437984.343750/2778.901085/435205.437500/0.000021405
-18/200: 437999.500000/2780.097257/435219.406250/0.000034605
-19/200: 437991.187500/2781.265403/435209.937500/0.000018978
-20/200: 437996.125000/2782.382395/435213.750000/0.000011273
-21/200: 437984.812500/2783.475715/435201.343750/0.000025828
-22/200: 438001.031250/2784.531776/435216.500000/0.000037030
-23/200: 438007.093750/2785.559304/435221.531250/0.000013841
-24/200: 438014.656250/2786.550137/435228.093750/0.000017266
-25/200: 438004.500000/2787.523334/435216.968750/0.000023187
-26/200: 438006.812500/2788.474657/435218.343750/0.000005280
-27/200: 438002.843750/2789.394062/435213.437500/0.000009061
-28/200: 438024.406250/2790.284811/435234.125000/0.000049229
-29/200: 438023.156250/2791.155295/435232.000000/0.000002854
-30/200: 438017.593750/2792.009449/435225.593750/0.000012699
-31/200: 438018.406250/2792.837394/435225.562500/0.000001855
-32/200: 438027.156250/2793.654388/435233.500000/0.000019976
-33/200: 438004.125000/2794.453466/435209.656250/0.000052580
-34/200: 438028.562500/2795.234737/435233.312500/0.000055793
-35/200: 438010.625000/2796.001233/435214.625000/0.000040951
-36/200: 438026.468750/2796.756997/435229.718750/0.000036172
-37/200: 438029.125000/2797.499767/435231.625000/0.000006064
-38/200: 438025.000000/2798.224462/435226.781250/0.000009417
-39/200: 438032.250000/2798.943263/435233.312500/0.000016552
-40/200: 438029.625000/2799.647595/435229.968750/0.000005993
-41/200: 438043.906250/2800.343594/435243.562500/0.000032603
-42/200: 438046.218750/2801.029262/435245.187500/0.000005279
-43/200: 438043.812500/2801.702827/435242.125000/0.000005493
-44/200: 438046.500000/2802.361671/435244.125000/0.000006135
-45/200: 438044.781250/2803.015385/435241.781250/0.000003924
-46/200: 438045.031250/2803.661609/435241.375000/0.000000571
-47/200: 438052.687500/2804.297607/435248.375000/0.000017478
-48/200: 438052.656250/2804.924661/435247.718750/0.000000071
-49/200: 438042.281250/2805.548094/435236.718750/0.000023684
-50/200: 438047.718750/2806.161677/435241.562500/0.000012413
-51/200: 438048.531250/2806.765514/435241.781250/0.000001855
-52/200: 438063.875000/2807.359598/435256.500000/0.000035028
-53/200: 438049.468750/2807.954274/435241.500000/0.000032886
-54/200: 438056.875000/2808.543568/435248.343750/0.000016907
-55/200: 438056.656250/2809.120096/435247.531250/0.000000499
-56/200: 438057.156250/2809.692266/435247.468750/0.000001141
-57/200: 438061.625000/2810.267916/435251.343750/0.000010201
-58/200: 438067.250000/2810.836055/435256.406250/0.000012841
-59/200: 438064.812500/2811.399006/435253.406250/0.000005564
-60/200: 438066.687500/2811.948992/435254.750000/0.000004280
-61/200: 438059.218750/2812.495869/435246.718750/0.000017049
-62/200: 438073.625000/2813.040289/435260.593750/0.000032887
-63/200: 438067.281250/2813.578335/435253.687500/0.000014481
-64/200: 438082.218750/2814.110424/435268.093750/0.000034099
-65/200: 438083.062500/2814.644633/435268.406250/0.000001926
-66/200: 438081.906250/2815.173739/435266.718750/0.000002639
-67/200: 438072.312500/2815.697649/435256.625000/0.000021899
-68/200: 438074.093750/2816.213557/435257.875000/0.000004066
-69/200: 438076.781250/2816.724461/435260.062500/0.000006135
-70/200: 438076.593750/2817.232872/435259.375000/0.000000428
-71/200: 438086.656250/2817.739636/435268.906250/0.000022970
-72/200: 438082.187500/2818.238033/435263.937500/0.000010201
-73/200: 438092.875000/2818.736500/435274.125000/0.000024396
-74/200: 438088.875000/2819.232301/435269.656250/0.000009130
-75/200: 438085.812500/2819.722554/435266.093750/0.000006991
-76/200: 438096.156250/2820.208242/435275.937500/0.000023611
-77/200: 438098.375000/2820.693750/435277.687500/0.000005065
-78/200: 438098.718750/2821.167939/435277.562500/0.000000785
-79/200: 438088.718750/2821.645690/435267.062500/0.000022826
-80/200: 438090.843750/2822.116455/435268.718750/0.000004851
-81/200: 438096.968750/2822.583127/435274.375000/0.000013981
-82/200: 438104.375000/2823.048253/435281.312500/0.000016906
-83/200: 438098.312500/2823.511124/435274.812500/0.000013838
-84/200: 438097.031250/2823.967212/435273.062500/0.000002925
-85/200: 438104.468750/2824.422947/435280.031250/0.000016977
-86/200: 438105.343750/2824.873049/435280.468750/0.000001997
-87/200: 438106.687500/2825.322835/435281.375000/0.000003067
-88/200: 438111.000000/2825.769422/435285.218750/0.000009843
-89/200: 438107.750000/2826.212446/435281.531250/0.000007418
-90/200: 438111.656250/2826.651642/435285.000000/0.000008916
-91/200: 438111.281250/2827.084640/435284.187500/0.000000856
-92/200: 438115.718750/2827.517449/435288.187500/0.000010129
-93/200: 438113.687500/2827.945469/435285.750000/0.000004636
-94/200: 438121.187500/2828.371518/435292.812500/0.000017119
-95/200: 438118.687500/2828.795173/435289.906250/0.000005706
-96/200: 438115.125000/2829.219292/435285.906250/0.000008131
-97/200: 438120.312500/2829.641473/435290.656250/0.000011840
-98/200: 438123.781250/2830.057075/435293.718750/0.000007917
-99/200: 438125.343750/2830.471874/435294.875000/0.000003566
Recall at EP-100 ...
  Columns 1 through 7

    0.0010    0.0023    0.0032    0.0042    0.0052    0.0062    0.0072

  Columns 8 through 10

    0.0080    0.0089    0.0096

Mrr at EP-100 ...
   5.0577e-04

-100/200: 438122.250000/2830.886964/435291.375000/0.000007061
-101/200: 438121.062500/2831.292609/435289.781250/0.000002710
-102/200: 438125.437500/2831.701206/435293.750000/0.000009986
-103/200: 438132.343750/2832.106732/435300.250000/0.000015763
-104/200: 438126.656250/2832.506893/435294.156250/0.000012981
-105/200: 438132.406250/2832.905689/435299.500000/0.000013124
-106/200: 438128.625000/2833.305277/435295.312500/0.000008630
-107/200: 438132.750000/2833.703204/435299.031250/0.000009415
-108/200: 438138.125000/2834.094301/435304.031250/0.000012268
-109/200: 438133.562500/2834.483484/435299.093750/0.000010413
-110/200: 438132.687500/2834.870777/435297.812500/0.000001997
-111/200: 438140.906250/2835.261703/435305.656250/0.000018759
-112/200: 438140.687500/2835.650087/435305.031250/0.000000499
-113/200: 438138.937500/2836.035068/435302.906250/0.000003994
-114/200: 438137.500000/2836.417899/435301.093750/0.000003281
-115/200: 438141.625000/2836.799369/435304.812500/0.000009415
-116/200: 438140.812500/2837.176700/435303.625000/0.000001854
-117/200: 438146.437500/2837.552462/435308.875000/0.000012838
-118/200: 438145.750000/2837.929893/435307.812500/0.000001569
-119/200: 438150.093750/2838.303418/435311.781250/0.000009914
-120/200: 438148.500000/2838.671661/435309.843750/0.000003637
-121/200: 438152.625000/2839.037628/435313.593750/0.000009415
-122/200: 438154.000000/2839.402062/435314.593750/0.000003138
-123/200: 438151.562500/2839.768491/435311.781250/0.000005563
-124/200: 438153.750000/2840.128132/435313.625000/0.000004993
-125/200: 438155.250000/2840.487955/435314.750000/0.000003423
-126/200: 438155.468750/2840.847290/435314.625000/0.000000499
-127/200: 438155.781250/2841.206546/435314.562500/0.000000713
-128/200: 438156.406250/2841.564953/435314.843750/0.000001426
-129/200: 438157.281250/2841.914594/435315.375000/0.000001997
-130/200: 438163.500000/2842.266550/435321.218750/0.000014193
-131/200: 438158.437500/2842.618355/435315.812500/0.000011554
-132/200: 438163.843750/2842.969232/435320.875000/0.000012339
-133/200: 438165.500000/2843.320239/435322.187500/0.000003780
-134/200: 438170.093750/2843.666725/435326.437500/0.000010484
-135/200: 438163.156250/2844.011779/435319.156250/0.000015833
-136/200: 438165.468750/2844.352751/435321.125000/0.000005278
-137/200: 438171.593750/2844.694923/435326.906250/0.000013979
-138/200: 438170.406250/2845.033840/435325.375000/0.000002710
-139/200: 438169.687500/2845.369576/435324.312500/0.000001640
-140/200: 438173.375000/2845.706983/435327.656250/0.000008416
-141/200: 438174.750000/2846.045693/435328.718750/0.000003138
-142/200: 438172.656250/2846.377458/435326.281250/0.000004778
-143/200: 438175.843750/2846.711360/435329.125000/0.000007275
-144/200: 438177.812500/2847.041025/435330.781250/0.000004493
-145/200: 438180.093750/2847.372550/435332.718750/0.000005206
-146/200: 438179.687500/2847.699763/435332.000000/0.000000927
-147/200: 438181.218750/2848.025075/435333.187500/0.000003495
-148/200: 438178.468750/2848.347261/435330.125000/0.000006276
-149/200: 438182.281250/2848.669552/435333.625000/0.000008701
-150/200: 438184.062500/2848.992766/435335.062500/0.000004065
-151/200: 438185.156250/2849.315258/435335.843750/0.000002496
-152/200: 438185.187500/2849.634311/435335.562500/0.000000071
Start evaluating ...
  Columns 1 through 7

    0.0009    0.0017    0.0028    0.0036    0.0045    0.0052    0.0058

  Columns 8 through 10

    0.0065    0.0073    0.0079

   4.6813e-04

Elapsed time is 27426.944478 seconds.
