nohup: ignoring input

                            < M A T L A B (R) >
                  Copyright 1984-2016 The MathWorks, Inc.
                   R2016a (9.0.0.341360) 64-bit (glnxa64)
                             February 11, 2016

 
To get started, type one of these: helpwin, helpdesk, or demo.
For product information, visit www.mathworks.com.
 

	Academic License

Start learning ...
Init data [Dtype: delicious - Dspec: sp2/5050]
Init social model
Using adagrad ...
Params [lbd-U: 100.0000|lbd-V: 1.0000|lbd-N: 100.0000|lbd-Q: 0.0100]
Staring Sample 2 - Loc: save/ctrsmf/delicious-alg90-sp2-cold20170226203646574 
CTR-SMF Running ...

iter time likelihood converge
0001 000514 -44456573.88301 1.0000000000
0002 001057 -43370411.44447 0.0244319871
0003 001591 -42437372.38759 0.0215132627
0004 002126 -42165047.47650 0.0064171011
0005 002665 -42042645.38007 0.0029029280
0006 003205 -41959459.17121 0.0019786150
0007 003754 -41900963.35098 0.0013941033
0008 004304 -41858730.43101 0.0010079224
0009 004858 -41825567.19592 0.0007922657
0010 005400 -41797963.49929 0.0006599718
0011 005949 -41774144.59403 0.0005698580
0012 006494 -41753198.74514 0.0005014070
0013 007050 -41734581.15341 0.0004458962
0014 007599 -41717907.52893 0.0003995158
0015 008152 -41702884.06444 0.0003601203
0016 008700 -41689277.18138 0.0003262816
0017 009240 -41676895.60555 0.0002969967
0018 009796 -41665579.71598 0.0002715147
0019 010349 -41655195.36677 0.0002492309
0020 010902 -41645629.37507 0.0002296470
0021 011457 -41636785.48356 0.0002123606
0022 012007 -41628580.85930 0.0001970523
0023 012563 -41620943.35376 0.0001834678
0024 013112 -41613809.52547 0.0001714000
0025 013657 -41607123.38605 0.0001606712
0026 014195 -41600835.54288 0.0001511242
0027 014736 -41594902.35325 0.0001426219
0028 015270 -41589285.56184 0.0001350356
0029 015805 -41583952.28548 0.0001282368
0030 016340 -41578875.03348 0.0001220964
0031 016870 -41574031.59270 0.0001164880
0032 017397 -41569404.53002 0.0001112969
0033 017925 -41564980.09175 0.0001064350
0034 018448 -41560747.06959 0.0001018411
0035 018969 -41556696.61330 0.0000974587
0036 019485 -41552823.03344 0.0000932119
0037 020004 -41549124.24319 0.0000890142
0038 020526 -41545600.48239 0.0000848095
0039 021043 -41542251.74978 0.0000806038
0040 021560 -41539075.49210 0.0000764585
0041 022067 -41536066.61865 0.0000724348
0042 022566 -41533219.63822 0.0000685424
0043 023065 -41530530.30211 0.0000647514
0044 023565 -41527994.40167 0.0000610611
0045 024065 -41525606.35260 0.0000575046
0046 024565 -41523359.47451 0.0000541083
0047 025063 -41521246.05213 0.0000508972
0048 025560 -41519257.26380 0.0000478981
0049 026057 -41517383.54954 0.0000451288
0050 026557 -41515615.76216 0.0000425795
0051 027061 -41513946.59152 0.0000402059
0052 027538 -41512370.61768 0.0000379625
0053 027976 -41510884.33700 0.0000358033
0054 028410 -41509485.34231 0.0000337019
0055 028840 -41508170.21417 0.0000316826
0056 029253 -41506933.33905 0.0000297984
0057 029650 -41505767.39062 0.0000280904
0058 030064 -41504664.94367 0.0000265613
0059 030483 -41503619.87648 0.0000251795
0060 030900 -41502628.18818 0.0000238940
0061 031316 -41501688.06345 0.0000226522
0062 031723 -41500798.94339 0.0000214237
0063 032130 -41499960.48241 0.0000202035
0064 032540 -41499171.95345 0.0000190007
0065 032935 -41498431.99429 0.0000178307
0066 033341 -41497738.69369 0.0000167067
0067 033738 -41497088.93912 0.0000156576
0068 034139 -41496480.44110 0.0000146636
0069 034542 -41495912.33134 0.0000136906
0070 034942 -41495383.38871 0.0000127469
0071 035331 -41494892.21140 0.0000118369
0072 035720 -41494437.08823 0.0000109682
0073 036112 -41494015.87343 0.0000101511
0074 036491 -41493625.91295 0.0000093980
Start evaluating ...
  Columns 1 through 7

    0.0013    0.0024    0.0034    0.0044    0.0052    0.0061    0.0072

  Columns 8 through 10

    0.0083    0.0092    0.0096

   4.3703e-04

Elapsed time is 36637.563469 seconds.
