nohup: ignoring input

                            < M A T L A B (R) >
                  Copyright 1984-2016 The MathWorks, Inc.
                   R2016a (9.0.0.341360) 64-bit (glnxa64)
                             February 11, 2016

 
To get started, type one of these: helpwin, helpdesk, or demo.
For product information, visit www.mathworks.com.
 

	Academic License

Start learning ...
Init data [Dtype: delicious - Dspec: sp2/2550]
Init social model
Using adagrad ...
Params [lbd-U: 1.0000|lbd-V: 100.0000|lbd-N: 1.0000|lbd-Q: 0.0500]
Staring Sample 2 - Loc: save/ctrsmf/delicious-alg90-sp2-cold20170225193344915 
CTR-SMF Running ...

iter time likelihood converge
0001 000301 -30076423.40490 1.0000000000
0002 000586 -29305712.51020 0.0256250846
0003 000876 -28675372.91651 0.0215091032
0004 001174 -28490102.76905 0.0064609499
0005 001449 -28404995.53504 0.0029872561
0006 001720 -28345791.71427 0.0020842750
0007 001991 -28304318.42727 0.0014631197
0008 002265 -28275209.84747 0.0010284148
0009 002538 -28252941.10477 0.0007875713
0010 002808 -28234726.13526 0.0006447106
0011 003077 -28219164.63547 0.0005511475
0012 003349 -28205567.65733 0.0004818349
0013 003616 -28193540.90967 0.0004263962
0014 003890 -28182814.58848 0.0003804531
0015 004129 -28173185.36286 0.0003416701
0016 004342 -28164492.70000 0.0003085438
0017 004549 -28156605.55072 0.0002800387
0018 004741 -28149414.65660 0.0002553892
0019 004926 -28142828.16028 0.0002339834
0020 005107 -28136768.43467 0.0002153204
0021 005285 -28131169.39747 0.0001989936
0022 005464 -28125974.33381 0.0001846729
0023 005572 -28121134.36290 0.0001720819
0024 005752 -28116607.51142 0.0001609768
0025 005864 -28112357.84604 0.0001511443
0026 005962 -28108354.38846 0.0001424092
0027 006076 -28104570.26912 0.0001346261
0028 006195 -28100982.27052 0.0001276660
0029 006293 -28097570.51716 0.0001214105
0030 006426 -28094318.36971 0.0001157448
0031 006558 -28091212.94187 0.0001105358
0032 006661 -28088245.32194 0.0001056423
0033 006792 -28085409.04695 0.0001009773
0034 006905 -28082698.68649 0.0000965042
0035 007016 -28080109.23551 0.0000922081
0036 007146 -28077635.79574 0.0000880851
0037 007266 -28075273.62620 0.0000841299
0038 007377 -28073018.48887 0.0000803247
0039 007507 -28070866.96236 0.0000766404
0040 007605 -28068816.25751 0.0000730546
0041 007724 -28066863.57172 0.0000695678
0042 007834 -28065006.01911 0.0000661831
0043 007931 -28063241.11369 0.0000628863
0044 008037 -28061566.91792 0.0000596580
0045 008140 -28059981.68296 0.0000564913
0046 008283 -28058483.13805 0.0000534051
0047 008463 -28057067.98008 0.0000504360
0048 008644 -28055731.93206 0.0000476189
0049 008778 -28054470.48650 0.0000449621
0050 008875 -28053279.83656 0.0000424406
0051 008973 -28052156.96581 0.0000400264
0052 009116 -28051098.57970 0.0000377292
0053 009294 -28050100.75984 0.0000355715
0054 009474 -28049159.52109 0.0000335556
0055 009642 -28048271.31718 0.0000316660
0056 009821 -28047433.25402 0.0000298793
0057 010000 -28046643.30373 0.0000281648
0058 010179 -28045899.97626 0.0000265033
0059 010359 -28045201.57663 0.0000249020
0060 010538 -28044545.82295 0.0000233820
0061 010717 -28043929.88025 0.0000219630
0062 010895 -28043351.72327 0.0000206161
0063 011073 -28042809.25338 0.0000193440
0064 011252 -28042299.81183 0.0000181666
0065 011430 -28041821.17467 0.0000170684
0066 011609 -28041371.66617 0.0000160299
0067 011787 -28040950.69351 0.0000150126
0068 011966 -28040557.97263 0.0000140053
0069 012144 -28040192.19866 0.0000130445
0070 012323 -28039851.88441 0.0000121367
0071 012501 -28039535.55920 0.0000112813
0072 012680 -28039241.71176 0.0000104798
0073 012847 -28038968.82538 0.0000097323
Start evaluating ...
  Columns 1 through 7

    0.0044    0.0078    0.0103    0.0135    0.0156    0.0179    0.0202

  Columns 8 through 10

    0.0225    0.0240    0.0255

    0.0017

Elapsed time is 12945.262319 seconds.
