nohup: ignoring input

                            < M A T L A B (R) >
                  Copyright 1984-2016 The MathWorks, Inc.
                   R2016a (9.0.0.341360) 64-bit (glnxa64)
                             February 11, 2016

 
To get started, type one of these: helpwin, helpdesk, or demo.
For product information, visit www.mathworks.com.
 

	Academic License

Start learning ...
Init data [Dtype: delicious - Dspec: sp2/5050]
Init social model
Using adagrad ...
Params [lbd-U: 0.1000|lbd-V: 10.0000|lbd-N: 0.1000|lbd-Q: 0.0100]
Staring Sample 2 - Loc: save/ctrsmf/delicious-alg90-sp2-cold20170226203649856 
CTR-SMF Running ...

iter time likelihood converge
0001 000510 -44438723.19677 1.0000000000
0002 001060 -43342580.99892 0.0246663747
0003 001602 -42409179.32648 0.0215354428
0004 002142 -42136668.57670 0.0064257492
0005 002678 -42014164.20126 0.0029073104
0006 003222 -41930909.43862 0.0019815880
0007 003772 -41872339.79887 0.0013968130
0008 004321 -41830044.58370 0.0010100992
0009 004876 -41796841.08041 0.0007937716
0010 005425 -41769214.09963 0.0006609825
0011 005977 -41745381.99207 0.0005705663
0012 006518 -41724429.38976 0.0005019143
0013 007059 -41705809.61347 0.0004462560
0014 007604 -41689137.20754 0.0003997622
0015 008153 -41674117.54841 0.0003602775
0016 008704 -41660516.43643 0.0003263683
0017 009252 -41648142.09820 0.0002970280
0018 009803 -41636834.52431 0.0002715025
0019 010348 -41626459.30889 0.0002491836
0020 010896 -41616903.12137 0.0002295700
0021 011437 -41608069.60714 0.0002122578
0022 011984 -41599875.81559 0.0001969279
0023 012534 -41592249.41948 0.0001833274
0024 013087 -41585126.75775 0.0001712497
0025 013628 -41578451.67058 0.0001605162
0026 014169 -41572174.71784 0.0001509665
0027 014709 -41566252.27750 0.0001424616
0028 015249 -41560646.03532 0.0001348749
0029 015790 -41555322.89939 0.0001280812
0030 016326 -41550255.09102 0.0001219533
0031 016862 -41545420.15218 0.0001163636
0032 017388 -41540800.49773 0.0001111953
0033 017914 -41536382.27261 0.0001063587
0034 018438 -41532154.17013 0.0001017927
0035 018958 -41528107.32704 0.0000974388
0036 019470 -41524236.29283 0.0000932148
0037 019991 -41520539.46537 0.0000890282
0038 020509 -41517017.49740 0.0000848247
0039 021025 -41513670.35678 0.0000806209
0040 021542 -41510495.06013 0.0000764880
0041 022046 -41507486.04045 0.0000724882
0042 022543 -41504637.45669 0.0000686282
0043 023041 -41501944.97755 0.0000648718
0044 023535 -41499405.40646 0.0000611916
0045 024030 -41497014.52139 0.0000576125
0046 024528 -41494766.44931 0.0000541743
0047 025023 -41492653.91391 0.0000509109
0048 025523 -41490668.43374 0.0000478514
0049 026023 -41488800.90977 0.0000450107
0050 026523 -41487042.77318 0.0000423762
0051 027026 -41485387.20958 0.0000399056
0052 027518 -41483828.80845 0.0000375651
0053 027960 -41482362.98458 0.0000353348
0054 028394 -41480985.34071 0.0000332104
0055 028829 -41479690.43436 0.0000312169
0056 029244 -41478471.39194 0.0000293889
0057 029656 -41477320.68126 0.0000277424
0058 030071 -41476231.34353 0.0000262635
0059 030484 -41475197.87471 0.0000249171
0060 030900 -41474216.72529 0.0000236563
0061 031314 -41473286.34664 0.0000224327
0062 031722 -41472406.42822 0.0000212165
0063 032140 -41471576.77411 0.0000200050
0064 032546 -41470796.95412 0.0000188037
0065 032941 -41470066.40782 0.0000176159
0066 033336 -41469383.58475 0.0000164654
0067 033734 -41468744.85772 0.0000154024
0068 034121 -41468146.77462 0.0000144225
0069 034518 -41467587.39733 0.0000134893
0070 034920 -41467064.89296 0.0000126003
0071 035310 -41466577.54064 0.0000117528
0072 035707 -41466123.49707 0.0000109496
0073 036101 -41465700.46194 0.0000102019
0074 036488 -41465305.86113 0.0000095163
Start evaluating ...
  Columns 1 through 7

    0.1057    0.1432    0.1572    0.1612    0.1657    0.1680    0.1704

  Columns 8 through 10

    0.1718    0.1729    0.1743

    0.0199

Elapsed time is 36639.147202 seconds.
