nohup: ignoring input

                            < M A T L A B (R) >
                  Copyright 1984-2016 The MathWorks, Inc.
                   R2016a (9.0.0.341360) 64-bit (glnxa64)
                             February 11, 2016

 
To get started, type one of these: helpwin, helpdesk, or demo.
For product information, visit www.mathworks.com.
 

	Academic License

Start learning ...
Init data [Dtype: delicious - Dspec: sp2/1050]
Init social model
Using adagrad ...
Could not use CUDA
Params [lbd-U: 10.0000|lbd-V: 0.1000|lbd-N: 10.0000|lbd-Q: 0.1000]
Staring Sample 2 - Loc: save/ctr/delicious-alg80-sp2-cold20170224191130961 
CTR(chongwang) Running ...

iter time likelihood:[r:u:v] converge
0001 000125 -5099.00000:[0.00000:0.00000:-0.00000] 1.0000000000
0002 000248 -4983.95197:[239.78302:-17.07854:-73.47397] 0.0225628617
0003 000372 -4648.44964:[1132.11447:-128.05475:-323.12228] 0.0673165246
0004 000495 -3371.94062:[5132.14393:-847.30260:-989.66260] 0.2746096274
0005 000618 -3257.14292:[5753.42887:-1042.36065:-1046.80186] 0.0340449939
0006 000731 -3245.81058:[5813.02668:-1060.68171:-1057.92314] 0.0034792287
0007 000838 -3240.05585:[5838.74491:-1067.77837:-1063.53484] 0.0017729696
0008 000949 -3236.79928:[5853.50480:-1071.91550:-1066.25504] 0.0010050974
0009 001052 -3234.83103:[5860.87960:-1073.65098:-1067.11414] 0.0006080850
0010 001158 -3233.45465:[5864.55793:-1074.12714:-1067.20728] 0.0004254888
0011 001266 -3232.42306:[5866.64814:-1074.14604:-1067.06670] 0.0003190361
0012 001369 -3231.62845:[5868.01097:-1074.02790:-1066.87904] 0.0002458245
0013 001463 -3231.00760:[5868.98487:-1073.87870:-1066.70138] 0.0001921154
0014 001556 -3230.51859:[5869.71725:-1073.73129:-1066.54852] 0.0001513499
0015 001647 -3230.13197:[5870.28288:-1073.59507:-1066.42205] 0.0001196771
0016 001738 -3229.82627:[5870.72563:-1073.47191:-1066.31968] 0.0000946422
0017 001826 -3229.58532:[5871.07426:-1073.36134:-1066.23828] 0.0000745989
0018 001917 -3229.39672:[5871.34905:-1073.26220:-1066.17474] 0.0000583981
0019 002009 -3229.25072:[5871.56501:-1073.17322:-1066.12629] 0.0000452113
0020 002097 -3229.13955:[5871.73361:-1073.09321:-1066.09052] 0.0000344241
0021 002187 -3229.05699:[5871.86379:-1073.02109:-1066.06536] 0.0000255694
0022 002276 -3228.99795:[5871.96263:-1072.95591:-1066.04907] 0.0000182842
0023 002358 -3228.95829:[5872.03579:-1072.89685:-1066.04015] 0.0000122809
0024 002444 -3228.93462:[5872.08784:-1072.84320:-1066.03738] 0.0000073296
Start evaluating ...
  Columns 1 through 7

    0.0075    0.0077    0.0080    0.0082    0.0083    0.0085    0.0088

  Columns 8 through 10

    0.0089    0.0091    0.0092

    0.0025

Elapsed time is 2548.734311 seconds.
