nohup: ignoring input

                            < M A T L A B (R) >
                  Copyright 1984-2016 The MathWorks, Inc.
                   R2016a (9.0.0.341360) 64-bit (glnxa64)
                             February 11, 2016

 
To get started, type one of these: helpwin, helpdesk, or demo.
For product information, visit www.mathworks.com.
 

	Academic License

Start learning ...
Init data [Dtype: delicious - Dspec: sp2/1050]
Init social model
Using adagrad ...
Could not use CUDA
Params [lbd-U: 100.0000|lbd-V: 1.0000|lbd-N: 100.0000|lbd-Q: 0.1000]
Staring Sample 2 - Loc: save/ctrsmf/delicious-alg90-sp2-cold20170224205545333 
CTR-SMF Running ...

iter time likelihood converge
0001 000058 -11679100.82498 1.0000000000
0002 000114 -11366154.48326 0.0267954140
0003 000168 -11120842.79513 0.0215826460
0004 000223 -11046487.96132 0.0066860790
0005 000323 -11009943.21390 0.0033082684
0006 000449 -10982604.31489 0.0024831099
0007 000568 -10963738.37815 0.0017178017
0008 000682 -10951391.73080 0.0011261348
0009 000802 -10942457.32766 0.0008158235
0010 000925 -10935404.48589 0.0006445391
0011 001047 -10929487.38269 0.0005410960
0012 001164 -10924371.30949 0.0004680982
0013 001281 -10919881.46096 0.0004109938
0014 001396 -10915904.65908 0.0003641799
0015 001502 -10912357.76497 0.0003249290
0016 001619 -10909175.52336 0.0002916182
0017 001734 -10906304.45143 0.0002631796
0018 001850 -10903699.95100 0.0002388069
0019 001967 -10901324.55762 0.0002178520
0020 002078 -10899146.71618 0.0001997777
0021 002196 -10897139.93974 0.0001841223
0022 002313 -10895282.26570 0.0001704735
0023 002428 -10893555.53227 0.0001584845
0024 002541 -10891944.23598 0.0001479128
0025 002651 -10890434.81552 0.0001385814
0026 002760 -10889015.43424 0.0001303328
0027 002869 -10887675.94440 0.0001230129
0028 002979 -10886407.87785 0.0001164681
0029 003090 -10885204.21508 0.0001105657
0030 003202 -10884058.92270 0.0001052155
0031 003306 -10882966.58262 0.0001003615
0032 003420 -10881922.26240 0.0000959591
0033 003531 -10880921.58604 0.0000919577
0034 003639 -10879960.86020 0.0000882945
0035 003750 -10879036.95787 0.0000849178
0036 003860 -10878147.29356 0.0000817779
0037 003975 -10877289.99643 0.0000788091
0038 004087 -10876463.89680 0.0000759472
0039 004202 -10875668.41732 0.0000731377
0040 004313 -10874903.74049 0.0000703108
0041 004424 -10874171.18692 0.0000673618
0042 004540 -10873472.56722 0.0000642458
0043 004649 -10872809.11091 0.0000610160
0044 004763 -10872181.41588 0.0000577307
0045 004872 -10871589.27114 0.0000544642
0046 004983 -10871031.50760 0.0000513047
0047 005092 -10870506.29386 0.0000483131
0048 005212 -10870011.70524 0.0000454982
0049 005321 -10869546.04828 0.0000428387
0050 005427 -10869107.90493 0.0000403093
0051 005536 -10868696.30687 0.0000378686
0052 005641 -10868310.73360 0.0000354756
0053 005751 -10867950.78429 0.0000331192
0054 005868 -10867615.86153 0.0000308175
0055 005981 -10867305.08622 0.0000285965
0056 006094 -10867017.34915 0.0000264773
0057 006206 -10866751.34863 0.0000244778
0058 006313 -10866505.72689 0.0000226031
0059 006426 -10866279.14762 0.0000208512
0060 006536 -10866070.22959 0.0000192263
0061 006651 -10865877.49870 0.0000177369
0062 006757 -10865699.43201 0.0000163877
0063 006869 -10865534.54967 0.0000151746
0064 006980 -10865381.44164 0.0000140912
0065 007092 -10865238.71844 0.0000131356
0066 007202 -10865105.09142 0.0000122986
0067 007309 -10864979.71982 0.0000115389
0068 007410 -10864862.04749 0.0000108304
0069 007521 -10864751.29499 0.0000101936
0070 007630 -10864646.78298 0.0000096194
Start evaluating ...
  Columns 1 through 7

    0.0018    0.0031    0.0036    0.0043    0.0047    0.0050    0.0052

  Columns 8 through 10

    0.0055    0.0058    0.0060

   8.9165e-04

Elapsed time is 7737.403110 seconds.
