nohup: ignoring input

                            < M A T L A B (R) >
                  Copyright 1984-2016 The MathWorks, Inc.
                   R2016a (9.0.0.341360) 64-bit (glnxa64)
                             February 11, 2016

 
To get started, type one of these: helpwin, helpdesk, or demo.
For product information, visit www.mathworks.com.
 

	Academic License

Start learning ...
Init data [Dtype: delicious - Dspec: sp2/1050]
Init social model
Using adagrad ...
Could not use CUDA
Params [lbd-U: 0.1000|lbd-V: 1.0000|lbd-N: 0.1000|lbd-Q: 0.1000]
Staring Sample 2 - Loc: save/ctr/delicious-alg80-sp2-cold20170224191130682 
CTR(chongwang) Running ...

iter time likelihood:[r:u:v] converge
0001 000124 -5099.00000:[0.00000:0.00000:0.00000] 1.0000000000
0002 000245 -2695.24994:[5037.09394:-116.95999:-1047.68705] 0.4714159748
0003 000360 -1589.57582:[7582.28139:-282.51678:-762.83653] 0.4102306472
0004 000476 -1478.72597:[7973.39449:-365.43093:-644.97501] 0.0697354905
0005 000603 -1440.32556:[8152.91523:-417.05604:-583.25124] 0.0259685776
0006 000717 -1423.66228:[8248.56048:-449.19350:-548.32756] 0.0115691023
0007 000825 -1414.78149:[8302.97777:-468.76216:-527.50763] 0.0062379878
0008 000934 -1409.08513:[8335.27558:-480.50723:-514.59683] 0.0040263233
0009 001043 -1404.94899:[8355.04410:-487.48532:-506.33217] 0.0029353384
0010 001149 -1401.74722:[8367.45334:-491.59810:-500.89546] 0.0022789161
0011 001255 -1399.20111:[8375.42459:-494.00513:-497.23097] 0.0018163844
0012 001362 -1397.15910:[8380.66218:-495.40505:-494.70645] 0.0014594117
0013 001456 -1395.52166:[8384.18330:-496.21564:-492.93393] 0.0011719805
0014 001550 -1394.21510:[8386.60548:-496.68531:-491.67056] 0.0009362489
0015 001643 -1393.18156:[8388.30914:-496.96096:-490.76136] 0.0007413117
0016 001735 -1392.37427:[8389.53208:-497.12893:-490.10538] 0.0005794524
0017 001827 -1391.75499:[8390.42529:-497.23948:-489.63532] 0.0004447689
0018 001919 -1391.29211:[8391.08640:-497.32149:-489.30510] 0.0003325834
0019 002008 -1390.95942:[8391.57983:-497.39118:-489.08227] 0.0002391246
0020 002097 -1390.73503:[8391.94906:-497.45735:-488.94332] 0.0001613192
0021 002190 -1390.60062:[8392.22421:-497.52446:-488.87073] 0.0000966464
0022 002275 -1390.54078:[8392.42670:-497.59446:-488.85105] 0.0000430319
0023 002359 -1390.54250:[8392.57218:-497.66794:-488.87378] 0.0000012339
Start evaluating ...
  Columns 1 through 7

    0.0075    0.0077    0.0078    0.0080    0.0083    0.0086    0.0088

  Columns 8 through 10

    0.0090    0.0091    0.0092

    0.0028

Elapsed time is 2458.419796 seconds.
