nohup: ignoring input

                            < M A T L A B (R) >
                  Copyright 1984-2016 The MathWorks, Inc.
                   R2016a (9.0.0.341360) 64-bit (glnxa64)
                             February 11, 2016

 
To get started, type one of these: helpwin, helpdesk, or demo.
For product information, visit www.mathworks.com.
 

	Academic License

Start learning ...
Init data [Dtype: delicious - Dspec: sp2/5050]
Init social model
Using adagrad ...
Load pretrained shallow-model...
Could not use CUDA
Params [lbd-U: 10.0000|lbd-V: 10.0000|lbd-N: 10.0000|lbd-Q: 0.0100]
Staring Sample 2 - Loc: save/bcdl/delicious-alg61-sp2-cold20170227105047453 
CTR(chongwang)-DAE(User graph) Running - Walks(1)...
-1/200: 4382923.350521/25113.539984/4357809.810537/1.000000000
-2/200: 4373259.147331/21589.686283/4351669.461048/0.002204967
-3/200: 4373448.548022/21579.418630/4351869.129392/0.000043309
-4/200: 4373475.256299/21580.130094/4351895.126205/0.000006107
-5/200: 4373366.730139/21582.297606/4351784.432533/0.000024815
-6/200: 4373375.627637/21584.367190/4351791.260447/0.000002034
-7/200: 4373601.467451/21586.268941/4352015.198510/0.000051640
-8/200: 4373651.084991/21588.033187/4352063.051804/0.000011345
-9/200: 4373619.109809/21589.688518/4352029.421291/0.000007311
-10/200: 4373657.812008/21591.212463/4352066.599545/0.000008849
-11/200: 4373588.658581/21592.641020/4351996.017561/0.000015811
-12/200: 4373527.829098/21593.988465/4351933.840633/0.000013908
-13/200: 4373651.989100/21595.256560/4352056.732540/0.000028389
-14/200: 4373714.760501/21596.451569/4352118.308932/0.000014352
-15/200: 4373630.340707/21597.594888/4352032.745819/0.000019302
-16/200: 4373640.361769/21598.670917/4352041.690852/0.000002291
-17/200: 4373723.931387/21599.684737/4352124.246650/0.000019108
-18/200: 4373867.142672/21600.649067/4352266.493605/0.000032744
-19/200: 4373774.478677/21601.574268/4352172.904409/0.000021186
-20/200: 4373813.972168/21602.448936/4352211.523232/0.000009030
-21/200: 4373692.852040/21603.296824/4352089.555216/0.000027692
-22/200: 4373845.923373/21604.104267/4352241.819106/0.000034998
-23/200: 4373898.989366/21604.880528/4352294.108838/0.000012133
-24/200: 4373966.744765/21605.620867/4352361.123898/0.000015491
-25/200: 4373857.834116/21606.336560/4352251.497556/0.000024900
-26/200: 4373873.550471/21607.029138/4352266.521333/0.000003593
-27/200: 4373825.414825/21607.694134/4352217.720691/0.000011005
-28/200: 4374035.504257/21608.330783/4352427.173474/0.000048033
-29/200: 4374015.313927/21608.946409/4352406.367518/0.000004616
-30/200: 4373953.716974/21609.543239/4352344.173735/0.000014082
-31/200: 4373953.955832/21610.118898/4352343.836934/0.000000055
-32/200: 4374035.948416/21610.681542/4352425.266874/0.000018746
-33/200: 4373798.438706/21611.223449/4352187.215257/0.000054300
-34/200: 4374037.116466/21611.753496/4352425.362970/0.000054570
-35/200: 4373851.692401/21612.266705/4352239.425696/0.000042392
-36/200: 4374004.413815/21612.769459/4352391.644356/0.000034917
-37/200: 4374025.070998/21613.259806/4352411.811192/0.000004723
-38/200: 4373978.253411/21613.737071/4352364.516340/0.000010704
-39/200: 4374045.339581/21614.204499/4352431.135082/0.000015338
-40/200: 4374013.094516/21614.660095/4352398.434421/0.000007372
-41/200: 4374150.298943/21615.110301/4352535.188642/0.000031368
-42/200: 4374169.130785/21615.550249/4352553.580536/0.000004305
-43/200: 4374139.413072/21615.982104/4352523.430968/0.000006794
-44/200: 4374159.525686/21616.400514/4352543.125172/0.000004598
-45/200: 4374138.640776/21616.814454/4352521.826322/0.000004775
-46/200: 4374136.160873/21617.223405/4352518.937468/0.000000567
-47/200: 4374208.088440/21617.621964/4352590.466476/0.000016444
-48/200: 4374202.145800/21618.014391/4352584.131409/0.000001359
-49/200: 4374093.586486/21618.405398/4352475.181088/0.000024818
-50/200: 4374142.925421/21618.786648/4352524.138773/0.000011280
-51/200: 4374146.207930/21619.162357/4352527.045573/0.000000750
-52/200: 4374294.848543/21619.532771/4352675.315772/0.000033982
-53/200: 4374146.181141/21619.901831/4352526.279310/0.000033987
-54/200: 4374216.799055/21620.266525/4352596.532530/0.000016144
-55/200: 4374208.645658/21620.623554/4352588.022104/0.000001864
-56/200: 4374209.837259/21620.975950/4352588.861309/0.000000272
-57/200: 4374250.669069/21621.330541/4352629.338528/0.000009335
-58/200: 4374303.155113/21621.679656/4352681.475457/0.000011999
-59/200: 4374274.704907/21622.024382/4352652.680525/0.000006504
-60/200: 4374287.351147/21622.362508/4352664.988639/0.000002891
-61/200: 4374208.583269/21622.698980/4352585.884289/0.000018007
-62/200: 4374349.275566/21623.031503/4352726.244063/0.000032164
-63/200: 4374281.000998/21623.359782/4352657.641216/0.000015608
-64/200: 4374426.454260/21623.685930/4352802.768330/0.000033252
-65/200: 4374431.214857/21624.010937/4352807.203920/0.000001088
-66/200: 4374415.743989/21624.334699/4352791.409290/0.000003537
-67/200: 4374316.298786/21624.652364/4352691.646422/0.000022733
-68/200: 4374328.490821/21624.966179/4352703.524642/0.000002787
-69/200: 4374352.611311/21625.276576/4352727.334735/0.000005514
-70/200: 4374346.697756/21625.585529/4352721.112227/0.000001352
-71/200: 4374443.915085/21625.893360/4352818.021725/0.000022224
-72/200: 4374394.105356/21626.194156/4352767.911200/0.000011387
-73/200: 4374498.427144/21626.496347/4352871.930797/0.000023848
-74/200: 4374454.988226/21626.795093/4352828.193133/0.000009930
-75/200: 4374419.957957/21627.091121/4352792.866836/0.000008008
-76/200: 4374519.224157/21627.384822/4352891.839335/0.000022692
-77/200: 4374538.974248/21627.677640/4352911.296608/0.000004515
-78/200: 4374537.422103/21627.963750/4352909.458353/0.000000355
-79/200: 4374434.310908/21628.250840/4352806.060068/0.000023571
-80/200: 4374451.818359/21628.534356/4352823.284003/0.000004002
-81/200: 4374509.199842/21628.815728/4352880.384114/0.000013117
-82/200: 4374580.375169/21629.093546/4352951.281623/0.000016270
-83/200: 4374515.769981/21629.372172/4352886.397809/0.000014768
-84/200: 4374499.190847/21629.644646/4352869.546201/0.000003790
-85/200: 4374570.412108/21629.917602/4352940.494506/0.000016281
-86/200: 4374574.605555/21630.187707/4352944.417848/0.000000959
-87/200: 4374585.894965/21630.456748/4352955.438217/0.000002581
-88/200: 4374625.395785/21630.723035/4352994.672750/0.000009030
-89/200: 4374590.209858/21630.988329/4352959.221529/0.000008043
-90/200: 4374625.362387/21631.250776/4352994.111611/0.000008036
-91/200: 4374616.810401/21631.509230/4352985.301171/0.000001955
-92/200: 4374657.864482/21631.767311/4353026.097171/0.000009385
-93/200: 4374635.800019/21632.022371/4353003.777648/0.000005044
-94/200: 4374706.080183/21632.275950/4353073.804233/0.000016065
-95/200: 4374678.889698/21632.528251/4353046.361447/0.000006215
-96/200: 4374639.882269/21632.780183/4353007.102086/0.000008917
-97/200: 4374688.331844/21633.031264/4353055.300580/0.000011075
-98/200: 4374719.343128/21633.278135/4353086.064993/0.000007089
-99/200: 4374733.132647/21633.524504/4353099.608143/0.000003152
Recall at EP-100 ...
  Columns 1 through 7

    0.0029    0.0142    0.0195    0.0239    0.0279    0.0307    0.0333

  Columns 8 through 10

    0.0358    0.0386    0.0410

Mrr at EP-100 ...
    0.0013

-100/200: 4374699.256567/21633.770502/4353065.486065/0.000007744
-101/200: 4374683.070840/21634.010510/4353049.060330/0.000003700
-102/200: 4374724.050550/21634.252784/4353089.797766/0.000009367
-103/200: 4374789.788035/21634.492962/4353155.295073/0.000015027
-104/200: 4374728.622058/21634.729464/4353093.892594/0.000013981
-105/200: 4374784.045207/21634.965621/4353149.079586/0.000012669
-106/200: 4374743.416352/21635.201654/4353108.214698/0.000009287
-107/200: 4374782.431980/21635.436880/4353146.995100/0.000008918
-108/200: 4374831.030536/21635.667702/4353195.362834/0.000011109
-109/200: 4374783.240363/21635.897591/4353147.342772/0.000010924
-110/200: 4374771.722059/21636.125369/4353135.596690/0.000002633
-111/200: 4374852.442635/21636.355963/4353216.086672/0.000018451
-112/200: 4374846.969089/21636.584515/4353210.384574/0.000001251
-113/200: 4374825.685331/21636.810912/4353188.874419/0.000004865
-114/200: 4374809.483649/21637.036471/4353172.447178/0.000003703
-115/200: 4374847.244438/21637.260322/4353209.984116/0.000008631
-116/200: 4374836.367079/21637.482049/4353198.885030/0.000002486
-117/200: 4374889.272909/21637.702460/4353251.570449/0.000012093
-118/200: 4374880.747173/21637.924419/4353242.822754/0.000001949
-119/200: 4374921.195886/21638.143581/4353283.052305/0.000009246
-120/200: 4374899.878293/21638.359145/4353261.519148/0.000004873
-121/200: 4374939.557331/21638.573992/4353300.983339/0.000009070
-122/200: 4374949.803122/21638.787433/4353311.015689/0.000002342
-123/200: 4374923.505029/21639.002396/4353284.502633/0.000006011
-124/200: 4374941.295616/21639.212565/4353302.083051/0.000004066
-125/200: 4374953.500355/21639.423143/4353314.077212/0.000002790
-126/200: 4374954.699314/21639.633516/4353315.065798/0.000000274
-127/200: 4374955.071987/21639.843657/4353315.228330/0.000000085
Start evaluating ...
  Columns 1 through 7

    0.0024    0.0093    0.0121    0.0149    0.0173    0.0189    0.0207

  Columns 8 through 10

    0.0220    0.0232    0.0251

   9.5082e-04

Elapsed time is 39622.998938 seconds.
