nohup: ignoring input

                            < M A T L A B (R) >
                  Copyright 1984-2016 The MathWorks, Inc.
                   R2016a (9.0.0.341360) 64-bit (glnxa64)
                             February 11, 2016

 
To get started, type one of these: helpwin, helpdesk, or demo.
For product information, visit www.mathworks.com.
 

	Academic License

Start learning ...
Init data [Dtype: delicious - Dspec: sp2/0550]
Init social model
Using adagrad ...
Params [lbd-U: 10.0000|lbd-V: 1.0000|lbd-N: 10.0000|lbd-Q: 0.1000]
Staring Sample 2 - Loc: save/ctrsmf/delicious-alg90-sp2-cold20170224185112494 
CTR-SMF Running ...

iter time likelihood converge
0001 000084 -5315258.17430 1.0000000000
0002 000164 -5153377.78634 0.0304557902
0003 000241 -5042396.50808 0.0215356380
0004 000318 -5006783.76405 0.0070626624
0005 000394 -4987910.47406 0.0037695437
0006 000461 -4972966.36434 0.0029960661
0007 000527 -4962752.53352 0.0020538709
0008 000594 -4956466.79913 0.0012665823
0009 000660 -4952192.67447 0.0008623330
0010 000727 -4948991.82264 0.0006463504
0011 000794 -4946394.11536 0.0005248963
0012 000860 -4944189.83159 0.0004456345
0013 000926 -4942281.52677 0.0003859692
0014 000988 -4940610.22052 0.0003381649
0015 001026 -4939133.65805 0.0002988624
0016 001082 -4937819.67971 0.0002660342
0017 001120 -4936642.95276 0.0002383090
0018 001157 -4935582.96219 0.0002147189
0019 001201 -4934622.70712 0.0001945576
0020 001299 -4933747.87714 0.0001772841
0021 001395 -4932946.34516 0.0001624590
0022 001490 -4932207.84864 0.0001497070
0023 001583 -4931523.76274 0.0001386977
0024 001672 -4930886.89422 0.0001291423
0025 001764 -4930291.26735 0.0001207951
0026 001851 -4929731.90493 0.0001134542
0027 001931 -4929204.62516 0.0001069591
0028 002010 -4928705.87245 0.0001011832
0029 002087 -4928232.59509 0.0000960247
0030 002164 -4927782.17471 0.0000913959
0031 002245 -4927352.39348 0.0000872160
0032 002324 -4926941.43051 0.0000834044
0033 002401 -4926547.91069 0.0000798710
0034 002478 -4926170.99307 0.0000765075
0035 002555 -4925810.29222 0.0000732213
0036 002637 -4925465.54186 0.0000699886
0037 002719 -4925136.34693 0.0000668353
0038 002799 -4924822.34685 0.0000637546
0039 002884 -4924523.25577 0.0000607313
0040 002963 -4924238.65739 0.0000577921
0041 003042 -4923968.25575 0.0000549124
0042 003120 -4923711.83220 0.0000520766
0043 003194 -4923468.92654 0.0000493339
0044 003267 -4923239.20056 0.0000466594
0045 003343 -4923022.43622 0.0000440288
0046 003418 -4922818.31364 0.0000414629
0047 003489 -4922626.34652 0.0000389954
0048 003560 -4922445.98050 0.0000366402
0049 003631 -4922276.68977 0.0000343916
0050 003704 -4922117.99839 0.0000322394
0051 003778 -4921969.45653 0.0000301784
0052 003853 -4921830.62045 0.0000282074
0053 003924 -4921701.05434 0.0000263248
0054 003994 -4921580.33685 0.0000245276
0055 004062 -4921468.04621 0.0000228160
0056 004129 -4921363.72003 0.0000211982
0057 004196 -4921266.80923 0.0000196919
0058 004265 -4921176.66243 0.0000183178
0059 004332 -4921092.58233 0.0000170854
0060 004399 -4921013.93347 0.0000159820
0061 004469 -4920940.17671 0.0000149881
0062 004535 -4920870.80528 0.0000140972
0063 004593 -4920805.34931 0.0000133017
0064 004637 -4920743.43570 0.0000125820
0065 004703 -4920684.83028 0.0000119099
0066 004770 -4920629.39331 0.0000112661
0067 004838 -4920576.92772 0.0000106624
0068 004903 -4920527.16516 0.0000101132
0069 004949 -4920479.91566 0.0000096025
Start evaluating ...
  Columns 1 through 7

    0.0052    0.0066    0.0073    0.0082    0.0092    0.0100    0.0106

  Columns 8 through 10

    0.0109    0.0113    0.0119

    0.0022

Elapsed time is 5045.200864 seconds.
