nohup: ignoring input

                            < M A T L A B (R) >
                  Copyright 1984-2016 The MathWorks, Inc.
                   R2016a (9.0.0.341360) 64-bit (glnxa64)
                             February 11, 2016

 
To get started, type one of these: helpwin, helpdesk, or demo.
For product information, visit www.mathworks.com.
 

	Academic License

Start learning ...
Init data [Dtype: delicious - Dspec: sp2/0550]
Init social model
Using adagrad ...
Load pretrained shallow-model...
Params [lbd-U: 0.0100|lbd-V: 1.0000|lbd-N: 0.0100|lbd-Q: 0.1000]
Staring Sample 2 - Loc: save/bcdl/delicious-alg61-sp2-cold20170224185049936 
CTR(chongwang)-DAE(User graph) Running - Walks(1)...
-1/200: 4949.721191/591.911514/4357.809570/1.000000000
-2/200: 4803.426270/453.763627/4349.662598/0.029556194
-3/200: 4778.380859/427.619179/4350.761719/0.005214072
-4/200: 4772.398926/420.735135/4351.663574/0.001251875
-5/200: 4767.338379/415.725321/4351.613281/0.001060378
-6/200: 4763.510254/411.892795/4351.617676/0.000802990
-7/200: 4760.723145/408.882641/4351.840332/0.000585096
-8/200: 4758.402344/406.518482/4351.883789/0.000487489
-9/200: 4756.537109/404.684669/4351.852539/0.000391988
-10/200: 4755.171875/403.289080/4351.882812/0.000287023
-11/200: 4754.074219/402.254159/4351.819824/0.000230834
-12/200: 4753.270996/401.514852/4351.756348/0.000168955
-13/200: 4752.893555/401.017209/4351.876465/0.000079407
-14/200: 4752.649414/400.716765/4351.932617/0.000051367
-15/200: 4752.428223/400.576907/4351.851074/0.000046541
-16/200: 4752.434570/400.567464/4351.867188/0.000001336
-17/200: 4752.608398/400.663506/4351.944824/0.000036577
-18/200: 4752.928711/400.844273/4352.084473/0.000067397
-19/200: 4753.086914/401.092652/4351.994141/0.000033285
-20/200: 4753.423828/401.394123/4352.029785/0.000070883
-21/200: 4753.647949/401.736600/4351.911133/0.000047149
-22/200: 4754.178711/402.109768/4352.068848/0.000111654
-23/200: 4754.625000/402.504896/4352.120117/0.000093873
-24/200: 4755.093262/402.914540/4352.178711/0.000098486
-25/200: 4755.404785/403.332370/4352.072266/0.000065514
-26/200: 4755.843262/403.752950/4352.090332/0.000092206
-27/200: 4756.214355/404.171607/4352.042969/0.000078029
-28/200: 4756.829590/404.584456/4352.245117/0.000129354
-29/200: 4757.221191/404.988215/4352.232910/0.000082324
-30/200: 4757.547363/405.380159/4352.166992/0.000068564
-31/200: 4757.932129/405.758124/4352.173828/0.000080875
-32/200: 4758.363770/406.120464/4352.243164/0.000090720
-33/200: 4758.478516/406.465863/4352.012695/0.000024115
-34/200: 4759.039551/406.793354/4352.246094/0.000117902
-35/200: 4759.173340/407.102141/4352.071289/0.000028113
-36/200: 4759.608398/407.391768/4352.216797/0.000091415
-37/200: 4759.898438/407.661901/4352.236328/0.000060938
-38/200: 4760.101562/407.912425/4352.188965/0.000042674
-39/200: 4760.400879/408.143520/4352.257324/0.000062880
-40/200: 4760.584961/408.355488/4352.229492/0.000038669
-41/200: 4760.909180/408.548782/4352.360352/0.000068105
-42/200: 4761.108398/408.724023/4352.384277/0.000041845
-43/200: 4761.230957/408.881855/4352.349121/0.000025742
-44/200: 4761.398438/409.023066/4352.375488/0.000035176
-45/200: 4761.496094/409.148634/4352.347656/0.000020510
-46/200: 4761.615723/409.259527/4352.355957/0.000025124
-47/200: 4761.778809/409.356868/4352.421875/0.000034250
-48/200: 4761.857910/409.441746/4352.416016/0.000016612
-49/200: 4761.827637/409.515294/4352.312500/0.000006357
-50/200: 4761.935547/409.578512/4352.356934/0.000022661
-51/200: 4761.995605/409.632319/4352.363281/0.000012612
-52/200: 4762.191406/409.677615/4352.513672/0.000041117
-53/200: 4762.079590/409.715247/4352.364258/0.000023480
-54/200: 4762.173340/409.746013/4352.427246/0.000019687
-55/200: 4762.200195/409.770614/4352.429688/0.000005639
-56/200: 4762.215820/409.789890/4352.425781/0.000003281
-57/200: 4762.271973/409.804610/4352.467285/0.000011791
-58/200: 4762.334473/409.815507/4352.519043/0.000013124
-59/200: 4762.315918/409.823221/4352.492676/0.000003896
-60/200: 4762.338867/409.828298/4352.510742/0.000004819
-61/200: 4762.261230/409.831340/4352.429688/0.000016302
-62/200: 4762.399414/409.832828/4352.566406/0.000029016
-63/200: 4762.336426/409.833087/4352.503418/0.000013226
-64/200: 4762.481445/409.832448/4352.648926/0.000030451
-65/200: 4762.482422/409.831205/4352.651367/0.000000205
-66/200: 4762.460938/409.829490/4352.631348/0.000004511
-67/200: 4762.366699/409.827477/4352.539062/0.000019788
-68/200: 4762.374512/409.825242/4352.549316/0.000001640
-69/200: 4762.396973/409.822903/4352.574219/0.000004716
-70/200: 4762.394531/409.820519/4352.574219/0.000000513
-71/200: 4762.480957/409.818145/4352.662598/0.000018148
-72/200: 4762.435547/409.815758/4352.619629/0.000009535
-73/200: 4762.539062/409.813429/4352.725586/0.000021736
-74/200: 4762.493652/409.811154/4352.682617/0.000009535
-75/200: 4762.451172/409.808906/4352.642090/0.000008920
-76/200: 4762.555664/409.806685/4352.749023/0.000021941
-77/200: 4762.571777/409.804546/4352.767090/0.000003383
-78/200: 4762.572754/409.802378/4352.770508/0.000000205
-79/200: 4762.466309/409.800300/4352.666016/0.000022350
-80/200: 4762.475586/409.798217/4352.677246/0.000001948
-81/200: 4762.532227/409.796190/4352.735840/0.000011893
-82/200: 4762.607422/409.794199/4352.812988/0.000015789
-83/200: 4762.539062/409.792252/4352.746582/0.000014353
-84/200: 4762.515137/409.790289/4352.724609/0.000005024
-85/200: 4762.593750/409.788420/4352.805176/0.000016507
-86/200: 4762.594238/409.786554/4352.807617/0.000000103
-87/200: 4762.603027/409.784749/4352.818359/0.000001845
-88/200: 4762.642090/409.782949/4352.859375/0.000008202
-89/200: 4762.601562/409.781180/4352.820312/0.000008509
-90/200: 4762.637695/409.779429/4352.858398/0.000007587
-91/200: 4762.637695/409.777702/4352.859863/0.000000000
-92/200: 4762.668945/409.776001/4352.893066/0.000006561
-93/200: 4762.647949/409.774326/4352.873535/0.000004408
-94/200: 4762.719238/409.772662/4352.946777/0.000014968
-95/200: 4762.686523/409.771044/4352.915527/0.000006869
-96/200: 4762.645020/409.769481/4352.875488/0.000008714
-97/200: 4762.695801/409.767926/4352.927734/0.000010662
-98/200: 4762.722656/409.766371/4352.956055/0.000005639
-99/200: 4762.737793/409.764841/4352.973145/0.000003178
Recall at EP-100 ...
  Columns 1 through 7

    0.0111    0.0210    0.0270    0.0321    0.0366    0.0398    0.0429

  Columns 8 through 10

    0.0460    0.0489    0.0515

Mrr at EP-100 ...
    0.0026

-100/200: 4762.698730/409.763366/4352.935547/0.000008202
-101/200: 4762.679688/409.761838/4352.917969/0.000003998
-102/200: 4762.726562/409.760376/4352.966309/0.000009842
-103/200: 4762.802734/409.758922/4353.043945/0.000015993
-104/200: 4762.732422/409.757459/4352.975098/0.000014763
-105/200: 4762.793945/409.756029/4353.038086/0.000012918
-106/200: 4762.745117/409.754656/4352.990234/0.000010252
-107/200: 4762.784180/409.753274/4353.030762/0.000008202
-108/200: 4762.839355/409.751886/4353.087402/0.000011585
-109/200: 4762.784668/409.750497/4353.034180/0.000011482
-110/200: 4762.777344/409.749134/4353.028320/0.000001538
-111/200: 4762.847656/409.747832/4353.099609/0.000014763
-112/200: 4762.845703/409.746564/4353.099121/0.000000410
-113/200: 4762.821289/409.745270/4353.076172/0.000005126
-114/200: 4762.792969/409.744021/4353.048828/0.000005946
-115/200: 4762.837402/409.742776/4353.094727/0.000009329
-116/200: 4762.825195/409.741525/4353.083496/0.000002563
-117/200: 4762.884766/409.740301/4353.144531/0.000012507
-118/200: 4762.876953/409.739104/4353.137695/0.000001640
-119/200: 4762.921387/409.737895/4353.183594/0.000009329
-120/200: 4762.901855/409.736669/4353.165039/0.000004101
-121/200: 4762.939941/409.735448/4353.204590/0.000007996
-122/200: 4762.939453/409.734245/4353.205078/0.000000103
-123/200: 4762.910156/409.733102/4353.177246/0.000006151
-124/200: 4762.935059/409.731904/4353.203125/0.000005228
-125/200: 4762.954590/409.730733/4353.223633/0.000004101
-126/200: 4762.950195/409.729600/4353.220703/0.000000923
-127/200: 4762.944336/409.728491/4353.215820/0.000001230
-128/200: 4762.947266/409.727398/4353.219727/0.000000615
-129/200: 4762.959961/409.726232/4353.233887/0.000002665
-130/200: 4763.012207/409.725120/4353.287109/0.000010969
-131/200: 4762.953613/409.724051/4353.229492/0.000012302
-132/200: 4763.010742/409.722962/4353.287598/0.000011994
-133/200: 4763.027344/409.721947/4353.305176/0.000003486
-134/200: 4763.073730/409.720881/4353.353027/0.000009739
-135/200: 4762.988770/409.719821/4353.269043/0.000017837
-136/200: 4763.018066/409.718755/4353.299316/0.000006151
-137/200: 4763.081055/409.717729/4353.363281/0.000013224
-138/200: 4763.072266/409.716660/4353.355469/0.000001845
-139/200: 4763.048828/409.715596/4353.333008/0.000004921
-140/200: 4763.081543/409.714588/4353.367188/0.000006868
-141/200: 4763.095703/409.713601/4353.382324/0.000002973
-142/200: 4763.068359/409.712577/4353.355957/0.000005741
-143/200: 4763.094238/409.711607/4353.382812/0.000005433
-144/200: 4763.123047/409.710587/4353.412598/0.000006048
-145/200: 4763.134766/409.709624/4353.425293/0.000002460
-146/200: 4763.130859/409.708629/4353.422363/0.000000820
-147/200: 4763.140137/409.707654/4353.432617/0.000001948
-148/200: 4763.114258/409.706626/4353.407715/0.000005433
-149/200: 4763.149902/409.705647/4353.444336/0.000007483
-150/200: 4763.158203/409.704681/4353.453613/0.000001743
-151/200: 4763.169434/409.703742/4353.465820/0.000002358
-152/200: 4763.168457/409.702788/4353.465820/0.000000205
-153/200: 4763.183105/409.701795/4353.481445/0.000003075
-154/200: 4763.199219/409.700818/4353.498535/0.000003383
-155/200: 4763.180664/409.699896/4353.480957/0.000003895
-156/200: 4763.196289/409.698945/4353.497559/0.000003280
-157/200: 4763.240723/409.697994/4353.542969/0.000009329
-158/200: 4763.237793/409.697055/4353.540527/0.000000615
-159/200: 4763.250488/409.696157/4353.554199/0.000002665
-160/200: 4763.255371/409.695239/4353.560059/0.000001025
-161/200: 4763.224609/409.694315/4353.530273/0.000006458
-162/200: 4763.254395/409.693378/4353.561035/0.000006253
-163/200: 4763.293457/409.692441/4353.601074/0.000008201
-164/200: 4763.260742/409.691543/4353.569336/0.000006868
-165/200: 4763.310547/409.690641/4353.620117/0.000010456
-166/200: 4763.287598/409.689730/4353.597656/0.000004818
-167/200: 4763.292480/409.688824/4353.603516/0.000001025
-168/200: 4763.321777/409.687914/4353.633789/0.000006151
-169/200: 4763.315918/409.686999/4353.628906/0.000001230
-170/200: 4763.321289/409.686110/4353.635254/0.000001128
-171/200: 4763.338379/409.685217/4353.653320/0.000003588
-172/200: 4763.363770/409.684314/4353.679688/0.000005330
-173/200: 4763.335938/409.683415/4353.652344/0.000005843
-174/200: 4763.400879/409.682546/4353.718262/0.000013634
-175/200: 4763.353516/409.681645/4353.671875/0.000009943
-176/200: 4763.407227/409.680786/4353.726562/0.000011276
-177/200: 4763.419434/409.679919/4353.739746/0.000002563
-178/200: 4763.407227/409.679014/4353.728027/0.000002563
-179/200: 4763.425293/409.678131/4353.747070/0.000003793
-180/200: 4763.389648/409.677266/4353.712402/0.000007483
-181/200: 4763.443359/409.676442/4353.767090/0.000011276
-182/200: 4763.438477/409.675556/4353.762695/0.000001025
-183/200: 4763.462402/409.674729/4353.787598/0.000005023
-184/200: 4763.460938/409.673903/4353.787109/0.000000308
-185/200: 4763.490234/409.673041/4353.817383/0.000006150
-186/200: 4763.474121/409.672210/4353.801758/0.000003383
-187/200: 4763.474121/409.671335/4353.802734/0.000000000
Start evaluating ...
  Columns 1 through 7

    0.0126    0.0227    0.0294    0.0341    0.0383    0.0426    0.0461

  Columns 8 through 10

    0.0492    0.0527    0.0556

    0.0029

Elapsed time is 31870.614319 seconds.
