nohup: ignoring input

                            < M A T L A B (R) >
                  Copyright 1984-2016 The MathWorks, Inc.
                   R2016a (9.0.0.341360) 64-bit (glnxa64)
                             February 11, 2016

 
To get started, type one of these: helpwin, helpdesk, or demo.
For product information, visit www.mathworks.com.
 

	Academic License

Start learning ...
Init data [Dtype: delicious - Dspec: sp2/2550]
Init social model
Using adagrad ...
Params [lbd-U: 10.0000|lbd-V: 10.0000|lbd-N: 10.0000|lbd-Q: 0.0500]
Staring Sample 2 - Loc: save/ctr/delicious-alg80-sp2-cold20170225193319592 
CTR(chongwang) Running ...

iter time likelihood:[r:u:v] converge
0001 000274 -14472.50000:[0.00000:0.00000:-0.00000] 1.0000000000
0002 000536 -14327.58812:[297.93479:-109.33763:-23.59188] 0.0100129124
0003 000801 -14315.74161:[371.07388:-153.51435:-32.23908] 0.0008268327
0004 001062 -14315.50407:[381.17446:-160.50673:-33.75886] 0.0000165929
0005 001339 -14316.13074:[381.20128:-160.83755:-33.88470] 0.0000437757
0006 001596 -14316.68787:[379.91177:-160.19355:-33.77519] 0.0000389160
0007 001852 -14317.17297:[378.59464:-159.50004:-33.64350] 0.0000338837
0008 002108 -14317.60401:[377.41296:-158.88033:-33.52325] 0.0000301070
0009 002364 -14317.99163:[376.36109:-158.33317:-33.41655] 0.0000270727
0010 002622 -14318.34251:[375.41726:-157.84499:-33.32127] 0.0000245065
0011 002878 -14318.66143:[374.56421:-157.40528:-33.23544] 0.0000222729
0012 003132 -14318.95207:[373.78948:-157.00674:-33.15764] 0.0000202980
0013 003388 -14319.21747:[373.08363:-156.64412:-33.08685] 0.0000185351
0014 003648 -14319.46018:[372.43913:-156.31332:-33.02227] 0.0000169503
0015 003902 -14319.68238:[371.84976:-156.01101:-32.96324] 0.0000155173
0016 004139 -14319.88595:[371.31024:-155.73439:-32.90922] 0.0000142157
0017 004347 -14320.07252:[370.81600:-155.48104:-32.85974] 0.0000130288
0018 004543 -14320.24353:[370.36308:-155.24891:-32.81440] 0.0000119423
0019 004723 -14320.40026:[369.94802:-155.03616:-32.77286] 0.0000109441
0020 004898 -14320.54379:[369.56777:-154.84120:-32.73479] 0.0000100233
0021 005069 -14320.67512:[369.21967:-154.66264:-32.69994] 0.0000091707
Start evaluating ...
  Columns 1 through 7

    0.0010    0.0023    0.0032    0.0044    0.0061    0.0065    0.0073

  Columns 8 through 10

    0.0083    0.0094    0.0103

   4.0189e-04

Elapsed time is 5159.354433 seconds.
