nohup: ignoring input

                            < M A T L A B (R) >
                  Copyright 1984-2016 The MathWorks, Inc.
                   R2016a (9.0.0.341360) 64-bit (glnxa64)
                             February 11, 2016

 
To get started, type one of these: helpwin, helpdesk, or demo.
For product information, visit www.mathworks.com.
 

	Academic License

Start learning ...
Init data [Dtype: delicious - Dspec: sp2/1050]
Init social model
Using adagrad ...
Could not use CUDA
Params [lbd-U: 100.0000|lbd-V: 0.0100|lbd-N: 100.0000|lbd-Q: 0.1000]
Staring Sample 2 - Loc: save/ctrsmf/delicious-alg90-sp2-cold20170224205545724 
CTR-SMF Running ...

iter time likelihood converge
0001 000098 -11679085.96549 1.0000000000
0002 000175 -11365241.82044 0.0268723208
0003 000228 -11119451.57929 0.0216264858
0004 000329 -11043538.70943 0.0068270336
0005 000447 -11006229.72400 0.0033783542
0006 000558 -10978436.19630 0.0025252542
0007 000673 -10959292.78803 0.0017437282
0008 000790 -10946770.34880 0.0011426321
0009 000905 -10937718.28218 0.0008269166
0010 001025 -10930584.27128 0.0006522394
0011 001139 -10924610.49444 0.0005465194
0012 001249 -10919454.50986 0.0004719605
0013 001364 -10914936.34731 0.0004137718
0014 001481 -10910939.15706 0.0003662129
0015 001595 -10907377.14458 0.0003264625
0016 001709 -10904183.27278 0.0002928176
0017 001827 -10901303.03025 0.0002641411
0018 001942 -10898691.33028 0.0002395769
0019 002063 -10896310.50337 0.0002184507
0020 002182 -10894128.85806 0.0002002187
0021 002299 -10892119.70887 0.0001844250
0022 002412 -10890260.78706 0.0001706667
0023 002524 -10888533.54118 0.0001586046
0024 002641 -10886922.05942 0.0001479981
0025 002749 -10885412.42464 0.0001386650
0026 002862 -10883992.54451 0.0001304388
0027 002969 -10882652.12620 0.0001231550
0028 003077 -10881382.64513 0.0001166518
0029 003187 -10880177.07788 0.0001107917
0030 003298 -10879029.40946 0.0001054825
0031 003407 -10877934.25124 0.0001006669
0032 003516 -10876886.71726 0.0000962990
0033 003633 -10875882.50502 0.0000923253
0034 003743 -10874918.02088 0.0000886810
0035 003857 -10873990.24788 0.0000853131
0036 003976 -10873096.69860 0.0000821731
0037 004088 -10872235.57123 0.0000791980
0038 004200 -10871405.73193 0.0000763265
0039 004309 -10870606.61223 0.0000735066
0040 004424 -10869838.38757 0.0000706699
0041 004532 -10869102.37360 0.0000677116
0042 004642 -10868400.38292 0.0000645859
0043 004754 -10867733.64576 0.0000613464
0044 004867 -10867102.75980 0.0000580513
0045 004980 -10866507.51777 0.0000547747
0046 005099 -10865946.76165 0.0000516041
0047 005216 -10865418.68121 0.0000485996
0048 005327 -10864921.38403 0.0000457688
0049 005438 -10864453.21450 0.0000430900
0050 005549 -10864012.78618 0.0000405385
0051 005658 -10863599.14297 0.0000380746
0052 005767 -10863211.75116 0.0000356596
0053 005881 -10862850.18039 0.0000332840
0054 005987 -10862513.80019 0.0000309661
0055 006102 -10862201.69595 0.0000287322
0056 006213 -10861912.70955 0.0000266048
0057 006322 -10861645.47279 0.0000246031
0058 006438 -10861398.56715 0.0000227319
0059 006546 -10861170.62227 0.0000209867
0060 006655 -10860960.23871 0.0000193702
0061 006765 -10860765.92599 0.0000178909
0062 006878 -10860586.14738 0.0000165530
0063 006992 -10860419.42921 0.0000153508
0064 007103 -10860264.40042 0.0000142747
0065 007214 -10860119.73172 0.0000133209
0066 007335 -10859984.19718 0.0000124800
0067 007448 -10859857.02346 0.0000117103
0068 007560 -10859737.74032 0.0000109839
0069 007667 -10859625.67610 0.0000103192
0070 007781 -10859520.26268 0.0000097069
Start evaluating ...
  Columns 1 through 7

    0.0105    0.0130    0.0144    0.0152    0.0157    0.0159    0.0163

  Columns 8 through 10

    0.0166    0.0168    0.0171

    0.0038

Elapsed time is 7881.023727 seconds.
