nohup: ignoring input

                            < M A T L A B (R) >
                  Copyright 1984-2016 The MathWorks, Inc.
                   R2016a (9.0.0.341360) 64-bit (glnxa64)
                             February 11, 2016

 
To get started, type one of these: helpwin, helpdesk, or demo.
For product information, visit www.mathworks.com.
 

	Academic License

Start learning ...
Init data [Dtype: delicious - Dspec: sp2/0550]
Init social model
Using adagrad ...
Load pretrained shallow-model...
Params [lbd-U: 1.0000|lbd-V: 0.1000|lbd-N: 1.0000|lbd-Q: 0.1000]
Staring Sample 2 - Loc: save/bcdl/delicious-alg61-sp2-cold20170224185050182 
CTR(chongwang)-DAE(User graph) Running - Walks(1)...
-1/200: 438365.562500/2584.600206/435780.968750/1.000000000
-2/200: 436071.531250/911.250415/435160.281250/0.005233147
-3/200: 436054.968750/869.414831/435185.562500/0.000037981
-4/200: 436052.625000/863.375321/435189.250000/0.000005375
-5/200: 436039.812500/861.598543/435178.218750/0.000029383
-6/200: 436039.406250/860.547158/435178.843750/0.000000932
-7/200: 436060.937500/859.697700/435201.250000/0.000049379
-8/200: 436065.000000/858.979332/435206.031250/0.000009316
-9/200: 436061.000000/858.380019/435202.625000/0.000009173
-10/200: 436064.281250/857.885555/435206.406250/0.000007525
-11/200: 436056.875000/857.485296/435199.375000/0.000016984
-12/200: 436050.281250/857.169877/435193.125000/0.000015121
-13/200: 436062.406250/856.925058/435205.468750/0.000027806
-14/200: 436068.343750/856.742554/435211.593750/0.000013616
-15/200: 436059.718750/856.614555/435203.093750/0.000019779
-16/200: 436060.500000/856.530216/435203.968750/0.000001792
-17/200: 436068.750000/856.484190/435212.281250/0.000018919
-18/200: 436082.937500/856.470514/435226.468750/0.000032535
-19/200: 436073.718750/856.486891/435217.218750/0.000021140
-20/200: 436077.500000/856.526151/435220.968750/0.000008671
-21/200: 436065.562500/856.589144/435208.968750/0.000027375
-22/200: 436080.843750/856.668155/435224.187500/0.000035043
-23/200: 436086.156250/856.762990/435229.406250/0.000012182
-24/200: 436092.968750/856.870052/435236.093750/0.000015622
-25/200: 436082.187500/856.988687/435225.187500/0.000024722
-26/200: 436083.812500/857.116533/435226.687500/0.000003726
-27/200: 436079.062500/857.249553/435221.812500/0.000010892
-28/200: 436100.187500/857.386810/435242.812500/0.000048443
-29/200: 436098.281250/857.528636/435240.750000/0.000004371
-30/200: 436092.218750/857.674459/435234.531250/0.000013902
-31/200: 436092.312500/857.820502/435234.500000/0.000000215
-32/200: 436100.593750/857.969428/435242.625000/0.000018990
-33/200: 436077.000000/858.118032/435218.875000/0.000054102
-34/200: 436101.031250/858.267549/435242.750000/0.000055108
-35/200: 436082.625000/858.415427/435224.218750/0.000042206
-36/200: 436097.937500/858.563499/435239.375000/0.000035114
-37/200: 436100.187500/858.709955/435241.468750/0.000005159
-38/200: 436095.625000/858.854477/435236.781250/0.000010462
-39/200: 436102.406250/858.998448/435243.406250/0.000015550
-40/200: 436099.281250/859.140169/435240.156250/0.000007166
-41/200: 436113.125000/859.280376/435253.843750/0.000031744
-42/200: 436115.156250/859.418698/435255.750000/0.000004658
-43/200: 436112.218750/859.554242/435252.656250/0.000006736
-44/200: 436114.437500/859.686524/435254.750000/0.000005088
-45/200: 436112.406250/859.817646/435252.593750/0.000004658
-46/200: 436112.312500/859.947635/435252.375000/0.000000215
-47/200: 436119.625000/860.075091/435259.562500/0.000016767
-48/200: 436119.062500/860.200576/435258.875000/0.000001290
-49/200: 436108.375000/860.325169/435248.062500/0.000024506
-50/200: 436113.406250/860.447797/435252.968750/0.000011537
-51/200: 436113.781250/860.567958/435253.218750/0.000000860
-52/200: 436128.750000/860.686639/435268.062500/0.000034323
-53/200: 436113.937500/860.804771/435253.125000/0.000033964
-54/200: 436121.187500/860.922452/435260.250000/0.000016624
-55/200: 436120.468750/861.037635/435259.437500/0.000001648
-56/200: 436120.687500/861.151722/435259.531250/0.000000502
-57/200: 436124.750000/861.266868/435263.468750/0.000009315
-58/200: 436130.187500/861.380929/435268.812500/0.000012468
-59/200: 436127.312500/861.493662/435265.812500/0.000006592
-60/200: 436128.843750/861.604258/435267.250000/0.000003511
-61/200: 436120.968750/861.714246/435259.250000/0.000018057
-62/200: 436135.156250/861.824491/435273.343750/0.000032531
-63/200: 436128.437500/861.933695/435266.500000/0.000015405
-64/200: 436143.000000/862.041927/435280.968750/0.000033390
-65/200: 436143.718750/862.150726/435281.562500/0.000001648
-66/200: 436142.031250/862.259344/435279.781250/0.000003869
-67/200: 436132.437500/862.367001/435270.062500/0.000021997
-68/200: 436133.625000/862.473122/435271.156250/0.000002723
-69/200: 436136.125000/862.578748/435273.531250/0.000005732
-70/200: 436135.625000/862.683782/435272.937500/0.000001146
-71/200: 436145.406250/862.788491/435282.625000/0.000022427
-72/200: 436140.531250/862.891673/435277.625000/0.000011177
-73/200: 436151.093750/862.994895/435288.093750/0.000024218
-74/200: 436146.843750/863.098087/435283.750000/0.000009744
-75/200: 436143.437500/863.199749/435280.250000/0.000007810
-76/200: 436153.500000/863.300965/435290.187500/0.000023072
-77/200: 436155.468750/863.401748/435292.062500/0.000004514
-78/200: 436155.468750/863.500540/435291.968750/0.000000000
-79/200: 436145.218750/863.599778/435281.625000/0.000023501
-80/200: 436146.906250/863.697289/435283.218750/0.000003869
-81/200: 436152.812500/863.794220/435289.031250/0.000013542
-82/200: 436160.156250/863.890904/435296.250000/0.000016838
-83/200: 436153.656250/863.986795/435289.656250/0.000014903
-84/200: 436152.000000/864.080716/435287.906250/0.000003797
-85/200: 436159.281250/864.175000/435295.093750/0.000016694
-86/200: 436159.750000/864.267482/435295.468750/0.000001075
-87/200: 436161.000000/864.360147/435296.625000/0.000002866
-88/200: 436165.062500/864.452351/435300.625000/0.000009314
-89/200: 436161.531250/864.543048/435297.000000/0.000008096
-90/200: 436165.093750/864.632948/435300.468750/0.000008168
-91/200: 436164.343750/864.721071/435299.625000/0.000001720
-92/200: 436168.656250/864.809177/435303.843750/0.000009887
-93/200: 436166.437500/864.896156/435301.531250/0.000005087
-94/200: 436173.593750/864.982069/435308.625000/0.000016407
-95/200: 436170.875000/865.067928/435305.812500/0.000006233
-96/200: 436167.062500/865.153302/435301.906250/0.000008741
-97/200: 436171.906250/865.237665/435306.656250/0.000011105
-98/200: 436175.125000/865.321072/435309.812500/0.000007380
-99/200: 436176.593750/865.403877/435311.187500/0.000003367
Recall at EP-100 ...
  Columns 1 through 7

    0.0171    0.0284    0.0368    0.0446    0.0514    0.0582    0.0627

  Columns 8 through 10

    0.0676    0.0725    0.0761

Mrr at EP-100 ...
    0.0043

-100/200: 436173.312500/865.486365/435307.812500/0.000007523
-101/200: 436171.656250/865.566851/435306.093750/0.000003797
-102/200: 436175.843750/865.647577/435310.187500/0.000009601
-103/200: 436182.718750/865.727038/435317.000000/0.000015762
-104/200: 436176.500000/865.805393/435310.687500/0.000014257
-105/200: 436182.093750/865.883511/435316.218750/0.000012825
-106/200: 436178.156250/865.961000/435312.187500/0.000009027
-107/200: 436182.093750/866.038321/435316.062500/0.000009027
-108/200: 436187.000000/866.113706/435320.875000/0.000011248
-109/200: 436182.187500/866.188734/435316.000000/0.000011033
-110/200: 436181.187500/866.263158/435314.937500/0.000002293
-111/200: 436189.187500/866.337648/435322.843750/0.000018341
-112/200: 436188.687500/866.411714/435322.281250/0.000001146
-113/200: 436186.812500/866.484653/435320.312500/0.000004299
-114/200: 436185.000000/866.556953/435318.437500/0.000004155
-115/200: 436188.937500/866.628689/435322.312500/0.000009027
-116/200: 436187.906250/866.699578/435321.218750/0.000002364
-117/200: 436193.437500/866.769404/435326.656250/0.000012681
-118/200: 436192.593750/866.839707/435325.750000/0.000001934
-119/200: 436196.593750/866.908547/435329.687500/0.000009170
-120/200: 436194.531250/866.976024/435327.562500/0.000004728
-121/200: 436198.656250/867.042764/435331.625000/0.000009457
-122/200: 436199.625000/867.108832/435332.531250/0.000002221
-123/200: 436197.156250/867.174768/435329.968750/0.000005660
-124/200: 436198.812500/867.239432/435331.562500/0.000003797
-125/200: 436200.187500/867.303566/435332.875000/0.000003152
-126/200: 436200.343750/867.367467/435332.968750/0.000000358
-127/200: 436200.312500/867.431297/435332.875000/0.000000072
Start evaluating ...
  Columns 1 through 7

    0.0172    0.0281    0.0373    0.0448    0.0518    0.0580    0.0633

  Columns 8 through 10

    0.0675    0.0718    0.0761

    0.0043

Elapsed time is 23651.972959 seconds.
