nohup: ignoring input

                            < M A T L A B (R) >
                  Copyright 1984-2016 The MathWorks, Inc.
                   R2016a (9.0.0.341360) 64-bit (glnxa64)
                             February 11, 2016

 
To get started, type one of these: helpwin, helpdesk, or demo.
For product information, visit www.mathworks.com.
 

	Academic License

Start learning ...
Init data [Dtype: delicious - Dspec: sp2/2550]
Init social model
Using adagrad ...
Params [lbd-U: 100.0000|lbd-V: 0.0100|lbd-N: 100.0000|lbd-Q: 0.0500]
Staring Sample 2 - Loc: save/ctrsmf/delicious-alg90-sp2-cold20170225193345488 
CTR-SMF Running ...

iter time likelihood converge
0001 000283 -30082139.30900 1.0000000000
0002 000563 -29321542.03040 0.0252840156
0003 000845 -28684688.41773 0.0217196494
0004 001127 -28498024.54533 0.0065074394
0005 001412 -28411956.63965 0.0030201359
0006 001684 -28352013.29276 0.0021097930
0007 001959 -28310129.58438 0.0014772746
0008 002233 -28280697.53175 0.0010396297
0009 002508 -28258103.19624 0.0007989313
0010 002781 -28239569.30570 0.0006558788
0011 003053 -28223705.95244 0.0005617420
0012 003327 -28209828.13542 0.0004917078
0013 003599 -28197540.71259 0.0004355724
0014 003869 -28186571.71403 0.0003890055
0015 004104 -28176715.71363 0.0003496701
0016 004319 -28167810.35286 0.0003160539
0017 004518 -28159723.04141 0.0002871118
0018 004715 -28152343.25800 0.0002620687
0019 004897 -28145578.07586 0.0002403062
0020 005079 -28139348.90470 0.0002213197
0021 005224 -28133588.78021 0.0002047000
0022 005405 -28128240.17523 0.0001901146
0023 005585 -28123253.36820 0.0001772883
0024 005765 -28118585.45303 0.0001659806
0025 005944 -28114199.69155 0.0001559738
0026 006124 -28110064.59740 0.0001470821
0027 006304 -28106153.02602 0.0001391520
0028 006484 -28102441.83303 0.0001320420
0029 006664 -28098911.79332 0.0001256133
0030 006844 -28095547.53335 0.0001197292
0031 007023 -28092337.73401 0.0001142458
0032 007204 -28089274.80816 0.0001090307
0033 007385 -28086353.12180 0.0001040143
0034 007565 -28083567.57199 0.0000991781
0035 007746 -28080912.72549 0.0000945338
0036 007926 -28078382.05928 0.0000901205
0037 008107 -28075967.77169 0.0000859839
0038 008288 -28073661.47326 0.0000821449
0039 008469 -28071455.61811 0.0000785738
0040 008649 -28069344.54985 0.0000752034
0041 008828 -28067324.37206 0.0000719710
0042 009007 -28065392.75980 0.0000688207
0043 009186 -28063548.96518 0.0000656964
0044 009366 -28061793.46168 0.0000625546
0045 009547 -28060126.93306 0.0000593878
0046 009727 -28058548.94147 0.0000562361
0047 009907 -28057057.24209 0.0000531638
0048 010088 -28055647.80125 0.0000502348
0049 010268 -28054315.60379 0.0000474841
0050 010446 -28053056.12665 0.0000448942
0051 010625 -28051866.16168 0.0000424184
0052 010808 -28050743.29097 0.0000400284
0053 010990 -28049685.14232 0.0000377227
0054 011172 -28048689.06106 0.0000355113
0055 011353 -28047752.20579 0.0000334010
0056 011532 -28046872.28061 0.0000313724
0057 011711 -28046048.38300 0.0000293757
0058 011891 -28045280.77964 0.0000273694
0059 012070 -28044569.32391 0.0000253681
0060 012249 -28043911.99110 0.0000234389
0061 012415 -28043304.86352 0.0000216492
0062 012533 -28042743.67984 0.0000200113
0063 012701 -28042223.58498 0.0000185465
0064 012810 -28041739.36394 0.0000172676
0065 012934 -28041286.64277 0.0000161445
0066 013049 -28040862.19356 0.0000151366
0067 013151 -28040464.44921 0.0000141845
0068 013247 -28040092.42915 0.0000132673
0069 013343 -28039744.64452 0.0000124031
0070 013439 -28039419.32621 0.0000116020
0071 013535 -28039114.32956 0.0000108774
0072 013631 -28038827.62585 0.0000102251
0073 013726 -28038557.59941 0.0000096304
Start evaluating ...
  Columns 1 through 7

    0.0703    0.0887    0.0946    0.0982    0.1005    0.1028    0.1042

  Columns 8 through 10

    0.1051    0.1059    0.1065

    0.0134

Elapsed time is 13799.656191 seconds.
