nohup: ignoring input

                            < M A T L A B (R) >
                  Copyright 1984-2016 The MathWorks, Inc.
                   R2016a (9.0.0.341360) 64-bit (glnxa64)
                             February 11, 2016

 
To get started, type one of these: helpwin, helpdesk, or demo.
For product information, visit www.mathworks.com.
 

	Academic License

Start learning ...
Init data [Dtype: delicious - Dspec: sp2/5050]
Init social model
Using adagrad ...
Params [lbd-U: 100.0000|lbd-V: 0.0100|lbd-N: 100.0000|lbd-Q: 0.0100]
Staring Sample 2 - Loc: save/ctrsmf/delicious-alg90-sp2-cold20170226203650905 
CTR-SMF Running ...

iter time likelihood converge
0001 000510 -44455673.29978 1.0000000000
0002 001043 -43362892.73073 0.0245813523
0003 001581 -42423184.58291 0.0216707901
0004 002122 -42150486.41966 0.0064280456
0005 002665 -42027966.23980 0.0029067323
0006 003203 -41944715.34498 0.0019808452
0007 003751 -41886175.65648 0.0013956392
0008 004300 -41843908.76519 0.0010090893
0009 004848 -41810716.28531 0.0007932452
0010 005398 -41783086.52639 0.0006608296
0011 005940 -41759244.13304 0.0005706231
0012 006493 -41738276.91579 0.0005020976
0013 007037 -41719639.74488 0.0004465247
0014 007594 -41702948.08325 0.0004000912
0015 008146 -41687907.92517 0.0003606498
0016 008693 -41674285.51892 0.0003267712
0017 009240 -41661889.42923 0.0002974518
0018 009794 -41650559.88346 0.0002719403
0019 010345 -41640162.59033 0.0002496315
0020 010892 -41630584.22246 0.0002300271
0021 011436 -41621728.37370 0.0002127246
0022 011985 -41613512.05740 0.0001974045
0023 012536 -41605862.97045 0.0001838126
0024 013086 -41598717.51718 0.0001717415
0025 013629 -41592019.54682 0.0001610139
0026 014164 -41585719.49496 0.0001514726
0027 014700 -41579773.59847 0.0001429793
0028 015231 -41574143.65493 0.0001354010
0029 015770 -41568797.07911 0.0001286034
0030 016308 -41563706.90012 0.0001224519
0031 016834 -41558851.56505 0.0001168167
0032 017367 -41554214.37398 0.0001115813
0033 017901 -41549782.30973 0.0001066574
0034 018431 -41545544.67874 0.0001019892
0035 018951 -41541492.56997 0.0000975341
0036 019474 -41537619.51805 0.0000932333
0037 019988 -41533922.25495 0.0000890100
0038 020507 -41530399.97537 0.0000848049
0039 021025 -41527052.14407 0.0000806116
0040 021547 -41523876.19944 0.0000764789
0041 022055 -41520867.31492 0.0000724616
0042 022554 -41518020.24410 0.0000685696
0043 023055 -41515330.81874 0.0000647773
0044 023553 -41512794.78317 0.0000610867
0045 024055 -41510406.40092 0.0000575336
0046 024552 -41508158.81467 0.0000541451
0047 025052 -41506044.24127 0.0000509436
0048 025550 -41504053.96469 0.0000479515
0049 026049 -41502178.67144 0.0000451834
0050 026546 -41500409.51536 0.0000426280
0051 027046 -41498739.44525 0.0000402423
0052 027540 -41497163.16189 0.0000379839
0053 027975 -41495677.08955 0.0000358114
0054 028419 -41494278.50998 0.0000337042
0055 028863 -41492963.50907 0.0000316911
0056 029275 -41491726.09765 0.0000298222
0057 029683 -41490558.84743 0.0000281321
0058 030099 -41489454.37491 0.0000266199
0059 030509 -41488406.59480 0.0000252541
0060 030922 -41487411.53887 0.0000239840
0061 031336 -41486467.45545 0.0000227559
0062 031740 -41485573.83957 0.0000215399
0063 032154 -41484730.33533 0.0000203325
0064 032554 -41483936.24272 0.0000191418
0065 032946 -41483190.40652 0.0000179789
0066 033343 -41482491.42979 0.0000168496
0067 033747 -41481836.90884 0.0000157782
0068 034142 -41481225.13646 0.0000147480
0069 034538 -41480655.56132 0.0000137309
0070 034934 -41480126.92256 0.0000127442
0071 035330 -41479637.42487 0.0000118008
0072 035726 -41479184.67392 0.0000109150
0073 036118 -41478765.69243 0.0000101010
0074 036491 -41478377.01584 0.0000093705
Start evaluating ...
  Columns 1 through 7

    0.0979    0.1376    0.1532    0.1585    0.1614    0.1647    0.1667

  Columns 8 through 10

    0.1678    0.1689    0.1699

    0.0177

Elapsed time is 36630.331243 seconds.
