nohup: ignoring input

                            < M A T L A B (R) >
                  Copyright 1984-2016 The MathWorks, Inc.
                   R2016a (9.0.0.341360) 64-bit (glnxa64)
                             February 11, 2016

 
To get started, type one of these: helpwin, helpdesk, or demo.
For product information, visit www.mathworks.com.
 

	Academic License

Start learning ...
Init data [Dtype: delicious - Dspec: sp2/0550]
Init social model
Using adagrad ...
Params [lbd-U: 10.0000|lbd-V: 1.0000|lbd-N: 10.0000|lbd-Q: 0.1000]
Staring Sample 2 - Loc: save/ctr/delicious-alg80-sp2-cold20170224185120986 
CTR(chongwang) Running ...

iter time likelihood:[r:u:v] converge
0001 000065 -2300.00000:[0.00000:0.00000:0.00000] 1.0000000000
0002 000123 -2295.96994:[8.60725:-3.43853:-1.02038] 0.0017522011
0003 000181 -2294.37497:[14.24101:-6.47187:-1.91800] 0.0006946814
0004 000240 -2294.28092:[15.77299:-7.53431:-2.25468] 0.0000409898
0005 000301 -2294.38477:[15.96124:-7.73809:-2.33154] 0.0000452622
0006 000365 -2294.48308:[15.80265:-7.68283:-2.32352] 0.0000428470
0007 000422 -2294.56610:[15.57695:-7.56949:-2.29370] 0.0000361863
0008 000480 -2294.63767:[15.35712:-7.45403:-2.26115] 0.0000311876
0009 000537 -2294.70068:[15.15809:-7.34884:-2.23078] 0.0000274631
0010 000595 -2294.75691:[14.98024:-7.25504:-2.20345] 0.0000245016
0011 000652 -2294.80745:[14.82108:-7.17136:-2.17898] 0.0000220243
0012 000709 -2294.85309:[14.67806:-7.09636:-2.15704] 0.0000198890
0013 000766 -2294.89445:[14.54902:-7.02883:-2.13729] 0.0000180246
0014 000823 -2294.93205:[14.43219:-6.96779:-2.11945] 0.0000163845
0015 000880 -2294.96632:[14.32610:-6.91244:-2.10330] 0.0000149329
0016 000939 -2294.99763:[14.22950:-6.86211:-2.08863] 0.0000136409
0017 000995 -2295.02628:[14.14135:-6.81623:-2.07527] 0.0000124850
0018 001051 -2295.05255:[14.06073:-6.77431:-2.06308] 0.0000114460
0019 001107 -2295.07667:[13.98689:-6.73594:-2.05194] 0.0000105080
0020 001164 -2295.09883:[13.91916:-6.70077:-2.04174] 0.0000096577
Start evaluating ...
  Columns 1 through 7

    0.0014    0.0019    0.0027    0.0039    0.0045    0.0051    0.0060

  Columns 8 through 10

    0.0066    0.0070    0.0073

   5.0408e-04

Elapsed time is 1293.038349 seconds.
