nohup: ignoring input

                            < M A T L A B (R) >
                  Copyright 1984-2016 The MathWorks, Inc.
                   R2016a (9.0.0.341360) 64-bit (glnxa64)
                             February 11, 2016

 
To get started, type one of these: helpwin, helpdesk, or demo.
For product information, visit www.mathworks.com.
 

	Academic License

Start learning ...
Init data [Dtype: delicious - Dspec: sp2/1050]
Init social model
Using adagrad ...
Could not use CUDA
Params [lbd-U: 0.1000|lbd-V: 0.0100|lbd-N: 0.1000|lbd-Q: 0.1000]
Staring Sample 2 - Loc: save/ctr/delicious-alg80-sp2-cold20170224191130965 
CTR(chongwang) Running ...

iter time likelihood:[r:u:v] converge
0001 000122 -5099.00000:[0.00000:0.00000:-0.00000] 1.0000000000
0002 000242 -514.44433:[9403.43286:-116.95999:-53.16434] 0.8991087805
0003 000363 -455.22722:[9427.68357:-69.96008:-51.74016] 0.1151088767
0004 000482 -450.36812:[9434.55736:-68.46149:-51.42113] 0.0106740000
0005 000609 -447.72112:[9437.99107:-67.51095:-51.39232] 0.0058774293
0006 000726 -445.95761:[9440.08346:-66.79689:-51.48477] 0.0039388429
0007 000837 -444.66984:[9441.44270:-66.20308:-51.63371] 0.0028876615
0008 000954 -443.68335:[9442.33611:-65.68270:-51.81172] 0.0022184788
0009 001055 -442.90600:[9442.91156:-65.21415:-52.00558] 0.0017520351
0010 001151 -442.28151:[9443.26205:-64.78581:-52.20784] 0.0014099773
0011 001248 -441.77226:[9443.45040:-64.39055:-52.41373] 0.0011514114
0012 001343 -441.35172:[9443.52078:-64.02352:-52.61997] 0.0009519422
0013 001444 -441.00055:[9443.50501:-63.68122:-52.82426] 0.0007956650
0014 001546 -440.70438:[9443.42636:-63.36096:-53.02495] 0.0006715984
0015 001643 -440.45234:[9443.30206:-63.06057:-53.22091] 0.0005719105
0016 001744 -440.23611:[9443.14492:-62.77830:-53.41138] 0.0004909093
0017 001841 -440.04928:[9442.96459:-62.51265:-53.59586] 0.0004244025
0018 001937 -439.88678:[9442.76836:-62.26235:-53.77405] 0.0003692681
0019 002030 -439.74463:[9442.56176:-62.02627:-53.94579] 0.0003231561
0020 002121 -439.61962:[9442.34902:-61.80343:-54.11101] 0.0002842786
0021 002213 -439.50916:[9442.13336:-61.59293:-54.26974] 0.0002512587
0022 002308 -439.41114:[9441.91725:-61.39398:-54.42205] 0.0002230231
0023 002402 -439.32382:[9441.70258:-61.20584:-54.56805] 0.0001987255
0024 002495 -439.24575:[9441.49078:-61.02785:-54.70791] 0.0001776931
0025 002584 -439.17574:[9441.28291:-60.85939:-54.84177] 0.0001593884
0026 002674 -439.11277:[9441.07978:-60.69989:-54.96983] 0.0001433799
0027 002760 -439.05599:[9440.88198:-60.54883:-55.09229] 0.0001293190
0028 002846 -439.00465:[9440.68992:-60.40572:-55.20933] 0.0001169205
0029 002928 -438.95814:[9440.50388:-60.27011:-55.32116] 0.0001059487
0030 003011 -438.91591:[9440.32403:-60.14156:-55.42797] 0.0000962082
0031 003095 -438.87749:[9440.15049:-60.01969:-55.52995] 0.0000875362
0032 003178 -438.84247:[9439.98326:-59.90413:-55.62731] 0.0000797957
0033 003261 -438.81049:[9439.82233:-59.79451:-55.72021] 0.0000728701
0034 003342 -438.78124:[9439.66764:-59.69053:-55.80886] 0.0000666592
0035 003424 -438.75444:[9439.51909:-59.59188:-55.89342] 0.0000610763
0036 003506 -438.72985:[9439.37655:-59.49826:-55.97407] 0.0000560475
0037 003587 -438.70725:[9439.23989:-59.40940:-56.05097] 0.0000515094
0038 003663 -438.68645:[9439.10895:-59.32505:-56.12429] 0.0000474068
0039 003710 -438.66728:[9438.98357:-59.24498:-56.19419] 0.0000436919
0040 003768 -438.64960:[9438.86357:-59.16895:-56.26081] 0.0000403242
0041 003836 -438.63325:[9438.74879:-59.09675:-56.32431] 0.0000372686
0042 003904 -438.61812:[9438.63904:-59.02819:-56.38481] 0.0000344931
0043 003956 -438.60410:[9438.53415:-58.96306:-56.44245] 0.0000319691
0044 004001 -438.59108:[9438.43394:-58.90119:-56.49736] 0.0000296710
0045 004045 -438.57899:[9438.33823:-58.84242:-56.54966] 0.0000275754
0046 004089 -438.56773:[9438.24685:-58.78658:-56.59948] 0.0000256617
0047 004133 -438.55725:[9438.15963:-58.73352:-56.64692] 0.0000239119
0048 004178 -438.54746:[9438.07640:-58.68310:-56.69210] 0.0000223103
0049 004222 -438.53832:[9437.99699:-58.63518:-56.73511] 0.0000208422
0050 004266 -438.52977:[9437.92125:-58.58963:-56.77606] 0.0000194949
0051 004310 -438.52177:[9437.84903:-58.54634:-56.81505] 0.0000182578
0052 004354 -438.51426:[9437.78017:-58.50519:-56.85217] 0.0000171216
0053 004398 -438.50721:[9437.71453:-58.46607:-56.88749] 0.0000160779
0054 004442 -438.50058:[9437.65197:-58.42887:-56.92111] 0.0000151193
0055 004487 -438.49433:[9437.59237:-58.39351:-56.95311] 0.0000142395
0056 004531 -438.48844:[9437.53558:-58.35988:-56.98355] 0.0000134321
0057 004575 -438.48288:[9437.48149:-58.32790:-57.01251] 0.0000126911
0058 004619 -438.47761:[9437.42998:-58.29749:-57.04006] 0.0000120107
0059 004664 -438.47262:[9437.38094:-58.26857:-57.06626] 0.0000113853
0060 004708 -438.46788:[9437.33424:-58.24106:-57.09118] 0.0000108092
0061 004751 -438.46337:[9437.28980:-58.21490:-57.11487] 0.0000102765
0062 004795 -438.45908:[9437.24750:-58.19001:-57.13739] 0.0000097825
Start evaluating ...
  Columns 1 through 7

    0.0075    0.0077    0.0077    0.0079    0.0080    0.0083    0.0084

  Columns 8 through 10

    0.0086    0.0087    0.0089

    0.0026

Elapsed time is 4858.482955 seconds.
