nohup: ignoring input

                            < M A T L A B (R) >
                  Copyright 1984-2016 The MathWorks, Inc.
                   R2016a (9.0.0.341360) 64-bit (glnxa64)
                             February 11, 2016

 
To get started, type one of these: helpwin, helpdesk, or demo.
For product information, visit www.mathworks.com.
 

	Academic License

Start learning ...
Init data [Dtype: delicious - Dspec: sp2/5050]
Init social model
Using adagrad ...
Load pretrained shallow-model...
Could not use CUDA
Params [lbd-U: 0.0100|lbd-V: 0.0100|lbd-N: 0.0100|lbd-Q: 0.0100]
Staring Sample 2 - Loc: save/bcdl/delicious-alg61-sp2-cold20170227105048244 
CTR(chongwang)-DAE(User graph) Running - Walks(1)...
-1/200: 7452.418505/3094.608694/4357.809811/1.000000000
-2/200: 6942.937044/2593.293120/4349.643924/0.068364580
-3/200: 6739.626206/2389.179851/4350.446355/0.029283117
-4/200: 6622.750947/2271.181107/4351.569840/0.017341505
-5/200: 6531.953881/2180.327577/4351.626304/0.013709872
-6/200: 6458.677288/2107.023630/4351.653658/0.011218174
-7/200: 6397.935914/2046.070259/4351.865655/0.009404615
-8/200: 6346.191928/1994.273155/4351.918773/0.008087606
-9/200: 6301.409786/1949.542187/4351.867599/0.007056538
-10/200: 6262.331383/1910.431939/4351.899444/0.006201533
-11/200: 6227.731615/1875.895721/4351.835894/0.005525062
-12/200: 6196.924870/1845.147967/4351.776903/0.004946704
-13/200: 6169.461018/1817.582407/4351.878611/0.004431852
-14/200: 6144.672325/1792.720553/4351.951772/0.004017967
-15/200: 6122.040673/1770.178151/4351.862522/0.003683134
-16/200: 6101.493549/1749.642338/4351.851211/0.003356254
-17/200: 6082.817964/1730.855002/4351.962962/0.003060822
-18/200: 6065.711309/1713.601312/4352.109997/0.002812291
-19/200: 6049.685596/1697.700681/4351.984915/0.002642017
-20/200: 6035.044290/1682.999881/4352.044409/0.002420176
-21/200: 6021.306187/1669.368376/4351.937811/0.002276388
-22/200: 6008.765242/1656.694019/4352.071223/0.002082762
-23/200: 5997.015145/1644.879933/4352.135212/0.001955493
-24/200: 5986.042287/1633.841875/4352.200412/0.001829720
-25/200: 5975.612149/1623.506428/4352.105721/0.001742410
-26/200: 5965.914660/1613.809155/4352.105505/0.001622844
-27/200: 5956.765465/1604.693212/4352.072253/0.001533578
-28/200: 5948.381395/1596.108466/4352.272929/0.001407487
-29/200: 5940.260093/1588.010363/4352.249730/0.001365296
-30/200: 5932.551549/1580.359200/4352.192349/0.001297678
-31/200: 5925.280279/1573.119563/4352.160716/0.001225656
-32/200: 5918.546704/1566.259598/4352.287106/0.001136415
-33/200: 5911.787511/1559.750695/4352.036816/0.001142036
-34/200: 5905.829861/1553.567093/4352.262768/0.001007758
-35/200: 5899.772035/1547.685462/4352.086573/0.001025737
-36/200: 5894.309329/1542.084705/4352.224624/0.000925918
-37/200: 5889.008355/1536.745562/4352.262793/0.000899338
-38/200: 5883.842541/1531.650602/4352.191939/0.000877196
-39/200: 5879.052488/1526.783764/4352.268724/0.000814103
-40/200: 5874.375167/1522.130544/4352.244623/0.000795591
-41/200: 5870.069872/1517.677546/4352.392326/0.000732894
-42/200: 5865.803390/1513.412504/4352.390886/0.000726820
-43/200: 5861.714397/1509.324103/4352.390294/0.000697090
-44/200: 5857.794345/1505.401880/4352.392465/0.000668755
-45/200: 5854.024291/1501.636332/4352.387959/0.000643596
-46/200: 5850.347983/1498.018583/4352.329400/0.000627997
-47/200: 5846.951185/1494.540356/4352.410829/0.000580615
-48/200: 5843.597964/1491.194025/4352.403939/0.000573499
-49/200: 5840.269921/1487.972555/4352.297366/0.000569519
-50/200: 5837.227051/1484.869334/4352.357717/0.000521015
-51/200: 5834.259626/1481.878162/4352.381464/0.000508362
-52/200: 5831.537130/1478.993459/4352.543671/0.000466639
-53/200: 5828.581352/1476.209874/4352.371478/0.000506861
-54/200: 5825.981216/1473.522424/4352.458792/0.000446101
-55/200: 5823.403782/1470.926385/4352.477397/0.000442403
-56/200: 5820.866337/1468.417507/4352.448830/0.000435732
-57/200: 5818.458241/1465.991716/4352.466525/0.000413701
-58/200: 5816.190433/1463.645095/4352.545338/0.000389761
-59/200: 5813.883194/1461.374043/4352.509151/0.000396692
-60/200: 5811.678050/1459.175163/4352.502887/0.000379289
-61/200: 5809.498789/1457.045275/4352.453514/0.000374980
-62/200: 5807.574355/1454.981403/4352.592952/0.000331256
-63/200: 5805.538382/1452.980689/4352.557693/0.000350572
-64/200: 5803.734535/1451.040458/4352.694077/0.000310711
-65/200: 5801.801140/1449.158281/4352.642859/0.000333129
-66/200: 5799.976736/1447.331677/4352.645059/0.000314455
-67/200: 5798.117848/1445.558393/4352.559455/0.000320499
-68/200: 5796.394710/1443.836284/4352.558426/0.000297189
-69/200: 5794.754768/1442.163287/4352.591481/0.000282925
-70/200: 5793.116836/1440.537581/4352.579255/0.000282658
-71/200: 5791.651637/1438.957297/4352.694340/0.000252921
-72/200: 5790.089499/1437.420668/4352.668831/0.000269722
-73/200: 5788.693939/1435.926102/4352.767837/0.000241026
-74/200: 5787.204223/1434.472038/4352.732185/0.000257349
-75/200: 5785.735373/1433.056965/4352.678408/0.000253810
-76/200: 5784.482910/1431.679444/4352.803466/0.000216474
-77/200: 5783.138781/1430.338202/4352.800579/0.000232368
-78/200: 5781.863320/1429.031836/4352.831484/0.000220548
-79/200: 5780.425566/1427.759284/4352.666282/0.000248666
-80/200: 5779.228190/1426.519222/4352.708968/0.000207143
-81/200: 5778.077757/1425.310590/4352.767167/0.000199063
-82/200: 5776.962037/1424.132324/4352.829713/0.000193095
-83/200: 5775.756889/1422.983414/4352.773475/0.000208613
-84/200: 5774.594758/1421.862886/4352.731872/0.000201209
-85/200: 5773.594025/1420.769785/4352.824240/0.000173299
-86/200: 5772.553110/1419.703184/4352.849926/0.000180289
-87/200: 5771.466098/1418.662325/4352.803773/0.000188307
-88/200: 5770.549832/1417.646324/4352.903508/0.000158758
-89/200: 5769.487072/1416.654425/4352.832647/0.000184170
-90/200: 5768.586904/1415.685817/4352.901087/0.000156022
-91/200: 5767.687749/1414.739751/4352.947998/0.000155871
-92/200: 5766.745088/1413.815648/4352.929440/0.000163438
-93/200: 5765.814320/1412.912789/4352.901531/0.000161403
-94/200: 5765.062299/1412.030505/4353.031794/0.000130428
-95/200: 5764.130622/1411.168255/4352.962367/0.000161607
-96/200: 5763.242931/1410.325403/4352.917528/0.000154003
-97/200: 5762.505328/1409.501369/4353.003959/0.000127984
-98/200: 5761.719252/1408.695614/4353.023638/0.000136412
-99/200: 5760.926805/1407.907623/4353.019182/0.000137537
Recall at EP-100 ...
  Columns 1 through 7

    0.1106    0.1442    0.1560    0.1627    0.1693    0.1765    0.1829

  Columns 8 through 10

    0.1910    0.1988    0.2074

Mrr at EP-100 ...
    0.0247

-100/200: 5760.115154/1407.136922/4352.978232/0.000140889
-101/200: 5759.361294/1406.382909/4352.978385/0.000130876
-102/200: 5758.696655/1405.645218/4353.051437/0.000115402
-103/200: 5758.052991/1404.923338/4353.129653/0.000111772
-104/200: 5757.242629/1404.216867/4353.025762/0.000140735
-105/200: 5756.622874/1403.525375/4353.097499/0.000107648
-106/200: 5755.885004/1402.848486/4353.036518/0.000128178
-107/200: 5755.247105/1402.185789/4353.061316/0.000110825
-108/200: 5754.713081/1401.536819/4353.176262/0.000092789
-109/200: 5753.944627/1400.901330/4353.043297/0.000133535
-110/200: 5753.334903/1400.278916/4353.055987/0.000105966
-111/200: 5752.777404/1399.669305/4353.108099/0.000096900
-112/200: 5752.274681/1399.072045/4353.202636/0.000087388
-113/200: 5751.651786/1398.486876/4353.164910/0.000108287
-114/200: 5751.060501/1397.913497/4353.147004/0.000102803
-115/200: 5750.483067/1397.351634/4353.131433/0.000100405
-116/200: 5749.946560/1396.800918/4353.145642/0.000093298
-117/200: 5749.480244/1396.261121/4353.219123/0.000081099
-118/200: 5748.925928/1395.731984/4353.193944/0.000096412
-119/200: 5748.470244/1395.213226/4353.257018/0.000079264
-120/200: 5747.879004/1394.704580/4353.174424/0.000102852
-121/200: 5747.510186/1394.205783/4353.304403/0.000064166
-122/200: 5746.944536/1393.716679/4353.227857/0.000098417
-123/200: 5746.530749/1393.236957/4353.293792/0.000072001
-124/200: 5746.040744/1392.766433/4353.274311/0.000085270
-125/200: 5745.572006/1392.304879/4353.267127/0.000081576
-126/200: 5745.121991/1391.852084/4353.269907/0.000078324
-127/200: 5744.685113/1391.407863/4353.277250/0.000076043
-128/200: 5744.218965/1390.972009/4353.246956/0.000081144
-129/200: 5743.820278/1390.544259/4353.276019/0.000069407
-130/200: 5743.480312/1390.124497/4353.355815/0.000059188
-131/200: 5743.055316/1389.712536/4353.342780/0.000073996
-132/200: 5742.613434/1389.308221/4353.305213/0.000076942
-133/200: 5742.289468/1388.911339/4353.378129/0.000056414
-134/200: 5741.937258/1388.521717/4353.415541/0.000061336
-135/200: 5741.499489/1388.139229/4353.360260/0.000076241
-136/200: 5741.108219/1387.763665/4353.344554/0.000068148
-137/200: 5740.826052/1387.394948/4353.431104/0.000049148
-138/200: 5740.480983/1387.032837/4353.448146/0.000060108
-139/200: 5740.051868/1386.677258/4353.374610/0.000074753
-140/200: 5739.737768/1386.328065/4353.409703/0.000054721
-141/200: 5739.399822/1385.985125/4353.414697/0.000058878
-142/200: 5739.065377/1385.648245/4353.417132/0.000058272
-143/200: 5738.746226/1385.317359/4353.428867/0.000055610
-144/200: 5738.428358/1384.992310/4353.436048/0.000055390
-145/200: 5738.167495/1384.672993/4353.494502/0.000045459
-146/200: 5737.897321/1384.359224/4353.538097/0.000047084
-147/200: 5737.516315/1384.050977/4353.465338/0.000066402
-148/200: 5737.256043/1383.748049/4353.507994/0.000045363
-149/200: 5736.907632/1383.450438/4353.457194/0.000060728
-150/200: 5736.692100/1383.157956/4353.534144/0.000037569
-151/200: 5736.465376/1382.870507/4353.594869/0.000039522
-152/200: 5736.075251/1382.588023/4353.487228/0.000068008
-153/200: 5735.883280/1382.310337/4353.572943/0.000033467
-154/200: 5735.644530/1382.037404/4353.607126/0.000041624
-155/200: 5735.289612/1381.769149/4353.520463/0.000061879
-156/200: 5735.029216/1381.505448/4353.523768/0.000045402
-157/200: 5734.880156/1381.246199/4353.633957/0.000025991
-158/200: 5734.605533/1380.991309/4353.614224/0.000047886
-159/200: 5734.401675/1380.740746/4353.660929/0.000035549
-160/200: 5734.123964/1380.494386/4353.629578/0.000048429
-161/200: 5733.860178/1380.252127/4353.608051/0.000046003
-162/200: 5733.629905/1380.013913/4353.615992/0.000040160
-163/200: 5733.464792/1379.779669/4353.685123/0.000028797
-164/200: 5733.192533/1379.549301/4353.643232/0.000047486
-165/200: 5732.993680/1379.322767/4353.670913/0.000034684
-166/200: 5732.814787/1379.099958/4353.714829/0.000031204
-167/200: 5732.525653/1378.880820/4353.644833/0.000050435
-168/200: 5732.408729/1378.665276/4353.743453/0.000020396
-169/200: 5732.156340/1378.453255/4353.703085/0.000044029
-170/200: 5731.913501/1378.244733/4353.668768/0.000042364
-171/200: 5731.747590/1378.039604/4353.707986/0.000028945
-172/200: 5731.574225/1377.837790/4353.736435/0.000030246
-173/200: 5731.395259/1377.639261/4353.755998/0.000031224
-174/200: 5731.261207/1377.443949/4353.817258/0.000023389
-175/200: 5730.981777/1377.251792/4353.729985/0.000048755
-176/200: 5730.861658/1377.062745/4353.798913/0.000020960
-177/200: 5730.768238/1376.876721/4353.891517/0.000016301
-178/200: 5730.504605/1376.693670/4353.810935/0.000046003
-179/200: 5730.366868/1376.513544/4353.853324/0.000024036
-180/200: 5730.129248/1376.336300/4353.792948/0.000041467
-181/200: 5730.089639/1376.161886/4353.927753/0.000006912
-182/200: 5729.859570/1375.990229/4353.869341/0.000040151
-183/200: 5729.731595/1375.821303/4353.910292/0.000022335
-184/200: 5729.501051/1375.655095/4353.845956/0.000040236
-185/200: 5729.399080/1375.491486/4353.907594/0.000017798
-186/200: 5729.209533/1375.330472/4353.879061/0.000033083
-187/200: 5729.079299/1375.171970/4353.907329/0.000022732
-188/200: 5729.000391/1375.015939/4353.984452/0.000013773
-189/200: 5728.806422/1374.862378/4353.944044/0.000033857
-190/200: 5728.624474/1374.711232/4353.913242/0.000031760
-191/200: 5728.500509/1374.562442/4353.938067/0.000021639
-192/200: 5728.403528/1374.415962/4353.987566/0.000016930
-193/200: 5728.220417/1374.271763/4353.948654/0.000031965
-194/200: 5728.103386/1374.129797/4353.973589/0.000020431
-195/200: 5727.993687/1373.990064/4354.003623/0.000019151
-196/200: 5727.824151/1373.852452/4353.971699/0.000029598
-197/200: 5727.747121/1373.716961/4354.030160/0.000013448
-198/200: 5727.560374/1373.583555/4353.976819/0.000032604
-199/200: 5727.512348/1373.452214/4354.060134/0.000008385
-200/200: 5720.646191/1366.647714/4353.998477/0.001198803
Start evaluating ...
  Columns 1 through 7

    0.1079    0.1380    0.1488    0.1530    0.1557    0.1578    0.1601

  Columns 8 through 10

    0.1618    0.1624    0.1639

    0.0231

Elapsed time is 66353.414065 seconds.
