nohup: ignoring input

                            < M A T L A B (R) >
                  Copyright 1984-2016 The MathWorks, Inc.
                   R2016a (9.0.0.341360) 64-bit (glnxa64)
                             February 11, 2016

 
To get started, type one of these: helpwin, helpdesk, or demo.
For product information, visit www.mathworks.com.
 

	Academic License

Start learning ...
Init data [Dtype: delicious - Dspec: sp2/0550]
Init social model
Using adagrad ...
Params [lbd-U: 100.0000|lbd-V: 0.0100|lbd-N: 100.0000|lbd-Q: 0.1000]
Staring Sample 2 - Loc: save/ctrsmf/delicious-alg90-sp2-cold20170224185113435 
CTR-SMF Running ...

iter time likelihood converge
0001 000077 -5315895.74207 1.0000000000
0002 000149 -5158426.29330 0.0296223734
0003 000218 -5046542.18024 0.0216895826
0004 000288 -5012082.25665 0.0068284228
0005 000368 -4993153.23544 0.0037766781
0006 000434 -4977693.90911 0.0030961049
0007 000501 -4967157.07913 0.0021168095
0008 000569 -4960678.97196 0.0013041881
0009 000635 -4956283.67564 0.0008860272
0010 000701 -4952999.73517 0.0006625812
0011 000767 -4950342.66890 0.0005364560
0012 000833 -4948093.78101 0.0004542893
0013 000899 -4946150.35404 0.0003927628
0014 000965 -4944450.55144 0.0003436617
0015 001031 -4942950.41353 0.0003033983
0016 001096 -4941616.64763 0.0002698319
0017 001162 -4940423.11486 0.0002415268
0018 001244 -4939348.70516 0.0002174732
0019 001341 -4938375.97082 0.0001969357
0020 001434 -4937490.26202 0.0001793522
0021 001528 -4936679.18984 0.0001642681
0022 001626 -4935932.28663 0.0001512967
0023 001721 -4935240.76589 0.0001400993
0024 001823 -4934597.30695 0.0001303805
0025 001910 -4933995.83232 0.0001218893
0026 002002 -4933431.28040 0.0001144208
0027 002093 -4932899.39637 0.0001078122
0028 002183 -4932396.56092 0.0001019351
0029 002272 -4931919.66677 0.0000966861
0030 002359 -4931466.04420 0.0000919769
0031 002446 -4931033.42185 0.0000877269
0032 002530 -4930619.91807 0.0000838574
0033 002614 -4930224.08845 0.0000802799
0034 002691 -4929845.01829 0.0000768870
0035 002766 -4929482.25354 0.0000735854
0036 002843 -4929135.47567 0.0000703477
0037 002919 -4928804.26187 0.0000671951
0038 002995 -4928488.24882 0.0000641156
0039 003069 -4928187.16109 0.0000610913
0040 003141 -4927900.59163 0.0000581491
0041 003213 -4927628.25339 0.0000552646
0042 003288 -4927369.93781 0.0000524219
0043 003362 -4927125.19609 0.0000496699
0044 003440 -4926893.70482 0.0000469830
0045 003512 -4926675.26513 0.0000443362
0046 003582 -4926469.57505 0.0000417503
0047 003651 -4926276.15607 0.0000392612
0048 003721 -4926094.45109 0.0000368849
0049 003793 -4925923.92825 0.0000346162
0050 003865 -4925764.10820 0.0000324447
0051 003933 -4925614.54269 0.0000303639
0052 004000 -4925474.79448 0.0000283717
0053 004071 -4925344.43714 0.0000264659
0054 004137 -4925223.05504 0.0000246444
0055 004204 -4925110.21530 0.0000229106
0056 004271 -4925005.41239 0.0000212793
0057 004338 -4924908.01264 0.0000197766
0058 004405 -4924817.24748 0.0000184298
0059 004472 -4924732.31277 0.0000172463
0060 004538 -4924652.54080 0.0000161982
0061 004605 -4924577.46810 0.0000152443
0062 004671 -4924506.73563 0.0000143632
0063 004738 -4924440.02259 0.0000135472
0064 004805 -4924377.05328 0.0000127871
0065 004872 -4924317.60664 0.0000120719
0066 004938 -4924261.48870 0.0000113961
0067 005006 -4924208.44042 0.0000107728
0068 005062 -4924158.15900 0.0000102111
0069 005119 -4924110.44048 0.0000096907
Start evaluating ...
  Columns 1 through 7

    0.0047    0.0065    0.0072    0.0078    0.0083    0.0088    0.0092

  Columns 8 through 10

    0.0097    0.0102    0.0108

    0.0023

Elapsed time is 5197.024652 seconds.
