nohup: ignoring input

                            < M A T L A B (R) >
                  Copyright 1984-2016 The MathWorks, Inc.
                   R2016a (9.0.0.341360) 64-bit (glnxa64)
                             February 11, 2016

 
To get started, type one of these: helpwin, helpdesk, or demo.
For product information, visit www.mathworks.com.
 

	Academic License

Start learning ...
Init data [Dtype: delicious - Dspec: sp2/5050]
Init social model
Using adagrad ...
Load pretrained shallow-model...
Could not use CUDA
Params [lbd-U: 0.1000|lbd-V: 0.0100|lbd-N: 0.1000|lbd-Q: 0.0100]
Staring Sample 2 - Loc: save/bcdl/delicious-alg61-sp2-cold20170227105048234 
CTR(chongwang)-DAE(User graph) Running - Walks(1)...
-1/200: 46637.745796/3059.647691/43578.098105/1.000000000
-2/200: 45262.149754/1764.199691/43497.950063/0.029495337
-3/200: 45223.347518/1708.493475/43514.854043/0.000857278
-4/200: 45196.466489/1678.757874/43517.708615/0.000594406
-5/200: 45174.634714/1657.964021/43516.670693/0.000483042
-6/200: 45159.374170/1642.601125/43516.773045/0.000337812
-7/200: 45149.671798/1630.707763/43518.964035/0.000214847
-8/200: 45140.601406/1621.128147/43519.473259/0.000200896
-9/200: 45132.241815/1613.161666/43519.080149/0.000185190
-10/200: 45125.800518/1606.370142/43519.430376/0.000142721
-11/200: 45119.215384/1600.469760/43518.745624/0.000145928
-12/200: 45113.471238/1595.269352/43518.201886/0.000127310
-13/200: 45109.958206/1590.635180/43519.323026/0.000077871
-14/200: 45106.447735/1586.469165/43519.978570/0.000077820
-15/200: 45101.793072/1582.697749/43519.095323/0.000103193
-16/200: 45098.414922/1579.263970/43519.150952/0.000074901
-17/200: 45096.240491/1576.122229/43520.118262/0.000048215
-18/200: 45094.769810/1573.235981/43521.533829/0.000032612
-19/200: 45091.099610/1570.575306/43520.524304/0.000081389
-20/200: 45089.070368/1568.114648/43520.955720/0.000045003
-21/200: 45085.652840/1565.832774/43519.820066/0.000075795
-22/200: 45084.959185/1563.711502/43521.247683/0.000015385
-23/200: 45083.635752/1561.735145/43521.900607/0.000029354
-24/200: 45082.387366/1559.890215/43522.497151/0.000027690
-25/200: 45079.651810/1558.164631/43521.487179/0.000060679
-26/200: 45078.157400/1556.548295/43521.609105/0.000033150
-27/200: 45076.250599/1555.031743/43521.218856/0.000042300
-28/200: 45076.807073/1553.606919/43523.200154/0.000012345
-29/200: 45075.270827/1552.266542/43523.004285/0.000034081
-30/200: 45073.414577/1551.004103/43522.410474/0.000041181
-31/200: 45072.165666/1549.813846/43522.351820/0.000027708
-32/200: 45072.006899/1548.690395/43523.316504/0.000003523
-33/200: 45068.561621/1547.628853/43520.932768/0.000076439
-34/200: 45069.860787/1546.625180/43523.235607/0.000028826
-35/200: 45067.140230/1545.675158/43521.465072/0.000060363
-36/200: 45067.737250/1544.775359/43522.961891/0.000013247
-37/200: 45067.178710/1543.922435/43523.256275/0.000012393
-38/200: 45065.771402/1543.113416/43522.657986/0.000031227
-39/200: 45065.716516/1542.345423/43523.371093/0.000001218
-40/200: 45064.681984/1541.615966/43523.066018/0.000022956
-41/200: 45065.380287/1540.922799/43524.457488/0.000015496
-42/200: 45064.756095/1540.263633/43524.492462/0.000013851
-43/200: 45064.042064/1539.636538/43524.405526/0.000015845
-44/200: 45063.560485/1539.039454/43524.521031/0.000010687
-45/200: 45062.831356/1538.470926/43524.360430/0.000016180
-46/200: 45062.239641/1537.929247/43524.310394/0.000013131
-47/200: 45062.462927/1537.412901/43525.050026/0.000004955
-48/200: 45061.859474/1536.920450/43524.939024/0.000013391
-49/200: 45060.314427/1536.450619/43523.863808/0.000034287
-50/200: 45060.475504/1536.002127/43524.473377/0.000003575
-51/200: 45060.018962/1535.573811/43524.445151/0.000010132
-52/200: 45061.223915/1535.164662/43526.059253/0.000026741
-53/200: 45059.253879/1534.773791/43524.480088/0.000043719
-54/200: 45059.575974/1534.400163/43525.175811/0.000007148
-55/200: 45059.289900/1534.042805/43525.247095/0.000006349
-56/200: 45058.931936/1533.701116/43525.230820/0.000007944
-57/200: 45058.909333/1533.374187/43525.535146/0.000000502
-58/200: 45059.272831/1533.061280/43526.211551/0.000008067
-59/200: 45058.612177/1532.761680/43525.850497/0.000014662
-60/200: 45058.471557/1532.474708/43525.996849/0.000003121
-61/200: 45057.414245/1532.199807/43525.214438/0.000023465
-62/200: 45058.566285/1531.936447/43526.629838/0.000025568
-63/200: 45057.688397/1531.683979/43526.004418/0.000019483
-64/200: 45058.965643/1531.441950/43527.523693/0.000028347
-65/200: 45058.654039/1531.209938/43527.444101/0.000006915
-66/200: 45058.284173/1530.987379/43527.296794/0.000008209
-67/200: 45057.135122/1530.773818/43526.361304/0.000025501
-68/200: 45057.052882/1530.568903/43526.483979/0.000001825
-69/200: 45057.062195/1530.372125/43526.690070/0.000000207
-70/200: 45056.756157/1530.183225/43526.572932/0.000006792
-71/200: 45057.646424/1530.001876/43527.644548/0.000019759
-72/200: 45057.001893/1529.827562/43527.174331/0.000014305
-73/200: 45057.877177/1529.660189/43528.216988/0.000019426
-74/200: 45057.347290/1529.499280/43527.848010/0.000011760
-75/200: 45056.794754/1529.344631/43527.450123/0.000012263
-76/200: 45057.718616/1529.195914/43528.522702/0.000020504
-77/200: 45057.702850/1529.052996/43528.649854/0.000000350
-78/200: 45057.652730/1528.915416/43528.737314/0.000001112
-79/200: 45056.386623/1528.783202/43527.603421/0.000028100
-80/200: 45056.487848/1528.655938/43527.831910/0.000002247
-81/200: 45056.911334/1528.533417/43528.377917/0.000009399
-82/200: 45057.608590/1528.415434/43529.193156/0.000015475
-83/200: 45056.756952/1528.301846/43528.455106/0.000018901
-84/200: 45056.491571/1528.192516/43528.299055/0.000005890
-85/200: 45057.154974/1528.087148/43529.067826/0.000014724
-86/200: 45057.169774/1527.985591/43529.184183/0.000000328
-87/200: 45057.089221/1527.887773/43529.201448/0.000001788
-88/200: 45057.460533/1527.793498/43529.667035/0.000008241
-89/200: 45056.989992/1527.702620/43529.287372/0.000010443
-90/200: 45057.265650/1527.614925/43529.650725/0.000006118
-91/200: 45057.214811/1527.530310/43529.684501/0.000001128
-92/200: 45057.497188/1527.448637/43530.048551/0.000006267
-93/200: 45057.142454/1527.369912/43529.772542/0.000007873
-94/200: 45057.904415/1527.293864/43530.610551/0.000016911
-95/200: 45057.530120/1527.220476/43530.309644/0.000008307
-96/200: 45057.041006/1527.149625/43529.891381/0.000010855
-97/200: 45057.490529/1527.081193/43530.409336/0.000009977
-98/200: 45057.801372/1527.015095/43530.786277/0.000006899
-99/200: 45057.804656/1526.951240/43530.853416/0.000000073
Recall at EP-100 ...
  Columns 1 through 7

    0.1106    0.1444    0.1575    0.1642    0.1708    0.1783    0.1856

  Columns 8 through 10

    0.1947    0.2032    0.2131

Mrr at EP-100 ...
    0.0247

-100/200: 45057.357591/1526.889493/43530.468098/0.000009922
-101/200: 45057.213303/1526.829780/43530.383523/0.000003202
-102/200: 45057.612723/1526.772078/43530.840645/0.000008865
-103/200: 45058.245705/1526.716255/43531.529450/0.000014048
-104/200: 45057.495535/1526.662262/43530.833273/0.000016649
-105/200: 45058.087911/1526.609971/43531.477940/0.000013147
-106/200: 45057.560399/1526.559459/43531.000940/0.000011707
-107/200: 45057.941473/1526.510597/43531.430876/0.000008457
-108/200: 45058.437957/1526.463149/43531.974808/0.000011019
-109/200: 45057.817897/1526.417307/43531.400590/0.000013761
-110/200: 45057.717450/1526.372839/43531.344611/0.000002229
-111/200: 45058.411771/1526.329877/43532.081894/0.000015410
-112/200: 45058.479881/1526.288132/43532.191749/0.000001512
-113/200: 45058.218748/1526.247694/43531.971054/0.000005795
-114/200: 45057.999287/1526.208545/43531.790742/0.000004871
-115/200: 45058.258591/1526.170523/43532.088068/0.000005755
-116/200: 45058.220546/1526.133677/43532.086869/0.000000844
-117/200: 45058.740574/1526.097894/43532.642680/0.000011541
-118/200: 45058.586995/1526.063153/43532.523842/0.000003408
-119/200: 45059.014769/1526.029529/43532.985240/0.000009494
-120/200: 45058.698048/1525.996772/43532.701276/0.000007029
-121/200: 45059.203342/1525.964983/43533.238359/0.000011214
-122/200: 45059.174629/1525.934149/43533.240480/0.000000637
-123/200: 45058.958066/1525.904169/43533.053897/0.000004806
-124/200: 45059.105662/1525.875045/43533.230617/0.000003276
-125/200: 45059.162540/1525.846732/43533.315808/0.000001262
-126/200: 45059.161520/1525.819197/43533.342323/0.000000023
Start evaluating ...
  Columns 1 through 7

    0.1095    0.1435    0.1563    0.1632    0.1697    0.1770    0.1845

  Columns 8 through 10

    0.1938    0.2023    0.2119

    0.0248

Elapsed time is 39182.650506 seconds.
