nohup: ignoring input

                            < M A T L A B (R) >
                  Copyright 1984-2016 The MathWorks, Inc.
                   R2016a (9.0.0.341360) 64-bit (glnxa64)
                             February 11, 2016

 
To get started, type one of these: helpwin, helpdesk, or demo.
For product information, visit www.mathworks.com.
 

	Academic License

Start learning ...
Init data [Dtype: delicious - Dspec: sp2/2550]
Init social model
Using adagrad ...
Load pretrained shallow-model...
Params [lbd-U: 0.1000|lbd-V: 10.0000|lbd-N: 0.1000|lbd-Q: 0.0500]
Staring Sample 2 - Loc: save/bcdl/delicious-alg61-sp2-cold20170225193335685 
CTR(chongwang)-DAE(User graph) Running - Walks(1)...
-1/200: 55603.623038/12025.524933/43578.098105/1.000000000
-2/200: 51353.968933/7855.737173/43498.231760/0.076427648
-3/200: 51200.015441/7706.634222/43493.381219/0.002997889
-4/200: 50930.575981/7436.646424/43493.929557/0.005262488
-5/200: 50586.273935/7091.208602/43495.065333/0.006760223
-6/200: 50367.012527/6867.011816/43500.000711/0.004334405
-7/200: 50273.380263/6765.726107/43507.654156/0.001859000
-8/200: 50217.532683/6706.681991/43510.850692/0.001110878
-9/200: 50183.323977/6671.563025/43511.760952/0.000681210
-10/200: 50163.091096/6650.105972/43512.985124/0.000403179
-11/200: 50148.372123/6635.933668/43512.438455/0.000293422
-12/200: 50137.978309/6626.241548/43511.736761/0.000207261
-13/200: 50133.318505/6619.751915/43513.566590/0.000092940
-14/200: 50128.915117/6615.705362/43513.209755/0.000087834
-15/200: 50126.042983/6613.560303/43512.482680/0.000057295
-16/200: 50126.551032/6612.898638/43513.652394/0.000010135
-17/200: 50126.696031/6613.396502/43513.299529/0.000002893
-18/200: 50129.769409/6614.795513/43514.973896/0.000061312
-19/200: 50131.472044/6616.891477/43514.580567/0.000033965
-20/200: 50133.707976/6619.516009/43514.191967/0.000044601
-21/200: 50135.532458/6622.535546/43512.996912/0.000036392
-22/200: 50140.200886/6625.837888/43514.362998/0.000093116
-23/200: 50144.286559/6629.331216/43514.955343/0.000081485
-24/200: 50148.536794/6632.938657/43515.598137/0.000084760
-25/200: 50150.759732/6636.599196/43514.160536/0.000044327
-26/200: 50154.739750/6640.259969/43514.479781/0.000079361
-27/200: 50157.654794/6643.876813/43513.777981/0.000058121
-28/200: 50163.595711/6647.415697/43516.180014/0.000118445
-29/200: 50166.500789/6650.847678/43515.653111/0.000057912
-30/200: 50169.334615/6654.150535/43515.184080/0.000056488
-31/200: 50172.971412/6657.305578/43515.665834/0.000072490
-32/200: 50176.341421/6660.300661/43516.040760/0.000067168
-33/200: 50177.042940/6663.125396/43513.917544/0.000013981
-34/200: 50181.881931/6665.772787/43516.109144/0.000096438
-35/200: 50182.237383/6668.239546/43513.997837/0.000007083
-36/200: 50186.302218/6670.523817/43515.778401/0.000081001
-37/200: 50188.728637/6672.626344/43516.102293/0.000048348
-38/200: 50189.843032/6674.547515/43515.295517/0.000022204
-39/200: 50191.696814/6676.292842/43515.403972/0.000036935
-40/200: 50192.954477/6677.864993/43515.089484/0.000025057
-41/200: 50195.588867/6679.270036/43516.318831/0.000052485
-42/200: 50197.254702/6680.512515/43516.742187/0.000033187
-43/200: 50198.066423/6681.598030/43516.468393/0.000016171
-44/200: 50199.603021/6682.533361/43517.069660/0.000030611
-45/200: 50199.542085/6683.328040/43516.214045/0.000001214
-46/200: 50200.710502/6683.989128/43516.721374/0.000023275
-47/200: 50202.109334/6684.526913/43517.582421/0.000027865
-48/200: 50202.278647/6684.951133/43517.327514/0.000003373
-49/200: 50202.109253/6685.272080/43516.837173/0.000003374
-50/200: 50201.578528/6685.499878/43516.078650/0.000010572
-51/200: 50202.207785/6685.643166/43516.564619/0.000012535
-52/200: 50203.905061/6685.711614/43518.193447/0.000033809
-53/200: 50202.102394/6685.715906/43516.386488/0.000035907
-54/200: 50202.350070/6685.663918/43516.686152/0.000004934
-55/200: 50202.845804/6685.562410/43517.283394/0.000009875
-56/200: 50201.973359/6685.421081/43516.552278/0.000017378
-57/200: 50202.601876/6685.247353/43517.354523/0.000012520
-58/200: 50202.808963/6685.047009/43517.761954/0.000004125
-59/200: 50201.467106/6684.826488/43516.640618/0.000026729
-60/200: 50202.559009/6684.589533/43517.969476/0.000021750
-61/200: 50200.793382/6684.343425/43516.449957/0.000035170
-62/200: 50202.143888/6684.091718/43518.052170/0.000026902
-63/200: 50200.910564/6683.837230/43517.073334/0.000024567
-64/200: 50202.795960/6683.582896/43519.213064/0.000037557
-65/200: 50202.504016/6683.332908/43519.171108/0.000005815
-66/200: 50201.641537/6683.087569/43518.553968/0.000017180
-67/200: 50200.253769/6682.848620/43517.405149/0.000027644
-68/200: 50200.137793/6682.616056/43517.521737/0.000002310
-69/200: 50200.480671/6682.390536/43518.090135/0.000006830
-70/200: 50200.337612/6682.173200/43518.164412/0.000002850
-71/200: 50200.553357/6681.964513/43518.588844/0.000004298
-72/200: 50199.424485/6681.762921/43517.661564/0.000022487
-73/200: 50201.175514/6681.569305/43519.606209/0.000034881
-74/200: 50200.150997/6681.383545/43518.767452/0.000020408
-75/200: 50199.578538/6681.204577/43518.373961/0.000011404
-76/200: 50200.163948/6681.032042/43519.131906/0.000011662
-77/200: 50200.624719/6680.866768/43519.757951/0.000009179
-78/200: 50199.949526/6680.706503/43519.243023/0.000013450
-79/200: 50199.665938/6680.552752/43519.113186/0.000005649
-80/200: 50199.057720/6680.404739/43518.652981/0.000012116
-81/200: 50199.463134/6680.261655/43519.201479/0.000008076
-82/200: 50200.456477/6680.124114/43520.332363/0.000019788
-83/200: 50199.059579/6679.991923/43519.067656/0.000027826
-84/200: 50198.744223/6679.863245/43518.880978/0.000006282
-85/200: 50199.512246/6679.739465/43519.772781/0.000015300
-86/200: 50199.465795/6679.619579/43519.846216/0.000000925
-87/200: 50199.559663/6679.504022/43520.055641/0.000001870
-88/200: 50199.967991/6679.392572/43520.575419/0.000008134
-89/200: 50199.278296/6679.284238/43519.994058/0.000013739
-90/200: 50199.407437/6679.179480/43520.227957/0.000002573
-91/200: 50198.765007/6679.077598/43519.687409/0.000012798
-92/200: 50198.999936/6678.979423/43520.020513/0.000004680
-93/200: 50198.926793/6678.883540/43520.043253/0.000001457
-94/200: 50199.500889/6678.790950/43520.709939/0.000011436
-95/200: 50199.202658/6678.701416/43520.501242/0.000005941
-96/200: 50198.738361/6678.614970/43520.123391/0.000009249
-97/200: 50198.871047/6678.531325/43520.339722/0.000002643
-98/200: 50198.953337/6678.449653/43520.503684/0.000001639
-99/200: 50200.117742/6678.370180/43521.747562/0.000023196
Recall at EP-100 ...
  Columns 1 through 7

    0.0687    0.0899    0.0999    0.1086    0.1178    0.1288    0.1402

  Columns 8 through 10

    0.1525    0.1652    0.1756

Mrr at EP-100 ...
    0.0145

-100/200: 50199.389336/6678.293500/43521.095836/0.000014510
-101/200: 50198.030254/6678.217933/43519.812321/0.000027074
-102/200: 50198.984485/6678.145432/43520.839053/0.000019009
-103/200: 50198.577604/6678.075361/43520.502243/0.000008105
-104/200: 50198.857375/6678.005963/43520.851412/0.000005573
-105/200: 50199.358031/6677.938633/43521.419398/0.000009973
-106/200: 50199.295135/6677.873778/43521.421357/0.000001253
-107/200: 50199.617751/6677.810972/43521.806779/0.000006427
-108/200: 50199.836212/6677.748666/43522.087546/0.000004352
-109/200: 50199.309654/6677.688069/43521.621585/0.000010489
-110/200: 50199.068923/6677.629193/43521.439730/0.000004795
-111/200: 50199.506314/6677.573578/43521.932736/0.000008713
-112/200: 50198.740369/6677.519449/43521.220920/0.000015258
-113/200: 50199.168960/6677.465917/43521.703043/0.000008538
-114/200: 50198.875241/6677.414309/43521.460932/0.000005851
-115/200: 50199.384893/6677.363789/43522.021104/0.000010153
-116/200: 50199.063298/6677.313871/43521.749427/0.000006406
-117/200: 50199.434295/6677.265865/43522.168430/0.000007391
-118/200: 50199.225625/6677.219933/43522.005692/0.000004157
-119/200: 50199.779756/6677.174375/43522.605381/0.000011039
-120/200: 50199.707415/6677.129255/43522.578160/0.000001441
-121/200: 50199.164113/6677.085491/43522.078622/0.000010823
-122/200: 50199.644415/6677.042919/43522.601496/0.000009568
-123/200: 50199.108168/6677.002494/43522.105674/0.000010682
-124/200: 50200.300056/6676.961493/43523.338563/0.000023743
-125/200: 50199.619339/6676.921807/43522.697532/0.000013560
-126/200: 50199.084059/6676.883834/43522.200225/0.000010663
-127/200: 50199.150108/6676.847401/43522.302707/0.000001316
-128/200: 50199.427730/6676.812102/43522.615628/0.000005530
-129/200: 50199.544363/6676.775300/43522.769063/0.000002323
-130/200: 50199.689169/6676.740743/43522.948426/0.000002885
-131/200: 50199.284671/6676.707803/43522.576868/0.000008058
-132/200: 50200.723169/6676.675373/43524.047796/0.000028656
-133/200: 50200.334421/6676.644690/43523.689731/0.000007744
-134/200: 50200.921637/6676.613925/43524.307712/0.000011697
-135/200: 50199.348231/6676.584411/43522.763820/0.000031342
-136/200: 50200.003985/6676.554452/43523.449533/0.000013063
-137/200: 50199.745930/6676.526410/43523.219520/0.000005141
-138/200: 50200.287095/6676.498441/43523.788654/0.000010780
-139/200: 50200.398909/6676.470445/43523.928464/0.000002227
-140/200: 50200.672483/6676.444236/43524.228247/0.000005450
-141/200: 50200.710791/6676.419217/43524.291574/0.000000763
-142/200: 50199.460840/6676.393765/43523.067075/0.000024899
-143/200: 50200.157320/6676.369869/43523.787451/0.000013874
-144/200: 50201.504156/6676.345818/43525.158338/0.000026829
-145/200: 50200.625921/6676.323399/43524.302522/0.000017494
-146/200: 50200.215285/6676.301059/43523.914226/0.000008180
-147/200: 50201.104664/6676.278688/43524.825976/0.000017717
-148/200: 50199.907094/6676.256716/43523.650378/0.000023855
-149/200: 50201.115680/6676.235481/43524.880199/0.000024075
-150/200: 50200.779132/6676.215495/43524.563637/0.000006704
-151/200: 50200.673811/6676.196588/43524.477223/0.000002098
-152/200: 50200.930763/6676.177448/43524.753315/0.000005118
-153/200: 50200.410230/6676.158365/43524.251865/0.000010369
-154/200: 50200.505469/6676.140145/43524.365324/0.000001897
-155/200: 50200.645796/6676.122938/43524.522858/0.000002795
-156/200: 50200.632741/6676.106198/43524.526543/0.000000260
-157/200: 50201.169066/6676.089950/43525.079116/0.000010684
-158/200: 50202.342041/6676.073058/43526.268983/0.000023365
-159/200: 50201.655065/6676.058026/43525.597039/0.000013684
-160/200: 50201.890969/6676.043364/43525.847605/0.000004699
-161/200: 50200.846411/6676.028722/43524.817689/0.000020807
-162/200: 50202.021294/6676.013812/43526.007482/0.000023404
-163/200: 50202.285859/6675.999695/43526.286164/0.000005270
-164/200: 50200.770768/6675.986517/43524.784251/0.000030180
-165/200: 50202.370297/6675.973428/43526.396869/0.000031863
-166/200: 50201.151100/6675.961022/43525.190078/0.000024286
-167/200: 50201.838425/6675.948550/43525.889875/0.000013691
-168/200: 50201.619750/6675.936639/43525.683111/0.000004356
-169/200: 50201.606338/6675.924776/43525.681562/0.000000267
-170/200: 50202.052853/6675.914036/43526.138817/0.000008894
-171/200: 50202.840052/6675.903383/43526.936669/0.000015681
-172/200: 50202.512469/6675.892674/43526.619795/0.000006525
-173/200: 50201.409341/6675.882924/43525.526417/0.000021974
-174/200: 50202.673514/6675.873903/43526.799611/0.000025182
-175/200: 50202.435845/6675.864071/43526.571774/0.000004734
-176/200: 50202.213235/6675.856177/43526.357058/0.000004434
-177/200: 50202.922890/6675.848307/43527.074583/0.000014136
-178/200: 50201.915601/6675.840309/43526.075292/0.000020064
-179/200: 50202.741889/6675.832391/43526.909498/0.000016459
-180/200: 50202.352782/6675.824977/43526.527805/0.000007751
-181/200: 50201.989357/6675.818930/43526.170427/0.000007239
-182/200: 50201.919235/6675.812278/43526.106957/0.000001397
-183/200: 50203.065640/6675.806166/43527.259474/0.000022836
-184/200: 50203.016710/6675.801116/43527.215594/0.000000975
-185/200: 50202.976051/6675.795717/43527.180334/0.000000810
-186/200: 50203.414845/6675.790633/43527.624212/0.000008740
-187/200: 50203.000045/6675.784842/43527.215203/0.000008262
-188/200: 50203.918916/6675.780207/43528.138709/0.000018303
-189/200: 50202.680763/6675.775938/43526.904825/0.000024662
-190/200: 50203.846633/6675.771924/43528.074709/0.000023223
-191/200: 50204.213340/6675.768381/43528.444959/0.000007304
-192/200: 50204.046269/6675.764826/43528.281443/0.000003328
-193/200: 50202.254189/6675.761895/43526.492294/0.000035696
-194/200: 50203.322445/6675.759379/43527.563066/0.000021279
-195/200: 50203.492125/6675.757486/43527.734639/0.000003380
-196/200: 50203.753656/6675.754433/43527.999223/0.000005209
-197/200: 50204.074851/6675.751528/43528.323323/0.000006398
-198/200: 50204.353295/6675.748318/43528.604977/0.000005546
-199/200: 50203.801469/6675.746224/43528.055245/0.000010992
-200/200: 50204.055993/6675.733602/43528.322391/0.000005070
Start evaluating ...
  Columns 1 through 7

    0.0668    0.0889    0.0993    0.1080    0.1166    0.1279    0.1400

  Columns 8 through 10

    0.1533    0.1657    0.1756

    0.0142

Elapsed time is 33099.791343 seconds.
