nohup: ignoring input

                            < M A T L A B (R) >
                  Copyright 1984-2016 The MathWorks, Inc.
                   R2016a (9.0.0.341360) 64-bit (glnxa64)
                             February 11, 2016

 
To get started, type one of these: helpwin, helpdesk, or demo.
For product information, visit www.mathworks.com.
 

	Academic License

Start learning ...
Init data [Dtype: delicious - Dspec: sp2/2550]
Init social model
Using adagrad ...
Params [lbd-U: 100.0000|lbd-V: 10.0000|lbd-N: 100.0000|lbd-Q: 0.0500]
Staring Sample 2 - Loc: save/ctrsmf/delicious-alg90-sp2-cold20170225193345034 
CTR-SMF Running ...

iter time likelihood converge
0001 000280 -30082422.01664 1.0000000000
0002 000564 -29323585.77531 0.0252252375
0003 000840 -28693124.44736 0.0215001444
0004 001121 -28507223.89808 0.0064789232
0005 001400 -28421543.68897 0.0030055613
0006 001671 -28361893.74833 0.0020987579
0007 001942 -28320219.93826 0.0014693592
0008 002213 -28290945.83119 0.0010336822
0009 002484 -28268482.09005 0.0007940258
0010 002754 -28250060.68449 0.0006516588
0011 003023 -28234294.39466 0.0005580976
0012 003295 -28220500.75484 0.0004885420
0013 003566 -28208287.13364 0.0004327925
0014 003833 -28197383.57077 0.0003865376
0015 004075 -28187586.18540 0.0003474573
0016 004288 -28178733.80845 0.0003140523
0017 004490 -28170694.76213 0.0002852877
0018 004687 -28163359.24287 0.0002603954
0019 004869 -28156634.92961 0.0002387611
0020 005050 -28150443.76771 0.0002198829
0021 005234 -28144719.25831 0.0002033541
0022 005415 -28139404.26332 0.0001888452
0023 005597 -28134449.39570 0.0001760829
0024 005778 -28129812.03878 0.0001648284
0025 005958 -28125455.65445 0.0001548672
0026 006139 -28121348.83775 0.0001460178
0027 006320 -28117464.47661 0.0001381286
0028 006500 -28113779.49604 0.0001310566
0029 006681 -28110274.76285 0.0001246625
0030 006862 -28106934.89066 0.0001188132
0031 007043 -28103748.28006 0.0001133745
0032 007222 -28100706.76288 0.0001082246
0033 007402 -28097803.97352 0.0001032995
0034 007581 -28095034.19583 0.0000985763
0035 007693 -28092391.84486 0.0000940505
0036 007861 -28089870.95428 0.0000897357
0037 008040 -28087464.94722 0.0000856539
0038 008220 -28085166.97488 0.0000818149
0039 008399 -28082970.85552 0.0000781950
0040 008578 -28080871.70642 0.0000747481
0041 008758 -28078865.69104 0.0000714371
0042 008937 -28076949.95535 0.0000682270
0043 009067 -28075122.79849 0.0000650768
0044 009248 -28073383.54027 0.0000619502
0045 009345 -28071731.79844 0.0000588366
0046 009466 -28070166.36991 0.0000557653
0047 009645 -28068684.65263 0.0000527862
0048 009822 -28067282.65585 0.0000499488
0049 010000 -28065955.68174 0.0000472783
0050 010178 -28064699.64680 0.0000447530
0051 010358 -28063511.82520 0.0000423244
0052 010537 -28062390.30839 0.0000399635
0053 010717 -28061333.19459 0.0000376701
0054 010897 -28060338.13325 0.0000354602
0055 011040 -28059402.32333 0.0000333499
0056 011137 -28058523.22221 0.0000313300
0057 011234 -28057699.50171 0.0000293572
0058 011338 -28056930.99536 0.0000273902
0059 011434 -28056217.34338 0.0000254359
0060 011531 -28055556.75285 0.0000235452
0061 011628 -28054946.02596 0.0000217685
0062 011724 -28054381.82504 0.0000201106
0063 011832 -28053860.03425 0.0000185993
0064 012013 -28053375.79061 0.0000172612
0065 012137 -28052924.52774 0.0000160859
0066 012234 -28052502.46351 0.0000150453
0067 012394 -28052107.40487 0.0000140828
0068 012559 -28051737.86470 0.0000131733
0069 012718 -28051392.09680 0.0000123261
0070 012830 -28051068.43270 0.0000115383
0071 012938 -28050764.94549 0.0000108191
0072 013037 -28050479.60181 0.0000101724
0073 013134 -28050210.52226 0.0000095927
Start evaluating ...
  Columns 1 through 7

    0.0012    0.0024    0.0036    0.0048    0.0054    0.0062    0.0068

  Columns 8 through 10

    0.0072    0.0077    0.0082

   4.7960e-04

Elapsed time is 13210.510836 seconds.
