nohup: ignoring input

                            < M A T L A B (R) >
                  Copyright 1984-2016 The MathWorks, Inc.
                   R2016a (9.0.0.341360) 64-bit (glnxa64)
                             February 11, 2016

 
To get started, type one of these: helpwin, helpdesk, or demo.
For product information, visit www.mathworks.com.
 

	Academic License

Start learning ...
Init data [Dtype: delicious - Dspec: sp2/1050]
Init social model
Using adagrad ...
Load pretrained shallow-model...
Params [lbd-U: 1.0000|lbd-V: 0.0100|lbd-N: 1.0000|lbd-Q: 0.1000]
Staring Sample 2 - Loc: save/bcdl/delicious-alg61-sp2-cold20170224185233899 
CTR(chongwang)-DAE(User graph) Running - Walks(1)...
-1/200: 440235.937500/4454.984061/435780.968750/1.000000000
-2/200: 436380.875000/1257.089241/435123.781250/0.008756810
-3/200: 436185.187500/1004.347940/435180.843750/0.000448433
-4/200: 436075.687500/888.705319/435186.968750/0.000251040
-5/200: 435997.093750/821.169131/435175.937500/0.000180230
-6/200: 435954.531250/777.860379/435176.656250/0.000097621
-7/200: 435947.625000/748.721726/435198.906250/0.000015842
-8/200: 435932.093750/728.511536/435203.593750/0.000035626
-9/200: 435914.468750/714.191623/435200.281250/0.000040431
-10/200: 435907.781250/703.890072/435203.906250/0.000015341
-11/200: 435893.468750/696.391054/435197.062500/0.000032834
-12/200: 435881.906250/690.883727/435191.031250/0.000026526
-13/200: 435890.125000/686.805117/435203.312500/0.000018855
-14/200: 435892.968750/683.767347/435209.187500/0.000006524
-15/200: 435882.281250/681.490757/435200.781250/0.000024519
-16/200: 435881.843750/679.772369/435202.062500/0.000001004
-17/200: 435888.656250/678.469616/435210.187500/0.000015629
-18/200: 435901.312500/677.475515/435223.843750/0.000029036
-19/200: 435891.937500/676.713557/435215.218750/0.000021507
-20/200: 435894.968750/676.125400/435218.843750/0.000006954
-21/200: 435882.718750/675.670782/435207.062500/0.000028103
-22/200: 435897.187500/675.316285/435221.875000/0.000033194
-23/200: 435902.406250/675.039533/435227.375000/0.000011972
-24/200: 435908.843750/674.822523/435234.031250/0.000014768
-25/200: 435897.875000/674.653284/435223.218750/0.000025163
-26/200: 435899.312500/674.521038/435224.781250/0.000003298
-27/200: 435894.218750/674.417274/435219.812500/0.000011686
-28/200: 435914.968750/674.336457/435240.625000/0.000047603
-29/200: 435912.968750/674.275034/435238.687500/0.000004588
-30/200: 435906.593750/674.230048/435232.375000/0.000014624
-31/200: 435906.750000/674.196832/435232.562500/0.000000358
-32/200: 435914.812500/674.175418/435240.625000/0.000018496
-33/200: 435891.281250/674.162756/435217.125000/0.000053981
-34/200: 435915.250000/674.158704/435241.093750/0.000054988
-35/200: 435896.875000/674.160439/435222.718750/0.000042153
-36/200: 435912.000000/674.169090/435237.843750/0.000034699
-37/200: 435913.906250/674.182492/435239.718750/0.000004373
-38/200: 435909.187500/674.200329/435235.000000/0.000010825
-39/200: 435915.812500/674.222718/435241.593750/0.000015198
-40/200: 435912.906250/674.248435/435238.656250/0.000006667
-41/200: 435926.218750/674.277876/435251.937500/0.000030539
-42/200: 435928.406250/674.310109/435254.093750/0.000005018
-43/200: 435925.500000/674.344580/435251.156250/0.000006667
-44/200: 435927.781250/674.380433/435253.406250/0.000005233
-45/200: 435925.562500/674.419233/435251.156250/0.000005090
-46/200: 435925.500000/674.460137/435251.031250/0.000000143
-47/200: 435932.687500/674.502320/435258.187500/0.000016488
-48/200: 435931.906250/674.546345/435257.375000/0.000001792
-49/200: 435921.531250/674.591691/435246.937500/0.000023800
-50/200: 435926.125000/674.638236/435251.500000/0.000010538
-51/200: 435926.687500/674.685503/435252.000000/0.000001290
-52/200: 435941.406250/674.733600/435266.687500/0.000033764
-53/200: 435926.875000/674.783382/435252.093750/0.000033333
-54/200: 435933.718750/674.834449/435258.875000/0.000015699
-55/200: 435933.250000/674.885255/435258.375000/0.000001075
-56/200: 435933.062500/674.936747/435258.125000/0.000000430
-57/200: 435937.531250/674.990136/435262.531250/0.000010251
-58/200: 435942.687500/675.043996/435267.656250/0.000011828
-59/200: 435939.781250/675.097971/435264.687500/0.000006667
-60/200: 435941.281250/675.151790/435266.125000/0.000003441
-61/200: 435933.500000/675.205909/435258.281250/0.000017849
-62/200: 435947.562500/675.260985/435272.312500/0.000032258
-63/200: 435940.781250/675.316102/435265.468750/0.000015555
-64/200: 435955.500000/675.371153/435280.125000/0.000033763
-65/200: 435956.250000/675.427249/435280.812500/0.000001720
-66/200: 435954.625000/675.483655/435279.156250/0.000003727
-67/200: 435944.843750/675.539818/435269.312500/0.000022436
-68/200: 435946.000000/675.595755/435270.406250/0.000002652
-69/200: 435948.593750/675.651919/435272.937500/0.000005950
-70/200: 435948.000000/675.707659/435272.281250/0.000001362
-71/200: 435957.531250/675.764033/435281.781250/0.000021863
-72/200: 435952.687500/675.819631/435276.875000/0.000011111
-73/200: 435963.437500/675.875725/435287.562500/0.000024659
-74/200: 435959.062500/675.931972/435283.125000/0.000010035
-75/200: 435955.593750/675.987882/435279.593750/0.000007957
-76/200: 435965.562500/676.043562/435289.531250/0.000022866
-77/200: 435967.593750/676.099463/435291.500000/0.000004659
-78/200: 435967.687500/676.154352/435291.531250/0.000000215
-79/200: 435957.406250/676.209603/435281.187500/0.000023583
-80/200: 435959.156250/676.264392/435282.906250/0.000004014
-81/200: 435964.812500/676.318910/435288.500000/0.000012974
-82/200: 435972.312500/676.373401/435295.937500/0.000017203
-83/200: 435965.687500/676.427842/435289.250000/0.000015196
-84/200: 435963.968750/676.481309/435287.500000/0.000003942
-85/200: 435971.406250/676.535220/435294.875000/0.000017060
-86/200: 435971.843750/676.588174/435295.250000/0.000001004
-87/200: 435973.093750/676.641427/435296.437500/0.000002867
-88/200: 435977.218750/676.694464/435300.531250/0.000009462
-89/200: 435973.500000/676.746882/435296.750000/0.000008530
-90/200: 435977.125000/676.798942/435300.312500/0.000008315
-91/200: 435976.312500/676.850148/435299.468750/0.000001864
-92/200: 435980.562500/676.901536/435303.656250/0.000009748
-93/200: 435978.406250/676.952372/435301.468750/0.000004946
-94/200: 435985.531250/677.002805/435308.531250/0.000016343
-95/200: 435983.000000/677.052943/435305.937500/0.000005806
-96/200: 435978.875000/677.103278/435301.781250/0.000009461
-97/200: 435983.968750/677.153405/435306.812500/0.000011683
-98/200: 435987.062500/677.202752/435309.875000/0.000007096
-99/200: 435988.781250/677.251933/435311.531250/0.000003942
Recall at EP-100 ...
  Columns 1 through 7

    0.0235    0.0404    0.0539    0.0647    0.0732    0.0823    0.0890

  Columns 8 through 10

    0.0944    0.0993    0.1040

Mrr at EP-100 ...
    0.0065

-100/200: 435985.250000/677.300912/435307.937500/0.000008099
-101/200: 435983.437500/677.348812/435306.093750/0.000004157
-102/200: 435987.718750/677.396908/435310.312500/0.000009820
-103/200: 435994.437500/677.444595/435317.000000/0.000015410
-104/200: 435988.250000/677.491569/435310.750000/0.000014192
-105/200: 435994.093750/677.538301/435316.562500/0.000013403
-106/200: 435990.156250/677.585196/435312.562500/0.000009031
-107/200: 435994.000000/677.631669/435316.375000/0.000008816
-108/200: 435999.156250/677.677169/435321.468750/0.000011826
-109/200: 435994.250000/677.722649/435316.531250/0.000011253
-110/200: 435993.093750/677.767669/435315.312500/0.000002652
-111/200: 436001.250000/677.813000/435323.437500/0.000018707
-112/200: 436000.687500/677.857878/435322.843750/0.000001290
-113/200: 435998.781250/677.902381/435320.875000/0.000004372
-114/200: 435997.000000/677.946600/435319.062500/0.000004085
-115/200: 436000.843750/677.990120/435322.843750/0.000008816
-116/200: 435999.906250/678.033646/435321.875000/0.000002150
-117/200: 436005.375000/678.076543/435327.312500/0.000012543
-118/200: 436004.375000/678.119489/435326.250000/0.000002294
-119/200: 436008.531250/678.161755/435330.375000/0.000009533
-120/200: 436006.531250/678.203346/435328.312500/0.000004587
-121/200: 436010.593750/678.244450/435332.343750/0.000009318
-122/200: 436011.500000/678.285053/435333.218750/0.000002079
-123/200: 436009.062500/678.325930/435330.750000/0.000005590
-124/200: 436010.875000/678.365863/435332.500000/0.000004157
-125/200: 436012.000000/678.405588/435333.593750/0.000002580
-126/200: 436012.156250/678.445193/435333.718750/0.000000358
-127/200: 436012.250000/678.484680/435333.750000/0.000000215
-128/200: 436012.843750/678.523831/435334.312500/0.000001362
-129/200: 436013.312500/678.561658/435334.750000/0.000001075
-130/200: 436019.343750/678.599908/435340.750000/0.000013833
-131/200: 436014.125000/678.637595/435335.500000/0.000011969
-132/200: 436019.468750/678.675404/435340.781250/0.000012256
-133/200: 436020.906250/678.712894/435342.187500/0.000003297
-134/200: 436025.281250/678.749717/435346.531250/0.000010034
-135/200: 436017.750000/678.786285/435338.968750/0.000017273
-136/200: 436020.125000/678.822140/435341.312500/0.000005447
-137/200: 436026.031250/678.857806/435347.187500/0.000013546
-138/200: 436024.656250/678.892936/435345.750000/0.000003153
-139/200: 436023.625000/678.927701/435344.687500/0.000002365
-140/200: 436027.250000/678.962447/435348.281250/0.000008314
-141/200: 436028.562500/678.997058/435349.562500/0.000003010
-142/200: 436026.000000/679.030868/435346.968750/0.000005877
-143/200: 436029.031250/679.064685/435349.968750/0.000006952
-144/200: 436030.718750/679.097959/435351.625000/0.000003870
-145/200: 436033.031250/679.131234/435353.906250/0.000005304
-146/200: 436032.218750/679.163743/435353.062500/0.000001863
-147/200: 436033.593750/679.195964/435354.406250/0.000003153
-148/200: 436030.343750/679.227706/435351.125000/0.000007454
-149/200: 436034.093750/679.258997/435354.843750/0.000008600
-150/200: 436035.937500/679.290475/435356.656250/0.000004228
-151/200: 436036.781250/679.321772/435357.468750/0.000001935
-152/200: 436036.468750/679.352366/435357.125000/0.000000717
-153/200: 436037.562500/679.382533/435358.187500/0.000002508
-154/200: 436039.375000/679.412285/435359.968750/0.000004157
-155/200: 436038.375000/679.442109/435358.937500/0.000002293
-156/200: 436039.875000/679.471531/435360.406250/0.000003440
-157/200: 436044.156250/679.500783/435364.656250/0.000009818
-158/200: 436043.406250/679.529316/435363.875000/0.000001720
-159/200: 436044.875000/679.558070/435365.312500/0.000003368
-160/200: 436045.687500/679.586394/435366.093750/0.000001863
-161/200: 436042.406250/679.614222/435362.781250/0.000007525
-162/200: 436044.875000/679.641589/435365.218750/0.000005662
-163/200: 436049.343750/679.668987/435369.687500/0.000010248
-164/200: 436046.062500/679.696045/435366.375000/0.000007525
-165/200: 436051.031250/679.722954/435371.312500/0.000011395
-166/200: 436049.468750/679.749317/435369.718750/0.000003583
-167/200: 436049.500000/679.775461/435369.718750/0.000000072
Start evaluating ...
  Columns 1 through 7

    0.0228    0.0395    0.0537    0.0646    0.0732    0.0818    0.0885

  Columns 8 through 10

    0.0935    0.0991    0.1038

    0.0062

Elapsed time is 33883.437405 seconds.
