nohup: ignoring input

                            < M A T L A B (R) >
                  Copyright 1984-2016 The MathWorks, Inc.
                   R2016a (9.0.0.341360) 64-bit (glnxa64)
                             February 11, 2016

 
To get started, type one of these: helpwin, helpdesk, or demo.
For product information, visit www.mathworks.com.
 

	Academic License

Start learning ...
Init data [Dtype: delicious - Dspec: sp2/0550]
Init social model
Using adagrad ...
Load pretrained shallow-model...
Params [lbd-U: 0.0100|lbd-V: 0.1000|lbd-N: 0.0100|lbd-Q: 0.1000]
Staring Sample 2 - Loc: save/bcdl/delicious-alg61-sp2-cold20170224185050601 
CTR(chongwang)-DAE(User graph) Running - Walks(1)...
-1/200: 4890.308105/532.498721/4357.809570/1.000000000
-2/200: 4686.841309/337.178538/4349.662598/0.041606132
-3/200: 4664.053223/312.660819/4351.392578/0.004862142
-4/200: 4648.464844/296.700015/4351.764648/0.003342239
-5/200: 4636.499512/284.836284/4351.663086/0.002574039
-6/200: 4627.392578/275.725911/4351.666504/0.001964183
-7/200: 4620.450195/268.561390/4351.888672/0.001500280
-8/200: 4614.762695/262.827888/4351.934570/0.001230941
-9/200: 4610.081543/258.178289/4351.903320/0.001014386
-10/200: 4606.303711/254.368387/4351.935547/0.000819472
-11/200: 4603.092285/251.220582/4351.871582/0.000697181
-12/200: 4600.412109/248.602462/4351.809570/0.000582255
-13/200: 4598.342285/246.413134/4351.929199/0.000449921
-14/200: 4596.560547/244.574370/4351.986328/0.000387474
-15/200: 4594.930664/243.024586/4351.906250/0.000354587
-16/200: 4593.635254/241.714675/4351.920410/0.000281922
-17/200: 4592.606934/240.604994/4352.001953/0.000223858
-18/200: 4591.803711/239.663288/4352.140625/0.000174895
-19/200: 4590.911621/238.863095/4352.048340/0.000194279
-20/200: 4590.269043/238.182499/4352.086426/0.000139967
-21/200: 4589.571777/237.603287/4351.968262/0.000151901
-22/200: 4589.234863/237.110205/4352.124512/0.000073409
-23/200: 4588.867188/236.690443/4352.176758/0.000080117
-24/200: 4588.570312/236.333188/4352.237305/0.000064695
-25/200: 4588.161621/236.029293/4352.132324/0.000089067
-26/200: 4587.922363/235.770969/4352.151367/0.000052147
-27/200: 4587.657227/235.551600/4352.105469/0.000057790
-28/200: 4587.673340/235.365518/4352.307617/0.000003512
-29/200: 4587.503418/235.207900/4352.295410/0.000037039
-30/200: 4587.305176/235.074599/4352.230469/0.000043214
-31/200: 4587.197754/234.962047/4352.235840/0.000023417
-32/200: 4587.177734/234.867239/4352.310547/0.000004364
-33/200: 4586.867188/234.787528/4352.079590/0.000067699
-34/200: 4587.031250/234.720689/4352.310547/0.000035768
-35/200: 4586.801270/234.664736/4352.136719/0.000050137
-36/200: 4586.900391/234.618052/4352.282227/0.000021610
-37/200: 4586.882324/234.579187/4352.303223/0.000003939
-38/200: 4586.806641/234.546922/4352.259766/0.000016500
-39/200: 4586.848633/234.520196/4352.328613/0.000009155
-40/200: 4586.795410/234.498119/4352.297363/0.000011603
-41/200: 4586.912598/234.479917/4352.432617/0.000025549
-42/200: 4586.921875/234.464946/4352.457031/0.000002023
-43/200: 4586.875977/234.452616/4352.423340/0.000010006
-44/200: 4586.889160/234.442455/4352.446777/0.000002874
-45/200: 4586.856934/234.434101/4352.422852/0.000007026
-46/200: 4586.854492/234.427185/4352.427246/0.000000532
-47/200: 4586.915039/234.421440/4352.493652/0.000013200
-48/200: 4586.905762/234.416640/4352.489258/0.000002023
-49/200: 4586.797363/234.412594/4352.384766/0.000023632
-50/200: 4586.841797/234.409154/4352.432617/0.000009687
-51/200: 4586.846191/234.406173/4352.439941/0.000000958
-52/200: 4586.991211/234.403550/4352.587891/0.000031616
-53/200: 4586.840332/234.401218/4352.438965/0.000032893
-54/200: 4586.902344/234.399088/4352.503418/0.000013519
-55/200: 4586.902832/234.397102/4352.505859/0.000000106
-56/200: 4586.901367/234.395244/4352.506348/0.000000319
-57/200: 4586.939453/234.393495/4352.545898/0.000008303
-58/200: 4586.991211/234.391827/4352.599609/0.000011284
-59/200: 4586.962891/234.390226/4352.572754/0.000006174
-60/200: 4586.977539/234.388679/4352.588867/0.000003193
-61/200: 4586.897461/234.387196/4352.510254/0.000017458
-62/200: 4587.032715/234.385798/4352.646973/0.000029487
-63/200: 4586.968750/234.384461/4352.584473/0.000013945
-64/200: 4587.111328/234.383191/4352.728027/0.000031083
-65/200: 4587.114746/234.382016/4352.732910/0.000000745
-66/200: 4587.094727/234.380909/4352.713867/0.000004364
-67/200: 4587.004395/234.379856/4352.624512/0.000019693
-68/200: 4587.013672/234.378862/4352.634766/0.000002023
-69/200: 4587.038086/234.377932/4352.660156/0.000005322
-70/200: 4587.033691/234.377058/4352.656738/0.000000958
-71/200: 4587.128906/234.376239/4352.752441/0.000020757
-72/200: 4587.079102/234.375464/4352.703613/0.000010857
-73/200: 4587.185059/234.374742/4352.810547/0.000023099
-74/200: 4587.139648/234.374073/4352.765625/0.000009899
-75/200: 4587.105957/234.373431/4352.732422/0.000007345
-76/200: 4587.210449/234.372818/4352.837402/0.000022780
-77/200: 4587.229004/234.372256/4352.856934/0.000004045
-78/200: 4587.231445/234.371710/4352.859863/0.000000532
-79/200: 4587.124023/234.371193/4352.752930/0.000023418
-80/200: 4587.138184/234.370693/4352.767578/0.000003087
-81/200: 4587.199707/234.370215/4352.829590/0.000013412
-82/200: 4587.273438/234.369769/4352.903809/0.000016073
-83/200: 4587.205078/234.369341/4352.835938/0.000014902
-84/200: 4587.185059/234.368915/4352.815918/0.000004364
-85/200: 4587.263672/234.368527/4352.895020/0.000017138
-86/200: 4587.269531/234.368136/4352.901367/0.000001277
-87/200: 4587.278809/234.367784/4352.911133/0.000002022
-88/200: 4587.319336/234.367435/4352.951660/0.000008835
-89/200: 4587.280762/234.367095/4352.913574/0.000008409
-90/200: 4587.318848/234.366765/4352.952148/0.000008303
-91/200: 4587.315918/234.366443/4352.949707/0.000000639
-92/200: 4587.354980/234.366137/4352.988770/0.000008515
-93/200: 4587.335938/234.365838/4352.970215/0.000004151
-94/200: 4587.408203/234.365560/4353.042480/0.000015753
-95/200: 4587.378906/234.365290/4353.013672/0.000006386
-96/200: 4587.339355/234.365042/4352.974121/0.000008622
-97/200: 4587.390137/234.364803/4353.025391/0.000011070
-98/200: 4587.420898/234.364560/4353.056152/0.000006706
-99/200: 4587.434082/234.364334/4353.069824/0.000002874
Recall at EP-100 ...
  Columns 1 through 7

    0.0154    0.0224    0.0278    0.0322    0.0368    0.0405    0.0442

  Columns 8 through 10

    0.0474    0.0507    0.0542

Mrr at EP-100 ...
    0.0044

-100/200: 4587.399414/234.364125/4353.035156/0.000007557
-101/200: 4587.381348/234.363888/4353.017578/0.000003938
-102/200: 4587.427734/234.363683/4353.063965/0.000010112
-103/200: 4587.503418/234.363486/4353.140137/0.000016498
-104/200: 4587.437012/234.363289/4353.073730/0.000014475
-105/200: 4587.497559/234.363101/4353.134277/0.000013198
-106/200: 4587.451172/234.362937/4353.088379/0.000010112
-107/200: 4587.493652/234.362774/4353.130859/0.000009260
-108/200: 4587.545898/234.362602/4353.183105/0.000011389
-109/200: 4587.494629/234.362439/4353.132324/0.000011176
-110/200: 4587.487305/234.362275/4353.125000/0.000001597
-111/200: 4587.563965/234.362149/4353.201660/0.000016711
-112/200: 4587.561035/234.362028/4353.199219/0.000000639
-113/200: 4587.544434/234.361896/4353.182617/0.000003619
-114/200: 4587.517578/234.361783/4353.155762/0.000005854
-115/200: 4587.561523/234.361665/4353.199707/0.000009579
-116/200: 4587.550781/234.361554/4353.189453/0.000002342
-117/200: 4587.608398/234.361451/4353.247070/0.000012559
-118/200: 4587.601562/234.361370/4353.240234/0.000001490
-119/200: 4587.645020/234.361271/4353.283691/0.000009473
-120/200: 4587.627441/234.361168/4353.266113/0.000003832
-121/200: 4587.667969/234.361073/4353.307129/0.000008834
-122/200: 4587.669922/234.360976/4353.309082/0.000000426
-123/200: 4587.644531/234.360906/4353.283691/0.000005535
-124/200: 4587.666992/234.360810/4353.306152/0.000004896
-125/200: 4587.682129/234.360735/4353.321289/0.000003299
-126/200: 4587.684082/234.360676/4353.323242/0.000000426
-127/200: 4587.680176/234.360614/4353.319336/0.000000851
-128/200: 4587.688477/234.360569/4353.328125/0.000001809
-129/200: 4587.693359/234.360489/4353.333008/0.000001064
-130/200: 4587.752441/234.360434/4353.392090/0.000012878
-131/200: 4587.696777/234.360393/4353.336426/0.000012133
-132/200: 4587.756836/234.360353/4353.396484/0.000013091
-133/200: 4587.770508/234.360321/4353.410156/0.000002980
-134/200: 4587.819824/234.360285/4353.459473/0.000010750
-135/200: 4587.739258/234.360255/4353.378906/0.000017561
-136/200: 4587.764648/234.360207/4353.404297/0.000005534
-137/200: 4587.826172/234.360180/4353.465820/0.000013410
-138/200: 4587.818359/234.360155/4353.458008/0.000001703
-139/200: 4587.801758/234.360110/4353.441406/0.000003619
-140/200: 4587.833984/234.360093/4353.474121/0.000007024
-141/200: 4587.853516/234.360087/4353.493652/0.000004257
-142/200: 4587.827637/234.360053/4353.467773/0.000005641
-143/200: 4587.852539/234.360053/4353.492676/0.000005428
-144/200: 4587.876953/234.360041/4353.517090/0.000005321
-145/200: 4587.895996/234.360041/4353.536133/0.000004151
-146/200: 4587.892578/234.360025/4353.532715/0.000000745
-147/200: 4587.903809/234.360027/4353.543945/0.000002448
-148/200: 4587.874023/234.359994/4353.514160/0.000006492
-149/200: 4587.914062/234.359982/4353.554199/0.000008727
-150/200: 4587.927246/234.359981/4353.567383/0.000002874
-151/200: 4587.940430/234.359980/4353.580566/0.000002874
-152/200: 4587.936035/234.359983/4353.576172/0.000000958
-153/200: 4587.950195/234.359971/4353.590332/0.000003086
-154/200: 4587.966309/234.359964/4353.606445/0.000003512
-155/200: 4587.956543/234.359968/4353.596680/0.000002129
-156/200: 4587.968262/234.359971/4353.608398/0.000002554
-157/200: 4588.019531/234.359976/4353.659668/0.000011175
-158/200: 4588.011230/234.359974/4353.651367/0.000001809
-159/200: 4588.025879/234.360007/4353.666016/0.000003193
-160/200: 4588.032227/234.360016/4353.672363/0.000001384
-161/200: 4588.000977/234.360027/4353.641113/0.000006811
-162/200: 4588.028809/234.360029/4353.668945/0.000006066
-163/200: 4588.075195/234.360036/4353.715332/0.000010110
-164/200: 4588.036621/234.360058/4353.676758/0.000008407
-165/200: 4588.094727/234.360078/4353.734863/0.000012665
-166/200: 4588.073730/234.360090/4353.713867/0.000004576
-167/200: 4588.077148/234.360101/4353.717285/0.000000745
-168/200: 4588.105469/234.360120/4353.745117/0.000006173
-169/200: 4588.103027/234.360130/4353.742676/0.000000532
-170/200: 4588.110840/234.360144/4353.750488/0.000001703
-171/200: 4588.124512/234.360168/4353.764160/0.000002980
-172/200: 4588.147949/234.360175/4353.787598/0.000005108
-173/200: 4588.126465/234.360198/4353.766113/0.000004683
-174/200: 4588.193359/234.360220/4353.833008/0.000014580
-175/200: 4588.145508/234.360235/4353.785156/0.000010429
-176/200: 4588.197754/234.360267/4353.837402/0.000011387
-177/200: 4588.213867/234.360293/4353.853516/0.000003512
-178/200: 4588.200195/234.360305/4353.839844/0.000002980
-179/200: 4588.215820/234.360327/4353.855469/0.000003405
-180/200: 4588.190430/234.360347/4353.830078/0.000005534
-181/200: 4588.240723/234.360387/4353.880371/0.000010961
-182/200: 4588.236816/234.360408/4353.876465/0.000000851
-183/200: 4588.262695/234.360439/4353.902344/0.000005640
-184/200: 4588.268555/234.360478/4353.908203/0.000001277
-185/200: 4588.289551/234.360504/4353.929199/0.000004576
-186/200: 4588.278320/234.360541/4353.917969/0.000002448
-187/200: 4588.280762/234.360558/4353.920410/0.000000532
-188/200: 4588.317871/234.360593/4353.957520/0.000008088
-189/200: 4588.317871/234.360616/4353.957031/0.000000000
Start evaluating ...
  Columns 1 through 7

    0.0157    0.0230    0.0280    0.0326    0.0371    0.0411    0.0449

  Columns 8 through 10

    0.0487    0.0519    0.0550

    0.0045

Elapsed time is 32067.074517 seconds.
