nohup: ignoring input

                            < M A T L A B (R) >
                  Copyright 1984-2016 The MathWorks, Inc.
                   R2016a (9.0.0.341360) 64-bit (glnxa64)
                             February 11, 2016

 
To get started, type one of these: helpwin, helpdesk, or demo.
For product information, visit www.mathworks.com.
 

	Academic License

Start learning ...
Init data [Dtype: delicious - Dspec: sp2/0550]
Init social model
Using adagrad ...
Params [lbd-U: 0.1000|lbd-V: 10.0000|lbd-N: 0.1000|lbd-Q: 0.1000]
Staring Sample 2 - Loc: save/ctrsmf/delicious-alg90-sp2-cold20170224185113243 
CTR-SMF Running ...

iter time likelihood converge
0001 000075 -5304696.96179 1.0000000000
0002 000146 -5145438.72410 0.0300221179
0003 000219 -5034916.02650 0.0214797423
0004 000290 -5000673.53736 0.0068010050
0005 000367 -4982376.83717 0.0036588472
0006 000435 -4967564.82343 0.0029728811
0007 000502 -4957358.79853 0.0020545328
0008 000568 -4951050.18136 0.0012725763
0009 000634 -4946750.64236 0.0008684095
0010 000699 -4943529.33513 0.0006511966
0011 000765 -4940915.56979 0.0005287246
0012 000830 -4938698.32519 0.0004487518
0013 000896 -4936779.34641 0.0003885596
0014 000960 -4935099.10639 0.0003403515
0015 001025 -4933614.96098 0.0003007326
0016 001090 -4932294.46562 0.0002676527
0017 001155 -4931112.06747 0.0002397258
0018 001236 -4930047.07614 0.0002159739
0019 001336 -4929082.35530 0.0001956819
0020 001434 -4928203.49635 0.0001783007
0021 001528 -4927398.30109 0.0001633851
0022 001620 -4926656.44685 0.0001505570
0023 001712 -4925969.24703 0.0001394860
0024 001808 -4925329.44442 0.0001298836
0025 001887 -4924731.00870 0.0001215017
0026 001968 -4924168.92757 0.0001141344
0027 002048 -4923638.99748 0.0001076182
0028 002123 -4923137.63779 0.0001018271
0029 002202 -4922661.75822 0.0000966618
0030 002281 -4922208.69075 0.0000920371
0031 002362 -4921776.16610 0.0000878721
0032 002443 -4921362.31779 0.0000840852
0033 002522 -4920965.73381 0.0000805842
0034 002605 -4920585.55085 0.0000772578
0035 002688 -4920221.39301 0.0000740070
0036 002768 -4919873.05147 0.0000707979
0037 002851 -4919540.22124 0.0000676502
0038 002936 -4919222.65022 0.0000645530
0039 003018 -4918920.19421 0.0000614845
0040 003098 -4918632.58617 0.0000584698
0041 003177 -4918359.61576 0.0000554972
0042 003251 -4918101.11940 0.0000525574
0043 003326 -4917856.60808 0.0000497166
0044 003397 -4917625.66344 0.0000469604
0045 003471 -4917408.01834 0.0000442582
0046 003548 -4917203.32132 0.0000416270
0047 003626 -4917011.02626 0.0000391066
0048 003703 -4916830.47735 0.0000367192
0049 003779 -4916661.02825 0.0000344631
0050 003848 -4916502.09602 0.0000323252
0051 003922 -4916353.15487 0.0000302941
0052 003991 -4916213.71169 0.0000283631
0053 004061 -4916083.29640 0.0000265276
0054 004129 -4915961.46636 0.0000247819
0055 004197 -4915847.80049 0.0000231218
0056 004269 -4915741.86540 0.0000215497
0057 004337 -4915643.16429 0.0000200786
0058 004405 -4915551.10422 0.0000187280
0059 004472 -4915465.01563 0.0000175135
0060 004538 -4915384.23502 0.0000164340
0061 004590 -4915308.17186 0.0000154745
0062 004631 -4915236.28761 0.0000146246
0063 004693 -4915168.13192 0.0000138662
0064 004748 -4915103.45253 0.0000131591
0065 004807 -4915042.19675 0.0000124628
0066 004875 -4914984.36879 0.0000117655
0067 004941 -4914929.84179 0.0000110940
0068 004997 -4914878.35561 0.0000104755
0069 005045 -4914829.70360 0.0000098989
Start evaluating ...
  Columns 1 through 7

    0.0047    0.0065    0.0086    0.0096    0.0113    0.0124    0.0134

  Columns 8 through 10

    0.0146    0.0157    0.0167

    0.0022

Elapsed time is 5120.500887 seconds.
