nohup: ignoring input

                            < M A T L A B (R) >
                  Copyright 1984-2016 The MathWorks, Inc.
                   R2016a (9.0.0.341360) 64-bit (glnxa64)
                             February 11, 2016

 
To get started, type one of these: helpwin, helpdesk, or demo.
For product information, visit www.mathworks.com.
 

	Academic License

Start learning ...
Init data [Dtype: delicious - Dspec: sp2/2550]
Init social model
Using adagrad ...
Load pretrained shallow-model...
Params [lbd-U: 10.0000|lbd-V: 0.0100|lbd-N: 10.0000|lbd-Q: 0.0500]
Staring Sample 2 - Loc: save/bcdl/delicious-alg61-sp2-cold20170225193335888 
CTR(chongwang)-DAE(User graph) Running - Walks(1)...
-1/200: 4371855.686363/14045.875826/4357809.810537/1.000000000
-2/200: 4354723.299529/2946.553705/4351776.745824/0.003918791
-3/200: 4354660.869087/2782.388153/4351878.480934/0.000014336
-4/200: 4354628.755490/2721.024452/4351907.731038/0.000007375
-5/200: 4354488.550467/2690.974467/4351797.576000/0.000032197
-6/200: 4354479.492597/2674.239130/4351805.253467/0.000002080
-7/200: 4354692.983324/2664.162056/4352028.821268/0.000049028
-8/200: 4354735.098408/2657.764557/4352077.333851/0.000009671
-9/200: 4354696.490848/2653.568744/4352042.922104/0.000008866
-10/200: 4354730.289644/2650.749065/4352079.540579/0.000007761
-11/200: 4354656.987390/2648.840046/4352008.147344/0.000016833
-12/200: 4354593.744729/2647.571261/4351946.173468/0.000014523
-13/200: 4354716.105541/2646.741053/4352069.364488/0.000028099
-14/200: 4354777.066812/2646.236087/4352130.830725/0.000013999
-15/200: 4354691.673961/2645.986175/4352045.687786/0.000019609
-16/200: 4354701.382971/2645.906818/4352055.476153/0.000002230
-17/200: 4354782.167838/2645.967546/4352136.200292/0.000018551
-18/200: 4354925.888327/2646.134536/4352279.753791/0.000033003
-19/200: 4354832.885537/2646.401804/4352186.483733/0.000021356
-20/200: 4354870.196933/2646.733900/4352223.463033/0.000008568
-21/200: 4354748.628080/2647.138903/4352101.489177/0.000027916
-22/200: 4354900.498511/2647.586106/4352252.912405/0.000034875
-23/200: 4354955.371903/2648.075686/4352307.296217/0.000012600
-24/200: 4355023.402366/2648.597946/4352374.804420/0.000015621
-25/200: 4354913.762300/2649.155330/4352264.606970/0.000025176
-26/200: 4354927.699994/2649.739234/4352277.960760/0.000003200
-27/200: 4354879.574624/2650.334203/4352229.240421/0.000011051
-28/200: 4355090.881508/2650.936836/4352439.944672/0.000048522
-29/200: 4355070.236509/2651.555545/4352418.680964/0.000004740
-30/200: 4355008.776456/2652.190642/4352356.585814/0.000014112
-31/200: 4355008.198361/2652.821888/4352355.376473/0.000000133
-32/200: 4355091.054669/2653.465199/4352437.589470/0.000019026
-33/200: 4354852.091784/2654.112302/4352197.979482/0.000054870
-34/200: 4355092.454746/2654.763183/4352437.691563/0.000055194
-35/200: 4354907.557458/2655.410495/4352252.146963/0.000042455
-36/200: 4355060.199054/2656.064822/4352404.134232/0.000035050
-37/200: 4355081.019553/2656.716587/4352424.302966/0.000004781
-38/200: 4355032.668803/2657.364035/4352375.304768/0.000011102
-39/200: 4355101.334578/2658.013603/4352443.320975/0.000015767
-40/200: 4355069.062460/2658.659854/4352410.402606/0.000007410
-41/200: 4355206.286779/2659.305696/4352546.981083/0.000031509
-42/200: 4355225.979843/2659.948192/4352566.031651/0.000004522
-43/200: 4355195.702029/2660.584362/4352535.117667/0.000006952
-44/200: 4355216.730180/2661.210343/4352555.519837/0.000004828
-45/200: 4355195.631841/2661.835124/4352533.796717/0.000004844
-46/200: 4355194.127861/2662.459251/4352531.668610/0.000000345
-47/200: 4355266.261064/2663.073642/4352603.187422/0.000016563
-48/200: 4355259.284387/2663.684195/4352595.600192/0.000001602
-49/200: 4355151.570664/2664.290496/4352487.280168/0.000024732
-50/200: 4355199.942310/2664.890751/4352535.051559/0.000011107
-51/200: 4355204.373634/2665.481299/4352538.892335/0.000001017
-52/200: 4355352.170734/2666.065143/4352686.105591/0.000033936
-53/200: 4355204.251286/2666.648924/4352537.602362/0.000033963
-54/200: 4355275.194135/2667.228852/4352607.965283/0.000016289
-55/200: 4355267.305646/2667.796139/4352599.509507/0.000001811
-56/200: 4355267.675259/2668.357825/4352599.317434/0.000000085
-57/200: 4355308.728028/2668.922711/4352639.805317/0.000009426
-58/200: 4355362.235571/2669.481313/4352692.754258/0.000012286
-59/200: 4355333.914968/2670.032687/4352663.882281/0.000006502
-60/200: 4355346.334079/2670.571831/4352675.762248/0.000002851
-61/200: 4355268.192988/2671.105656/4352597.087332/0.000017941
-62/200: 4355409.256870/2671.637169/4352737.619701/0.000032389
-63/200: 4355341.066903/2672.161780/4352668.905123/0.000015656
-64/200: 4355486.928409/2672.679445/4352814.248964/0.000033490
-65/200: 4355491.988902/2673.196222/4352818.792680/0.000001162
-66/200: 4355475.737407/2673.708761/4352802.028646/0.000003731
-67/200: 4355377.594385/2674.212957/4352703.381428/0.000022533
-68/200: 4355388.486785/2674.708827/4352713.777958/0.000002501
-69/200: 4355414.663021/2675.198729/4352739.464292/0.000006010
-70/200: 4355408.299706/2675.683920/4352732.615786/0.000001461
-71/200: 4355504.695122/2676.166729/4352828.528393/0.000022132
-72/200: 4355455.584515/2676.636345/4352778.948170/0.000011276
-73/200: 4355560.551784/2677.106003/4352883.445781/0.000024100
-74/200: 4355516.622947/2677.571217/4352839.051730/0.000010086
-75/200: 4355482.131592/2678.029630/4352804.101962/0.000007919
-76/200: 4355580.826356/2678.482264/4352902.344092/0.000022660
-77/200: 4355601.617796/2678.933461/4352922.684335/0.000004774
-78/200: 4355599.845981/2679.371090/4352920.474891/0.000000407
-79/200: 4355497.103193/2679.808013/4352817.295180/0.000023589
-80/200: 4355514.422792/2680.236566/4352834.186226/0.000003976
-81/200: 4355571.664754/2680.662036/4352891.002718/0.000013142
-82/200: 4355643.455121/2681.081110/4352962.374011/0.000016482
-83/200: 4355578.359397/2681.497049/4352896.862348/0.000014945
-84/200: 4355562.385538/2681.904885/4352880.480653/0.000003667
-85/200: 4355632.932428/2682.310625/4352950.621803/0.000016197
-86/200: 4355637.953299/2682.707574/4352955.245725/0.000001153
-87/200: 4355649.323833/2683.102991/4352966.220842/0.000002611
-88/200: 4355689.557527/2683.494146/4353006.063381/0.000009237
-89/200: 4355653.432599/2683.878395/4352969.554204/0.000008294
-90/200: 4355688.944833/2684.258811/4353004.686022/0.000008153
-91/200: 4355680.237423/2684.630598/4352995.606825/0.000001999
-92/200: 4355721.736662/2684.999839/4353036.736823/0.000009528
-93/200: 4355699.282541/2685.363797/4353013.918744/0.000005155
-94/200: 4355769.532162/2685.723076/4353083.809086/0.000016128
-95/200: 4355743.090329/2686.077650/4353057.012679/0.000006071
-96/200: 4355703.640133/2686.431350/4353017.208783/0.000009057
-97/200: 4355752.258257/2686.779764/4353065.478493/0.000011162
-98/200: 4355783.381355/2687.123201/4353096.258154/0.000007145
-99/200: 4355797.901248/2687.462286/4353110.438962/0.000003333
Recall at EP-100 ...
  Columns 1 through 7

    0.0748    0.0961    0.1082    0.1199    0.1351    0.1504    0.1650

  Columns 8 through 10

    0.1781    0.1879    0.1961

Mrr at EP-100 ...
    0.0182

-100/200: 4355763.445487/2687.800127/4353075.645360/0.000007910
-101/200: 4355747.060974/2688.126545/4353058.934429/0.000003762
-102/200: 4355788.027669/2688.454655/4353099.573014/0.000009405
-103/200: 4355853.965361/2688.777990/4353165.187371/0.000015138
-104/200: 4355793.042891/2689.093227/4353103.949664/0.000013986
-105/200: 4355848.176792/2689.407437/4353158.769355/0.000012658
-106/200: 4355808.910144/2689.719590/4353119.190554/0.000009015
-107/200: 4355846.885250/2690.027718/4353156.857532/0.000008718
-108/200: 4355896.046228/2690.329225/4353205.717003/0.000011286
-109/200: 4355847.923961/2690.627635/4353157.296326/0.000011048
-110/200: 4355836.785408/2690.923625/4353145.861783/0.000002557
-111/200: 4355916.789390/2691.218008/4353225.571382/0.000018367
-112/200: 4355911.202786/2691.509351/4353219.693435/0.000001283
-113/200: 4355890.794805/2691.795877/4353198.998928/0.000004685
-114/200: 4355874.910463/2692.079936/4353182.830527/0.000003647
-115/200: 4355911.773885/2692.359494/4353219.414391/0.000008463
-116/200: 4355901.470193/2692.635372/4353208.834821/0.000002365
-117/200: 4355954.299418/2692.906022/4353261.393396/0.000012128
-118/200: 4355945.846066/2693.178797/4353252.667269/0.000001941
-119/200: 4355985.543445/2693.444896/4353292.098549/0.000009113
-120/200: 4355964.294353/2693.705148/4353270.589205/0.000004878
-121/200: 4356004.586591/2693.963432/4353310.623159/0.000009250
-122/200: 4356015.020681/2694.216332/4353320.804349/0.000002395
-123/200: 4355988.923895/2694.469297/4353294.454598/0.000005991
-124/200: 4356005.947173/2694.716311/4353311.230862/0.000003908
-125/200: 4356017.364558/2694.960169/4353322.404389/0.000002621
-126/200: 4356019.234318/2695.203441/4353324.030877/0.000000429
-127/200: 4356019.578296/2695.443968/4353324.134328/0.000000079
Start evaluating ...
  Columns 1 through 7

    0.0738    0.0949    0.1069    0.1184    0.1331    0.1477    0.1626

  Columns 8 through 10

    0.1756    0.1858    0.1952

    0.0179

Elapsed time is 23176.487957 seconds.
