nohup: ignoring input

                            < M A T L A B (R) >
                  Copyright 1984-2016 The MathWorks, Inc.
                   R2016a (9.0.0.341360) 64-bit (glnxa64)
                             February 11, 2016

 
To get started, type one of these: helpwin, helpdesk, or demo.
For product information, visit www.mathworks.com.
 

	Academic License

Start learning ...
Init data [Dtype: delicious - Dspec: sp2/5050]
Init social model
Using adagrad ...
Load pretrained shallow-model...
Could not use CUDA
Params [lbd-U: 1.0000|lbd-V: 1.0000|lbd-N: 1.0000|lbd-Q: 0.0100]
Staring Sample 2 - Loc: save/bcdl/delicious-alg61-sp2-cold20170227105047321 
CTR(chongwang)-DAE(User graph) Running - Walks(1)...
-1/200: 461724.326025/25943.344971/435780.981054/1.000000000
-2/200: 444596.784468/9547.904941/435048.879527/0.037094735
-3/200: 443419.151759/8304.996179/435114.155580/0.002648766
-4/200: 443401.961277/8225.702778/435176.258499/0.000038768
-5/200: 443354.423481/8185.829466/435168.594015/0.000107212
-6/200: 443326.679714/8157.593927/435169.085787/0.000062577
-7/200: 443326.301417/8135.194016/435191.107401/0.000000853
-8/200: 443312.653280/8116.782331/435195.870949/0.000030786
-9/200: 443294.128497/8101.437474/435192.691023/0.000041787
-10/200: 443284.902014/8088.541059/435196.360955/0.000020813
-11/200: 443267.208994/8077.632066/435189.576928/0.000039913
-12/200: 443251.906453/8068.351606/435183.554847/0.000034522
-13/200: 443256.176471/8060.412386/435195.764085/0.000009633
-14/200: 443255.361360/8053.590398/435201.770962/0.000001839
-15/200: 443240.950907/8047.706206/435193.244701/0.000032510
-16/200: 443237.225503/8042.608459/435194.617044/0.000008405
-17/200: 443240.938990/8038.176817/435202.762173/0.000008378
-18/200: 443250.701853/8034.312343/435216.389510/0.000022026
-19/200: 443238.565113/8030.936862/435207.628251/0.000027381
-20/200: 443239.420883/8027.975409/435211.445474/0.000001931
-21/200: 443224.861052/8025.375782/435199.485270/0.000032849
-22/200: 443237.895767/8023.082574/435214.813193/0.000029409
-23/200: 443241.230585/8021.055817/435220.174768/0.000007524
-24/200: 443245.653161/8019.260048/435226.393113/0.000009978
-25/200: 443233.490687/8017.663007/435215.827680/0.000027440
-26/200: 443233.981675/8016.238565/435217.743110/0.000001108
-27/200: 443227.945040/8014.960580/435212.984460/0.000013620
-28/200: 443247.229211/8013.810399/435233.418812/0.000043508
-29/200: 443244.459593/8012.772911/435231.686682/0.000006248
-30/200: 443237.193481/8011.832824/435225.360657/0.000016393
-31/200: 443236.887122/8010.972704/435225.914418/0.000000691
-32/200: 443244.043415/8010.188005/435233.855410/0.000016146
-33/200: 443220.051979/8009.463694/435210.588285/0.000054127
-34/200: 443242.849157/8008.796509/435234.052648/0.000051435
-35/200: 443224.176772/8008.174158/435216.002614/0.000042127
-36/200: 443238.808134/8007.593461/435231.214673/0.000033011
-37/200: 443240.249103/8007.049389/435233.199714/0.000003251
-38/200: 443235.091109/8006.536214/435228.554895/0.000011637
-39/200: 443241.229801/8006.050085/435235.179716/0.000013850
-40/200: 443237.777688/8005.588074/435232.189614/0.000007788
-41/200: 443250.788423/8005.149105/435245.639318/0.000029354
-42/200: 443252.389260/8004.728295/435247.660965/0.000003612
-43/200: 443249.171079/8004.324683/435244.846396/0.000007260
-44/200: 443251.001156/8003.933178/435247.067978/0.000004129
-45/200: 443248.402708/8003.557309/435244.845399/0.000005862
-46/200: 443248.123237/8003.193886/435244.929351/0.000000631
-47/200: 443254.780122/8002.842194/435251.937928/0.000015018
-48/200: 443253.956388/8002.500819/435251.455569/0.000001858
-49/200: 443243.346829/8002.171467/435241.175362/0.000023936
-50/200: 443247.427934/8001.850452/435245.577482/0.000009207
-51/200: 443247.662479/8001.537715/435246.124764/0.000000529
-52/200: 443262.285682/8001.234643/435261.051039/0.000032991
-53/200: 443247.386133/8000.942606/435246.443527/0.000033613
-54/200: 443253.706120/8000.660607/435253.045513/0.000014258
-55/200: 443253.127054/8000.385798/435252.741256/0.000001306
-56/200: 443253.100821/8000.119627/435252.981194/0.000000059
-57/200: 443256.786711/7999.864712/435256.921999/0.000008316
-58/200: 443262.062488/7999.618574/435262.443914/0.000011902
-59/200: 443258.563880/7999.380941/435259.182939/0.000007893
-60/200: 443260.148649/7999.150248/435260.998401/0.000003575
-61/200: 443252.003766/7998.928451/435253.075315/0.000018375
-62/200: 443265.665363/7998.715645/435266.949718/0.000030821
-63/200: 443258.907810/7998.512321/435260.395489/0.000015245
-64/200: 443273.232642/7998.316578/435274.916064/0.000032317
-65/200: 443273.738464/7998.129669/435275.608795/0.000001141
-66/200: 443272.001033/7997.952258/435274.048775/0.000003920
-67/200: 443262.085577/7997.780678/435264.304899/0.000022369
-68/200: 443263.128129/7997.616529/435265.511600/0.000002352
-69/200: 443265.307905/7997.458110/435267.849795/0.000004918
-70/200: 443264.648904/7997.307386/435267.341518/0.000001487
-71/200: 443273.954652/7997.164027/435276.790625/0.000020994
-72/200: 443269.234551/7997.025221/435272.209330/0.000010648
-73/200: 443279.920427/7996.893060/435283.027367/0.000024107
-74/200: 443275.240429/7996.767144/435278.473285/0.000010558
-75/200: 443271.739639/7996.645934/435275.093705/0.000007898
-76/200: 443281.490136/7996.529920/435284.960216/0.000021997
-77/200: 443283.615782/7996.419667/435287.196115/0.000004795
-78/200: 443283.636116/7996.311964/435287.324152/0.000000046
-79/200: 443273.405066/7996.210029/435277.195037/0.000023080
-80/200: 443274.407616/7996.111445/435278.296171/0.000002262
-81/200: 443280.162734/7996.016878/435284.145856/0.000012983
-82/200: 443288.246233/7995.925645/435292.320588/0.000018236
-83/200: 443281.114152/7995.839310/435285.274842/0.000016089
-84/200: 443279.263642/7995.756351/435283.507291/0.000004175
-85/200: 443286.529329/7995.676417/435290.852912/0.000016391
-86/200: 443286.969119/7995.597945/435291.371174/0.000000992
-87/200: 443288.060580/7995.523605/435292.536975/0.000002462
-88/200: 443292.243669/7995.454180/435296.789489/0.000009437
-89/200: 443288.630307/7995.386723/435293.243584/0.000008151
-90/200: 443291.797388/7995.320484/435296.476904/0.000007145
-91/200: 443291.376235/7995.256853/435296.119382/0.000000950
-92/200: 443295.371017/7995.195382/435300.175635/0.000009012
-93/200: 443293.193541/7995.136395/435298.057146/0.000004912
-94/200: 443300.345138/7995.079348/435305.265790/0.000016133
-95/200: 443297.671136/7995.024815/435302.646321/0.000006032
-96/200: 443293.521290/7994.973629/435298.547661/0.000009361
-97/200: 443298.496809/7994.924496/435303.572313/0.000011224
-98/200: 443301.674704/7994.876142/435306.798562/0.000007169
-99/200: 443302.967730/7994.829893/435308.137837/0.000002917
Recall at EP-100 ...
  Columns 1 through 7

    0.0984    0.1353    0.1524    0.1625    0.1716    0.1819    0.1949

  Columns 8 through 10

    0.2069    0.2195    0.2302

Mrr at EP-100 ...
    0.0186

-100/200: 443299.764381/7994.786998/435304.977383/0.000007226
-101/200: 443297.879111/7994.741954/435303.137157/0.000004253
-102/200: 443302.135909/7994.701331/435307.434578/0.000009603
-103/200: 443308.669206/7994.661616/435314.007590/0.000014738
-104/200: 443302.761717/7994.622329/435308.139388/0.000013326
-105/200: 443308.457794/7994.584485/435313.873309/0.000012849
-106/200: 443304.457593/7994.549731/435309.907862/0.000009024
-107/200: 443308.031053/7994.516468/435313.514585/0.000008061
-108/200: 443313.526066/7994.482921/435319.043145/0.000012395
-109/200: 443308.310741/7994.450963/435313.859778/0.000011764
-110/200: 443307.462788/7994.419897/435313.042891/0.000001913
-111/200: 443315.252966/7994.392135/435320.860831/0.000017573
-112/200: 443314.715397/7994.365238/435320.350159/0.000001213
-113/200: 443312.907891/7994.339603/435318.568288/0.000004077
-114/200: 443311.066574/7994.313780/435316.752794/0.000004154
-115/200: 443314.480461/7994.290296/435320.190165/0.000007701
-116/200: 443314.032324/7994.265851/435319.766473/0.000001011
-117/200: 443319.576676/7994.242621/435325.334055/0.000012507
-118/200: 443318.280671/7994.221448/435324.059223/0.000002923
-119/200: 443322.425490/7994.201665/435328.223825/0.000009350
-120/200: 443320.753450/7994.180306/435326.573144/0.000003772
-121/200: 443325.079664/7994.159979/435330.919685/0.000009759
-122/200: 443325.620484/7994.141316/435331.479168/0.000001220
-123/200: 443323.121707/7994.123506/435328.998201/0.000005636
-124/200: 443325.118550/7994.105226/435331.013324/0.000004504
-125/200: 443326.126983/7994.088490/435332.038493/0.000002275
-126/200: 443325.932446/7994.072855/435331.859591/0.000000439
-127/200: 443326.560935/7994.058649/435332.502286/0.000001418
-128/200: 443326.890184/7994.045031/435332.845153/0.000000743
-129/200: 443327.616772/7994.028718/435333.588054/0.000001639
-130/200: 443333.885353/7994.014919/435339.870434/0.000014140
-131/200: 443328.380263/7994.003179/435334.377084/0.000012417
-132/200: 443333.491347/7993.991621/435339.499726/0.000011529
-133/200: 443334.852813/7993.982342/435340.870471/0.000003071
-134/200: 443339.526082/7993.971384/435345.554698/0.000010541
-135/200: 443331.628386/7993.961428/435337.666958/0.000017814
-136/200: 443334.333188/7993.949853/435340.383335/0.000006101
-137/200: 443340.535648/7993.940827/435346.594821/0.000013990
-138/200: 443338.804437/7993.931494/435344.872943/0.000003905
-139/200: 443338.032584/7993.922819/435344.109765/0.000001741
-140/200: 443341.602290/7993.914957/435347.687333/0.000008052
-141/200: 443342.719030/7993.908596/435348.810434/0.000002519
-142/200: 443340.298841/7993.900389/435346.398452/0.000005459
-143/200: 443343.272997/7993.894055/435349.378942/0.000006709
-144/200: 443345.568179/7993.887146/435351.681033/0.000005177
-145/200: 443347.605672/7993.882680/435353.722992/0.000004596
-146/200: 443346.370453/7993.876482/435352.493971/0.000002786
-147/200: 443347.897610/7993.871287/435354.026323/0.000003445
-148/200: 443344.617148/7993.864941/435350.752207/0.000007399
-149/200: 443348.474151/7993.859975/435354.614176/0.000008700
-150/200: 443350.166754/7993.856192/435356.310562/0.000003818
-151/200: 443350.993743/7993.854024/435357.139719/0.000001865
-152/200: 443351.027930/7993.849479/435357.178451/0.000000077
Start evaluating ...
  Columns 1 through 7

    0.0974    0.1350    0.1516    0.1620    0.1718    0.1818    0.1951

  Columns 8 through 10

    0.2076    0.2197    0.2304

    0.0184

Elapsed time is 45719.070385 seconds.
