nohup: ignoring input

                            < M A T L A B (R) >
                  Copyright 1984-2016 The MathWorks, Inc.
                   R2016a (9.0.0.341360) 64-bit (glnxa64)
                             February 11, 2016

 
To get started, type one of these: helpwin, helpdesk, or demo.
For product information, visit www.mathworks.com.
 

	Academic License

Start learning ...
Init data [Dtype: delicious - Dspec: sp2/0550]
Init social model
Using adagrad ...
Load pretrained shallow-model...
Params [lbd-U: 100.0000|lbd-V: 10.0000|lbd-N: 100.0000|lbd-Q: 0.1000]
Staring Sample 2 - Loc: save/bcdl/delicious-alg61-sp2-cold20170224185050834 
CTR(chongwang)-DAE(User graph) Running - Walks(1)...
-1/200: 43580340.000000/2245.792750/43578096.000000/1.000000000
-2/200: 43522684.000000/2238.709370/43520444.000000/0.001322982
-3/200: 43521468.000000/2238.786323/43519228.000000/0.000027939
-4/200: 43521528.000000/2238.934611/43519288.000000/0.000001379
-5/200: 43520400.000000/2239.075788/43518160.000000/0.000025918
-6/200: 43520460.000000/2239.205091/43518220.000000/0.000001379
-7/200: 43522724.000000/2239.324469/43520484.000000/0.000052022
-8/200: 43523192.000000/2239.436912/43520952.000000/0.000010753
-9/200: 43522856.000000/2239.544109/43520616.000000/0.000007720
-10/200: 43523228.000000/2239.644001/43520988.000000/0.000008547
-11/200: 43522508.000000/2239.738940/43520268.000000/0.000016543
-12/200: 43521888.000000/2239.830447/43519648.000000/0.000014246
-13/200: 43523116.000000/2239.917987/43520876.000000/0.000028216
-14/200: 43523728.000000/2240.001991/43521488.000000/0.000014061
-15/200: 43522876.000000/2240.084237/43520636.000000/0.000019576
-16/200: 43522956.000000/2240.162899/43520716.000000/0.000001838
-17/200: 43523784.000000/2240.238397/43521544.000000/0.000019024
-18/200: 43525220.000000/2240.311104/43522980.000000/0.000032993
-19/200: 43524272.000000/2240.382544/43522032.000000/0.000021780
-20/200: 43524660.000000/2240.451276/43522420.000000/0.000008915
-21/200: 43523428.000000/2240.519209/43521188.000000/0.000028306
-22/200: 43524952.000000/2240.585082/43522712.000000/0.000035016
-23/200: 43525472.000000/2240.649665/43523232.000000/0.000011947
-24/200: 43526148.000000/2240.712266/43523908.000000/0.000015531
-25/200: 43525048.000000/2240.774067/43522808.000000/0.000025272
-26/200: 43525192.000000/2240.834908/43522952.000000/0.000003308
-27/200: 43524700.000000/2240.894062/43522460.000000/0.000011304
-28/200: 43526804.000000/2240.951641/43524564.000000/0.000048340
-29/200: 43526588.000000/2241.008187/43524348.000000/0.000004962
-30/200: 43525964.000000/2241.063889/43523724.000000/0.000014336
-31/200: 43525952.000000/2241.118214/43523712.000000/0.000000276
-32/200: 43526776.000000/2241.171939/43524536.000000/0.000018931
-33/200: 43524376.000000/2241.224702/43522136.000000/0.000055138
-34/200: 43526768.000000/2241.276485/43524528.000000/0.000054958
-35/200: 43524904.000000/2241.327423/43522664.000000/0.000042824
-36/200: 43526424.000000/2241.377787/43524184.000000/0.000034923
-37/200: 43526632.000000/2241.427378/43524392.000000/0.000004779
-38/200: 43526152.000000/2241.475949/43523912.000000/0.000011028
-39/200: 43526820.000000/2241.524122/43524580.000000/0.000015347
-40/200: 43526488.000000/2241.571403/43524248.000000/0.000007627
-41/200: 43527856.000000/2241.618251/43525616.000000/0.000031429
-42/200: 43528044.000000/2241.664419/43525804.000000/0.000004319
-43/200: 43527736.000000/2241.709855/43525496.000000/0.000007076
-44/200: 43527932.000000/2241.754299/43525692.000000/0.000004503
-45/200: 43527716.000000/2241.798409/43525476.000000/0.000004962
-46/200: 43527684.000000/2241.842057/43525444.000000/0.000000735
-47/200: 43528404.000000/2241.884915/43526164.000000/0.000016541
-48/200: 43528336.000000/2241.927265/43526096.000000/0.000001562
-49/200: 43527236.000000/2241.969324/43524996.000000/0.000025271
-50/200: 43527740.000000/2242.010662/43525496.000000/0.000011579
-51/200: 43527764.000000/2242.051403/43525520.000000/0.000000551
-52/200: 43529248.000000/2242.091550/43527004.000000/0.000034093
-53/200: 43527744.000000/2242.131608/43525500.000000/0.000034551
-54/200: 43528460.000000/2242.171271/43526216.000000/0.000016449
-55/200: 43528364.000000/2242.210116/43526120.000000/0.000002205
-56/200: 43528368.000000/2242.248594/43526124.000000/0.000000092
-57/200: 43528780.000000/2242.287238/43526536.000000/0.000009465
-58/200: 43529292.000000/2242.325320/43527048.000000/0.000011762
-59/200: 43529008.000000/2242.363041/43526764.000000/0.000006524
-60/200: 43529120.000000/2242.399905/43526876.000000/0.000002573
-61/200: 43528336.000000/2242.436619/43526092.000000/0.000018011
-62/200: 43529736.000000/2242.473017/43527492.000000/0.000032163
-63/200: 43529052.000000/2242.508952/43526808.000000/0.000015713
-64/200: 43530496.000000/2242.544556/43528252.000000/0.000033173
-65/200: 43530540.000000/2242.580159/43528296.000000/0.000001011
-66/200: 43530384.000000/2242.615454/43528140.000000/0.000003584
-67/200: 43529388.000000/2242.650294/43527144.000000/0.000022881
-68/200: 43529504.000000/2242.684685/43527260.000000/0.000002665
-69/200: 43529736.000000/2242.718694/43527492.000000/0.000005330
-70/200: 43529680.000000/2242.752487/43527436.000000/0.000001286
-71/200: 43530644.000000/2242.786166/43528400.000000/0.000022146
-72/200: 43530136.000000/2242.819232/43527892.000000/0.000011670
-73/200: 43531184.000000/2242.852285/43528940.000000/0.000024075
-74/200: 43530740.000000/2242.885123/43528496.000000/0.000010200
-75/200: 43530392.000000/2242.917615/43528148.000000/0.000007994
-76/200: 43531372.000000/2242.949760/43529128.000000/0.000022513
-77/200: 43531568.000000/2242.981882/43529324.000000/0.000004502
-78/200: 43531540.000000/2243.013250/43529296.000000/0.000000643
-79/200: 43530512.000000/2243.044789/43528268.000000/0.000023615
-80/200: 43530688.000000/2243.075887/43528444.000000/0.000004043
-81/200: 43531260.000000/2243.106725/43529016.000000/0.000013140
-82/200: 43531956.000000/2243.137329/43529712.000000/0.000015989
-83/200: 43531316.000000/2243.167869/43529072.000000/0.000014702
-84/200: 43531144.000000/2243.197888/43528900.000000/0.000003951
-85/200: 43531852.000000/2243.227875/43529608.000000/0.000016264
-86/200: 43531888.000000/2243.257513/43529644.000000/0.000000827
-87/200: 43532000.000000/2243.287085/43529756.000000/0.000002573
-88/200: 43532392.000000/2243.316413/43530148.000000/0.000009005
-89/200: 43532036.000000/2243.345525/43529792.000000/0.000008178
-90/200: 43532380.000000/2243.374378/43530136.000000/0.000007902
-91/200: 43532288.000000/2243.402814/43530044.000000/0.000002113
-92/200: 43532700.000000/2243.431213/43530456.000000/0.000009464
-93/200: 43532468.000000/2243.459275/43530224.000000/0.000005329
-94/200: 43533168.000000/2243.487209/43530924.000000/0.000016080
-95/200: 43532892.000000/2243.514970/43530648.000000/0.000006340
-96/200: 43532504.000000/2243.542716/43530260.000000/0.000008913
-97/200: 43532980.000000/2243.570340/43530736.000000/0.000010934
-98/200: 43533292.000000/2243.597535/43531048.000000/0.000007167
-99/200: 43533424.000000/2243.624657/43531180.000000/0.000003032
Recall at EP-100 ...
  Columns 1 through 7

    0.0017    0.0029    0.0041    0.0054    0.0068    0.0080    0.0095

  Columns 8 through 10

    0.0108    0.0118    0.0129

Mrr at EP-100 ...
   6.1255e-04

-100/200: 43533080.000000/2243.651747/43530836.000000/0.000007902
-101/200: 43532916.000000/2243.678270/43530672.000000/0.000003767
-102/200: 43533324.000000/2243.704936/43531080.000000/0.000009372
-103/200: 43533976.000000/2243.731404/43531732.000000/0.000014977
-104/200: 43533360.000000/2243.757514/43531116.000000/0.000014150
-105/200: 43533908.000000/2243.783527/43531664.000000/0.000012588
-106/200: 43533508.000000/2243.809558/43531264.000000/0.000009188
-107/200: 43533888.000000/2243.835459/43531644.000000/0.000008729
-108/200: 43534368.000000/2243.860931/43532124.000000/0.000011026
-109/200: 43533892.000000/2243.886260/43531648.000000/0.000010934
-110/200: 43533768.000000/2243.911448/43531524.000000/0.000002848
-111/200: 43534580.000000/2243.936855/43532336.000000/0.000018652
-112/200: 43534516.000000/2243.962082/43532272.000000/0.000001470
-113/200: 43534304.000000/2243.987071/43532060.000000/0.000004870
-114/200: 43534140.000000/2244.011937/43531896.000000/0.000003767
-115/200: 43534524.000000/2244.036671/43532280.000000/0.000008821
-116/200: 43534404.000000/2244.061150/43532160.000000/0.000002756
-117/200: 43534924.000000/2244.085513/43532680.000000/0.000011945
-118/200: 43534840.000000/2244.109975/43532596.000000/0.000001929
-119/200: 43535236.000000/2244.134159/43532992.000000/0.000009096
-120/200: 43535020.000000/2244.158010/43532776.000000/0.000004961
-121/200: 43535416.000000/2244.181727/43533172.000000/0.000009096
-122/200: 43535524.000000/2244.205315/43533280.000000/0.000002481
-123/200: 43535252.000000/2244.229031/43533008.000000/0.000006248
-124/200: 43535424.000000/2244.252290/43533180.000000/0.000003951
-125/200: 43535540.000000/2244.275561/43533296.000000/0.000002664
-126/200: 43535552.000000/2244.298790/43533308.000000/0.000000276
-127/200: 43535556.000000/2244.321993/43533312.000000/0.000000092
Start evaluating ...
  Columns 1 through 7

    0.0012    0.0019    0.0027    0.0038    0.0047    0.0058    0.0066

  Columns 8 through 10

    0.0074    0.0082    0.0089

   4.7901e-04

Elapsed time is 23658.970626 seconds.
