nohup: ignoring input

                            < M A T L A B (R) >
                  Copyright 1984-2016 The MathWorks, Inc.
                   R2016a (9.0.0.341360) 64-bit (glnxa64)
                             February 11, 2016

 
To get started, type one of these: helpwin, helpdesk, or demo.
For product information, visit www.mathworks.com.
 

	Academic License

Start learning ...
Init data [Dtype: delicious - Dspec: sp2/2550]
Init social model
Using adagrad ...
Params [lbd-U: 0.0100|lbd-V: 10.0000|lbd-N: 0.0100|lbd-Q: 0.0500]
Staring Sample 2 - Loc: save/ctr/delicious-alg80-sp2-cold20170225193318054 
CTR(chongwang) Running ...

iter time likelihood:[r:u:v] converge
0001 000280 -14472.50000:[0.00000:0.00000:-0.00000] 1.0000000000
0002 000560 -3554.47659:[25317.52193:-1104.75478:-1039.58140] 0.7543978863
0003 000835 -3176.19627:[25305.95435:-1010.52448:-951.63470] 0.1064236342
0004 001112 -3048.29283:[25261.10300:-955.90110:-948.95696] 0.0402693765
0005 001378 -2973.37251:[25228.97405:-910.92036:-944.19110] 0.0245777961
0006 001630 -2917.62774:[25208.31509:-879.85662:-936.65743] 0.0187479940
0007 001884 -2874.21722:[25196.21783:-858.84164:-927.85401] 0.0148787033
0008 002138 -2839.69157:[25190.03356:-844.70069:-918.83974] 0.0120121950
0009 002394 -2811.95052:[25187.78900:-835.34180:-910.25854] 0.0097690361
0010 002648 -2789.52731:[25188.12738:-829.36263:-902.42218] 0.0079742542
0011 002900 -2771.31666:[25190.13738:-825.79651:-895.43338] 0.0065282186
0012 003154 -2756.46167:[25193.20403:-823.96173:-889.28388] 0.0053602647
0013 003407 -2744.29302:[25196.90642:-823.36913:-883.91539] 0.0044145931
0014 003660 -2734.28748:[25200.95294:-823.66335:-879.25251] 0.0036459425
0015 003923 -2726.03534:[25205.14087:-824.58394:-875.21815] 0.0030180216
0016 004152 -2719.21439:[25209.33031:-825.93891:-871.73996] 0.0025021509
0017 004348 -2713.56969:[25213.42650:-827.58624:-868.75249] 0.0020758572
0018 004543 -2708.89797:[25217.36752:-829.42072:-866.19728] 0.0017216144
0019 004723 -2705.03569:[25221.11538:-831.36439:-864.02241] 0.0014257760
0020 004901 -2701.85000:[25224.64947:-833.35966:-862.18164] 0.0011776885
0021 005071 -2699.23192:[25227.96153:-835.36409:-860.63374] 0.0009689945
0022 005241 -2697.09116:[25231.05204:-837.34663:-859.34179] 0.0007930993
0023 005412 -2695.35222:[25233.92732:-839.28478:-858.27267] 0.0006447455
0024 005583 -2693.95151:[25236.59748:-841.16244:-857.39669] 0.0005196760
0025 005752 -2692.83517:[25239.07476:-842.96838:-856.68735] 0.0004143882
0026 005901 -2691.95740:[25241.37240:-844.69499:-856.12105] 0.0003259659
0027 006070 -2691.27911:[25243.50388:-846.33744:-855.67683] 0.0002519686
0028 006239 -2690.76679:[25245.48250:-847.89302:-855.33611] 0.0001903633
0029 006408 -2690.39151:[25247.32116:-849.36057:-855.08234] 0.0001394711
0030 006573 -2690.12811:[25249.03226:-850.74018:-854.90068] 0.0000979040
0031 006729 -2689.95463:[25250.62755:-852.03286:-854.77785] 0.0000644872
0032 006884 -2689.85193:[25252.11800:-853.24030:-854.70200] 0.0000381767
0033 006989 -2689.80354:[25253.51359:-854.36475:-854.66277] 0.0000179922
0034 007157 -2689.79529:[25254.82335:-855.40889:-854.65112] 0.0000030658
Start evaluating ...
  Columns 1 through 7

    0.0760    0.0902    0.0947    0.0968    0.0986    0.1000    0.1008

  Columns 8 through 10

    0.1014    0.1019    0.1023

    0.0184

Elapsed time is 7250.640666 seconds.
