nohup: ignoring input

                            < M A T L A B (R) >
                  Copyright 1984-2016 The MathWorks, Inc.
                   R2016a (9.0.0.341360) 64-bit (glnxa64)
                             February 11, 2016

 
To get started, type one of these: helpwin, helpdesk, or demo.
For product information, visit www.mathworks.com.
 

	Academic License

Start learning ...
Init data [Dtype: delicious - Dspec: sp2/0550]
Init social model
Using adagrad ...
Params [lbd-U: 0.0100|lbd-V: 0.1000|lbd-N: 0.0100|lbd-Q: 0.1000]
Staring Sample 2 - Loc: save/ctrsmf/delicious-alg90-sp2-cold20170224185112026 
CTR-SMF Running ...

iter time likelihood converge
0001 000079 -5300738.48155 1.0000000000
0002 000156 -5142500.88308 0.0298519912
0003 000237 -5032403.14142 0.0214093773
0004 000311 -4998391.00111 0.0067586279
0005 000394 -4980243.90193 0.0036305882
0006 000459 -4965526.06059 0.0029552451
0007 000521 -4955382.67585 0.0020427614
0008 000563 -4949118.67841 0.0012640795
0009 000629 -4944849.35461 0.0008626432
0010 000695 -4941647.06373 0.0006476013
0011 000761 -4939045.64765 0.0005264269
0012 000827 -4936836.98154 0.0004471848
0013 000893 -4934924.29692 0.0003874312
0014 000958 -4933248.89982 0.0003394980
0015 001023 -4931768.64312 0.0003000572
0016 001088 -4930451.38822 0.0002670958
0017 001154 -4929271.78210 0.0002392491
0018 001229 -4928209.27344 0.0002155508
0019 001327 -4927246.82357 0.0001952940
0020 001424 -4926370.08878 0.0001779360
0021 001520 -4925566.91354 0.0001630359
0022 001613 -4924827.01101 0.0001502167
0023 001702 -4924141.73687 0.0001391468
0024 001798 -4923503.88372 0.0001295359
0025 001878 -4922907.46539 0.0001211370
0026 001961 -4922347.49470 0.0001137480
0027 002040 -4921819.77808 0.0001072083
0028 002118 -4921320.74717 0.0001013915
0029 002193 -4920847.33743 0.0000961957
0030 002272 -4920396.91526 0.0000915335
0031 002349 -4919967.24008 0.0000873253
0032 002425 -4919556.45670 0.0000834931
0033 002501 -4919163.14369 0.0000799489
0034 002582 -4918786.40647 0.0000765856
0035 002664 -4918425.80849 0.0000733104
0036 002746 -4918081.04638 0.0000700960
0037 002829 -4917751.71073 0.0000669643
0038 002910 -4917437.45018 0.0000639033
0039 002991 -4917137.99988 0.0000608956
0040 003071 -4916852.96240 0.0000579682
0041 003151 -4916582.05977 0.0000550968
0042 003227 -4916325.09039 0.0000522659
0043 003302 -4916081.61167 0.0000495245
0044 003378 -4915851.30627 0.0000468474
0045 003453 -4915633.98060 0.0000442092
0046 003525 -4915429.33747 0.0000416311
0047 003599 -4915236.90287 0.0000391491
0048 003672 -4915056.12409 0.0000367793
0049 003746 -4914886.47344 0.0000345165
0050 003819 -4914727.47577 0.0000323502
0051 003890 -4914578.68759 0.0000302739
0052 003959 -4914439.67717 0.0000282853
0053 004029 -4914310.02292 0.0000263823
0054 004096 -4914189.31096 0.0000245634
0055 004163 -4914077.10714 0.0000228326
0056 004229 -4913972.90454 0.0000212049
0057 004296 -4913876.07034 0.0000197059
0058 004363 -4913785.83857 0.0000183626
0059 004431 -4913701.40811 0.0000171824
0060 004499 -4913622.11404 0.0000161373
0061 004565 -4913547.49529 0.0000151861
0062 004632 -4913477.19496 0.0000143074
0063 004698 -4913410.89415 0.0000134937
0064 004765 -4913348.31827 0.0000127357
0065 004832 -4913289.24681 0.0000120226
0066 004881 -4913233.48619 0.0000113489
0067 004940 -4913180.77792 0.0000107278
0068 004999 -4913130.82035 0.0000101681
0069 005059 -4913083.41119 0.0000096495
Start evaluating ...
  Columns 1 through 7

    0.0049    0.0059    0.0064    0.0068    0.0071    0.0075    0.0080

  Columns 8 through 10

    0.0084    0.0086    0.0088

    0.0019

Elapsed time is 5145.302749 seconds.
