nohup: ignoring input

                            < M A T L A B (R) >
                  Copyright 1984-2016 The MathWorks, Inc.
                   R2016a (9.0.0.341360) 64-bit (glnxa64)
                             February 11, 2016

 
To get started, type one of these: helpwin, helpdesk, or demo.
For product information, visit www.mathworks.com.
 

	Academic License

Start learning ...
Init data [Dtype: delicious - Dspec: sp2/1050]
Init social model
Using adagrad ...
Load pretrained shallow-model...
Params [lbd-U: 100.0000|lbd-V: 100.0000|lbd-N: 100.0000|lbd-Q: 0.1000]
Staring Sample 2 - Loc: save/bcdl/delicious-alg61-sp2-cold20170224185237079 
CTR(chongwang)-DAE(User graph) Running - Walks(1)...
-1/200: 43584256.000000/6160.021644/43578096.000000/1.000000000
-2/200: 43526516.000000/6134.966707/43520380.000000/0.001324790
-3/200: 43525356.000000/6140.265255/43519216.000000/0.000026650
-4/200: 43525416.000000/6144.978223/43519272.000000/0.000001379
-5/200: 43524296.000000/6149.208390/43518148.000000/0.000025732
-6/200: 43524364.000000/6153.055514/43518212.000000/0.000001562
-7/200: 43526620.000000/6156.603787/43520464.000000/0.000051833
-8/200: 43527100.000000/6159.945628/43520940.000000/0.000011028
-9/200: 43526764.000000/6163.135850/43520600.000000/0.000007719
-10/200: 43527136.000000/6166.105157/43520968.000000/0.000008546
-11/200: 43526416.000000/6168.929605/43520248.000000/0.000016541
-12/200: 43525796.000000/6171.661338/43519624.000000/0.000014244
-13/200: 43527032.000000/6174.272263/43520856.000000/0.000028397
-14/200: 43527656.000000/6176.785566/43521480.000000/0.000014336
-15/200: 43526804.000000/6179.249381/43520624.000000/0.000019574
-16/200: 43526884.000000/6181.612165/43520704.000000/0.000001838
-17/200: 43527704.000000/6183.884328/43521520.000000/0.000018839
-18/200: 43529152.000000/6186.074240/43522964.000000/0.000033266
-19/200: 43528204.000000/6188.233424/43522016.000000/0.000021779
-20/200: 43528584.000000/6190.316545/43522392.000000/0.000008730
-21/200: 43527364.000000/6192.374031/43521172.000000/0.000028028
-22/200: 43528892.000000/6194.379674/43522696.000000/0.000035104
-23/200: 43529416.000000/6196.347142/43523220.000000/0.000012038
-24/200: 43530092.000000/6198.260252/43523892.000000/0.000015530
-25/200: 43528992.000000/6200.153564/43522792.000000/0.000025270
-26/200: 43529136.000000/6202.017860/43522932.000000/0.000003308
-27/200: 43528640.000000/6203.834062/43522436.000000/0.000011395
-28/200: 43530740.000000/6205.606176/43524536.000000/0.000048244
-29/200: 43530536.000000/6207.348759/43524328.000000/0.000004686
-30/200: 43529920.000000/6209.068403/43523712.000000/0.000014151
-31/200: 43529904.000000/6210.746784/43523692.000000/0.000000368
-32/200: 43530728.000000/6212.410380/43524516.000000/0.000018930
-33/200: 43528340.000000/6214.045712/43522124.000000/0.000054858
-34/200: 43530728.000000/6215.652339/43524512.000000/0.000054861
-35/200: 43528860.000000/6217.235465/43522644.000000/0.000042912
-36/200: 43530388.000000/6218.801336/43524168.000000/0.000035103
-37/200: 43530588.000000/6220.346592/43524368.000000/0.000004594
-38/200: 43530112.000000/6221.859243/43523892.000000/0.000010935
-39/200: 43530784.000000/6223.363071/43524560.000000/0.000015438
-40/200: 43530456.000000/6224.840679/43524232.000000/0.000007535
-41/200: 43531828.000000/6226.303773/43525600.000000/0.000031518
-42/200: 43532000.000000/6227.747637/43525772.000000/0.000003951
-43/200: 43531700.000000/6229.169545/43525472.000000/0.000006891
-44/200: 43531900.000000/6230.563401/43525668.000000/0.000004594
-45/200: 43531688.000000/6231.947270/43525456.000000/0.000004870
-46/200: 43531652.000000/6233.316416/43525420.000000/0.000000827
-47/200: 43532376.000000/6234.665465/43526140.000000/0.000016632
-48/200: 43532304.000000/6235.996633/43526068.000000/0.000001654
-49/200: 43531212.000000/6237.320464/43524976.000000/0.000025085
-50/200: 43531708.000000/6238.624082/43525468.000000/0.000011394
-51/200: 43531732.000000/6239.908542/43525492.000000/0.000000551
-52/200: 43533208.000000/6241.173221/43526968.000000/0.000033906
-53/200: 43531724.000000/6242.437615/43525480.000000/0.000034089
-54/200: 43532424.000000/6243.690344/43526180.000000/0.000016080
-55/200: 43532336.000000/6244.917655/43526092.000000/0.000002021
-56/200: 43532356.000000/6246.135039/43526108.000000/0.000000459
-57/200: 43532756.000000/6247.357722/43526508.000000/0.000009189
-58/200: 43533276.000000/6248.564596/43527028.000000/0.000011945
-59/200: 43532984.000000/6249.760248/43526736.000000/0.000006708
-60/200: 43533104.000000/6250.930167/43526852.000000/0.000002757
-61/200: 43532316.000000/6252.092872/43526064.000000/0.000018101
-62/200: 43533720.000000/6253.249232/43527468.000000/0.000032252
-63/200: 43533036.000000/6254.391938/43526780.000000/0.000015712
-64/200: 43534484.000000/6255.523016/43528228.000000/0.000033262
-65/200: 43534524.000000/6256.656091/43528268.000000/0.000000919
-66/200: 43534372.000000/6257.778245/43528116.000000/0.000003491
-67/200: 43533368.000000/6258.889419/43527108.000000/0.000023062
-68/200: 43533484.000000/6259.984417/43527224.000000/0.000002665
-69/200: 43533728.000000/6261.068538/43527468.000000/0.000005605
-70/200: 43533668.000000/6262.147131/43527404.000000/0.000001378
-71/200: 43534632.000000/6263.221341/43528368.000000/0.000022144
-72/200: 43534132.000000/6264.278468/43527868.000000/0.000011485
-73/200: 43535172.000000/6265.334758/43528908.000000/0.000023889
-74/200: 43534732.000000/6266.385140/43528464.000000/0.000010107
-75/200: 43534380.000000/6267.423853/43528112.000000/0.000008085
-76/200: 43535364.000000/6268.452935/43529096.000000/0.000022603
-77/200: 43535560.000000/6269.480810/43529292.000000/0.000004502
-78/200: 43535540.000000/6270.486335/43529268.000000/0.000000459
-79/200: 43534508.000000/6271.497524/43528236.000000/0.000023705
-80/200: 43534684.000000/6272.494712/43528412.000000/0.000004043
-81/200: 43535252.000000/6273.483272/43528980.000000/0.000013047
-82/200: 43535956.000000/6274.467835/43529680.000000/0.000016171
-83/200: 43535312.000000/6275.447484/43529036.000000/0.000014792
-84/200: 43535144.000000/6276.413400/43528868.000000/0.000003859
-85/200: 43535852.000000/6277.377640/43529576.000000/0.000016263
-86/200: 43535896.000000/6278.330779/43529616.000000/0.000001011
-87/200: 43535996.000000/6279.282474/43529716.000000/0.000002297
-88/200: 43536388.000000/6280.227188/43530108.000000/0.000009004
-89/200: 43536036.000000/6281.164566/43529756.000000/0.000008085
-90/200: 43536392.000000/6282.093763/43530108.000000/0.000008177
-91/200: 43536296.000000/6283.010742/43530012.000000/0.000002205
-92/200: 43536700.000000/6283.926521/43530416.000000/0.000009280
-93/200: 43536484.000000/6284.832366/43530200.000000/0.000004961
-94/200: 43537172.000000/6285.734076/43530888.000000/0.000015803
-95/200: 43536904.000000/6286.630356/43530616.000000/0.000006156
-96/200: 43536512.000000/6287.527038/43530224.000000/0.000009004
-97/200: 43536996.000000/6288.419493/43530708.000000/0.000011117
-98/200: 43537296.000000/6289.298632/43531008.000000/0.000006891
-99/200: 43537432.000000/6290.175716/43531140.000000/0.000003124
Recall at EP-100 ...
  Columns 1 through 7

    0.0012    0.0021    0.0029    0.0037    0.0044    0.0048    0.0055

  Columns 8 through 10

    0.0061    0.0068    0.0074

Mrr at EP-100 ...
   4.1239e-04

-100/200: 43537092.000000/6291.052742/43530800.000000/0.000007809
-101/200: 43536928.000000/6291.911233/43530636.000000/0.000003767
-102/200: 43537332.000000/6292.774760/43531040.000000/0.000009279
-103/200: 43537984.000000/6293.631865/43531692.000000/0.000014976
-104/200: 43537380.000000/6294.478132/43531084.000000/0.000013873
-105/200: 43537932.000000/6295.321161/43531636.000000/0.000012679
-106/200: 43537520.000000/6296.165248/43531224.000000/0.000009463
-107/200: 43537904.000000/6297.005593/43531608.000000/0.000008820
-108/200: 43538384.000000/6297.832418/43532088.000000/0.000011025
-109/200: 43537908.000000/6298.655013/43531608.000000/0.000010933
-110/200: 43537792.000000/6299.473319/43531492.000000/0.000002664
-111/200: 43538592.000000/6300.298293/43532292.000000/0.000018375
-112/200: 43538544.000000/6301.117881/43532244.000000/0.000001102
-113/200: 43538320.000000/6301.930448/43532020.000000/0.000005145
-114/200: 43538168.000000/6302.738467/43531864.000000/0.000003491
-115/200: 43538540.000000/6303.543337/43532236.000000/0.000008544
-116/200: 43538416.000000/6304.340002/43532112.000000/0.000002848
-117/200: 43538944.000000/6305.133034/43532640.000000/0.000012127
-118/200: 43538868.000000/6305.928833/43532564.000000/0.000001746
-119/200: 43539264.000000/6306.716867/43532956.000000/0.000009095
-120/200: 43539044.000000/6307.494187/43532736.000000/0.000005053
-121/200: 43539444.000000/6308.266742/43533136.000000/0.000009187
-122/200: 43539540.000000/6309.036023/43533232.000000/0.000002205
-123/200: 43539272.000000/6309.808758/43532964.000000/0.000006155
-124/200: 43539448.000000/6310.567997/43533136.000000/0.000004042
-125/200: 43539576.000000/6311.327270/43533264.000000/0.000002940
-126/200: 43539588.000000/6312.085128/43533276.000000/0.000000276
-127/200: 43539584.000000/6312.842525/43533272.000000/0.000000092
Start evaluating ...
  Columns 1 through 7

    0.0011    0.0020    0.0028    0.0035    0.0042    0.0046    0.0052

  Columns 8 through 10

    0.0057    0.0063    0.0070

   3.9369e-04

Elapsed time is 28306.326429 seconds.
