nohup: ignoring input

                            < M A T L A B (R) >
                  Copyright 1984-2016 The MathWorks, Inc.
                   R2016a (9.0.0.341360) 64-bit (glnxa64)
                             February 11, 2016

 
To get started, type one of these: helpwin, helpdesk, or demo.
For product information, visit www.mathworks.com.
 

	Academic License

Start learning ...
Init data [Dtype: delicious - Dspec: sp2/5050]
Init social model
Using adagrad ...
Params [lbd-U: 100.0000|lbd-V: 0.0100|lbd-N: 100.0000|lbd-Q: 0.0100]
Staring Sample 2 - Loc: save/ctr/delicious-alg80-sp2-cold20170226164405541 
CTR(chongwang) Running ...

iter time likelihood:[r:u:v] converge
0001 000455 -22667.00000:[0.00000:0.00000:-0.00000] 1.0000000000
0002 000895 -21716.11976:[1930.88308:-33.77354:-515.43442] 0.0419499819
0003 001345 -15213.66054:[15799.46265:-456.76642:-4014.38686] 0.2994300681
0004 001789 -8537.77502:[32950.45342:-2349.61089:-3520.68432] 0.4388086288
0005 002222 -8247.02750:[34243.70566:-2705.26127:-3259.06986] 0.0340542498
0006 002633 -8175.28197:[34710.78772:-2866.90802:-3133.58125] 0.0086995623
0007 003057 -8143.66763:[34926.12543:-2942.92744:-3072.51493] 0.0038670642
0008 003472 -8124.25699:[35034.23242:-2977.59128:-3041.43760] 0.0023835258
0009 003886 -8109.90933:[35093.32457:-2992.83410:-3024.88371] 0.0017660265
0010 004313 -8098.43889:[35128.52228:-2999.01395:-3015.43748] 0.0014143733
0011 004723 -8088.89522:[35151.49544:-3001.00778:-3009.59343] 0.0011784589
0012 005123 -8080.77433:[35167.88867:-3001.13076:-3005.65957] 0.0010039549
0013 005486 -8073.76244:[35180.50021:-3000.46714:-3002.79761] 0.0008677249
0014 005811 -8067.64381:[35190.76250:-2999.51728:-3000.57863] 0.0007578414
0015 006100 -8062.26089:[35199.43745:-2998.50486:-2998.77266] 0.0006672234
0016 006378 -8057.49378:[35206.94948:-2997.52261:-2997.24846] 0.0005912865
0017 006645 -8053.24827:[35213.54985:-2996.60241:-2995.92610] 0.0005269020
0018 006916 -8049.44841:[35219.40014:-2995.74954:-2994.75441] 0.0004718423
0019 007191 -8046.03185:[35224.61517:-2994.95948:-2993.69985] 0.0004244466
0020 007461 -8042.94685:[35229.28442:-2994.22561:-2992.74025] 0.0003834186
0021 007739 -8040.15022:[35233.48194:-2993.54210:-2991.86087] 0.0003477129
0022 008016 -8037.60571:[35237.27067:-2992.90445:-2991.05150] 0.0003164750
0023 008284 -8035.28280:[35240.70432:-2992.30926:-2990.30466] 0.0002890056
0024 008548 -8033.15559:[35243.82857:-2991.75366:-2989.61441] 0.0002647333
0025 008805 -8031.20200:[35246.68208:-2991.23510:-2988.97570] 0.0002431907
0026 009065 -8029.40306:[35249.29754:-2990.75111:-2988.38404] 0.0002239934
0027 009324 -8027.74240:[35251.70262:-2990.29928:-2987.83535] 0.0002068228
0028 009574 -8026.20579:[35253.92083:-2989.87727:-2987.32588] 0.0001914125
0029 009825 -8024.78084:[35255.97226:-2989.48283:-2986.85221] 0.0001775379
0030 010067 -8023.45667:[35257.87419:-2989.11382:-2986.41124] 0.0001650090
0031 010301 -8022.22376:[35259.64156:-2988.76823:-2986.00010] 0.0001536640
0032 010536 -8021.07366:[35261.28738:-2988.44423:-2985.61623] 0.0001433645
0033 010770 -8019.99890:[35262.82306:-2988.14008:-2985.25730] 0.0001339918
0034 011004 -8018.99284:[35264.25861:-2987.85423:-2984.92117] 0.0001254435
0035 011239 -8018.04956:[35265.60291:-2987.58524:-2984.60593] 0.0001176311
0036 011473 -8017.16375:[35266.86384:-2987.33180:-2984.30984] 0.0001104774
0037 011707 -8016.33065:[35268.04843:-2987.09272:-2984.03132] 0.0001039142
0038 011942 -8015.54600:[35269.16294:-2986.86691:-2983.76895] 0.0000978810
0039 012172 -8014.80597:[35270.21299:-2986.65338:-2983.52146] 0.0000923242
0040 012404 -8014.10711:[35271.20361:-2986.45122:-2983.28768] 0.0000871967
0041 012635 -8013.44629:[35272.13936:-2986.25960:-2983.06658] 0.0000824568
0042 012871 -8012.82070:[35273.02433:-2986.07779:-2982.85720] 0.0000780676
0043 013107 -8012.22778:[35273.86225:-2985.90510:-2982.65870] 0.0000739965
0044 013313 -8011.66520:[35274.65649:-2985.74089:-2982.47030] 0.0000702148
0045 013527 -8011.13085:[35275.41014:-2985.58461:-2982.29129] 0.0000666967
0046 013760 -8010.62279:[35276.12600:-2985.43574:-2982.12102] 0.0000634190
0047 014072 -8010.13927:[35276.80665:-2985.29378:-2981.95891] 0.0000603609
0048 014563 -8009.67865:[35277.45442:-2985.15832:-2981.80442] 0.0000575041
0049 015077 -8009.23946:[35278.07147:-2985.02894:-2981.65706] 0.0000548322
0050 015595 -8008.82034:[35278.65979:-2984.90527:-2981.51637] 0.0000523303
0051 016116 -8008.42002:[35279.22119:-2984.78697:-2981.38193] 0.0000499846
0052 016639 -8008.03736:[35279.75733:-2984.67372:-2981.25336] 0.0000477822
0053 017157 -8007.67130:[35280.26976:-2984.56523:-2981.13032] 0.0000457114
0054 017677 -8007.32087:[35280.75987:-2984.46122:-2981.01248] 0.0000437620
0055 018204 -8006.98516:[35281.22899:-2984.36144:-2980.89955] 0.0000419250
0056 018735 -8006.66334:[35281.67834:-2984.26566:-2980.79124] 0.0000401925
0057 019259 -8006.35462:[35282.10904:-2984.17366:-2980.68731] 0.0000385575
0058 019788 -8006.05828:[35282.52215:-2984.08525:-2980.58751] 0.0000370134
0059 020310 -8005.77363:[35282.91865:-2984.00022:-2980.49159] 0.0000355542
0060 020837 -8005.50004:[35283.29945:-2983.91840:-2980.39936] 0.0000341744
0061 021365 -8005.23691:[35283.66540:-2983.83963:-2980.31061] 0.0000328686
0062 021898 -8004.98369:[35284.01730:-2983.76375:-2980.22514] 0.0000316322
0063 022424 -8004.73985:[35284.35587:-2983.69060:-2980.14278] 0.0000304603
0064 022957 -8004.50493:[35284.68181:-2983.62006:-2980.06338] 0.0000293485
0065 023484 -8004.27846:[35284.99574:-2983.55198:-2979.98678] 0.0000282922
0066 024023 -8004.06005:[35285.29826:-2983.48626:-2979.91285] 0.0000272872
0067 024546 -8003.84930:[35285.58993:-2983.42278:-2979.84148] 0.0000263299
0068 025073 -8003.64586:[35285.87126:-2983.36143:-2979.77254] 0.0000254172
0069 025597 -8003.44940:[35286.14274:-2983.30212:-2979.70593] 0.0000245466
0070 026120 -8003.25959:[35286.40485:-2983.24476:-2979.64154] 0.0000237159
0071 026646 -8003.07613:[35286.65801:-2983.18925:-2979.57928] 0.0000229230
0072 027173 -8002.89874:[35286.90264:-2983.13553:-2979.51906] 0.0000221658
0073 027681 -8002.72714:[35287.13914:-2983.08350:-2979.46077] 0.0000214424
0074 028180 -8002.56108:[35287.36786:-2983.03311:-2979.40434] 0.0000207507
0075 028672 -8002.40031:[35287.58916:-2982.98427:-2979.34969] 0.0000200891
0076 029168 -8002.24462:[35287.80335:-2982.93693:-2979.29673] 0.0000194561
0077 029676 -8002.09377:[35288.01076:-2982.89101:-2979.24541] 0.0000188504
0078 030175 -8001.94757:[35288.21167:-2982.84647:-2979.19565] 0.0000182708
0079 030666 -8001.80580:[35288.40636:-2982.80324:-2979.14737] 0.0000177163
0080 031157 -8001.66829:[35288.59511:-2982.76127:-2979.10051] 0.0000171855
0081 031640 -8001.53484:[35288.77816:-2982.72051:-2979.05501] 0.0000166773
0082 032134 -8001.40529:[35288.95576:-2982.68091:-2979.01081] 0.0000161905
0083 032620 -8001.27948:[35289.12812:-2982.64242:-2978.96786] 0.0000157239
0084 033103 -8001.15725:[35289.29546:-2982.60499:-2978.92609] 0.0000152762
0085 033582 -8001.03846:[35289.45798:-2982.56859:-2978.88548] 0.0000148463
0086 034059 -8000.92298:[35289.61586:-2982.53318:-2978.84596] 0.0000144332
0087 034539 -8000.81068:[35289.76929:-2982.49872:-2978.80750] 0.0000140359
0088 035022 -8000.70144:[35289.91845:-2982.46517:-2978.77007] 0.0000136536
0089 035501 -8000.59515:[35290.06348:-2982.43251:-2978.73362] 0.0000132856
0090 035966 -8000.49169:[35290.20455:-2982.40069:-2978.69811] 0.0000129313
0091 036424 -8000.39096:[35290.34180:-2982.36968:-2978.66351] 0.0000125901
0092 036882 -8000.29286:[35290.47537:-2982.33947:-2978.62979] 0.0000122615
0093 037345 -8000.19730:[35290.60541:-2982.31001:-2978.59691] 0.0000119449
0094 037808 -8000.10418:[35290.73204:-2982.28129:-2978.56485] 0.0000116398
0095 038269 -8000.01342:[35290.85537:-2982.25328:-2978.53357] 0.0000113453
0096 038726 -7999.92493:[35290.97553:-2982.22594:-2978.50305] 0.0000110608
0097 039188 -7999.83864:[35291.09262:-2982.19927:-2978.47327] 0.0000107860
0098 039649 -7999.75448:[35291.20675:-2982.17324:-2978.44420] 0.0000105203
0099 040110 -7999.67237:[35291.31802:-2982.14782:-2978.41582] 0.0000102638
0100 040575 -7999.59225:[35291.42654:-2982.12300:-2978.38810] 0.0000100159
0101 041095 -7999.51404:[35291.53238:-2982.09875:-2978.36102] 0.0000097765
Start evaluating ...
  Columns 1 through 7

    0.0968    0.1355    0.1524    0.1578    0.1605    0.1637    0.1661

  Columns 8 through 10

    0.1672    0.1683    0.1693

    0.0174

Elapsed time is 41279.788409 seconds.
