nohup: ignoring input

                            < M A T L A B (R) >
                  Copyright 1984-2016 The MathWorks, Inc.
                   R2016a (9.0.0.341360) 64-bit (glnxa64)
                             February 11, 2016

 
To get started, type one of these: helpwin, helpdesk, or demo.
For product information, visit www.mathworks.com.
 

	Academic License

Start learning ...
Init data [Dtype: delicious - Dspec: sp2/1050]
Init social model
Using adagrad ...
Load pretrained shallow-model...
Params [lbd-U: 0.1000|lbd-V: 100.0000|lbd-N: 0.1000|lbd-Q: 0.1000]
Staring Sample 2 - Loc: save/bcdl/delicious-alg61-sp2-cold20170224185233619 
CTR(chongwang)-DAE(User graph) Running - Walks(1)...
-1/200: 49339.039062/5760.943260/43578.097656/1.000000000
-2/200: 49290.738281/5790.620566/43500.117188/0.000978957
-3/200: 49055.140625/5557.070122/43498.070312/0.004779755
-4/200: 48993.738281/5496.192351/43497.546875/0.001251700
-5/200: 48986.976562/5491.266408/43495.710938/0.000138012
-6/200: 48991.875000/5496.991335/43494.882812/0.000099995
-7/200: 49001.371094/5505.198120/43496.171875/0.000193830
-8/200: 49009.589844/5513.969002/43495.621094/0.000167725
-9/200: 49016.894531/5522.634664/43494.261719/0.000149046
-10/200: 49024.632812/5530.876934/43493.757812/0.000157870
-11/200: 49030.781250/5538.612264/43492.167969/0.000125415
-12/200: 49036.308594/5545.817389/43490.492188/0.000112732
-13/200: 49043.167969/5552.472988/43490.695312/0.000139884
-14/200: 49048.851562/5558.586351/43490.265625/0.000115890
-15/200: 49052.523438/5564.198039/43488.324219/0.000074862
-16/200: 49056.937500/5569.298543/43487.640625/0.000089986
-17/200: 49061.406250/5573.903307/43487.503906/0.000091093
-18/200: 49066.015625/5578.030804/43487.984375/0.000093951
-19/200: 49067.808594/5581.716809/43486.089844/0.000036542
-20/200: 49070.484375/5584.951125/43485.535156/0.000054532
-21/200: 49071.062500/5587.776021/43483.285156/0.000011782
-22/200: 49074.007812/5590.195429/43483.812500/0.000060021
-23/200: 49075.484375/5592.222969/43483.261719/0.000030088
-24/200: 49076.914062/5593.871611/43483.042969/0.000029132
-25/200: 49076.082031/5595.180182/43480.902344/0.000016954
-26/200: 49076.191406/5596.152562/43480.039062/0.000002229
-27/200: 49075.613281/5596.807895/43478.804688/0.000011780
-28/200: 49076.941406/5597.166454/43479.773438/0.000027063
-29/200: 49076.136719/5597.245833/43478.890625/0.000016396
-30/200: 49074.222656/5597.069988/43477.152344/0.000039002
-31/200: 49073.035156/5596.655501/43476.378906/0.000024198
-32/200: 49072.046875/5596.023256/43476.023438/0.000020139
-33/200: 49068.156250/5595.192487/43472.964844/0.000079284
-34/200: 49068.367188/5594.172704/43474.195312/0.000004299
-35/200: 49064.593750/5592.990558/43471.601562/0.000076902
-36/200: 49063.679688/5591.656935/43472.023438/0.000018630
-37/200: 49061.445312/5590.196414/43471.250000/0.000045540
-38/200: 49058.488281/5588.606293/43469.882812/0.000060272
-39/200: 49056.515625/5586.917345/43469.597656/0.000040210
-40/200: 49053.496094/5585.131808/43468.363281/0.000061552
-41/200: 49051.839844/5583.270172/43468.570312/0.000033764
-42/200: 49049.054688/5581.336974/43467.718750/0.000056780
-43/200: 49046.089844/5579.347972/43466.742188/0.000060447
-44/200: 49043.484375/5577.302811/43466.179688/0.000053123
-45/200: 49039.964844/5575.227207/43464.738281/0.000071763
-46/200: 49037.214844/5573.114464/43464.101562/0.000056077
-47/200: 49034.796875/5570.980311/43463.816406/0.000049309
-48/200: 49031.632812/5568.827397/43462.804688/0.000064527
-49/200: 49027.613281/5566.667739/43460.945312/0.000081978
-50/200: 49025.000000/5564.502164/43460.496094/0.000053302
-51/200: 49022.273438/5562.336793/43459.937500/0.000055616
-52/200: 49020.441406/5560.170293/43460.269531/0.000037371
-53/200: 49015.953125/5558.018225/43457.933594/0.000091559
-54/200: 49013.207031/5555.874981/43457.332031/0.000056024
-55/200: 49010.640625/5553.741411/43456.898438/0.000052362
-56/200: 49007.617188/5551.624103/43455.992188/0.000061689
-57/200: 49004.347656/5549.526110/43454.820312/0.000066715
-58/200: 49001.960938/5547.444241/43454.515625/0.000048704
-59/200: 48998.546875/5545.386575/43453.160156/0.000069672
-60/200: 48996.460938/5543.338482/43453.121094/0.000042571
-61/200: 48992.820312/5541.311186/43451.507812/0.000074304
-62/200: 48991.046875/5539.305896/43451.742188/0.000036198
-63/200: 48987.417969/5537.316502/43450.101562/0.000074073
-64/200: 48986.187500/5535.350613/43450.835938/0.000025118
-65/200: 48982.902344/5533.406537/43449.496094/0.000067063
-66/200: 48979.609375/5531.476972/43448.132812/0.000067227
-67/200: 48975.984375/5529.569491/43446.414062/0.000074010
-68/200: 48973.835938/5527.675977/43446.160156/0.000043867
-69/200: 48971.140625/5525.800281/43445.339844/0.000055036
-70/200: 48968.257812/5523.942670/43444.316406/0.000058868
-71/200: 48966.203125/5522.103115/43444.101562/0.000041960
-72/200: 48963.667969/5520.277464/43443.390625/0.000051774
-73/200: 48961.203125/5518.468743/43442.734375/0.000050340
-74/200: 48958.242188/5516.679174/43441.562500/0.000060475
-75/200: 48955.375000/5514.902575/43440.472656/0.000058564
-76/200: 48953.726562/5513.139100/43440.585938/0.000033672
-77/200: 48950.871094/5511.394668/43439.476562/0.000058330
-78/200: 48949.054688/5509.658602/43439.394531/0.000037107
-79/200: 48944.949219/5507.939650/43437.007812/0.000083872
-80/200: 48942.363281/5506.236068/43436.128906/0.000052834
-81/200: 48940.628906/5504.543130/43436.085938/0.000035437
-82/200: 48938.605469/5502.865410/43435.738281/0.000041345
-83/200: 48935.351562/5501.199548/43434.152344/0.000066490
-84/200: 48933.007812/5499.547565/43433.460938/0.000047895
-85/200: 48930.746094/5497.907869/43432.839844/0.000046221
-86/200: 48928.585938/5496.280752/43432.304688/0.000044147
-87/200: 48926.042969/5494.665313/43431.378906/0.000051973
-88/200: 48923.937500/5493.061835/43430.875000/0.000043034
-89/200: 48920.882812/5491.471831/43429.410156/0.000062437
-90/200: 48918.929688/5489.892145/43429.039062/0.000039924
-91/200: 48917.066406/5488.321266/43428.746094/0.000038089
-92/200: 48914.699219/5486.763635/43427.937500/0.000048392
-93/200: 48912.003906/5485.215209/43426.789062/0.000055102
-94/200: 48910.355469/5483.679399/43426.675781/0.000033702
-95/200: 48907.597656/5482.153174/43425.445312/0.000056385
-96/200: 48904.632812/5480.638762/43423.992188/0.000060621
-97/200: 48902.316406/5479.137629/43423.179688/0.000047366
-98/200: 48900.605469/5477.643401/43422.960938/0.000034987
-99/200: 48898.441406/5476.159323/43422.281250/0.000044254
Recall at EP-100 ...
  Columns 1 through 7

    0.0015    0.0022    0.0024    0.0028    0.0031    0.0034    0.0040

  Columns 8 through 10

    0.0044    0.0052    0.0067

Mrr at EP-100 ...
   4.7063e-04

-100/200: 48895.273438/5474.686033/43420.585938/0.000064787
-101/200: 48893.679688/5473.219535/43420.460938/0.000032595
-102/200: 48891.140625/5471.765497/43419.375000/0.000051930
-103/200: 48889.500000/5470.320956/43419.179688/0.000033557
-104/200: 48887.101562/5468.884345/43418.218750/0.000049058
-105/200: 48885.199219/5467.455872/43417.742188/0.000038913
-106/200: 48881.941406/5466.040222/43415.902344/0.000066642
-107/200: 48879.933594/5464.632095/43415.300781/0.000041075
-108/200: 48879.078125/5463.230494/43415.847656/0.000017501
-109/200: 48876.199219/5461.837923/43414.359375/0.000058899
-110/200: 48873.781250/5460.452610/43413.328125/0.000049471
-111/200: 48871.167969/5459.081806/43412.085938/0.000053470
-112/200: 48869.246094/5457.716421/43411.531250/0.000039325
-113/200: 48866.921875/5456.358906/43410.562500/0.000047560
-114/200: 48864.476562/5455.010683/43409.464844/0.000050040
-115/200: 48862.160156/5453.671875/43408.488281/0.000047405
-116/200: 48860.546875/5452.337481/43408.210938/0.000033017
-117/200: 48858.875000/5451.011860/43407.863281/0.000034217
-118/200: 48856.078125/5449.693858/43406.382812/0.000057244
-119/200: 48854.238281/5448.385972/43405.851562/0.000037658
-120/200: 48852.863281/5447.081070/43405.781250/0.000028145
-121/200: 48850.898438/5445.784563/43405.113281/0.000040220
-122/200: 48848.890625/5444.495056/43404.394531/0.000041101
-123/200: 48845.714844/5443.214372/43402.500000/0.000065012
-124/200: 48844.675781/5441.939595/43402.734375/0.000021272
-125/200: 48842.375000/5440.672704/43401.703125/0.000047104
-126/200: 48839.847656/5439.411762/43400.437500/0.000051745
-127/200: 48837.472656/5438.159995/43399.312500/0.000048628
-128/200: 48835.046875/5436.915292/43398.132812/0.000049670
-129/200: 48834.570312/5435.673386/43398.898438/0.000009759
-130/200: 48832.289062/5434.438843/43397.851562/0.000046714
-131/200: 48829.218750/5433.213638/43396.003906/0.000062875
-132/200: 48827.414062/5431.994468/43395.417969/0.000036959
-133/200: 48825.089844/5430.783447/43394.304688/0.000047601
-134/200: 48824.054688/5429.577239/43394.476562/0.000021201
-135/200: 48821.218750/5428.378251/43392.839844/0.000058085
-136/200: 48819.695312/5427.182170/43392.511719/0.000031204
-137/200: 48817.945312/5425.993902/43391.953125/0.000035846
-138/200: 48816.046875/5424.812017/43391.234375/0.000038888
-139/200: 48814.312500/5423.634072/43390.679688/0.000035529
-140/200: 48811.921875/5422.462194/43389.460938/0.000048974
-141/200: 48809.070312/5421.301165/43387.769531/0.000058419
-142/200: 48807.945312/5420.142068/43387.804688/0.000023049
-143/200: 48805.457031/5418.990381/43386.464844/0.000050981
-144/200: 48804.625000/5417.841403/43386.785156/0.000017048
-145/200: 48801.578125/5416.702280/43384.875000/0.000062430
-146/200: 48800.660156/5415.565415/43385.093750/0.000018810
-147/200: 48798.652344/5414.434099/43384.218750/0.000041143
-148/200: 48796.832031/5413.307684/43383.523438/0.000037303
-149/200: 48794.710938/5412.186981/43382.523438/0.000043468
-150/200: 48792.246094/5411.073076/43381.171875/0.000050515
-151/200: 48790.285156/5409.964025/43380.320312/0.000040190
-152/200: 48788.742188/5408.860444/43379.882812/0.000031625
-153/200: 48787.292969/5407.761623/43379.531250/0.000029704
-154/200: 48785.382812/5406.666365/43378.714844/0.000039153
-155/200: 48783.035156/5405.577211/43377.457031/0.000048122
-156/200: 48781.085938/5404.493982/43376.593750/0.000039957
-157/200: 48779.500000/5403.415793/43376.085938/0.000032511
-158/200: 48778.082031/5402.341353/43375.742188/0.000029069
-159/200: 48775.281250/5401.273473/43374.007812/0.000057419
-160/200: 48773.390625/5400.210358/43373.179688/0.000038762
-161/200: 48772.683594/5399.150125/43373.535156/0.000014496
-162/200: 48770.667969/5398.095361/43372.574219/0.000041327
-163/200: 48768.972656/5397.044224/43371.929688/0.000034761
-164/200: 48765.601562/5396.000641/43369.601562/0.000069124
-165/200: 48764.921875/5394.959850/43369.960938/0.000013938
-166/200: 48762.621094/5393.924740/43368.695312/0.000047181
-167/200: 48761.429688/5392.890013/43368.539062/0.000024433
-168/200: 48759.605469/5391.862815/43367.742188/0.000037411
-169/200: 48757.476562/5390.840796/43366.636719/0.000043661
-170/200: 48755.382812/5389.821097/43365.562500/0.000042942
-171/200: 48753.230469/5388.809146/43364.421875/0.000044146
-172/200: 48752.589844/5387.799579/43364.789062/0.000013140
-173/200: 48749.792969/5386.793568/43363.000000/0.000057369
-174/200: 48748.011719/5385.794918/43362.218750/0.000036539
-175/200: 48747.054688/5384.796901/43362.257812/0.000019632
-176/200: 48744.054688/5383.805943/43360.250000/0.000061542
-177/200: 48742.687500/5382.818570/43359.867188/0.000028048
-178/200: 48742.085938/5381.834006/43360.250000/0.000012342
-179/200: 48739.761719/5380.851887/43358.910156/0.000047684
-180/200: 48737.546875/5379.876618/43357.671875/0.000045442
-181/200: 48735.476562/5378.906690/43356.570312/0.000042479
-182/200: 48734.945312/5377.935939/43357.007812/0.000010901
-183/200: 48731.902344/5376.972699/43354.929688/0.000062439
-184/200: 48730.414062/5376.014173/43354.398438/0.000030540
-185/200: 48728.867188/5375.057434/43353.808594/0.000031744
-186/200: 48726.867188/5374.104863/43352.761719/0.000041043
-187/200: 48726.031250/5373.155316/43352.875000/0.000017156
-188/200: 48723.847656/5372.213013/43351.632812/0.000044814
-189/200: 48721.644531/5371.270489/43350.375000/0.000045217
-190/200: 48720.152344/5370.332839/43349.820312/0.000030627
-191/200: 48718.035156/5369.400637/43348.632812/0.000043456
-192/200: 48716.851562/5368.470989/43348.378906/0.000024295
-193/200: 48714.949219/5367.543347/43347.406250/0.000039049
-194/200: 48713.207031/5366.620731/43346.585938/0.000035763
-195/200: 48710.601562/5365.704760/43344.898438/0.000053486
-196/200: 48710.265625/5364.788785/43345.476562/0.000006897
-197/200: 48708.996094/5363.873327/43345.121094/0.000026063
-198/200: 48707.023438/5362.965589/43344.058594/0.000040499
-199/200: 48705.292969/5362.058317/43343.234375/0.000035528
-200/200: 48703.648438/5361.164442/43342.484375/0.000033765
Start evaluating ...
  Columns 1 through 7

    0.0015    0.0022    0.0024    0.0028    0.0031    0.0034    0.0040

  Columns 8 through 10

    0.0043    0.0051    0.0053

   4.0760e-04

Elapsed time is 37021.270920 seconds.
