nohup: ignoring input

                            < M A T L A B (R) >
                  Copyright 1984-2016 The MathWorks, Inc.
                   R2016a (9.0.0.341360) 64-bit (glnxa64)
                             February 11, 2016

 
To get started, type one of these: helpwin, helpdesk, or demo.
For product information, visit www.mathworks.com.
 

	Academic License

Start learning ...
Init data [Dtype: delicious - Dspec: sp2/1050]
Init social model
Using adagrad ...
Load pretrained shallow-model...
Params [lbd-U: 0.1000|lbd-V: 0.1000|lbd-N: 0.1000|lbd-Q: 0.1000]
Staring Sample 2 - Loc: save/bcdl/delicious-alg61-sp2-cold20170224185237286 
CTR(chongwang)-DAE(User graph) Running - Walks(1)...
-1/200: 45461.035156/1882.938963/43578.097656/1.000000000
-2/200: 44329.957031/829.839645/43500.117188/0.024880167
-3/200: 44301.375000/785.618410/43515.757812/0.000644757
-4/200: 44275.539062/757.675003/43517.863281/0.000583186
-5/200: 44255.132812/738.318869/43516.812500/0.000460892
-6/200: 44241.429688/724.553058/43516.875000/0.000309639
-7/200: 44233.687500/714.575237/43519.113281/0.000174999
-8/200: 44226.808594/707.251489/43519.558594/0.000155513
-9/200: 44221.078125/701.824475/43519.253906/0.000129570
-10/200: 44217.363281/697.770635/43519.593750/0.000084006
-11/200: 44213.644531/694.719880/43518.925781/0.000084102
-12/200: 44210.753906/692.407737/43518.347656/0.000065379
-13/200: 44210.175781/690.642815/43519.531250/0.000013077
-14/200: 44209.433594/689.286294/43520.148438/0.000016788
-15/200: 44207.542969/688.236369/43519.304688/0.000042765
-16/200: 44206.871094/687.417702/43519.453125/0.000015198
-17/200: 44207.031250/686.775068/43520.257812/0.000003623
-18/200: 44207.898438/686.267071/43521.632812/0.000019617
-19/200: 44206.644531/685.862826/43520.781250/0.000028364
-20/200: 44206.691406/685.539021/43521.152344/0.000001060
-21/200: 44205.261719/685.278379/43519.984375/0.000032341
-22/200: 44206.539062/685.067215/43521.472656/0.000028896
-23/200: 44206.937500/684.895536/43522.042969/0.000009013
-24/200: 44207.390625/684.755336/43522.636719/0.000010250
-25/200: 44206.214844/684.640463/43521.574219/0.000026597
-26/200: 44206.335938/684.546222/43521.789062/0.000002739
-27/200: 44205.765625/684.468508/43521.296875/0.000012901
-28/200: 44207.726562/684.404452/43523.320312/0.000044359
-29/200: 44207.527344/684.351700/43523.175781/0.000004506
-30/200: 44206.867188/684.308075/43522.558594/0.000014933
-31/200: 44206.859375/684.271883/43522.585938/0.000000177
-32/200: 44207.625000/684.242016/43523.382812/0.000017319
-33/200: 44205.304688/684.217163/43521.085938/0.000052487
-34/200: 44207.628906/684.196630/43523.433594/0.000052578
-35/200: 44205.812500/684.179270/43521.632812/0.000041088
-36/200: 44207.296875/684.164733/43523.132812/0.000033579
-37/200: 44207.460938/684.152371/43523.308594/0.000003711
-38/200: 44207.023438/684.141663/43522.882812/0.000009897
-39/200: 44207.640625/684.132373/43523.507812/0.000013961
-40/200: 44207.367188/684.123967/43523.242188/0.000006185
-41/200: 44208.683594/684.116372/43524.566406/0.000029778
-42/200: 44208.886719/684.109334/43524.777344/0.000004595
-43/200: 44208.625000/684.102430/43524.523438/0.000005920
-44/200: 44208.828125/684.095661/43524.734375/0.000004595
-45/200: 44208.597656/684.089028/43524.507812/0.000005213
-46/200: 44208.609375/684.082367/43524.527344/0.000000265
-47/200: 44209.292969/684.075600/43525.218750/0.000015463
-48/200: 44209.222656/684.068750/43525.152344/0.000001590
-49/200: 44208.195312/684.061733/43524.132812/0.000023238
-50/200: 44208.625000/684.054589/43524.570312/0.000009720
-51/200: 44208.695312/684.047242/43524.648438/0.000001590
-52/200: 44210.179688/684.039857/43526.140625/0.000033577
-53/200: 44208.726562/684.032447/43524.695312/0.000032869
-54/200: 44209.363281/684.025093/43525.339844/0.000014403
-55/200: 44209.355469/684.017620/43525.335938/0.000000177
-56/200: 44209.332031/684.010116/43525.320312/0.000000530
-57/200: 44209.734375/684.002845/43525.730469/0.000009101
-58/200: 44210.246094/683.995719/43526.250000/0.000011575
-59/200: 44209.949219/683.988569/43525.960938/0.000006715
-60/200: 44210.109375/683.981538/43526.128906/0.000003623
-61/200: 44209.347656/683.974642/43525.371094/0.000017230
-62/200: 44210.699219/683.968119/43526.730469/0.000030572
-63/200: 44210.054688/683.961744/43526.093750/0.000014579
-64/200: 44211.492188/683.955546/43527.535156/0.000032515
-65/200: 44211.570312/683.949769/43527.621094/0.000001767
-66/200: 44211.390625/683.944357/43527.445312/0.000004064
-67/200: 44210.445312/683.939148/43526.507812/0.000021382
-68/200: 44210.542969/683.934195/43526.609375/0.000002209
-69/200: 44210.781250/683.929592/43526.851562/0.000005390
-70/200: 44210.738281/683.925227/43526.812500/0.000000972
-71/200: 44211.687500/683.921255/43527.765625/0.000021470
-72/200: 44211.191406/683.917424/43527.273438/0.000011221
-73/200: 44212.265625/683.913986/43528.351562/0.000024297
-74/200: 44211.820312/683.910850/43527.910156/0.000010072
-75/200: 44211.492188/683.907888/43527.585938/0.000007422
-76/200: 44212.496094/683.905217/43528.589844/0.000022707
-77/200: 44212.679688/683.902849/43528.777344/0.000004153
-78/200: 44212.718750/683.900485/43528.816406/0.000000884
-79/200: 44211.675781/683.898455/43527.777344/0.000023590
-80/200: 44211.816406/683.896592/43527.917969/0.000003181
-81/200: 44212.410156/683.894868/43528.515625/0.000013430
-82/200: 44213.179688/683.893388/43529.285156/0.000017405
-83/200: 44212.480469/683.892110/43528.589844/0.000015815
-84/200: 44212.312500/683.890825/43528.421875/0.000003799
-85/200: 44213.074219/683.889879/43529.183594/0.000017229
-86/200: 44213.128906/683.888975/43529.238281/0.000001237
-87/200: 44213.222656/683.888354/43529.335938/0.000002120
-88/200: 44213.648438/683.887841/43529.761719/0.000009630
-89/200: 44213.269531/683.887352/43529.382812/0.000008570
-90/200: 44213.625000/683.886996/43529.738281/0.000008040
-91/200: 44213.582031/683.886668/43529.695312/0.000000972
-92/200: 44214.003906/683.886566/43530.117188/0.000009542
-93/200: 44213.789062/683.886542/43529.902344/0.000004859
-94/200: 44214.503906/683.886646/43530.617188/0.000016168
-95/200: 44214.253906/683.886868/43530.367188/0.000005654
-96/200: 44213.835938/683.887204/43529.949219/0.000009453
-97/200: 44214.339844/683.887672/43530.453125/0.000011397
-98/200: 44214.644531/683.888162/43530.757812/0.000006891
-99/200: 44214.843750/683.888794/43530.953125/0.000004506
Recall at EP-100 ...
  Columns 1 through 7

    0.0250    0.0398    0.0506    0.0589    0.0661    0.0722    0.0775

  Columns 8 through 10

    0.0829    0.0874    0.0914

Mrr at EP-100 ...
    0.0068

-100/200: 44214.476562/683.889565/43530.585938/0.000008305
-101/200: 44214.289062/683.890175/43530.398438/0.000004241
-102/200: 44214.722656/683.891009/43530.832031/0.000009807
-103/200: 44215.453125/683.891948/43531.562500/0.000016521
-104/200: 44214.808594/683.892805/43530.914062/0.000014577
-105/200: 44215.417969/683.893792/43531.523438/0.000013782
-106/200: 44215.015625/683.894942/43531.121094/0.000009100
-107/200: 44215.382812/683.896088/43531.488281/0.000008305
-108/200: 44215.953125/683.897233/43532.054688/0.000012899
-109/200: 44215.406250/683.898444/43531.507812/0.000012368
-110/200: 44215.320312/683.899679/43531.421875/0.000001944
-111/200: 44216.113281/683.901158/43532.210938/0.000017934
-112/200: 44216.082031/683.902655/43532.179688/0.000000707
-113/200: 44215.910156/683.904174/43532.007812/0.000003887
-114/200: 44215.687500/683.905724/43531.781250/0.000005036
-115/200: 44216.085938/683.907368/43532.179688/0.000009011
-116/200: 44216.003906/683.908961/43532.093750/0.000001855
-117/200: 44216.585938/683.910573/43532.675781/0.000013163
-118/200: 44216.460938/683.912383/43532.546875/0.000002827
-119/200: 44216.906250/683.914107/43532.992188/0.000010071
-120/200: 44216.718750/683.915759/43532.804688/0.000004240
-121/200: 44217.140625/683.917476/43533.222656/0.000009541
-122/200: 44217.203125/683.919151/43533.285156/0.000001413
-123/200: 44216.949219/683.920971/43533.027344/0.000005742
-124/200: 44217.179688/683.922687/43533.257812/0.000005212
-125/200: 44217.281250/683.924491/43533.355469/0.000002297
-126/200: 44217.289062/683.926331/43533.363281/0.000000177
-127/200: 44217.281250/683.928290/43533.351562/0.000000177
-128/200: 44217.375000/683.930255/43533.445312/0.000002120
-129/200: 44217.437500/683.931985/43533.503906/0.000001413
-130/200: 44218.019531/683.933921/43534.085938/0.000013163
-131/200: 44217.492188/683.935887/43533.554688/0.000011926
-132/200: 44218.046875/683.937856/43534.109375/0.000012545
-133/200: 44218.187500/683.939963/43534.246094/0.000003180
-134/200: 44218.667969/683.941868/43534.726562/0.000010866
-135/200: 44217.894531/683.943926/43533.949219/0.000017491
-136/200: 44218.144531/683.945846/43534.199219/0.000005654
-137/200: 44218.738281/683.947874/43534.789062/0.000013428
-138/200: 44218.617188/683.949837/43534.667969/0.000002739
-139/200: 44218.507812/683.951766/43534.554688/0.000002474
-140/200: 44218.859375/683.953805/43534.906250/0.000007951
-141/200: 44219.031250/683.955901/43535.074219/0.000003887
-142/200: 44218.761719/683.957887/43534.804688/0.000006095
-143/200: 44219.035156/683.959946/43535.074219/0.000006184
-144/200: 44219.250000/683.961987/43535.289062/0.000004859
-145/200: 44219.472656/683.964090/43535.507812/0.000005035
-146/200: 44219.421875/683.966110/43535.457031/0.000001148
-147/200: 44219.546875/683.968129/43535.578125/0.000002827
-148/200: 44219.226562/683.970072/43535.257812/0.000007244
-149/200: 44219.625000/683.972022/43535.652344/0.000009011
-150/200: 44219.785156/683.974016/43535.812500/0.000003622
-151/200: 44219.886719/683.976088/43535.910156/0.000002297
-152/200: 44219.859375/683.978087/43535.882812/0.000000618
-153/200: 44220.000000/683.980004/43536.019531/0.000003180
-154/200: 44220.160156/683.981955/43536.179688/0.000003622
-155/200: 44220.074219/683.983930/43536.089844/0.000001943
-156/200: 44220.207031/683.985907/43536.222656/0.000003003
-157/200: 44220.687500/683.987830/43536.699219/0.000010865
-158/200: 44220.593750/683.989788/43536.605469/0.000002120
-159/200: 44220.785156/683.991813/43536.792969/0.000004328
-160/200: 44220.828125/683.993780/43536.835938/0.000000972
-161/200: 44220.507812/683.995686/43536.511719/0.000007243
-162/200: 44220.757812/683.997584/43536.761719/0.000005653
-163/200: 44221.273438/683.999493/43537.273438/0.000011660
-164/200: 44220.882812/684.001448/43536.882812/0.000008833
-165/200: 44221.417969/684.003374/43537.414062/0.000012102
-166/200: 44221.246094/684.005217/43537.242188/0.000003887
-167/200: 44221.269531/684.007081/43537.261719/0.000000530
-168/200: 44221.523438/684.008935/43537.515625/0.000005742
-169/200: 44221.503906/684.010799/43537.492188/0.000000442
-170/200: 44221.644531/684.012687/43537.632812/0.000003180
-171/200: 44221.730469/684.014486/43537.714844/0.000001943
-172/200: 44221.976562/684.016240/43537.960938/0.000005565
-173/200: 44221.753906/684.018050/43537.734375/0.000005035
-174/200: 44222.417969/684.019868/43538.398438/0.000015017
-175/200: 44221.937500/684.021619/43537.914062/0.000010865
-176/200: 44222.453125/684.023488/43538.429688/0.000011660
-177/200: 44222.636719/684.025297/43538.613281/0.000004152
-178/200: 44222.457031/684.026962/43538.429688/0.000004063
-179/200: 44222.625000/684.028664/43538.597656/0.000003798
-180/200: 44222.382812/684.030427/43538.351562/0.000005477
-181/200: 44222.906250/684.032253/43538.875000/0.000011836
-182/200: 44222.835938/684.033912/43538.800781/0.000001590
-183/200: 44223.089844/684.035617/43539.054688/0.000005742
-184/200: 44223.187500/684.037411/43539.148438/0.000002208
-185/200: 44223.386719/684.039088/43539.347656/0.000004505
-186/200: 44223.242188/684.040813/43539.203125/0.000003268
-187/200: 44223.308594/684.042398/43539.265625/0.000001502
-188/200: 44223.578125/684.044105/43539.535156/0.000006095
-189/200: 44223.683594/684.045713/43539.636719/0.000002385
-190/200: 44223.718750/684.047335/43539.671875/0.000000795
-191/200: 44223.839844/684.048979/43539.789062/0.000002738
-192/200: 44224.058594/684.050587/43540.007812/0.000004946
-193/200: 44223.980469/684.052115/43539.929688/0.000001767
-194/200: 44223.941406/684.053726/43539.886719/0.000000883
-195/200: 44224.250000/684.055386/43540.195312/0.000006978
-196/200: 44224.117188/684.056836/43540.058594/0.000003003
-197/200: 44224.214844/684.058316/43540.156250/0.000002208
-198/200: 44224.058594/684.059747/43540.000000/0.000003533
-199/200: 44224.617188/684.061192/43540.554688/0.000012631
-200/200: 44224.390625/684.061610/43540.328125/0.000005123
Start evaluating ...
  Columns 1 through 7

    0.0254    0.0408    0.0526    0.0617    0.0695    0.0767    0.0826

  Columns 8 through 10

    0.0884    0.0935    0.0976

    0.0072

Elapsed time is 37065.289921 seconds.
