nohup: ignoring input

                            < M A T L A B (R) >
                  Copyright 1984-2016 The MathWorks, Inc.
                   R2016a (9.0.0.341360) 64-bit (glnxa64)
                             February 11, 2016

 
To get started, type one of these: helpwin, helpdesk, or demo.
For product information, visit www.mathworks.com.
 

	Academic License

Start learning ...
Init data [Dtype: delicious - Dspec: sp2/0550]
Init social model
Using adagrad ...
Params [lbd-U: 10.0000|lbd-V: 100.0000|lbd-N: 10.0000|lbd-Q: 0.1000]
Staring Sample 2 - Loc: save/ctr/delicious-alg80-sp2-cold20170224185120585 
CTR(chongwang) Running ...

iter time likelihood:[r:u:v] converge
0001 000063 -2300.00000:[0.00000:0.00000:-0.00000] 1.0000000000
0002 000123 -2296.98151:[6.53971:-3.43853:-0.01033] 0.0013123875
0003 000184 -2295.94408:[8.53445:-4.38924:-0.01305] 0.0004516500
0004 000244 -2295.94993:[8.29326:-4.15505:-0.01238] 0.0000025480
Start evaluating ...
  Columns 1 through 7

    0.0002    0.0004    0.0009    0.0010    0.0014    0.0015    0.0016

  Columns 8 through 10

    0.0021    0.0024    0.0027

   2.0107e-04

Elapsed time is 348.257925 seconds.
