nohup: ignoring input

                            < M A T L A B (R) >
                  Copyright 1984-2016 The MathWorks, Inc.
                   R2016a (9.0.0.341360) 64-bit (glnxa64)
                             February 11, 2016

 
To get started, type one of these: helpwin, helpdesk, or demo.
For product information, visit www.mathworks.com.
 

	Academic License

Start learning ...
Init data [Dtype: delicious - Dspec: sp2/0550]
Init social model
Using adagrad ...
Load pretrained shallow-model...
Params [lbd-U: 1.0000|lbd-V: 0.0100|lbd-N: 1.0000|lbd-Q: 0.1000]
Staring Sample 2 - Loc: save/bcdl/delicious-alg61-sp2-cold20170224185049064 
CTR(chongwang)-DAE(User graph) Running - Walks(1)...
-1/200: 437914.843750/2133.868165/435780.968750/1.000000000
-2/200: 435699.468750/539.200079/435160.281250/0.005058917
-3/200: 435654.656250/469.073688/435185.593750/0.000102852
-4/200: 435625.531250/436.411344/435189.125000/0.000066853
-5/200: 435596.406250/418.227327/435178.187500/0.000066858
-6/200: 435586.375000/407.487681/435178.875000/0.000023029
-7/200: 435602.218750/400.935819/435201.281250/0.000036373
-8/200: 435602.937500/396.852422/435206.093750/0.000001650
-9/200: 435596.937500/394.267433/435202.656250/0.000013774
-10/200: 435599.031250/392.607087/435206.437500/0.000004807
-11/200: 435590.906250/391.527527/435199.375000/0.000018652
-12/200: 435584.062500/390.818188/435193.250000/0.000015711
-13/200: 435595.843750/390.345424/435205.500000/0.000027047
-14/200: 435601.593750/390.027573/435211.562500/0.000013200
-15/200: 435592.875000/389.813244/435203.062500/0.000020015
-16/200: 435593.781250/389.666779/435204.125000/0.000002080
-17/200: 435601.781250/389.567480/435212.218750/0.000018366
-18/200: 435615.968750/389.501662/435226.468750/0.000032570
-19/200: 435606.750000/389.461541/435217.281250/0.000021163
-20/200: 435610.437500/389.439298/435221.000000/0.000008465
-21/200: 435598.343750/389.433078/435208.906250/0.000027763
-22/200: 435613.531250/389.437952/435224.093750/0.000034866
-23/200: 435618.812500/389.452702/435229.375000/0.000012124
-24/200: 435625.656250/389.475334/435236.187500/0.000015710
-25/200: 435614.750000/389.505772/435225.250000/0.000025036
-26/200: 435616.125000/389.542446/435226.593750/0.000003156
-27/200: 435611.312500/389.583501/435221.718750/0.000011048
-28/200: 435632.437500/389.628248/435242.812500/0.000048495
-29/200: 435630.343750/389.677323/435240.656250/0.000004806
-30/200: 435624.187500/389.730569/435234.468750/0.000014132
-31/200: 435624.250000/389.785714/435234.468750/0.000000143
-32/200: 435632.468750/389.844422/435242.625000/0.000018867
-33/200: 435608.687500/389.905303/435218.781250/0.000054590
-34/200: 435632.750000/389.968519/435242.781250/0.000055239
-35/200: 435614.250000/390.032881/435224.218750/0.000042467
-36/200: 435629.500000/390.099674/435239.406250/0.000035008
-37/200: 435631.593750/390.167583/435241.437500/0.000004806
-38/200: 435626.875000/390.236433/435236.625000/0.000010832
-39/200: 435633.562500/390.306873/435243.250000/0.000015351
-40/200: 435630.406250/390.378032/435240.031250/0.000007245
-41/200: 435644.125000/390.450299/435253.687500/0.000031492
-42/200: 435646.187500/390.523129/435255.656250/0.000004734
-43/200: 435643.156250/390.596068/435252.562500/0.000006958
-44/200: 435645.312500/390.668686/435254.656250/0.000004950
-45/200: 435643.281250/390.742138/435252.531250/0.000004663
-46/200: 435643.062500/390.816246/435252.250000/0.000000502
-47/200: 435650.375000/390.890127/435259.500000/0.000016786
-48/200: 435649.656250/390.964097/435258.687500/0.000001650
-49/200: 435639.031250/391.038492/435248.000000/0.000024389
-50/200: 435644.000000/391.112576/435252.875000/0.000011406
-51/200: 435644.312500/391.185970/435253.125000/0.000000717
-52/200: 435659.156250/391.259326/435267.906250/0.000034073
-53/200: 435644.406250/391.333069/435253.062500/0.000033857
-54/200: 435651.531250/391.407033/435260.125000/0.000016355
-55/200: 435650.843750/391.479879/435259.375000/0.000001578
-56/200: 435650.843750/391.552607/435259.281250/0.000000000
-57/200: 435655.000000/391.626321/435263.375000/0.000009540
-58/200: 435660.406250/391.699472/435268.718750/0.000012409
-59/200: 435657.531250/391.772283/435265.750000/0.000006599
-60/200: 435658.906250/391.843929/435267.062500/0.000003156
-61/200: 435651.031250/391.915334/435259.125000/0.000018076
-62/200: 435665.156250/391.986822/435273.156250/0.000032423
-63/200: 435658.375000/392.057759/435266.312500/0.000015565
-64/200: 435673.031250/392.127941/435280.906250/0.000033642
-65/200: 435673.593750/392.198599/435281.406250/0.000001291
-66/200: 435672.062500/392.269073/435279.781250/0.000003515
-67/200: 435662.250000/392.338807/435269.906250/0.000022523
-68/200: 435663.406250/392.407752/435271.000000/0.000002654
-69/200: 435665.906250/392.476162/435273.437500/0.000005738
-70/200: 435665.406250/392.544061/435272.875000/0.000001148
-71/200: 435675.031250/392.612079/435282.406250/0.000022093
-72/200: 435670.156250/392.678627/435277.468750/0.000011190
-73/200: 435680.687500/392.745456/435287.937500/0.000024173
-74/200: 435676.406250/392.811957/435283.593750/0.000009827
-75/200: 435673.000000/392.877691/435280.125000/0.000007818
-76/200: 435682.937500/392.942819/435290.000000/0.000022810
-77/200: 435684.906250/393.007875/435291.906250/0.000004519
-78/200: 435684.875000/393.071495/435291.812500/0.000000072
-79/200: 435674.531250/393.135252/435281.406250/0.000023741
-80/200: 435676.312500/393.198121/435283.125000/0.000004088
-81/200: 435682.062500/393.260556/435288.812500/0.000013198
-82/200: 435689.375000/393.322633/435296.062500/0.000016784
-83/200: 435682.812500/393.384145/435289.437500/0.000015062
-84/200: 435681.218750/393.444669/435287.781250/0.000003658
-85/200: 435688.437500/393.505220/435294.937500/0.000016569
-86/200: 435688.875000/393.564794/435295.312500/0.000001004
-87/200: 435690.156250/393.624239/435296.531250/0.000002941
-88/200: 435694.125000/393.683129/435300.437500/0.000009109
-89/200: 435690.593750/393.741354/435296.843750/0.000008105
-90/200: 435694.125000/393.799179/435300.312500/0.000008105
-91/200: 435693.343750/393.855721/435299.500000/0.000001793
-92/200: 435697.531250/393.912118/435303.625000/0.000009611
-93/200: 435695.281250/393.967890/435301.312500/0.000005164
-94/200: 435702.406250/394.023114/435308.375000/0.000016353
-95/200: 435699.718750/394.077840/435305.656250/0.000006168
-96/200: 435695.906250/394.132543/435301.781250/0.000008750
-97/200: 435700.750000/394.186729/435306.562500/0.000011117
-98/200: 435703.875000/394.240089/435309.625000/0.000007172
-99/200: 435705.343750/394.293150/435311.062500/0.000003371
Recall at EP-100 ...
  Columns 1 through 7

    0.0170    0.0283    0.0379    0.0455    0.0517    0.0581    0.0635

  Columns 8 through 10

    0.0683    0.0725    0.0768

Mrr at EP-100 ...
    0.0043

-100/200: 435701.937500/394.345849/435307.593750/0.000007818
-101/200: 435700.375000/394.397273/435305.968750/0.000003586
-102/200: 435704.437500/394.448930/435310.000000/0.000009324
-103/200: 435711.218750/394.499876/435316.718750/0.000015564
-104/200: 435705.000000/394.550075/435310.437500/0.000014273
-105/200: 435710.593750/394.599832/435316.000000/0.000012838
-106/200: 435706.718750/394.649525/435312.062500/0.000008894
-107/200: 435710.593750/394.698877/435315.906250/0.000008894
-108/200: 435715.437500/394.747159/435320.687500/0.000011117
-109/200: 435710.687500/394.795163/435315.906250/0.000010902
-110/200: 435709.562500/394.842666/435314.718750/0.000002582
-111/200: 435717.687500/394.890319/435322.812500/0.000018648
-112/200: 435717.093750/394.937420/435322.156250/0.000001363
-113/200: 435715.093750/394.983972/435320.125000/0.000004590
-114/200: 435713.375000/395.030214/435318.343750/0.000003945
-115/200: 435717.187500/395.076015/435322.125000/0.000008750
-116/200: 435716.187500/395.121160/435321.062500/0.000002295
-117/200: 435721.562500/395.165721/435326.406250/0.000012336
-118/200: 435720.750000/395.210573/435325.531250/0.000001865
-119/200: 435724.750000/395.254372/435329.500000/0.000009180
-120/200: 435722.718750/395.297556/435327.406250/0.000004662
-121/200: 435726.750000/395.340029/435331.406250/0.000009252
-122/200: 435727.750000/395.382254/435332.375000/0.000002295
-123/200: 435725.250000/395.424438/435329.812500/0.000005738
-124/200: 435726.906250/395.465584/435331.437500/0.000003801
-125/200: 435728.156250/395.506533/435332.656250/0.000002869
-126/200: 435728.343750/395.547261/435332.781250/0.000000430
-127/200: 435728.312500/395.587920/435332.718750/0.000000072
Start evaluating ...
  Columns 1 through 7

    0.0169    0.0281    0.0382    0.0454    0.0516    0.0585    0.0636

  Columns 8 through 10

    0.0685    0.0728    0.0768

    0.0043

Elapsed time is 23639.140127 seconds.
