nohup: ignoring input

                            < M A T L A B (R) >
                  Copyright 1984-2016 The MathWorks, Inc.
                   R2016a (9.0.0.341360) 64-bit (glnxa64)
                             February 11, 2016

 
To get started, type one of these: helpwin, helpdesk, or demo.
For product information, visit www.mathworks.com.
 

	Academic License

Start learning ...
Init data [Dtype: delicious - Dspec: sp2/1050]
Init social model
Using adagrad ...
Load pretrained shallow-model...
Params [lbd-U: 0.0100|lbd-V: 10.0000|lbd-N: 0.0100|lbd-Q: 0.1000]
Staring Sample 2 - Loc: save/bcdl/delicious-alg61-sp2-cold20170224185235443 
CTR(chongwang)-DAE(User graph) Running - Walks(1)...
-1/200: 5913.060547/1555.251135/4357.809570/1.000000000
-2/200: 6011.087891/1661.481418/4349.606445/0.016578106
-3/200: 5983.776855/1634.671067/4349.105957/0.004543443
-4/200: 5941.097656/1592.256978/4348.840820/0.007132485
-5/200: 5907.246582/1558.728776/4348.517578/0.005697781
-6/200: 5880.705078/1532.362830/4348.342285/0.004493041
-7/200: 5860.771484/1512.368926/4348.402344/0.003389661
-8/200: 5846.186035/1497.906261/4348.279785/0.002488657
-9/200: 5836.038086/1487.962065/4348.076172/0.001735824
-10/200: 5829.486816/1481.527358/4347.959473/0.001122554
-11/200: 5825.486328/1477.739359/4347.747070/0.000686251
-12/200: 5823.434082/1475.911613/4347.522461/0.000352288
-13/200: 5823.001953/1475.520094/4347.481934/0.000074205
-14/200: 5823.545410/1476.176998/4347.368652/0.000093329
-15/200: 5824.717773/1477.600310/4347.117676/0.000201314
-16/200: 5826.570801/1479.577549/4346.993164/0.000318132
-17/200: 5828.871582/1481.953739/4346.917969/0.000394877
-18/200: 5831.540039/1484.613325/4346.926758/0.000457800
-19/200: 5834.141113/1487.471608/4346.669434/0.000446036
-20/200: 5837.011719/1490.458151/4346.553711/0.000492036
-21/200: 5839.771973/1493.523737/4346.248047/0.000472888
-22/200: 5842.895020/1496.624551/4346.270508/0.000534789
-23/200: 5845.880371/1499.725478/4346.154785/0.000510937
-24/200: 5848.862305/1502.797293/4346.064941/0.000510091
-25/200: 5851.622070/1505.818994/4345.803223/0.000471847
-26/200: 5854.400391/1508.768122/4345.632324/0.000474795
-27/200: 5857.085938/1511.628141/4345.458008/0.000458723
-28/200: 5859.862305/1514.385480/4345.477051/0.000474019
-29/200: 5862.405762/1517.027933/4345.377930/0.000434047
-30/200: 5864.685059/1519.547553/4345.137695/0.000388799
-31/200: 5866.934570/1521.937507/4344.997070/0.000383569
-32/200: 5869.053711/1524.192645/4344.860840/0.000361201
-33/200: 5870.815918/1526.310414/4344.505371/0.000300254
-34/200: 5872.876953/1528.287046/4344.589844/0.000351065
-35/200: 5874.382812/1530.123390/4344.259277/0.000256409
-36/200: 5876.070801/1531.818724/4344.251953/0.000287347
-37/200: 5877.482910/1533.376243/4344.106445/0.000240315
-38/200: 5878.699219/1534.795404/4343.903809/0.000206944
-39/200: 5879.911621/1536.081375/4343.830078/0.000206236
-40/200: 5880.888184/1537.236644/4343.651367/0.000166085
-41/200: 5881.848145/1538.266429/4343.581543/0.000163234
-42/200: 5882.588867/1539.172925/4343.416016/0.000125934
-43/200: 5883.253418/1539.962084/4343.291504/0.000112969
-44/200: 5883.828125/1540.636506/4343.191406/0.000097685
-45/200: 5884.147461/1541.203866/4342.943359/0.000054273
-46/200: 5884.538574/1541.667698/4342.871094/0.000066469
-47/200: 5884.829102/1542.035926/4342.792969/0.000049371
-48/200: 5884.906250/1542.315125/4342.591309/0.000013110
-49/200: 5884.875488/1542.513160/4342.362305/0.000005227
-50/200: 5884.903320/1542.636978/4342.266113/0.000004729
-51/200: 5884.895996/1542.693911/4342.202148/0.000001245
-52/200: 5884.875488/1542.689700/4342.185547/0.000003485
-53/200: 5884.510254/1542.631933/4341.878418/0.000062063
-54/200: 5884.218262/1542.526984/4341.691406/0.000049620
-55/200: 5884.040039/1542.379435/4341.660645/0.000030288
-56/200: 5883.714355/1542.195787/4341.518555/0.000055350
-57/200: 5883.229980/1541.981752/4341.248047/0.000082325
-58/200: 5882.925781/1541.741825/4341.184082/0.000051706
-59/200: 5882.472656/1541.481000/4340.991699/0.000077024
-60/200: 5882.173340/1541.201744/4340.971680/0.000050883
-61/200: 5881.696777/1540.908162/4340.788574/0.000081018
-62/200: 5881.337402/1540.604598/4340.732910/0.000061101
-63/200: 5880.808594/1540.292564/4340.516113/0.000089913
-64/200: 5880.566895/1539.975719/4340.591309/0.000041100
-65/200: 5880.009766/1539.655932/4340.354004/0.000094741
-66/200: 5879.395996/1539.334068/4340.062012/0.000104382
-67/200: 5878.880859/1539.012540/4339.868164/0.000087617
-68/200: 5878.432129/1538.691986/4339.740234/0.000076329
-69/200: 5878.090820/1538.372904/4339.717773/0.000058061
-70/200: 5877.640625/1538.056305/4339.584473/0.000076589
-71/200: 5877.148438/1537.743398/4339.405273/0.000083739
-72/200: 5876.803711/1537.432712/4339.371094/0.000058655
-73/200: 5876.246582/1537.125456/4339.121094/0.000094801
-74/200: 5875.892578/1536.821828/4339.070801/0.000060243
-75/200: 5875.358398/1536.521183/4338.837402/0.000090910
-76/200: 5875.048828/1536.223507/4338.825195/0.000052690
-77/200: 5874.552246/1535.928907/4338.623535/0.000084524
-78/200: 5874.232422/1535.637156/4338.595215/0.000054442
-79/200: 5873.613281/1535.348050/4338.265137/0.000105399
-80/200: 5873.208984/1535.062332/4338.146484/0.000068833
-81/200: 5872.828613/1534.778619/4338.049805/0.000064764
-82/200: 5872.524902/1534.497525/4338.027344/0.000051715
-83/200: 5871.982910/1534.218917/4337.764160/0.000092293
-84/200: 5871.657715/1533.943656/4337.713867/0.000055381
-85/200: 5871.184570/1533.669394/4337.515137/0.000080581
-86/200: 5870.743652/1533.398511/4337.345215/0.000075099
-87/200: 5870.375488/1533.129501/4337.246094/0.000062712
-88/200: 5870.058105/1532.863333/4337.194824/0.000054065
-89/200: 5869.539062/1532.598833/4336.940430/0.000088422
-90/200: 5869.232422/1532.336684/4336.895508/0.000052243
-91/200: 5868.912598/1532.076361/4336.836426/0.000054492
-92/200: 5868.486328/1531.818091/4336.668457/0.000072632
-93/200: 5868.075195/1531.561359/4336.513672/0.000070058
-94/200: 5867.748535/1531.307358/4336.441406/0.000055667
-95/200: 5867.277344/1531.055426/4336.221680/0.000080302
-96/200: 5866.787598/1530.804446/4335.982910/0.000083471
-97/200: 5866.416504/1530.556360/4335.860352/0.000063253
-98/200: 5866.124023/1530.310045/4335.813965/0.000049857
-99/200: 5865.851074/1530.064719/4335.786133/0.000046530
Recall at EP-100 ...
  Columns 1 through 7

    0.0078    0.0080    0.0082    0.0084    0.0091    0.0096    0.0100

  Columns 8 through 10

    0.0103    0.0106    0.0108

Mrr at EP-100 ...
    0.0025

-100/200: 5865.230469/1529.821499/4335.409180/0.000105800
-101/200: 5865.102051/1529.579596/4335.522461/0.000021895
-102/200: 5864.533691/1529.339759/4335.193848/0.000096905
-103/200: 5864.307617/1529.101908/4335.205566/0.000038549
-104/200: 5863.994141/1528.864853/4335.129395/0.000053455
-105/200: 5863.655762/1528.629629/4335.026367/0.000057705
-106/200: 5863.068359/1528.395987/4334.672363/0.000100177
-107/200: 5862.778320/1528.163980/4334.614258/0.000049469
-108/200: 5862.596680/1527.933131/4334.663574/0.000030982
-109/200: 5862.038574/1527.703857/4334.334961/0.000095198
-110/200: 5861.718750/1527.475778/4334.243164/0.000054559
-111/200: 5861.197266/1527.250123/4333.947266/0.000088964
-112/200: 5860.855957/1527.024856/4333.831055/0.000058232
-113/200: 5860.481445/1526.800731/4333.680664/0.000063901
-114/200: 5860.150879/1526.579397/4333.571289/0.000056406
-115/200: 5859.725098/1526.358786/4333.366211/0.000072657
-116/200: 5859.450195/1526.139155/4333.311035/0.000046914
-117/200: 5859.279297/1525.921001/4333.358398/0.000029166
-118/200: 5858.782715/1525.704181/4333.078613/0.000084751
-119/200: 5858.638184/1525.488474/4333.149902/0.000024669
-120/200: 5858.120605/1525.273556/4332.847168/0.000088344
-121/200: 5857.824219/1525.060227/4332.764160/0.000050594
-122/200: 5857.522461/1524.848061/4332.674316/0.000051514
-123/200: 5857.053711/1524.636861/4332.416992/0.000080025
-124/200: 5856.874512/1524.427165/4332.447266/0.000030595
-125/200: 5856.607910/1524.218929/4332.389160/0.000045519
-126/200: 5856.184082/1524.010936/4332.173340/0.000072368
-127/200: 5855.612305/1523.804520/4331.807617/0.000097637
-128/200: 5855.112793/1523.599491/4331.513184/0.000085305
-129/200: 5855.217773/1523.395423/4331.822266/0.000017930
-130/200: 5854.822266/1523.191478/4331.630859/0.000067548
-131/200: 5854.115723/1522.989722/4331.125977/0.000120677
-132/200: 5853.826660/1522.788652/4331.038086/0.000049378
-133/200: 5853.672363/1522.589271/4331.083008/0.000026358
-134/200: 5853.392090/1522.390207/4331.001953/0.000047880
-135/200: 5852.808594/1522.193130/4330.615234/0.000099685
-136/200: 5852.766113/1521.995802/4330.770508/0.000007258
-137/200: 5852.479004/1521.799698/4330.679199/0.000049055
-138/200: 5852.177734/1521.604730/4330.573242/0.000051477
-139/200: 5851.793457/1521.410378/4330.383301/0.000065664
-140/200: 5851.307617/1521.217016/4330.090820/0.000083024
-141/200: 5850.888672/1521.025823/4329.862793/0.000071599
-142/200: 5850.667480/1520.834508/4329.833008/0.000037805
-143/200: 5850.346191/1520.644496/4329.701660/0.000054915
-144/200: 5850.167969/1520.454867/4329.712891/0.000030464
-145/200: 5849.612305/1520.266566/4329.345703/0.000094983
-146/200: 5849.525879/1520.078984/4329.446777/0.000014775
-147/200: 5849.038086/1519.892114/4329.145996/0.000083390
-148/200: 5848.987305/1519.706157/4329.281250/0.000008682
-149/200: 5848.590332/1519.521311/4329.068848/0.000067870
-150/200: 5848.084473/1519.336660/4328.748047/0.000086493
-151/200: 5847.748535/1519.153427/4328.595215/0.000057444
-152/200: 5847.446777/1518.971301/4328.475586/0.000051602
-153/200: 5847.257324/1518.789921/4328.467285/0.000032399
-154/200: 5846.987793/1518.608552/4328.379395/0.000046095
-155/200: 5846.589355/1518.428324/4328.161133/0.000068144
-156/200: 5846.252441/1518.248832/4328.003418/0.000057626
-157/200: 5845.907715/1518.070629/4327.836914/0.000058965
-158/200: 5845.684082/1517.893079/4327.791016/0.000038255
-159/200: 5845.235840/1517.716275/4327.519531/0.000076679
-160/200: 5845.064941/1517.539882/4327.524902/0.000029237
-161/200: 5844.836426/1517.364752/4327.471680/0.000039095
-162/200: 5844.632812/1517.190131/4327.442871/0.000034836
-163/200: 5844.247559/1517.016000/4327.231445/0.000065916
-164/200: 5843.711914/1516.842877/4326.869141/0.000091653
-165/200: 5843.622559/1516.669942/4326.952637/0.000015291
-166/200: 5843.181641/1516.498652/4326.683105/0.000075453
-167/200: 5842.974121/1516.326992/4326.646973/0.000035515
-168/200: 5842.645508/1516.156072/4326.489258/0.000056241
-169/200: 5842.307129/1515.986765/4326.320312/0.000057915
-170/200: 5841.887207/1515.816964/4326.070312/0.000071876
-171/200: 5841.630859/1515.649055/4325.981934/0.000043881
-172/200: 5841.580078/1515.481369/4326.098633/0.000008693
-173/200: 5841.100098/1515.313717/4325.786621/0.000082166
-174/200: 5840.623047/1515.148176/4325.475098/0.000081671
-175/200: 5840.650879/1514.981780/4325.668945/0.000004765
-176/200: 5839.920898/1514.817358/4325.103516/0.000124983
-177/200: 5839.917969/1514.652778/4325.265137/0.000000502
-178/200: 5839.651367/1514.488993/4325.162598/0.000045652
-179/200: 5839.565430/1514.325407/4325.240234/0.000014716
-180/200: 5839.148438/1514.162768/4324.985840/0.000071408
-181/200: 5838.626953/1514.000947/4324.625977/0.000089308
-182/200: 5838.464844/1513.839238/4324.625488/0.000027765
-183/200: 5838.000488/1513.678294/4324.322266/0.000079534
-184/200: 5837.633301/1513.518255/4324.115234/0.000062896
-185/200: 5837.568848/1513.359214/4324.209473/0.000011041
-186/200: 5837.253418/1513.200048/4324.053223/0.000054034
-187/200: 5836.994141/1513.041525/4323.952637/0.000044418
-188/200: 5836.777832/1512.884359/4323.893555/0.000037058
-189/200: 5836.261719/1512.726505/4323.535156/0.000088424
-190/200: 5836.086426/1512.569537/4323.517090/0.000030035
-191/200: 5835.784668/1512.413796/4323.371094/0.000051706
-192/200: 5835.500000/1512.258287/4323.241699/0.000048780
-193/200: 5835.203613/1512.102591/4323.101074/0.000050790
-194/200: 5834.666504/1511.948015/4322.718262/0.000092046
-195/200: 5834.449707/1511.794665/4322.655273/0.000037157
-196/200: 5834.157227/1511.641192/4322.516113/0.000050130
-197/200: 5834.185059/1511.488110/4322.696777/0.000004771
-198/200: 5834.078125/1511.335467/4322.742676/0.000018329
-199/200: 5833.674805/1511.183722/4322.491211/0.000069132
-200/200: 5833.475586/1511.029214/4322.446289/0.000034150
Start evaluating ...
  Columns 1 through 7

    0.0085    0.0096    0.0103    0.0106    0.0111    0.0116    0.0119

  Columns 8 through 10

    0.0122    0.0125    0.0127

    0.0028

Elapsed time is 37202.691993 seconds.
