nohup: ignoring input

                            < M A T L A B (R) >
                  Copyright 1984-2016 The MathWorks, Inc.
                   R2016a (9.0.0.341360) 64-bit (glnxa64)
                             February 11, 2016

 
To get started, type one of these: helpwin, helpdesk, or demo.
For product information, visit www.mathworks.com.
 

	Academic License

Start learning ...
Init data [Dtype: delicious - Dspec: sp2/1050]
Init social model
Using adagrad ...
Could not use CUDA
Params [lbd-U: 1.0000|lbd-V: 100.0000|lbd-N: 1.0000|lbd-Q: 0.1000]
Staring Sample 2 - Loc: save/ctr/delicious-alg80-sp2-cold20170224191130594 
CTR(chongwang) Running ...

iter time likelihood:[r:u:v] converge
0001 000132 -5099.00000:[0.00000:0.00000:-0.00000] 1.0000000000
0002 000255 -4979.94101:[251.20868:-85.18813:-3.66162] 0.0233494777
0003 000375 -4956.77207:[299.84271:-106.97568:-5.03811] 0.0046524535
0004 000496 -4956.91359:[297.58451:-104.99475:-4.92770] 0.0000285507
0005 000619 -4958.80067:[292.34045:-101.94853:-4.72643] 0.0003806963
0006 000729 -4960.43879:[288.18709:-99.67244:-4.57361] 0.0003303474
0007 000836 -4961.83992:[284.80286:-97.87964:-4.45318] 0.0002824595
0008 000943 -4963.06600:[281.92951:-96.39120:-4.35327] 0.0002471028
0009 001056 -4964.15742:[279.41492:-95.10537:-4.26697] 0.0002199086
0010 001165 -4965.13880:[277.17416:-93.96736:-4.19057] 0.0001976919
0011 001271 -4966.02635:[275.15727:-92.94658:-4.12200] 0.0001787570
0012 001376 -4966.83205:[273.33143:-92.02422:-4.05998] 0.0001622431
0013 001466 -4967.56554:[271.67243:-91.18716:-4.00365] 0.0001476770
0014 001562 -4968.23486:[270.16084:-90.42516:-3.95233] 0.0001347391
0015 001654 -4968.84686:[268.78043:-89.72979:-3.90546] 0.0001231823
0016 001745 -4969.40739:[267.51744:-89.09393:-3.86257] 0.0001128073
0017 001839 -4969.92146:[266.36008:-88.51149:-3.82326] 0.0001034473
0018 001929 -4970.39341:[265.29822:-87.97724:-3.78718] 0.0000949624
0019 002017 -4970.82701:[264.32310:-87.48669:-3.75404] 0.0000872360
0020 002099 -4971.22553:[263.42711:-87.03595:-3.72357] 0.0000801708
0021 002190 -4971.59183:[262.60362:-86.62159:-3.69555] 0.0000736848
0022 002275 -4971.92845:[261.84678:-86.24066:-3.66979] 0.0000677098
0023 002369 -4972.23766:[261.15140:-85.89050:-3.64610] 0.0000621913
0024 002456 -4972.52150:[260.51285:-85.56879:-3.62434] 0.0000570848
0025 002542 -4972.78183:[259.92691:-85.27340:-3.60435] 0.0000523524
0026 002622 -4973.02033:[259.38976:-85.00240:-3.58602] 0.0000479610
0027 002702 -4973.23856:[258.89791:-84.75405:-3.56921] 0.0000438827
0028 002782 -4973.43796:[258.44813:-84.52674:-3.55384] 0.0000400949
0029 002864 -4973.61989:[258.03741:-84.31898:-3.53979] 0.0000365798
0030 002945 -4973.78562:[257.66292:-84.12936:-3.52698] 0.0000333224
0031 003026 -4973.93636:[257.32198:-83.95656:-3.51530] 0.0000303078
0032 003111 -4974.07325:[257.01208:-83.79933:-3.50468] 0.0000275208
0033 003191 -4974.19734:[256.73087:-83.65650:-3.49504] 0.0000249469
0034 003275 -4974.30962:[256.47615:-83.52698:-3.48631] 0.0000225726
0035 003353 -4974.41102:[256.24584:-83.40974:-3.47840] 0.0000203854
0036 003434 -4974.50242:[256.03801:-83.30382:-3.47127] 0.0000183732
0037 003516 -4974.58462:[255.85085:-83.20831:-3.46483] 0.0000165248
0038 003598 -4974.65839:[255.68266:-83.12236:-3.45905] 0.0000148304
0039 003678 -4974.72446:[255.53183:-83.04520:-3.45386] 0.0000132813
0040 003759 -4974.78352:[255.39684:-82.97605:-3.44921] 0.0000118712
0041 003841 -4974.83623:[255.27625:-82.91422:-3.44506] 0.0000105949
0042 003922 -4974.88322:[255.16865:-82.85900:-3.44135] 0.0000094460
Start evaluating ...
  Columns 1 through 7

    0.0025    0.0051    0.0063    0.0073    0.0082    0.0088    0.0093

  Columns 8 through 10

    0.0101    0.0107    0.0112

   6.6258e-04

Elapsed time is 3991.469767 seconds.
