nohup: ignoring input

                            < M A T L A B (R) >
                  Copyright 1984-2016 The MathWorks, Inc.
                   R2016a (9.0.0.341360) 64-bit (glnxa64)
                             February 11, 2016

 
To get started, type one of these: helpwin, helpdesk, or demo.
For product information, visit www.mathworks.com.
 

	Academic License

Start learning ...
Init data [Dtype: delicious - Dspec: sp2/5050]
Init social model
Using adagrad ...
Load pretrained shallow-model...
Could not use CUDA
Params [lbd-U: 0.1000|lbd-V: 100.0000|lbd-N: 0.1000|lbd-Q: 0.0100]
Staring Sample 2 - Loc: save/bcdl/delicious-alg61-sp2-cold20170227105048702 
CTR(chongwang)-DAE(User graph) Running - Walks(1)...
-1/200: 64697.028895/21118.930790/43578.098105/1.000000000
-2/200: 62881.490011/19383.539948/43497.950063/0.028062168
-3/200: 62249.580210/18755.550728/43494.029482/0.010049218
-4/200: 61854.896655/18363.104666/43491.791989/0.006340341
-5/200: 61596.295804/18107.323369/43488.972435/0.004180766
-6/200: 61425.577639/17938.099435/43487.478204/0.002771565
-7/200: 61318.096501/17829.853856/43488.242645/0.001749778
-8/200: 61252.849931/17765.590719/43487.259212/0.001064067
-9/200: 61217.676300/17732.334176/43485.342124/0.000574237
-10/200: 61204.821721/17720.337775/43484.483946/0.000209981
-11/200: 61205.249814/17722.710934/43482.538880/0.000006994
-12/200: 61215.081251/17734.684212/43480.397039/0.000160631
-13/200: 61233.309642/17752.981487/43480.328155/0.000297776
-14/200: 61254.854759/17775.386188/43479.468571/0.000351853
-15/200: 61277.443114/17800.414632/43477.028482/0.000368760
-16/200: 61303.018875/17826.989510/43476.029365/0.000417376
-17/200: 61329.923562/17854.375227/43475.548335/0.000438880
-18/200: 61357.710235/17882.047827/43475.662408/0.000453069
-19/200: 61383.031890/17909.648811/43473.383079/0.000412689
-20/200: 61409.392399/17936.866141/43472.526258/0.000429443
-21/200: 61433.369038/17963.516567/43469.852471/0.000390439
-22/200: 61459.410370/17989.421575/43469.988795/0.000423896
-23/200: 61483.258337/18014.445701/43468.812636/0.000388028
-24/200: 61506.737702/18038.483135/43468.254567/0.000381882
-25/200: 61527.353228/18061.482796/43465.870432/0.000335175
-26/200: 61547.827976/18083.361088/43464.466888/0.000332775
-27/200: 61566.931755/18104.084281/43462.847474/0.000310389
-28/200: 61587.157644/18123.619532/43463.538112/0.000328519
-29/200: 61604.069909/18141.948031/43462.121878/0.000274607
-30/200: 61619.120561/18159.066191/43460.054370/0.000244313
-31/200: 61634.104979/18174.974950/43459.130029/0.000243178
-32/200: 61648.013094/18189.679148/43458.333946/0.000225656
-33/200: 61658.368190/18203.191768/43455.176422/0.000167971
-34/200: 61671.244332/18215.524389/43455.719943/0.000208830
-35/200: 61679.518593/18226.709846/43452.808747/0.000134167
-36/200: 61689.525804/18236.771347/43452.754457/0.000162245
-37/200: 61697.238985/18245.750413/43451.488572/0.000125032
-38/200: 61703.288027/18253.663333/43449.624694/0.000098044
-39/200: 61709.838700/18260.565476/43449.273224/0.000106164
-40/200: 61714.273436/18266.482946/43447.790490/0.000071864
-41/200: 61718.802592/18271.475876/43447.326716/0.000073389
-42/200: 61721.747170/18275.572313/43446.174857/0.000047710
-43/200: 61723.888221/18278.825669/43445.062552/0.000034689
-44/200: 61725.269563/18281.273788/43443.995775/0.000022379
-45/200: 61725.234715/18282.987433/43442.247282/0.000000565
-46/200: 61725.058947/18283.997834/43441.061113/0.000002848
-47/200: 61725.122583/18284.369897/43440.752686/0.000001031
-48/200: 61723.217328/18284.159267/43439.058061/0.000030867
-49/200: 61720.516351/18283.425082/43437.091269/0.000043760
-50/200: 61718.369475/18282.214538/43436.154937/0.000034784
-51/200: 61716.065513/18280.584656/43435.480857/0.000037330
-52/200: 61714.181058/18278.581145/43435.599913/0.000030534
-53/200: 61709.114063/18276.262389/43432.851674/0.000082104
-54/200: 61705.186676/18273.669839/43431.516837/0.000063644
-55/200: 61701.790965/18270.850713/43430.940252/0.000055031
-56/200: 61697.576925/18267.844581/43429.732344/0.000068297
-57/200: 61692.876858/18264.696670/43428.180188/0.000076179
-58/200: 61688.415556/18261.437611/43426.977945/0.000072315
-59/200: 61683.638535/18258.106083/43425.532452/0.000077438
-60/200: 61680.047621/18254.715171/43425.332450/0.000058215
-61/200: 61674.668807/18251.296413/43423.372394/0.000087205
-62/200: 61671.631754/18247.870930/43423.760824/0.000049243
-63/200: 61665.801652/18244.449379/43421.352273/0.000094535
-64/200: 61663.403371/18241.053768/43422.349603/0.000038892
-65/200: 61657.536767/18237.690579/43419.846188/0.000095139
-66/200: 61652.235524/18234.356645/43417.878879/0.000085979
-67/200: 61647.350880/18231.071841/43416.279039/0.000079229
-68/200: 61643.023032/18227.826332/43415.196700/0.000070203
-69/200: 61639.046759/18224.632996/43414.413763/0.000064505
-70/200: 61635.387015/18221.487555/43413.899460/0.000059374
-71/200: 61630.781214/18218.392192/43412.389022/0.000074727
-72/200: 61626.863092/18215.342193/43411.520899/0.000063574
-73/200: 61622.395432/18212.340790/43410.054642/0.000072495
-74/200: 61618.593829/18209.386910/43409.206919/0.000061692
-75/200: 61614.649229/18206.474098/43408.175131/0.000064016
-76/200: 61610.489640/18203.597625/43406.892015/0.000067510
-77/200: 61606.707292/18200.769086/43405.938206/0.000061391
-78/200: 61603.720348/18197.971743/43405.748605/0.000048484
-79/200: 61597.896562/18195.214715/43402.681847/0.000094536
-80/200: 61594.544870/18192.495443/43402.049427/0.000054412
-81/200: 61591.194503/18189.804687/43401.389816/0.000054394
-82/200: 61587.858580/18187.150359/43400.708221/0.000054162
-83/200: 61583.029219/18184.525323/43398.503896/0.000078414
-84/200: 61579.015299/18181.931337/43397.083962/0.000065179
-85/200: 61575.705679/18179.367678/43396.338001/0.000053746
-86/200: 61572.238751/18176.835391/43395.403360/0.000056304
-87/200: 61569.110902/18174.326560/43394.784342/0.000050800
-88/200: 61565.873397/18171.845894/43394.027503/0.000052583
-89/200: 61561.181735/18169.393030/43391.788705/0.000076206
-90/200: 61558.256119/18166.964100/43391.292019/0.000047524
-91/200: 61555.784780/18164.553725/43391.231055/0.000040146
-92/200: 61551.747378/18162.170721/43389.576657/0.000065589
-93/200: 61547.775208/18159.810478/43387.964730/0.000064534
-94/200: 61545.730736/18157.473807/43388.256929/0.000033218
-95/200: 61541.138539/18155.159327/43385.979212/0.000074614
-96/200: 61536.823997/18152.864476/43383.959521/0.000070108
-97/200: 61534.206388/18150.595950/43383.610438/0.000042537
-98/200: 61530.594400/18148.345084/43382.249316/0.000058699
-99/200: 61528.268283/18146.112216/43382.156067/0.000037804
Recall at EP-100 ...
  Columns 1 through 7

    0.0742    0.1190    0.1388    0.1474    0.1510    0.1543    0.1564

  Columns 8 through 10

    0.1582    0.1598    0.1614

Mrr at EP-100 ...
    0.0130

-100/200: 61523.715600/18143.898881/43379.816719/0.000073993
-101/200: 61520.621162/18141.703005/43378.918157/0.000050297
-102/200: 61517.020985/18139.527700/43377.493285/0.000058520
-103/200: 61514.417332/18137.369320/43377.048012/0.000042324
-104/200: 61511.350501/18135.229025/43376.121476/0.000049855
-105/200: 61508.965258/18133.101285/43375.863973/0.000038777
-106/200: 61504.266657/18130.995089/43373.271568/0.000076389
-107/200: 61500.953618/18128.904098/43372.049520/0.000053867
-108/200: 61499.764332/18126.829526/43372.934806/0.000019338
-109/200: 61495.334821/18124.765497/43370.569324/0.000072025
-110/200: 61492.281348/18122.719902/43369.561446/0.000049654
-111/200: 61488.494850/18120.693292/43367.801558/0.000061577
-112/200: 61485.641997/18118.679258/43366.962739/0.000046397
-113/200: 61481.851499/18116.678437/43365.173062/0.000061649
-114/200: 61478.693573/18114.695841/43363.997732/0.000051364
-115/200: 61475.354430/18112.726920/43362.627510/0.000054314
-116/200: 61472.515917/18110.766751/43361.749166/0.000046173
-117/200: 61470.563987/18108.823168/43361.740819/0.000031753
-118/200: 61466.640865/18106.891229/43359.749636/0.000063821
-119/200: 61463.912281/18104.975668/43358.936613/0.000044391
-120/200: 61461.193400/18103.067866/43358.125534/0.000044235
-121/200: 61458.683306/18101.173676/43357.509630/0.000040840
-122/200: 61455.095330/18099.288870/43355.806460/0.000058380
-123/200: 61451.133287/18097.421088/43353.712199/0.000064471
-124/200: 61450.449634/18095.564634/43354.885000/0.000011125
-125/200: 61446.700412/18093.720065/43352.980347/0.000061012
-126/200: 61442.623985/18091.884922/43350.739063/0.000066341
-127/200: 61439.611834/18090.065847/43349.545987/0.000049024
-128/200: 61436.124813/18088.257723/43347.867090/0.000056755
-129/200: 61435.684214/18086.454173/43349.230041/0.000007172
-130/200: 61431.956697/18084.665875/43347.290822/0.000060673
-131/200: 61428.546432/18082.890163/43345.656269/0.000055513
-132/200: 61425.064034/18081.123048/43343.940986/0.000056690
-133/200: 61421.962271/18079.367065/43342.595206/0.000050497
-134/200: 61419.780604/18077.623111/43342.157493/0.000035519
-135/200: 61416.732308/18075.891789/43340.840519/0.000049631
-136/200: 61414.313097/18074.161660/43340.151437/0.000039390
-137/200: 61411.823151/18072.446784/43339.376367/0.000040543
-138/200: 61409.229051/18070.741249/43338.487802/0.000042241
-139/200: 61407.057296/18069.044458/43338.012838/0.000035365
-140/200: 61402.775939/18067.352497/43335.423442/0.000069721
-141/200: 61398.630536/18065.682433/43332.948103/0.000067512
-142/200: 61398.053176/18064.012404/43334.040772/0.000009403
-143/200: 61393.479436/18062.355364/43331.124072/0.000074493
-144/200: 61392.827990/18060.704594/43332.123396/0.000010611
-145/200: 61388.138091/18059.065001/43329.073090/0.000076392
-146/200: 61387.492404/18057.434943/43330.057461/0.000010518
-147/200: 61383.809666/18055.807294/43328.002372/0.000059992
-148/200: 61381.650892/18054.193733/43327.457159/0.000035168
-149/200: 61378.713812/18052.584679/43326.129133/0.000047849
-150/200: 61375.904097/18050.985498/43324.918599/0.000045777
-151/200: 61371.632358/18049.396996/43322.235362/0.000069600
-152/200: 61370.360774/18047.816941/43322.543833/0.000020719
-153/200: 61368.601801/18046.246616/43322.355185/0.000028662
-154/200: 61365.635646/18044.676120/43320.959526/0.000048333
-155/200: 61362.406982/18043.118409/43319.288573/0.000052614
-156/200: 61359.264628/18041.570692/43317.693936/0.000051210
-157/200: 61357.259262/18040.027952/43317.231310/0.000032682
-158/200: 61355.333204/18038.494436/43316.838768/0.000031391
-159/200: 61351.611964/18036.971785/43314.640179/0.000060651
-160/200: 61349.212514/18035.452227/43313.760287/0.000039110
-161/200: 61347.713537/18033.940097/43313.773440/0.000024434
-162/200: 61345.236736/18032.434937/43312.801799/0.000040373
-163/200: 61342.025525/18030.936992/43311.088533/0.000052347
-164/200: 61338.229271/18029.447613/43308.781658/0.000061887
-165/200: 61336.677423/18027.963884/43308.713539/0.000025300
-166/200: 61333.090398/18026.490327/43306.600071/0.000058481
-167/200: 61331.714199/18025.017257/43306.696942/0.000022438
-168/200: 61329.357828/18023.554154/43305.803674/0.000038420
-169/200: 61326.146633/18022.099386/43304.047247/0.000052360
-170/200: 61323.400642/18020.648115/43302.752527/0.000044777
-171/200: 61320.757678/18019.208409/43301.549269/0.000043099
-172/200: 61319.720681/18017.771675/43301.949006/0.000016911
-173/200: 61316.224654/18016.341462/43299.883192/0.000057013
-174/200: 61311.799460/18014.919662/43296.879798/0.000072170
-175/200: 61311.852454/18013.502638/43298.349816/0.000000864
-176/200: 61306.750380/18012.095896/43294.654484/0.000083215
-177/200: 61306.183325/18010.692640/43295.490685/0.000009249
-178/200: 61303.236454/18009.293692/43293.942762/0.000048068
-179/200: 61301.380476/18007.898193/43293.482283/0.000030275
-180/200: 61298.701714/18006.515933/43292.185781/0.000043698
-181/200: 61296.016826/18005.137540/43290.879286/0.000043800
-182/200: 61294.583279/18003.760646/43290.822633/0.000023387
-183/200: 61289.787164/18002.392560/43287.394604/0.000078247
-184/200: 61287.923520/18001.034645/43286.888875/0.000030407
-185/200: 61286.640385/17999.680045/43286.960340/0.000020936
-186/200: 61283.457560/17998.328032/43285.129528/0.000051933
-187/200: 61281.966333/17996.980472/43284.985861/0.000024333
-188/200: 61279.948940/17995.648878/43284.300062/0.000032920
-189/200: 61276.240676/17994.312176/43281.928500/0.000060513
-190/200: 61273.739665/17992.982612/43280.757053/0.000040815
-191/200: 61270.756465/17991.661481/43279.094984/0.000048686
-192/200: 61269.477995/17990.347035/43279.130960/0.000020866
-193/200: 61266.291915/17989.032538/43277.259377/0.000052001
-194/200: 61263.879720/17987.727591/43276.152129/0.000039372
-195/200: 61261.653921/17986.430671/43275.223250/0.000036331
-196/200: 61260.042968/17985.135989/43274.906979/0.000026296
-197/200: 61257.897505/17983.841234/43274.056271/0.000035022
-198/200: 61256.564942/17982.556863/43274.008079/0.000021753
-199/200: 61253.186513/17981.275045/43271.911468/0.000055152
-200/200: 61251.471548/17979.985242/43271.486306/0.000027998
Start evaluating ...
  Columns 1 through 7

    0.0733    0.1183    0.1393    0.1472    0.1509    0.1542    0.1563

  Columns 8 through 10

    0.1583    0.1600    0.1614

    0.0129

Elapsed time is 55391.149961 seconds.
