nohup: ignoring input

                            < M A T L A B (R) >
                  Copyright 1984-2016 The MathWorks, Inc.
                   R2016a (9.0.0.341360) 64-bit (glnxa64)
                             February 11, 2016

 
To get started, type one of these: helpwin, helpdesk, or demo.
For product information, visit www.mathworks.com.
 

	Academic License

Start learning ...
Init data [Dtype: delicious - Dspec: sp2/2550]
Init social model
Using adagrad ...
Load pretrained shallow-model...
Params [lbd-U: 0.0100|lbd-V: 100.0000|lbd-N: 0.0100|lbd-Q: 0.0500]
Staring Sample 2 - Loc: save/bcdl/delicious-alg61-sp2-cold20170225193335937 
CTR(chongwang)-DAE(User graph) Running - Walks(1)...
-1/200: 11022.700075/6664.890264/4357.809811/1.000000000
-2/200: 11762.317153/7412.693730/4349.623423/0.067099447
-3/200: 11380.520450/7031.571953/4348.948497/0.032459310
-4/200: 10968.224475/6619.442400/4348.782075/0.036228218
-5/200: 10699.615449/6351.102399/4348.513050/0.024489746
-6/200: 10525.934895/6177.588642/4348.346253/0.016232411
-7/200: 10415.157829/6066.752569/4348.405260/0.010524202
-8/200: 10345.858885/5997.583191/4348.275694/0.006653662
-9/200: 10303.877878/5955.821684/4348.056194/0.004057759
-10/200: 10279.932243/5931.982442/4347.949801/0.002323944
-11/200: 10267.652285/5919.934314/4347.717971/0.001194556
-12/200: 10263.233255/5915.767443/4347.465812/0.000430384
-13/200: 10264.416017/5916.985173/4347.430844/0.000115243
-14/200: 10269.277086/5921.976742/4347.300344/0.000473585
-15/200: 10276.716045/5929.682747/4347.033298/0.000724390
-16/200: 10286.278771/5939.380090/4346.898681/0.000930524
-17/200: 10297.379727/5950.564255/4346.815472/0.001079200
-18/200: 10309.646217/5962.868441/4346.777776/0.001191224
-19/200: 10322.543548/5976.017067/4346.526481/0.001250997
-20/200: 10336.177739/5989.785830/4346.391909/0.001320817
-21/200: 10350.083927/6003.994906/4346.089021/0.001345390
-22/200: 10364.576301/6018.486208/4346.090093/0.001400218
-23/200: 10379.058756/6033.121294/4345.937462/0.001397303
-24/200: 10393.632558/6047.777985/4345.854573/0.001404155
-25/200: 10407.933604/6062.350563/4345.583041/0.001375943
-26/200: 10422.139887/6076.741776/4345.398111/0.001364948
-27/200: 10436.077080/6090.868131/4345.208949/0.001337268
-28/200: 10449.890058/6104.656844/4345.233214/0.001323580
-29/200: 10463.156905/6118.043958/4345.112947/0.001269568
-30/200: 10475.807416/6130.975553/4344.831863/0.001209053
-31/200: 10488.119593/6143.404246/4344.715347/0.001175296
-32/200: 10499.888296/6155.289386/4344.598910/0.001122098
-33/200: 10510.827803/6166.598684/4344.229119/0.001041869
-34/200: 10521.554942/6177.305556/4344.249386/0.001020580
-35/200: 10531.341083/6187.392749/4343.948334/0.000930104
-36/200: 10540.770131/6196.847865/4343.922266/0.000895332
-37/200: 10549.433322/6205.666703/4343.766619/0.000821875
-38/200: 10557.382904/6213.846142/4343.536762/0.000753555
-39/200: 10564.864912/6221.390849/4343.474063/0.000708699
-40/200: 10571.589261/6228.304640/4343.284621/0.000636482
-41/200: 10577.811685/6234.595807/4343.215878/0.000588599
-42/200: 10583.350476/6240.271267/4343.079209/0.000523624
-43/200: 10588.293163/6245.343012/4342.950151/0.000467025
-44/200: 10592.630790/6249.825808/4342.804982/0.000409663
-45/200: 10596.312231/6253.743042/4342.569189/0.000347547
-46/200: 10599.604377/6257.117872/4342.486505/0.000310688
-47/200: 10602.404601/6259.982267/4342.422334/0.000264182
-48/200: 10604.551906/6262.370517/4342.181389/0.000202530
-49/200: 10606.292709/6264.318268/4341.974441/0.000164156
-50/200: 10607.708839/6265.862052/4341.846787/0.000133518
-51/200: 10608.834286/6267.038967/4341.795319/0.000106097
-52/200: 10609.640395/6267.885064/4341.755331/0.000075985
-53/200: 10609.910258/6268.438644/4341.471614/0.000025436
-54/200: 10609.998410/6268.735530/4341.262880/0.000008308
-55/200: 10610.052325/6268.810263/4341.242062/0.000005082
-56/200: 10609.772082/6268.696734/4341.075348/0.000026413
-57/200: 10609.281797/6268.426416/4340.855381/0.000046211
-58/200: 10608.770719/6268.028124/4340.742595/0.000048173
-59/200: 10608.101422/6267.528124/4340.573298/0.000063089
-60/200: 10607.473907/6266.949539/4340.524368/0.000059154
-61/200: 10606.602174/6266.312877/4340.289297/0.000082181
-62/200: 10605.938313/6265.637210/4340.301103/0.000062589
-63/200: 10605.000209/6264.935760/4340.064449/0.000088451
-64/200: 10604.395456/6264.221462/4340.173994/0.000057025
-65/200: 10603.354706/6263.504457/4339.850249/0.000098143
-66/200: 10602.449713/6262.791347/4339.658366/0.000085350
-67/200: 10601.497288/6262.089052/4339.408236/0.000089831
-68/200: 10600.707246/6261.399524/4339.307722/0.000074522
-69/200: 10599.913422/6260.726706/4339.186716/0.000074884
-70/200: 10599.256015/6260.071126/4339.184889/0.000062020
-71/200: 10598.370198/6259.433218/4338.936980/0.000083574
-72/200: 10597.714866/6258.811898/4338.902968/0.000061833
-73/200: 10596.917082/6258.208077/4338.709005/0.000075279
-74/200: 10596.258486/6257.620025/4338.638461/0.000062150
-75/200: 10595.423200/6257.047688/4338.375512/0.000078828
-76/200: 10594.782663/6256.489632/4338.293031/0.000060454
-77/200: 10594.121875/6255.946482/4338.175393/0.000062369
-78/200: 10593.558554/6255.415454/4338.143100/0.000053173
-79/200: 10592.671000/6254.897907/4337.773093/0.000083782
-80/200: 10592.078527/6254.392542/4337.685985/0.000055932
-81/200: 10591.608452/6253.898198/4337.710254/0.000044380
-82/200: 10590.970574/6253.414655/4337.555919/0.000060225
-83/200: 10590.220580/6252.941622/4337.278958/0.000070814
-84/200: 10589.623223/6252.477898/4337.145325/0.000056407
-85/200: 10589.028543/6252.023694/4337.004849/0.000056157
-86/200: 10588.454035/6251.578413/4336.875622/0.000054255
-87/200: 10588.003479/6251.141570/4336.861909/0.000042552
-88/200: 10587.471551/6250.713131/4336.758420/0.000050239
-89/200: 10586.822555/6250.291601/4336.530954/0.000061298
-90/200: 10586.282672/6249.878278/4336.404394/0.000050996
-91/200: 10585.899738/6249.470751/4336.428987/0.000036173
-92/200: 10585.253870/6249.070469/4336.183401/0.000061012
-93/200: 10584.716206/6248.676792/4336.039414/0.000050794
-94/200: 10584.278760/6248.289358/4335.989402/0.000041328
-95/200: 10583.682074/6247.908130/4335.773944/0.000056375
-96/200: 10583.090854/6247.532391/4335.558463/0.000055861
-97/200: 10582.656189/6247.162434/4335.493755/0.000041072
-98/200: 10582.175249/6246.797621/4335.377628/0.000045446
-99/200: 10581.727474/6246.438454/4335.289020/0.000042314
Recall at EP-100 ...
  Columns 1 through 7

    0.0671    0.0853    0.0912    0.0944    0.0965    0.0979    0.0990

  Columns 8 through 10

    0.0997    0.1007    0.1011

Mrr at EP-100 ...
    0.0133

-100/200: 10581.106739/6246.083509/4335.023230/0.000058661
-101/200: 10580.763341/6245.733509/4335.029832/0.000032454
-102/200: 10580.172683/6245.387933/4334.784750/0.000055824
-103/200: 10579.754282/6245.046999/4334.707283/0.000039546
-104/200: 10579.288955/6244.709919/4334.579036/0.000043983
-105/200: 10578.941727/6244.376612/4334.565115/0.000032821
-106/200: 10578.274007/6244.047521/4334.226486/0.000063118
-107/200: 10577.860979/6243.722380/4334.138599/0.000039045
-108/200: 10577.685688/6243.400328/4334.285360/0.000016571
-109/200: 10577.014049/6243.082212/4333.931837/0.000063496
-110/200: 10576.582990/6242.767424/4333.815566/0.000040754
-111/200: 10576.038378/6242.456362/4333.582016/0.000051492
-112/200: 10575.620222/6242.148604/4333.471618/0.000039538
-113/200: 10575.155710/6241.843737/4333.311973/0.000043923
-114/200: 10574.730630/6241.542563/4333.188067/0.000040196
-115/200: 10574.296941/6241.244109/4333.052832/0.000041012
-116/200: 10573.789980/6240.948005/4332.841975/0.000047943
-117/200: 10573.444019/6240.655471/4332.788548/0.000032719
-118/200: 10573.039717/6240.365360/4332.674357/0.000038237
-119/200: 10572.699608/6240.078408/4332.621200/0.000032168
-120/200: 10572.315108/6239.793267/4332.521841/0.000036367
-121/200: 10571.955297/6239.510858/4332.444439/0.000034033
-122/200: 10571.477592/6239.230900/4332.246692/0.000045186
-123/200: 10570.970778/6238.953511/4332.017267/0.000047942
-124/200: 10570.746180/6238.678912/4332.067268/0.000021247
-125/200: 10570.346869/6238.406336/4331.940533/0.000037775
-126/200: 10569.778466/6238.135732/4331.642734/0.000053773
-127/200: 10569.370727/6237.868047/4331.502680/0.000038576
-128/200: 10568.822360/6237.602758/4331.219602/0.000051883
-129/200: 10568.736450/6237.338717/4331.397733/0.000008129
-130/200: 10568.294079/6237.076839/4331.217240/0.000041857
-131/200: 10567.808982/6236.817610/4330.991372/0.000045901
-132/200: 10567.340013/6236.560296/4330.779717/0.000044377
-133/200: 10567.025974/6236.305176/4330.720798/0.000029718
-134/200: 10566.675484/6236.051549/4330.623935/0.000033168
-135/200: 10566.180210/6235.800695/4330.379515/0.000046871
-136/200: 10565.925905/6235.550427/4330.375478/0.000024068
-137/200: 10565.581763/6235.302119/4330.279644/0.000032571
-138/200: 10565.199202/6235.056290/4330.142912/0.000036208
-139/200: 10564.929950/6234.811679/4330.118271/0.000025485
-140/200: 10564.396064/6234.568480/4329.827584/0.000050534
-141/200: 10563.904264/6234.328290/4329.575974/0.000046553
-142/200: 10563.707819/6234.088595/4329.619224/0.000018596
-143/200: 10563.192805/6233.851283/4329.341522/0.000048753
-144/200: 10563.051339/6233.615055/4329.436284/0.000013392
-145/200: 10562.473945/6233.380598/4329.093347/0.000054662
-146/200: 10562.333528/6233.147534/4329.185994/0.000013294
-147/200: 10561.856156/6232.916080/4328.940076/0.000045196
-148/200: 10561.630401/6232.685789/4328.944612/0.000021375
-149/200: 10561.143791/6232.456987/4328.686804/0.000046073
-150/200: 10560.815921/6232.229711/4328.586210/0.000031045
-151/200: 10560.320018/6232.004493/4328.315525/0.000046957
-152/200: 10560.181683/6231.780036/4328.401647/0.000013100
-153/200: 10559.849821/6231.557520/4328.292301/0.000031426
-154/200: 10559.411963/6231.334900/4328.077063/0.000041464
-155/200: 10559.002738/6231.114975/4327.887763/0.000038755
-156/200: 10558.632149/6230.896144/4327.736005/0.000035097
-157/200: 10558.301324/6230.678621/4327.622703/0.000031332
-158/200: 10558.141766/6230.462134/4327.679632/0.000015112
-159/200: 10557.626623/6230.247821/4327.378802/0.000048791
-160/200: 10557.312234/6230.033670/4327.278564/0.000029778
-161/200: 10557.115337/6229.821568/4327.293769/0.000018650
-162/200: 10556.888737/6229.609877/4327.278860/0.000021464
-163/200: 10556.489464/6229.399541/4327.089923/0.000037821
-164/200: 10555.841432/6229.190279/4326.651153/0.000061387
-165/200: 10555.559477/6228.981918/4326.577559/0.000026711
-166/200: 10555.269387/6228.775421/4326.493966/0.000027482
-167/200: 10555.053306/6228.568591/4326.484715/0.000020471
-168/200: 10554.703926/6228.363726/4326.340200/0.000033101
-169/200: 10554.337800/6228.159706/4326.178094/0.000034688
-170/200: 10553.956597/6227.956834/4325.999763/0.000036118
-171/200: 10553.463513/6227.755199/4325.708314/0.000046720
-172/200: 10553.512667/6227.554515/4325.958152/0.000004658
-173/200: 10553.073836/6227.354265/4325.719571/0.000041582
-174/200: 10552.492539/6227.155948/4325.336591/0.000055083
-175/200: 10552.499106/6226.957776/4325.541330/0.000000622
-176/200: 10551.859174/6226.761287/4325.097887/0.000060643
-177/200: 10551.818890/6226.565278/4325.253612/0.000003818
-178/200: 10551.519714/6226.370478/4325.149236/0.000028353
-179/200: 10551.195578/6226.175890/4325.019688/0.000030719
-180/200: 10550.684696/6225.983355/4324.701341/0.000048419
-181/200: 10550.388777/6225.791124/4324.597653/0.000028047
-182/200: 10550.219871/6225.599333/4324.620538/0.000016009
-183/200: 10549.673704/6225.409013/4324.264691/0.000051768
-184/200: 10549.379182/6225.219669/4324.159513/0.000027918
-185/200: 10549.275263/6225.031130/4324.244133/0.000009851
-186/200: 10548.784500/6224.843042/4323.941458/0.000046521
-187/200: 10548.529756/6224.655481/4323.874275/0.000024149
-188/200: 10548.268630/6224.470400/4323.798230/0.000024755
-189/200: 10547.876716/6224.284928/4323.591788/0.000037154
-190/200: 10547.602150/6224.100224/4323.501926/0.000026031
-191/200: 10547.193026/6223.916290/4323.276736/0.000038788
-192/200: 10547.012393/6223.733660/4323.278733/0.000017126
-193/200: 10546.651008/6223.551324/4323.099684/0.000034264
-194/200: 10546.279351/6223.369741/4322.909610/0.000035239
-195/200: 10545.868295/6223.189809/4322.678486/0.000038976
-196/200: 10545.758019/6223.010184/4322.747835/0.000010457
-197/200: 10545.526531/6222.830455/4322.696076/0.000021951
-198/200: 10545.292973/6222.652333/4322.640640/0.000022148
-199/200: 10544.820735/6222.474087/4322.346648/0.000044782
-200/200: 10544.710637/6222.285771/4322.424866/0.000010441
Start evaluating ...
  Columns 1 through 7

    0.0652    0.0849    0.0913    0.0950    0.0973    0.0990    0.1001

  Columns 8 through 10

    0.1009    0.1014    0.1017

    0.0130

Elapsed time is 33016.297010 seconds.
