nohup: ignoring input

                            < M A T L A B (R) >
                  Copyright 1984-2016 The MathWorks, Inc.
                   R2016a (9.0.0.341360) 64-bit (glnxa64)
                             February 11, 2016

 
To get started, type one of these: helpwin, helpdesk, or demo.
For product information, visit www.mathworks.com.
 

	Academic License

Start learning ...
Init data [Dtype: delicious - Dspec: sp2/0550]
Init social model
Using adagrad ...
Params [lbd-U: 0.1000|lbd-V: 0.0100|lbd-N: 0.1000|lbd-Q: 0.1000]
Staring Sample 2 - Loc: save/ctrsmf/delicious-alg90-sp2-cold20170224185112643 
CTR-SMF Running ...

iter time likelihood converge
0001 000081 -5302889.22398 1.0000000000
0002 000157 -5143583.24965 0.0300413544
0003 000232 -5033322.90052 0.0214364858
0004 000308 -4999227.60741 0.0067739133
0005 000382 -4981022.89059 0.0036415059
0006 000446 -4966261.85652 0.0029634544
0007 000511 -4956084.64943 0.0020492691
0008 000576 -4949793.30357 0.0012694186
0009 000642 -4945501.29162 0.0008671093
0010 000708 -4942279.78291 0.0006514019
0011 000774 -4939661.81232 0.0005297091
0012 000839 -4937438.69219 0.0004500551
0013 000911 -4935513.24788 0.0003899682
0014 000981 -4933826.48335 0.0003417607
0015 001050 -4932336.02151 0.0003020904
0016 001115 -4931009.54544 0.0002689347
0017 001181 -4929821.56179 0.0002409210
0018 001268 -4928751.40746 0.0002170777
0019 001363 -4927781.95362 0.0001966936
0020 001457 -4926898.78292 0.0001792228
0021 001549 -4926089.67882 0.0001642218
0022 001639 -4925344.30321 0.0001513118
0023 001731 -4924653.96808 0.0001401598
0024 001825 -4924011.42835 0.0001304741
0025 001905 -4923410.66492 0.0001220069
0026 001987 -4922846.66160 0.0001145554
0027 002064 -4922315.19908 0.0001079584
0028 002140 -4921812.68603 0.0001020888
0029 002217 -4921336.03732 0.0000968441
0030 002295 -4920882.60066 0.0000921369
0031 002372 -4920450.11848 0.0000878871
0032 002444 -4920036.72002 0.0000840164
0033 002522 -4919640.96960 0.0000804365
0034 002600 -4919261.95956 0.0000770402
0035 002681 -4918899.24144 0.0000737343
0036 002767 -4918552.50102 0.0000704915
0037 002848 -4918221.31887 0.0000673333
0038 002926 -4917905.33434 0.0000642477
0039 003006 -4917604.27410 0.0000612172
0040 003086 -4917317.73273 0.0000582685
0041 003162 -4917045.42439 0.0000553774
0042 003235 -4916787.14037 0.0000525283
0043 003311 -4916542.43142 0.0000497701
0044 003387 -4916310.97424 0.0000470772
0045 003461 -4916092.57021 0.0000444244
0046 003534 -4915886.91767 0.0000418325
0047 003611 -4915693.53826 0.0000393376
0048 003689 -4915511.87490 0.0000369558
0049 003761 -4915341.39583 0.0000346819
0050 003836 -4915181.62227 0.0000325051
0051 003905 -4915032.10763 0.0000304189
0052 003975 -4914892.41734 0.0000284210
0053 004043 -4914762.12686 0.0000265093
0054 004109 -4914640.81889 0.0000246824
0055 004175 -4914528.05564 0.0000229444
0056 004242 -4914423.32718 0.0000213100
0057 004308 -4914325.99855 0.0000198047
0058 004370 -4914235.30223 0.0000184555
0059 004419 -4914150.43574 0.0000172695
0060 004485 -4914070.73285 0.0000162191
0061 004550 -4913995.73120 0.0000152626
0062 004615 -4913925.07261 0.0000143791
0063 004680 -4913858.43656 0.0000135607
0064 004744 -4913795.54645 0.0000127985
0065 004810 -4913736.17996 0.0000120816
0066 004877 -4913680.14225 0.0000114043
0067 004943 -4913627.17382 0.0000107798
0068 005003 -4913576.97193 0.0000102169
0069 005069 -4913529.33324 0.0000096953
Start evaluating ...
  Columns 1 through 7

    0.0049    0.0062    0.0067    0.0070    0.0075    0.0078    0.0081

  Columns 8 through 10

    0.0085    0.0089    0.0091

    0.0020

Elapsed time is 5151.392778 seconds.
