nohup: ignoring input

                            < M A T L A B (R) >
                  Copyright 1984-2016 The MathWorks, Inc.
                   R2016a (9.0.0.341360) 64-bit (glnxa64)
                             February 11, 2016

 
To get started, type one of these: helpwin, helpdesk, or demo.
For product information, visit www.mathworks.com.
 

	Academic License

Start learning ...
Init data [Dtype: delicious - Dspec: sp2/0550]
Init social model
Using adagrad ...
Params [lbd-U: 10.0000|lbd-V: 0.0100|lbd-N: 10.0000|lbd-Q: 0.1000]
Staring Sample 2 - Loc: save/ctr/delicious-alg80-sp2-cold20170224185120142 
CTR(chongwang) Running ...

iter time likelihood:[r:u:v] converge
0001 000071 -2300.00000:[0.00000:0.00000:-0.00000] 1.0000000000
0002 000141 -2231.06320:[140.82535:-3.43853:-43.44148] 0.0299725202
0003 000206 -971.93061:[3098.73367:-221.86501:-379.53973] 0.5643643753
0004 000274 -888.87210:[3403.06160:-290.74140:-347.62598] 0.0854572498
0005 000341 -884.11234:[3453.80681:-311.28483:-333.79524] 0.0053548289
0006 000402 -883.09102:[3471.90939:-319.30139:-328.41359] 0.0011551911
0007 000457 -882.67120:[3479.11242:-322.49284:-326.20689] 0.0004753969
0008 000514 -882.41465:[3482.16526:-323.78318:-325.25203] 0.0002906568
0009 000571 -882.23254:[3483.53582:-324.31095:-324.80997] 0.0002063666
0010 000628 -882.09559:[3484.19324:-324.52779:-324.58668] 0.0001552328
0011 000686 -881.98945:[3484.53432:-324.61589:-324.46157] 0.0001203274
0012 000743 -881.90553:[3484.72736:-324.64998:-324.38359] 0.0000951555
0013 000800 -881.83809:[3484.84658:-324.66124:-324.33018] 0.0000764704
0014 000857 -881.78314:[3484.92626:-324.66288:-324.29078] 0.0000623099
0015 000913 -881.73784:[3484.98305:-324.66061:-324.26018] 0.0000513775
0016 000967 -881.70010:[3485.02560:-324.65689:-324.23556] 0.0000427941
0017 001023 -881.66840:[3485.05865:-324.65283:-324.21527] 0.0000359531
0018 001079 -881.64158:[3485.08504:-324.64887:-324.19828] 0.0000304280
0019 001136 -881.61873:[3485.10653:-324.64520:-324.18389] 0.0000259139
0020 001196 -881.59917:[3485.12431:-324.64189:-324.17160] 0.0000221893
0021 001281 -881.58234:[3485.13918:-324.63894:-324.16104] 0.0000190900
0022 001360 -881.56780:[3485.15176:-324.63633:-324.15191] 0.0000164913
0023 001443 -881.55519:[3485.16246:-324.63402:-324.14399] 0.0000142973
0024 001522 -881.54423:[3485.17164:-324.63199:-324.13709] 0.0000124345
0025 001602 -881.53467:[3485.17956:-324.63019:-324.13106] 0.0000108466
0026 001683 -881.52630:[3485.18641:-324.62861:-324.12577] 0.0000094903
Start evaluating ...
  Columns 1 through 7

    0.0004    0.0006    0.0008    0.0012    0.0015    0.0016    0.0019

  Columns 8 through 10

    0.0021    0.0024    0.0028

   3.3990e-04

Elapsed time is 1817.508457 seconds.
