nohup: ignoring input

                            < M A T L A B (R) >
                  Copyright 1984-2016 The MathWorks, Inc.
                   R2016a (9.0.0.341360) 64-bit (glnxa64)
                             February 11, 2016

 
To get started, type one of these: helpwin, helpdesk, or demo.
For product information, visit www.mathworks.com.
 

	Academic License

Start learning ...
Init data [Dtype: delicious - Dspec: sp2/0550]
Init social model
Using adagrad ...
Params [lbd-U: 0.0100|lbd-V: 100.0000|lbd-N: 0.0100|lbd-Q: 0.1000]
Staring Sample 2 - Loc: save/ctrsmf/delicious-alg90-sp2-cold20170224185112428 
CTR-SMF Running ...

iter time likelihood converge
0001 000087 -5301877.83405 1.0000000000
0002 000168 -5142939.15680 0.0299778083
0003 000247 -5032588.61136 0.0214567083
0004 000328 -4998623.05867 0.0067491216
0005 000405 -4980647.79480 0.0035960431
0006 000472 -4966084.13780 0.0029240488
0007 000539 -4955997.97235 0.0020310098
0008 000607 -4949776.32962 0.0012553764
0009 000675 -4945562.72372 0.0008512720
0010 000737 -4942420.71928 0.0006353179
0011 000802 -4939878.61947 0.0005143431
0012 000868 -4937725.87551 0.0004357888
0013 000934 -4935864.76234 0.0003769171
0014 001000 -4934236.63903 0.0003298557
0015 001066 -4932799.68543 0.0002912211
0016 001131 -4931522.17472 0.0002589829
0017 001198 -4930379.17321 0.0002317746
0018 001295 -4929350.51349 0.0002086370
0019 001392 -4928419.50154 0.0001888711
0020 001484 -4927572.11338 0.0001719391
0021 001582 -4926796.48295 0.0001574062
0022 001678 -4926082.54446 0.0001449093
0023 001770 -4925421.76290 0.0001341394
0024 001872 -4924806.91744 0.0001248310
0025 001961 -4924231.91869 0.0001167556
0026 002050 -4923691.64339 0.0001097177
0027 002140 -4923181.78009 0.0001035531
0028 002229 -4922698.69529 0.0000981245
0029 002318 -4922239.33375 0.0000933150
0030 002402 -4921801.16109 0.0000890190
0031 002490 -4921382.13767 0.0000851362
0032 002577 -4920980.70012 0.0000815701
0033 002656 -4920595.74060 0.0000782282
0034 002734 -4920226.60369 0.0000750187
0035 002810 -4919873.00562 0.0000718662
0036 002886 -4919534.78973 0.0000687448
0037 002961 -4919211.71317 0.0000656722
0038 003035 -4918903.56745 0.0000626413
0039 003108 -4918610.19132 0.0000596426
0040 003182 -4918331.27786 0.0000567057
0041 003256 -4918066.58660 0.0000538173
0042 003326 -4917815.97387 0.0000509576
0043 003399 -4917578.92999 0.0000482010
0044 003472 -4917354.97902 0.0000455409
0045 003542 -4917143.82599 0.0000429404
0046 003617 -4916945.13068 0.0000404087
0047 003691 -4916758.39792 0.0000379774
0048 003763 -4916583.03013 0.0000356674
0049 003829 -4916418.41588 0.0000334814
0050 003895 -4916263.97127 0.0000314140
0051 003961 -4916119.12198 0.0000294633
0052 004028 -4915983.28171 0.0000276316
0053 004094 -4915855.92846 0.0000259060
0054 004160 -4915736.76794 0.0000242400
0055 004225 -4915625.64410 0.0000226057
0056 004291 -4915522.24337 0.0000210351
0057 004355 -4915426.04613 0.0000195701
0058 004420 -4915336.40836 0.0000182360
0059 004492 -4915252.63998 0.0000170422
0060 004560 -4915174.10205 0.0000159784
0061 004628 -4915100.27765 0.0000150197
0062 004695 -4915030.76171 0.0000141433
0063 004763 -4914965.23466 0.0000133320
0064 004831 -4914903.41552 0.0000125777
0065 004898 -4914845.05556 0.0000118741
0066 004966 -4914790.00050 0.0000112018
0067 005033 -4914738.11680 0.0000105566
0068 005095 -4914689.19890 0.0000099533
Start evaluating ...
  Columns 1 through 7

    0.0052    0.0094    0.0133    0.0170    0.0202    0.0240    0.0277

  Columns 8 through 10

    0.0312    0.0347    0.0389

    0.0025

Elapsed time is 5170.360859 seconds.
