nohup: ignoring input

                            < M A T L A B (R) >
                  Copyright 1984-2016 The MathWorks, Inc.
                   R2016a (9.0.0.341360) 64-bit (glnxa64)
                             February 11, 2016

 
To get started, type one of these: helpwin, helpdesk, or demo.
For product information, visit www.mathworks.com.
 

	Academic License

Start learning ...
Init data [Dtype: delicious - Dspec: sp2/0550]
Init social model
Using adagrad ...
Params [lbd-U: 100.0000|lbd-V: 0.0100|lbd-N: 100.0000|lbd-Q: 0.1000]
Staring Sample 2 - Loc: save/ctr/delicious-alg80-sp2-cold20170224185120411 
CTR(chongwang) Running ...

iter time likelihood:[r:u:v] converge
0001 000066 -2300.00000:[0.00000:0.00000:-0.00000] 1.0000000000
0002 000126 -2298.58928:[2.87669:-0.35704:-1.09692] 0.0006133547
0003 000184 -2285.77995:[37.42805:-5.73061:-15.55557] 0.0055726920
0004 000243 -2250.66120:[166.22343:-35.80620:-51.87339] 0.0153640115
0005 000305 -2173.85350:[416.69197:-84.56283:-150.85047] 0.0341267304
0006 000370 -1992.05353:[1138.84711:-264.02823:-372.45053] 0.0836302740
0007 000427 -1932.72543:[1600.25697:-435.25790:-456.96397] 0.0297823857
0008 000484 -1923.60834:[1691.63974:-471.73017:-478.59074] 0.0047172189
0009 000540 -1919.98127:[1730.68958:-487.55308:-489.61489] 0.0018855547
0010 000596 -1919.14794:[1746.03697:-494.32463:-493.54981] 0.0004340271
0011 000652 -1918.87246:[1751.00825:-496.47555:-494.83077] 0.0001435436
0012 000710 -1918.72264:[1752.87902:-497.21000:-495.35377] 0.0000780763
0013 000766 -1918.63811:[1753.79309:-497.53691:-495.63722] 0.0000440556
0014 000823 -1918.59720:[1754.32237:-497.71880:-495.82019] 0.0000213225
0015 000880 -1918.58625:[1754.64692:-497.83101:-495.94789] 0.0000057096
Start evaluating ...
  Columns 1 through 7

    0.0008    0.0012    0.0014    0.0017    0.0019    0.0021    0.0024

  Columns 8 through 10

    0.0025    0.0028    0.0030

   4.0889e-04

Elapsed time is 979.612604 seconds.
