nohup: ignoring input

                            < M A T L A B (R) >
                  Copyright 1984-2016 The MathWorks, Inc.
                   R2016a (9.0.0.341360) 64-bit (glnxa64)
                             February 11, 2016

 
To get started, type one of these: helpwin, helpdesk, or demo.
For product information, visit www.mathworks.com.
 

	Academic License

Start learning ...
Init data [Dtype: delicious - Dspec: sp2/0550]
Init social model
Using adagrad ...
Load pretrained shallow-model...
Params [lbd-U: 0.1000|lbd-V: 10.0000|lbd-N: 0.1000|lbd-Q: 0.1000]
Staring Sample 2 - Loc: save/bcdl/delicious-alg61-sp2-cold20170224185050260 
CTR(chongwang)-DAE(User graph) Running - Walks(1)...
-1/200: 46358.566406/2780.469462/43578.097656/1.000000000
-2/200: 45589.589844/2086.034090/43503.554688/0.016587583
-3/200: 45407.683594/1897.174102/43510.507812/0.003990083
-4/200: 45373.425781/1857.257175/43516.167969/0.000754450
-5/200: 45350.105469/1833.900428/43516.203125/0.000513964
-6/200: 45336.046875/1819.664419/43516.382812/0.000310001
-7/200: 45330.800781/1812.196368/43518.605469/0.000115716
-8/200: 45328.695312/1809.638855/43519.054688/0.000046447
-9/200: 45329.183594/1810.460643/43518.722656/0.000010772
-10/200: 45332.582031/1813.497714/43519.085938/0.000074972
-11/200: 45336.324219/1817.929568/43518.394531/0.000082550
-12/200: 45340.984375/1823.203450/43517.781250/0.000102791
-13/200: 45347.925781/1828.955075/43518.972656/0.000153093
-14/200: 45354.496094/1834.948190/43519.546875/0.000144887
-15/200: 45359.726562/1841.030211/43518.695312/0.000115324
-16/200: 45365.917969/1847.100958/43518.816406/0.000136496
-17/200: 45372.710938/1853.095769/43519.613281/0.000149737
-18/200: 45379.933594/1858.971927/43520.960938/0.000159185
-19/200: 45384.785156/1864.702533/43520.082031/0.000106910
-20/200: 45390.722656/1870.267027/43520.457031/0.000130826
-21/200: 45394.906250/1875.652743/43519.253906/0.000092168
-22/200: 45401.621094/1880.849114/43520.773438/0.000147921
-23/200: 45407.117188/1885.848622/43521.269531/0.000121055
-24/200: 45412.542969/1890.645067/43521.898438/0.000119492
-25/200: 45416.054688/1895.234539/43520.820312/0.000077329
-26/200: 45420.597656/1899.613438/43520.984375/0.000100030
-27/200: 45424.281250/1903.779246/43520.503906/0.000081100
-28/200: 45430.250000/1907.731147/43522.519531/0.000131400
-29/200: 45433.835938/1911.469750/43522.367188/0.000078933
-30/200: 45436.707031/1914.996667/43521.710938/0.000063193
-31/200: 45440.054688/1918.313696/43521.742188/0.000073677
-32/200: 45443.929688/1921.424742/43522.503906/0.000085277
-33/200: 45444.515625/1924.333382/43520.183594/0.000012894
-34/200: 45449.582031/1927.043466/43522.539062/0.000111486
-35/200: 45450.269531/1929.559469/43520.710938/0.000015127
-36/200: 45454.085938/1931.886450/43522.199219/0.000083969
-37/200: 45456.410156/1934.029173/43522.382812/0.000051133
-38/200: 45457.906250/1935.993090/43521.914062/0.000032913
-39/200: 45460.371094/1937.785163/43522.585938/0.000054223
-40/200: 45461.687500/1939.412213/43522.273438/0.000028957
-41/200: 45464.484375/1940.882451/43523.601562/0.000061522
-42/200: 45465.976562/1942.203985/43523.773438/0.000032821
-43/200: 45466.867188/1943.385499/43523.480469/0.000019589
-44/200: 45468.128906/1944.435745/43523.691406/0.000027750
-45/200: 45468.808594/1945.364741/43523.445312/0.000014949
-46/200: 45469.644531/1946.181996/43523.460938/0.000018385
-47/200: 45471.054688/1946.896958/43524.156250/0.000031013
-48/200: 45471.632812/1947.519326/43524.113281/0.000012714
-49/200: 45471.128906/1948.058075/43523.070312/0.000011082
-50/200: 45472.035156/1948.521421/43523.515625/0.000019930
-51/200: 45472.472656/1948.916814/43523.554688/0.000009621
-52/200: 45474.273438/1949.251508/43525.023438/0.000039602
-53/200: 45473.085938/1949.532400/43523.554688/0.000026114
-54/200: 45473.992188/1949.765237/43524.226562/0.000019929
-55/200: 45474.140625/1949.955058/43524.187500/0.000003264
-56/200: 45474.257812/1950.108084/43524.148438/0.000002577
-57/200: 45474.781250/1950.230105/43524.550781/0.000011511
-58/200: 45475.402344/1950.325655/43525.078125/0.000013658
-59/200: 45475.183594/1950.399319/43524.785156/0.000004810
-60/200: 45475.421875/1950.454549/43524.968750/0.000005240
-61/200: 45474.656250/1950.495883/43524.160156/0.000016836
-62/200: 45476.066406/1950.526495/43525.539062/0.000031010
-63/200: 45475.437500/1950.548490/43524.890625/0.000013829
-64/200: 45476.902344/1950.564272/43526.339844/0.000032212
-65/200: 45476.925781/1950.576152/43526.351562/0.000000515
-66/200: 45476.792969/1950.584837/43526.207031/0.000002920
-67/200: 45475.796875/1950.591522/43525.207031/0.000021903
-68/200: 45475.933594/1950.596681/43525.335938/0.000003006
-69/200: 45476.140625/1950.601156/43525.539062/0.000004553
-70/200: 45476.113281/1950.605520/43525.507812/0.000000601
-71/200: 45477.070312/1950.610274/43526.460938/0.000021045
-72/200: 45476.609375/1950.614750/43525.996094/0.000010136
-73/200: 45477.656250/1950.619983/43527.035156/0.000023020
-74/200: 45477.257812/1950.625734/43526.632812/0.000008761
-75/200: 45476.855469/1950.631687/43526.222656/0.000008847
-76/200: 45477.875000/1950.638017/43527.238281/0.000022419
-77/200: 45478.070312/1950.645009/43527.425781/0.000004295
-78/200: 45478.082031/1950.651702/43527.429688/0.000000258
-79/200: 45477.070312/1950.659303/43526.410156/0.000022246
-80/200: 45477.187500/1950.666821/43526.519531/0.000002577
-81/200: 45477.761719/1950.674684/43527.085938/0.000012627
-82/200: 45478.539062/1950.683035/43527.855469/0.000017093
-83/200: 45477.902344/1950.691697/43527.210938/0.000014000
-84/200: 45477.718750/1950.700277/43527.019531/0.000004037
-85/200: 45478.464844/1950.709573/43527.753906/0.000016406
-86/200: 45478.507812/1950.718594/43527.789062/0.000000945
-87/200: 45478.601562/1950.728380/43527.875000/0.000002061
-88/200: 45479.035156/1950.738332/43528.296875/0.000009534
-89/200: 45478.679688/1950.748363/43527.929688/0.000007816
-90/200: 45479.031250/1950.758548/43528.273438/0.000007730
-91/200: 45478.996094/1950.768622/43528.226562/0.000000773
-92/200: 45479.394531/1950.779179/43528.617188/0.000008761
-93/200: 45479.156250/1950.789609/43528.367188/0.000005239
-94/200: 45479.933594/1950.800242/43529.132812/0.000017092
-95/200: 45479.640625/1950.811169/43528.828125/0.000006442
-96/200: 45479.218750/1950.822496/43528.394531/0.000009276
-97/200: 45479.746094/1950.833944/43528.914062/0.000011595
-98/200: 45480.070312/1950.845240/43529.226562/0.000007129
-99/200: 45480.242188/1950.856826/43529.386719/0.000003779
Recall at EP-100 ...
  Columns 1 through 7

    0.0122    0.0194    0.0252    0.0299    0.0334    0.0370    0.0402

  Columns 8 through 10

    0.0430    0.0455    0.0477

Mrr at EP-100 ...
    0.0034

-100/200: 45479.882812/1950.868799/43529.015625/0.000007902
-101/200: 45479.730469/1950.880167/43528.851562/0.000003350
-102/200: 45480.171875/1950.892061/43529.281250/0.000009706
-103/200: 45480.875000/1950.904029/43529.972656/0.000015460
-104/200: 45480.296875/1950.915793/43529.382812/0.000012711
-105/200: 45480.855469/1950.927711/43529.929688/0.000012282
-106/200: 45480.449219/1950.940001/43529.507812/0.000008932
-107/200: 45480.792969/1950.952456/43529.839844/0.000007558
-108/200: 45481.425781/1950.964529/43530.460938/0.000013914
-109/200: 45480.863281/1950.976677/43529.886719/0.000012368
-110/200: 45480.820312/1950.988934/43529.832031/0.000000945
-111/200: 45481.546875/1951.001802/43530.546875/0.000015975
-112/200: 45481.554688/1951.014714/43530.539062/0.000000172
-113/200: 45481.328125/1951.027553/43530.300781/0.000004981
-114/200: 45481.132812/1951.040373/43530.093750/0.000004294
-115/200: 45481.523438/1951.053360/43530.468750/0.000008589
-116/200: 45481.468750/1951.066137/43530.402344/0.000001202
-117/200: 45482.070312/1951.078913/43530.992188/0.000013227
-118/200: 45481.933594/1951.092196/43530.839844/0.000003006
-119/200: 45482.375000/1951.105244/43531.269531/0.000009705
-120/200: 45482.222656/1951.117912/43531.105469/0.000003350
-121/200: 45482.644531/1951.130571/43531.515625/0.000009276
-122/200: 45482.714844/1951.143317/43531.570312/0.000001546
-123/200: 45482.457031/1951.156432/43531.300781/0.000005668
-124/200: 45482.695312/1951.169041/43531.527344/0.000005239
-125/200: 45482.851562/1951.181915/43531.667969/0.000003435
-126/200: 45482.843750/1951.194866/43531.648438/0.000000172
-127/200: 45482.855469/1951.208125/43531.648438/0.000000258
-128/200: 45482.867188/1951.221323/43531.644531/0.000000258
-129/200: 45482.996094/1951.233647/43531.761719/0.000002834
-130/200: 45483.574219/1951.246610/43532.328125/0.000012711
-131/200: 45483.046875/1951.259742/43531.789062/0.000011594
-132/200: 45483.562500/1951.272913/43532.289062/0.000011337
-133/200: 45483.757812/1951.286274/43532.472656/0.000004294
-134/200: 45484.222656/1951.299263/43532.921875/0.000010220
-135/200: 45483.441406/1951.312290/43532.128906/0.000017176
-136/200: 45483.722656/1951.324949/43532.398438/0.000006184
-137/200: 45484.339844/1951.337859/43533.003906/0.000013569
-138/200: 45484.222656/1951.350529/43532.871094/0.000002576
-139/200: 45484.121094/1951.362951/43532.757812/0.000002233
-140/200: 45484.472656/1951.375865/43533.097656/0.000007729
-141/200: 45484.585938/1951.388936/43533.195312/0.000002491
-142/200: 45484.332031/1951.401520/43532.929688/0.000005582
-143/200: 45484.625000/1951.414422/43533.210938/0.000006441
-144/200: 45484.894531/1951.426963/43533.468750/0.000005926
-145/200: 45485.070312/1951.439919/43533.628906/0.000003865
-146/200: 45485.015625/1951.452453/43533.562500/0.000001202
-147/200: 45485.175781/1951.464944/43533.710938/0.000003521
-148/200: 45484.863281/1951.477114/43533.386719/0.000006870
-149/200: 45485.222656/1951.489483/43533.734375/0.000007901
-150/200: 45485.410156/1951.502042/43533.906250/0.000004122
-151/200: 45485.507812/1951.514855/43533.992188/0.000002147
-152/200: 45485.496094/1951.527230/43533.968750/0.000000258
-153/200: 45485.652344/1951.539296/43534.113281/0.000003435
-154/200: 45485.828125/1951.551440/43534.277344/0.000003865
-155/200: 45485.664062/1951.563819/43534.101562/0.000003607
-156/200: 45485.863281/1951.575974/43534.289062/0.000004380
-157/200: 45486.324219/1951.588316/43534.734375/0.000010134
-158/200: 45486.273438/1951.600238/43534.671875/0.000001116
-159/200: 45486.406250/1951.612594/43534.792969/0.000002920
-160/200: 45486.472656/1951.624744/43534.847656/0.000001460
-161/200: 45486.164062/1951.636677/43534.527344/0.000006784
-162/200: 45486.468750/1951.648484/43534.820312/0.000006698
-163/200: 45486.925781/1951.660391/43535.265625/0.000010048
-164/200: 45486.625000/1951.672397/43534.953125/0.000006612
-165/200: 45487.046875/1951.684425/43535.363281/0.000009275
-166/200: 45486.921875/1951.696135/43535.226562/0.000002748
-167/200: 45486.972656/1951.707854/43535.265625/0.000001116
-168/200: 45487.281250/1951.719531/43535.562500/0.000006784
-169/200: 45487.199219/1951.731115/43535.468750/0.000001803
-170/200: 45487.371094/1951.742724/43535.628906/0.000003779
-171/200: 45487.488281/1951.754425/43535.734375/0.000002576
-172/200: 45487.765625/1951.765792/43536.000000/0.000006097
-173/200: 45487.445312/1951.777323/43535.667969/0.000007042
-174/200: 45488.171875/1951.788944/43536.382812/0.000015973
-175/200: 45487.683594/1951.800216/43535.882812/0.000010734
-176/200: 45488.171875/1951.811823/43536.359375/0.000010734
-177/200: 45488.394531/1951.823437/43536.570312/0.000004895
-178/200: 45488.265625/1951.834538/43536.429688/0.000002834
-179/200: 45488.429688/1951.845693/43536.585938/0.000003607
-180/200: 45488.117188/1951.857027/43536.261719/0.000006870
-181/200: 45488.734375/1951.868402/43536.867188/0.000013568
-182/200: 45488.609375/1951.879408/43536.730469/0.000002748
-183/200: 45488.875000/1951.890762/43536.984375/0.000005839
-184/200: 45488.957031/1951.902147/43537.054688/0.000001803
-185/200: 45489.203125/1951.913242/43537.289062/0.000005410
-186/200: 45488.980469/1951.924440/43537.054688/0.000004895
-187/200: 45489.093750/1951.935349/43537.160156/0.000002490
-188/200: 45489.441406/1951.946305/43537.496094/0.000007643
-189/200: 45489.480469/1951.957210/43537.523438/0.000000859
-190/200: 45489.523438/1951.968127/43537.554688/0.000000945
-191/200: 45489.660156/1951.979193/43537.679688/0.000003005
-192/200: 45489.886719/1951.990001/43537.898438/0.000004981
-193/200: 45489.738281/1952.000729/43537.738281/0.000003263
-194/200: 45489.769531/1952.011644/43537.757812/0.000000687
-195/200: 45490.085938/1952.022687/43538.062500/0.000006956
-196/200: 45489.960938/1952.033151/43537.929688/0.000002748
-197/200: 45490.082031/1952.043415/43538.039062/0.000002662
-198/200: 45489.890625/1952.053697/43537.835938/0.000004208
-199/200: 45490.460938/1952.064028/43538.398438/0.000012537
-200/200: 45490.265625/1952.070665/43538.195312/0.000004293
Start evaluating ...
  Columns 1 through 7

    0.0137    0.0213    0.0277    0.0330    0.0376    0.0415    0.0457

  Columns 8 through 10

    0.0488    0.0518    0.0551

    0.0039

Elapsed time is 33350.399655 seconds.
