nohup: ignoring input

                            < M A T L A B (R) >
                  Copyright 1984-2016 The MathWorks, Inc.
                   R2016a (9.0.0.341360) 64-bit (glnxa64)
                             February 11, 2016

 
To get started, type one of these: helpwin, helpdesk, or demo.
For product information, visit www.mathworks.com.
 

	Academic License

Start learning ...
Init data [Dtype: delicious - Dspec: sp2/5050]
Init social model
Using adagrad ...
Params [lbd-U: 0.1000|lbd-V: 0.0100|lbd-N: 0.1000|lbd-Q: 0.0100]
Staring Sample 2 - Loc: save/ctrsmf/delicious-alg90-sp2-cold20170226203646634 
CTR-SMF Running ...

iter time likelihood converge
0001 000510 -44425453.95620 1.0000000000
0002 001047 -43338651.92053 0.0244634987
0003 001579 -42405371.45416 0.0215345984
0004 002115 -42132883.46095 0.0064257896
0005 002658 -42010362.64134 0.0029079619
0006 003199 -41927083.57837 0.0019823457
0007 003749 -41868515.55340 0.0013969020
0008 004300 -41826225.55338 0.0010100669
0009 004849 -41793015.57080 0.0007939990
0010 005394 -41765373.27800 0.0006614094
0011 005940 -41741522.49139 0.0005710660
0012 006490 -41720550.24679 0.0005024312
0013 007041 -41701910.75561 0.0004467700
0014 007590 -41685218.94185 0.0004002650
0015 008138 -41670180.36575 0.0003607652
0016 008686 -41656560.92802 0.0003268389
0017 009232 -41644168.91597 0.0002974804
0018 009779 -41632844.33572 0.0002719368
0019 010326 -41622452.71935 0.0002496014
0020 010877 -41612880.59782 0.0002299750
0021 011424 -41604031.45030 0.0002126540
0022 011973 -41595822.19643 0.0001973187
0023 012519 -41588180.45592 0.0001837141
0024 013070 -41581042.56916 0.0001716326
0025 013617 -41574352.33213 0.0001608963
0026 014157 -41568060.13558 0.0001513480
0027 014700 -41562122.17855 0.0001428490
0028 015233 -41556500.22735 0.0001352662
0029 015770 -41551161.67134 0.0001284650
0030 016306 -41546079.51875 0.0001223107
0031 016834 -41541232.19922 0.0001166733
0032 017364 -41536602.99754 0.0001114363
0033 017889 -41532178.88259 0.0001065112
0034 018418 -41527949.14868 0.0001018423
0035 018938 -41523904.87496 0.0000973868
0036 019461 -41520039.58758 0.0000930858
0037 019974 -41516350.01095 0.0000888626
0038 020496 -41512835.33318 0.0000846577
0039 021014 -41509495.01175 0.0000804648
0040 021530 -41506326.47472 0.0000763328
0041 022041 -41503324.88578 0.0000723164
0042 022543 -41500485.00704 0.0000684253
0043 023042 -41497802.68819 0.0000646334
0044 023539 -41495273.66167 0.0000609436
0045 024038 -41492892.17841 0.0000573917
0046 024540 -41490651.38110 0.0000540044
0047 025042 -41488543.48951 0.0000508040
0048 025544 -41486559.78992 0.0000478132
0049 026045 -41484690.96833 0.0000450464
0050 026542 -41482928.17735 0.0000424926
0051 027042 -41481264.36200 0.0000401084
0052 027527 -41479694.21539 0.0000378519
0053 027964 -41478214.16017 0.0000356814
0054 028403 -41476821.47920 0.0000335762
0055 028830 -41475512.26257 0.0000315650
0056 029259 -41474280.53057 0.0000296978
0057 029673 -41473118.86301 0.0000280093
0058 030071 -41472019.88072 0.0000264987
0059 030455 -41470977.49894 0.0000251346
0060 030840 -41469987.74637 0.0000238661
0061 031224 -41469048.86499 0.0000226400
0062 031614 -41468160.33922 0.0000214262
0063 032004 -41467321.80285 0.0000202212
0064 032388 -41466532.55205 0.0000190331
0065 032772 -41465791.43561 0.0000178726
0066 033160 -41465097.06486 0.0000167456
0067 033544 -41464447.04893 0.0000156762
0068 033931 -41463839.70237 0.0000146474
0069 034312 -41463274.47387 0.0000136318
0070 034675 -41462750.08648 0.0000126470
0071 035041 -41462264.73034 0.0000117058
0072 035406 -41461815.99868 0.0000108227
0073 035770 -41461400.90826 0.0000100114
0074 036130 -41461015.99639 0.0000092836
Start evaluating ...
  Columns 1 through 7

    0.1144    0.1452    0.1567    0.1629    0.1670    0.1690    0.1714

  Columns 8 through 10

    0.1731    0.1744    0.1753

    0.0250

Elapsed time is 36280.917370 seconds.
