nohup: ignoring input

                            < M A T L A B (R) >
                  Copyright 1984-2016 The MathWorks, Inc.
                   R2016a (9.0.0.341360) 64-bit (glnxa64)
                             February 11, 2016

 
To get started, type one of these: helpwin, helpdesk, or demo.
For product information, visit www.mathworks.com.
 

	Academic License

Start learning ...
Init data [Dtype: delicious - Dspec: sp2/1050]
Init social model
Using adagrad ...
Load pretrained shallow-model...
Params [lbd-U: 100.0000|lbd-V: 0.1000|lbd-N: 100.0000|lbd-Q: 0.1000]
Staring Sample 2 - Loc: save/bcdl/delicious-alg61-sp2-cold20170224185237314 
CTR(chongwang)-DAE(User graph) Running - Walks(1)...
-1/200: 43582888.000000/4790.974434/43578096.000000/1.000000000
-2/200: 43525088.000000/4709.487300/43520380.000000/0.001326209
-3/200: 43523912.000000/4693.849432/43519220.000000/0.000027019
-4/200: 43523976.000000/4690.037384/43519284.000000/0.000001470
-5/200: 43522848.000000/4690.286145/43518156.000000/0.000025917
-6/200: 43522912.000000/4691.799823/43518220.000000/0.000001470
-7/200: 43525176.000000/4693.689362/43520484.000000/0.000052019
-8/200: 43525648.000000/4695.687934/43520952.000000/0.000010844
-9/200: 43525304.000000/4697.715840/43520608.000000/0.000007903
-10/200: 43525684.000000/4699.700160/43520984.000000/0.000008731
-11/200: 43524968.000000/4701.647670/43520268.000000/0.000016450
-12/200: 43524348.000000/4703.585251/43519644.000000/0.000014245
-13/200: 43525576.000000/4705.479907/43520872.000000/0.000028214
-14/200: 43526196.000000/4707.337507/43521488.000000/0.000014244
-15/200: 43525340.000000/4709.181641/43520632.000000/0.000019666
-16/200: 43525428.000000/4710.968496/43520716.000000/0.000002022
-17/200: 43526252.000000/4712.714000/43521540.000000/0.000018931
-18/200: 43527696.000000/4714.417676/43522980.000000/0.000033175
-19/200: 43526744.000000/4716.102278/43522028.000000/0.000021871
-20/200: 43527128.000000/4717.740370/43522412.000000/0.000008822
-21/200: 43525908.000000/4719.371128/43521188.000000/0.000028028
-22/200: 43527428.000000/4720.954047/43522708.000000/0.000034922
-23/200: 43527960.000000/4722.513084/43523236.000000/0.000012222
-24/200: 43528632.000000/4724.041191/43523908.000000/0.000015438
-25/200: 43527532.000000/4725.553247/43522808.000000/0.000025271
-26/200: 43527680.000000/4727.039292/43522952.000000/0.000003400
-27/200: 43527192.000000/4728.482878/43522464.000000/0.000011211
-28/200: 43529292.000000/4729.895500/43524564.000000/0.000048246
-29/200: 43529080.000000/4731.284893/43524348.000000/0.000004870
-30/200: 43528456.000000/4732.655817/43523724.000000/0.000014335
-31/200: 43528452.000000/4733.986876/43523720.000000/0.000000092
-32/200: 43529264.000000/4735.301657/43524528.000000/0.000018654
-33/200: 43526880.000000/4736.584727/43522144.000000/0.000054768
-34/200: 43529264.000000/4737.852978/43524528.000000/0.000054771
-35/200: 43527400.000000/4739.085527/43522660.000000/0.000042822
-36/200: 43528928.000000/4740.303671/43524188.000000/0.000035104
-37/200: 43529132.000000/4741.496826/43524392.000000/0.000004687
-38/200: 43528656.000000/4742.662874/43523912.000000/0.000010935
-39/200: 43529320.000000/4743.811982/43524576.000000/0.000015254
-40/200: 43528992.000000/4744.937845/43524248.000000/0.000007535
-41/200: 43530364.000000/4746.048417/43525616.000000/0.000031519
-42/200: 43530552.000000/4747.134506/43525804.000000/0.000004319
-43/200: 43530244.000000/4748.197408/43525496.000000/0.000007075
-44/200: 43530440.000000/4749.231911/43525692.000000/0.000004503
-45/200: 43530224.000000/4750.249721/43525472.000000/0.000004962
-46/200: 43530196.000000/4751.257285/43525444.000000/0.000000643
-47/200: 43530916.000000/4752.238955/43526164.000000/0.000016540
-48/200: 43530848.000000/4753.200816/43526096.000000/0.000001562
-49/200: 43529752.000000/4754.147455/43524996.000000/0.000025178
-50/200: 43530248.000000/4755.074481/43525492.000000/0.000011395
-51/200: 43530276.000000/4755.978250/43525520.000000/0.000000643
-52/200: 43531760.000000/4756.864603/43527004.000000/0.000034091
-53/200: 43530256.000000/4757.741092/43525500.000000/0.000034549
-54/200: 43530968.000000/4758.602786/43526208.000000/0.000016356
-55/200: 43530880.000000/4759.439831/43526120.000000/0.000002022
-56/200: 43530892.000000/4760.261024/43526132.000000/0.000000276
-57/200: 43531296.000000/4761.077297/43526536.000000/0.000009281
-58/200: 43531808.000000/4761.876161/43527048.000000/0.000011762
-59/200: 43531532.000000/4762.658078/43526768.000000/0.000006340
-60/200: 43531644.000000/4763.419067/43526880.000000/0.000002573
-61/200: 43530856.000000/4764.167232/43526092.000000/0.000018102
-62/200: 43532252.000000/4764.907088/43527488.000000/0.000032069
-63/200: 43531572.000000/4765.628749/43526808.000000/0.000015621
-64/200: 43533016.000000/4766.336091/43528248.000000/0.000033171
-65/200: 43533064.000000/4767.035315/43528296.000000/0.000001103
-66/200: 43532916.000000/4767.722701/43528148.000000/0.000003400
-67/200: 43531912.000000/4768.394299/43527144.000000/0.000023063
-68/200: 43532032.000000/4769.050034/43527264.000000/0.000002757
-69/200: 43532260.000000/4769.691991/43527492.000000/0.000005238
-70/200: 43532208.000000/4770.324557/43527436.000000/0.000001195
-71/200: 43533172.000000/4770.946320/43528400.000000/0.000022145
-72/200: 43532664.000000/4771.551262/43527892.000000/0.000011669
-73/200: 43533708.000000/4772.147955/43528936.000000/0.000023982
-74/200: 43533264.000000/4772.736120/43528492.000000/0.000010199
-75/200: 43532924.000000/4773.311606/43528152.000000/0.000007810
-76/200: 43533908.000000/4773.873866/43529136.000000/0.000022604
-77/200: 43534104.000000/4774.428643/43529328.000000/0.000004502
-78/200: 43534080.000000/4774.967655/43529304.000000/0.000000551
-79/200: 43533044.000000/4775.501067/43528268.000000/0.000023797
-80/200: 43533220.000000/4776.019877/43528444.000000/0.000004043
-81/200: 43533788.000000/4776.531552/43529012.000000/0.000013048
-82/200: 43534496.000000/4777.031734/43529720.000000/0.000016263
-83/200: 43533848.000000/4777.524739/43529072.000000/0.000014885
-84/200: 43533680.000000/4778.003942/43528900.000000/0.000003859
-85/200: 43534388.000000/4778.477337/43529608.000000/0.000016263
-86/200: 43534424.000000/4778.938399/43529644.000000/0.000000827
-87/200: 43534536.000000/4779.393542/43529756.000000/0.000002573
-88/200: 43534928.000000/4779.841563/43530148.000000/0.000009004
-89/200: 43534572.000000/4780.279115/43529792.000000/0.000008177
-90/200: 43534920.000000/4780.708064/43530140.000000/0.000007994
-91/200: 43534824.000000/4781.125673/43530044.000000/0.000002205
-92/200: 43535236.000000/4781.537124/43530456.000000/0.000009464
-93/200: 43535004.000000/4781.939019/43530224.000000/0.000005329
-94/200: 43535704.000000/4782.334119/43530920.000000/0.000016079
-95/200: 43535432.000000/4782.721979/43530648.000000/0.000006248
-96/200: 43535040.000000/4783.104267/43530256.000000/0.000009004
-97/200: 43535520.000000/4783.478571/43530736.000000/0.000011026
-98/200: 43535828.000000/4783.844388/43531044.000000/0.000007075
-99/200: 43535964.000000/4784.205400/43531180.000000/0.000003124
Recall at EP-100 ...
  Columns 1 through 7

    0.0072    0.0123    0.0162    0.0190    0.0218    0.0243    0.0268

  Columns 8 through 10

    0.0290    0.0306    0.0325

Mrr at EP-100 ...
    0.0021

-100/200: 43535620.000000/4784.559799/43530836.000000/0.000007902
-101/200: 43535464.000000/4784.903078/43530680.000000/0.000003583
-102/200: 43535868.000000/4785.243285/43531084.000000/0.000009280
-103/200: 43536516.000000/4785.575830/43531732.000000/0.000014884
-104/200: 43535900.000000/4785.900146/43531116.000000/0.000014149
-105/200: 43536452.000000/4786.220305/43531664.000000/0.000012679
-106/200: 43536052.000000/4786.534863/43531264.000000/0.000009188
-107/200: 43536432.000000/4786.844971/43531644.000000/0.000008728
-108/200: 43536912.000000/4787.145433/43532124.000000/0.000011025
-109/200: 43536432.000000/4787.441353/43531644.000000/0.000011025
-110/200: 43536316.000000/4787.731934/43531528.000000/0.000002664
-111/200: 43537124.000000/4788.019526/43532336.000000/0.000018559
-112/200: 43537060.000000/4788.301188/43532272.000000/0.000001470
-113/200: 43536848.000000/4788.576705/43532060.000000/0.000004869
-114/200: 43536684.000000/4788.847060/43531896.000000/0.000003767
-115/200: 43537068.000000/4789.112853/43532280.000000/0.000008820
-116/200: 43536948.000000/4789.372610/43532160.000000/0.000002756
-117/200: 43537468.000000/4789.626297/43532680.000000/0.000011944
-118/200: 43537384.000000/4789.878557/43532596.000000/0.000001929
-119/200: 43537784.000000/4790.123290/43532992.000000/0.000009188
-120/200: 43537568.000000/4790.361798/43532776.000000/0.000004961
-121/200: 43537968.000000/4790.595309/43533176.000000/0.000009187
-122/200: 43538072.000000/4790.824740/43533280.000000/0.000002389
-123/200: 43537800.000000/4791.050909/43533008.000000/0.000006247
-124/200: 43537968.000000/4791.270688/43533176.000000/0.000003859
-125/200: 43538084.000000/4791.485821/43533292.000000/0.000002664
-126/200: 43538100.000000/4791.698791/43533308.000000/0.000000367
-127/200: 43538108.000000/4791.908076/43533316.000000/0.000000184
-128/200: 43538136.000000/4792.112914/43533344.000000/0.000000643
-129/200: 43538172.000000/4792.311277/43533380.000000/0.000000827
-130/200: 43538772.000000/4792.507616/43533980.000000/0.000013781
-131/200: 43538252.000000/4792.700453/43533460.000000/0.000011943
-132/200: 43538764.000000/4792.889494/43533972.000000/0.000011760
-133/200: 43538908.000000/4793.076533/43534116.000000/0.000003307
-134/200: 43539320.000000/4793.257077/43534528.000000/0.000009463
-135/200: 43538596.000000/4793.434614/43533804.000000/0.000016629
-136/200: 43538796.000000/4793.608478/43534004.000000/0.000004594
-137/200: 43539376.000000/4793.778464/43534584.000000/0.000013321
-138/200: 43539240.000000/4793.944982/43534448.000000/0.000003124
-139/200: 43539120.000000/4794.107246/43534324.000000/0.000002756
-140/200: 43539476.000000/4794.267589/43534680.000000/0.000008177
-141/200: 43539612.000000/4794.425730/43534816.000000/0.000003124
-142/200: 43539344.000000/4794.579072/43534548.000000/0.000006155
-143/200: 43539656.000000/4794.729776/43534860.000000/0.000007166
-144/200: 43539792.000000/4794.876924/43534996.000000/0.000003124
-145/200: 43540024.000000/4795.021983/43535228.000000/0.000005328
-146/200: 43539924.000000/4795.163647/43535128.000000/0.000002297
-147/200: 43540064.000000/4795.301505/43535268.000000/0.000003215
-148/200: 43539744.000000/4795.435929/43534948.000000/0.000007350
-149/200: 43540116.000000/4795.567570/43535320.000000/0.000008544
-150/200: 43540284.000000/4795.698442/43535488.000000/0.000003859
-151/200: 43540360.000000/4795.826548/43535564.000000/0.000001746
-152/200: 43540332.000000/4795.951137/43535536.000000/0.000000643
-153/200: 43540416.000000/4796.072017/43535620.000000/0.000001929
-154/200: 43540600.000000/4796.191109/43535804.000000/0.000004226
-155/200: 43540508.000000/4796.308113/43535712.000000/0.000002113
-156/200: 43540644.000000/4796.422609/43535848.000000/0.000003124
-157/200: 43541052.000000/4796.535334/43536256.000000/0.000009371
-158/200: 43540960.000000/4796.644658/43536164.000000/0.000002113
-159/200: 43541116.000000/4796.752548/43536320.000000/0.000003583
-160/200: 43541184.000000/4796.857988/43536388.000000/0.000001562
-161/200: 43540872.000000/4796.960505/43536076.000000/0.000007166
-162/200: 43541088.000000/4797.061247/43536292.000000/0.000004961
-163/200: 43541512.000000/4797.160325/43536716.000000/0.000009738
-164/200: 43541216.000000/4797.257596/43536420.000000/0.000006798
-165/200: 43541676.000000/4797.351705/43536880.000000/0.000010565
-166/200: 43541536.000000/4797.444771/43536740.000000/0.000003215
-167/200: 43541508.000000/4797.535128/43536712.000000/0.000000643
-168/200: 43541800.000000/4797.623813/43537004.000000/0.000006706
-169/200: 43541736.000000/4797.710516/43536940.000000/0.000001470
-170/200: 43541908.000000/4797.795091/43537112.000000/0.000003950
-171/200: 43541888.000000/4797.878567/43537092.000000/0.000000459
-172/200: 43542188.000000/4797.959456/43537392.000000/0.000006890
-173/200: 43541956.000000/4798.039219/43537156.000000/0.000005328
-174/200: 43542592.000000/4798.117353/43537792.000000/0.000014607
-175/200: 43542136.000000/4798.193381/43537336.000000/0.000010473
-176/200: 43542568.000000/4798.268377/43537768.000000/0.000009921
-177/200: 43542760.000000/4798.342140/43537960.000000/0.000004409
-178/200: 43542612.000000/4798.413216/43537812.000000/0.000003399
-179/200: 43542672.000000/4798.482673/43537872.000000/0.000001378
-180/200: 43542548.000000/4798.551262/43537748.000000/0.000002848
-181/200: 43543000.000000/4798.618501/43538200.000000/0.000010381
-182/200: 43542920.000000/4798.683861/43538120.000000/0.000001837
-183/200: 43543132.000000/4798.748049/43538332.000000/0.000004869
-184/200: 43543260.000000/4798.810891/43538460.000000/0.000002940
-185/200: 43543392.000000/4798.872702/43538592.000000/0.000003031
-186/200: 43543280.000000/4798.932764/43538480.000000/0.000002572
-187/200: 43543312.000000/4798.991037/43538512.000000/0.000000735
-188/200: 43543560.000000/4799.048763/43538760.000000/0.000005695
-189/200: 43543684.000000/4799.104942/43538884.000000/0.000002848
-190/200: 43543664.000000/4799.159876/43538864.000000/0.000000459
-191/200: 43543848.000000/4799.213695/43539048.000000/0.000004226
-192/200: 43543984.000000/4799.266644/43539184.000000/0.000003123
-193/200: 43543908.000000/4799.317561/43539108.000000/0.000001745
-194/200: 43543924.000000/4799.367780/43539124.000000/0.000000367
-195/200: 43544156.000000/4799.417175/43539356.000000/0.000005328
-196/200: 43544028.000000/4799.464831/43539228.000000/0.000002940
-197/200: 43544064.000000/4799.511874/43539264.000000/0.000000827
-198/200: 43543964.000000/4799.557353/43539164.000000/0.000002297
-199/200: 43544492.000000/4799.602012/43539692.000000/0.000012126
-200/200: 43544220.000000/4799.644276/43539420.000000/0.000006246
Start evaluating ...
  Columns 1 through 7

    0.0038    0.0060    0.0078    0.0092    0.0109    0.0121    0.0133

  Columns 8 through 10

    0.0145    0.0157    0.0166

    0.0011

Elapsed time is 37021.041622 seconds.
