nohup: ignoring input

                            < M A T L A B (R) >
                  Copyright 1984-2016 The MathWorks, Inc.
                   R2016a (9.0.0.341360) 64-bit (glnxa64)
                             February 11, 2016

 
To get started, type one of these: helpwin, helpdesk, or demo.
For product information, visit www.mathworks.com.
 

	Academic License

Start learning ...
Init data [Dtype: delicious - Dspec: sp2/1050]
Init social model
Using adagrad ...
Load pretrained shallow-model...
Params [lbd-U: 1.0000|lbd-V: 100.0000|lbd-N: 1.0000|lbd-Q: 0.1000]
Staring Sample 2 - Loc: save/bcdl/delicious-alg61-sp2-cold20170224185225629 
CTR(chongwang)-DAE(User graph) Running - Walks(1)...
-1/200: 443106.937500/7325.967024/435780.968750/1.000000000
-2/200: 441262.875000/6139.094278/435123.781250/0.004161665
-3/200: 441247.437500/6085.052835/435162.375000/0.000034985
-4/200: 441260.125000/6085.955247/435174.156250/0.000028754
-5/200: 441253.562500/6089.542522/435164.031250/0.000014872
-6/200: 441257.406250/6093.049033/435164.343750/0.000008711
-7/200: 441282.375000/6096.374385/435186.000000/0.000056585
-8/200: 441289.781250/6099.573328/435190.218750/0.000016783
-9/200: 441289.218750/6102.680809/435186.531250/0.000001275
-10/200: 441295.375000/6105.603534/435189.781250/0.000013951
-11/200: 441290.937500/6108.408017/435182.531250/0.000010056
-12/200: 441287.187500/6111.142683/435176.031250/0.000008498
-13/200: 441301.375000/6113.766795/435187.593750/0.000032150
-14/200: 441309.625000/6116.301931/435193.312500/0.000018695
-15/200: 441303.250000/6118.800577/435184.437500/0.000014446
-16/200: 441306.281250/6121.194967/435185.093750/0.000006869
-17/200: 441316.562500/6123.495175/435193.062500/0.000023297
-18/200: 441332.218750/6125.707116/435206.500000/0.000035476
-19/200: 441324.937500/6127.892964/435197.031250/0.000016498
-20/200: 441330.625000/6129.994102/435200.625000/0.000012887
-21/200: 441320.218750/6132.073548/435188.156250/0.000023579
-22/200: 441337.031250/6134.095219/435202.937500/0.000038096
-23/200: 441343.718750/6136.077965/435207.656250/0.000015153
-24/200: 441352.000000/6137.998806/435214.000000/0.000018764
-25/200: 441342.625000/6139.902857/435202.718750/0.000021242
-26/200: 441345.906250/6141.778315/435204.125000/0.000007435
-27/200: 441342.625000/6143.597905/435199.031250/0.000007435
-28/200: 441364.625000/6145.367340/435219.250000/0.000049848
-29/200: 441364.312500/6147.106475/435217.218750/0.000000708
-30/200: 441359.312500/6148.824501/435210.500000/0.000011329
-31/200: 441360.906250/6150.493988/435210.406250/0.000003611
-32/200: 441370.281250/6152.153733/435218.125000/0.000021241
-33/200: 441348.031250/6153.783415/435194.250000/0.000050411
-34/200: 441372.968750/6155.384012/435217.593750/0.000056503
-35/200: 441355.906250/6156.960699/435198.937500/0.000038658
-36/200: 441372.281250/6158.524366/435213.750000/0.000037102
-37/200: 441375.500000/6160.067443/435215.437500/0.000007293
-38/200: 441372.062500/6161.576806/435210.500000/0.000007788
-39/200: 441379.875000/6163.082748/435216.781250/0.000017700
-40/200: 441377.843750/6164.562191/435213.281250/0.000004602
-41/200: 441392.625000/6166.031276/435226.593750/0.000033489
-42/200: 441395.468750/6167.483720/435228.000000/0.000006443
-43/200: 441393.937500/6168.913694/435225.031250/0.000003469
-44/200: 441397.093750/6170.314447/435226.781250/0.000007151
-45/200: 441395.812500/6171.710495/435224.093750/0.000002903
-46/200: 441397.000000/6173.095742/435223.906250/0.000002690
-47/200: 441405.125000/6174.461576/435230.656250/0.000018407
-48/200: 441405.593750/6175.811851/435229.781250/0.000001062
-49/200: 441396.093750/6177.160334/435218.937500/0.000021522
-50/200: 441401.906250/6178.489477/435223.406250/0.000013168
-51/200: 441403.500000/6179.799005/435223.687500/0.000003611
-52/200: 441419.250000/6181.090154/435238.156250/0.000035682
-53/200: 441405.500000/6182.388623/435223.125000/0.000031150
-54/200: 441413.312500/6183.679537/435229.625000/0.000017699
-55/200: 441413.906250/6184.941444/435228.968750/0.000001345
-56/200: 441414.906250/6186.197172/435228.718750/0.000002265
-57/200: 441419.656250/6187.468949/435232.187500/0.000010761
-58/200: 441425.937500/6188.725519/435237.218750/0.000014230
-59/200: 441424.000000/6189.972645/435234.031250/0.000004389
-60/200: 441426.781250/6191.189954/435235.593750/0.000006301
-61/200: 441419.781250/6192.403798/435227.375000/0.000015858
-62/200: 441434.656250/6193.615224/435241.031250/0.000033698
-63/200: 441428.875000/6194.814354/435234.062500/0.000013097
-64/200: 441444.375000/6196.001478/435248.375000/0.000035113
-65/200: 441445.593750/6197.198732/435248.406250/0.000002761
-66/200: 441444.906250/6198.387203/435246.531250/0.000001557
-67/200: 441435.875000/6199.564581/435236.312500/0.000020458
-68/200: 441438.375000/6200.724093/435237.656250/0.000005663
-69/200: 441441.562500/6201.873894/435239.687500/0.000007221
-70/200: 441441.781250/6203.020691/435238.750000/0.000000496
-71/200: 441452.406250/6204.166681/435248.250000/0.000024069
-72/200: 441448.500000/6205.292607/435243.218750/0.000008849
-73/200: 441459.687500/6206.423173/435253.250000/0.000025343
-74/200: 441456.187500/6207.548932/435248.625000/0.000007928
-75/200: 441453.625000/6208.662837/435244.968750/0.000005805
-76/200: 441464.593750/6209.767755/435254.812500/0.000024847
-77/200: 441467.187500/6210.875225/435256.312500/0.000005875
-78/200: 441468.312500/6211.954436/435256.343750/0.000002548
-79/200: 441458.656250/6213.046332/435245.625000/0.000021873
-80/200: 441461.125000/6214.121926/435247.000000/0.000005592
-81/200: 441467.781250/6215.189102/435252.593750/0.000015078
-82/200: 441475.843750/6216.254525/435259.593750/0.000018263
-83/200: 441470.156250/6217.316798/435252.843750/0.000012883
-84/200: 441469.531250/6218.362264/435251.156250/0.000001416
-85/200: 441477.343750/6219.409784/435257.937500/0.000017697
-86/200: 441478.687500/6220.444112/435258.250000/0.000003044
-87/200: 441480.468750/6221.479987/435259.000000/0.000004035
-88/200: 441485.375000/6222.509104/435262.875000/0.000011113
-89/200: 441482.531250/6223.531059/435259.000000/0.000006441
-90/200: 441486.843750/6224.544477/435262.312500/0.000009768
-91/200: 441487.125000/6225.542827/435261.593750/0.000000637
-92/200: 441491.968750/6226.542866/435265.437500/0.000010971
-93/200: 441490.531250/6227.531982/435263.000000/0.000003256
-94/200: 441498.562500/6228.517484/435270.031250/0.000018191
-95/200: 441496.375000/6229.498338/435266.875000/0.000004955
-96/200: 441493.187500/6230.482548/435262.718750/0.000007220
-97/200: 441498.781250/6231.463213/435267.312500/0.000012670
-98/200: 441502.812500/6232.427670/435270.375000/0.000009131
-99/200: 441505.031250/6233.391496/435271.625000/0.000005025
Recall at EP-100 ...
  Columns 1 through 7

    0.0038    0.0066    0.0092    0.0115    0.0131    0.0146    0.0166

  Columns 8 through 10

    0.0181    0.0196    0.0208

Mrr at EP-100 ...
    0.0012

-100/200: 441502.093750/6234.358293/435267.750000/0.000006653
-101/200: 441501.437500/6235.300203/435266.125000/0.000001486
-102/200: 441506.218750/6236.252537/435269.968750/0.000010830
-103/200: 441513.687500/6237.197940/435276.500000/0.000016917
-104/200: 441508.593750/6238.130007/435270.468750/0.000011537
-105/200: 441514.718750/6239.060151/435275.656250/0.000013873
-106/200: 441511.218750/6239.994141/435271.218750/0.000007927
-107/200: 441515.812500/6240.925277/435274.875000/0.000010405
-108/200: 441522.000000/6241.838642/435280.156250/0.000014014
-109/200: 441517.687500/6242.748588/435274.937500/0.000009767
-110/200: 441517.125000/6243.654646/435273.468750/0.000001274
-111/200: 441525.562500/6244.572526/435281.000000/0.000019110
-112/200: 441525.875000/6245.484577/435280.375000/0.000000708
-113/200: 441524.593750/6246.388682/435278.218750/0.000002902
-114/200: 441523.437500/6247.288119/435276.156250/0.000002619
-115/200: 441527.937500/6248.185410/435279.750000/0.000010192
-116/200: 441527.812500/6249.072405/435278.750000/0.000000283
-117/200: 441534.031250/6249.956455/435284.062500/0.000014085
-118/200: 441533.406250/6250.846479/435282.562500/0.000001416
-119/200: 441538.281250/6251.726971/435286.562500/0.000011041
-120/200: 441537.312500/6252.593892/435284.718750/0.000002194
-121/200: 441541.937500/6253.455851/435288.468750/0.000010475
-122/200: 441543.656250/6254.314750/435289.343750/0.000003893
-123/200: 441541.281250/6255.180570/435286.093750/0.000005379
-124/200: 441544.312500/6256.028504/435288.281250/0.000006865
-125/200: 441546.156250/6256.878171/435289.281250/0.000004176
-126/200: 441546.531250/6257.727809/435288.812500/0.000000849
-127/200: 441547.312500/6258.578160/435288.718750/0.000001769
-128/200: 441548.125000/6259.427348/435288.687500/0.000001840
-129/200: 441550.031250/6260.252909/435289.781250/0.000004317
-130/200: 441556.375000/6261.086435/435295.281250/0.000014367
-131/200: 441551.468750/6261.920256/435289.562500/0.000011111
-132/200: 441557.406250/6262.752759/435294.656250/0.000013447
-133/200: 441559.343750/6263.586508/435295.750000/0.000004388
-134/200: 441564.593750/6264.408743/435300.187500/0.000011890
-135/200: 441557.812500/6265.227948/435292.593750/0.000015357
-136/200: 441560.625000/6266.036895/435294.593750/0.000006369
-137/200: 441567.187500/6266.850127/435300.343750/0.000014862
-138/200: 441566.531250/6267.655094/435298.875000/0.000001486
-139/200: 441566.281250/6268.452129/435297.843750/0.000000566
-140/200: 441570.125000/6269.254911/435300.875000/0.000008705
-141/200: 441571.656250/6270.062125/435301.593750/0.000003468
-142/200: 441570.093750/6270.850795/435299.250000/0.000003538
-143/200: 441573.562500/6271.646382/435301.906250/0.000007855
-144/200: 441576.312500/6272.431078/435303.875000/0.000006228
-145/200: 441578.625000/6273.221754/435305.406250/0.000005237
-146/200: 441579.000000/6274.001229/435305.000000/0.000000849
-147/200: 441580.875000/6274.776239/435306.093750/0.000004246
-148/200: 441578.406250/6275.543402/435302.875000/0.000005591
-149/200: 441582.625000/6276.311782/435306.312500/0.000009554
-150/200: 441584.562500/6277.083390/435307.468750/0.000004388
-151/200: 441586.031250/6277.853716/435308.187500/0.000003326
-152/200: 441586.531250/6278.615248/435307.906250/0.000001132
-153/200: 441588.343750/6279.368447/435308.968750/0.000004105
-154/200: 441590.500000/6280.121527/435310.375000/0.000004883
-155/200: 441590.250000/6280.875435/435309.375000/0.000000566
-156/200: 441592.156250/6281.625019/435310.531250/0.000004317
-157/200: 441597.062500/6282.374137/435314.687500/0.000011110
-158/200: 441597.062500/6283.113856/435313.937500/0.000000000
Start evaluating ...
  Columns 1 through 7

    0.0009    0.0016    0.0025    0.0032    0.0038    0.0047    0.0056

  Columns 8 through 10

    0.0063    0.0071    0.0080

   4.1422e-04

Elapsed time is 32870.303261 seconds.
