nohup: ignoring input

                            < M A T L A B (R) >
                  Copyright 1984-2016 The MathWorks, Inc.
                   R2016a (9.0.0.341360) 64-bit (glnxa64)
                             February 11, 2016

 
To get started, type one of these: helpwin, helpdesk, or demo.
For product information, visit www.mathworks.com.
 

	Academic License

Start learning ...
Init data [Dtype: delicious - Dspec: sp2/5050]
Init social model
Using adagrad ...
Load pretrained shallow-model...
Could not use CUDA
Params [lbd-U: 0.1000|lbd-V: 1.0000|lbd-N: 0.1000|lbd-Q: 0.0100]
Staring Sample 2 - Loc: save/bcdl/delicious-alg61-sp2-cold20170227105048228 
CTR(chongwang)-DAE(User graph) Running - Walks(1)...
-1/200: 50697.361093/7119.262988/43578.098105/1.000000000
-2/200: 48950.182356/5452.232293/43497.950063/0.034462913
-3/200: 48041.780967/4540.640751/43501.140216/0.018557671
-4/200: 47735.303337/4223.368041/43511.935296/0.006379398
-5/200: 47563.979109/4049.380497/43514.598612/0.003589047
-6/200: 47454.347159/3939.125574/43515.221585/0.002304936
-7/200: 47384.004069/3866.474448/43517.529621/0.001482332
-8/200: 47335.268128/3817.165584/43518.102544/0.001028532
-9/200: 47300.581271/3782.794430/43517.786841/0.000732791
-10/200: 47276.318813/3758.197019/43518.121794/0.000512942
-11/200: 47257.605798/3740.119888/43517.485910/0.000395822
-12/200: 47243.457004/3726.477834/43516.979170/0.000299397
-13/200: 47233.949807/3715.915570/43518.034237/0.000201238
-14/200: 47226.256506/3707.540780/43518.715726/0.000162877
-15/200: 47218.544174/3700.757727/43517.786447/0.000163306
-16/200: 47213.108225/3695.160105/43517.948120/0.000115123
-17/200: 47209.310486/3690.467607/43518.842879/0.000080438
-18/200: 47206.779856/3686.482586/43520.297270/0.000053604
-19/200: 47202.519725/3683.062541/43519.457184/0.000090244
-20/200: 47199.752205/3680.101861/43519.650344/0.000058631
-21/200: 47195.984871/3677.521539/43518.463332/0.000079817
-22/200: 47195.188521/3675.259056/43519.929465/0.000016873
-23/200: 47193.959012/3673.266440/43520.692572/0.000026052
-24/200: 47192.634070/3671.503976/43521.130094/0.000028074
-25/200: 47190.139944/3669.939450/43520.200494/0.000052850
-26/200: 47188.897106/3668.545926/43520.351180/0.000026337
-27/200: 47187.220569/3667.300730/43519.919839/0.000035528
-28/200: 47188.065400/3666.184114/43521.881286/0.000017904
-29/200: 47186.871275/3665.179939/43521.691336/0.000025306
-30/200: 47185.359251/3664.273504/43521.085747/0.000032043
-31/200: 47184.657008/3663.452275/43521.204733/0.000014883
-32/200: 47184.747169/3662.705910/43522.041259/0.000001911
-33/200: 47181.662487/3662.024774/43519.637713/0.000065375
-34/200: 47183.332659/3661.400441/43521.932218/0.000035399
-35/200: 47181.001443/3660.825954/43520.175489/0.000049408
-36/200: 47182.034226/3660.295388/43521.738838/0.000021890
-37/200: 47181.895079/3659.803035/43522.092044/0.000002949
-38/200: 47180.756391/3659.344282/43521.412109/0.000024134
-39/200: 47180.930290/3658.914896/43522.015394/0.000003686
-40/200: 47180.246349/3658.511017/43521.735332/0.000014496
-41/200: 47181.163753/3658.130119/43523.033634/0.000019445
-42/200: 47180.873460/3657.769115/43523.104345/0.000006153
-43/200: 47180.408868/3657.425608/43522.983260/0.000009847
-44/200: 47180.304673/3657.097496/43523.207177/0.000002208
-45/200: 47179.720029/3656.783062/43522.936967/0.000012392
-46/200: 47179.702819/3656.480817/43523.222002/0.000000365
-47/200: 47180.134945/3656.189610/43523.945335/0.000009159
-48/200: 47179.659953/3655.908092/43523.751861/0.000010068
-49/200: 47178.375986/3655.635898/43522.740088/0.000027214
-50/200: 47178.574314/3655.371643/43523.202671/0.000004204
-51/200: 47178.253653/3655.114852/43523.138801/0.000006797
-52/200: 47179.618545/3654.865271/43524.753274/0.000028931
-53/200: 47177.839023/3654.622717/43523.216306/0.000037718
-54/200: 47178.190847/3654.386977/43523.803870/0.000007457
-55/200: 47178.029807/3654.157294/43523.872513/0.000003413
-56/200: 47177.907615/3653.933968/43523.973647/0.000002590
-57/200: 47178.016276/3653.717324/43524.298952/0.000002303
-58/200: 47178.496747/3653.506684/43524.990063/0.000010184
-59/200: 47177.774039/3653.302298/43524.471741/0.000015319
-60/200: 47177.943647/3653.103432/43524.840215/0.000003595
-61/200: 47176.798957/3652.910892/43523.888065/0.000024263
-62/200: 47178.010870/3652.724279/43525.286591/0.000025689
-63/200: 47177.026887/3652.543611/43524.483276/0.000020857
-64/200: 47178.519265/3652.368448/43526.150817/0.000031634
-65/200: 47178.468153/3652.199338/43526.268815/0.000001083
-66/200: 47178.029387/3652.035654/43525.993733/0.000009300
-67/200: 47176.924369/3651.877386/43525.046983/0.000023422
-68/200: 47176.897848/3651.724011/43525.173837/0.000000562
-69/200: 47176.971247/3651.575310/43525.395937/0.000001556
-70/200: 47176.750491/3651.431612/43525.318879/0.000004679
-71/200: 47177.496556/3651.292853/43526.203703/0.000015814
-72/200: 47176.857811/3651.158050/43525.699761/0.000013539
-73/200: 47177.878594/3651.027793/43526.850801/0.000021637
-74/200: 47177.362953/3650.901558/43526.461395/0.000010930
-75/200: 47176.855579/3650.779152/43526.076427/0.000010755
-76/200: 47177.777797/3650.660456/43527.117341/0.000019548
-77/200: 47177.861237/3650.545552/43527.315685/0.000001769
-78/200: 47177.801542/3650.433560/43527.367982/0.000001265
-79/200: 47176.737370/3650.325372/43526.411998/0.000022557
-80/200: 47176.732187/3650.219806/43526.512381/0.000000110
-81/200: 47177.189745/3650.117449/43527.072296/0.000009699
-82/200: 47178.053141/3650.017802/43528.035339/0.000018301
-83/200: 47177.012069/3649.921122/43527.090947/0.000022067
-84/200: 47176.852231/3649.827145/43527.025086/0.000003388
-85/200: 47177.550086/3649.735634/43527.814452/0.000014792
-86/200: 47177.460258/3649.646246/43527.814012/0.000001904
-87/200: 47177.600193/3649.559408/43528.040785/0.000002966
-88/200: 47177.877836/3649.475126/43528.402710/0.000005885
-89/200: 47177.473807/3649.392980/43528.080827/0.000008564
-90/200: 47177.600830/3649.312686/43528.288144/0.000002692
-91/200: 47177.461602/3649.234306/43528.227296/0.000002951
-92/200: 47177.878234/3649.157901/43528.720333/0.000008831
-93/200: 47177.568261/3649.083376/43528.484885/0.000006570
-94/200: 47178.097020/3649.010520/43529.086500/0.000011208
-95/200: 47177.889261/3648.939773/43528.949488/0.000004404
-96/200: 47177.475576/3648.870726/43528.604850/0.000008769
-97/200: 47177.793928/3648.803356/43528.990572/0.000006748
-98/200: 47178.122955/3648.737436/43529.385519/0.000006974
-99/200: 47178.252431/3648.673064/43529.579367/0.000002744
Recall at EP-100 ...
  Columns 1 through 7

    0.1092    0.1441    0.1578    0.1641    0.1715    0.1790    0.1878

  Columns 8 through 10

    0.1973    0.2066    0.2163

Mrr at EP-100 ...
    0.0230

-100/200: 47177.823735/3648.610424/43529.213311/0.000009087
-101/200: 47177.495399/3648.548584/43528.946815/0.000006960
-102/200: 47177.913792/3648.488558/43529.425234/0.000008868
-103/200: 47178.453347/3648.429805/43530.023542/0.000011437
-104/200: 47177.829580/3648.371979/43529.457601/0.000013221
-105/200: 47178.410930/3648.315590/43530.095340/0.000012323
-106/200: 47177.957562/3648.260697/43529.696865/0.000009610
-107/200: 47178.353534/3648.206903/43530.146631/0.000008393
-108/200: 47178.749822/3648.153764/43530.596058/0.000008400
-109/200: 47178.289222/3648.101964/43530.187258/0.000009763
-110/200: 47178.163363/3648.051167/43530.112196/0.000002668
-111/200: 47178.830493/3648.001818/43530.828675/0.000014141
-112/200: 47178.627432/3647.953681/43530.673751/0.000004304
-113/200: 47178.473693/3647.906356/43530.567337/0.000003259
-114/200: 47178.278693/3647.859916/43530.418777/0.000004133
-115/200: 47178.587766/3647.814480/43530.773286/0.000006551
-116/200: 47178.596055/3647.769810/43530.826245/0.000000176
-117/200: 47179.013143/3647.725911/43531.287232/0.000008841
-118/200: 47178.899237/3647.683091/43531.216146/0.000002414
-119/200: 47179.257072/3647.641031/43531.616041/0.000007585
-120/200: 47179.134061/3647.599581/43531.534480/0.000002607
-121/200: 47179.441076/3647.558765/43531.882311/0.000006507
-122/200: 47179.524407/3647.518947/43532.005460/0.000001766
-123/200: 47179.057768/3647.479899/43531.577869/0.000009891
-124/200: 47179.403466/3647.441470/43531.961996/0.000007327
-125/200: 47179.480664/3647.403858/43532.076806/0.000001636
-126/200: 47179.328870/3647.366927/43531.961943/0.000003217
-127/200: 47179.278332/3647.330949/43531.947383/0.000001071
-128/200: 47179.479099/3647.295722/43532.183377/0.000004255
-129/200: 47179.521679/3647.260176/43532.261503/0.000000903
-130/200: 47180.076385/3647.225874/43532.850511/0.000011757
-131/200: 47179.416082/3647.192465/43532.223617/0.000013995
-132/200: 47179.989054/3647.159505/43532.829549/0.000012145
-133/200: 47180.020646/3647.127493/43532.893153/0.000000670
-134/200: 47180.434803/3647.095758/43533.339045/0.000008778
-135/200: 47179.643974/3647.064618/43532.579356/0.000016762
-136/200: 47179.884636/3647.033726/43532.850910/0.000005101
-137/200: 47180.537323/3647.003478/43533.533845/0.000013834
-138/200: 47180.291171/3646.973882/43533.317289/0.000005217
-139/200: 47180.295583/3646.944561/43533.351022/0.000000094
Start evaluating ...
  Columns 1 through 7

    0.1087    0.1445    0.1574    0.1638    0.1710    0.1778    0.1865

  Columns 8 through 10

    0.1965    0.2063    0.2157

    0.0233

Elapsed time is 42855.926662 seconds.
