nohup: ignoring input

                            < M A T L A B (R) >
                  Copyright 1984-2016 The MathWorks, Inc.
                   R2016a (9.0.0.341360) 64-bit (glnxa64)
                             February 11, 2016

 
To get started, type one of these: helpwin, helpdesk, or demo.
For product information, visit www.mathworks.com.
 

	Academic License

Start learning ...
Init data [Dtype: delicious - Dspec: sp2/0550]
Init social model
Using adagrad ...
Params [lbd-U: 0.0100|lbd-V: 0.0100|lbd-N: 0.0100|lbd-Q: 0.1000]
Staring Sample 2 - Loc: save/ctrsmf/delicious-alg90-sp2-cold20170224185113287 
CTR-SMF Running ...

iter time likelihood converge
0001 000077 -5300732.10529 1.0000000000
0002 000147 -5142485.45092 0.0298537355
0003 000217 -5032385.88289 0.0214097967
0004 000289 -4998372.16331 0.0067589649
0005 000371 -4980223.50033 0.0036309147
0006 000434 -4965504.15852 0.0029555585
0007 000501 -4955359.37614 0.0020430518
0008 000568 -4949094.08316 0.0012643468
0009 000635 -4944823.56446 0.0008628890
0010 000701 -4941620.18057 0.0006478257
0011 000768 -4939017.77547 0.0005266299
0012 000835 -4936808.22773 0.0004473658
0013 000902 -4934894.76996 0.0003875901
0014 000971 -4933218.70700 0.0003396350
0015 001038 -4931737.88917 0.0003001728
0016 001104 -4930420.17450 0.0002671907
0017 001170 -4929240.20603 0.0002393241
0018 001258 -4928177.42820 0.0002156068
0019 001359 -4927214.79791 0.0001953319
0020 001454 -4926337.96698 0.0001779567
0021 001548 -4925534.77535 0.0001630403
0022 001640 -4924794.93168 0.0001502058
0023 001735 -4924109.78726 0.0001391214
0024 001837 -4923472.13045 0.0001294969
0025 001929 -4922875.97101 0.0001210852
0026 002021 -4922316.31791 0.0001136842
0027 002112 -4921788.97398 0.0001071333
0028 002204 -4921290.36756 0.0001013059
0029 002289 -4920817.43104 0.0000961001
0030 002378 -4920367.52780 0.0000914286
0031 002467 -4919938.41423 0.0000872117
0032 002556 -4919528.23205 0.0000833714
0033 002635 -4919135.55686 0.0000798197
0034 002710 -4918759.49122 0.0000764495
0035 002791 -4918399.59597 0.0000731679
0036 002869 -4918055.56537 0.0000699477
0037 002944 -4917726.98763 0.0000668105
0038 003018 -4917413.50905 0.0000637446
0039 003093 -4917114.86264 0.0000607324
0040 003168 -4916830.64869 0.0000578010
0041 003241 -4916560.58628 0.0000549261
0042 003314 -4916304.47114 0.0000520923
0043 003389 -4916061.85806 0.0000493487
0044 003462 -4915832.42770 0.0000466695
0045 003535 -4915615.98553 0.0000440296
0046 003608 -4915412.23376 0.0000414499
0047 003680 -4915220.69745 0.0000389665
0048 003748 -4915040.82248 0.0000365955
0049 003816 -4914872.07975 0.0000343319
0050 003885 -4914713.99306 0.0000321650
0051 003953 -4914566.11826 0.0000300882
0052 004024 -4914428.02314 0.0000280991
0053 004091 -4914299.28515 0.0000261959
0054 004159 -4914179.48855 0.0000243771
0055 004227 -4914068.19690 0.0000226470
0056 004298 -4913964.90166 0.0000210203
0057 004365 -4913868.96946 0.0000195224
0058 004432 -4913779.63447 0.0000181802
0059 004500 -4913696.09582 0.0000170009
0060 004566 -4913617.68883 0.0000159568
0061 004633 -4913543.95243 0.0000150065
0062 004699 -4913474.52937 0.0000141289
0063 004765 -4913409.09988 0.0000133163
0064 004840 -4913347.38813 0.0000125599
0065 004910 -4913289.17274 0.0000118484
0066 004978 -4913234.25985 0.0000111764
0067 005046 -4913182.39081 0.0000105570
0068 005100 -4913133.26360 0.0000099991
Start evaluating ...
  Columns 1 through 7

    0.0049    0.0059    0.0063    0.0068    0.0071    0.0075    0.0078

  Columns 8 through 10

    0.0081    0.0084    0.0088

    0.0020

Elapsed time is 5174.723429 seconds.
