nohup: ignoring input

                            < M A T L A B (R) >
                  Copyright 1984-2016 The MathWorks, Inc.
                   R2016a (9.0.0.341360) 64-bit (glnxa64)
                             February 11, 2016

 
To get started, type one of these: helpwin, helpdesk, or demo.
For product information, visit www.mathworks.com.
 

	Academic License

Start learning ...
Init data [Dtype: delicious - Dspec: sp2/1050]
Init social model
Using adagrad ...
Load pretrained shallow-model...
Params [lbd-U: 0.1000|lbd-V: 1.0000|lbd-N: 0.1000|lbd-Q: 0.1000]
Staring Sample 2 - Loc: save/bcdl/delicious-alg61-sp2-cold20170224185236512 
CTR(chongwang)-DAE(User graph) Running - Walks(1)...
-1/200: 47285.417969/3707.321821/43578.097656/1.000000000
-2/200: 45413.015625/1912.899535/43500.117188/0.039597880
-3/200: 45042.738281/1535.800911/43506.937500/0.008153551
-4/200: 44992.640625/1476.408603/43516.230469/0.001112225
-5/200: 44968.867188/1452.718482/43516.148438/0.000528385
-6/200: 44957.234375/1440.950344/43516.285156/0.000258686
-7/200: 44952.312500/1433.762348/43518.550781/0.000109479
-8/200: 44947.679688/1428.702765/43518.976562/0.000103061
-9/200: 44943.542969/1424.880657/43518.664062/0.000092034
-10/200: 44940.957031/1421.918907/43519.039062/0.000057537
-11/200: 44937.992188/1419.618565/43518.375000/0.000065972
-12/200: 44935.632812/1417.850856/43517.781250/0.000052503
-13/200: 44935.535156/1416.519988/43519.015625/0.000002173
-14/200: 44935.152344/1415.550116/43519.601562/0.000008519
-15/200: 44933.613281/1414.879731/43518.734375/0.000034251
-16/200: 44933.375000/1414.457127/43518.917969/0.000005303
-17/200: 44933.937500/1414.239893/43519.699219/0.000012519
-18/200: 44935.199219/1414.192110/43521.007812/0.000028079
-19/200: 44934.507812/1414.284093/43520.222656/0.000015387
-20/200: 44935.074219/1414.489699/43520.585938/0.000012605
-21/200: 44934.214844/1414.787638/43519.425781/0.000019125
-22/200: 44936.042969/1415.158768/43520.882812/0.000040684
-23/200: 44937.039062/1415.587218/43521.453125/0.000022167
-24/200: 44938.109375/1416.059003/43522.050781/0.000023818
-25/200: 44937.558594/1416.562079/43520.996094/0.000012256
-26/200: 44938.289062/1417.086173/43521.203125/0.000016255
-27/200: 44938.324219/1417.621933/43520.703125/0.000000782
-28/200: 44940.898438/1418.161885/43522.738281/0.000057283
-29/200: 44941.269531/1418.699553/43522.570312/0.000008257
-30/200: 44941.164062/1419.229156/43521.933594/0.000002347
-31/200: 44941.761719/1419.745953/43522.015625/0.000013299
-32/200: 44943.019531/1420.246614/43522.773438/0.000027988
-33/200: 44941.226562/1420.727904/43520.500000/0.000039894
-34/200: 44944.023438/1421.187756/43522.835938/0.000062234
-35/200: 44942.664062/1421.624010/43521.039062/0.000030246
-36/200: 44944.597656/1422.035469/43522.562500/0.000043024
-37/200: 44945.152344/1422.421454/43522.730469/0.000012342
-38/200: 44945.062500/1422.781236/43522.281250/0.000001999
-39/200: 44946.027344/1423.114902/43522.914062/0.000021467
-40/200: 44946.078125/1423.422186/43522.656250/0.000001130
-41/200: 44947.656250/1423.703669/43523.953125/0.000035112
-42/200: 44948.125000/1423.959607/43524.164062/0.000010429
-43/200: 44948.121094/1424.190414/43523.929688/0.000000087
-44/200: 44948.574219/1424.396848/43524.175781/0.000010081
-45/200: 44948.503906/1424.580211/43523.921875/0.000001564
-46/200: 44948.703125/1424.741512/43523.960938/0.000004432
-47/200: 44949.519531/1424.881849/43524.636719/0.000018163
-48/200: 44949.574219/1425.002873/43524.570312/0.000001217
-49/200: 44948.691406/1425.106033/43523.585938/0.000019640
-50/200: 44949.171875/1425.192844/43523.980469/0.000010689
-51/200: 44949.320312/1425.264698/43524.054688/0.000003302
-52/200: 44950.863281/1425.323145/43525.539062/0.000034327
-53/200: 44949.488281/1425.369735/43524.117188/0.000030589
-54/200: 44950.144531/1425.405639/43524.738281/0.000014600
-55/200: 44950.187500/1425.431866/43524.753906/0.000000956
-56/200: 44950.171875/1425.449754/43524.722656/0.000000348
-57/200: 44950.636719/1425.460874/43525.175781/0.000010341
-58/200: 44951.121094/1425.465866/43525.656250/0.000010776
-59/200: 44950.816406/1425.465696/43525.351562/0.000006778
-60/200: 44951.015625/1425.461176/43525.554688/0.000004432
-61/200: 44950.246094/1425.453190/43524.792969/0.000017119
-62/200: 44951.601562/1425.442922/43526.160156/0.000030155
-63/200: 44950.929688/1425.430422/43525.500000/0.000014947
-64/200: 44952.378906/1425.416476/43526.960938/0.000032240
-65/200: 44952.437500/1425.401766/43527.035156/0.000001303
-66/200: 44952.265625/1425.386717/43526.878906/0.000003823
-67/200: 44951.304688/1425.371228/43525.933594/0.000021377
-68/200: 44951.378906/1425.355821/43526.023438/0.000001651
-69/200: 44951.613281/1425.340609/43526.273438/0.000005214
-70/200: 44951.582031/1425.325844/43526.257812/0.000000695
-71/200: 44952.472656/1425.311675/43527.160156/0.000019813
-72/200: 44951.972656/1425.297703/43526.675781/0.000011123
-73/200: 44953.054688/1425.284633/43527.769531/0.000024071
-74/200: 44952.625000/1425.272046/43527.351562/0.000009559
-75/200: 44952.269531/1425.259937/43527.007812/0.000007908
-76/200: 44953.253906/1425.248314/43528.003906/0.000021898
-77/200: 44953.417969/1425.237354/43528.179688/0.000003650
-78/200: 44953.480469/1425.226490/43528.253906/0.000001390
-79/200: 44952.437500/1425.216304/43527.222656/0.000023201
-80/200: 44952.550781/1425.206230/43527.343750/0.000002520
-81/200: 44953.140625/1425.196627/43527.945312/0.000013121
-82/200: 44953.906250/1425.187535/43528.718750/0.000017032
-83/200: 44953.195312/1425.178808/43528.015625/0.000015815
-84/200: 44953.015625/1425.170224/43527.843750/0.000003997
-85/200: 44953.785156/1425.162303/43528.621094/0.000017119
-86/200: 44953.796875/1425.154353/43528.640625/0.000000261
-87/200: 44953.902344/1425.147020/43528.753906/0.000002346
-88/200: 44954.351562/1425.139936/43529.210938/0.000009993
-89/200: 44953.941406/1425.132943/43528.808594/0.000009124
-90/200: 44954.273438/1425.126150/43529.148438/0.000007386
-91/200: 44954.222656/1425.119505/43529.101562/0.000001130
-92/200: 44954.664062/1425.113189/43529.550781/0.000009819
-93/200: 44954.437500/1425.107085/43529.332031/0.000005040
-94/200: 44955.125000/1425.101278/43530.023438/0.000015293
-95/200: 44954.882812/1425.095688/43529.789062/0.000005387
-96/200: 44954.441406/1425.090473/43529.351562/0.000009819
-97/200: 44954.949219/1425.085413/43529.863281/0.000011296
-98/200: 44955.253906/1425.080414/43530.171875/0.000006778
-99/200: 44955.488281/1425.075658/43530.414062/0.000005214
Recall at EP-100 ...
  Columns 1 through 7

    0.0238    0.0378    0.0490    0.0581    0.0648    0.0710    0.0756

  Columns 8 through 10

    0.0807    0.0848    0.0889

Mrr at EP-100 ...
    0.0061

-100/200: 44955.093750/1425.071308/43530.023438/0.000008776
-101/200: 44954.863281/1425.066495/43529.796875/0.000005127
-102/200: 44955.320312/1425.062278/43530.257812/0.000010166
-103/200: 44956.050781/1425.058239/43530.992188/0.000016249
-104/200: 44955.390625/1425.053994/43530.335938/0.000014684
-105/200: 44956.027344/1425.050025/43530.976562/0.000014163
-106/200: 44955.617188/1425.046465/43530.570312/0.000009123
-107/200: 44955.964844/1425.042967/43530.921875/0.000007733
-108/200: 44956.578125/1425.039259/43531.539062/0.000013642
-109/200: 44955.996094/1425.035749/43530.960938/0.000012947
-110/200: 44955.914062/1425.032361/43530.882812/0.000001825
-111/200: 44956.679688/1425.029482/43531.648438/0.000017031
-112/200: 44956.636719/1425.026740/43531.609375/0.000000956
-113/200: 44956.484375/1425.023925/43531.460938/0.000003389
-114/200: 44956.214844/1425.021255/43531.195312/0.000005995
-115/200: 44956.625000/1425.018743/43531.605469/0.000009123
-116/200: 44956.546875/1425.016178/43531.531250/0.000001738
-117/200: 44957.144531/1425.013697/43532.128906/0.000013294
-118/200: 44957.000000/1425.011525/43531.988281/0.000003215
-119/200: 44957.457031/1425.009289/43532.449219/0.000010166
-120/200: 44957.265625/1425.006865/43532.257812/0.000004257
-121/200: 44957.687500/1425.004568/43532.683594/0.000009384
-122/200: 44957.714844/1425.002300/43532.710938/0.000000608
-123/200: 44957.464844/1425.000349/43532.464844/0.000005561
-124/200: 44957.718750/1424.998018/43532.722656/0.000005648
-125/200: 44957.828125/1424.995967/43532.832031/0.000002433
-126/200: 44957.796875/1424.994086/43532.804688/0.000000695
-127/200: 44957.796875/1424.992391/43532.804688/0.000000000
Start evaluating ...
  Columns 1 through 7

    0.0245    0.0387    0.0499    0.0592    0.0660    0.0722    0.0778

  Columns 8 through 10

    0.0824    0.0867    0.0918

    0.0063

Elapsed time is 28340.184859 seconds.
