nohup: ignoring input

                            < M A T L A B (R) >
                  Copyright 1984-2016 The MathWorks, Inc.
                   R2016a (9.0.0.341360) 64-bit (glnxa64)
                             February 11, 2016

 
To get started, type one of these: helpwin, helpdesk, or demo.
For product information, visit www.mathworks.com.
 

	Academic License

Start learning ...
Init data [Dtype: delicious - Dspec: sp2/2550]
Init social model
Using adagrad ...
Params [lbd-U: 0.1000|lbd-V: 0.0100|lbd-N: 0.1000|lbd-Q: 0.0500]
Staring Sample 2 - Loc: save/ctrsmf/delicious-alg90-sp2-cold20170225193345502 
CTR-SMF Running ...

iter time likelihood converge
0001 000283 -30057122.70864 1.0000000000
0002 000559 -29298264.84170 0.0252471893
0003 000846 -28667982.89427 0.0215126032
0004 001126 -28481956.23702 0.0064890041
0005 001401 -28396130.08373 0.0030133518
0006 001672 -28336357.48299 0.0021049559
0007 001944 -28294602.63807 0.0014735431
0008 002217 -28265270.04718 0.0010366850
0009 002488 -28242755.03057 0.0007965612
0010 002757 -28224286.03766 0.0006539374
0011 003028 -28208476.97666 0.0005601226
0012 003297 -28194645.48905 0.0004903309
0013 003568 -28182398.27723 0.0004343808
0014 003837 -28171464.67969 0.0003879584
0015 004081 -28161640.21934 0.0003487380
0016 004290 -28152763.24158 0.0003152152
0017 004489 -28144701.68929 0.0002863503
0018 004689 -28137345.45249 0.0002613720
0019 004876 -28130601.92694 0.0002396646
0020 005058 -28124392.77904 0.0002207257
0021 005239 -28118651.25180 0.0002041476
0022 005408 -28113319.98764 0.0001895989
0023 005587 -28108349.40556 0.0001768052
0024 005768 -28103696.71710 0.0001655269
0025 005949 -28099325.28336 0.0001555466
0026 006129 -28095203.70233 0.0001466790
0027 006308 -28091304.90204 0.0001387710
0028 006489 -28087605.80118 0.0001316813
0029 006669 -28084087.22984 0.0001252713
0030 006850 -28080733.86354 0.0001194045
0031 007031 -28077534.42761 0.0001139370
0032 007212 -28074481.37314 0.0001087366
0033 007393 -28071569.09871 0.0001037339
0034 007574 -28068792.53141 0.0000989103
0035 007754 -28066146.26651 0.0000942778
0036 007935 -28063623.80798 0.0000898755
0037 008116 -28061217.37920 0.0000857490
0038 008296 -28058918.61356 0.0000819197
0039 008476 -28056719.98532 0.0000783576
0040 008656 -28054615.85506 0.0000749956
0041 008836 -28052602.34062 0.0000717712
0042 008981 -28050677.12998 0.0000686286
0043 009134 -28048839.48740 0.0000655115
0044 009314 -28047089.89691 0.0000623766
0045 009463 -28045429.05151 0.0000592163
0046 009642 -28043856.52282 0.0000560708
0047 009822 -28042370.07704 0.0000530043
0048 010000 -28040965.69432 0.0000500807
0049 010179 -28039638.37390 0.0000473350
0050 010351 -28038383.60381 0.0000447499
0051 010511 -28037198.18326 0.0000422785
0052 010624 -28036079.70005 0.0000398928
0053 010722 -28035025.78703 0.0000375913
0054 010819 -28034033.79419 0.0000353841
0055 010948 -28033100.88429 0.0000332778
0056 011063 -28032224.76548 0.0000312530
0057 011160 -28031404.53979 0.0000292601
0058 011258 -28030640.47903 0.0000272573
0059 011378 -28029932.44271 0.0000252594
0060 011487 -28029278.41411 0.0000233332
0061 011595 -28028674.48548 0.0000215463
0062 011693 -28028116.40557 0.0000199110
0063 011798 -28027599.32606 0.0000184486
0064 011895 -28027118.03652 0.0000171720
0065 011993 -28026668.16190 0.0000160514
0066 012090 -28026246.47102 0.0000150461
0067 012191 -28025851.39861 0.0000140965
0068 012288 -28025481.96846 0.0000131818
0069 012416 -28025136.70139 0.0000123198
0070 012540 -28024813.83594 0.0000115206
0071 012664 -28024511.22929 0.0000107978
0072 012765 -28024226.85021 0.0000101475
0073 012918 -28023959.07913 0.0000095550
Start evaluating ...
  Columns 1 through 7

    0.0743    0.0900    0.0966    0.1003    0.1024    0.1039    0.1049

  Columns 8 through 10

    0.1057    0.1064    0.1072

    0.0168

Elapsed time is 13004.906740 seconds.
