nohup: ignoring input

                            < M A T L A B (R) >
                  Copyright 1984-2016 The MathWorks, Inc.
                   R2016a (9.0.0.341360) 64-bit (glnxa64)
                             February 11, 2016

 
To get started, type one of these: helpwin, helpdesk, or demo.
For product information, visit www.mathworks.com.
 

	Academic License

Start learning ...
Init data [Dtype: delicious - Dspec: sp2/2550]
Init social model
Using adagrad ...
Params [lbd-U: 0.0100|lbd-V: 0.1000|lbd-N: 0.0100|lbd-Q: 0.0500]
Staring Sample 2 - Loc: save/ctrsmf/delicious-alg90-sp2-cold20170225193345765 
CTR-SMF Running ...

iter time likelihood converge
0001 000289 -30056643.37373 1.0000000000
0002 000569 -29298173.03409 0.0252346987
0003 000844 -28667840.32947 0.0215144031
0004 001122 -28481764.25374 0.0064907602
0005 001406 -28395895.12181 0.0030148811
0006 001673 -28336086.09412 0.0021062561
0007 001946 -28294300.25438 0.0014746511
0008 002220 -28264941.03434 0.0010376373
0009 002490 -28242402.90512 0.0007973882
0010 002761 -28223913.65676 0.0006546627
0011 003029 -28208086.68543 0.0005607646
0012 003302 -28194239.23305 0.0004909036
0013 003570 -28181977.68873 0.0004348954
0014 003839 -28171031.14310 0.0003884236
0015 004081 -28161194.92081 0.0003491609
0016 004291 -28152307.20715 0.0003156014
0017 004492 -28144235.81441 0.0002867045
0018 004691 -28136870.52510 0.0002616980
0019 004874 -28130118.64572 0.0002399655
0020 005008 -28123901.76796 0.0002210043
0021 005174 -28118153.07183 0.0002044061
0022 005353 -28112815.14624 0.0001898391
0023 005532 -28107838.36456 0.0001770289
0024 005641 -28103179.89925 0.0001657355
0025 005750 -28098803.07792 0.0001557411
0026 005905 -28094676.46969 0.0001468606
0027 006071 -28090772.97745 0.0001389406
0028 006194 -28087069.49759 0.0001318397
0029 006324 -28083546.83972 0.0001254192
0030 006436 -28080189.65959 0.0001195426
0031 006568 -28076986.66238 0.0001140661
0032 006695 -28073930.27825 0.0001088573
0033 006875 -28071014.88381 0.0001038470
0034 007055 -28068235.38347 0.0000990167
0035 007234 -28065586.35050 0.0000943783
0036 007332 -28063061.26918 0.0000899707
0037 007429 -28060652.34719 0.0000858396
0038 007527 -28058351.20672 0.0000820060
0039 007634 -28056150.31498 0.0000784398
0040 007813 -28054044.02837 0.0000750740
0041 007988 -28052028.46192 0.0000718458
0042 008165 -28050101.30124 0.0000686995
0043 008292 -28048261.80796 0.0000655788
0044 008390 -28046510.46316 0.0000624404
0045 008549 -28044847.95632 0.0000592768
0046 008728 -28043273.85486 0.0000561280
0047 008914 -28041785.92020 0.0000530585
0048 009096 -28040380.12694 0.0000501321
0049 009275 -28039051.46882 0.0000473837
0050 009456 -28037795.42955 0.0000447961
0051 009622 -28036608.80491 0.0000423223
0052 009726 -28035489.17935 0.0000399344
0053 009824 -28034434.18258 0.0000376308
0054 009943 -28033441.16186 0.0000354215
0055 010089 -28032507.27781 0.0000333132
0056 010194 -28031630.23703 0.0000312866
0057 010324 -28030809.14015 0.0000292918
0058 010454 -28030044.25707 0.0000272872
0059 010590 -28029335.44464 0.0000252876
0060 010714 -28028680.68290 0.0000233599
0061 010811 -28028076.06092 0.0000215715
0062 010908 -28027517.32428 0.0000199349
0063 011070 -28026999.62006 0.0000184713
0064 011249 -28026517.73454 0.0000171936
0065 011418 -28026067.29095 0.0000160721
0066 011597 -28025645.05739 0.0000150657
0067 011778 -28025249.46777 0.0000141153
0068 011957 -28024879.54382 0.0000131997
0069 012136 -28024533.80444 0.0000123369
0070 012314 -28024210.48695 0.0000115369
0071 012474 -28023907.44837 0.0000108135
0072 012595 -28023622.65830 0.0000101624
0073 012718 -28023354.49840 0.0000095691
Start evaluating ...
  Columns 1 through 7

    0.0740    0.0897    0.0961    0.0993    0.1015    0.1029    0.1043

  Columns 8 through 10

    0.1050    0.1059    0.1065

    0.0167

Elapsed time is 12799.803838 seconds.
