nohup: ignoring input

                            < M A T L A B (R) >
                  Copyright 1984-2016 The MathWorks, Inc.
                   R2016a (9.0.0.341360) 64-bit (glnxa64)
                             February 11, 2016

 
To get started, type one of these: helpwin, helpdesk, or demo.
For product information, visit www.mathworks.com.
 

	Academic License

Start learning ...
Init data [Dtype: delicious - Dspec: sp2/0550]
Init social model
Using adagrad ...
Params [lbd-U: 1.0000|lbd-V: 0.0100|lbd-N: 1.0000|lbd-Q: 0.1000]
Staring Sample 2 - Loc: save/ctrsmf/delicious-alg90-sp2-cold20170224185112010 
CTR-SMF Running ...

iter time likelihood converge
0001 000083 -5310020.94921 1.0000000000
0002 000161 -5147018.50996 0.0306971368
0003 000240 -5035480.57286 0.0216703975
0004 000314 -5000966.63814 0.0068541491
0005 000391 -4982536.29790 0.0036853556
0006 000453 -4967636.19133 0.0029904662
0007 000517 -4957368.10967 0.0020669955
0008 000583 -4951015.62742 0.0012814223
0009 000649 -4946681.88023 0.0008753249
0010 000716 -4943431.75785 0.0006570308
0011 000783 -4940794.27178 0.0005335334
0012 000850 -4938558.05455 0.0004526028
0013 000916 -4936624.09491 0.0003916041
0014 000982 -4934932.10968 0.0003427414
0015 001048 -4933438.80356 0.0003025991
0016 001114 -4932111.19535 0.0002691040
0017 001180 -4930923.30600 0.0002408480
0018 001269 -4929854.11437 0.0002168340
0019 001362 -4928886.22628 0.0001963320
0020 001458 -4928005.02713 0.0001787826
0021 001546 -4927198.15368 0.0001637323
0022 001639 -4926455.15894 0.0001507946
0023 001728 -4925767.27454 0.0001396307
0024 001826 -4925127.19657 0.0001299448
0025 001903 -4924528.86348 0.0001214858
0026 001981 -4923967.22902 0.0001140484
0027 002060 -4923438.05316 0.0001074694
0028 002137 -4922937.73091 0.0001016205
0029 002217 -4922463.16867 0.0000963982
0030 002294 -4922011.70980 0.0000917140
0031 002371 -4921581.09535 0.0000874875
0032 002450 -4921169.45544 0.0000836398
0033 002526 -4920775.35680 0.0000800823
0034 002606 -4920397.89514 0.0000767078
0035 002688 -4920036.62602 0.0000734227
0036 002773 -4919691.23974 0.0000701999
0037 002850 -4919361.32163 0.0000670607
0038 002929 -4919046.51601 0.0000639932
0039 003009 -4918746.55436 0.0000609796
0040 003087 -4918461.03611 0.0000580470
0041 003165 -4918189.68036 0.0000551709
0042 003240 -4917932.28323 0.0000523357
0043 003316 -4917688.40003 0.0000495906
0044 003390 -4917457.71152 0.0000469099
0045 003465 -4917240.02278 0.0000442686
0046 003539 -4917035.03556 0.0000416875
0047 003615 -4916842.27484 0.0000392026
0048 003691 -4916661.18679 0.0000368302
0049 003761 -4916491.24265 0.0000345649
0050 003833 -4916331.96644 0.0000323963
0051 003899 -4916182.91414 0.0000303178
0052 003966 -4916043.65366 0.0000283270
0053 004035 -4915913.76282 0.0000264218
0054 004101 -4915792.82667 0.0000246009
0055 004167 -4915680.40969 0.0000228685
0056 004232 -4915576.00391 0.0000212393
0057 004302 -4915478.97597 0.0000197389
0058 004368 -4915388.55968 0.0000183942
0059 004433 -4915303.95369 0.0000172125
0060 004503 -4915224.49283 0.0000161660
0061 004568 -4915149.71588 0.0000152133
0062 004631 -4915079.26612 0.0000143332
0063 004695 -4915012.82459 0.0000135179
0064 004760 -4914950.11576 0.0000127586
0065 004825 -4914890.91791 0.0000120444
0066 004892 -4914835.03684 0.0000113697
0067 004960 -4914782.21386 0.0000107477
0068 005025 -4914732.14712 0.0000101870
0069 005086 -4914684.63414 0.0000096675
Start evaluating ...
  Columns 1 through 7

    0.0053    0.0064    0.0069    0.0072    0.0077    0.0080    0.0083

  Columns 8 through 10

    0.0086    0.0088    0.0091

    0.0020

Elapsed time is 5166.349919 seconds.
