nohup: ignoring input

                            < M A T L A B (R) >
                  Copyright 1984-2016 The MathWorks, Inc.
                   R2016a (9.0.0.341360) 64-bit (glnxa64)
                             February 11, 2016

 
To get started, type one of these: helpwin, helpdesk, or demo.
For product information, visit www.mathworks.com.
 

	Academic License

Start learning ...
Init data [Dtype: delicious - Dspec: sp2/2550]
Init social model
Using adagrad ...
Load pretrained shallow-model...
Params [lbd-U: 0.1000|lbd-V: 1.0000|lbd-N: 0.1000|lbd-Q: 0.0500]
Staring Sample 2 - Loc: save/bcdl/delicious-alg61-sp2-cold20170225193335743 
CTR(chongwang)-DAE(User graph) Running - Walks(1)...
-1/200: 49571.545651/5993.447546/43578.098105/1.000000000
-2/200: 47694.686709/4196.454949/43498.231760/0.037861618
-3/200: 46854.139836/3352.247398/43501.892438/0.017623491
-4/200: 46630.800284/3117.554966/43513.245318/0.004766698
-5/200: 46514.836336/2999.717036/43515.119300/0.002486853
-6/200: 46447.072490/2931.558053/43515.514437/0.001456822
-7/200: 46407.433119/2889.674728/43517.758391/0.000853431
-8/200: 46380.965282/2862.605834/43518.359448/0.000570336
-9/200: 46362.300418/2844.289035/43518.011383/0.000402425
-10/200: 46349.692130/2831.349548/43518.342582/0.000271951
-11/200: 46339.603570/2821.838744/43517.764826/0.000217662
-12/200: 46331.761088/2814.598268/43517.162820/0.000169239
-13/200: 46327.228813/2808.919848/43518.308965/0.000097822
-14/200: 46323.245392/2804.358651/43518.886741/0.000085984
-15/200: 46318.619893/2800.626652/43517.993241/0.000099853
-16/200: 46315.807961/2797.529273/43518.278688/0.000060708
-17/200: 46313.944332/2794.932502/43519.011830/0.000040237
-18/200: 46313.211955/2792.739170/43520.472785/0.000015813
-19/200: 46310.526527/2790.877242/43519.649285/0.000057984
-20/200: 46309.214712/2789.290500/43519.924212/0.000028327
-21/200: 46306.653860/2787.935266/43518.718594/0.000055299
-22/200: 46306.936923/2786.775219/43520.161704/0.000006113
-23/200: 46306.596912/2785.780940/43520.815972/0.000007343
-24/200: 46306.333793/2784.927636/43521.406157/0.000005682
-25/200: 46304.542685/2784.194395/43520.348290/0.000038680
-26/200: 46304.145520/2783.563379/43520.582141/0.000008577
-27/200: 46303.066985/2783.018532/43520.048453/0.000023292
-28/200: 46304.664733/2782.547106/43522.117627/0.000034506
-29/200: 46304.079625/2782.137340/43521.942285/0.000012636
-30/200: 46303.092640/2781.779189/43521.313451/0.000021315
-31/200: 46302.929298/2781.464100/43521.465198/0.000003528
-32/200: 46303.439643/2781.184976/43522.254667/0.000011022
-33/200: 46300.789121/2780.935607/43519.853514/0.000057242
-34/200: 46302.924302/2780.710694/43522.213608/0.000046115
-35/200: 46300.929177/2780.505592/43520.423585/0.000043089
-36/200: 46302.254314/2780.316588/43521.937726/0.000028620
-37/200: 46302.352736/2780.140483/43522.212253/0.000002126
-38/200: 46301.676187/2779.974368/43521.701819/0.000014612
-39/200: 46302.069364/2779.816093/43522.253271/0.000008492
-40/200: 46301.667747/2779.663535/43522.004212/0.000008674
-41/200: 46302.808133/2779.515385/43523.292748/0.000024629
-42/200: 46302.843930/2779.370086/43523.473844/0.000000773
-43/200: 46302.465738/2779.226592/43523.239146/0.000008168
-44/200: 46302.587837/2779.083765/43523.504072/0.000002637
-45/200: 46302.154986/2778.941513/43523.213473/0.000009348
-46/200: 46302.154363/2778.799182/43523.355181/0.000000013
-47/200: 46302.702391/2778.656417/43524.045974/0.000011836
-48/200: 46302.494886/2778.513268/43523.981618/0.000004481
-49/200: 46301.404395/2778.369824/43523.034571/0.000023551
-50/200: 46301.576623/2778.225898/43523.350725/0.000003720
-51/200: 46301.541083/2778.081728/43523.459355/0.000000768
-52/200: 46302.905656/2777.937596/43524.968060/0.000029471
-53/200: 46301.264642/2777.793830/43523.470812/0.000035441
-54/200: 46301.734520/2777.651001/43524.083519/0.000010148
-55/200: 46301.637525/2777.508754/43524.128771/0.000002095
-56/200: 46301.519536/2777.368020/43524.151516/0.000002548
-57/200: 46301.732736/2777.229334/43524.503402/0.000004605
-58/200: 46302.261562/2777.092607/43525.168955/0.000011421
-59/200: 46301.641277/2776.958320/43524.682957/0.000013396
-60/200: 46301.807554/2776.826249/43524.981305/0.000003591
-61/200: 46300.876543/2776.697306/43524.179237/0.000020107
-62/200: 46302.120291/2776.571565/43525.548726/0.000026862
-63/200: 46301.281185/2776.449022/43524.832163/0.000018122
-64/200: 46302.680808/2776.329630/43526.351178/0.000030229
-65/200: 46302.689222/2776.214052/43526.475170/0.000000182
-66/200: 46302.358040/2776.102105/43526.255935/0.000007153
-67/200: 46301.280815/2775.993487/43525.287328/0.000023265
-68/200: 46301.260585/2775.888119/43525.372466/0.000000437
-69/200: 46301.429225/2775.785802/43525.643423/0.000003642
-70/200: 46301.271461/2775.687053/43525.584408/0.000003407
-71/200: 46302.142005/2775.591709/43526.550296/0.000018802
-72/200: 46301.534738/2775.498938/43526.035800/0.000013115
-73/200: 46302.598367/2775.409319/43527.189048/0.000022972
-74/200: 46302.018699/2775.322745/43526.695954/0.000012519
-75/200: 46301.587868/2775.238657/43526.349211/0.000009305
-76/200: 46302.531103/2775.157152/43527.373951/0.000020372
-77/200: 46302.708795/2775.078339/43527.630456/0.000003838
-78/200: 46302.595499/2775.001437/43527.594062/0.000002447
-79/200: 46301.619941/2774.927116/43526.692825/0.000021069
-80/200: 46301.605166/2774.854766/43526.750400/0.000000319
-81/200: 46302.074427/2774.784770/43527.289657/0.000010135
-82/200: 46302.927554/2774.716602/43528.210952/0.000018425
-83/200: 46302.032115/2774.650484/43527.381631/0.000019339
-84/200: 46301.852608/2774.586062/43527.266546/0.000003877
-85/200: 46302.570355/2774.523401/43528.046954/0.000015501
-86/200: 46302.571639/2774.462266/43528.109373/0.000000028
-87/200: 46302.650453/2774.402937/43528.247516/0.000001702
-88/200: 46302.993450/2774.345331/43528.648119/0.000007408
-89/200: 46302.606881/2774.289242/43528.317639/0.000008349
-90/200: 46302.818948/2774.234319/43528.584629/0.000004580
-91/200: 46302.633375/2774.180738/43528.452637/0.000004008
-92/200: 46303.101747/2774.128622/43528.973125/0.000010115
-93/200: 46302.816589/2774.077712/43528.738877/0.000006159
-94/200: 46303.463222/2774.028138/43529.435084/0.000013965
-95/200: 46303.219232/2773.979692/43529.239540/0.000005269
-96/200: 46302.793132/2773.932660/43528.860472/0.000009202
-97/200: 46303.171025/2773.886790/43529.284235/0.000008161
-98/200: 46303.492861/2773.841682/43529.651179/0.000006951
-99/200: 46303.628828/2773.797902/43529.830926/0.000002936
Recall at EP-100 ...
  Columns 1 through 7

    0.0719    0.0924    0.1013    0.1094    0.1170    0.1256    0.1364

  Columns 8 through 10

    0.1474    0.1595    0.1714

Mrr at EP-100 ...
    0.0164

-100/200: 46303.195886/2773.755336/43529.440550/0.000009350
-101/200: 46302.966250/2773.713003/43529.253247/0.000004959
-102/200: 46303.399882/2773.672150/43529.727732/0.000009365
-103/200: 46303.962571/2773.632293/43530.330278/0.000012152
-104/200: 46303.352146/2773.592723/43529.759423/0.000013183
-105/200: 46303.967588/2773.554426/43530.413162/0.000013292
-106/200: 46303.488014/2773.516995/43529.971019/0.000010357
-107/200: 46303.917234/2773.480517/43530.436717/0.000009270
-108/200: 46304.396842/2773.444258/43530.952584/0.000010358
-109/200: 46303.838583/2773.408905/43530.429678/0.000012056
-110/200: 46303.754396/2773.374390/43530.380006/0.000001818
-111/200: 46304.425751/2773.340980/43531.084771/0.000014499
-112/200: 46304.300169/2773.308242/43530.991927/0.000002712
-113/200: 46304.151407/2773.275996/43530.875411/0.000003213
-114/200: 46303.936308/2773.244460/43530.691848/0.000004645
-115/200: 46304.241415/2773.213556/43531.027859/0.000006589
-116/200: 46304.214002/2773.183128/43531.030874/0.000000592
-117/200: 46304.714843/2773.153384/43531.561459/0.000010816
-118/200: 46304.612972/2773.124444/43531.488528/0.000002200
-119/200: 46305.009803/2773.095759/43531.914044/0.000008570
-120/200: 46304.860811/2773.067640/43531.793171/0.000003218
-121/200: 46305.168761/2773.039976/43532.128785/0.000006650
-122/200: 46305.279826/2773.012768/43532.267058/0.000002399
-123/200: 46304.918613/2772.986498/43531.932115/0.000007801
-124/200: 46305.143423/2772.960395/43532.183028/0.000004855
-125/200: 46305.195842/2772.934728/43532.261114/0.000001132
-126/200: 46305.147002/2772.909683/43532.237319/0.000001055
-127/200: 46305.146854/2772.885306/43532.261548/0.000000003
Start evaluating ...
  Columns 1 through 7

    0.0712    0.0921    0.1011    0.1094    0.1167    0.1255    0.1356

  Columns 8 through 10

    0.1467    0.1587    0.1710

    0.0166

Elapsed time is 23100.847456 seconds.
