nohup: ignoring input

                            < M A T L A B (R) >
                  Copyright 1984-2016 The MathWorks, Inc.
                   R2016a (9.0.0.341360) 64-bit (glnxa64)
                             February 11, 2016

 
To get started, type one of these: helpwin, helpdesk, or demo.
For product information, visit www.mathworks.com.
 

	Academic License

Start learning ...
Init data [Dtype: delicious - Dspec: sp2/5050]
Init social model
Using adagrad ...
Params [lbd-U: 10.0000|lbd-V: 0.0100|lbd-N: 10.0000|lbd-Q: 0.0100]
Staring Sample 2 - Loc: save/ctr/delicious-alg80-sp2-cold20170226164406399 
CTR(chongwang) Running ...

iter time likelihood:[r:u:v] converge
0001 000442 -22667.00000:[0.00000:0.00000:-0.00000] 1.0000000000
0002 000890 -19894.02131:[6023.44032:-243.91953:-893.87789] 0.1223354962
0003 001335 -3944.53718:[40337.42992:-1447.36401:-964.65609] 0.8017224816
0004 001792 -3786.35494:[40408.84479:-1324.51379:-1004.98248] 0.0401015954
0005 002231 -3722.63958:[40400.45888:-1256.55772:-1033.97054] 0.0168276264
0006 002638 -3688.02940:[40384.68897:-1214.10408:-1054.86333] 0.0092972138
0007 003039 -3666.96615:[40370.16287:-1185.85466:-1069.86568] 0.0057112490
0008 003437 -3652.94423:[40358.87260:-1166.27586:-1080.71745] 0.0038238465
0009 003823 -3642.90585:[40350.78578:-1152.28176:-1088.60922] 0.0027480236
0010 004191 -3635.27945:[40345.36815:-1142.02830:-1094.36483] 0.0020934941
0011 004556 -3629.21106:[40342.03465:-1134.36712:-1098.56329] 0.0016693049
0012 004920 -3624.21263:[40340.27277:-1128.55372:-1101.61707] 0.0013772763
0013 005283 -3619.99009:[40339.66837:-1124.08749:-1103.82375] 0.0011650928
0014 005623 -3616.35633:[40339.89953:-1120.62113:-1105.40048] 0.0010038046
0015 005926 -3613.18586:[40340.72122:-1117.90746:-1106.50734] 0.0008767026
0016 006211 -3610.39036:[40341.94925:-1115.76678:-1107.26325] 0.0007736946
0017 006483 -3607.90498:[40343.44640:-1114.06631:-1107.75717] 0.0006883945
0018 006749 -3605.68045:[40345.11118:-1112.70657:-1108.05594] 0.0006165734
0019 007014 -3603.67817:[40346.86912:-1111.61223:-1108.21000] 0.0005553102
0020 007281 -3601.86730:[40348.66603:-1110.72576:-1108.25750] 0.0005025082
0021 007546 -3600.22264:[40350.46301:-1110.00287:-1108.22733] 0.0004566125
0022 007802 -3598.72337:[40352.23255:-1109.40931:-1108.14138] 0.0004164371
0023 008058 -3597.35205:[40353.95569:-1108.91839:-1108.01623] 0.0003810570
0024 008317 -3596.09393:[40355.61980:-1108.50930:-1107.86440] 0.0003497368
0025 008571 -3594.93641:[40357.21698:-1108.16567:-1107.69531] 0.0003218830
0026 008829 -3593.86867:[40358.74276:-1107.87464:-1107.51601] 0.0002970104
0027 009085 -3592.88137:[40360.19524:-1107.62606:-1107.33176] 0.0002747173
0028 009346 -3591.96638:[40361.57430:-1107.41187:-1107.14642] 0.0002546682
0029 009596 -3591.11659:[40362.88114:-1107.22570:-1106.96279] 0.0002365802
0030 009844 -3590.32578:[40364.11782:-1107.06244:-1106.78286] 0.0002202136
0031 010082 -3589.58846:[40365.28702:-1106.91804:-1106.60804] 0.0002053643
0032 010317 -3588.89977:[40366.39174:-1106.78926:-1106.43922] 0.0001918575
0033 010553 -3588.25540:[40367.43525:-1106.67346:-1106.27700] 0.0001795432
0034 010787 -3587.65153:[40368.42085:-1106.56856:-1106.12165] 0.0001682918
0035 011022 -3587.08471:[40369.35189:-1106.47286:-1105.97330] 0.0001579914
0036 011257 -3586.55187:[40370.23163:-1106.38498:-1105.83190] 0.0001485442
0037 011491 -3586.05024:[40371.06323:-1106.30379:-1105.69731] 0.0001398638
0038 011728 -3585.57734:[40371.84973:-1106.22837:-1105.56932] 0.0001318731
0039 011933 -3585.13092:[40372.59400:-1106.15799:-1105.44767] 0.0001245038
0040 012161 -3584.70897:[40373.29877:-1106.09200:-1105.33210] 0.0001176952
0041 012378 -3584.30965:[40373.96657:-1106.02991:-1105.22231] 0.0001113936
0042 012610 -3583.93133:[40374.59980:-1105.97128:-1105.11800] 0.0001055512
0043 012844 -3583.57248:[40375.20069:-1105.91574:-1105.01888] 0.0001001258
0044 013051 -3583.23176:[40375.77131:-1105.86300:-1104.92466] 0.0000950802
0045 013284 -3582.90790:[40376.31361:-1105.81280:-1104.83507] 0.0000903811
0046 013518 -3582.59977:[40376.82937:-1105.76492:-1104.74984] 0.0000859985
0047 013753 -3582.30634:[40377.32028:-1105.71916:-1104.66870] 0.0000819054
0048 014056 -3582.02664:[40377.78789:-1105.67537:-1104.59142] 0.0000780782
0049 014523 -3581.75980:[40378.23364:-1105.63340:-1104.51777] 0.0000744954
0050 015069 -3581.50500:[40378.65887:-1105.59313:-1104.44753] 0.0000711375
0051 015604 -3581.26151:[40379.06482:-1105.55444:-1104.38049] 0.0000679861
0052 016137 -3581.02864:[40379.45265:-1105.51723:-1104.31647] 0.0000650244
0053 016672 -3580.80576:[40379.82342:-1105.48141:-1104.25529] 0.0000622370
0054 017208 -3580.59231:[40380.17812:-1105.44691:-1104.19681] 0.0000596105
0055 017720 -3580.38774:[40380.51767:-1105.41366:-1104.14086] 0.0000571336
0056 018233 -3580.19155:[40380.84294:-1105.38158:-1104.08730] 0.0000547960
0057 018751 -3580.00327:[40381.15473:-1105.35061:-1104.03600] 0.0000525886
0058 019262 -3579.82247:[40381.45379:-1105.32071:-1103.98682] 0.0000505033
0059 019774 -3579.64873:[40381.74083:-1105.29182:-1103.93965] 0.0000485321
0060 020292 -3579.48168:[40382.01651:-1105.26390:-1103.89435] 0.0000466677
0061 020792 -3579.32095:[40382.28143:-1105.23689:-1103.85084] 0.0000449032
0062 021300 -3579.16621:[40382.53618:-1105.21076:-1103.80899] 0.0000432320
0063 021808 -3579.01714:[40382.78129:-1105.18547:-1103.76872] 0.0000416477
0064 022318 -3578.87347:[40383.01724:-1105.16097:-1103.72995] 0.0000401438
0065 022824 -3578.73491:[40383.24451:-1105.13724:-1103.69259] 0.0000387143
0066 023329 -3578.60123:[40383.46353:-1105.11424:-1103.65657] 0.0000373537
0067 023831 -3578.47220:[40383.67468:-1105.09194:-1103.62185] 0.0000360573
0068 024336 -3578.34759:[40383.87836:-1105.07031:-1103.58835] 0.0000348211
0069 024843 -3578.22721:[40384.07491:-1105.04932:-1103.55602] 0.0000336418
0070 025350 -3578.11086:[40384.26468:-1105.02895:-1103.52481] 0.0000325163
0071 025856 -3577.99836:[40384.44797:-1105.00917:-1103.49466] 0.0000314418
0072 026359 -3577.88953:[40384.62509:-1104.98996:-1103.46552] 0.0000304156
0073 026865 -3577.78422:[40384.79633:-1104.97130:-1103.43736] 0.0000294348
0074 027373 -3577.68226:[40384.96194:-1104.95317:-1103.41012] 0.0000284969
0075 027867 -3577.58352:[40385.12217:-1104.93554:-1103.38376] 0.0000275994
0076 028368 -3577.48785:[40385.27728:-1104.91841:-1103.35825] 0.0000267404
0077 028869 -3577.39513:[40385.42747:-1104.90174:-1103.33354] 0.0000259183
0078 029375 -3577.30523:[40385.57297:-1104.88553:-1103.30960] 0.0000251313
0079 029883 -3577.21802:[40385.71398:-1104.86976:-1103.28640] 0.0000243777
0080 030388 -3577.13340:[40385.85068:-1104.85440:-1103.26389] 0.0000236559
0081 030898 -3577.05125:[40385.98327:-1104.83945:-1103.24205] 0.0000229644
0082 031404 -3576.97148:[40386.11191:-1104.82489:-1103.22085] 0.0000223016
0083 031912 -3576.89398:[40386.23677:-1104.81071:-1103.20025] 0.0000216659
0084 032425 -3576.81866:[40386.35800:-1104.79689:-1103.18024] 0.0000210558
0085 032937 -3576.74545:[40386.47574:-1104.78341:-1103.16079] 0.0000204696
0086 033448 -3576.67425:[40386.59014:-1104.77028:-1103.14187] 0.0000199061
0087 033958 -3576.60499:[40386.70131:-1104.75746:-1103.12346] 0.0000193638
0088 034476 -3576.53760:[40386.80939:-1104.74496:-1103.10556] 0.0000188418
0089 034987 -3576.47201:[40386.91448:-1104.73276:-1103.08813] 0.0000183389
0090 035499 -3576.40816:[40387.01671:-1104.72085:-1103.07116] 0.0000178542
0091 036002 -3576.34597:[40387.11618:-1104.70923:-1103.05464] 0.0000173872
0092 036494 -3576.28540:[40387.21299:-1104.69788:-1103.03855] 0.0000169372
0093 036982 -3576.22638:[40387.30723:-1104.68679:-1103.02286] 0.0000165039
0094 037465 -3576.16885:[40387.39901:-1104.67595:-1103.00757] 0.0000160863
0095 037955 -3576.11276:[40387.48842:-1104.66537:-1102.99267] 0.0000156836
0096 038446 -3576.05807:[40387.57553:-1104.65502:-1102.97812] 0.0000152948
0097 038934 -3576.00471:[40387.66042:-1104.64490:-1102.96393] 0.0000149192
0098 039419 -3575.95266:[40387.74318:-1104.63501:-1102.95009] 0.0000145563
0099 039908 -3575.90186:[40387.82387:-1104.62533:-1102.93657] 0.0000142057
0100 040394 -3575.85227:[40387.90258:-1104.61586:-1102.92338] 0.0000138670
0101 040941 -3575.80386:[40387.97936:-1104.60660:-1102.91049] 0.0000135398
0102 041415 -3575.75657:[40388.05428:-1104.59754:-1102.89789] 0.0000132236
0103 041818 -3575.71038:[40388.12740:-1104.58867:-1102.88558] 0.0000129180
0104 042215 -3575.66525:[40388.19879:-1104.57998:-1102.87355] 0.0000126223
0105 042606 -3575.62114:[40388.26850:-1104.57148:-1102.86178] 0.0000123360
0106 042995 -3575.57802:[40388.33659:-1104.56315:-1102.85027] 0.0000120589
0107 043381 -3575.53586:[40388.40310:-1104.55499:-1102.83901] 0.0000117905
0108 043745 -3575.49463:[40388.46809:-1104.54700:-1102.82800] 0.0000115305
0109 044111 -3575.45431:[40388.53161:-1104.53916:-1102.81722] 0.0000112782
0110 044465 -3575.41486:[40388.59369:-1104.53149:-1102.80666] 0.0000110334
0111 044824 -3575.37626:[40388.65439:-1104.52396:-1102.79633] 0.0000107959
0112 045182 -3575.33849:[40388.71375:-1104.51659:-1102.78622] 0.0000105654
0113 045540 -3575.30151:[40388.77180:-1104.50935:-1102.77631] 0.0000103418
0114 045894 -3575.26531:[40388.82859:-1104.50226:-1102.76661] 0.0000101249
0115 046253 -3575.22986:[40388.88415:-1104.49530:-1102.75710] 0.0000099144
Start evaluating ...
  Columns 1 through 7

    0.1060    0.1406    0.1530    0.1579    0.1613    0.1645    0.1664

  Columns 8 through 10

    0.1678    0.1691    0.1702

    0.0209

Elapsed time is 46410.538597 seconds.
