nohup: ignoring input

                            < M A T L A B (R) >
                  Copyright 1984-2016 The MathWorks, Inc.
                   R2016a (9.0.0.341360) 64-bit (glnxa64)
                             February 11, 2016

 
To get started, type one of these: helpwin, helpdesk, or demo.
For product information, visit www.mathworks.com.
 

	Academic License

Start learning ...
Init data [Dtype: delicious - Dspec: sp2/1050]
Init social model
Using adagrad ...
Could not use CUDA
Params [lbd-U: 10.0000|lbd-V: 100.0000|lbd-N: 10.0000|lbd-Q: 0.1000]
Staring Sample 2 - Loc: save/ctr/delicious-alg80-sp2-cold20170224191129070 
CTR(chongwang) Running ...

iter time likelihood:[r:u:v] converge
0001 000123 -5099.00000:[0.00000:0.00000:-0.00000] 1.0000000000
0002 000238 -5082.04913:[35.02747:-17.07854:-0.13190] 0.0033243523
0003 000350 -5079.70374:[39.74263:-19.40268:-0.14853] 0.0004615038
0004 000463 -5079.71602:[39.23408:-18.91178:-0.14510] 0.0000024162
Start evaluating ...
  Columns 1 through 7

    0.0001    0.0003    0.0005    0.0005    0.0008    0.0011    0.0013

  Columns 8 through 10

    0.0016    0.0018    0.0020

   1.2853e-04

Elapsed time is 588.907941 seconds.
