nohup: ignoring input

                            < M A T L A B (R) >
                  Copyright 1984-2016 The MathWorks, Inc.
                   R2016a (9.0.0.341360) 64-bit (glnxa64)
                             February 11, 2016

 
To get started, type one of these: helpwin, helpdesk, or demo.
For product information, visit www.mathworks.com.
 

	Academic License

Start learning ...
Init data [Dtype: delicious - Dspec: sp2/0550]
Init social model
Using adagrad ...
Load pretrained shallow-model...
Params [lbd-U: 100.0000|lbd-V: 0.0100|lbd-N: 100.0000|lbd-Q: 0.1000]
Staring Sample 2 - Loc: save/bcdl/delicious-alg61-sp2-cold20170224185050315 
CTR(chongwang)-DAE(User graph) Running - Walks(1)...
-1/200: 43580092.000000/1994.537735/43578096.000000/1.000000000
-2/200: 43522048.000000/1605.798085/43520444.000000/0.001331893
-3/200: 43520796.000000/1566.903242/43519228.000000/0.000028767
-4/200: 43520856.000000/1567.282786/43519288.000000/0.000001379
-5/200: 43519728.000000/1569.901448/43518160.000000/0.000025919
-6/200: 43519792.000000/1572.946827/43518220.000000/0.000001471
-7/200: 43522056.000000/1576.120955/43520480.000000/0.000052022
-8/200: 43522532.000000/1579.350971/43520952.000000/0.000010937
-9/200: 43522200.000000/1582.622523/43520616.000000/0.000007628
-10/200: 43522572.000000/1585.839715/43520988.000000/0.000008547
-11/200: 43521856.000000/1589.031764/43520268.000000/0.000016451
-12/200: 43521240.000000/1592.231909/43519648.000000/0.000014154
-13/200: 43522476.000000/1595.389638/43520880.000000/0.000028400
-14/200: 43523092.000000/1598.518272/43521492.000000/0.000014154
-15/200: 43522236.000000/1601.649177/43520636.000000/0.000019668
-16/200: 43522324.000000/1604.712302/43520720.000000/0.000002022
-17/200: 43523152.000000/1607.730487/43521544.000000/0.000019025
-18/200: 43524592.000000/1610.698966/43522980.000000/0.000033086
-19/200: 43523644.000000/1613.657452/43522032.000000/0.000021781
-20/200: 43524036.000000/1616.560349/43522420.000000/0.000009007
-21/200: 43522808.000000/1619.466372/43521188.000000/0.000028214
-22/200: 43524336.000000/1622.321889/43522712.000000/0.000035108
-23/200: 43524860.000000/1625.153504/43523236.000000/0.000012039
-24/200: 43525536.000000/1627.949430/43523908.000000/0.000015531
-25/200: 43524440.000000/1630.738770/43522808.000000/0.000025181
-26/200: 43524584.000000/1633.505005/43522952.000000/0.000003308
-27/200: 43524100.000000/1636.221533/43522464.000000/0.000011120
-28/200: 43526204.000000/1638.887360/43524564.000000/0.000048341
-29/200: 43525992.000000/1641.534422/43524352.000000/0.000004871
-30/200: 43525372.000000/1644.168729/43523728.000000/0.000014244
-31/200: 43525368.000000/1646.743868/43523720.000000/0.000000092
-32/200: 43526184.000000/1649.311417/43524536.000000/0.000018748
-33/200: 43523796.000000/1651.841012/43522144.000000/0.000054864
-34/200: 43526192.000000/1654.351200/43524536.000000/0.000055050
-35/200: 43524320.000000/1656.820801/43522664.000000/0.000043009
-36/200: 43525852.000000/1659.277268/43524192.000000/0.000035199
-37/200: 43526052.000000/1661.696410/43524392.000000/0.000004595
-38/200: 43525584.000000/1664.085671/43523920.000000/0.000010752
-39/200: 43526248.000000/1666.454544/43524580.000000/0.000015255
-40/200: 43525916.000000/1668.799408/43524248.000000/0.000007628
-41/200: 43527292.000000/1671.122997/43525620.000000/0.000031613
-42/200: 43527476.000000/1673.418409/43525804.000000/0.000004227
-43/200: 43527180.000000/1675.682469/43525504.000000/0.000006800
-44/200: 43527376.000000/1677.902484/43525700.000000/0.000004503
-45/200: 43527160.000000/1680.106341/43525480.000000/0.000004962
-46/200: 43527132.000000/1682.296632/43525448.000000/0.000000643
-47/200: 43527848.000000/1684.449203/43526164.000000/0.000016450
-48/200: 43527784.000000/1686.581143/43526096.000000/0.000001470
-49/200: 43526688.000000/1688.690552/43525000.000000/0.000025179
-50/200: 43527188.000000/1690.774775/43525496.000000/0.000011487
-51/200: 43527216.000000/1692.823423/43525524.000000/0.000000643
-52/200: 43528704.000000/1694.843891/43527008.000000/0.000034186
-53/200: 43527208.000000/1696.857782/43525512.000000/0.000034368
-54/200: 43527916.000000/1698.853673/43526216.000000/0.000016266
-55/200: 43527824.000000/1700.809959/43526124.000000/0.000002114
-56/200: 43527840.000000/1702.745612/43526136.000000/0.000000368
-57/200: 43528240.000000/1704.682068/43526536.000000/0.000009190
-58/200: 43528764.000000/1706.595971/43527056.000000/0.000012038
-59/200: 43528476.000000/1708.483846/43526768.000000/0.000006616
-60/200: 43528596.000000/1710.335652/43526884.000000/0.000002757
-61/200: 43527804.000000/1712.166169/43526092.000000/0.000018195
-62/200: 43529216.000000/1713.984289/43527504.000000/0.000032439
-63/200: 43528524.000000/1715.782739/43526808.000000/0.000015897
-64/200: 43529968.000000/1717.553724/43528252.000000/0.000033174
-65/200: 43530020.000000/1719.321256/43528300.000000/0.000001195
-66/200: 43529868.000000/1721.071624/43528148.000000/0.000003492
-67/200: 43528876.000000/1722.798682/43527152.000000/0.000022789
-68/200: 43528988.000000/1724.495790/43527264.000000/0.000002573
-69/200: 43529228.000000/1726.174066/43527500.000000/0.000005514
-70/200: 43529168.000000/1727.832831/43527440.000000/0.000001378
-71/200: 43530128.000000/1729.485445/43528400.000000/0.000022054
-72/200: 43529628.000000/1731.098300/43527896.000000/0.000011486
-73/200: 43530676.000000/1732.707161/43528944.000000/0.000024076
-74/200: 43530236.000000/1734.303908/43528500.000000/0.000010108
-75/200: 43529888.000000/1735.873612/43528152.000000/0.000007994
-76/200: 43530872.000000/1737.429869/43529136.000000/0.000022605
-77/200: 43531076.000000/1738.972488/43529336.000000/0.000004686
-78/200: 43531048.000000/1740.482116/43529308.000000/0.000000643
-79/200: 43530020.000000/1741.983564/43528280.000000/0.000023615
-80/200: 43530192.000000/1743.463153/43528448.000000/0.000003951
-81/200: 43530764.000000/1744.927253/43529020.000000/0.000013140
-82/200: 43531476.000000/1746.377131/43529728.000000/0.000016356
-83/200: 43530820.000000/1747.812673/43529072.000000/0.000015070
-84/200: 43530652.000000/1749.222521/43528904.000000/0.000003859
-85/200: 43531368.000000/1750.625469/43529616.000000/0.000016448
-86/200: 43531400.000000/1752.002293/43529648.000000/0.000000735
-87/200: 43531512.000000/1753.371404/43529760.000000/0.000002573
-88/200: 43531908.000000/1754.732235/43530152.000000/0.000009097
-89/200: 43531552.000000/1756.068637/43529796.000000/0.000008178
-90/200: 43531900.000000/1757.388668/43530144.000000/0.000007994
-91/200: 43531808.000000/1758.687675/43530048.000000/0.000002113
-92/200: 43532224.000000/1759.973550/43530464.000000/0.000009556
-93/200: 43531992.000000/1761.245600/43530232.000000/0.000005329
-94/200: 43532696.000000/1762.501193/43530932.000000/0.000016172
-95/200: 43532416.000000/1763.745374/43530652.000000/0.000006432
-96/200: 43532028.000000/1764.981243/43530264.000000/0.000008913
-97/200: 43532508.000000/1766.202256/43530740.000000/0.000011026
-98/200: 43532816.000000/1767.406341/43531048.000000/0.000007075
-99/200: 43532952.000000/1768.600379/43531184.000000/0.000003124
Recall at EP-100 ...
  Columns 1 through 7

    0.0130    0.0207    0.0263    0.0316    0.0370    0.0413    0.0449

  Columns 8 through 10

    0.0487    0.0521    0.0554

Mrr at EP-100 ...
    0.0038

-100/200: 43532620.000000/1769.782003/43530852.000000/0.000007626
-101/200: 43532456.000000/1770.936451/43530684.000000/0.000003767
-102/200: 43532864.000000/1772.094906/43531092.000000/0.000009372
-103/200: 43533508.000000/1773.232245/43531736.000000/0.000014793
-104/200: 43532900.000000/1774.352150/43531124.000000/0.000013966
-105/200: 43533444.000000/1775.462863/43531668.000000/0.000012496
-106/200: 43533052.000000/1776.567208/43531276.000000/0.000009005
-107/200: 43533432.000000/1777.661526/43531656.000000/0.000008729
-108/200: 43533912.000000/1778.733443/43532132.000000/0.000011026
-109/200: 43533428.000000/1779.794157/43531648.000000/0.000011118
-110/200: 43533320.000000/1780.847124/43531540.000000/0.000002481
-111/200: 43534120.000000/1781.898354/43532340.000000/0.000018377
-112/200: 43534064.000000/1782.936459/43532280.000000/0.000001286
-113/200: 43533852.000000/1783.958449/43532068.000000/0.000004870
-114/200: 43533692.000000/1784.974900/43531908.000000/0.000003675
-115/200: 43534064.000000/1785.975960/43532280.000000/0.000008545
-116/200: 43533952.000000/1786.963975/43532164.000000/0.000002573
-117/200: 43534476.000000/1787.939649/43532688.000000/0.000012037
-118/200: 43534392.000000/1788.915336/43532604.000000/0.000001930
-119/200: 43534788.000000/1789.873964/43533000.000000/0.000009096
-120/200: 43534572.000000/1790.813241/43532780.000000/0.000004962
-121/200: 43534972.000000/1791.743520/43533180.000000/0.000009188
-122/200: 43535076.000000/1792.661364/43533284.000000/0.000002389
-123/200: 43534812.000000/1793.575924/43533020.000000/0.000006064
-124/200: 43534976.000000/1794.471278/43533180.000000/0.000003767
-125/200: 43535100.000000/1795.361506/43533304.000000/0.000002848
-126/200: 43535112.000000/1796.240802/43533316.000000/0.000000276
-127/200: 43535116.000000/1797.117265/43533320.000000/0.000000092
Start evaluating ...
  Columns 1 through 7

    0.0129    0.0206    0.0264    0.0317    0.0362    0.0405    0.0441

  Columns 8 through 10

    0.0476    0.0510    0.0543

    0.0038

Elapsed time is 23694.098997 seconds.
