nohup: ignoring input

                            < M A T L A B (R) >
                  Copyright 1984-2016 The MathWorks, Inc.
                   R2016a (9.0.0.341360) 64-bit (glnxa64)
                             February 11, 2016

 
To get started, type one of these: helpwin, helpdesk, or demo.
For product information, visit www.mathworks.com.
 

	Academic License

Start learning ...
Init data [Dtype: delicious - Dspec: sp2/2550]
Init social model
Using adagrad ...
Load pretrained shallow-model...
Params [lbd-U: 0.1000|lbd-V: 0.1000|lbd-N: 0.1000|lbd-Q: 0.0500]
Staring Sample 2 - Loc: save/bcdl/delicious-alg61-sp2-cold20170225193335819 
CTR(chongwang)-DAE(User graph) Running - Walks(1)...
-1/200: 46482.660734/2904.562629/43578.098105/1.000000000
-2/200: 45185.990525/1687.758765/43498.231760/0.027895783
-3/200: 45150.136888/1636.011083/43514.125805/0.000793468
-4/200: 45126.860319/1609.280842/43517.579477/0.000515537
-5/200: 45105.256605/1588.661873/43516.594732/0.000478733
-6/200: 45088.950204/1572.276508/43516.673696/0.000361519
-7/200: 45077.876923/1559.011033/43518.865890/0.000245587
-8/200: 45067.541913/1548.144761/43519.397152/0.000229270
-9/200: 45058.180582/1539.165174/43519.015408/0.000207718
-10/200: 45051.046533/1531.687402/43519.359131/0.000158330
-11/200: 45044.125891/1525.416465/43518.709426/0.000153618
-12/200: 45038.260823/1520.123874/43518.136949/0.000130207
-13/200: 45034.871844/1515.630365/43519.241479/0.000075247
-14/200: 45031.706656/1511.794238/43519.912418/0.000070283
-15/200: 45027.519824/1508.502774/43519.017050/0.000092975
-16/200: 45024.841719/1505.664813/43519.176906/0.000059477
-17/200: 45023.224978/1503.206988/43520.017990/0.000035908
-18/200: 45022.522950/1501.069273/43521.453677/0.000015593
-19/200: 45019.740264/1499.202659/43520.537605/0.000061807
-20/200: 45018.457375/1497.566217/43520.891158/0.000028496
-21/200: 45015.845167/1496.126451/43519.718716/0.000058025
-22/200: 45016.036681/1494.854733/43521.181948/0.000004254
-23/200: 45015.516527/1493.727452/43521.789075/0.000011555
-24/200: 45015.123440/1492.724756/43522.398684/0.000008732
-25/200: 45013.193946/1491.829718/43521.364228/0.000042863
-26/200: 45012.592716/1491.028048/43521.564668/0.000013357
-27/200: 45011.381015/1490.307548/43521.073467/0.000026919
-28/200: 45012.752586/1489.657864/43523.094722/0.000030472
-29/200: 45012.015642/1489.070050/43522.945592/0.000016372
-30/200: 45010.879669/1488.536579/43522.343090/0.000025237
-31/200: 45010.447816/1488.050578/43522.397238/0.000009594
-32/200: 45010.839870/1487.606846/43523.233024/0.000008710
-33/200: 45008.033266/1487.200173/43520.833093/0.000062354
-34/200: 45010.051924/1486.826675/43523.225249/0.000044851
-35/200: 45007.883385/1486.482216/43521.401169/0.000048179
-36/200: 45009.067346/1486.163942/43522.903404/0.000026306
-37/200: 45009.016482/1485.869007/43523.147475/0.000001130
-38/200: 45008.272507/1485.594911/43522.677596/0.000016529
-39/200: 45008.631511/1485.339530/43523.291981/0.000007976
-40/200: 45008.121832/1485.100974/43523.020858/0.000011324
-41/200: 45009.221230/1484.877733/43524.343497/0.000024427
-42/200: 45009.155554/1484.668281/43524.487273/0.000001459
-43/200: 45008.745643/1484.471218/43524.274425/0.000009107
-44/200: 45008.765320/1484.285442/43524.479878/0.000000437
-45/200: 45008.353994/1484.110072/43524.243922/0.000009139
-46/200: 45008.254261/1483.944183/43524.310078/0.000002216
-47/200: 45008.808134/1483.786824/43525.021310/0.000012306
-48/200: 45008.580633/1483.637472/43524.943161/0.000005055
-49/200: 45007.441310/1483.495389/43523.945921/0.000025313
-50/200: 45007.719146/1483.360073/43524.359073/0.000006173
-51/200: 45007.653457/1483.230898/43524.422559/0.000001460
-52/200: 45009.069031/1483.107551/43525.961480/0.000031452
-53/200: 45007.434392/1482.989605/43524.444787/0.000036318
-54/200: 45007.982429/1482.876794/43525.105635/0.000012177
-55/200: 45007.891697/1482.768501/43525.123196/0.000002016
-56/200: 45007.813759/1482.664767/43525.148992/0.000001732
-57/200: 45008.066357/1482.565253/43525.501104/0.000005612
-58/200: 45008.595056/1482.469515/43526.125541/0.000011747
-59/200: 45008.109964/1482.377560/43525.732404/0.000010778
-60/200: 45008.223714/1482.288968/43525.934746/0.000002527
-61/200: 45007.369606/1482.203770/43525.165836/0.000018977
-62/200: 45008.665912/1482.121726/43526.544186/0.000028802
-63/200: 45007.894214/1482.042655/43525.851559/0.000017146
-64/200: 45009.319533/1481.966353/43527.353180/0.000031668
-65/200: 45009.326667/1481.892932/43527.433735/0.000000159
-66/200: 45009.054948/1481.822085/43527.232863/0.000006037
-67/200: 45008.041181/1481.753641/43526.287540/0.000022524
-68/200: 45008.073033/1481.687532/43526.385501/0.000000708
-69/200: 45008.261973/1481.623524/43526.638449/0.000004198
-70/200: 45008.116028/1481.561690/43526.554338/0.000003243
-71/200: 45009.067320/1481.502049/43527.565271/0.000021136
-72/200: 45008.503059/1481.444221/43527.058838/0.000012537
-73/200: 45009.544899/1481.388295/43528.156604/0.000023148
-74/200: 45009.035364/1481.334221/43527.701143/0.000011321
-75/200: 45008.636726/1481.281790/43527.354936/0.000008857
-76/200: 45009.624669/1481.230947/43528.393722/0.000021950
-77/200: 45009.780341/1481.181717/43528.598624/0.000003459
-78/200: 45009.734786/1481.133889/43528.600897/0.000001012
-79/200: 45008.701260/1481.087624/43527.613636/0.000022962
-80/200: 45008.797572/1481.042615/43527.754957/0.000002140
-81/200: 45009.274013/1480.998957/43528.275056/0.000010585
-82/200: 45010.099667/1480.956591/43529.143076/0.000018344
-83/200: 45009.288299/1480.915429/43528.372870/0.000018026
-84/200: 45009.127860/1480.875461/43528.252399/0.000003565
-85/200: 45009.854184/1480.836467/43529.017717/0.000016137
-86/200: 45009.878274/1480.798613/43529.079661/0.000000535
-87/200: 45009.942866/1480.761800/43529.181066/0.000001435
-88/200: 45010.319861/1480.726087/43529.593774/0.000008376
-89/200: 45009.941569/1480.691310/43529.250259/0.000008405
-90/200: 45010.225795/1480.657444/43529.568351/0.000006315
-91/200: 45010.106508/1480.624316/43529.482192/0.000002650
-92/200: 45010.547780/1480.592162/43529.955618/0.000009804
-93/200: 45010.290618/1480.560798/43529.729820/0.000005713
-94/200: 45010.974329/1480.530213/43530.444116/0.000015190
-95/200: 45010.702329/1480.500411/43530.201918/0.000006043
-96/200: 45010.276003/1480.471428/43529.804575/0.000009472
-97/200: 45010.728222/1480.443156/43530.285066/0.000010047
-98/200: 45011.042623/1480.415557/43530.627066/0.000006985
-99/200: 45011.153245/1480.388631/43530.764614/0.000002458
Recall at EP-100 ...
  Columns 1 through 7

    0.0721    0.0929    0.1022    0.1098    0.1171    0.1259    0.1355

  Columns 8 through 10

    0.1460    0.1571    0.1694

Mrr at EP-100 ...
    0.0173

-100/200: 45010.756395/1480.362438/43530.393957/0.000008817
-101/200: 45010.574538/1480.336697/43530.237841/0.000004040
-102/200: 45011.005624/1480.311682/43530.693942/0.000009577
-103/200: 45011.634092/1480.287188/43531.346904/0.000013963
-104/200: 45010.998957/1480.263223/43530.735734/0.000014110
-105/200: 45011.601240/1480.239905/43531.361335/0.000013381
-106/200: 45011.141868/1480.217117/43530.924751/0.000010206
-107/200: 45011.556048/1480.194905/43531.361143/0.000009202
-108/200: 45012.046916/1480.173019/43531.873897/0.000010905
-109/200: 45011.501269/1480.151607/43531.349662/0.000012122
-110/200: 45011.391811/1480.130704/43531.261107/0.000002432
-111/200: 45012.158798/1480.110447/43532.048351/0.000017040
-112/200: 45012.083236/1480.090621/43531.992615/0.000001679
-113/200: 45011.897803/1480.071125/43531.826678/0.000004120
-114/200: 45011.683560/1480.052099/43531.631461/0.000004760
-115/200: 45012.032344/1480.033462/43531.998882/0.000007749
-116/200: 45011.974960/1480.015179/43531.959781/0.000001275
-117/200: 45012.511950/1479.997272/43532.514678/0.000011930
-118/200: 45012.408567/1479.979830/43532.428737/0.000002297
-119/200: 45012.800782/1479.962680/43532.838102/0.000008713
-120/200: 45012.609289/1479.945825/43532.663464/0.000004254
-121/200: 45013.009242/1479.929251/43533.079991/0.000008885
-122/200: 45013.092517/1479.913085/43533.179432/0.000001850
-123/200: 45012.783488/1479.897289/43532.886199/0.000006865
-124/200: 45012.979254/1479.881743/43533.097511/0.000004349
-125/200: 45013.043477/1479.866504/43533.176973/0.000001427
-126/200: 45013.063126/1479.851642/43533.211484/0.000000437
-127/200: 45013.042774/1479.837123/43533.205651/0.000000452
-128/200: 45013.124246/1479.822891/43533.301355/0.000001810
-129/200: 45013.178172/1479.808732/43533.369440/0.000001198
-130/200: 45013.768927/1479.794927/43533.974000/0.000013124
-131/200: 45013.171832/1479.781440/43533.390392/0.000013265
-132/200: 45013.766613/1479.768185/43533.998428/0.000013213
-133/200: 45013.891918/1479.755385/43534.136533/0.000002784
-134/200: 45014.318160/1479.742589/43534.575571/0.000009469
-135/200: 45013.544938/1479.730099/43533.814839/0.000017177
-136/200: 45013.796988/1479.717720/43534.079268/0.000005599
-137/200: 45014.371815/1479.705731/43534.666084/0.000012770
-138/200: 45014.246245/1479.693853/43534.552392/0.000002790
-139/200: 45014.145794/1479.682148/43534.463646/0.000002232
-140/200: 45014.472816/1479.670700/43534.802116/0.000007265
-141/200: 45014.629493/1479.659543/43534.969950/0.000003481
-142/200: 45014.338942/1479.648546/43534.690396/0.000006455
-143/200: 45014.620668/1479.637749/43534.982919/0.000006259
-144/200: 45014.853139/1479.627065/43535.226074/0.000005164
-145/200: 45015.014574/1479.616752/43535.397822/0.000003586
-146/200: 45014.887932/1479.606438/43535.281494/0.000002813
-147/200: 45015.081538/1479.596350/43535.485188/0.000004301
-148/200: 45014.743679/1479.586416/43535.157263/0.000007505
-149/200: 45015.131608/1479.576514/43535.555094/0.000008618
-150/200: 45015.279245/1479.567034/43535.712211/0.000003280
-151/200: 45015.405103/1479.557698/43535.847405/0.000002796
-152/200: 45015.321125/1479.548363/43535.772762/0.000001866
-153/200: 45015.414963/1479.539209/43535.875754/0.000002085
-154/200: 45015.620509/1479.530256/43536.090253/0.000004566
-155/200: 45015.522305/1479.521434/43536.000871/0.000002182
-156/200: 45015.664317/1479.512781/43536.151536/0.000003155
-157/200: 45016.117884/1479.504216/43536.613668/0.000010076
-158/200: 45016.044302/1479.495797/43536.548505/0.000001635
-159/200: 45016.162082/1479.487632/43536.674450/0.000002616
-160/200: 45016.219511/1479.479570/43536.739941/0.000001276
-161/200: 45015.888966/1479.471577/43536.417389/0.000007343
-162/200: 45016.145524/1479.463639/43536.681885/0.000005699
-163/200: 45016.658633/1479.455833/43537.202800/0.000011398
-164/200: 45016.214857/1479.448267/43536.766590/0.000009858
-165/200: 45016.765675/1479.440763/43537.324912/0.000012236
-166/200: 45016.589282/1479.433384/43537.155898/0.000003918
-167/200: 45016.615634/1479.426035/43537.189599/0.000000585
-168/200: 45016.839355/1479.418903/43537.420452/0.000004970
-169/200: 45016.830929/1479.411846/43537.419083/0.000000187
-170/200: 45016.950217/1479.404997/43537.545220/0.000002650
-171/200: 45017.044452/1479.398157/43537.646295/0.000002093
-172/200: 45017.316756/1479.391355/43537.925401/0.000006049
-173/200: 45017.010585/1479.384812/43537.625773/0.000006801
-174/200: 45017.710497/1479.378343/43538.332154/0.000015548
-175/200: 45017.270921/1479.371900/43537.899021/0.000009765
-176/200: 45017.704319/1479.365674/43538.338645/0.000009627
-177/200: 45017.905350/1479.359427/43538.545923/0.000004466
-178/200: 45017.723755/1479.353345/43538.370410/0.000004034
-179/200: 45017.881980/1479.347282/43538.534698/0.000003515
-180/200: 45017.618065/1479.341326/43538.276739/0.000005862
-181/200: 45018.145519/1479.335554/43538.809965/0.000011717
-182/200: 45018.059983/1479.329781/43538.730202/0.000001900
-183/200: 45018.337456/1479.324117/43539.013339/0.000006164
-184/200: 45018.449255/1479.318712/43539.130543/0.000002483
-185/200: 45018.617453/1479.313161/43539.304292/0.000003736
-186/200: 45018.452412/1479.307817/43539.144595/0.000003666
-187/200: 45018.497702/1479.302365/43539.195337/0.000001006
-188/200: 45018.798352/1479.297135/43539.501217/0.000006678
-189/200: 45018.897921/1479.292067/43539.605854/0.000002212
-190/200: 45018.905344/1479.286950/43539.618394/0.000000165
-191/200: 45019.064728/1479.281990/43539.782738/0.000003540
-192/200: 45019.273774/1479.277075/43539.996699/0.000004643
-193/200: 45019.146655/1479.272204/43539.874451/0.000002824
-194/200: 45019.097914/1479.267431/43539.830483/0.000001083
-195/200: 45019.451521/1479.262830/43540.188691/0.000007855
-196/200: 45019.280064/1479.258079/43540.021985/0.000003809
-197/200: 45019.371171/1479.253450/43540.117721/0.000002024
-198/200: 45019.204309/1479.248775/43539.955534/0.000003706
-199/200: 45019.783015/1479.244281/43540.538734/0.000012855
-200/200: 45019.490409/1479.235476/43540.254933/0.000006499
Start evaluating ...
  Columns 1 through 7

    0.0699    0.0913    0.1012    0.1085    0.1155    0.1247    0.1343

  Columns 8 through 10

    0.1454    0.1577    0.1696

    0.0168

Elapsed time is 33130.693126 seconds.
