nohup: ignoring input

                            < M A T L A B (R) >
                  Copyright 1984-2016 The MathWorks, Inc.
                   R2016a (9.0.0.341360) 64-bit (glnxa64)
                             February 11, 2016

 
To get started, type one of these: helpwin, helpdesk, or demo.
For product information, visit www.mathworks.com.
 

	Academic License

Start learning ...
Init data [Dtype: delicious - Dspec: sp2/0550]
Init social model
Using adagrad ...
Params [lbd-U: 1.0000|lbd-V: 1.0000|lbd-N: 1.0000|lbd-Q: 0.1000]
Staring Sample 2 - Loc: save/ctr/delicious-alg80-sp2-cold20170224185120170 
CTR(chongwang) Running ...

iter time likelihood:[r:u:v] converge
0001 000073 -2300.00000:[0.00000:0.00000:0.00000] 1.0000000000
0002 000140 -2234.32745:[149.48891:-24.68941:-31.00667] 0.0285532829
0003 000203 -2144.33287:[426.00507:-79.51989:-128.39951] 0.0402781525
0004 000269 -1929.56715:[1251.55063:-282.46492:-376.59294] 0.1001550281
0005 000337 -1873.44204:[1727.65217:-464.53602:-457.54665] 0.0290868921
0006 000398 -1869.97503:[1791.00291:-492.74854:-468.56222] 0.0018506100
0007 000454 -1868.91590:[1802.69107:-497.58622:-470.95431] 0.0005663883
0008 000511 -1868.29957:[1806.48944:-498.89573:-471.72490] 0.0003297749
0009 000568 -1867.97319:[1808.18057:-499.38661:-472.08378] 0.0001746950
0010 000625 -1867.89047:[1808.94080:-499.58987:-472.30794] 0.0000442863
0011 000682 -1868.00902:[1809.13497:-499.64759:-472.48231] 0.0000634725
0012 000739 -1868.28735:[1808.94268:-499.61698:-472.63980] 0.0001489973
0013 000796 -1868.68744:[1808.48018:-499.52953:-472.79418] 0.0002141466
0014 000852 -1869.17689:[1807.82999:-499.40530:-472.95078] 0.0002619231
0015 000908 -1869.72944:[1807.05199:-499.25770:-473.11104] 0.0002956099
0016 000966 -1870.32443:[1806.18978:-499.09588:-473.27462] 0.0003182241
0017 001022 -1870.94596:[1805.27509:-498.92612:-473.44045] 0.0003323112
0018 001078 -1871.58192:[1804.33097:-498.75274:-473.60728] 0.0003399146
0019 001134 -1872.22318:[1803.37416:-498.57870:-473.77385] 0.0003426297
0020 001191 -1872.86289:[1802.41677:-498.40601:-473.93906] 0.0003416845
0021 001278 -1873.49595:[1801.46755:-498.23601:-474.10194] 0.0003380149
0022 001358 -1874.11856:[1800.53280:-498.06961:-474.26172] 0.0003323252
0023 001442 -1874.72790:[1799.61706:-497.90740:-474.41776] 0.0003251366
0024 001522 -1875.32187:[1798.72365:-497.74975:-474.56953] 0.0003168260
0025 001602 -1875.89883:[1797.85503:-497.59689:-474.71662] 0.0003076594
0026 001678 -1876.45752:[1797.01305:-497.44897:-474.85868] 0.0002978253
0027 001758 -1876.99693:[1796.19915:-497.30611:-474.99541] 0.0002874649
0028 001844 -1877.51629:[1795.41446:-497.16836:-475.12660] 0.0002766954
0029 001912 -1878.01500:[1794.65979:-497.03577:-475.25207] 0.0002656224
0030 001983 -1878.49267:[1793.93575:-496.90836:-475.37172] 0.0002543468
0031 002049 -1878.94908:[1793.24268:-496.78616:-475.48553] 0.0002429678
0032 002118 -1879.38420:[1792.58072:-496.66917:-475.59353] 0.0002315777
0033 002186 -1879.79814:[1791.94984:-496.55739:-475.69581] 0.0002202514
0034 002250 -1880.19109:[1791.34988:-496.45081:-475.79249] 0.0002090376
0035 002315 -1880.56329:[1790.78064:-496.34944:-475.88373] 0.0001979593
0036 002380 -1880.91500:[1790.24190:-496.25325:-475.96966] 0.0001870228
0037 002446 -1881.24646:[1789.73341:-496.16225:-476.05042] 0.0001762238
0038 002514 -1881.55790:[1789.25493:-496.07640:-476.12611] 0.0001655524
0039 002583 -1881.84956:[1788.80618:-495.99567:-476.19682] 0.0001550095
0040 002654 -1882.12172:[1788.38680:-495.92000:-476.26265] 0.0001446232
0041 002727 -1882.37477:[1787.99626:-495.84932:-476.32369] 0.0001344453
0042 002798 -1882.60916:[1787.63392:-495.78351:-476.38010] 0.0001245233
0043 002864 -1882.82548:[1787.29897:-495.72245:-476.43201] 0.0001149039
0044 002932 -1883.02433:[1786.99053:-495.66600:-476.47959] 0.0001056090
0045 003003 -1883.20628:[1786.70768:-495.61397:-476.52295] 0.0000966296
0046 003069 -1883.37193:[1786.44951:-495.56620:-476.56222] 0.0000879619
0047 003135 -1883.52192:[1786.21500:-495.52249:-476.59754] 0.0000796375
0048 003199 -1883.65701:[1786.00303:-495.48267:-476.62909] 0.0000717195
0049 003264 -1883.77807:[1785.81232:-495.44652:-476.65713] 0.0000642726
0050 003325 -1883.88607:[1785.64153:-495.41384:-476.68190] 0.0000573306
0051 003387 -1883.98194:[1785.48927:-495.38441:-476.70366] 0.0000508862
0052 003448 -1884.06653:[1785.35426:-495.35802:-476.72264] 0.0000449029
0053 003510 -1884.14064:[1785.23530:-495.33445:-476.73902] 0.0000393330
0054 003572 -1884.20495:[1785.13130:-495.31349:-476.75296] 0.0000341310
0055 003632 -1884.26008:[1785.04124:-495.29495:-476.76457] 0.0000292604
0056 003694 -1884.30661:[1784.96417:-495.27864:-476.77398] 0.0000246976
0057 003753 -1884.34512:[1784.89921:-495.26438:-476.78131] 0.0000204329
0058 003815 -1884.37615:[1784.84545:-495.25202:-476.78668] 0.0000164698
0059 003878 -1884.40031:[1784.80203:-495.24140:-476.79025] 0.0000128185
0060 003937 -1884.41818:[1784.76805:-495.23238:-476.79218] 0.0000094874
Start evaluating ...
  Columns 1 through 7

    0.0011    0.0016    0.0023    0.0029    0.0035    0.0043    0.0049

  Columns 8 through 10

    0.0057    0.0063    0.0069

   7.6651e-04

Elapsed time is 4035.128416 seconds.
