nohup: ignoring input

                            < M A T L A B (R) >
                  Copyright 1984-2016 The MathWorks, Inc.
                   R2016a (9.0.0.341360) 64-bit (glnxa64)
                             February 11, 2016

 
To get started, type one of these: helpwin, helpdesk, or demo.
For product information, visit www.mathworks.com.
 

	Academic License

Start learning ...
Init data [Dtype: delicious - Dspec: sp2/0550]
Init social model
Using adagrad ...
Load pretrained shallow-model...
Params [lbd-U: 10.0000|lbd-V: 0.0100|lbd-N: 10.0000|lbd-Q: 0.1000]
Staring Sample 2 - Loc: save/bcdl/delicious-alg61-sp2-cold20170224185050174 
CTR(chongwang)-DAE(User graph) Running - Walks(1)...
-1/200: 4359864.000000/2054.321953/4357809.500000/1.000000000
-2/200: 4352828.500000/831.763656/4351996.500000/0.001613697
-3/200: 4352717.500000/800.443705/4351917.000000/0.000025501
-4/200: 4352722.500000/797.066984/4351925.500000/0.000001149
-5/200: 4352611.000000/796.820332/4351814.000000/0.000025616
-6/200: 4352617.000000/797.180766/4351820.000000/0.000001378
-7/200: 4352843.000000/797.736138/4352045.500000/0.000051923
-8/200: 4352892.000000/798.384804/4352093.500000/0.000011257
-9/200: 4352858.000000/799.092023/4352059.000000/0.000007811
-10/200: 4352897.000000/799.818940/4352097.000000/0.000008960
-11/200: 4352825.000000/800.561451/4352024.500000/0.000016541
-12/200: 4352764.000000/801.323447/4351962.500000/0.000014014
-13/200: 4352886.500000/802.086993/4352084.500000/0.000028143
-14/200: 4352950.000000/802.853285/4352147.000000/0.000014588
-15/200: 4352865.500000/803.628770/4352062.000000/0.000019412
-16/200: 4352874.500000/804.393240/4352070.000000/0.000002068
-17/200: 4352956.500000/805.150100/4352151.500000/0.000018838
-18/200: 4353102.000000/805.898280/4352296.000000/0.000033426
-19/200: 4353007.500000/806.646734/4352201.000000/0.000021709
-20/200: 4353046.500000/807.384740/4352239.000000/0.000008959
-21/200: 4352925.000000/808.123928/4352117.000000/0.000027911
-22/200: 4353078.000000/808.853318/4352269.000000/0.000035149
-23/200: 4353131.500000/809.577794/4352322.000000/0.000012290
-24/200: 4353200.000000/810.293974/4352389.500000/0.000015736
-25/200: 4353090.000000/811.008883/4352279.000000/0.000025269
-26/200: 4353104.500000/811.718488/4352293.000000/0.000003331
-27/200: 4353056.500000/812.416683/4352244.000000/0.000011027
-28/200: 4353267.500000/813.103189/4352454.500000/0.000048472
-29/200: 4353247.000000/813.783085/4352433.000000/0.000004709
-30/200: 4353186.500000/814.461101/4352372.000000/0.000013898
-31/200: 4353185.000000/815.123987/4352370.000000/0.000000345
-32/200: 4353268.000000/815.785311/4352452.000000/0.000019066
-33/200: 4353029.500000/816.436712/4352213.000000/0.000054786
-34/200: 4353268.500000/817.083309/4352451.500000/0.000054904
-35/200: 4353082.500000/817.718387/4352265.000000/0.000042727
-36/200: 4353235.500000/818.351435/4352417.000000/0.000035148
-37/200: 4353256.000000/818.975083/4352437.000000/0.000004709
-38/200: 4353209.000000/819.590808/4352389.500000/0.000010797
-39/200: 4353276.000000/820.201574/4352456.000000/0.000015391
-40/200: 4353245.000000/820.805560/4352424.000000/0.000007121
-41/200: 4353382.000000/821.403095/4352560.500000/0.000031471
-42/200: 4353400.000000/821.994712/4352578.000000/0.000004135
-43/200: 4353370.500000/822.577346/4352548.000000/0.000006776
-44/200: 4353391.000000/823.148585/4352568.000000/0.000004709
-45/200: 4353369.500000/823.715566/4352546.000000/0.000004939
-46/200: 4353368.000000/824.280040/4352543.500000/0.000000345
-47/200: 4353439.500000/824.833698/4352614.500000/0.000016424
-48/200: 4353433.500000/825.382697/4352608.000000/0.000001378
-49/200: 4353325.000000/825.926265/4352499.000000/0.000024923
-50/200: 4353374.500000/826.462498/4352548.000000/0.000011371
-51/200: 4353377.500000/826.989590/4352550.500000/0.000000689
-52/200: 4353525.000000/827.509593/4352697.500000/0.000033882
-53/200: 4353377.500000/828.027549/4352549.500000/0.000033881
-54/200: 4353448.000000/828.541318/4352619.500000/0.000016194
-55/200: 4353439.500000/829.044586/4352610.500000/0.000001952
-56/200: 4353440.500000/829.542588/4352611.000000/0.000000230
-57/200: 4353482.000000/830.041530/4352652.000000/0.000009533
-58/200: 4353534.500000/830.534142/4352704.000000/0.000012059
-59/200: 4353505.000000/831.019709/4352674.000000/0.000006776
-60/200: 4353518.500000/831.496313/4352687.000000/0.000003101
-61/200: 4353440.000000/831.967491/4352608.000000/0.000018031
-62/200: 4353580.500000/832.435213/4352748.000000/0.000032273
-63/200: 4353512.500000/832.897831/4352679.500000/0.000015619
-64/200: 4353657.500000/833.353732/4352824.000000/0.000033306
-65/200: 4353662.000000/833.808758/4352828.000000/0.000001034
-66/200: 4353647.000000/834.258978/4352812.500000/0.000003445
-67/200: 4353547.500000/834.704206/4352713.000000/0.000022854
-68/200: 4353559.000000/835.140792/4352724.000000/0.000002642
-69/200: 4353584.500000/835.573211/4352749.000000/0.000005857
-70/200: 4353578.000000/836.000976/4352742.000000/0.000001493
-71/200: 4353675.500000/836.425824/4352839.000000/0.000022395
-72/200: 4353625.500000/836.841688/4352788.500000/0.000011485
-73/200: 4353729.500000/837.256323/4352892.000000/0.000023888
-74/200: 4353686.500000/837.667573/4352849.000000/0.000009877
-75/200: 4353651.500000/838.072557/4352813.500000/0.000008039
-76/200: 4353750.500000/838.473211/4352912.000000/0.000022740
-77/200: 4353769.500000/838.871280/4352930.500000/0.000004364
-78/200: 4353768.500000/839.260082/4352929.000000/0.000000230
-79/200: 4353665.500000/839.648041/4352826.000000/0.000023658
-80/200: 4353683.000000/840.029429/4352843.000000/0.000004020
-81/200: 4353740.500000/840.407195/4352900.000000/0.000013207
-82/200: 4353811.500000/840.781175/4352970.500000/0.000016308
-83/200: 4353746.500000/841.151540/4352905.500000/0.000014929
-84/200: 4353729.500000/841.514558/4352888.000000/0.000003905
-85/200: 4353800.500000/841.877018/4352958.500000/0.000016308
-86/200: 4353805.000000/842.232829/4352963.000000/0.000001034
-87/200: 4353817.000000/842.586698/4352974.500000/0.000002756
-88/200: 4353856.500000/842.937038/4353013.500000/0.000009072
-89/200: 4353821.500000/843.282409/4352978.000000/0.000008039
-90/200: 4353855.500000/843.623572/4353012.000000/0.000007809
-91/200: 4353847.000000/843.958769/4353003.000000/0.000001952
-92/200: 4353889.500000/844.291784/4353045.000000/0.000009761
-93/200: 4353866.500000/844.619239/4353022.000000/0.000005283
-94/200: 4353936.500000/844.944555/4353091.500000/0.000016078
-95/200: 4353910.000000/845.265646/4353064.500000/0.000006086
-96/200: 4353870.000000/845.585035/4353024.500000/0.000009187
-97/200: 4353919.000000/845.901151/4353073.000000/0.000011254
-98/200: 4353949.500000/846.212809/4353103.500000/0.000007005
-99/200: 4353963.500000/846.521463/4353117.000000/0.000003215
Recall at EP-100 ...
  Columns 1 through 7

    0.0165    0.0268    0.0353    0.0427    0.0487    0.0555    0.0604

  Columns 8 through 10

    0.0642    0.0693    0.0733

Mrr at EP-100 ...
    0.0039

-100/200: 4353930.000000/846.827790/4353083.000000/0.000007694
-101/200: 4353913.500000/847.127048/4353066.500000/0.000003790
-102/200: 4353954.000000/847.425754/4353106.500000/0.000009302
-103/200: 4354020.000000/847.720709/4353172.500000/0.000015159
-104/200: 4353958.500000/848.010655/4353110.500000/0.000014125
-105/200: 4354014.000000/848.298704/4353165.500000/0.000012747
-106/200: 4353974.000000/848.584766/4353125.500000/0.000009187
-107/200: 4354012.500000/848.868775/4353163.500000/0.000008842
-108/200: 4354061.000000/849.145531/4353212.000000/0.000011139
-109/200: 4354012.500000/849.421658/4353163.000000/0.000011139
-110/200: 4354001.500000/849.694438/4353152.000000/0.000002526
-111/200: 4354082.500000/849.966239/4353232.500000/0.000018604
-112/200: 4354076.000000/850.236560/4353226.000000/0.000001493
-113/200: 4354055.500000/850.502464/4353205.000000/0.000004708
-114/200: 4354039.000000/850.765562/4353188.000000/0.000003790
-115/200: 4354076.500000/851.025895/4353225.500000/0.000008613
-116/200: 4354066.000000/851.282417/4353214.500000/0.000002412
-117/200: 4354118.500000/851.535984/4353267.000000/0.000012058
-118/200: 4354111.500000/851.790021/4353259.500000/0.000001608
-119/200: 4354150.000000/852.039532/4353298.000000/0.000008842
-120/200: 4354128.500000/852.283533/4353276.000000/0.000004938
-121/200: 4354168.000000/852.525654/4353315.500000/0.000009072
-122/200: 4354179.500000/852.763628/4353326.500000/0.000002641
-123/200: 4354152.000000/853.001442/4353299.000000/0.000006316
-124/200: 4354169.000000/853.234696/4353316.000000/0.000003904
-125/200: 4354181.500000/853.466944/4353328.000000/0.000002871
-126/200: 4354182.500000/853.695941/4353329.000000/0.000000230
-127/200: 4354183.500000/853.924606/4353329.500000/0.000000230
-128/200: 4354187.500000/854.149952/4353333.500000/0.000000919
-129/200: 4354190.500000/854.369429/4353336.000000/0.000000689
-130/200: 4354250.500000/854.588527/4353396.000000/0.000013780
-131/200: 4354199.500000/854.805784/4353344.500000/0.000011713
-132/200: 4354250.500000/855.021615/4353395.500000/0.000011713
-133/200: 4354265.000000/855.236086/4353410.000000/0.000003330
-134/200: 4354306.500000/855.445938/4353451.000000/0.000009531
-135/200: 4354233.000000/855.654383/4353377.500000/0.000016880
-136/200: 4354255.500000/855.857786/4353399.500000/0.000005167
-137/200: 4354313.500000/856.061092/4353457.500000/0.000013320
-138/200: 4354299.500000/856.260679/4353443.000000/0.000003215
-139/200: 4354289.000000/856.457846/4353432.500000/0.000002411
-140/200: 4354324.000000/856.654414/4353467.500000/0.000008038
-141/200: 4354337.500000/856.848967/4353480.500000/0.000003100
-142/200: 4354309.500000/857.039956/4353452.500000/0.000006430
-143/200: 4354341.000000/857.230019/4353484.000000/0.000007234
-144/200: 4354355.500000/857.416960/4353498.000000/0.000003330
-145/200: 4354378.000000/857.602376/4353520.500000/0.000005167
-146/200: 4354370.000000/857.784805/4353512.000000/0.000001837
-147/200: 4354383.500000/857.964782/4353525.500000/0.000003100
-148/200: 4354352.500000/858.141680/4353494.500000/0.000007119
-149/200: 4354389.500000/858.317201/4353531.000000/0.000008497
-150/200: 4354405.500000/858.491644/4353547.000000/0.000003674
-151/200: 4354413.000000/858.664966/4353554.500000/0.000001722
-152/200: 4354410.000000/858.835218/4353551.000000/0.000000689
-153/200: 4354420.000000/859.002882/4353561.000000/0.000002297
-154/200: 4354437.500000/859.167343/4353578.500000/0.000004019
-155/200: 4354429.000000/859.331895/4353569.500000/0.000001952
-156/200: 4354442.500000/859.494213/4353583.000000/0.000003100
-157/200: 4354482.500000/859.655508/4353623.000000/0.000009186
-158/200: 4354475.000000/859.813185/4353615.000000/0.000001722
-159/200: 4354489.500000/859.970754/4353629.500000/0.000003330
-160/200: 4354498.500000/860.126095/4353638.500000/0.000002067
-161/200: 4354466.000000/860.278225/4353605.500000/0.000007464
-162/200: 4354488.000000/860.428564/4353627.500000/0.000005052
-163/200: 4354529.500000/860.577979/4353669.000000/0.000009530
-164/200: 4354500.500000/860.725735/4353640.000000/0.000006660
-165/200: 4354547.000000/860.872435/4353686.000000/0.000010679
-166/200: 4354533.500000/861.016252/4353672.500000/0.000003100
-167/200: 4354531.000000/861.158153/4353670.000000/0.000000574
-168/200: 4354560.000000/861.298863/4353698.500000/0.000006660
-169/200: 4354553.500000/861.437927/4353692.000000/0.000001493
-170/200: 4354571.000000/861.575438/4353709.500000/0.000004019
-171/200: 4354567.500000/861.711183/4353706.000000/0.000000804
-172/200: 4354601.000000/861.844730/4353739.000000/0.000007693
-173/200: 4354575.500000/861.977178/4353713.500000/0.000005856
-174/200: 4354638.000000/862.109016/4353776.000000/0.000014353
-175/200: 4354594.500000/862.238774/4353732.500000/0.000009989
-176/200: 4354637.000000/862.366615/4353774.500000/0.000009760
-177/200: 4354657.000000/862.493843/4353794.500000/0.000004593
-178/200: 4354641.500000/862.618003/4353779.000000/0.000003559
-179/200: 4354647.500000/862.740939/4353785.000000/0.000001378
-180/200: 4354634.000000/862.862390/4353771.000000/0.000003100
-181/200: 4354681.000000/862.983875/4353818.000000/0.000010793
-182/200: 4354672.000000/863.102475/4353809.000000/0.000002067
-183/200: 4354694.500000/863.219625/4353831.500000/0.000005167
-184/200: 4354707.500000/863.336393/4353844.000000/0.000002985
-185/200: 4354721.500000/863.451667/4353858.000000/0.000003215
-186/200: 4354709.000000/863.564677/4353845.500000/0.000002870
-187/200: 4354712.500000/863.676276/4353849.000000/0.000000804
-188/200: 4354738.500000/863.786805/4353874.500000/0.000005971
-189/200: 4354750.000000/863.896162/4353886.000000/0.000002641
-190/200: 4354749.500000/864.004551/4353885.500000/0.000000115
-191/200: 4354765.000000/864.111277/4353901.000000/0.000003559
-192/200: 4354778.500000/864.216046/4353914.500000/0.000003100
-193/200: 4354774.000000/864.320027/4353909.500000/0.000001033
-194/200: 4354774.000000/864.423143/4353909.500000/0.000000000
Start evaluating ...
  Columns 1 through 7

    0.0164    0.0271    0.0355    0.0424    0.0492    0.0550    0.0602

  Columns 8 through 10

    0.0648    0.0694    0.0732

    0.0040

Elapsed time is 32709.271701 seconds.
