nohup: ignoring input

                            < M A T L A B (R) >
                  Copyright 1984-2016 The MathWorks, Inc.
                   R2016a (9.0.0.341360) 64-bit (glnxa64)
                             February 11, 2016

 
To get started, type one of these: helpwin, helpdesk, or demo.
For product information, visit www.mathworks.com.
 

	Academic License

Start learning ...
Init data [Dtype: delicious - Dspec: sp2/5050]
Init social model
Using adagrad ...
Load pretrained shallow-model...
Could not use CUDA
Params [lbd-U: 1.0000|lbd-V: 100.0000|lbd-N: 1.0000|lbd-Q: 0.0100]
Staring Sample 2 - Loc: save/bcdl/delicious-alg61-sp2-cold20170227105048168 
CTR(chongwang)-DAE(User graph) Running - Walks(1)...
-1/200: 464020.353338/28239.372284/435780.981054/1.000000000
-2/200: 461520.317959/26471.438432/435048.879527/0.005387771
-3/200: 460801.448397/25734.501766/435066.946631/0.001557612
-4/200: 460623.967300/25529.249416/435094.717884/0.000385157
-5/200: 460583.911908/25484.158740/435099.753168/0.000086959
-6/200: 460584.103292/25476.670892/435107.432400/0.000000416
-7/200: 460608.274570/25476.805606/435131.468964/0.000052480
-8/200: 460613.805552/25478.210437/435135.595115/0.000012008
-9/200: 460610.418668/25479.617432/435130.801236/0.000007353
-10/200: 460613.104347/25480.534297/435132.570050/0.000005831
-11/200: 460605.116715/25481.045034/435124.071681/0.000017341
-12/200: 460596.911488/25481.245430/435115.666058/0.000017814
-13/200: 460606.387710/25481.062991/435125.324719/0.000020574
-14/200: 460609.372620/25480.544459/435128.828161/0.000006480
-15/200: 460597.521544/25479.838957/435117.682587/0.000025729
-16/200: 460596.181382/25478.803080/435117.378302/0.000002910
-17/200: 460600.890305/25477.454462/435123.435843/0.000010224
-18/200: 460610.380695/25475.827789/435134.552906/0.000020604
-19/200: 460597.707919/25474.070169/435123.637750/0.000027513
-20/200: 460597.443387/25472.041499/435125.401888/0.000000574
-21/200: 460581.209218/25469.920538/435111.288680/0.000035246
-22/200: 460591.402012/25467.619978/435123.782034/0.000022130
-23/200: 460591.722045/25465.180055/435126.541990/0.000000695
-24/200: 460593.129680/25462.558207/435130.571473/0.000003056
-25/200: 460577.610489/25459.878799/435117.731690/0.000033694
-26/200: 460574.395544/25457.109072/435117.286472/0.000006980
-27/200: 460564.987862/25454.193913/435110.793949/0.000020426
-28/200: 460579.350492/25451.145176/435128.205316/0.000031185
-29/200: 460573.210086/25448.011193/435125.198893/0.000013332
-30/200: 460561.123630/25444.828319/435116.295311/0.000026242
-31/200: 460556.620491/25441.528888/435115.091603/0.000009778
-32/200: 460558.280904/25438.213091/435120.067813/0.000003605
-33/200: 460530.914916/25434.833383/435096.081533/0.000059419
-34/200: 460547.556258/25431.390428/435116.165830/0.000036135
-35/200: 460524.617101/25427.902826/435096.714275/0.000049808
-36/200: 460533.322986/25424.397520/435108.925466/0.000018904
-37/200: 460529.497107/25420.869857/435108.627250/0.000008307
-38/200: 460519.594629/25417.264376/435102.330253/0.000021502
-39/200: 460520.054145/25413.677599/435106.376546/0.000000998
-40/200: 460511.416294/25410.042996/435101.373298/0.000018757
-41/200: 460518.243386/25406.414312/435111.829074/0.000014825
-42/200: 460514.111426/25402.761794/435111.349632/0.000008972
-43/200: 460506.758434/25399.083235/435107.675199/0.000015967
-44/200: 460502.654730/25395.342550/435107.312180/0.000008911
-45/200: 460494.165559/25391.626695/435102.538864/0.000018435
-46/200: 460489.168019/25387.906089/435101.261930/0.000010853
-47/200: 460489.750394/25384.160424/435105.589970/0.000001265
-48/200: 460483.484843/25380.398810/435103.086033/0.000013606
-49/200: 460468.096691/25376.667065/435091.429626/0.000033417
-50/200: 460466.353912/25372.907204/435093.446708/0.000003785
-51/200: 460461.669333/25369.120125/435092.549208/0.000010174
-52/200: 460469.756954/25365.305262/435104.451692/0.000017564
-53/200: 460449.993297/25361.547330/435088.445967/0.000042921
-54/200: 460449.665475/25357.798636/435091.866839/0.000000712
-55/200: 460444.714580/25353.991139/435090.723441/0.000010752
-56/200: 460438.908163/25350.192816/435088.715347/0.000012610
-57/200: 460435.470235/25346.476794/435088.993441/0.000007467
-58/200: 460434.807649/25342.743198/435092.064451/0.000001439
-59/200: 460425.673770/25339.015416/435086.658354/0.000019838
-60/200: 460423.336611/25335.212666/435088.123945/0.000005076
-61/200: 460409.987836/25331.431134/435078.556702/0.000028992
-62/200: 460416.962161/25327.671519/435089.290642/0.000015148
-63/200: 460404.924528/25323.896934/435081.027594/0.000026145
-64/200: 460413.555627/25320.113892/435093.441735/0.000018747
-65/200: 460407.007476/25316.394866/435090.612610/0.000014222
-66/200: 460399.014905/25312.672286/435086.342619/0.000017360
-67/200: 460384.084509/25308.942892/435075.141617/0.000032429
-68/200: 460380.921558/25305.174840/435075.746718/0.000006870
-69/200: 460376.672805/25301.403305/435075.269500/0.000009229
-70/200: 460370.425290/25297.646252/435072.779038/0.000013570
-71/200: 460373.200135/25293.914471/435079.285664/0.000006027
-72/200: 460364.270494/25290.133922/435074.136572/0.000019397
-73/200: 460366.494308/25286.398116/435080.096192/0.000004831
-74/200: 460357.167291/25282.671973/435074.495318/0.000020260
-75/200: 460348.134723/25278.929191/435069.205532/0.000019621
-76/200: 460352.214659/25275.176603/435077.038056/0.000008863
-77/200: 460347.621507/25271.461186/435076.160321/0.000009977
-78/200: 460343.970846/25267.663636/435076.307210/0.000007930
-79/200: 460327.192516/25263.936518/435063.255998/0.000036447
-80/200: 460322.218828/25260.177511/435062.041317/0.000010805
-81/200: 460322.057200/25256.407553/435065.649647/0.000000351
-82/200: 460324.176045/25252.653026/435071.523019/0.000004603
-83/200: 460310.858964/25248.911378/435061.947586/0.000028930
-84/200: 460304.730711/25245.129681/435059.601030/0.000013313
-85/200: 460304.529017/25241.377597/435063.151420/0.000000438
-86/200: 460299.916082/25237.597352/435062.318730/0.000010021
-87/200: 460295.046351/25233.844408/435061.201943/0.000010579
-88/200: 460293.426839/25230.090016/435063.336823/0.000003518
-89/200: 460283.333614/25226.328082/435057.005532/0.000021928
-90/200: 460281.297275/25222.555054/435058.742221/0.000004424
-91/200: 460276.499696/25218.740175/435057.759521/0.000010423
-92/200: 460273.514943/25214.954903/435058.560040/0.000006485
-93/200: 460265.680372/25211.145323/435054.535049/0.000017022
-94/200: 460267.223341/25207.343036/435059.880305/0.000003352
-95/200: 460258.527773/25203.539672/435054.988101/0.000018892
-96/200: 460247.977280/25199.770151/435048.207129/0.000022923
-97/200: 460246.127417/25196.010084/435050.117333/0.000004019
-98/200: 460243.894125/25192.203200/435051.690925/0.000004852
-99/200: 460240.577253/25188.412974/435052.164279/0.000007207
Recall at EP-100 ...
  Columns 1 through 7

    0.0011    0.0030    0.0043    0.0054    0.0066    0.0081    0.0092

  Columns 8 through 10

    0.0102    0.0109    0.0119

Mrr at EP-100 ...
   5.5992e-04

-100/200: 460229.446812/25184.653398/435044.793414/0.000024184
-101/200: 460223.525295/25180.805960/435042.719335/0.000012866
-102/200: 460220.890880/25177.020516/435043.870364/0.000005724
-103/200: 460221.594533/25173.224059/435048.370474/0.000001529
-104/200: 460211.374860/25169.386975/435041.987885/0.000022206
-105/200: 460210.139425/25165.558015/435044.581410/0.000002684
-106/200: 460199.193837/25161.762044/435037.431793/0.000023784
-107/200: 460196.984174/25157.968269/435039.015905/0.000004802
-108/200: 460198.117868/25154.116025/435044.001843/0.000002463
-109/200: 460186.720726/25150.264221/435036.456505/0.000024766
-110/200: 460180.548487/25146.406876/435034.141611/0.000013412
-111/200: 460178.658706/25142.620960/435036.037746/0.000004107
-112/200: 460173.813646/25138.822774/435034.990872/0.000010529
-113/200: 460166.574919/25135.005015/435031.569904/0.000015730
-114/200: 460157.494789/25131.184632/435026.310157/0.000019732
-115/200: 460154.489818/25127.369660/435027.120158/0.000006530
-116/200: 460149.134299/25123.521611/435025.612688/0.000011639
-117/200: 460149.206993/25119.677216/435029.529777/0.000000158
-118/200: 460141.074092/25115.870916/435025.203176/0.000017674
-119/200: 460138.360925/25112.040915/435026.320010/0.000005896
-120/200: 460133.022838/25108.161788/435024.861050/0.000011601
-121/200: 460130.629082/25104.276908/435026.352174/0.000005202
-122/200: 460125.137427/25100.391417/435024.746010/0.000011935
-123/200: 460115.233410/25096.550686/435018.682724/0.000021525
-124/200: 460113.864393/25092.645209/435021.219184/0.000002975
-125/200: 460107.967725/25088.760765/435019.206960/0.000012816
-126/200: 460100.710274/25084.887500/435015.822774/0.000015773
-127/200: 460094.045769/25081.032172/435013.013597/0.000014485
-128/200: 460087.790850/25077.185057/435010.605793/0.000013595
-129/200: 460086.379294/25073.246665/435013.132629/0.000003068
-130/200: 460084.483829/25069.352244/435015.131585/0.000004120
-131/200: 460071.319804/25065.478431/435005.841373/0.000028612
-132/200: 460070.571128/25061.607730/435008.963398/0.000001627
-133/200: 460064.363989/25057.758414/435006.605575/0.000013492
-134/200: 460065.250975/25053.869249/435011.381726/0.000001928
-135/200: 460051.312051/25049.979567/435001.332484/0.000030298
-136/200: 460047.138313/25046.054183/435001.084130/0.000009072
-137/200: 460047.090658/25042.159996/435004.930662/0.000000104
-138/200: 460040.774453/25038.241340/435002.533113/0.000013729
-139/200: 460034.039949/25034.300246/434999.739703/0.000014639
-140/200: 460029.611960/25030.392882/434999.219078/0.000009625
-141/200: 460023.269840/25026.522117/434996.747723/0.000013786
-142/200: 460017.178283/25022.578850/434994.599433/0.000013242
-143/200: 460011.171248/25018.678718/434992.492530/0.000013058
-144/200: 460010.489777/25014.739512/434995.750265/0.000001481
-145/200: 460003.080410/25010.841698/434992.238712/0.000016107
-146/200: 459999.168246/25006.902852/434992.265394/0.000008505
-147/200: 459994.296864/25002.953217/434991.343647/0.000010590
-148/200: 459985.494655/24998.980897/434986.513758/0.000019135
-149/200: 459982.140082/24995.023712/434987.116370/0.000007293
-150/200: 459976.130342/24991.093543/434985.036799/0.000013065
-151/200: 459970.021304/24987.168341/434982.852963/0.000013281
-152/200: 459964.523448/24983.216107/434981.307341/0.000011953
-153/200: 459961.335105/24979.235022/434982.100083/0.000006932
-154/200: 459955.676140/24975.262390/434980.413750/0.000012303
-155/200: 459948.028353/24971.304115/434976.724238/0.000016627
-156/200: 459942.203652/24967.339706/434974.863946/0.000012664
-157/200: 459941.438200/24963.381173/434978.057027/0.000001664
-158/200: 459935.764071/24959.392431/434976.371640/0.000012337
-159/200: 459928.594525/24955.453016/434973.141509/0.000015588
-160/200: 459922.794231/24951.502971/434971.291260/0.000012611
-161/200: 459917.264634/24947.499768/434969.764866/0.000012023
-162/200: 459912.333799/24943.502638/434968.831161/0.000010721
-163/200: 459911.362926/24939.515500/434971.847426/0.000002111
-164/200: 459896.915381/24935.539365/434961.376016/0.000031414
-165/200: 459898.621952/24931.558965/434967.062987/0.000003711
-166/200: 459889.263715/24927.566414/434961.697301/0.000020348
-167/200: 459884.609788/24923.554172/434961.055616/0.000010120
-168/200: 459880.786250/24919.554333/434961.231917/0.000008314
-169/200: 459874.342191/24915.544106/434958.798085/0.000014012
-170/200: 459866.647601/24911.543233/434955.104368/0.000016732
-171/200: 459862.070634/24907.556252/434954.514382/0.000009953
-172/200: 459860.459635/24903.538560/434956.921075/0.000003503
-173/200: 459849.627314/24899.528798/434950.098516/0.000023556
-174/200: 459848.277534/24895.541839/434952.735695/0.000002935
-175/200: 459840.199067/24891.519207/434948.679860/0.000017568
-176/200: 459834.920380/24887.526192/434947.394188/0.000011479
-177/200: 459831.404561/24883.527801/434947.876760/0.000007646
-178/200: 459826.916249/24879.493349/434947.422900/0.000009761
-179/200: 459820.913726/24875.460235/434945.453491/0.000013054
-180/200: 459811.630094/24871.440303/434940.189791/0.000020190
-181/200: 459808.458705/24867.438935/434941.019770/0.000006897
-182/200: 459803.958252/24863.389645/434940.568607/0.000009788
-183/200: 459796.641166/24859.375635/434937.265531/0.000015913
-184/200: 459792.710655/24855.365771/434937.344884/0.000008548
-185/200: 459786.934998/24851.340994/434935.594004/0.000012561
-186/200: 459779.789726/24847.319986/434932.469740/0.000015540
-187/200: 459776.854871/24843.273098/434933.581773/0.000006383
-188/200: 459772.613990/24839.245627/434933.368363/0.000009224
-189/200: 459763.205019/24835.210139/434927.994880/0.000020464
-190/200: 459758.756620/24831.178538/434927.578082/0.000009675
-191/200: 459752.916782/24827.157672/434925.759110/0.000012702
-192/200: 459749.940367/24823.119819/434926.820548/0.000006474
-193/200: 459740.674977/24819.072262/434921.602715/0.000020153
-194/200: 459734.254125/24815.033867/434919.220258/0.000013966
-195/200: 459729.124803/24811.021625/434918.103178/0.000011157
-196/200: 459724.403457/24806.954418/434917.449039/0.000010270
-197/200: 459719.659840/24802.879666/434916.780174/0.000010318
-198/200: 459712.826503/24798.800128/434914.026375/0.000014864
-199/200: 459709.001860/24794.734703/434914.267157/0.000008320
-200/200: 459702.050239/24790.655399/434911.394840/0.000015122
Start evaluating ...
  Columns 1 through 7

    0.0011    0.0030    0.0043    0.0054    0.0066    0.0076    0.0085

  Columns 8 through 10

    0.0097    0.0108    0.0116

   5.4442e-04

Elapsed time is 55431.519261 seconds.
