nohup: ignoring input

                            < M A T L A B (R) >
                  Copyright 1984-2016 The MathWorks, Inc.
                   R2016a (9.0.0.341360) 64-bit (glnxa64)
                             February 11, 2016

 
To get started, type one of these: helpwin, helpdesk, or demo.
For product information, visit www.mathworks.com.
 

	Academic License

Start learning ...
Init data [Dtype: delicious - Dspec: sp2/5050]
Init social model
Using adagrad ...
Load pretrained shallow-model...
Could not use CUDA
Params [lbd-U: 1.0000|lbd-V: 0.1000|lbd-N: 1.0000|lbd-Q: 0.0100]
Staring Sample 2 - Loc: save/bcdl/delicious-alg61-sp2-cold20170227105048767 
CTR(chongwang)-DAE(User graph) Running - Walks(1)...
-1/200: 457151.881920/21370.900866/435780.981054/1.000000000
-2/200: 441135.916068/6087.036541/435048.879527/0.035034234
-3/200: 439820.297919/4692.321225/435127.976694/0.002982342
-4/200: 439449.140009/4272.566291/435176.573718/0.000843885
-5/200: 439202.632275/4034.124557/435168.507718/0.000560947
-6/200: 439057.671947/3888.431801/435169.240146/0.000330053
-7/200: 438986.982687/3795.716824/435191.265863/0.000161002
-8/200: 438931.585462/3735.049581/435196.535881/0.000126193
-9/200: 438887.901001/3694.433050/435193.467951/0.000099525
-10/200: 438863.680080/3666.636183/435197.043897/0.000055187
-11/200: 438837.068518/3647.164295/435189.904223/0.000060637
-12/200: 438817.316512/3633.175700/435184.140812/0.000045010
-13/200: 438819.373940/3622.850825/435196.523115/0.000004689
-14/200: 438817.457672/3615.017841/435202.439831/0.000004367
-15/200: 438802.519611/3608.911400/435193.608211/0.000034042
-16/200: 438799.796888/3604.023207/435195.773681/0.000006205
-17/200: 438803.157272/3600.016930/435203.140342/0.000007658
-18/200: 438813.821913/3596.663611/435217.158302/0.000024304
-19/200: 438802.652383/3593.808084/435208.844299/0.000025454
-20/200: 438803.068905/3591.338482/435211.730423/0.000000949
-21/200: 438789.071017/3589.178660/435199.892357/0.000031900
-22/200: 438802.480506/3587.268520/435215.211986/0.000030560
-23/200: 438806.829961/3585.566136/435221.263825/0.000009912
-24/200: 438811.014380/3584.039082/435226.975298/0.000009536
-25/200: 438798.871864/3582.662187/435216.209677/0.000027671
-26/200: 438799.650911/3581.414850/435218.236061/0.000001775
-27/200: 438793.822970/3580.278795/435213.544175/0.000013282
-28/200: 438813.112831/3579.241314/435233.871517/0.000043961
-29/200: 438810.364857/3578.291942/435232.072915/0.000006262
-30/200: 438802.972369/3577.421629/435225.550740/0.000016847
-31/200: 438803.296085/3576.619256/435226.676829/0.000000738
-32/200: 438810.334224/3575.880515/435234.453709/0.000016039
-33/200: 438786.300031/3575.197927/435211.102104/0.000054771
-34/200: 438809.338039/3574.566884/435234.771155/0.000052504
-35/200: 438790.736106/3573.980442/435216.755664/0.000042392
-36/200: 438805.700568/3573.436495/435232.264073/0.000034104
-37/200: 438807.230901/3572.930412/435234.300489/0.000003487
-38/200: 438801.559409/3572.459025/435229.100384/0.000012925
-39/200: 438807.636697/3572.019379/435235.617318/0.000013850
-40/200: 438804.454528/3571.608376/435232.846152/0.000007252
-41/200: 438817.251797/3571.225271/435246.026526/0.000029164
-42/200: 438819.097932/3570.865955/435248.231977/0.000004207
-43/200: 438815.649042/3570.529247/435245.119795/0.000007859
-44/200: 438818.194304/3570.211286/435247.983018/0.000005800
-45/200: 438815.262866/3569.913652/435245.349214/0.000006680
-46/200: 438815.655108/3569.633705/435246.021403/0.000000894
-47/200: 438822.839827/3569.369863/435253.469964/0.000016373
-48/200: 438821.720623/3569.120937/435252.599686/0.000002550
-49/200: 438811.289600/3568.886872/435242.402728/0.000023771
-50/200: 438814.878904/3568.665125/435246.213779/0.000008180
-51/200: 438815.098093/3568.455165/435246.642928/0.000000500
-52/200: 438829.826021/3568.256240/435261.569781/0.000033563
-53/200: 438815.412028/3568.068752/435247.343276/0.000032846
-54/200: 438821.660478/3567.892043/435253.768435/0.000014239
-55/200: 438821.236811/3567.723781/435253.513030/0.000000965
-56/200: 438821.156615/3567.564145/435253.592470/0.000000183
-57/200: 438825.474594/3567.414000/435258.060594/0.000009840
-58/200: 438830.379173/3567.271583/435263.107590/0.000011177
-59/200: 438826.860933/3567.136021/435259.724912/0.000008017
-60/200: 438829.091325/3567.006550/435262.084775/0.000005083
-61/200: 438820.682923/3566.883906/435253.799017/0.000019161
-62/200: 438834.351497/3566.767513/435267.583984/0.000031148
-63/200: 438827.509369/3566.657229/435260.852140/0.000015592
-64/200: 438842.256931/3566.552105/435275.704826/0.000033607
-65/200: 438843.089185/3566.453471/435276.635714/0.000001896
-66/200: 438841.227374/3566.359707/435274.867667/0.000004243
-67/200: 438831.264335/3566.270346/435264.993989/0.000022703
-68/200: 438832.559031/3566.185133/435266.373898/0.000002950
-69/200: 438834.701761/3566.104038/435268.597723/0.000004883
-70/200: 438834.313484/3566.027031/435268.286453/0.000000885
-71/200: 438843.536911/3565.954262/435277.582649/0.000021018
-72/200: 438838.438858/3565.884091/435272.554767/0.000011617
-73/200: 438849.847434/3565.818001/435284.029433/0.000025997
-74/200: 438844.921276/3565.755797/435279.165479/0.000011225
-75/200: 438841.248606/3565.695844/435275.552762/0.000008369
-76/200: 438851.300905/3565.639325/435285.661580/0.000022906
-77/200: 438853.492412/3565.585784/435287.906628/0.000004994
-78/200: 438853.527030/3565.533598/435287.993432/0.000000079
-79/200: 438843.511704/3565.485321/435278.026383/0.000022822
-80/200: 438844.638812/3565.439018/435279.199794/0.000002568
-81/200: 438850.342731/3565.395092/435284.947639/0.000012998
-82/200: 438858.530488/3565.352321/435293.178167/0.000018657
-83/200: 438851.182346/3565.312991/435285.869355/0.000016744
-84/200: 438849.639137/3565.274871/435284.364266/0.000003516
-85/200: 438857.067623/3565.238915/435291.828708/0.000016927
-86/200: 438857.436745/3565.203407/435292.233338/0.000000841
-87/200: 438858.617478/3565.171003/435293.446475/0.000002690
-88/200: 438862.852533/3565.140842/435297.711691/0.000009650
-89/200: 438859.228621/3565.111464/435294.117157/0.000008258
-90/200: 438862.226825/3565.083448/435297.143377/0.000006832
-91/200: 438861.547238/3565.056642/435296.490596/0.000001549
-92/200: 438865.933821/3565.030865/435300.902956/0.000009995
-93/200: 438863.699232/3565.006682/435298.692550/0.000005092
-94/200: 438870.658206/3564.983618/435305.674588/0.000015857
-95/200: 438868.300270/3564.961577/435303.338693/0.000005373
-96/200: 438864.222669/3564.941797/435299.280872/0.000009291
-97/200: 438869.135021/3564.922565/435304.212456/0.000011193
-98/200: 438872.367545/3564.904105/435307.463440/0.000007366
-99/200: 438873.937515/3564.886863/435309.050652/0.000003577
Recall at EP-100 ...
  Columns 1 through 7

    0.1111    0.1469    0.1596    0.1674    0.1762    0.1853    0.1950

  Columns 8 through 10

    0.2046    0.2142    0.2262

Mrr at EP-100 ...
    0.0240

-100/200: 438870.516694/3564.871328/435305.645366/0.000007795
-101/200: 438868.409857/3564.854753/435303.555104/0.000004801
-102/200: 438872.911042/3564.840225/435308.070817/0.000010256
-103/200: 438879.231652/3564.826301/435314.405351/0.000014402
-104/200: 438873.634214/3564.812767/435308.821447/0.000012754
-105/200: 438879.357838/3564.799946/435314.557892/0.000013042
-106/200: 438875.448434/3564.789003/435310.659431/0.000008908
-107/200: 438879.175354/3564.778541/435314.396813/0.000008492
-108/200: 438884.452662/3564.767536/435319.685126/0.000012025
-109/200: 438879.537769/3564.757763/435314.780006/0.000011199
-110/200: 438878.451196/3564.749109/435313.702087/0.000002476
-111/200: 438886.395080/3564.741268/435321.653812/0.000018100
-112/200: 438885.688517/3564.733856/435320.954661/0.000001610
-113/200: 438884.202272/3564.726812/435319.475460/0.000003386
-114/200: 438882.141112/3564.720472/435317.420640/0.000004696
-115/200: 438885.825692/3564.714720/435321.110972/0.000008395
-116/200: 438885.214158/3564.708905/435320.505253/0.000001393
-117/200: 438890.587748/3564.703580/435325.884168/0.000012244
-118/200: 438889.500765/3564.699271/435324.801494/0.000002477
-119/200: 438893.663214/3564.695152/435328.968062/0.000009484
-120/200: 438892.070083/3564.690674/435327.379409/0.000003630
-121/200: 438896.105779/3564.686742/435331.419037/0.000009195
-122/200: 438896.975525/3564.683158/435332.292367/0.000001982
-123/200: 438894.249614/3564.680260/435329.569354/0.000006211
-124/200: 438896.258351/3564.677338/435331.581013/0.000004577
-125/200: 438897.381563/3564.674782/435332.706781/0.000002559
-126/200: 438897.272853/3564.672622/435332.600231/0.000000248
-127/200: 438897.611759/3564.671600/435332.940159/0.000000772
-128/200: 438898.331258/3564.670443/435333.660815/0.000001639
-129/200: 438898.845735/3564.668186/435334.177549/0.000001172
-130/200: 438905.118912/3564.667119/435340.451793/0.000014293
-131/200: 438899.499844/3564.666657/435334.833187/0.000012802
-132/200: 438905.107022/3564.666525/435340.440497/0.000012776
-133/200: 438906.408954/3564.667077/435341.741877/0.000002966
-134/200: 438910.721790/3564.667052/435346.054738/0.000009826
-135/200: 438902.987220/3564.667575/435338.319645/0.000017622
-136/200: 438905.705464/3564.667438/435341.038026/0.000006193
-137/200: 438911.687107/3564.668025/435347.019082/0.000013629
-138/200: 438910.188103/3564.668631/435345.519472/0.000003415
-139/200: 438909.329326/3564.669103/435344.660223/0.000001957
-140/200: 438912.965928/3564.670023/435348.295905/0.000008286
-141/200: 438914.294787/3564.671868/435349.622919/0.000003028
-142/200: 438911.656574/3564.673072/435346.983502/0.000006011
-143/200: 438914.713433/3564.674692/435350.038741/0.000006965
-144/200: 438916.998159/3564.676219/435352.321940/0.000005205
-145/200: 438918.940431/3564.678172/435354.262259/0.000004425
-146/200: 438917.854244/3564.680055/435353.174189/0.000002475
-147/200: 438919.609373/3564.681894/435354.927479/0.000003999
-148/200: 438916.063223/3564.683306/435351.379917/0.000008079
-149/200: 438920.111453/3564.685112/435355.426341/0.000009223
-150/200: 438921.680148/3564.687680/435356.992468/0.000003574
-151/200: 438922.412072/3564.690773/435357.721299/0.000001668
-152/200: 438922.597401/3564.693025/435357.904376/0.000000422
-153/200: 438923.517129/3564.695182/435358.821947/0.000002095
-154/200: 438925.191163/3564.697553/435360.493610/0.000003814
-155/200: 438924.622361/3564.700157/435359.922204/0.000001296
-156/200: 438925.980480/3564.702481/435361.277999/0.000003094
-157/200: 438930.208410/3564.705719/435365.502691/0.000009632
-158/200: 438929.423003/3564.707840/435364.715163/0.000001789
-159/200: 438931.033662/3564.711074/435366.322588/0.000003670
-160/200: 438931.910100/3564.714037/435367.196063/0.000001997
-161/200: 438928.329032/3564.716802/435363.612230/0.000008159
-162/200: 438930.962436/3564.719478/435366.242958/0.000006000
-163/200: 438936.048718/3564.722666/435371.326052/0.000011588
-164/200: 438931.960492/3564.725832/435367.234660/0.000009314
-165/200: 438937.613566/3564.729032/435372.884534/0.000012879
-166/200: 438935.697701/3564.732220/435370.965481/0.000004365
-167/200: 438935.920057/3564.735294/435371.184763/0.000000507
-168/200: 438938.437885/3564.738321/435373.699564/0.000005736
-169/200: 438938.272087/3564.741260/435373.530827/0.000000378
-170/200: 438939.905557/3564.744582/435375.160975/0.000003721
-171/200: 438940.284889/3564.747975/435375.536914/0.000000864
-172/200: 438943.080841/3564.750949/435378.329892/0.000006370
-173/200: 438940.347294/3564.754149/435375.593145/0.000006228
-174/200: 438947.377343/3564.757585/435382.619758/0.000016016
-175/200: 438942.322478/3564.760958/435377.561520/0.000011516
-176/200: 438947.195679/3564.764621/435382.431058/0.000011102
-177/200: 438949.242642/3564.768318/435384.474324/0.000004663
-178/200: 438947.572001/3564.771628/435382.800373/0.000003806
-179/200: 438948.842953/3564.774889/435384.068064/0.000002895
-180/200: 438946.539058/3564.778313/435381.760745/0.000005249
-181/200: 438952.233951/3564.782123/435387.451828/0.000012974
-182/200: 438950.873145/3564.785518/435386.087627/0.000003100
-183/200: 438953.645568/3564.789175/435388.856393/0.000006316
-184/200: 438954.501989/3564.793116/435389.708873/0.000001951
-185/200: 438956.712704/3564.796600/435391.916104/0.000005036
-186/200: 438954.877073/3564.800599/435390.076474/0.000004182
-187/200: 438955.578313/3564.804124/435390.774189/0.000001598
-188/200: 438958.011977/3564.807574/435393.204403/0.000005544
-189/200: 438959.650462/3564.811407/435394.839055/0.000003733
-190/200: 438959.387379/3564.815008/435394.572371/0.000000599
-191/200: 438961.186664/3564.818975/435396.367689/0.000004099
-192/200: 438962.683785/3564.822622/435397.861163/0.000003411
-193/200: 438962.021730/3564.826299/435397.195431/0.000001508
-194/200: 438961.995041/3564.830498/435397.164543/0.000000061
Start evaluating ...
  Columns 1 through 7

    0.1098    0.1444    0.1579    0.1658    0.1746    0.1835    0.1943

  Columns 8 through 10

    0.2048    0.2165    0.2287

    0.0234

Elapsed time is 54208.315911 seconds.
