nohup: ignoring input

                            < M A T L A B (R) >
                  Copyright 1984-2016 The MathWorks, Inc.
                   R2016a (9.0.0.341360) 64-bit (glnxa64)
                             February 11, 2016

 
To get started, type one of these: helpwin, helpdesk, or demo.
For product information, visit www.mathworks.com.
 

	Academic License

Start learning ...
Init data [Dtype: delicious - Dspec: sp2/2550]
Init social model
Using adagrad ...
Load pretrained shallow-model...
Params [lbd-U: 0.1000|lbd-V: 100.0000|lbd-N: 0.1000|lbd-Q: 0.0500]
Staring Sample 2 - Loc: save/bcdl/delicious-alg61-sp2-cold20170225193335844 
CTR(chongwang)-DAE(User graph) Running - Walks(1)...
-1/200: 57761.027987/14182.929882/43578.098105/1.000000000
-2/200: 57433.898006/13935.666246/43498.231760/0.005663507
-3/200: 56901.652500/13406.862035/43494.790465/0.009267097
-4/200: 56590.830321/13097.726664/43493.103657/0.005462446
-5/200: 56434.956385/12944.558541/43490.397844/0.002754403
-6/200: 56355.966911/12867.041532/43488.925379/0.001399655
-7/200: 56322.697869/12832.944666/43489.753203/0.000590338
-8/200: 56314.094759/12825.293442/43488.801317/0.000152747
-9/200: 56320.658257/12833.633315/43487.024942/0.000116552
-10/200: 56337.593459/12851.370327/43486.223132/0.000300693
-11/200: 56358.841195/12874.501877/43484.339318/0.000377150
-12/200: 56382.891217/12900.589521/43482.301696/0.000426730
-13/200: 56410.416597/12928.124644/43482.291953/0.000488187
-14/200: 56437.652606/12956.191969/43481.460637/0.000482819
-15/200: 56463.445528/12984.253403/43479.192125/0.000457016
-16/200: 56490.192914/13011.922056/43478.270858/0.000473712
-17/200: 56516.852328/13038.966491/43477.885837/0.000471930
-18/200: 56543.242368/13065.238091/43478.004277/0.000466941
-19/200: 56566.508701/13090.656811/43475.851890/0.000411479
-20/200: 56590.081321/13115.121721/43474.959600/0.000416724
-21/200: 56611.018639/13138.611094/43472.407545/0.000369982
-22/200: 56633.758651/13161.075188/43472.683463/0.000401689
-23/200: 56654.231117/13182.480772/43471.750345/0.000361489
-24/200: 56674.076707/13202.805574/43471.271133/0.000350293
-25/200: 56690.897261/13222.062591/43468.834670/0.000296795
-26/200: 56707.811809/13240.227383/43467.584426/0.000298364
-27/200: 56723.323677/13257.305025/43466.018652/0.000273540
-28/200: 56740.068433/13273.302992/43466.765441/0.000295201
-29/200: 56753.894503/13288.227131/43465.667372/0.000243674
-30/200: 56765.593828/13302.099079/43463.494749/0.000206141
-31/200: 56777.565165/13314.934713/43462.630452/0.000210891
-32/200: 56788.543270/13326.754596/43461.788674/0.000193353
-33/200: 56796.241549/13337.582506/43458.659043/0.000135560
-34/200: 56806.840952/13347.434540/43459.406412/0.000186622
-35/200: 56813.002169/13356.348346/43456.653823/0.000108459
-36/200: 56821.067859/13364.347776/43456.720083/0.000141969
-37/200: 56827.141261/13371.474294/43455.666967/0.000106886
-38/200: 56831.643715/13377.743624/43453.900091/0.000079231
-39/200: 56836.617637/13383.206562/43453.411075/0.000087520
-40/200: 56839.932531/13387.886349/43452.046182/0.000058323
-41/200: 56843.564042/13391.830422/43451.733620/0.000063890
-42/200: 56845.736225/13395.062164/43450.674061/0.000038213
-43/200: 56847.214324/13397.621406/43449.592918/0.000026002
-44/200: 56848.167096/13399.534205/43448.632891/0.000016760
-45/200: 56847.736580/13400.859679/43446.876901/0.000007573
-46/200: 56847.634617/13401.615842/43446.018775/0.000001794
-47/200: 56847.396053/13401.858186/43445.537867/0.000004197
-48/200: 56845.650987/13401.627748/43444.023239/0.000030697
-49/200: 56843.039798/13400.972598/43442.067200/0.000045935
-50/200: 56841.147608/13399.931786/43441.215822/0.000033288
-51/200: 56839.201441/13398.551836/43440.649605/0.000034239
-52/200: 56837.470933/13396.866267/43440.604666/0.000030446
-53/200: 56832.989611/13394.928725/43438.060886/0.000078844
-54/200: 56829.668806/13392.766886/43436.901920/0.000058431
-55/200: 56826.888489/13390.415852/43436.472637/0.000048924
-56/200: 56823.202666/13387.911200/43435.291466/0.000064861
-57/200: 56818.972188/13385.283777/43433.688411/0.000074450
-58/200: 56815.568405/13382.559096/43433.009309/0.000059906
-59/200: 56811.184692/13379.768292/43431.416400/0.000077157
-60/200: 56808.108466/13376.917689/43431.190777/0.000054148
-61/200: 56803.353228/13374.037708/43429.315520/0.000083707
-62/200: 56800.715175/13371.145787/43429.569388/0.000046442
-63/200: 56795.664653/13368.249108/43427.415545/0.000088917
-64/200: 56793.615870/13365.367406/43428.248464/0.000036073
-65/200: 56788.804564/13362.506556/43426.298008/0.000084716
-66/200: 56784.065543/13359.664478/43424.401065/0.000083450
-67/200: 56779.441508/13356.858518/43422.582990/0.000081432
-68/200: 56776.163262/13354.077186/43422.086076/0.000057736
-69/200: 56772.304795/13351.334439/43420.970356/0.000067959
-70/200: 56768.783840/13348.627624/43420.156216/0.000062019
-71/200: 56765.068939/13345.956984/43419.111955/0.000065439
-72/200: 56761.791212/13343.317750/43418.473462/0.000057742
-73/200: 56757.936954/13340.715486/43417.221468/0.000067902
-74/200: 56754.133261/13338.148458/43415.984803/0.000067016
-75/200: 56750.329415/13335.611573/43414.717842/0.000067023
-76/200: 56747.453934/13333.103067/43414.350867/0.000050669
-77/200: 56743.762737/13330.630309/43413.132428/0.000065046
-78/200: 56741.016289/13328.180182/43412.836107/0.000048401
-79/200: 56735.705986/13325.759628/43409.946358/0.000093588
-80/200: 56732.489980/13323.370431/43409.119549/0.000056684
-81/200: 56729.949107/13321.002826/43408.946281/0.000044787
-82/200: 56726.794321/13318.662851/43408.131470/0.000055611
-83/200: 56722.483662/13316.346112/43406.137550/0.000075990
-84/200: 56719.231080/13314.053126/43405.177954/0.000057342
-85/200: 56715.900919/13311.784202/43404.116717/0.000058713
-86/200: 56712.898547/13309.538635/43403.359912/0.000052937
-87/200: 56709.979190/13307.312827/43402.666363/0.000051476
-88/200: 56706.938569/13305.109681/43401.828888/0.000053617
-89/200: 56703.033897/13302.927431/43400.106466/0.000068857
-90/200: 56700.132575/13300.765122/43399.367453/0.000051167
-91/200: 56697.709700/13298.616968/43399.092732/0.000042731
-92/200: 56694.389086/13296.491787/43397.897299/0.000058567
-93/200: 56690.762775/13294.384027/43396.378748/0.000063962
-94/200: 56688.455297/13292.297194/43396.158103/0.000040703
-95/200: 56684.757287/13290.227025/43394.530262/0.000065234
-96/200: 56680.971547/13288.172374/43392.799173/0.000066786
-97/200: 56677.883312/13286.139959/43391.743353/0.000054485
-98/200: 56675.370231/13284.120804/43391.249427/0.000044340
-99/200: 56672.760074/13282.117968/43390.642106/0.000046055
Recall at EP-100 ...
  Columns 1 through 7

    0.0491    0.0713    0.0789    0.0827    0.0860    0.0884    0.0905

  Columns 8 through 10

    0.0928    0.0943    0.0958

Mrr at EP-100 ...
    0.0083

-100/200: 56668.530212/13280.129595/43388.400617/0.000074637
-101/200: 56666.140875/13278.155714/43387.985161/0.000042163
-102/200: 56662.662576/13276.200721/43386.461855/0.000061382
-103/200: 56660.338864/13274.259864/43386.079000/0.000041010
-104/200: 56657.498134/13272.331811/43385.166323/0.000050136
-105/200: 56655.171890/13270.416122/43384.755768/0.000041058
-106/200: 56650.754816/13268.518714/43382.236102/0.000077964
-107/200: 56647.929410/13266.634561/43381.294849/0.000049874
-108/200: 56647.018735/13264.760870/43382.257865/0.000016076
-109/200: 56642.891523/13262.901270/43379.990253/0.000072858
-110/200: 56639.946969/13261.053301/43378.893668/0.000051985
-111/200: 56636.240967/13259.223094/43377.017873/0.000065431
-112/200: 56633.618801/13257.403542/43376.215259/0.000046298
-113/200: 56630.671778/13255.595619/43375.076159/0.000052037
-114/200: 56627.536074/13253.802144/43373.733930/0.000055371
-115/200: 56624.540188/13252.021312/43372.518876/0.000052905
-116/200: 56621.874519/13250.247537/43371.626982/0.000047076
-117/200: 56619.740708/13248.487457/43371.253251/0.000037685
-118/200: 56616.401219/13246.738430/43369.662789/0.000058981
-119/200: 56613.954229/13245.004307/43368.949922/0.000043221
-120/200: 56612.023914/13243.275372/43368.748542/0.000034096
-121/200: 56609.286047/13241.557845/43367.728202/0.000048362
-122/200: 56606.518317/13239.850724/43366.667593/0.000048892
-123/200: 56602.592428/13238.155048/43364.437380/0.000069354
-124/200: 56601.463335/13236.472071/43364.991264/0.000019948
-125/200: 56598.540982/13234.797328/43363.743654/0.000051630
-126/200: 56594.854680/13233.131909/43361.722771/0.000065131
-127/200: 56591.989248/13231.479310/43360.509938/0.000050631
-128/200: 56588.574271/13229.837553/43358.736718/0.000060344
-129/200: 56588.136556/13228.200122/43359.936434/0.000007735
-130/200: 56584.881536/13226.572901/43358.308635/0.000057521
-131/200: 56581.319379/13224.960141/43356.359238/0.000062952
-132/200: 56578.548902/13223.353617/43355.195285/0.000048965
-133/200: 56575.644590/13221.757914/43353.886676/0.000051332
-134/200: 56573.973971/13220.171237/43353.802734/0.000029529
-135/200: 56570.600706/13218.595462/43352.005244/0.000059626
-136/200: 56568.481061/13217.023059/43351.458002/0.000037469
-137/200: 56566.114912/13215.460972/43350.653940/0.000041828
-138/200: 56563.558568/13213.909298/43349.649270/0.000045192
-139/200: 56561.645491/13212.364121/43349.281370/0.000033822
-140/200: 56558.184687/13210.824780/43347.359907/0.000061186
-141/200: 56554.581972/13209.301607/43345.280365/0.000063699
-142/200: 56553.289759/13207.781817/43345.507942/0.000022849
-143/200: 56549.516135/13206.272308/43343.243827/0.000066727
-144/200: 56548.645356/13204.767305/43343.878051/0.000015399
-145/200: 56544.612497/13203.273698/43341.338799/0.000071317
-146/200: 56543.219341/13201.785256/43341.434085/0.000024638
-147/200: 56540.740531/13200.305501/43340.435030/0.000043839
-148/200: 56538.610989/13198.831098/43339.779891/0.000037664
-149/200: 56535.583506/13197.365246/43338.218260/0.000053547
-150/200: 56532.851010/13195.907884/43336.943126/0.000048332
-151/200: 56529.661963/13194.458875/43335.203088/0.000056411
-152/200: 56528.291541/13193.015876/43335.275665/0.000024243
-153/200: 56526.454045/13191.581707/43334.872338/0.000032506
-154/200: 56523.443942/13190.148914/43333.295028/0.000053251
-155/200: 56520.632781/13188.728027/43331.904754/0.000049734
-156/200: 56517.945562/13187.314574/43330.630988/0.000047544
-157/200: 56515.729115/13185.907090/43329.822025/0.000039217
-158/200: 56514.409803/13184.506739/43329.903064/0.000023344
-159/200: 56510.454635/13183.114877/43327.339758/0.000069985
-160/200: 56508.017696/13181.727245/43326.290451/0.000043124
-161/200: 56507.252236/13180.346085/43326.906151/0.000013546
-162/200: 56504.627024/13178.971788/43325.655236/0.000046458
-163/200: 56502.379075/13177.603292/43324.775783/0.000039783
-164/200: 56498.075161/13176.242588/43321.832573/0.000076172
-165/200: 56496.549424/13174.887311/43321.662113/0.000027005
-166/200: 56493.802641/13173.540440/43320.262201/0.000048619
-167/200: 56492.388144/13172.193112/43320.195032/0.000025038
-168/200: 56489.999769/13170.856961/43319.142808/0.000042278
-169/200: 56487.184996/13169.526508/43317.658488/0.000049828
-170/200: 56484.587515/13168.200828/43316.386687/0.000045984
-171/200: 56481.981987/13166.884224/43315.097763/0.000046128
-172/200: 56481.095124/13165.571530/43315.523594/0.000015702
-173/200: 56477.649795/13164.263412/43313.386383/0.000061000
-174/200: 56474.672557/13162.965255/43311.707302/0.000052715
-175/200: 56474.079748/13161.668361/43312.411387/0.000010497
-176/200: 56469.759265/13160.381349/43309.377916/0.000076504
-177/200: 56468.606903/13159.097299/43309.509604/0.000020407
-178/200: 56467.101170/13157.819269/43309.281901/0.000026665
-179/200: 56464.438587/13156.543651/43307.894936/0.000047153
-180/200: 56461.388176/13155.278888/43306.109288/0.000054024
-181/200: 56458.720264/13154.017462/43304.702802/0.000047252
-182/200: 56458.000408/13152.758551/43305.241857/0.000012750
-183/200: 56454.059509/13151.508152/43302.551357/0.000069802
-184/200: 56452.113984/13150.264619/43301.849365/0.000034462
-185/200: 56450.531235/13149.023776/43301.507459/0.000028037
-186/200: 56447.416172/13147.787875/43299.628297/0.000055182
-187/200: 56446.443330/13146.555327/43299.888003/0.000017234
-188/200: 56443.678313/13145.335824/43298.342489/0.000048985
-189/200: 56441.183783/13144.113516/43297.070267/0.000044195
-190/200: 56438.892787/13142.897609/43295.995178/0.000040591
-191/200: 56436.321065/13141.688761/43294.632304/0.000045566
-192/200: 56434.904789/13140.485010/43294.419779/0.000025095
-193/200: 56431.905404/13139.283550/43292.621854/0.000053148
-194/200: 56429.830302/13138.086607/43291.743695/0.000036772
-195/200: 56426.799100/13136.900850/43289.898250/0.000053716
-196/200: 56425.843899/13135.715730/43290.128169/0.000016928
-197/200: 56424.413179/13134.530456/43289.882723/0.000025356
-198/200: 56422.277436/13133.355103/43288.922333/0.000037851
-199/200: 56419.541140/13132.180052/43287.361088/0.000048497
-200/200: 56417.736994/13131.007545/43286.729449/0.000031977
Start evaluating ...
  Columns 1 through 7

    0.0488    0.0714    0.0780    0.0824    0.0861    0.0885    0.0910

  Columns 8 through 10

    0.0928    0.0948    0.0962

    0.0084

Elapsed time is 33108.569593 seconds.
