nohup: ignoring input

                            < M A T L A B (R) >
                  Copyright 1984-2016 The MathWorks, Inc.
                   R2016a (9.0.0.341360) 64-bit (glnxa64)
                             February 11, 2016

 
To get started, type one of these: helpwin, helpdesk, or demo.
For product information, visit www.mathworks.com.
 

	Academic License

Start learning ...
Init data [Dtype: delicious - Dspec: sp2/0550]
Init social model
Using adagrad ...
Params [lbd-U: 1.0000|lbd-V: 1.0000|lbd-N: 1.0000|lbd-Q: 0.1000]
Staring Sample 2 - Loc: save/ctrsmf/delicious-alg90-sp2-cold20170224185112710 
CTR-SMF Running ...

iter time likelihood converge
0001 000085 -5310704.45357 1.0000000000
0002 000163 -5145667.80164 0.0310762260
0003 000244 -5035003.23237 0.0215063571
0004 000318 -5000872.51826 0.0067786876
0005 000390 -4982696.01828 0.0036346657
0006 000428 -4967965.58715 0.0029563174
0007 000471 -4957812.81539 0.0020436478
0008 000536 -4951543.39605 0.0012645535
0009 000578 -4947270.84387 0.0008628728
0010 000633 -4944066.22010 0.0006477559
0011 000695 -4941462.89102 0.0005265563
0012 000761 -4939252.49206 0.0004473167
0013 000826 -4937338.12054 0.0003875832
0014 000875 -4935661.00680 0.0003396797
0015 000915 -4934178.96582 0.0003002720
0016 000953 -4932859.84882 0.0002673428
0017 001019 -4931678.30824 0.0002395245
0018 001084 -4930613.80234 0.0002158506
0019 001149 -4929649.30142 0.0001956148
0020 001222 -4928770.47329 0.0001782740
0021 001322 -4927965.18029 0.0001633862
0022 001418 -4927223.15541 0.0001505743
0023 001512 -4926535.76245 0.0001395092
0024 001604 -4925895.78218 0.0001299047
0025 001695 -4925297.20571 0.0001215163
0026 001793 -4924735.02919 0.0001141406
0027 001875 -4924205.05476 0.0001076148
0028 001954 -4923703.71543 0.0001018112
0029 002033 -4923227.94770 0.0000966280
0030 002110 -4922775.12183 0.0000919774
0031 002191 -4922343.01115 0.0000877779
0032 002267 -4921929.78706 0.0000839487
0033 002345 -4921534.06488 0.0000803998
0034 002422 -4921154.99260 0.0000770232
0035 002499 -4920792.17581 0.0000737259
0036 002583 -4920445.34434 0.0000704829
0037 002669 -4920114.10300 0.0000673194
0038 002749 -4919798.09194 0.0000642284
0039 002826 -4919497.02993 0.0000611940
0040 002905 -4919210.51095 0.0000582415
0041 002985 -4918938.24997 0.0000553465
0042 003066 -4918680.04516 0.0000524920
0043 003142 -4918435.43647 0.0000497306
0044 003220 -4918204.06461 0.0000470418
0045 003296 -4917985.69361 0.0000444006
0046 003372 -4917780.00336 0.0000418241
0047 003444 -4917586.52035 0.0000393436
0048 003520 -4917404.70654 0.0000369722
0049 003592 -4917234.05186 0.0000347042
0050 003669 -4917074.09545 0.0000325298
0051 003741 -4916924.39967 0.0000304441
0052 003811 -4916784.52409 0.0000284478
0053 003883 -4916654.02172 0.0000265422
0054 003952 -4916532.44413 0.0000247277
0055 004020 -4916419.33184 0.0000230065
0056 004087 -4916314.18770 0.0000213863
0057 004154 -4916216.44793 0.0000198807
0058 004221 -4916125.47051 0.0000185056
0059 004289 -4916040.57531 0.0000172687
0060 004356 -4915961.13421 0.0000161596
0061 004423 -4915886.60668 0.0000151603
0062 004486 -4915816.48380 0.0000142645
0063 004552 -4915750.29260 0.0000134649
0064 004619 -4915687.65432 0.0000127424
0065 004686 -4915628.32863 0.0000120686
0066 004752 -4915572.17168 0.0000114242
0067 004817 -4915518.98524 0.0000108200
0068 004884 -4915468.50167 0.0000102702
0069 004950 -4915420.53137 0.0000097590
Start evaluating ...
  Columns 1 through 7

    0.0054    0.0068    0.0075    0.0082    0.0088    0.0093    0.0100

  Columns 8 through 10

    0.0105    0.0111    0.0116

    0.0025

Elapsed time is 5047.831804 seconds.
