nohup: ignoring input

                            < M A T L A B (R) >
                  Copyright 1984-2016 The MathWorks, Inc.
                   R2016a (9.0.0.341360) 64-bit (glnxa64)
                             February 11, 2016

 
To get started, type one of these: helpwin, helpdesk, or demo.
For product information, visit www.mathworks.com.
 

	Academic License

Start learning ...
Init data [Dtype: delicious - Dspec: sp2/2550]
Init social model
Using adagrad ...
Params [lbd-U: 0.0100|lbd-V: 10.0000|lbd-N: 0.0100|lbd-Q: 0.0500]
Staring Sample 2 - Loc: save/ctrsmf/delicious-alg90-sp2-cold20170225193345139 
CTR-SMF Running ...

iter time likelihood converge
0001 000282 -30057680.03926 1.0000000000
0002 000567 -29298933.91827 0.0252430035
0003 000848 -28668641.10323 0.0215124829
0004 001130 -28482617.17542 0.0064887599
0005 001406 -28396807.68501 0.0030126968
0006 001680 -28337056.72218 0.0021041437
0007 001951 -28295304.18196 0.0014734254
0008 002220 -28265968.32182 0.0010367749
0009 002493 -28243457.02474 0.0007964099
0010 002764 -28224997.93660 0.0006535704
0011 003031 -28209201.35712 0.0005596663
0012 003303 -28195383.20225 0.0004898457
0013 003572 -28183149.52303 0.0004338894
0014 003838 -28172229.36873 0.0003874710
0015 004076 -28162418.12579 0.0003482594
0016 004286 -28153554.08909 0.0003147470
0017 004489 -28145505.18614 0.0002858930
0018 004687 -28138161.31793 0.0002609251
0019 004871 -28131429.93338 0.0002392262
0020 005053 -28125232.79037 0.0002202925
0021 005235 -28119503.23358 0.0002037159
0022 005407 -28114183.99251 0.0001891655
0023 005591 -28109225.56875 0.0001763673
0024 005763 -28104585.25555 0.0001650815
0025 005942 -28100226.43324 0.0001550929
0026 006120 -28096117.59558 0.0001462208
0027 006300 -28092231.50097 0.0001383143
0028 006430 -28088544.94119 0.0001312306
0029 006565 -28085038.68898 0.0001248285
0030 006705 -28081697.32316 0.0001189732
0031 006845 -28078509.24247 0.0001135288
0032 007025 -28075466.30763 0.0001083724
0033 007205 -28072562.17767 0.0001034401
0034 007381 -28069791.09804 0.0000987113
0035 007563 -28067147.40292 0.0000941829
0036 007745 -28064625.05885 0.0000898682
0037 007931 -28062217.47638 0.0000857871
0038 008113 -28059917.84441 0.0000819476
0039 008252 -28057720.03832 0.0000783255
0040 008428 -28055619.22845 0.0000748746
0041 008608 -28053611.63278 0.0000715577
0042 008789 -28051694.46657 0.0000683394
0043 008970 -28049866.11728 0.0000651779
0044 009151 -28048126.01234 0.0000620361
0045 009331 -28046473.86564 0.0000589040
0046 009510 -28044908.54490 0.0000558117
0047 009690 -28043427.47747 0.0000528106
0048 009871 -28042026.61048 0.0000499535
0049 010050 -28040701.14473 0.0000472671
0050 010229 -28039446.95069 0.0000447276
0051 010408 -28038261.22398 0.0000422878
0052 010587 -28037141.82068 0.0000399241
0053 010767 -28036086.51632 0.0000376395
0054 010946 -28035092.70806 0.0000354475
0055 011125 -28034157.54334 0.0000333569
0056 011304 -28033278.62936 0.0000313515
0057 011484 -28032454.89183 0.0000293843
0058 011664 -28031686.44113 0.0000274129
0059 011843 -28030973.19598 0.0000254442
0060 012022 -28030313.60676 0.0000235307
0061 012202 -28029704.59600 0.0000217269
0062 012381 -28029142.76814 0.0000200440
0063 012554 -28028623.78992 0.0000185157
0064 012733 -28028142.54401 0.0000171698
0065 012868 -28027694.27934 0.0000159934
0066 012971 -28027275.16432 0.0000149536
0067 013067 -28026883.10904 0.0000139883
0068 013164 -28026516.89369 0.0000130666
0069 013276 -28026175.05233 0.0000121971
0070 013371 -28025856.01502 0.0000113835
0071 013466 -28025557.73373 0.0000106431
0072 013562 -28025277.89777 0.0000099850
Start evaluating ...
  Columns 1 through 7

    0.0788    0.0931    0.0986    0.1019    0.1041    0.1058    0.1070

  Columns 8 through 10

    0.1088    0.1098    0.1108

    0.0195

Elapsed time is 13631.266801 seconds.
