nohup: ignoring input

                            < M A T L A B (R) >
                  Copyright 1984-2016 The MathWorks, Inc.
                   R2016a (9.0.0.341360) 64-bit (glnxa64)
                             February 11, 2016

 
To get started, type one of these: helpwin, helpdesk, or demo.
For product information, visit www.mathworks.com.
 

	Academic License

Start learning ...
Init data [Dtype: delicious - Dspec: sp2/5050]
Init social model
Using adagrad ...
Load pretrained shallow-model...
Could not use CUDA
Params [lbd-U: 10.0000|lbd-V: 0.0100|lbd-N: 10.0000|lbd-Q: 0.0100]
Staring Sample 2 - Loc: save/bcdl/delicious-alg61-sp2-cold20170227105048808 
CTR(chongwang)-DAE(User graph) Running - Walks(1)...
-1/200: 4380169.840446/22360.029909/4357809.810537/1.000000000
-2/200: 4355856.929406/4187.468358/4351669.461048/0.005550678
-3/200: 4355725.876653/3868.702827/4351857.173826/0.000030087
-4/200: 4355626.048272/3728.438396/4351897.609876/0.000022919
-5/200: 4355437.391026/3649.102627/4351788.288399/0.000043313
-6/200: 4355396.573468/3600.367346/4351796.206122/0.000009372
-7/200: 4355587.661856/3569.116525/4352018.545331/0.000043874
-8/200: 4355616.585134/3548.464713/4352068.120421/0.000006640
-9/200: 4355568.006735/3534.516632/4352033.490103/0.000011153
-10/200: 4355594.671806/3524.906936/4352069.764870/0.000006122
-11/200: 4355516.778638/3518.164903/4351998.613735/0.000017883
-12/200: 4355450.219144/3513.371760/4351936.847384/0.000015282
-13/200: 4355570.677318/3509.903039/4352060.774279/0.000027657
-14/200: 4355628.986615/3507.374971/4352121.611644/0.000013387
-15/200: 4355542.330478/3505.535868/4352036.794610/0.000019895
-16/200: 4355551.925233/3504.174855/4352047.750378/0.000002203
-17/200: 4355629.985980/3503.181145/4352126.804835/0.000017922
-18/200: 4355772.870019/3502.462151/4352270.407868/0.000032804
-19/200: 4355680.232518/3501.971733/4352178.260785/0.000021268
-20/200: 4355715.675841/3501.649809/4352214.026032/0.000008137
-21/200: 4355594.062052/3501.477980/4352092.584072/0.000027921
-22/200: 4355745.363718/3501.415027/4352243.948691/0.000034737
-23/200: 4355801.288665/3501.448392/4352299.840273/0.000012839
-24/200: 4355868.225454/3501.557007/4352366.668447/0.000015367
-25/200: 4355758.424970/3501.742641/4352256.682329/0.000025207
-26/200: 4355771.312798/3501.987309/4352269.325489/0.000002959
-27/200: 4355723.457019/3502.271398/4352221.185621/0.000010987
-28/200: 4355933.949754/3502.587837/4352431.361917/0.000048326
-29/200: 4355913.900310/3502.943685/4352410.956625/0.000004603
-30/200: 4355851.531123/3503.335709/4352348.195414/0.000014318
-31/200: 4355850.924760/3503.739957/4352347.184803/0.000000139
-32/200: 4355934.023795/3504.175429/4352429.848366/0.000019078
-33/200: 4355694.704049/3504.627878/4352190.076171/0.000054941
-34/200: 4355935.400160/3505.096608/4352430.303552/0.000055260
-35/200: 4355751.424301/3505.573729/4352245.850572/0.000042236
-36/200: 4355903.792167/3506.065996/4352397.726171/0.000034981
-37/200: 4355924.368305/3506.567306/4352417.800999/0.000004724
-38/200: 4355874.387074/3507.073746/4352367.313328/0.000011474
-39/200: 4355944.356778/3507.589693/4352436.767085/0.000016063
-40/200: 4355912.094236/3508.109588/4352403.984648/0.000007407
-41/200: 4356048.739636/3508.637382/4352540.102254/0.000031370
-42/200: 4356069.230992/3509.166202/4352560.064790/0.000004704
-43/200: 4356038.002692/3509.695195/4352528.307497/0.000007169
-44/200: 4356060.172064/3510.218737/4352549.953327/0.000005089
-45/200: 4356038.356219/3510.745190/4352527.611029/0.000005008
-46/200: 4356037.809948/3511.276344/4352526.533604/0.000000125
-47/200: 4356110.186886/3511.802080/4352598.384806/0.000016615
-48/200: 4356102.170409/3512.329381/4352589.841028/0.000001840
-49/200: 4355995.567558/3512.853714/4352482.713844/0.000024472
-50/200: 4356042.724164/3513.376815/4352529.347349/0.000010826
-51/200: 4356047.498166/3513.892675/4352533.605491/0.000001096
-52/200: 4356194.499071/3514.403858/4352680.095213/0.000033746
-53/200: 4356047.602425/3514.917835/4352532.684590/0.000033721
-54/200: 4356118.258922/3515.431216/4352602.827706/0.000016220
-55/200: 4356110.927665/3515.935530/4352594.992135/0.000001683
-56/200: 4356110.652243/3516.436347/4352594.215896/0.000000063
-57/200: 4356151.999478/3516.941597/4352635.057881/0.000009492
-58/200: 4356204.870851/3517.443807/4352687.427044/0.000012137
-59/200: 4356176.919623/3517.938128/4352658.981495/0.000006416
-60/200: 4356189.822607/3518.425432/4352671.397175/0.000002962
-61/200: 4356111.581226/3518.906948/4352592.674278/0.000017961
-62/200: 4356252.566045/3519.388614/4352733.177431/0.000032365
-63/200: 4356184.229947/3519.865216/4352664.364731/0.000015687
-64/200: 4356330.514916/3520.334317/4352810.180599/0.000033581
-65/200: 4356335.616302/3520.804435/4352814.811867/0.000001171
-66/200: 4356319.034309/3521.272958/4352797.761351/0.000003806
-67/200: 4356221.642913/3521.733787/4352699.909126/0.000022356
-68/200: 4356231.903618/3522.189276/4352709.714342/0.000002355
-69/200: 4356258.686950/3522.637281/4352736.049669/0.000006148
-70/200: 4356252.406656/3523.082655/4352729.324001/0.000001442
-71/200: 4356347.695530/3523.525703/4352824.169827/0.000021874
-72/200: 4356299.540644/3523.958295/4352775.582349/0.000011054
-73/200: 4356405.299479/3524.392182/4352880.907297/0.000024277
-74/200: 4356361.144630/3524.821380/4352836.323250/0.000010136
-75/200: 4356326.187365/3525.244418/4352800.942947/0.000008024
-76/200: 4356424.628745/3525.662501/4352898.966244/0.000022597
-77/200: 4356446.262384/3526.078374/4352920.184010/0.000004966
-78/200: 4356444.798269/3526.483015/4352918.315254/0.000000336
-79/200: 4356341.662174/3526.889054/4352814.773120/0.000023674
-80/200: 4356358.646151/3527.287511/4352831.358640/0.000003899
-81/200: 4356416.125446/3527.681686/4352888.443760/0.000013194
-82/200: 4356488.603816/3528.071207/4352960.532609/0.000016637
-83/200: 4356422.717675/3528.458274/4352894.259401/0.000015124
-84/200: 4356406.908786/3528.836694/4352878.072092/0.000003629
-85/200: 4356477.692551/3529.215400/4352948.477151/0.000016248
-86/200: 4356482.860554/3529.583908/4352953.276646/0.000001186
-87/200: 4356494.182489/3529.950556/4352964.231933/0.000002599
-88/200: 4356535.005677/3530.315574/4353004.690103/0.000009371
-89/200: 4356498.414587/3530.675742/4352967.738845/0.000008399
-90/200: 4356534.064614/3531.030419/4353003.034195/0.000008183
-91/200: 4356525.180786/3531.375421/4352993.805365/0.000002039
-92/200: 4356566.658163/3531.721957/4353034.936206/0.000009521
-93/200: 4356543.993292/3532.061692/4353011.931600/0.000005202
-94/200: 4356614.533215/3532.396819/4353082.136396/0.000016192
-95/200: 4356588.707223/3532.728548/4353055.978675/0.000005928
-96/200: 4356548.784700/3533.058911/4353015.725789/0.000009164
-97/200: 4356597.588834/3533.386068/4353064.202766/0.000011202
-98/200: 4356629.280629/3533.706044/4353095.574585/0.000007274
-99/200: 4356643.484130/3534.024153/4353109.459977/0.000003260
Recall at EP-100 ...
  Columns 1 through 7

    0.1114    0.1462    0.1613    0.1722    0.1834    0.1955    0.2080

  Columns 8 through 10

    0.2201    0.2328    0.2437

Mrr at EP-100 ...
    0.0242

-100/200: 4356608.627728/3534.338402/4353074.289326/0.000008001
-101/200: 4356592.021329/3534.645234/4353057.376095/0.000003812
-102/200: 4356633.345736/3534.952715/4353098.393021/0.000009485
-103/200: 4356699.478690/3535.254828/4353164.223862/0.000015180
-104/200: 4356638.919326/3535.552304/4353103.367022/0.000013900
-105/200: 4356694.081745/3535.846412/4353158.235333/0.000012662
-106/200: 4356655.060044/3536.138271/4353118.921773/0.000008957
-107/200: 4356692.685419/3536.429201/4353156.256218/0.000008636
-108/200: 4356742.484728/3536.709892/4353205.774836/0.000011431
-109/200: 4356693.909523/3536.990995/4353156.918528/0.000011149
-110/200: 4356683.108972/3537.268670/4353145.840302/0.000002479
-111/200: 4356762.436510/3537.545606/4353224.890904/0.000018208
-112/200: 4356757.287080/3537.819327/4353219.467753/0.000001182
-113/200: 4356737.269759/3538.088475/4353199.181284/0.000004595
-114/200: 4356721.659106/3538.355157/4353183.303949/0.000003583
-115/200: 4356758.005990/3538.618834/4353219.387156/0.000008343
-116/200: 4356748.142284/3538.878331/4353209.263953/0.000002264
-117/200: 4356801.168751/3539.133464/4353262.035287/0.000012171
-118/200: 4356792.006101/3539.389311/4353252.616790/0.000002103
-119/200: 4356832.174179/3539.638975/4353292.535204/0.000009220
-120/200: 4356811.326749/3539.884517/4353271.442232/0.000004785
-121/200: 4356851.140042/3540.126092/4353311.013950/0.000009138
-122/200: 4356862.101170/3540.364200/4353321.736970/0.000002516
-123/200: 4356835.473603/3540.603127/4353294.870476/0.000006112
-124/200: 4356853.011591/3540.834656/4353312.176935/0.000004025
-125/200: 4356864.422417/3541.064487/4353323.357930/0.000002619
-126/200: 4356866.201728/3541.292297/4353324.909431/0.000000408
-127/200: 4356867.113839/3541.518781/4353325.595058/0.000000209
-128/200: 4356871.094191/3541.743775/4353329.350416/0.000000914
-129/200: 4356875.060657/3541.958465/4353333.102192/0.000000910
-130/200: 4356935.575837/3542.176291/4353393.399546/0.000013890
-131/200: 4356883.439727/3542.389275/4353341.050452/0.000011966
-132/200: 4356935.481964/3542.602864/4353392.879100/0.000011945
-133/200: 4356950.157293/3542.813872/4353407.343421/0.000003368
-134/200: 4356991.865961/3543.019584/4353448.846377/0.000009573
-135/200: 4356917.981895/3543.222884/4353374.759011/0.000016958
-136/200: 4356940.433024/3543.422656/4353397.010368/0.000005153
-137/200: 4356999.803323/3543.621363/4353456.181960/0.000013627
-138/200: 4356984.613793/3543.815293/4353440.798500/0.000003486
-139/200: 4356973.715828/3544.006134/4353429.709694/0.000002501
-140/200: 4357009.813190/3544.196917/4353465.616273/0.000008285
-141/200: 4357021.946444/3544.388172/4353477.558272/0.000002785
-142/200: 4356996.106726/3544.572137/4353451.534589/0.000005931
-143/200: 4357027.398526/3544.754958/4353482.643568/0.000007182
-144/200: 4357043.271561/3544.935773/4353498.335788/0.000003643
-145/200: 4357065.068920/3545.114801/4353519.954119/0.000005003
-146/200: 4357056.182152/3545.290188/4353510.891964/0.000002040
-147/200: 4357070.783331/3545.463660/4353525.319671/0.000003351
-148/200: 4357038.447489/3545.632736/4353492.814753/0.000007421
-149/200: 4357075.214668/3545.799709/4353529.414959/0.000008439
-150/200: 4357092.228719/3545.967136/4353546.261583/0.000003905
-151/200: 4357099.613774/3546.133850/4353553.479924/0.000001695
-152/200: 4357097.488820/3546.294735/4353551.194085/0.000000488
-153/200: 4357106.658015/3546.454292/4353560.203723/0.000002104
-154/200: 4357124.783097/3546.610674/4353578.172423/0.000004160
-155/200: 4357116.438996/3546.766903/4353569.672093/0.000001915
-156/200: 4357130.318940/3546.920502/4353583.398438/0.000003186
-157/200: 4357170.699439/3547.072600/4353623.626839/0.000009268
-158/200: 4357162.399707/3547.220809/4353615.178898/0.000001905
-159/200: 4357177.672182/3547.368986/4353630.303196/0.000003505
-160/200: 4357186.068826/3547.515343/4353638.553483/0.000001927
-161/200: 4357154.131882/3547.657826/4353606.474056/0.000007330
-162/200: 4357175.850498/3547.798034/4353628.052464/0.000004985
-163/200: 4357220.412855/3547.937843/4353672.475012/0.000010227
-164/200: 4357188.596034/3548.075702/4353640.520332/0.000007302
-165/200: 4357236.709850/3548.212672/4353688.497178/0.000011042
-166/200: 4357221.307856/3548.346166/4353672.961690/0.000003535
-167/200: 4357220.432386/3548.478361/4353671.954025/0.000000201
-168/200: 4357248.204287/3548.609036/4353699.595251/0.000006374
-169/200: 4357243.084624/3548.736140/4353694.348484/0.000001175
-170/200: 4357260.887417/3548.863768/4353712.023649/0.000004086
-171/200: 4357258.836800/3548.989660/4353709.847140/0.000000471
-172/200: 4357290.033839/3549.111550/4353740.922289/0.000007160
-173/200: 4357264.652740/3549.233194/4353715.419546/0.000005825
-174/200: 4357329.903563/3549.353791/4353780.549772/0.000014975
-175/200: 4357284.456324/3549.472604/4353734.983720/0.000010430
-176/200: 4357326.797328/3549.591120/4353777.206208/0.000009717
-177/200: 4357348.183680/3549.706836/4353798.476844/0.000004908
-178/200: 4357332.960803/3549.820872/4353783.139931/0.000003494
-179/200: 4357339.430454/3549.932730/4353789.497724/0.000001485
-180/200: 4357324.031429/3550.042554/4353773.988875/0.000003534
-181/200: 4357372.048389/3550.152320/4353821.896069/0.000011020
-182/200: 4357363.925459/3550.259501/4353813.665958/0.000001864
-183/200: 4357385.718265/3550.365693/4353835.352572/0.000005001
-184/200: 4357398.335086/3550.471849/4353847.863237/0.000002896
-185/200: 4357412.202813/3550.575457/4353861.627356/0.000003183
-186/200: 4357400.773622/3550.677812/4353850.095810/0.000002623
-187/200: 4357403.096322/3550.778098/4353852.318224/0.000000533
-188/200: 4357428.690886/3550.878065/4353877.812821/0.000005874
-189/200: 4357442.562904/3550.975663/4353891.587241/0.000003184
-190/200: 4357440.787837/3551.072484/4353889.715353/0.000000407
-191/200: 4357457.087084/3551.168903/4353905.918181/0.000003741
-192/200: 4357471.285314/3551.262444/4353920.022870/0.000003258
-193/200: 4357465.145584/3551.354793/4353913.790791/0.000001409
-194/200: 4357466.602293/3551.446847/4353915.155446/0.000000334
-195/200: 4357489.742189/3551.537334/4353938.204855/0.000005310
-196/200: 4357476.761750/3551.624962/4353925.136788/0.000002979
-197/200: 4357482.796189/3551.712134/4353931.084055/0.000001385
-198/200: 4357469.927219/3551.796622/4353918.130597/0.000002953
-199/200: 4357524.485495/3551.881337/4353972.604158/0.000012521
-200/200: 4357497.900783/3551.949924/4353945.950859/0.000006101
Start evaluating ...
  Columns 1 through 7

    0.1091    0.1433    0.1573    0.1668    0.1798    0.1920    0.2037

  Columns 8 through 10

    0.2161    0.2272    0.2381

    0.0234

Elapsed time is 55405.854527 seconds.
