nohup: ignoring input

                            < M A T L A B (R) >
                  Copyright 1984-2016 The MathWorks, Inc.
                   R2016a (9.0.0.341360) 64-bit (glnxa64)
                             February 11, 2016

 
To get started, type one of these: helpwin, helpdesk, or demo.
For product information, visit www.mathworks.com.
 

	Academic License

Start learning ...
Init data [Dtype: delicious - Dspec: sp2/2550]
Init social model
Using adagrad ...
Params [lbd-U: 1.0000|lbd-V: 1.0000|lbd-N: 1.0000|lbd-Q: 0.0500]
Staring Sample 2 - Loc: save/ctrsmf/delicious-alg90-sp2-cold20170225193344524 
CTR-SMF Running ...

iter time likelihood converge
0001 000283 -30075777.17145 1.0000000000
0002 000565 -29303878.81924 0.0256651174
0003 000845 -28673131.69748 0.0215243561
0004 001125 -28487105.92910 0.0064878078
0005 001403 -28401304.47890 0.0030119399
0006 001677 -28341549.93828 0.0021039365
0007 001952 -28299803.94645 0.0014729608
0008 002221 -28270475.80897 0.0010363371
0009 002497 -28247964.19054 0.0007962943
0010 002769 -28229498.18648 0.0006537110
0011 003044 -28213691.74528 0.0005599264
0012 003321 -28199862.57674 0.0004901581
0013 003596 -28187617.47033 0.0004342257
0014 003868 -28176685.83616 0.0003878169
0015 004101 -28166863.25141 0.0003486068
0016 004312 -28157988.10580 0.0003150917
0017 004511 -28149928.38066 0.0002862323
0018 004709 -28142574.00262 0.0002612574
0019 004892 -28135832.40873 0.0002395514
0020 005073 -28129625.31923 0.0002206115
0021 005251 -28123886.04819 0.0002040294
0022 005391 -28118557.31933 0.0001894734
0023 005524 -28113589.62166 0.0001766697
0024 005678 -28108940.19465 0.0001653801
0025 005835 -28104572.33866 0.0001553903
0026 006016 -28100454.46753 0.0001465196
0027 006196 -28096559.25447 0.0001386174
0028 006377 -28092863.39536 0.0001315413
0029 006556 -28089347.57960 0.0001251498
0030 006736 -28085996.36945 0.0001193054
0031 006913 -28082798.29588 0.0001138672
0032 007093 -28079745.54997 0.0001087052
0033 007273 -28076832.35348 0.0001037473
0034 007452 -28074053.70697 0.0000989658
0035 007632 -28071404.61184 0.0000943610
0036 007812 -28068879.22759 0.0000899629
0037 007991 -28066470.49176 0.0000858152
0038 008171 -28064170.62640 0.0000819435
0039 008351 -28061972.47991 0.0000783257
0040 008530 -28059870.55341 0.0000749030
0041 008709 -28057860.86737 0.0000716214
0042 008888 -28055940.76175 0.0000684338
0043 009068 -28054108.89300 0.0000652934
0044 009247 -28052364.92819 0.0000621643
0045 009434 -28050708.67052 0.0000590416
0046 009575 -28049138.94852 0.0000559602
0047 009672 -28047653.14948 0.0000529713
0048 009769 -28046247.32770 0.0000501226
0049 009866 -28044916.97775 0.0000474342
0050 009964 -28043658.38581 0.0000448777
0051 010061 -28042469.22927 0.0000424038
0052 010159 -28041347.78947 0.0000399908
0053 010257 -28040292.01993 0.0000376505
0054 010354 -28039299.17041 0.0000354080
0055 010451 -28038366.00987 0.0000332805
0056 010548 -28037489.76265 0.0000312517
0057 010645 -28036669.15442 0.0000292682
0058 010743 -28035904.27678 0.0000272813
0059 010840 -28035194.96435 0.0000253001
0060 010937 -28034539.25395 0.0000233888
0061 011038 -28033933.30639 0.0000216143
0062 011135 -28033372.89522 0.0000199905
0063 011232 -28032853.12299 0.0000185412
0064 011329 -28032368.65859 0.0000172820
0065 011426 -28031915.04237 0.0000161819
0066 011523 -28031489.06164 0.0000151963
0067 011702 -28031089.28686 0.0000142616
0068 011847 -28030715.04684 0.0000133509
0069 011944 -28030365.25295 0.0000124789
0070 012041 -28030038.59557 0.0000116537
0071 012139 -28029733.24876 0.0000108936
0072 012236 -28029447.16226 0.0000102065
0073 012333 -28029178.34441 0.0000095906
Start evaluating ...
  Columns 1 through 7

    0.0725    0.0890    0.0953    0.0986    0.1011    0.1026    0.1041

  Columns 8 through 10

    0.1050    0.1057    0.1062

    0.0144

Elapsed time is 12417.662615 seconds.
