nohup: ignoring input

                            < M A T L A B (R) >
                  Copyright 1984-2016 The MathWorks, Inc.
                   R2016a (9.0.0.341360) 64-bit (glnxa64)
                             February 11, 2016

 
To get started, type one of these: helpwin, helpdesk, or demo.
For product information, visit www.mathworks.com.
 

	Academic License

Start learning ...
Init data [Dtype: delicious - Dspec: sp2/0550]
Init social model
Using adagrad ...
Load pretrained shallow-model...
Params [lbd-U: 1.0000|lbd-V: 10.0000|lbd-N: 1.0000|lbd-Q: 0.1000]
Staring Sample 2 - Loc: save/bcdl/delicious-alg61-sp2-cold20170224185049595 
CTR(chongwang)-DAE(User graph) Running - Walks(1)...
-1/200: 438500.468750/2719.485912/435780.968750/1.000000000
-2/200: 437399.500000/2239.223036/435160.281250/0.002510758
-3/200: 437414.125000/2228.169921/435185.968750/0.000033436
-4/200: 437416.750000/2227.858835/435188.906250/0.000006001
-5/200: 437406.656250/2228.940945/435177.718750/0.000023076
-6/200: 437408.375000/2229.969143/435178.406250/0.000003929
-7/200: 437431.656250/2230.903684/435200.750000/0.000053225
-8/200: 437437.281250/2231.758840/435205.531250/0.000012859
-9/200: 437434.687500/2232.543511/435202.156250/0.000005929
-10/200: 437439.093750/2233.261545/435205.843750/0.000010073
-11/200: 437432.781250/2233.920887/435198.875000/0.000014431
-12/200: 437427.156250/2234.528190/435192.625000/0.000012859
-13/200: 437440.000000/2235.087355/435204.906250/0.000029362
-14/200: 437446.687500/2235.602623/435211.093750/0.000015288
-15/200: 437438.562500/2236.079376/435202.468750/0.000018574
-16/200: 437439.906250/2236.518647/435203.375000/0.000003072
-17/200: 437448.562500/2236.923606/435211.625000/0.000019788
-18/200: 437463.093750/2237.297026/435225.781250/0.000033218
-19/200: 437454.125000/2237.642719/435216.468750/0.000020502
-20/200: 437458.312500/2237.961082/435220.343750/0.000009572
-21/200: 437446.437500/2238.255980/435208.187500/0.000027145
-22/200: 437461.875000/2238.527804/435223.343750/0.000035290
-23/200: 437467.375000/2238.778937/435228.593750/0.000012573
-24/200: 437474.343750/2239.010121/435235.343750/0.000015930
-25/200: 437463.531250/2239.224056/435224.312500/0.000024716
-26/200: 437465.312500/2239.421817/435225.906250/0.000004072
-27/200: 437460.625000/2239.603877/435221.031250/0.000010715
-28/200: 437481.687500/2239.771567/435241.906250/0.000048147
-29/200: 437479.812500/2239.926513/435239.875000/0.000004286
-30/200: 437473.687500/2240.069940/435233.625000/0.000014001
-31/200: 437473.812500/2240.202222/435233.625000/0.000000286
-32/200: 437482.062500/2240.325069/435241.750000/0.000018858
-33/200: 437458.375000/2240.438893/435217.937500/0.000054145
-34/200: 437482.281250/2240.544467/435241.750000/0.000054648
-35/200: 437463.843750/2240.642608/435223.187500/0.000042145
-36/200: 437479.125000/2240.734279/435238.406250/0.000034931
-37/200: 437481.187500/2240.819863/435240.375000/0.000004715
-38/200: 437476.593750/2240.899698/435235.687500/0.000010500
-39/200: 437483.281250/2240.974942/435242.312500/0.000015287
-40/200: 437480.125000/2241.045563/435239.093750/0.000007215
-41/200: 437493.843750/2241.112493/435252.718750/0.000031359
-42/200: 437495.718750/2241.175854/435254.531250/0.000004286
-43/200: 437492.812500/2241.235959/435251.562500/0.000006643
-44/200: 437494.843750/2241.292862/435253.562500/0.000004643
-45/200: 437492.718750/2241.347564/435251.375000/0.000004857
-46/200: 437492.531250/2241.400160/435251.125000/0.000000429
-47/200: 437499.687500/2241.450566/435258.250000/0.000016357
-48/200: 437499.156250/2241.499257/435257.656250/0.000001214
-49/200: 437488.343750/2241.546647/435246.812500/0.000024714
-50/200: 437493.218750/2241.592450/435251.625000/0.000011143
-51/200: 437493.625000/2241.636937/435252.000000/0.000000929
-52/200: 437508.468750/2241.680224/435266.781250/0.000033929
-53/200: 437493.593750/2241.722964/435251.875000/0.000033999
-54/200: 437500.656250/2241.764923/435258.906250/0.000016143
-55/200: 437499.875000/2241.805731/435258.062500/0.000001786
-56/200: 437499.937500/2241.845943/435258.093750/0.000000143
-57/200: 437504.093750/2241.886159/435262.218750/0.000009500
-58/200: 437509.375000/2241.925661/435267.437500/0.000012071
-59/200: 437506.531250/2241.964690/435264.562500/0.000006500
-60/200: 437507.781250/2242.002765/435265.781250/0.000002857
-61/200: 437499.906250/2242.040634/435257.875000/0.000018000
-62/200: 437513.968750/2242.078146/435271.875000/0.000032143
-63/200: 437507.187500/2242.115156/435265.062500/0.000015500
-64/200: 437521.750000/2242.151806/435279.593750/0.000033285
-65/200: 437522.187500/2242.188449/435280.000000/0.000001000
-66/200: 437520.656250/2242.224768/435278.437500/0.000003500
-67/200: 437510.687500/2242.260614/435268.437500/0.000022785
-68/200: 437511.906250/2242.295986/435269.625000/0.000002786
-69/200: 437514.312500/2242.330961/435271.968750/0.000005500
-70/200: 437513.781250/2242.365719/435271.406250/0.000001214
-71/200: 437523.500000/2242.400347/435281.093750/0.000022214
-72/200: 437518.531250/2242.434349/435276.093750/0.000011357
-73/200: 437529.031250/2242.468334/435286.562500/0.000023999
-74/200: 437524.562500/2242.502097/435282.062500/0.000010214
-75/200: 437521.125000/2242.535496/435278.593750/0.000007857
-76/200: 437531.062500/2242.568545/435288.500000/0.000022713
-77/200: 437532.968750/2242.601561/435290.375000/0.000004357
-78/200: 437532.906250/2242.633790/435290.281250/0.000000143
-79/200: 437522.562500/2242.666203/435279.906250/0.000023641
-80/200: 437524.281250/2242.698158/435281.593750/0.000003928
-81/200: 437530.093750/2242.729843/435287.375000/0.000013285
-82/200: 437537.187500/2242.761290/435294.437500/0.000016213
-83/200: 437530.687500/2242.792663/435287.906250/0.000014856
-84/200: 437529.062500/2242.823495/435286.250000/0.000003714
-85/200: 437536.250000/2242.854297/435293.406250/0.000016427
-86/200: 437536.718750/2242.884736/435293.843750/0.000001071
-87/200: 437537.781250/2242.915104/435294.875000/0.000002428
-88/200: 437541.718750/2242.945220/435298.781250/0.000008999
-89/200: 437538.187500/2242.975110/435295.218750/0.000008071
-90/200: 437541.718750/2243.004733/435298.718750/0.000008071
-91/200: 437540.906250/2243.033922/435297.875000/0.000001857
-92/200: 437545.000000/2243.063074/435301.937500/0.000009356
-93/200: 437542.812500/2243.091878/435299.718750/0.000004999
-94/200: 437549.812500/2243.120540/435306.687500/0.000015998
-95/200: 437547.156250/2243.149029/435304.000000/0.000006071
-96/200: 437543.218750/2243.177502/435300.031250/0.000008999
-97/200: 437548.093750/2243.205852/435304.875000/0.000011142
-98/200: 437551.218750/2243.233748/435308.000000/0.000007142
-99/200: 437552.531250/2243.261565/435309.281250/0.000003000
Recall at EP-100 ...
  Columns 1 through 7

    0.0054    0.0098    0.0132    0.0161    0.0187    0.0210    0.0233

  Columns 8 through 10

    0.0251    0.0268    0.0287

Mrr at EP-100 ...
    0.0019

-100/200: 437549.125000/2243.289360/435305.843750/0.000007785
-101/200: 437547.500000/2243.316559/435304.187500/0.000003714
-102/200: 437551.656250/2243.343916/435308.312500/0.000009499
-103/200: 437558.250000/2243.371059/435314.875000/0.000015070
-104/200: 437552.125000/2243.397831/435308.718750/0.000013998
-105/200: 437557.750000/2243.424511/435314.312500/0.000012856
-106/200: 437553.625000/2243.451203/435310.187500/0.000009427
-107/200: 437557.562500/2243.477761/435314.093750/0.000008999
-108/200: 437562.406250/2243.503874/435318.906250/0.000011070
-109/200: 437557.593750/2243.529840/435314.062500/0.000010998
-110/200: 437556.562500/2243.555665/435313.000000/0.000002357
-111/200: 437564.625000/2243.581711/435321.031250/0.000018426
-112/200: 437563.968750/2243.607569/435320.375000/0.000001500
-113/200: 437561.843750/2243.633179/435318.218750/0.000004856
-114/200: 437560.218750/2243.658665/435316.562500/0.000003714
-115/200: 437564.062500/2243.684017/435320.375000/0.000008785
-116/200: 437563.000000/2243.709103/435319.281250/0.000002428
-117/200: 437568.250000/2243.734068/435324.531250/0.000011998
-118/200: 437567.375000/2243.759136/435323.625000/0.000002000
-119/200: 437571.468750/2243.783918/435327.687500/0.000009356
-120/200: 437569.375000/2243.808354/435325.562500/0.000004785
-121/200: 437573.375000/2243.832653/435329.531250/0.000009141
-122/200: 437574.343750/2243.856819/435330.500000/0.000002214
-123/200: 437571.718750/2243.881113/435327.843750/0.000005999
-124/200: 437573.500000/2243.904934/435329.593750/0.000004071
-125/200: 437574.718750/2243.928769/435330.781250/0.000002785
-126/200: 437574.843750/2243.952566/435330.906250/0.000000286
-127/200: 437574.875000/2243.976330/435330.906250/0.000000071
Start evaluating ...
  Columns 1 through 7

    0.0043    0.0074    0.0101    0.0124    0.0144    0.0164    0.0182

  Columns 8 through 10

    0.0200    0.0217    0.0233

    0.0014

Elapsed time is 23629.391527 seconds.
