nohup: ignoring input

                            < M A T L A B (R) >
                  Copyright 1984-2016 The MathWorks, Inc.
                   R2016a (9.0.0.341360) 64-bit (glnxa64)
                             February 11, 2016

 
To get started, type one of these: helpwin, helpdesk, or demo.
For product information, visit www.mathworks.com.
 

	Academic License

Start learning ...
Init data [Dtype: delicious - Dspec: sp2/0550]
Init social model
Using adagrad ...
Load pretrained shallow-model...
Params [lbd-U: 100.0000|lbd-V: 0.1000|lbd-N: 100.0000|lbd-Q: 0.1000]
Staring Sample 2 - Loc: save/bcdl/delicious-alg61-sp2-cold20170224185050736 
CTR(chongwang)-DAE(User graph) Running - Walks(1)...
-1/200: 43580248.000000/2153.133979/43578096.000000/1.000000000
-2/200: 43522584.000000/2140.126692/43520444.000000/0.001323168
-3/200: 43521368.000000/2140.214844/43519228.000000/0.000027940
-4/200: 43521428.000000/2140.759581/43519288.000000/0.000001379
-5/200: 43520300.000000/2141.340964/43518160.000000/0.000025918
-6/200: 43520364.000000/2141.912776/43518224.000000/0.000001471
-7/200: 43522628.000000/2142.472883/43520484.000000/0.000052022
-8/200: 43523100.000000/2143.024101/43520956.000000/0.000010845
-9/200: 43522760.000000/2143.568014/43520616.000000/0.000007812
-10/200: 43523132.000000/2144.095058/43520988.000000/0.000008547
-11/200: 43522412.000000/2144.608597/43520268.000000/0.000016543
-12/200: 43521792.000000/2145.115650/43519648.000000/0.000014246
-13/200: 43523020.000000/2145.609301/43520876.000000/0.000028216
-14/200: 43523636.000000/2146.091175/43521488.000000/0.000014153
-15/200: 43522784.000000/2146.566929/43520636.000000/0.000019576
-16/200: 43522864.000000/2147.025792/43520716.000000/0.000001838
-17/200: 43523692.000000/2147.472072/43521544.000000/0.000019024
-18/200: 43525128.000000/2147.905296/43522980.000000/0.000032994
-19/200: 43524180.000000/2148.331411/43522032.000000/0.000021781
-20/200: 43524568.000000/2148.744088/43522420.000000/0.000008915
-21/200: 43523336.000000/2149.152374/43521188.000000/0.000028306
-22/200: 43524860.000000/2149.547403/43522712.000000/0.000035016
-23/200: 43525384.000000/2149.934347/43523236.000000/0.000012039
-24/200: 43526060.000000/2150.311714/43523908.000000/0.000015531
-25/200: 43524960.000000/2150.683130/43522808.000000/0.000025272
-26/200: 43525104.000000/2151.046683/43522952.000000/0.000003308
-27/200: 43524616.000000/2151.398936/43522464.000000/0.000011212
-28/200: 43526716.000000/2151.741033/43524564.000000/0.000048249
-29/200: 43526500.000000/2152.075793/43524348.000000/0.000004962
-30/200: 43525876.000000/2152.404872/43523724.000000/0.000014336
-31/200: 43525872.000000/2152.722710/43523720.000000/0.000000092
-32/200: 43526688.000000/2153.035683/43524536.000000/0.000018747
-33/200: 43524296.000000/2153.339605/43522144.000000/0.000054955
-34/200: 43526680.000000/2153.637821/43524528.000000/0.000054774
-35/200: 43524816.000000/2153.926864/43522664.000000/0.000042824
-36/200: 43526344.000000/2154.211240/43524188.000000/0.000035106
-37/200: 43526548.000000/2154.488175/43524392.000000/0.000004687
-38/200: 43526068.000000/2154.757651/43523912.000000/0.000011028
-39/200: 43526736.000000/2155.022159/43524580.000000/0.000015347
-40/200: 43526404.000000/2155.280590/43524248.000000/0.000007627
-41/200: 43527772.000000/2155.533472/43525616.000000/0.000031429
-42/200: 43527960.000000/2155.780285/43525804.000000/0.000004319
-43/200: 43527652.000000/2156.020643/43525496.000000/0.000007076
-44/200: 43527852.000000/2156.253386/43525696.000000/0.000004595
-45/200: 43527632.000000/2156.481734/43525476.000000/0.000005054
-46/200: 43527600.000000/2156.706136/43525444.000000/0.000000735
-47/200: 43528320.000000/2156.923716/43526164.000000/0.000016541
-48/200: 43528252.000000/2157.136515/43526096.000000/0.000001562
-49/200: 43527160.000000/2157.344889/43525004.000000/0.000025087
-50/200: 43527652.000000/2157.547477/43525496.000000/0.000011303
-51/200: 43527676.000000/2157.744796/43525520.000000/0.000000551
-52/200: 43529160.000000/2157.937031/43527004.000000/0.000034093
-53/200: 43527664.000000/2158.126256/43525504.000000/0.000034368
-54/200: 43528376.000000/2158.311789/43526216.000000/0.000016357
-55/200: 43528280.000000/2158.490973/43526120.000000/0.000002205
-56/200: 43528292.000000/2158.666213/43526132.000000/0.000000276
-57/200: 43528696.000000/2158.839644/43526536.000000/0.000009281
-58/200: 43529216.000000/2159.008560/43527056.000000/0.000011946
-59/200: 43528928.000000/2159.173434/43526768.000000/0.000006616
-60/200: 43529040.000000/2159.333151/43526880.000000/0.000002573
-61/200: 43528252.000000/2159.489306/43526092.000000/0.000018103
-62/200: 43529652.000000/2159.642753/43527492.000000/0.000032163
-63/200: 43528968.000000/2159.792219/43526808.000000/0.000015713
-64/200: 43530412.000000/2159.937895/43528252.000000/0.000033173
-65/200: 43530460.000000/2160.081333/43528300.000000/0.000001103
-66/200: 43530300.000000/2160.221914/43528140.000000/0.000003676
-67/200: 43529308.000000/2160.358589/43527148.000000/0.000022789
-68/200: 43529424.000000/2160.491599/43527264.000000/0.000002665
-69/200: 43529652.000000/2160.621380/43527492.000000/0.000005238
-70/200: 43529596.000000/2160.748275/43527436.000000/0.000001286
-71/200: 43530564.000000/2160.872879/43528404.000000/0.000022238
-72/200: 43530056.000000/2160.993292/43527896.000000/0.000011670
-73/200: 43531104.000000/2161.111798/43528944.000000/0.000024075
-74/200: 43530656.000000/2161.228033/43528496.000000/0.000010291
-75/200: 43530312.000000/2161.341068/43528152.000000/0.000007902
-76/200: 43531296.000000/2161.451688/43529136.000000/0.000022605
-77/200: 43531488.000000/2161.559910/43529328.000000/0.000004411
-78/200: 43531456.000000/2161.664623/43529296.000000/0.000000735
-79/200: 43530428.000000/2161.767740/43528268.000000/0.000023615
-80/200: 43530604.000000/2161.867783/43528444.000000/0.000004043
-81/200: 43531172.000000/2161.965844/43529012.000000/0.000013048
-82/200: 43531884.000000/2162.061618/43529720.000000/0.000016356
-83/200: 43531236.000000/2162.155352/43529072.000000/0.000014886
-84/200: 43531064.000000/2162.246081/43528900.000000/0.000003951
-85/200: 43531772.000000/2162.335569/43529608.000000/0.000016264
-86/200: 43531808.000000/2162.422492/43529644.000000/0.000000827
-87/200: 43531920.000000/2162.507652/43529756.000000/0.000002573
-88/200: 43532312.000000/2162.591186/43530148.000000/0.000009005
-89/200: 43531960.000000/2162.672518/43529796.000000/0.000008086
-90/200: 43532300.000000/2162.751854/43530136.000000/0.000007810
-91/200: 43532212.000000/2162.828906/43530048.000000/0.000002021
-92/200: 43532624.000000/2162.904361/43530460.000000/0.000009464
-93/200: 43532388.000000/2162.977953/43530224.000000/0.000005421
-94/200: 43533088.000000/2163.049840/43530924.000000/0.000016080
-95/200: 43532816.000000/2163.120155/43530652.000000/0.000006248
-96/200: 43532428.000000/2163.189349/43530264.000000/0.000008913
-97/200: 43532900.000000/2163.256732/43530736.000000/0.000010842
-98/200: 43533212.000000/2163.322280/43531048.000000/0.000007167
-99/200: 43533344.000000/2163.386826/43531180.000000/0.000003032
Recall at EP-100 ...
  Columns 1 through 7

    0.0026    0.0046    0.0068    0.0087    0.0106    0.0122    0.0135

  Columns 8 through 10

    0.0147    0.0158    0.0171

Mrr at EP-100 ...
   8.9257e-04

-100/200: 43533000.000000/2163.449754/43530836.000000/0.000007902
-101/200: 43532844.000000/2163.510709/43530680.000000/0.000003583
-102/200: 43533244.000000/2163.570723/43531080.000000/0.000009188
-103/200: 43533900.000000/2163.629174/43531736.000000/0.000015069
-104/200: 43533280.000000/2163.686147/43531116.000000/0.000014242
-105/200: 43533832.000000/2163.741738/43531668.000000/0.000012680
-106/200: 43533428.000000/2163.796538/43531264.000000/0.000009280
-107/200: 43533808.000000/2163.850103/43531644.000000/0.000008729
-108/200: 43534288.000000/2163.901920/43532124.000000/0.000011026
-109/200: 43533812.000000/2163.952806/43531648.000000/0.000010934
-110/200: 43533692.000000/2164.002532/43531528.000000/0.000002756
-111/200: 43534500.000000/2164.051527/43532336.000000/0.000018560
-112/200: 43534436.000000/2164.099451/43532272.000000/0.000001470
-113/200: 43534228.000000/2164.146034/43532064.000000/0.000004778
-114/200: 43534064.000000/2164.191633/43531900.000000/0.000003767
-115/200: 43534444.000000/2164.236218/43532280.000000/0.000008729
-116/200: 43534324.000000/2164.279652/43532160.000000/0.000002756
-117/200: 43534844.000000/2164.322063/43532680.000000/0.000011945
-118/200: 43534760.000000/2164.363865/43532596.000000/0.000001929
-119/200: 43535160.000000/2164.404418/43532996.000000/0.000009188
-120/200: 43534944.000000/2164.443691/43532780.000000/0.000004962
-121/200: 43535340.000000/2164.482096/43533176.000000/0.000009096
-122/200: 43535444.000000/2164.519617/43533280.000000/0.000002389
-123/200: 43535172.000000/2164.556446/43533008.000000/0.000006248
-124/200: 43535344.000000/2164.592170/43533180.000000/0.000003951
-125/200: 43535464.000000/2164.627140/43533300.000000/0.000002756
-126/200: 43535472.000000/2164.661408/43533308.000000/0.000000184
-127/200: 43535480.000000/2164.695004/43533316.000000/0.000000184
-128/200: 43535516.000000/2164.727743/43533352.000000/0.000000827
-129/200: 43535552.000000/2164.759324/43533388.000000/0.000000827
-130/200: 43536144.000000/2164.790541/43533980.000000/0.000013598
-131/200: 43535628.000000/2164.820983/43533464.000000/0.000011852
-132/200: 43536132.000000/2164.850790/43533968.000000/0.000011577
-133/200: 43536284.000000/2164.880107/43534120.000000/0.000003491
-134/200: 43536696.000000/2164.908454/43534532.000000/0.000009463
-135/200: 43535968.000000/2164.936135/43533804.000000/0.000016722
-136/200: 43536168.000000/2164.963076/43534004.000000/0.000004594
-137/200: 43536756.000000/2164.989415/43534592.000000/0.000013506
-138/200: 43536612.000000/2165.015007/43534448.000000/0.000003308
-139/200: 43536488.000000/2165.039995/43534324.000000/0.000002848
-140/200: 43536848.000000/2165.064587/43534684.000000/0.000008269
-141/200: 43536984.000000/2165.088585/43534820.000000/0.000003124
-142/200: 43536716.000000/2165.111943/43534552.000000/0.000006156
-143/200: 43537024.000000/2165.134797/43534860.000000/0.000007074
-144/200: 43537160.000000/2165.156994/43534996.000000/0.000003124
-145/200: 43537392.000000/2165.178816/43535228.000000/0.000005329
-146/200: 43537300.000000/2165.199912/43535136.000000/0.000002113
-147/200: 43537440.000000/2165.220572/43535276.000000/0.000003216
-148/200: 43537116.000000/2165.240608/43534952.000000/0.000007442
-149/200: 43537484.000000/2165.260162/43535320.000000/0.000008453
-150/200: 43537652.000000/2165.279451/43535488.000000/0.000003859
-151/200: 43537732.000000/2165.298329/43535568.000000/0.000001837
-152/200: 43537700.000000/2165.316656/43535536.000000/0.000000735
-153/200: 43537784.000000/2165.334347/43535620.000000/0.000001929
-154/200: 43537964.000000/2165.351655/43535800.000000/0.000004134
-155/200: 43537876.000000/2165.368646/43535712.000000/0.000002021
-156/200: 43538012.000000/2165.385226/43535848.000000/0.000003124
-157/200: 43538420.000000/2165.401500/43536256.000000/0.000009371
-158/200: 43538340.000000/2165.417165/43536176.000000/0.000001837
-159/200: 43538484.000000/2165.432635/43536320.000000/0.000003307
-160/200: 43538556.000000/2165.447675/43536392.000000/0.000001654
-161/200: 43538244.000000/2165.462315/43536080.000000/0.000007166
-162/200: 43538468.000000/2165.476558/43536304.000000/0.000005145
-163/200: 43538884.000000/2165.490528/43536720.000000/0.000009555
-164/200: 43538580.000000/2165.504167/43536416.000000/0.000006982
-165/200: 43539052.000000/2165.517459/43536888.000000/0.000010841
-166/200: 43538908.000000/2165.530424/43536744.000000/0.000003307
-167/200: 43538880.000000/2165.542985/43536716.000000/0.000000643
-168/200: 43539172.000000/2165.555339/43537008.000000/0.000006707
-169/200: 43539108.000000/2165.567325/43536944.000000/0.000001470
-170/200: 43539284.000000/2165.579071/43537120.000000/0.000004042
-171/200: 43539256.000000/2165.590517/43537092.000000/0.000000643
-172/200: 43539556.000000/2165.601603/43537392.000000/0.000006890
-173/200: 43539320.000000/2165.612446/43537156.000000/0.000005420
-174/200: 43539956.000000/2165.623122/43537792.000000/0.000014607
-175/200: 43539508.000000/2165.633468/43537344.000000/0.000010289
-176/200: 43539932.000000/2165.643653/43537768.000000/0.000009738
-177/200: 43540136.000000/2165.653491/43537972.000000/0.000004685
-178/200: 43539984.000000/2165.663081/43537820.000000/0.000003491
-179/200: 43540044.000000/2165.672453/43537880.000000/0.000001378
-180/200: 43539916.000000/2165.681545/43537752.000000/0.000002940
-181/200: 43540368.000000/2165.690478/43538204.000000/0.000010381
-182/200: 43540296.000000/2165.699143/43538132.000000/0.000001654
-183/200: 43540504.000000/2165.707641/43538340.000000/0.000004777
-184/200: 43540628.000000/2165.715960/43538464.000000/0.000002848
-185/200: 43540756.000000/2165.724001/43538592.000000/0.000002940
-186/200: 43540648.000000/2165.731867/43538484.000000/0.000002480
-187/200: 43540676.000000/2165.739498/43538512.000000/0.000000643
-188/200: 43540928.000000/2165.746987/43538764.000000/0.000005788
-189/200: 43541052.000000/2165.754256/43538888.000000/0.000002848
-190/200: 43541028.000000/2165.761378/43538864.000000/0.000000551
-191/200: 43541212.000000/2165.768330/43539048.000000/0.000004226
-192/200: 43541348.000000/2165.775080/43539184.000000/0.000003123
-193/200: 43541276.000000/2165.781648/43539112.000000/0.000001654
-194/200: 43541296.000000/2165.788070/43539132.000000/0.000000459
-195/200: 43541528.000000/2165.794378/43539364.000000/0.000005328
-196/200: 43541400.000000/2165.800405/43539236.000000/0.000002940
-197/200: 43541432.000000/2165.806349/43539268.000000/0.000000735
-198/200: 43541332.000000/2165.812100/43539168.000000/0.000002297
-199/200: 43541856.000000/2165.817676/43539692.000000/0.000012035
-200/200: 43541584.000000/2165.823148/43539420.000000/0.000006247
Start evaluating ...
  Columns 1 through 7

    0.0011    0.0019    0.0028    0.0034    0.0042    0.0050    0.0056

  Columns 8 through 10

    0.0064    0.0069    0.0074

   4.1675e-04

Elapsed time is 33421.973339 seconds.
