nohup: ignoring input

                            < M A T L A B (R) >
                  Copyright 1984-2016 The MathWorks, Inc.
                   R2016a (9.0.0.341360) 64-bit (glnxa64)
                             February 11, 2016

 
To get started, type one of these: helpwin, helpdesk, or demo.
For product information, visit www.mathworks.com.
 

	Academic License

Start learning ...
Init data [Dtype: delicious - Dspec: sp2/1050]
Init social model
Using adagrad ...
Could not use CUDA
Params [lbd-U: 10.0000|lbd-V: 0.0100|lbd-N: 10.0000|lbd-Q: 0.1000]
Staring Sample 2 - Loc: save/ctr/delicious-alg80-sp2-cold20170224191130477 
CTR(chongwang) Running ...

iter time likelihood:[r:u:v] converge
0001 000125 -5099.00000:[0.00000:0.00000:-0.00000] 1.0000000000
0002 000246 -4757.20275:[710.18420:-17.07854:-109.07770] 0.0670322113
0003 000366 -1750.70499:[8682.22861:-993.10921:-295.95984] 0.6319885707
0004 000487 -1505.84331:[8674.84372:-744.51597:-376.92437] 0.1398646113
0005 000616 -1450.25389:[8572.47061:-637.74631:-427.26536] 0.0369158112
0006 000732 -1431.25512:[8496.75845:-580.92175:-459.04699] 0.0131003058
0007 000847 -1423.98159:[8448.89190:-549.75660:-478.53957] 0.0050819238
0008 000962 -1420.86164:[8419.67232:-532.07256:-490.26406] 0.0021910000
0009 001072 -1419.29623:[8402.23003:-521.83101:-497.21865] 0.0011017340
0010 001185 -1418.35915:[8391.99980:-515.82054:-501.29556] 0.0006602439
0011 001291 -1417.70810:[8386.10480:-512.25938:-503.65551] 0.0004590153
0012 001398 -1417.20929:[8382.78322:-510.13266:-504.99902] 0.0003518430
0013 001490 -1416.80536:[8380.97375:-508.85268:-505.74475] 0.0002850148
0014 001583 -1416.46826:[8380.04357:-508.07541:-506.14150] 0.0002379306
0015 001677 -1416.18202:[8379.61802:-507.59803:-506.33646] 0.0002020858
0016 001769 -1415.93623:[8379.47664:-507.30037:-506.41640] 0.0001735569
0017 001859 -1415.72346:[8379.49059:-507.11095:-506.43224] 0.0001502652
0018 001955 -1415.53807:[8379.58521:-506.98714:-506.41366] 0.0001309491
0019 002045 -1415.37563:[8379.71776:-506.90342:-506.37781] 0.0001147577
0020 002136 -1415.23257:[8379.86423:-506.84448:-506.33446] 0.0001010743
0021 002226 -1415.10601:[8380.01153:-506.80109:-506.28904] 0.0000894310
0022 002307 -1414.99356:[8380.15287:-506.76767:-506.24447] 0.0000794619
0023 002393 -1414.89327:[8380.28506:-506.74082:-506.20225] 0.0000708753
0024 002478 -1414.80351:[8380.40690:-506.71844:-506.16300] 0.0000634371
0025 002564 -1414.72293:[8380.51830:-506.69923:-506.12695] 0.0000569598
0026 002647 -1414.65036:[8380.61971:-506.68235:-506.09403] 0.0000512934
0027 002730 -1414.58484:[8380.71185:-506.66729:-506.06407] 0.0000463167
0028 002814 -1414.52552:[8380.79555:-506.65369:-506.03684] 0.0000419307
0029 002895 -1414.47170:[8380.87162:-506.64128:-506.01210] 0.0000380532
0030 002976 -1414.42273:[8380.94083:-506.62991:-505.98959] 0.0000346162
0031 003057 -1414.37809:[8381.00391:-506.61944:-505.96909] 0.0000315631
0032 003138 -1414.33729:[8381.06151:-506.60975:-505.95038] 0.0000288461
0033 003219 -1414.29992:[8381.11420:-506.60078:-505.93327] 0.0000264240
0034 003301 -1414.26561:[8381.16249:-506.59244:-505.91759] 0.0000242604
0035 003381 -1414.23404:[8381.20684:-506.58467:-505.90317] 0.0000223235
0036 003464 -1414.20492:[8381.24765:-506.57742:-505.88990] 0.0000205863
0037 003548 -1414.17802:[8381.28528:-506.57065:-505.87763] 0.0000190257
0038 003629 -1414.15310:[8381.32004:-506.56431:-505.86628] 0.0000176215
0039 003710 -1414.12996:[8381.35221:-506.55836:-505.85574] 0.0000163567
0040 003792 -1414.10845:[8381.38203:-506.55277:-505.84593] 0.0000152171
0041 003860 -1414.08838:[8381.40974:-506.54751:-505.83677] 0.0000141911
0042 003939 -1414.06962:[8381.43553:-506.54256:-505.82819] 0.0000132675
0043 003988 -1414.05203:[8381.45959:-506.53788:-505.82013] 0.0000124357
0044 004035 -1414.03551:[8381.48207:-506.53345:-505.81252] 0.0000116851
0045 004080 -1414.01995:[8381.50312:-506.52926:-505.80534] 0.0000110057
0046 004125 -1414.00526:[8381.52285:-506.52528:-505.79852] 0.0000103887
0047 004169 -1413.99136:[8381.54139:-506.52150:-505.79204] 0.0000098269
Start evaluating ...
  Columns 1 through 7

    0.0075    0.0077    0.0078    0.0079    0.0081    0.0082    0.0083

  Columns 8 through 10

    0.0085    0.0088    0.0090

    0.0025

Elapsed time is 4233.720974 seconds.
