nohup: ignoring input

                            < M A T L A B (R) >
                  Copyright 1984-2016 The MathWorks, Inc.
                   R2016a (9.0.0.341360) 64-bit (glnxa64)
                             February 11, 2016

 
To get started, type one of these: helpwin, helpdesk, or demo.
For product information, visit www.mathworks.com.
 

	Academic License

Start learning ...
Init data [Dtype: delicious - Dspec: sp2/2550]
Init social model
Using adagrad ...
Load pretrained shallow-model...
Params [lbd-U: 0.0100|lbd-V: 0.1000|lbd-N: 0.0100|lbd-Q: 0.0500]
Staring Sample 2 - Loc: save/bcdl/delicious-alg61-sp2-cold20170225193335738 
CTR(chongwang)-DAE(User graph) Running - Walks(1)...
-1/200: 6593.840670/2236.030859/4357.809811/1.000000000
-2/200: 6187.167916/1837.544493/4349.623423/0.061674641
-3/200: 6035.759697/1685.215315/4350.544382/0.024471329
-4/200: 5949.111899/1597.482268/4351.629631/0.014355740
-5/200: 5881.051713/1529.420417/4351.631296/0.011440394
-6/200: 5826.463963/1474.820675/4351.643288/0.009281971
-7/200: 5781.836573/1429.978344/4351.858229/0.007659429
-8/200: 5744.377230/1392.465386/4351.911844/0.006478796
-9/200: 5712.478637/1360.614921/4351.863716/0.005553012
-10/200: 5685.140233/1333.240655/4351.899578/0.004785734
-11/200: 5661.309527/1309.473275/4351.836252/0.004191753
-12/200: 5640.436291/1288.659836/4351.776455/0.003686998
-13/200: 5622.172078/1270.299401/4351.872677/0.003238085
-14/200: 5605.957735/1254.000329/4351.957406/0.002884000
-15/200: 5591.314385/1239.451615/4351.862770/0.002612105
-16/200: 5578.267612/1226.402659/4351.864953/0.002333400
-17/200: 5566.606502/1214.648930/4351.957572/0.002090454
-18/200: 5556.127199/1204.021804/4352.105395/0.001882530
-19/200: 5546.376421/1194.380806/4351.995615/0.001754959
-20/200: 5537.645407/1185.607726/4352.037681/0.001574183
-21/200: 5529.532541/1177.602567/4351.929974/0.001465039
-22/200: 5522.352173/1170.279862/4352.072311/0.001298549
-23/200: 5515.697641/1163.566264/4352.131377/0.001205018
-24/200: 5509.587639/1157.398351/4352.189288/0.001107748
-25/200: 5503.817668/1151.720989/4352.096679/0.001047260
-26/200: 5498.596680/1146.486116/4352.110564/0.000948612
-27/200: 5493.719514/1141.651363/4352.068151/0.000886984
-28/200: 5489.443953/1137.179542/4352.264411/0.000778263
-29/200: 5485.292351/1133.037697/4352.254654/0.000756288
-30/200: 5481.394274/1129.196545/4352.197729/0.000710642
-31/200: 5477.808089/1125.630019/4352.178070/0.000654247
-32/200: 5474.602591/1122.314787/4352.287804/0.000585179
-33/200: 5471.268533/1119.229918/4352.038615/0.000609005
-34/200: 5468.636103/1116.356658/4352.279445/0.000481137
-35/200: 5465.762458/1113.678032/4352.084426/0.000525478
-36/200: 5463.410365/1111.178687/4352.231678/0.000430332
-37/200: 5461.097118/1108.844753/4352.252365/0.000423407
-38/200: 5458.870277/1106.663574/4352.206703/0.000407765
-39/200: 5456.897402/1104.623704/4352.273698/0.000361407
-40/200: 5454.969321/1102.714647/4352.254674/0.000353329
-41/200: 5453.319186/1100.926876/4352.392310/0.000302501
-42/200: 5451.651811/1099.251688/4352.400123/0.000305754
-43/200: 5450.071615/1097.681042/4352.390573/0.000289856
-44/200: 5448.608794/1096.207520/4352.401274/0.000268404
-45/200: 5447.197664/1094.824515/4352.373149/0.000258989
-46/200: 5445.890775/1093.525718/4352.365057/0.000239920
-47/200: 5444.745028/1092.305411/4352.439617/0.000210387
-48/200: 5443.586264/1091.158316/4352.427948/0.000212822
-49/200: 5442.402162/1090.079576/4352.322586/0.000217522
-50/200: 5441.434442/1089.064663/4352.369779/0.000177811
-51/200: 5440.502115/1088.109343/4352.392772/0.000171338
-52/200: 5439.760759/1087.209847/4352.550912/0.000136266
-53/200: 5438.753702/1086.362552/4352.391150/0.000185129
-54/200: 5438.027582/1085.564179/4352.463403/0.000133508
-55/200: 5437.285913/1084.811547/4352.474366/0.000136386
-56/200: 5436.567522/1084.101910/4352.465612/0.000132123
-57/200: 5435.926179/1083.432569/4352.493610/0.000117968
-58/200: 5435.360543/1082.801016/4352.559527/0.000104055
-59/200: 5434.730011/1082.204939/4352.525072/0.000116006
-60/200: 5434.172606/1081.642140/4352.530466/0.000102563
-61/200: 5433.583199/1081.110670/4352.472529/0.000108463
-62/200: 5433.212054/1080.608659/4352.603395/0.000068306
-63/200: 5432.688032/1080.134312/4352.553720/0.000096448
-64/200: 5432.380364/1079.685996/4352.694368/0.000056633
-65/200: 5431.938332/1079.262244/4352.676088/0.000081370
-66/200: 5431.521339/1078.861557/4352.659782/0.000076767
-67/200: 5431.066851/1078.482568/4352.584283/0.000083676
-68/200: 5430.708320/1078.124058/4352.584262/0.000066015
-69/200: 5430.401400/1077.784795/4352.616605/0.000056516
-70/200: 5430.062705/1077.463724/4352.598981/0.000062370
-71/200: 5429.857978/1077.159823/4352.698155/0.000037703
-72/200: 5429.551335/1076.872045/4352.679290/0.000056473
-73/200: 5429.361209/1076.599529/4352.761680/0.000035017
-74/200: 5429.071110/1076.341378/4352.729732/0.000053432
-75/200: 5428.790621/1076.096800/4352.693821/0.000051664
-76/200: 5428.673976/1075.864998/4352.808978/0.000021487
-77/200: 5428.461739/1075.645309/4352.816430/0.000039095
-78/200: 5428.273927/1075.436987/4352.836940/0.000034598
-79/200: 5427.933664/1075.239492/4352.694172/0.000062683
-80/200: 5427.781805/1075.052143/4352.729662/0.000027977
-81/200: 5427.652925/1074.874384/4352.778541/0.000023744
-82/200: 5427.561195/1074.705728/4352.855467/0.000016900
-83/200: 5427.336247/1074.545664/4352.790583/0.000041446
-84/200: 5427.165866/1074.393696/4352.772170/0.000031393
-85/200: 5427.106110/1074.249384/4352.856726/0.000011011
-86/200: 5426.965451/1074.112316/4352.853135/0.000025918
-87/200: 5426.829524/1073.982098/4352.847426/0.000025047
-88/200: 5426.772401/1073.858396/4352.914005/0.000010526
-89/200: 5426.610485/1073.740806/4352.869679/0.000029836
-90/200: 5426.538053/1073.628999/4352.909054/0.000013348
-91/200: 5426.452802/1073.522640/4352.930162/0.000015710
-92/200: 5426.374733/1073.421511/4352.953222/0.000014387
-93/200: 5426.256239/1073.325278/4352.930961/0.000021837
-94/200: 5426.249835/1073.233691/4353.016144/0.000001180
-95/200: 5426.131935/1073.146530/4352.985405/0.000021728
-96/200: 5425.989970/1073.063522/4352.926448/0.000026163
-97/200: 5425.968184/1072.984484/4352.983700/0.000004015
-98/200: 5425.926487/1072.909165/4353.017322/0.000007685
-99/200: 5425.873933/1072.837389/4353.036544/0.000009686
Recall at EP-100 ...
  Columns 1 through 7

    0.0715    0.0921    0.1020    0.1089    0.1157    0.1242    0.1327

  Columns 8 through 10

    0.1421    0.1525    0.1639

Mrr at EP-100 ...
    0.0171

-100/200: 5425.769340/1072.768995/4353.000345/0.000019277
-101/200: 5425.691101/1072.703715/4352.987386/0.000014420
-102/200: 5425.675721/1072.641484/4353.034237/0.000002835
-103/200: 5425.698679/1072.582117/4353.116562/0.000004231
-104/200: 5425.561077/1072.525415/4353.035662/0.000025361
-105/200: 5425.576086/1072.471301/4353.104785/0.000002766
-106/200: 5425.464380/1072.419636/4353.044744/0.000020589
-107/200: 5425.450390/1072.370294/4353.080096/0.000002579
-108/200: 5425.476163/1072.323070/4353.153093/0.000004750
-109/200: 5425.357407/1072.277941/4353.079466/0.000021888
-110/200: 5425.302127/1072.234795/4353.067332/0.000010189
-111/200: 5425.345979/1072.193561/4353.152418/0.000008083
-112/200: 5425.339759/1072.154093/4353.185666/0.000001146
-113/200: 5425.273271/1072.116285/4353.156986/0.000012255
-114/200: 5425.211012/1072.080082/4353.130930/0.000011476
-115/200: 5425.199965/1072.045413/4353.154552/0.000002036
-116/200: 5425.164954/1072.012161/4353.152793/0.000006454
-117/200: 5425.207220/1071.980291/4353.226929/0.000007791
-118/200: 5425.156383/1071.949745/4353.206638/0.000009371
-119/200: 5425.175971/1071.920410/4353.255561/0.000003611
-120/200: 5425.120898/1071.892235/4353.228663/0.000010151
-121/200: 5425.155763/1071.865158/4353.290605/0.000006427
-122/200: 5425.115637/1071.839175/4353.276462/0.000007396
-123/200: 5425.071133/1071.814226/4353.256907/0.000008203
-124/200: 5425.072023/1071.790212/4353.281811/0.000000164
-125/200: 5425.052749/1071.767115/4353.285634/0.000003553
-126/200: 5425.040817/1071.744913/4353.295904/0.000002199
-127/200: 5425.011929/1071.723551/4353.288378/0.000005325
-128/200: 5424.995699/1071.702997/4353.292702/0.000002992
-129/200: 5424.990012/1071.683114/4353.306898/0.000001048
-130/200: 5425.030270/1071.663985/4353.366285/0.000007421
-131/200: 5424.956852/1071.645552/4353.311300/0.000013533
-132/200: 5424.977892/1071.627792/4353.350100/0.000003878
-133/200: 5424.991081/1071.610670/4353.380411/0.000002431
-134/200: 5425.023696/1071.594092/4353.429604/0.000006012
-135/200: 5424.934534/1071.578092/4353.356442/0.000016435
-136/200: 5424.933271/1071.562601/4353.370670/0.000000233
-137/200: 5424.994522/1071.547680/4353.446842/0.000011291
-138/200: 5424.962894/1071.533210/4353.429684/0.000005830
-139/200: 5424.929722/1071.519194/4353.410528/0.000006115
-140/200: 5424.948569/1071.505649/4353.442920/0.000003474
-141/200: 5424.952898/1071.492567/4353.460331/0.000000798
-142/200: 5424.920884/1071.479851/4353.441033/0.000005901
-143/200: 5424.927631/1071.467543/4353.460088/0.000001244
-144/200: 5424.942088/1071.455604/4353.486484/0.000002665
-145/200: 5424.966920/1071.444053/4353.522867/0.000004577
-146/200: 5424.945608/1071.432797/4353.512811/0.000003928
-147/200: 5424.926754/1071.421892/4353.504862/0.000003475
-148/200: 5424.911378/1071.411276/4353.500102/0.000002834
-149/200: 5424.919800/1071.400959/4353.518841/0.000001552
-150/200: 5424.945269/1071.390965/4353.554304/0.000004695
-151/200: 5424.950986/1071.381258/4353.569728/0.000001054
-152/200: 5424.917965/1071.371791/4353.546174/0.000006087
-153/200: 5424.937003/1071.362562/4353.574441/0.000003509
-154/200: 5424.948686/1071.353581/4353.595105/0.000002154
-155/200: 5424.915582/1071.344851/4353.570731/0.000006102
-156/200: 5424.921310/1071.336340/4353.584970/0.000001056
-157/200: 5424.973146/1071.328061/4353.645085/0.000009555
-158/200: 5424.945981/1071.319954/4353.626027/0.000005007
-159/200: 5424.960568/1071.312090/4353.648478/0.000002689
-160/200: 5424.956011/1071.304418/4353.651593/0.000000840
-161/200: 5424.910577/1071.296898/4353.613679/0.000008375
-162/200: 5424.929994/1071.289546/4353.640448/0.000003579
-163/200: 5424.984919/1071.282369/4353.702550/0.000010125
-164/200: 5424.925617/1071.275391/4353.650226/0.000010931
-165/200: 5424.981774/1071.268554/4353.713220/0.000010352
-166/200: 5424.976291/1071.261869/4353.714422/0.000001011
-167/200: 5424.949742/1071.255319/4353.694423/0.000004894
-168/200: 5424.977462/1071.248918/4353.728544/0.000005110
-169/200: 5424.973588/1071.242643/4353.730945/0.000000714
-170/200: 5424.959241/1071.236534/4353.722707/0.000002645
-171/200: 5424.964916/1071.230552/4353.734364/0.000001046
-172/200: 5424.998921/1071.224659/4353.774262/0.000006268
-173/200: 5424.969004/1071.218918/4353.750086/0.000005515
-174/200: 5425.031827/1071.213298/4353.818529/0.000011580
-175/200: 5424.983523/1071.207759/4353.775764/0.000008904
-176/200: 5425.018621/1071.202369/4353.816252/0.000006470
-177/200: 5425.042858/1071.197073/4353.845785/0.000004468
-178/200: 5425.008823/1071.191866/4353.816957/0.000006274
-179/200: 5425.037278/1071.186744/4353.850534/0.000005245
-180/200: 5424.988160/1071.181730/4353.806430/0.000009054
-181/200: 5425.042934/1071.176828/4353.866106/0.000010097
-182/200: 5425.043973/1071.171982/4353.871991/0.000000191
-183/200: 5425.055624/1071.167253/4353.888371/0.000002148
-184/200: 5425.063698/1071.162641/4353.901057/0.000001488
-185/200: 5425.079540/1071.158067/4353.921473/0.000002920
-186/200: 5425.053749/1071.153587/4353.900162/0.000004754
-187/200: 5425.058452/1071.149143/4353.909309/0.000000867
-188/200: 5425.095353/1071.144814/4353.950539/0.000006802
-189/200: 5425.092430/1071.140552/4353.951878/0.000000539
-190/200: 5425.084120/1071.136370/4353.947750/0.000001532
-191/200: 5425.098391/1071.132270/4353.966121/0.000002631
-192/200: 5425.126459/1071.128222/4353.998237/0.000005174
-193/200: 5425.106350/1071.124235/4353.982115/0.000003707
-194/200: 5425.095519/1071.120312/4353.975207/0.000001997
-195/200: 5425.136010/1071.116481/4354.019529/0.000007464
-196/200: 5425.106129/1071.112669/4353.993460/0.000005508
-197/200: 5425.111129/1071.108907/4354.002222/0.000000922
-198/200: 5425.089185/1071.105197/4353.983988/0.000004045
-199/200: 5425.153107/1071.101567/4354.051540/0.000011783
-200/200: 5425.119775/1071.094471/4354.025304/0.000006144
Start evaluating ...
  Columns 1 through 7

    0.0701    0.0908    0.1004    0.1077    0.1149    0.1223    0.1314

  Columns 8 through 10

    0.1407    0.1518    0.1636

    0.0164

Elapsed time is 32893.392112 seconds.
