nohup: ignoring input

                            < M A T L A B (R) >
                  Copyright 1984-2016 The MathWorks, Inc.
                   R2016a (9.0.0.341360) 64-bit (glnxa64)
                             February 11, 2016

 
To get started, type one of these: helpwin, helpdesk, or demo.
For product information, visit www.mathworks.com.
 

	Academic License

Start learning ...
Init data [Dtype: delicious - Dspec: sp2/1050]
Init social model
Using adagrad ...
Could not use CUDA
Params [lbd-U: 10.0000|lbd-V: 0.0100|lbd-N: 10.0000|lbd-Q: 0.1000]
Staring Sample 2 - Loc: save/ctrsmf/delicious-alg90-sp2-cold20170224205546101 
CTR-SMF Running ...

iter time likelihood converge
0001 000087 -11677011.28641 1.0000000000
0002 000173 -11355936.16607 0.0274963441
0003 000278 -11109453.60425 0.0217051732
0004 000385 -11035051.77833 0.0066971634
0005 000503 -10998435.04507 0.0033182203
0006 000627 -10971000.35612 0.0024944175
0007 000745 -10952061.09967 0.0017263017
0008 000858 -10939659.56552 0.0011323471
0009 000975 -10930683.67397 0.0008204909
0010 001094 -10923600.30951 0.0006480257
0011 001214 -10917662.12221 0.0005436108
0012 001335 -10912532.86435 0.0004698128
0013 001453 -10908035.92170 0.0004120897
0014 001569 -10904056.22542 0.0003648408
0015 001675 -10900508.99860 0.0003253126
0016 001789 -10897327.84463 0.0002918354
0017 001904 -10894458.68794 0.0002632899
0018 002020 -10891856.75456 0.0002388309
0019 002133 -10889484.60759 0.0002177909
0020 002243 -10887310.73330 0.0001996306
0021 002352 -10885308.58492 0.0001838974
0022 002473 -10883456.00403 0.0001701909
0023 002592 -10881734.52843 0.0001581736
0024 002712 -10880128.31955 0.0001476060
0025 002826 -10878623.52109 0.0001383071
0026 002939 -10877208.09168 0.0001301111
0027 003048 -10875871.78165 0.0001228541
0028 003160 -10874606.10321 0.0001163749
0029 003273 -10873404.06450 0.0001105363
0030 003383 -10872259.67778 0.0001052464
0031 003490 -10871167.57797 0.0001004483
0032 003609 -10870122.89966 0.0000960962
0033 003718 -10869121.35844 0.0000921371
0034 003829 -10868159.37671 0.0000885059
0035 003943 -10867233.95182 0.0000851501
0036 004058 -10866342.60905 0.0000820211
0037 004167 -10865483.55793 0.0000790561
0038 004277 -10864655.67479 0.0000761939
0039 004394 -10863858.40021 0.0000733824
0040 004520 -10863091.91803 0.0000705534
0041 004637 -10862357.55196 0.0000676019
0042 004747 -10861657.12119 0.0000644824
0043 004859 -10860991.86178 0.0000612484
0044 004972 -10860362.37700 0.0000579583
0045 005084 -10859768.46465 0.0000546862
0046 005203 -10859208.97135 0.0000515198
0047 005313 -10858682.09100 0.0000485192
0048 005422 -10858185.93490 0.0000456921
0049 005534 -10857718.85107 0.0000430167
0050 005648 -10857279.45666 0.0000404684
0051 005758 -10856866.79886 0.0000380075
0052 005871 -10856480.34713 0.0000355951
0053 005984 -10856119.67433 0.0000332219
0054 006099 -10855784.15325 0.0000309062
0055 006210 -10855472.87227 0.0000286742
0056 006330 -10855184.67558 0.0000265485
0057 006445 -10854918.19654 0.0000245485
0058 006559 -10854672.01783 0.0000226790
0059 006672 -10854444.77017 0.0000209355
0060 006782 -10854235.05488 0.0000193207
0061 006907 -10854041.38220 0.0000178431
0062 007026 -10853862.21634 0.0000165068
0063 007144 -10853696.08526 0.0000153062
0064 007258 -10853541.62051 0.0000142315
0065 007368 -10853397.49581 0.0000132790
0066 007477 -10853262.48742 0.0000124393
0067 007585 -10853135.82289 0.0000116706
0068 007696 -10853017.03140 0.0000109454
0069 007813 -10852905.43984 0.0000102821
0070 007916 -10852800.47863 0.0000096713
Start evaluating ...
  Columns 1 through 7

    0.0113    0.0135    0.0145    0.0150    0.0154    0.0159    0.0162

  Columns 8 through 10

    0.0165    0.0166    0.0170

    0.0037

Elapsed time is 7983.651704 seconds.
