nohup: ignoring input

                            < M A T L A B (R) >
                  Copyright 1984-2016 The MathWorks, Inc.
                   R2016a (9.0.0.341360) 64-bit (glnxa64)
                             February 11, 2016

 
To get started, type one of these: helpwin, helpdesk, or demo.
For product information, visit www.mathworks.com.
 

	Academic License

Start learning ...
Init data [Dtype: delicious - Dspec: sp2/5050]
Init social model
Using adagrad ...
Params [lbd-U: 100.0000|lbd-V: 100.0000|lbd-N: 100.0000|lbd-Q: 0.0100]
Staring Sample 2 - Loc: save/ctrsmf/delicious-alg90-sp2-cold20170226203649907 
CTR-SMF Running ...

iter time likelihood converge
0001 000478 -44456590.04847 1.0000000000
0002 001040 -43359469.93088 0.0246784586
0003 001599 -42427131.96455 0.0215025222
0004 002167 -42155797.60050 0.0063953030
0005 002722 -42034250.16869 0.0028832910
0006 003280 -41951717.11579 0.0019634715
0007 003819 -41893556.82221 0.0013863626
0008 004355 -41851603.56083 0.0010014251
0009 004904 -41818746.11113 0.0007850942
0010 005446 -41791454.79145 0.0006526097
0011 005984 -41767940.69856 0.0005626531
0012 006524 -41747284.80823 0.0004945394
0013 007051 -41728940.88999 0.0004394039
0014 007580 -41712525.51546 0.0003933810
0015 008112 -41697746.13528 0.0003543152
0016 008635 -41684370.39049 0.0003207786
0017 009159 -41672208.11139 0.0002917707
0018 009683 -41661100.68419 0.0002665428
0019 010214 -41650914.95429 0.0002444902
0020 010745 -41641538.76426 0.0002251137
0021 011277 -41632876.84972 0.0002080114
0022 011808 -41624847.16140 0.0001928689
0023 012336 -41617377.97696 0.0001794405
0024 012864 -41610406.02753 0.0001675250
0025 013398 -41603875.72476 0.0001569392
0026 013930 -41597738.77256 0.0001475091
0027 014467 -41591953.07184 0.0001390869
0028 015003 -41586481.85640 0.0001315450
0029 015534 -41581293.61409 0.0001247579
0030 016051 -41576362.09955 0.0001185994
0031 016578 -41571666.03160 0.0001129504
0032 017108 -41567188.30732 0.0001077110
0033 017637 -41562914.78474 0.0001028100
0034 018169 -41558833.45952 0.0000981963
0035 018695 -41554934.91597 0.0000938078
0036 019217 -41551213.48066 0.0000895546
0037 019744 -41547667.08889 0.0000853499
0038 020272 -41544294.90109 0.0000811643
0039 020793 -41541094.45426 0.0000770370
0040 021317 -41538060.08500 0.0000730450
0041 021849 -41535183.32655 0.0000692560
0042 022380 -41532455.68941 0.0000656705
0043 022903 -41529870.93887 0.0000622345
0044 023431 -41527423.99741 0.0000589200
0045 023957 -41525109.79832 0.0000557270
0046 024488 -41522922.87725 0.0000526650
0047 025015 -41520857.01204 0.0000497524
0048 025542 -41518905.73421 0.0000469951
0049 026070 -41517063.18672 0.0000443785
0050 026600 -41515324.94294 0.0000418682
0051 027130 -41513687.75230 0.0000394358
0052 027626 -41512147.52954 0.0000371016
0053 028050 -41510698.74716 0.0000349002
0054 028484 -41509334.74350 0.0000328591
0055 028909 -41508047.96052 0.0000309998
0056 029332 -41506830.73515 0.0000293250
0057 029726 -41505676.14918 0.0000278168
0058 030120 -41504578.88991 0.0000264364
0059 030503 -41503536.39849 0.0000251175
0060 030884 -41502549.10755 0.0000237881
0061 031263 -41501619.22692 0.0000224054
0062 031645 -41500748.35689 0.0000209840
0063 032028 -41499935.85021 0.0000195781
0064 032415 -41499179.25465 0.0000182312
0065 032793 -41498475.89898 0.0000169487
0066 033176 -41497821.62581 0.0000157662
0067 033558 -41497211.79509 0.0000146955
0068 033938 -41496642.64785 0.0000137153
0069 034318 -41496108.98069 0.0000128605
0070 034677 -41495604.97108 0.0000121459
0071 035042 -41495125.57339 0.0000115530
0072 035407 -41494666.52158 0.0000110628
0073 035767 -41494224.63358 0.0000106493
0074 036126 -41493798.40204 0.0000102721
0075 036499 -41493387.69108 0.0000098981
Start evaluating ...
  Columns 1 through 7

    0.0077    0.0130    0.0191    0.0236    0.0277    0.0315    0.0353

  Columns 8 through 10

    0.0388    0.0416    0.0455

    0.0020

Elapsed time is 36648.267463 seconds.
