nohup: ignoring input

                            < M A T L A B (R) >
                  Copyright 1984-2016 The MathWorks, Inc.
                   R2016a (9.0.0.341360) 64-bit (glnxa64)
                             February 11, 2016

 
To get started, type one of these: helpwin, helpdesk, or demo.
For product information, visit www.mathworks.com.
 

	Academic License

Start learning ...
Init data [Dtype: delicious - Dspec: sp2/5050]
Init social model
Using adagrad ...
Params [lbd-U: 100.0000|lbd-V: 100.0000|lbd-N: 100.0000|lbd-Q: 0.0100]
Staring Sample 2 - Loc: save/ctr/delicious-alg80-sp2-cold20170226164406325 
CTR(chongwang) Running ...

iter time likelihood:[r:u:v] converge
0001 000452 -22667.00000:[0.00000:0.00000:-0.00000] 1.0000000000
0002 000902 -22632.88366:[68.73718:-33.77354:-0.16460] 0.0015051104
0003 001342 -22631.84724:[71.02980:-35.01547:-0.16927] 0.0000457927
0004 001790 -22631.85356:[70.79501:-34.78809:-0.16854] 0.0000002791
Start evaluating ...
  Columns 1 through 7

    0.0002    0.0008    0.0010    0.0012    0.0013    0.0014    0.0016

  Columns 8 through 10

    0.0019    0.0021    0.0022

   1.5905e-04

Elapsed time is 1969.469633 seconds.
