nohup: ignoring input

                            < M A T L A B (R) >
                  Copyright 1984-2016 The MathWorks, Inc.
                   R2016a (9.0.0.341360) 64-bit (glnxa64)
                             February 11, 2016

 
To get started, type one of these: helpwin, helpdesk, or demo.
For product information, visit www.mathworks.com.
 

	Academic License

Start learning ...
Init data [Dtype: delicious - Dspec: sp2/1050]
Init social model
Using adagrad ...
Could not use CUDA
Params [lbd-U: 100.0000|lbd-V: 1.0000|lbd-N: 100.0000|lbd-Q: 0.1000]
Staring Sample 2 - Loc: save/ctr/delicious-alg80-sp2-cold20170224191129756 
CTR(chongwang) Running ...

iter time likelihood:[r:u:v] converge
0001 000122 -5099.00000:[0.00000:0.00000:0.00000] 1.0000000000
0002 000240 -5097.08320:[3.94856:-1.86514:-0.15580] 0.0003759173
0003 000357 -5096.81550:[4.79494:-2.39774:-0.19961] 0.0000525195
0004 000470 -5096.81735:[4.80461:-2.40741:-0.20127] 0.0000003625
Start evaluating ...
  Columns 1 through 7

    0.0006    0.0012    0.0017    0.0021    0.0025    0.0029    0.0033

  Columns 8 through 10

    0.0035    0.0038    0.0040

   2.7677e-04

Elapsed time is 596.494214 seconds.
