nohup: ignoring input

                            < M A T L A B (R) >
                  Copyright 1984-2016 The MathWorks, Inc.
                   R2016a (9.0.0.341360) 64-bit (glnxa64)
                             February 11, 2016

 
To get started, type one of these: helpwin, helpdesk, or demo.
For product information, visit www.mathworks.com.
 

	Academic License

Start learning ...
Init data [Dtype: delicious - Dspec: sp2/2550]
Init social model
Using adagrad ...
Load pretrained shallow-model...
Params [lbd-U: 1.0000|lbd-V: 1.0000|lbd-N: 1.0000|lbd-Q: 0.0500]
Staring Sample 2 - Loc: save/bcdl/delicious-alg61-sp2-cold20170225193335939 
CTR(chongwang)-DAE(User graph) Running - Walks(1)...
-1/200: 453339.616798/17558.635744/435780.981054/1.000000000
-2/200: 441825.085933/6755.498740/435069.587193/0.025399348
-3/200: 441521.754907/6370.547931/435151.206976/0.000686541
-4/200: 441510.164907/6328.922473/435181.242434/0.000026250
-5/200: 441474.536393/6302.874705/435171.661688/0.000080697
-6/200: 441454.920096/6282.675162/435172.244934/0.000044434
-7/200: 441460.507452/6266.208933/435194.298519/0.000012657
-8/200: 441451.736660/6252.673802/435199.062858/0.000019868
-9/200: 441437.391104/6241.529259/435195.861845/0.000032496
-10/200: 441431.832830/6232.329159/435199.503671/0.000012591
-11/200: 441417.425222/6224.708959/435192.716263/0.000032638
-12/200: 441405.044564/6218.374566/435186.669998/0.000028048
-13/200: 441411.872084/6213.086315/435198.785769/0.000015468
-14/200: 441413.490835/6208.657279/435204.833556/0.000003667
-15/200: 441401.306595/6204.941057/435196.365538/0.000027603
-16/200: 441399.385601/6201.810383/435197.575218/0.000004352
-17/200: 441404.997632/6199.170794/435205.826838/0.000012714
-18/200: 441416.489443/6196.942242/435219.547201/0.000026035
-19/200: 441405.721536/6195.062921/435210.658615/0.000024394
-20/200: 441408.025616/6193.474726/435214.550890/0.000005220
-21/200: 441394.735976/6192.136584/435202.599392/0.000030107
-22/200: 441408.738049/6191.005990/435217.732059/0.000031722
-23/200: 441413.141732/6190.052523/435223.089209/0.000009976
-24/200: 441418.765265/6189.246551/435229.518714/0.000012740
-25/200: 441407.412260/6188.567609/435218.844651/0.000025719
-26/200: 441408.713864/6187.995067/435220.718797/0.000002949
-27/200: 441403.448386/6187.506069/435215.942317/0.000011929
-28/200: 441423.570627/6187.090314/435236.480313/0.000045587
-29/200: 441421.546583/6186.734178/435234.812405/0.000004585
-30/200: 441414.876437/6186.428423/435228.448014/0.000015111
-31/200: 441415.008859/6186.159173/435228.849686/0.000000300
-32/200: 441422.770713/6185.925286/435236.845427/0.000017584
-33/200: 441399.061975/6185.715464/435213.346511/0.000053710
-34/200: 441422.427536/6185.527288/435236.900248/0.000052935
-35/200: 441404.129931/6185.353829/435218.776102/0.000041451
-36/200: 441419.196165/6185.193733/435234.002432/0.000034133
-37/200: 441421.032198/6185.041866/435235.990332/0.000004159
-38/200: 441416.275962/6184.895995/435231.379967/0.000010775
-39/200: 441422.813131/6184.755240/435238.057891/0.000014810
-40/200: 441419.537597/6184.616757/435234.920840/0.000007420
-41/200: 441432.912202/6184.481076/435248.431126/0.000030299
-42/200: 441434.856601/6184.345770/435250.510831/0.000004405
-43/200: 441431.932719/6184.209105/435247.723614/0.000006624
-44/200: 441433.833725/6184.069868/435249.763857/0.000004306
-45/200: 441431.444050/6183.931024/435247.513026/0.000005413
-46/200: 441431.421062/6183.791377/435247.629685/0.000000052
-47/200: 441438.150711/6183.649876/435254.500835/0.000015245
-48/200: 441437.679041/6183.508298/435254.170743/0.000001068
-49/200: 441427.111037/6183.366798/435243.744239/0.000023940
-50/200: 441431.411234/6183.225274/435248.185960/0.000009742
-51/200: 441431.907398/6183.082258/435248.825140/0.000001124
-52/200: 441446.665306/6182.941290/435263.724016/0.000033432
-53/200: 441431.751865/6182.802991/435248.948874/0.000033783
-54/200: 441438.352228/6182.667852/435255.684376/0.000014952
-55/200: 441437.817493/6182.533397/435255.284096/0.000001211
-56/200: 441437.733853/6182.401877/435255.331976/0.000000189
-57/200: 441441.660296/6182.276164/435259.384132/0.000008895
-58/200: 441447.241920/6182.154014/435265.087906/0.000012644
-59/200: 441443.853625/6182.035970/435261.817655/0.000007675
-60/200: 441445.259301/6181.920134/435263.339167/0.000003184
-61/200: 441437.383313/6181.809473/435255.573840/0.000017841
-62/200: 441451.249691/6181.704688/435269.545003/0.000031412
-63/200: 441444.563073/6181.603875/435262.959198/0.000015147
-64/200: 441458.832924/6181.507959/435277.324965/0.000032325
-65/200: 441459.404613/6181.418814/435277.985799/0.000001295
-66/200: 441457.822800/6181.335111/435276.487689/0.000003583
-67/200: 441447.931456/6181.255753/435266.675703/0.000022406
-68/200: 441448.945507/6181.180105/435267.765402/0.000002297
-69/200: 441451.442327/6181.108832/435270.333495/0.000005656
-70/200: 441450.805112/6181.041489/435269.763623/0.000001443
-71/200: 441460.326272/6180.979769/435279.346503/0.000021568
-72/200: 441455.602116/6180.920262/435274.681854/0.000010701
-73/200: 441466.087659/6180.865741/435285.221918/0.000023752
-74/200: 441461.457791/6180.816123/435280.641668/0.000010487
-75/200: 441458.147718/6180.768798/435277.378920/0.000007498
-76/200: 441468.009356/6180.723935/435287.285421/0.000022339
-77/200: 441470.201853/6180.683949/435289.517904/0.000004966
-78/200: 441470.174483/6180.644404/435289.530079/0.000000062
-79/200: 441459.848016/6180.609583/435279.238433/0.000023391
-80/200: 441461.253631/6180.576250/435280.677381/0.000003184
-81/200: 441466.754454/6180.545683/435286.208771/0.000012460
-82/200: 441474.675096/6180.517810/435294.157286/0.000017942
-83/200: 441467.715270/6180.492342/435287.222928/0.000015765
-84/200: 441466.181399/6180.468273/435285.713126/0.000003474
-85/200: 441473.354603/6180.446418/435292.908185/0.000016249
-86/200: 441473.881615/6180.425810/435293.455805/0.000001194
-87/200: 441475.002580/6180.407883/435294.594697/0.000002539
-88/200: 441479.182240/6180.392652/435298.789588/0.000009467
-89/200: 441475.600854/6180.377986/435295.222868/0.000008112
-90/200: 441478.983005/6180.365392/435298.617613/0.000007661
-91/200: 441478.349576/6180.352261/435297.997315/0.000001435
-92/200: 441482.526508/6180.341637/435302.184871/0.000009461
-93/200: 441480.390352/6180.331368/435300.058984/0.000004839
-94/200: 441487.468061/6180.322841/435307.145220/0.000016032
-95/200: 441484.871152/6180.315811/435304.555341/0.000005882
-96/200: 441480.704666/6180.310130/435300.394536/0.000009437
-97/200: 441485.581627/6180.306580/435305.275047/0.000011047
-98/200: 441488.965986/6180.302697/435308.663289/0.000007666
-99/200: 441490.326761/6180.301076/435310.025685/0.000003082
Recall at EP-100 ...
  Columns 1 through 7

    0.0679    0.0899    0.1000    0.1104    0.1236    0.1385    0.1520

  Columns 8 through 10

    0.1619    0.1710    0.1795

Mrr at EP-100 ...
    0.0145

-100/200: 441487.030364/6180.300343/435306.730021/0.000007467
-101/200: 441485.216702/6180.297922/435304.918780/0.000004108
-102/200: 441489.534754/6180.298528/435309.236226/0.000009781
-103/200: 441496.157003/6180.299866/435315.857137/0.000015000
-104/200: 441490.108986/6180.300594/435309.808392/0.000013699
-105/200: 441495.992657/6180.302701/435315.689956/0.000013327
-106/200: 441491.765571/6180.306441/435311.459130/0.000009574
-107/200: 441495.666738/6180.311236/435315.355502/0.000008836
-108/200: 441501.062591/6180.314700/435320.747891/0.000012222
-109/200: 441495.731547/6180.318875/435315.412672/0.000012075
-110/200: 441494.896156/6180.324037/435314.572119/0.000001892
-111/200: 441502.747893/6180.332130/435322.415763/0.000017784
-112/200: 441502.355276/6180.339644/435322.015632/0.000000889
-113/200: 441500.510573/6180.347505/435320.163068/0.000004178
-114/200: 441498.602023/6180.356206/435318.245817/0.000004323
-115/200: 441502.168822/6180.364502/435321.804320/0.000008079
-116/200: 441501.523516/6180.373610/435321.149906/0.000001462
-117/200: 441507.135640/6180.382625/435326.753015/0.000012711
-118/200: 441506.121016/6180.393074/435325.727942/0.000002298
-119/200: 441510.354411/6180.403613/435329.950798/0.000009589
-120/200: 441508.468613/6180.412802/435328.055811/0.000004271
-121/200: 441512.674504/6180.423369/435332.251135/0.000009526
-122/200: 441513.422874/6180.433170/435332.989704/0.000001695
-123/200: 441510.856379/6180.445028/435330.411351/0.000005813
-124/200: 441512.708443/6180.455588/435332.252855/0.000004195
-125/200: 441513.690841/6180.466183/435333.224658/0.000002225
-126/200: 441513.924274/6180.478415/435333.445859/0.000000529
-127/200: 441514.105293/6180.491571/435333.613722/0.000000410
-128/200: 441514.559681/6180.504736/435334.054945/0.000001029
-129/200: 441515.246852/6180.515565/435334.731287/0.000001556
-130/200: 441521.289357/6180.527939/435340.761418/0.000013686
-131/200: 441515.972969/6180.541054/435335.431915/0.000012041
-132/200: 441521.375980/6180.554678/435340.821302/0.000012237
-133/200: 441522.830641/6180.570323/435342.260318/0.000003295
-134/200: 441527.359264/6180.583653/435346.775611/0.000010257
-135/200: 441519.541436/6180.598537/435338.942899/0.000017706
-136/200: 441522.180871/6180.611396/435341.569475/0.000005978
-137/200: 441528.272661/6180.625395/435347.647266/0.000013797
-138/200: 441526.894262/6180.639381/435346.254881/0.000003122
-139/200: 441525.883754/6180.651819/435345.231935/0.000002289
-140/200: 441529.259135/6180.666488/435348.592647/0.000007645
-141/200: 441530.723150/6180.681243/435350.041907/0.000003316
-142/200: 441528.262844/6180.695817/435347.567027/0.000005572
-143/200: 441530.955388/6180.710548/435350.244840/0.000006098
-144/200: 441533.232359/6180.724941/435352.507418/0.000005157
-145/200: 441535.135048/6180.740224/435354.394824/0.000004309
-146/200: 441534.018044/6180.754394/435353.263650/0.000002530
-147/200: 441535.721513/6180.768833/435354.952680/0.000003858
-148/200: 441532.514901/6180.782436/435351.732465/0.000007262
-149/200: 441536.334250/6180.796309/435355.537941/0.000008650
-150/200: 441538.042447/6180.811367/435357.231080/0.000003869
-151/200: 441539.271447/6180.827548/435358.443899/0.000002783
-152/200: 441538.705070/6180.841217/435357.863853/0.000001283
-153/200: 441539.657483/6180.855341/435358.802142/0.000002157
-154/200: 441541.773952/6180.869378/435360.904574/0.000004793
-155/200: 441540.714845/6180.884108/435359.830737/0.000002399
-156/200: 441542.201184/6180.898390/435361.302794/0.000003366
-157/200: 441546.774854/6180.914110/435365.860744/0.000010358
-158/200: 441545.974919/6180.927902/435365.047017/0.000001812
-159/200: 441547.299965/6180.943217/435366.356748/0.000003001
-160/200: 441548.126909/6180.958252/435367.168657/0.000001873
-161/200: 441544.757876/6180.972389/435363.785487/0.000007630
-162/200: 441547.319761/6180.986177/435366.333584/0.000005802
-163/200: 441552.287328/6181.000682/435371.286646/0.000011250
-164/200: 441548.450449/6181.015698/435367.434751/0.000008690
-165/200: 441553.450638/6181.029766/435372.420872/0.000011324
-166/200: 441552.308267/6181.044473/435371.263794/0.000002587
-167/200: 441552.081923/6181.058052/435371.023871/0.000000513
-168/200: 441554.841644/6181.072563/435373.769081/0.000006250
-169/200: 441554.491172/6181.086577/435373.404595/0.000000794
-170/200: 441556.034401/6181.101606/435374.932795/0.000003495
-171/200: 441556.478483/6181.115272/435375.363211/0.000001006
-172/200: 441559.424645/6181.128577/435378.296068/0.000006672
-173/200: 441556.465721/6181.142941/435375.322780/0.000006701
-174/200: 441563.596505/6181.157330/435382.439175/0.000016149
-175/200: 441558.945024/6181.171151/435377.773873/0.000010534
-176/200: 441563.431641/6181.186254/435382.245387/0.000010161
-177/200: 441565.532051/6181.200897/435384.331154/0.000004757
-178/200: 441563.861156/6181.214771/435382.646385/0.000003784
-179/200: 441565.198069/6181.228177/435383.969892/0.000003028
-180/200: 441562.834010/6181.241973/435381.592037/0.000005354
-181/200: 441568.268073/6181.257459/435387.010614/0.000012306
-182/200: 441567.471628/6181.271422/435386.200206/0.000001804
-183/200: 441570.181125/6181.285414/435388.895711/0.000006136
-184/200: 441570.943604/6181.300502/435389.643102/0.000001727
-185/200: 441572.864839/6181.314597/435391.550242/0.000004351
-186/200: 441571.250945/6181.328747/435389.922198/0.000003655
-187/200: 441571.567919/6181.341788/435390.226131/0.000000718
-188/200: 441574.583306/6181.355533/435393.227773/0.000006829
-189/200: 441576.066841/6181.369823/435394.697018/0.000003360
-190/200: 441575.638994/6181.383456/435394.255538/0.000000969
-191/200: 441577.273999/6181.397703/435395.876296/0.000003703
-192/200: 441579.406917/6181.411613/435397.995304/0.000004830
-193/200: 441578.199469/6181.425282/435396.774187/0.000002734
-194/200: 441577.988722/6181.439276/435396.549446/0.000000477
-195/200: 441581.240173/6181.453844/435399.786329/0.000007363
-196/200: 441579.667426/6181.466512/435398.200914/0.000003562
-197/200: 441580.643689/6181.478717/435399.164972/0.000002211
-198/200: 441578.806955/6181.491061/435397.315894/0.000004159
-199/200: 441584.810572/6181.503861/435403.306711/0.000013596
-200/200: 441581.896053/6181.505157/435400.390896/0.000006600
Start evaluating ...
  Columns 1 through 7

    0.0654    0.0885    0.0997    0.1121    0.1259    0.1402    0.1536

  Columns 8 through 10

    0.1644    0.1724    0.1798

    0.0140

Elapsed time is 33142.523614 seconds.
