nohup: ignoring input

                            < M A T L A B (R) >
                  Copyright 1984-2016 The MathWorks, Inc.
                   R2016a (9.0.0.341360) 64-bit (glnxa64)
                             February 11, 2016

 
To get started, type one of these: helpwin, helpdesk, or demo.
For product information, visit www.mathworks.com.
 

	Academic License

Start learning ...
Init data [Dtype: delicious - Dspec: sp2/2550]
Init social model
Using adagrad ...
Params [lbd-U: 0.1000|lbd-V: 100.0000|lbd-N: 0.1000|lbd-Q: 0.0500]
Staring Sample 2 - Loc: save/ctrsmf/delicious-alg90-sp2-cold20170225193346479 
CTR-SMF Running ...

iter time likelihood converge
0001 000284 -30068800.91538 1.0000000000
0002 000564 -29302637.36688 0.0254803492
0003 000847 -28671875.60529 0.0215257676
0004 001130 -28486188.65753 0.0064762749
0005 001410 -28400842.82862 0.0029960424
0006 001681 -28341502.73802 0.0020893778
0007 001951 -28299958.06530 0.0014658599
0008 002220 -28270819.30670 0.0010296396
0009 002490 -28248544.85975 0.0007878953
0010 002761 -28230337.59860 0.0006445380
0011 003034 -28214790.22752 0.0005507327
0012 003305 -28201209.98208 0.0004813165
0013 003577 -28189200.53680 0.0004258486
0014 003842 -28178491.00785 0.0003799160
0015 004079 -28168877.52099 0.0003411640
0016 004289 -28160199.28589 0.0003080788
0017 004490 -28152325.12083 0.0002796204
0018 004690 -28145145.68454 0.0002550211
0019 004836 -28138569.05061 0.0002336685
0020 004996 -28132517.53150 0.0002150614
0021 005181 -28126925.01146 0.0001987920
0022 005367 -28121734.78899 0.0001845286
0023 005548 -28116898.05397 0.0001719928
0024 005729 -28112372.95711 0.0001609387
0025 005910 -28108123.73297 0.0001511514
0026 006091 -28104119.61620 0.0001424541
0027 006272 -28100333.98211 0.0001347003
0028 006453 -28096743.85125 0.0001277611
0029 006634 -28093329.54129 0.0001215198
0030 006814 -28090074.54295 0.0001158637
0031 006950 -28086966.04453 0.0001106618
0032 007050 -28083995.20544 0.0001057729
0033 007233 -28081155.65239 0.0001011093
0034 007420 -28078442.07173 0.0000966335
0035 007602 -28075849.62530 0.0000923287
0036 007782 -28073373.61348 0.0000881901
0037 007962 -28071009.49797 0.0000842120
0038 008143 -28068753.22221 0.0000803774
0039 008322 -28066601.46424 0.0000766603
0040 008502 -28064551.38752 0.0000730433
0041 008683 -28062599.98117 0.0000695328
0042 008863 -28060744.00804 0.0000661369
0043 009045 -28058980.52650 0.0000628451
0044 009230 -28057307.14855 0.0000596379
0045 009409 -28055721.91334 0.0000564999
0046 009560 -28054222.55785 0.0000534421
0047 009659 -28052805.69661 0.0000505044
0048 009794 -28051466.77490 0.0000477286
0049 009936 -28050200.81384 0.0000451299
0050 010047 -28049003.51478 0.0000426842
0051 010143 -28047871.50178 0.0000403584
0052 010258 -28046801.36916 0.0000381538
0053 010399 -28045789.48288 0.0000360785
0054 010579 -28044832.39247 0.0000341260
0055 010759 -28043927.16646 0.0000322778
0056 010939 -28043071.41929 0.0000305145
0057 011095 -28042263.41636 0.0000288129
0058 011274 -28041501.92269 0.0000271552
0059 011453 -28040785.66152 0.0000255429
0060 011632 -28040112.89751 0.0000239923
0061 011812 -28039481.47693 0.0000225185
0062 011991 -28038890.15763 0.0000210888
0063 012170 -28038337.43573 0.0000197127
0064 012349 -28037820.51219 0.0000184363
0065 012498 -28037336.44854 0.0000172647
0066 012638 -28036882.84157 0.0000161787
0067 012750 -28036458.53161 0.0000151340
0068 012847 -28036062.53812 0.0000141242
0069 013003 -28035692.81924 0.0000131873
0070 013099 -28035347.20694 0.0000123276
0071 013196 -28035023.82807 0.0000115347
0072 013295 -28034721.23447 0.0000107934
0073 013390 -28034438.33927 0.0000100909
0074 013484 -28034174.23062 0.0000094209
Start evaluating ...
  Columns 1 through 7

    0.0673    0.0851    0.0929    0.0986    0.1026    0.1055    0.1082

  Columns 8 through 10

    0.1107    0.1133    0.1152

    0.0120

Elapsed time is 13556.563368 seconds.
