nohup: ignoring input

                            < M A T L A B (R) >
                  Copyright 1984-2016 The MathWorks, Inc.
                   R2016a (9.0.0.341360) 64-bit (glnxa64)
                             February 11, 2016

 
To get started, type one of these: helpwin, helpdesk, or demo.
For product information, visit www.mathworks.com.
 

	Academic License

Start learning ...
Init data [Dtype: delicious - Dspec: sp2/2550]
Init social model
Using adagrad ...
Load pretrained shallow-model...
Params [lbd-U: 0.0100|lbd-V: 0.0100|lbd-N: 0.0100|lbd-Q: 0.0500]
Staring Sample 2 - Loc: save/bcdl/delicious-alg61-sp2-cold20170225193336068 
CTR(chongwang)-DAE(User graph) Running - Walks(1)...
-1/200: 6579.793669/2221.983858/4357.809811/1.000000000
-2/200: 6158.382043/1808.758620/4349.623423/0.064046328
-3/200: 6010.880536/1660.232793/4350.647743/0.023951341
-4/200: 5922.747994/1571.087470/4351.660524/0.014662168
-5/200: 5853.171474/1501.530753/4351.640721/0.011747337
-6/200: 5797.125579/1445.474330/4351.651249/0.009575304
-7/200: 5751.074584/1399.208410/4351.866174/0.007943764
-8/200: 5712.211130/1360.291219/4351.919911/0.006757599
-9/200: 5678.917209/1327.045307/4351.871902/0.005828552
-10/200: 5650.186296/1298.278388/4351.907908/0.005059224
-11/200: 5624.962907/1273.118344/4351.844563/0.004464169
-12/200: 5602.695936/1250.911242/4351.784694/0.003958599
-13/200: 5583.037312/1231.156157/4351.881155/0.003508779
-14/200: 5565.428173/1213.461964/4351.966209/0.003154043
-15/200: 5549.390148/1197.518409/4351.871739/0.002881723
-16/200: 5534.949639/1183.075748/4351.873891/0.002602180
-17/200: 5521.896990/1169.930401/4351.966589/0.002358224
-18/200: 5510.029645/1157.914658/4352.114987/0.002149143
-19/200: 5498.893570/1146.889012/4352.004558/0.002021055
-20/200: 5488.782875/1136.736140/4352.046735/0.001838678
-21/200: 5479.296671/1127.356891/4351.939780/0.001728289
-22/200: 5470.748718/1118.666678/4352.082040/0.001560046
-23/200: 5462.734507/1110.593017/4352.141490/0.001464920
-24/200: 5455.272841/1103.073222/4352.199619/0.001365921
-25/200: 5448.160230/1096.052945/4352.107285/0.001303805
-26/200: 5441.605469/1089.484794/4352.120675/0.001203115
-27/200: 5435.406071/1083.327147/4352.078924/0.001139259
-28/200: 5429.818221/1077.543436/4352.274785/0.001028046
-29/200: 5424.367136/1072.101296/4352.265840/0.001003917
-30/200: 5419.181582/1066.972042/4352.209540/0.000955974
-31/200: 5414.318225/1062.130087/4352.188138/0.000897434
-32/200: 5409.852347/1057.552572/4352.299775/0.000824828
-33/200: 5405.269657/1053.219027/4352.050630/0.000847101
-34/200: 5401.403098/1049.111068/4352.292030/0.000715331
-35/200: 5397.306937/1045.212075/4352.094862/0.000758351
-36/200: 5393.749572/1041.507029/4352.242543/0.000659100
-37/200: 5390.245602/1037.982367/4352.263235/0.000649635
-38/200: 5386.843498/1034.625665/4352.217833/0.000631160
-39/200: 5383.711584/1031.425694/4352.285890/0.000581400
-40/200: 5380.639768/1028.372166/4352.267602/0.000570576
-41/200: 5377.862537/1025.455725/4352.406812/0.000516153
-42/200: 5375.080220/1022.667767/4352.412453/0.000517365
-43/200: 5372.405365/1020.000373/4352.404992/0.000497640
-44/200: 5369.860782/1017.446242/4352.414540/0.000473639
-45/200: 5367.385501/1014.998742/4352.386759/0.000460958
-46/200: 5365.027277/1012.651690/4352.375587/0.000439362
-47/200: 5362.851129/1010.399324/4352.451805/0.000405617
-48/200: 5360.675879/1008.236372/4352.439507/0.000405615
-49/200: 5358.490613/1006.157954/4352.332659/0.000407647
-50/200: 5356.541463/1004.159476/4352.381987/0.000363750
-51/200: 5354.643222/1002.236716/4352.406506/0.000354378
-52/200: 5352.950524/1000.385769/4352.564755/0.000316118
-53/200: 5351.007706/998.602931/4352.404775/0.000362943
-54/200: 5349.364050/996.884818/4352.479232/0.000307167
-55/200: 5347.718681/995.228145/4352.490536/0.000307582
-56/200: 5346.108908/993.630006/4352.478902/0.000301021
-57/200: 5344.594498/992.087609/4352.506889/0.000283273
-58/200: 5343.170094/990.598242/4352.571852/0.000266513
-59/200: 5341.699785/989.159489/4352.540296/0.000275175
-60/200: 5340.311014/987.768974/4352.542040/0.000259987
-61/200: 5338.912901/986.424565/4352.488336/0.000261804
-62/200: 5337.741721/985.124229/4352.617492/0.000219367
-63/200: 5336.439889/983.865980/4352.573909/0.000243892
-64/200: 5335.360214/982.648017/4352.712197/0.000202321
-65/200: 5334.157038/981.468676/4352.688362/0.000225510
-66/200: 5332.998862/980.326287/4352.672575/0.000217124
-67/200: 5331.819944/979.219290/4352.600654/0.000221061
-68/200: 5330.744377/978.146246/4352.598131/0.000201726
-69/200: 5329.738796/977.105765/4352.633031/0.000188638
-70/200: 5328.708903/976.096593/4352.612310/0.000193235
-71/200: 5327.831247/975.117492/4352.713755/0.000164703
-72/200: 5326.865582/974.167223/4352.698359/0.000181249
-73/200: 5326.020858/973.244739/4352.776119/0.000158578
-74/200: 5325.098308/972.348963/4352.749345/0.000173216
-75/200: 5324.190685/971.478875/4352.711810/0.000170443
-76/200: 5323.464027/970.633514/4352.830513/0.000136482
-77/200: 5322.646603/969.812007/4352.834596/0.000153551
-78/200: 5321.874246/969.013424/4352.860822/0.000145108
-79/200: 5320.940965/968.237032/4352.703933/0.000175367
-80/200: 5320.229753/967.481972/4352.747781/0.000133663
-81/200: 5319.542542/966.747503/4352.795039/0.000129170
-82/200: 5318.899853/966.032918/4352.866935/0.000120816
-83/200: 5318.146943/965.337510/4352.809433/0.000141554
-84/200: 5317.445902/964.660641/4352.785261/0.000131820
-85/200: 5316.876777/964.001681/4352.875096/0.000107030
-86/200: 5316.226010/963.360004/4352.866006/0.000122397
-87/200: 5315.587585/962.735088/4352.852497/0.000120090
-88/200: 5315.055670/962.126357/4352.929313/0.000100067
-89/200: 5314.415265/961.533280/4352.881985/0.000120489
-90/200: 5313.880747/960.955337/4352.925410/0.000100579
-91/200: 5313.350946/960.392003/4352.958943/0.000099701
-92/200: 5312.813210/959.842922/4352.970288/0.000101205
-93/200: 5312.255574/959.307578/4352.947996/0.000104961
-94/200: 5311.828454/958.785546/4353.042908/0.000080403
-95/200: 5311.281550/958.276449/4353.005101/0.000102960
-96/200: 5310.718369/957.779879/4352.938490/0.000106035
-97/200: 5310.297946/957.295447/4353.002499/0.000079165
-98/200: 5309.856864/956.822774/4353.034090/0.000083062
-99/200: 5309.419890/956.361530/4353.058360/0.000082295
Recall at EP-100 ...
  Columns 1 through 7

    0.0713    0.0914    0.1017    0.1084    0.1151    0.1234    0.1323

  Columns 8 through 10

    0.1418    0.1521    0.1632

Mrr at EP-100 ...
    0.0167

-100/200: 5308.933800/955.911369/4353.022431/0.000091552
-101/200: 5308.480871/955.471929/4353.008942/0.000085314
-102/200: 5308.099953/955.042965/4353.056988/0.000071757
-103/200: 5307.773884/954.624115/4353.149769/0.000061429
-104/200: 5307.274771/954.215119/4353.059652/0.000094034
-105/200: 5306.942728/953.815698/4353.127030/0.000062564
-106/200: 5306.489015/953.425592/4353.063423/0.000085494
-107/200: 5306.130186/953.044543/4353.085643/0.000067621
-108/200: 5305.845046/952.672226/4353.172820/0.000053738
-109/200: 5305.398809/952.308473/4353.090336/0.000084103
-110/200: 5305.027273/951.953012/4353.074261/0.000070030
-111/200: 5304.767156/951.605678/4353.161478/0.000049032
-112/200: 5304.489342/951.266165/4353.223177/0.000052371
-113/200: 5304.119891/950.934288/4353.185603/0.000069649
-114/200: 5303.764889/950.609858/4353.155031/0.000066930
-115/200: 5303.466283/950.292697/4353.173586/0.000056301
-116/200: 5303.154082/949.982566/4353.171516/0.000058867
-117/200: 5302.936455/949.679303/4353.257152/0.000041037
-118/200: 5302.604530/949.382746/4353.221784/0.000062593
-119/200: 5302.369521/949.092687/4353.276834/0.000044320
-120/200: 5302.048999/948.808957/4353.240042/0.000060449
-121/200: 5301.849941/948.531401/4353.318540/0.000037544
-122/200: 5301.547218/948.259895/4353.287323/0.000057098
-123/200: 5301.274551/947.994281/4353.280270/0.000051432
-124/200: 5301.041389/947.734353/4353.307036/0.000043982
-125/200: 5300.789573/947.480008/4353.309565/0.000047503
-126/200: 5300.555453/947.231130/4353.324323/0.000044167
-127/200: 5300.296373/946.987553/4353.308820/0.000048878
-128/200: 5300.059335/946.749175/4353.310160/0.000044722
-129/200: 5299.842037/946.515791/4353.326246/0.000040999
-130/200: 5299.680723/946.287344/4353.393379/0.000030438
-131/200: 5299.404655/946.063717/4353.340938/0.000052091
-132/200: 5299.194113/945.844802/4353.349311/0.000039729
-133/200: 5299.030530/945.630463/4353.400067/0.000030869
-134/200: 5298.871813/945.420568/4353.451245/0.000029952
-135/200: 5298.598727/945.215025/4353.383702/0.000051537
-136/200: 5298.396738/945.013747/4353.382991/0.000038121
-137/200: 5298.289193/944.816639/4353.472554/0.000020298
-138/200: 5298.076797/944.623565/4353.453232/0.000040088
-139/200: 5297.854552/944.434457/4353.420095/0.000041948
-140/200: 5297.706017/944.249238/4353.456779/0.000028037
-141/200: 5297.534272/944.067817/4353.466455/0.000032419
-142/200: 5297.352992/943.890057/4353.462935/0.000034220
-143/200: 5297.182542/943.715928/4353.466614/0.000032176
-144/200: 5297.036855/943.545324/4353.491531/0.000027503
-145/200: 5296.932770/943.378163/4353.554607/0.000019650
-146/200: 5296.772844/943.214342/4353.558502/0.000030192
-147/200: 5296.561809/943.053845/4353.507964/0.000039842
-148/200: 5296.426404/942.896534/4353.529870/0.000025565
-149/200: 5296.264045/942.742386/4353.521659/0.000030655
-150/200: 5296.176123/942.591324/4353.584799/0.000016601
-151/200: 5296.043009/942.443264/4353.599745/0.000025134
-152/200: 5295.858873/942.298142/4353.560731/0.000034769
-153/200: 5295.774768/942.155870/4353.618898/0.000015881
-154/200: 5295.641908/942.016423/4353.625485/0.000025088
-155/200: 5295.464303/941.879744/4353.584559/0.000033538
-156/200: 5295.336429/941.745757/4353.590672/0.000024148
-157/200: 5295.281451/941.614403/4353.667048/0.000010382
-158/200: 5295.119450/941.485610/4353.633840/0.000030594
-159/200: 5295.036621/941.359347/4353.677274/0.000015642
-160/200: 5294.909587/941.235553/4353.674034/0.000023991
-161/200: 5294.747393/941.114152/4353.633241/0.000030632
-162/200: 5294.646013/940.995114/4353.650899/0.000019147
-163/200: 5294.606856/940.878378/4353.728478/0.000007396
-164/200: 5294.436085/940.763922/4353.672163/0.000032254
-165/200: 5294.381592/940.651683/4353.729909/0.000010293
-166/200: 5294.314661/940.541584/4353.773077/0.000012642
-167/200: 5294.137958/940.433606/4353.704352/0.000033376
-168/200: 5294.089488/940.327705/4353.761783/0.000009156
-169/200: 5293.983119/940.223837/4353.759282/0.000020092
-170/200: 5293.851124/940.121979/4353.729145/0.000024933
-171/200: 5293.752479/940.022076/4353.730403/0.000018634
-172/200: 5293.722653/939.924058/4353.798595/0.000005634
-173/200: 5293.606525/939.827916/4353.778609/0.000021937
-174/200: 5293.576511/939.733604/4353.842907/0.000005670
-175/200: 5293.431242/939.641078/4353.790164/0.000027442
-176/200: 5293.378442/939.550326/4353.828116/0.000009975
-177/200: 5293.340138/939.461279/4353.878859/0.000007236
-178/200: 5293.206573/939.373912/4353.832661/0.000025233
-179/200: 5293.172770/939.288184/4353.884586/0.000006386
-180/200: 5293.023828/939.204091/4353.819737/0.000028138
-181/200: 5293.025961/939.121579/4353.904382/0.000000403
-182/200: 5292.951855/939.040601/4353.911254/0.000014001
-183/200: 5292.868110/938.961160/4353.906950/0.000015822
-184/200: 5292.790201/938.883230/4353.906971/0.000014720
-185/200: 5292.747776/938.806733/4353.941043/0.000008016
-186/200: 5292.644166/938.731669/4353.912497/0.000019576
-187/200: 5292.597675/938.657988/4353.939687/0.000008784
-188/200: 5292.578960/938.585694/4353.993266/0.000003536
-189/200: 5292.488714/938.514747/4353.973967/0.000017051
-190/200: 5292.394700/938.445131/4353.949569/0.000017764
-191/200: 5292.361131/938.376804/4353.984327/0.000006343
-192/200: 5292.327083/938.309742/4354.017341/0.000006434
-193/200: 5292.249763/938.243916/4354.005847/0.000014610
-194/200: 5292.189837/938.179301/4354.010536/0.000011323
-195/200: 5292.161245/938.115898/4354.045347/0.000005403
-196/200: 5292.069398/938.053642/4354.015756/0.000017355
-197/200: 5292.011862/937.992535/4354.019327/0.000010872
-198/200: 5291.931124/937.932545/4353.998579/0.000015257
-199/200: 5291.964783/937.873679/4354.091104/0.000006360
-200/200: 5289.212826/935.151572/4354.061254/0.000520026
Start evaluating ...
  Columns 1 through 7

    0.0661    0.0838    0.0903    0.0936    0.0950    0.0963    0.0976

  Columns 8 through 10

    0.0985    0.0992    0.0997

    0.0144

Elapsed time is 41359.030048 seconds.
