nohup: ignoring input

                            < M A T L A B (R) >
                  Copyright 1984-2016 The MathWorks, Inc.
                   R2016a (9.0.0.341360) 64-bit (glnxa64)
                             February 11, 2016

 
To get started, type one of these: helpwin, helpdesk, or demo.
For product information, visit www.mathworks.com.
 

	Academic License

Start learning ...
Init data [Dtype: delicious - Dspec: sp2/2550]
Init social model
Using adagrad ...
Load pretrained shallow-model...
Params [lbd-U: 10.0000|lbd-V: 100.0000|lbd-N: 10.0000|lbd-Q: 0.0500]
Staring Sample 2 - Loc: save/bcdl/delicious-alg61-sp2-cold20170225193335893 
CTR(chongwang)-DAE(User graph) Running - Walks(1)...
-1/200: 4376315.043616/18505.233079/4357809.810537/1.000000000
-2/200: 4368716.896967/16940.151143/4351776.745824/0.001736197
-3/200: 4368809.366820/16948.371512/4351860.995308/0.000021166
-4/200: 4368844.966030/16961.410384/4351883.555646/0.000008148
-5/200: 4368745.716256/16973.306587/4351772.409669/0.000022718
-6/200: 4368762.691718/16984.015994/4351778.675724/0.000003886
-7/200: 4368996.515203/16993.821703/4352002.693500/0.000053522
-8/200: 4369052.727811/17003.010022/4352049.717789/0.000012866
-9/200: 4369026.779740/17011.750036/4352015.029704/0.000005939
-10/200: 4369071.479226/17019.845856/4352051.633370/0.000010231
-11/200: 4369007.586470/17027.522989/4351980.063481/0.000014624
-12/200: 4368951.893107/17034.928831/4351916.964276/0.000012747
-13/200: 4369081.159372/17041.985757/4352039.173615/0.000029587
-14/200: 4369148.953129/17048.766751/4352100.186378/0.000015517
-15/200: 4369069.145402/17055.400377/4352013.745025/0.000018266
-16/200: 4369083.746125/17061.745579/4352022.000546/0.000003342
-17/200: 4369171.421243/17067.829316/4352103.591927/0.000020067
-18/200: 4369319.755184/17073.686035/4352246.069149/0.000033950
-19/200: 4369230.506731/17079.450537/4352151.056194/0.000020426
-20/200: 4369273.865399/17084.999943/4352188.865456/0.000009924
-21/200: 4369156.465527/17090.477976/4352065.987551/0.000026869
-22/200: 4369313.338788/17095.808328/4352217.530460/0.000035905
-23/200: 4369370.169548/17101.030118/4352269.139430/0.000013007
-24/200: 4369441.834277/17106.100075/4352335.734202/0.000016402
-25/200: 4369336.217186/17111.112337/4352225.104849/0.000024172
-26/200: 4369354.980417/17116.043751/4352238.936666/0.000004294
-27/200: 4369310.455006/17120.841296/4352189.613710/0.000010190
-28/200: 4369524.363103/17125.515151/4352398.847952/0.000048957
-29/200: 4369507.290633/17130.106967/4352377.183666/0.000003907
-30/200: 4369448.957730/17134.635213/4352314.322517/0.000013350
-31/200: 4369452.306208/17139.048519/4352313.257689/0.000000766
-32/200: 4369537.228004/17143.424091/4352393.803913/0.000019435
-33/200: 4369302.826716/17147.717699/4352155.109017/0.000053644
-34/200: 4369544.750129/17151.936196/4352392.813933/0.000055369
-35/200: 4369361.926553/17156.087827/4352205.838726/0.000041840
-36/200: 4369517.696918/17160.194063/4352357.502855/0.000035651
-37/200: 4369541.419510/17164.242190/4352377.177320/0.000005429
-38/200: 4369497.336984/17168.204681/4352329.132303/0.000010089
-39/200: 4369567.165759/17172.140787/4352395.024972/0.000015981
-40/200: 4369537.602292/17176.006528/4352361.595764/0.000006766
-41/200: 4369677.654499/17179.835139/4352497.819360/0.000032052
-42/200: 4369699.030771/17183.611989/4352515.418782/0.000004892
-43/200: 4369672.155708/17187.329808/4352484.825900/0.000006150
-44/200: 4369695.068195/17190.970034/4352504.098161/0.000005244
-45/200: 4369676.684308/17194.584440/4352482.099868/0.000004207
-46/200: 4369676.712762/17198.161910/4352478.550852/0.000000007
-47/200: 4369751.257405/17201.683309/4352549.574096/0.000017060
-48/200: 4369747.719362/17205.157621/4352542.561741/0.000000810
-49/200: 4369641.430739/17208.614096/4352432.816643/0.000024324
-50/200: 4369693.482343/17212.015871/4352481.466472/0.000011912
-51/200: 4369699.287240/17215.366398/4352483.920842/0.000001328
-52/200: 4369850.239153/17218.664942/4352631.574211/0.000034545
-53/200: 4369703.689898/17221.964281/4352481.725617/0.000033536
-54/200: 4369776.619801/17225.232778/4352551.387023/0.000016690
-55/200: 4369771.020004/17228.433904/4352542.586100/0.000001281
-56/200: 4369774.578993/17231.607941/4352542.971052/0.000000814
-57/200: 4369817.160820/17234.798456/4352582.362364/0.000009745
-58/200: 4369871.751634/17237.947813/4352633.803821/0.000012493
-59/200: 4369845.648116/17241.066493/4352604.581623/0.000005974
-60/200: 4369860.734245/17244.116504/4352616.617741/0.000003452
-61/200: 4369784.221873/17247.148576/4352537.073297/0.000017509
-62/200: 4369927.170071/17250.163958/4352677.006113/0.000032713
-63/200: 4369860.621582/17253.143751/4352607.477831/0.000015229
-64/200: 4370008.497851/17256.091786/4352752.406065/0.000033840
-65/200: 4370014.759679/17259.047580/4352755.712099/0.000001433
-66/200: 4370001.289497/17261.975717/4352739.313780/0.000003082
-67/200: 4369903.979665/17264.873121/4352639.106544/0.000022268
-68/200: 4369918.718556/17267.727649/4352650.990907/0.000003373
-69/200: 4369944.753744/17270.553941/4352674.199803/0.000005958
-70/200: 4369940.529153/17273.365961/4352667.163192/0.000000967
-71/200: 4370039.539511/17276.167892/4352763.371619/0.000022657
-72/200: 4369992.147420/17278.922629/4352713.224791/0.000010845
-73/200: 4370097.963924/17281.677358/4352816.286566/0.000024214
-74/200: 4370056.287204/17284.414991/4352771.872213/0.000009537
-75/200: 4370023.559292/17287.122945/4352736.436347/0.000007489
-76/200: 4370124.662652/17289.806510/4352834.856142/0.000023136
-77/200: 4370146.117946/17292.486484/4352853.631462/0.000004910
-78/200: 4370146.693158/17295.106550/4352851.586608/0.000000132
-79/200: 4370045.307093/17297.742809/4352747.564284/0.000023200
-80/200: 4370064.793316/17300.342239/4352764.451077/0.000004459
-81/200: 4370124.476415/17302.918498/4352821.557917/0.000013657
-82/200: 4370196.527643/17305.484329/4352891.043314/0.000016487
-83/200: 4370134.456036/17308.038092/4352826.417944/0.000014203
-84/200: 4370119.476756/17310.554545/4352808.922211/0.000003428
-85/200: 4370192.395882/17313.067945/4352879.327937/0.000016686
-86/200: 4370198.434899/17315.551208/4352882.883691/0.000001382
-87/200: 4370211.343296/17318.031782/4352893.311514/0.000002954
-88/200: 4370252.219914/17320.493399/4352931.726515/0.000009353
-89/200: 4370219.046418/17322.936497/4352896.109921/0.000007591
-90/200: 4370255.806851/17325.358073/4352930.448778/0.000008412
-91/200: 4370249.544012/17327.745943/4352921.798069/0.000001433
-92/200: 4370292.048081/17330.131728/4352961.916353/0.000009726
-93/200: 4370271.657910/17332.491347/4352939.166563/0.000004666
-94/200: 4370343.356912/17334.839786/4353008.517126/0.000016406
-95/200: 4370317.508979/17337.174832/4352980.334147/0.000005914
-96/200: 4370280.671474/17339.510874/4352941.160600/0.000008429
-97/200: 4370330.119501/17341.836445/4352988.283056/0.000011315
-98/200: 4370363.196403/17344.126026/4353019.070377/0.000007569
-99/200: 4370377.944079/17346.411391/4353031.532688/0.000003374
Recall at EP-100 ...
  Columns 1 through 7

    0.0010    0.0018    0.0025    0.0032    0.0040    0.0044    0.0050

  Columns 8 through 10

    0.0057    0.0063    0.0067

Mrr at EP-100 ...
   4.0246e-04

-100/200: 4370345.739199/17348.696704/4352997.042495/0.000007369
-101/200: 4370331.977923/17350.930986/4352981.046937/0.000003149
-102/200: 4370374.304245/17353.180709/4353021.123536/0.000009685
-103/200: 4370441.225336/17355.413501/4353085.811835/0.000015312
-104/200: 4370382.158798/17357.616821/4353024.541977/0.000013515
-105/200: 4370439.081634/17359.812790/4353079.268844/0.000013025
-106/200: 4370399.661325/17362.011689/4353037.649636/0.000009020
-107/200: 4370439.798079/17364.201353/4353075.596726/0.000009184
-108/200: 4370490.729781/17366.354103/4353124.375678/0.000011654
-109/200: 4370444.646200/17368.496613/4353076.149587/0.000010544
-110/200: 4370434.210368/17370.627242/4353063.583126/0.000002388
-111/200: 4370515.965221/17372.777379/4353143.187842/0.000018706
-112/200: 4370512.072837/17374.912816/4353137.160021/0.000000891
-113/200: 4370492.153232/17377.029898/4353115.123334/0.000004558
-114/200: 4370477.533865/17379.135148/4353098.398717/0.000003345
-115/200: 4370516.786812/17381.232078/4353135.554734/0.000008981
-116/200: 4370507.637541/17383.306888/4353124.330653/0.000002093
-117/200: 4370561.867979/17385.372471/4353176.495508/0.000012408
-118/200: 4370554.423678/17387.446888/4353166.976790/0.000001703
-119/200: 4370596.323600/17389.499794/4353206.823806/0.000009587
-120/200: 4370577.480886/17391.524029/4353185.956857/0.000004311
-121/200: 4370617.940078/17393.536232/4353224.403846/0.000009257
-122/200: 4370629.800927/17395.539691/4353234.261236/0.000002714
-123/200: 4370604.108294/17397.552907/4353206.555387/0.000005878
-124/200: 4370624.264037/17399.529793/4353224.734244/0.000004612
-125/200: 4370637.856859/17401.507097/4353236.349762/0.000003110
-126/200: 4370639.856526/17403.481434/4353236.375092/0.000000458
-127/200: 4370641.690591/17405.454699/4353236.235892/0.000000420
-128/200: 4370646.853493/17407.422538/4353239.430955/0.000001181
-129/200: 4370653.194882/17409.344464/4353243.850418/0.000001451
-130/200: 4370713.706342/17411.277605/4353302.428737/0.000013845
-131/200: 4370663.244555/17413.209609/4353250.034946/0.000011545
-132/200: 4370715.796729/17415.136387/4353300.660342/0.000012024
-133/200: 4370731.394100/17417.063001/4353314.331099/0.000003569
-134/200: 4370774.968144/17418.965611/4353356.002533/0.000009970
-135/200: 4370704.219425/17420.859816/4353283.359609/0.000016187
-136/200: 4370726.733971/17422.732729/4353304.001242/0.000005151
-137/200: 4370786.380411/17424.610788/4353361.769623/0.000013647
-138/200: 4370773.464560/17426.471492/4353346.993068/0.000002955
-139/200: 4370764.010385/17428.315526/4353335.694859/0.000002163
-140/200: 4370800.231892/17430.167334/4353370.064558/0.000008287
-141/200: 4370813.832831/17432.025673/4353381.807158/0.000003112
-142/200: 4370789.788774/17433.847214/4353355.941560/0.000005501
-143/200: 4370821.617838/17435.679432/4353385.938406/0.000007282
-144/200: 4370838.655655/17437.489251/4353401.166404/0.000003898
-145/200: 4370861.376911/17439.307725/4353422.069186/0.000005198
-146/200: 4370855.230855/17441.103943/4353414.126912/0.000001406
-147/200: 4370869.933397/17442.889098/4353427.044299/0.000003364
-148/200: 4370840.822193/17444.658109/4353396.164084/0.000006660
-149/200: 4370878.377656/17446.426710/4353431.950946/0.000008592
-150/200: 4370895.329509/17448.199627/4353447.129882/0.000003878
-151/200: 4370905.281997/17449.968869/4353455.313128/0.000002277
-152/200: 4370903.337307/17451.719362/4353451.617945/0.000000445
-153/200: 4370914.833019/17453.452251/4353461.380768/0.000002630
-154/200: 4370933.338435/17455.183449/4353478.154986/0.000004234
-155/200: 4370925.855878/17456.914233/4353468.941645/0.000001712
-156/200: 4370941.013764/17458.635264/4353482.378500/0.000003468
-157/200: 4370982.835524/17460.353344/4353522.482180/0.000009568
-158/200: 4370976.498715/17462.052330/4353514.446385/0.000001450
-159/200: 4370992.044577/17463.765743/4353528.278834/0.000003557
-160/200: 4371000.551454/17465.468252/4353535.083202/0.000001946
-161/200: 4370972.244566/17467.144500/4353505.100066/0.000006476
-162/200: 4370994.639717/17468.816160/4353525.823557/0.000005124
-163/200: 4371038.098392/17470.487224/4353567.611168/0.000009943
-164/200: 4371008.821439/17472.155931/4353536.665508/0.000006698
-165/200: 4371058.221636/17473.818398/4353584.403238/0.000011302
-166/200: 4371045.203775/17475.469819/4353569.733956/0.000002978
-167/200: 4371044.658147/17477.109906/4353567.548241/0.000000125
-168/200: 4371074.166489/17478.748396/4353595.418093/0.000006751
-169/200: 4371069.748942/17480.377688/4353589.371254/0.000001011
-170/200: 4371087.180168/17482.005582/4353605.174586/0.000003988
-171/200: 4371085.782715/17483.632696/4353602.150019/0.000000320
-172/200: 4371119.282029/17485.242843/4353634.039186/0.000007664
-173/200: 4371095.705914/17486.851572/4353608.854342/0.000005394
-174/200: 4371160.764034/17488.463200/4353672.300834/0.000014884
-175/200: 4371118.255427/17490.056780/4353628.198647/0.000009725
-176/200: 4371160.065378/17491.656600/4353668.408778/0.000009565
-177/200: 4371181.470413/17493.249219/4353688.221194/0.000004897
-178/200: 4371169.978560/17494.823351/4353675.155209/0.000002629
-179/200: 4371175.204913/17496.392846/4353678.812067/0.000001196
-180/200: 4371163.533160/17497.962623/4353665.570537/0.000002670
-181/200: 4371210.442408/17499.533961/4353710.908447/0.000010732
-182/200: 4371205.002903/17501.083423/4353703.919480/0.000001244
-183/200: 4371226.473625/17502.640247/4353723.833378/0.000004912
-184/200: 4371241.673978/17504.194384/4353737.479594/0.000003477
-185/200: 4371255.299225/17505.737274/4353749.561951/0.000003117
-186/200: 4371245.996608/17507.278149/4353738.718459/0.000002128
-187/200: 4371249.795476/17508.803994/4353740.991482/0.000000869
-188/200: 4371276.289955/17510.331699/4353765.958256/0.000006061
-189/200: 4371289.672374/17511.852414/4353777.819960/0.000003061
-190/200: 4371290.272424/17513.370317/4353776.902107/0.000000137
-191/200: 4371306.810749/17514.886592/4353791.924157/0.000003783
-192/200: 4371323.142450/17516.392400/4353806.750050/0.000003736
-193/200: 4371317.677040/17517.890380/4353799.786660/0.000001250
-194/200: 4371320.547222/17519.387778/4353801.159444/0.000000657
-195/200: 4371343.583318/17520.888859/4353822.694459/0.000005270
-196/200: 4371333.763593/17522.365706/4353811.397887/0.000002246
-197/200: 4371338.992192/17523.835937/4353815.156255/0.000001196
-198/200: 4371330.477726/17525.297890/4353805.179836/0.000001948
-199/200: 4371383.770947/17526.761942/4353857.009005/0.000012192
-200/200: 4371358.594478/17528.218663/4353830.375815/0.000005759
Start evaluating ...
  Columns 1 through 7

    0.0010    0.0018    0.0025    0.0032    0.0035    0.0040    0.0044

  Columns 8 through 10

    0.0049    0.0060    0.0065

   3.7899e-04

Elapsed time is 33027.588133 seconds.
