nohup: ignoring input

                            < M A T L A B (R) >
                  Copyright 1984-2016 The MathWorks, Inc.
                   R2016a (9.0.0.341360) 64-bit (glnxa64)
                             February 11, 2016

 
To get started, type one of these: helpwin, helpdesk, or demo.
For product information, visit www.mathworks.com.
 

	Academic License

Start learning ...
Init data [Dtype: delicious - Dspec: sp2/1050]
Init social model
Using adagrad ...
Load pretrained shallow-model...
Params [lbd-U: 100.0000|lbd-V: 0.0100|lbd-N: 100.0000|lbd-Q: 0.1000]
Staring Sample 2 - Loc: save/bcdl/delicious-alg61-sp2-cold20170224185237481 
CTR(chongwang)-DAE(User graph) Running - Walks(1)...
-1/200: 43582524.000000/4426.475632/43578096.000000/1.000000000
-2/200: 43523204.000000/2824.342357/43520380.000000/0.001361096
-3/200: 43521984.000000/2762.989713/43519220.000000/0.000028031
-4/200: 43522044.000000/2759.321814/43519284.000000/0.000001379
-5/200: 43520912.000000/2761.064830/43518152.000000/0.000026010
-6/200: 43520984.000000/2764.424706/43518220.000000/0.000001654
-7/200: 43523248.000000/2768.422702/43520480.000000/0.000052021
-8/200: 43523724.000000/2772.722700/43520952.000000/0.000010937
-9/200: 43523384.000000/2777.203619/43520608.000000/0.000007812
-10/200: 43523768.000000/2781.687202/43520988.000000/0.000008823
-11/200: 43523056.000000/2786.168448/43520268.000000/0.000016359
-12/200: 43522436.000000/2790.694725/43519644.000000/0.000014245
-13/200: 43523668.000000/2795.179862/43520872.000000/0.000028307
-14/200: 43524288.000000/2799.637571/43521488.000000/0.000014245
-15/200: 43523440.000000/2804.109753/43520636.000000/0.000019483
-16/200: 43523524.000000/2808.494610/43520716.000000/0.000001930
-17/200: 43524352.000000/2812.813347/43521540.000000/0.000019024
-18/200: 43525796.000000/2817.064584/43522980.000000/0.000033177
-19/200: 43524848.000000/2821.310639/43522028.000000/0.000021780
-20/200: 43525244.000000/2825.475807/43522420.000000/0.000009098
-21/200: 43524016.000000/2829.642790/43521188.000000/0.000028214
-22/200: 43525540.000000/2833.735678/43522708.000000/0.000035015
-23/200: 43526072.000000/2837.801606/43523236.000000/0.000012223
-24/200: 43526748.000000/2841.812484/43523908.000000/0.000015531
-25/200: 43525652.000000/2845.814547/43522808.000000/0.000025180
-26/200: 43525800.000000/2849.782771/43522952.000000/0.000003400
-27/200: 43525316.000000/2853.673377/43522464.000000/0.000011120
-28/200: 43527420.000000/2857.503498/43524564.000000/0.000048340
-29/200: 43527208.000000/2861.297410/43524348.000000/0.000004870
-30/200: 43526592.000000/2865.068598/43523728.000000/0.000014152
-31/200: 43526588.000000/2868.761435/43523720.000000/0.000000092
-32/200: 43527400.000000/2872.441594/43524528.000000/0.000018655
-33/200: 43525012.000000/2876.065873/43522136.000000/0.000054862
-34/200: 43527408.000000/2879.662692/43524528.000000/0.000055049
-35/200: 43525548.000000/2883.195740/43522664.000000/0.000042732
-36/200: 43527072.000000/2886.709161/43524184.000000/0.000035014
-37/200: 43527284.000000/2890.173965/43524392.000000/0.000004871
-38/200: 43526804.000000/2893.591399/43523912.000000/0.000011028
-39/200: 43527476.000000/2896.985097/43524580.000000/0.000015439
-40/200: 43527148.000000/2900.336674/43524248.000000/0.000007535
-41/200: 43528524.000000/2903.655858/43525620.000000/0.000031612
-42/200: 43528716.000000/2906.935536/43525808.000000/0.000004411
-43/200: 43528412.000000/2910.166661/43525500.000000/0.000006984
-44/200: 43528612.000000/2913.336469/43525700.000000/0.000004595
-45/200: 43528396.000000/2916.483767/43525480.000000/0.000004962
-46/200: 43528368.000000/2919.608412/43525448.000000/0.000000643
-47/200: 43529088.000000/2922.685215/43526164.000000/0.000016541
-48/200: 43529020.000000/2925.721310/43526096.000000/0.000001562
-49/200: 43527924.000000/2928.734088/43524996.000000/0.000025179
-50/200: 43528428.000000/2931.702231/43525496.000000/0.000011579
-51/200: 43528456.000000/2934.621422/43525520.000000/0.000000643
-52/200: 43529944.000000/2937.502731/43527008.000000/0.000034185
-53/200: 43528440.000000/2940.370400/43525500.000000/0.000034551
-54/200: 43529156.000000/2943.213712/43526212.000000/0.000016449
-55/200: 43529068.000000/2945.999353/43526124.000000/0.000002022
-56/200: 43529084.000000/2948.750879/43526136.000000/0.000000368
-57/200: 43529488.000000/2951.510595/43526536.000000/0.000009281
-58/200: 43530012.000000/2954.230027/43527056.000000/0.000012038
-59/200: 43529728.000000/2956.911321/43526772.000000/0.000006524
-60/200: 43529844.000000/2959.543369/43526884.000000/0.000002665
-61/200: 43529056.000000/2962.144862/43526092.000000/0.000018103
-62/200: 43530456.000000/2964.731394/43527492.000000/0.000032162
-63/200: 43529776.000000/2967.282627/43526808.000000/0.000015621
-64/200: 43531220.000000/2969.798237/43528252.000000/0.000033173
-65/200: 43531272.000000/2972.307039/43528300.000000/0.000001195
-66/200: 43531116.000000/2974.790416/43528140.000000/0.000003584
-67/200: 43530128.000000/2977.236725/43527152.000000/0.000022696
-68/200: 43530244.000000/2979.647372/43527264.000000/0.000002665
-69/200: 43530484.000000/2982.027588/43527500.000000/0.000005513
-70/200: 43530424.000000/2984.379736/43527440.000000/0.000001378
-71/200: 43531388.000000/2986.717011/43528400.000000/0.000022145
-72/200: 43530884.000000/2989.004718/43527896.000000/0.000011578
-73/200: 43531936.000000/2991.285210/43528944.000000/0.000024167
-74/200: 43531488.000000/2993.545756/43528496.000000/0.000010291
-75/200: 43531148.000000/2995.768042/43528152.000000/0.000007810
-76/200: 43532132.000000/2997.972578/43529136.000000/0.000022605
-77/200: 43532336.000000/3000.152466/43529336.000000/0.000004686
-78/200: 43532312.000000/3002.286426/43529308.000000/0.000000551
-79/200: 43531276.000000/3004.412488/43528272.000000/0.000023798
-80/200: 43531456.000000/3006.507265/43528448.000000/0.000004135
-81/200: 43532028.000000/3008.574068/43529020.000000/0.000013140
-82/200: 43532736.000000/3010.622641/43529724.000000/0.000016264
-83/200: 43532088.000000/3012.653650/43529076.000000/0.000014885
-84/200: 43531924.000000/3014.641886/43528908.000000/0.000003767
-85/200: 43532636.000000/3016.625690/43529620.000000/0.000016356
-86/200: 43532668.000000/3018.569070/43529648.000000/0.000000735
-87/200: 43532776.000000/3020.504796/43529756.000000/0.000002481
-88/200: 43533176.000000/3022.419869/43530152.000000/0.000009188
-89/200: 43532820.000000/3024.306849/43529796.000000/0.000008178
-90/200: 43533168.000000/3026.170927/43530140.000000/0.000007994
-91/200: 43533076.000000/3027.996440/43530048.000000/0.000002113
-92/200: 43533492.000000/3029.813223/43530464.000000/0.000009556
-93/200: 43533268.000000/3031.601369/43530236.000000/0.000005145
-94/200: 43533964.000000/3033.370506/43530932.000000/0.000015988
-95/200: 43533688.000000/3035.120855/43530652.000000/0.000006340
-96/200: 43533300.000000/3036.866327/43530264.000000/0.000008913
-97/200: 43533780.000000/3038.585489/43530740.000000/0.000011026
-98/200: 43534092.000000/3040.278875/43531052.000000/0.000007167
-99/200: 43534224.000000/3041.956931/43531184.000000/0.000003032
Recall at EP-100 ...
  Columns 1 through 7

    0.0187    0.0325    0.0438    0.0517    0.0579    0.0644    0.0704

  Columns 8 through 10

    0.0752    0.0798    0.0841

Mrr at EP-100 ...
    0.0058

-100/200: 43533892.000000/3043.622288/43530848.000000/0.000007626
-101/200: 43533728.000000/3045.246029/43530684.000000/0.000003767
-102/200: 43534140.000000/3046.869857/43531092.000000/0.000009464
-103/200: 43534784.000000/3048.473808/43531736.000000/0.000014793
-104/200: 43534172.000000/3050.046569/43531120.000000/0.000014058
-105/200: 43534716.000000/3051.605477/43531664.000000/0.000012496
-106/200: 43534320.000000/3053.159552/43531268.000000/0.000009096
-107/200: 43534704.000000/3054.695891/43531648.000000/0.000008821
-108/200: 43535184.000000/3056.202841/43532128.000000/0.000011026
-109/200: 43534704.000000/3057.693655/43531648.000000/0.000011026
-110/200: 43534596.000000/3059.171387/43531536.000000/0.000002481
-111/200: 43535400.000000/3060.639832/43532340.000000/0.000018468
-112/200: 43535340.000000/3062.100857/43532276.000000/0.000001378
-113/200: 43535132.000000/3063.535001/43532068.000000/0.000004778
-114/200: 43534964.000000/3064.956008/43531900.000000/0.000003859
-115/200: 43535348.000000/3066.363635/43532280.000000/0.000008820
-116/200: 43535228.000000/3067.748883/43532160.000000/0.000002756
-117/200: 43535756.000000/3069.115056/43532688.000000/0.000012128
-118/200: 43535676.000000/3070.481692/43532604.000000/0.000001838
-119/200: 43536068.000000/3071.823483/43532996.000000/0.000009004
-120/200: 43535852.000000/3073.142643/43532780.000000/0.000004961
-121/200: 43536256.000000/3074.441214/43533180.000000/0.000009280
-122/200: 43536356.000000/3075.725724/43533280.000000/0.000002297
-123/200: 43536096.000000/3077.003087/43533020.000000/0.000005972
-124/200: 43536264.000000/3078.256354/43533184.000000/0.000003859
-125/200: 43536384.000000/3079.499994/43533304.000000/0.000002756
-126/200: 43536388.000000/3080.734130/43533308.000000/0.000000092
Start evaluating ...
  Columns 1 through 7

    0.0189    0.0330    0.0436    0.0515    0.0585    0.0647    0.0702

  Columns 8 through 10

    0.0749    0.0797    0.0837

    0.0058

Elapsed time is 28318.733007 seconds.
