nohup: ignoring input

                            < M A T L A B (R) >
                  Copyright 1984-2016 The MathWorks, Inc.
                   R2016a (9.0.0.341360) 64-bit (glnxa64)
                             February 11, 2016

 
To get started, type one of these: helpwin, helpdesk, or demo.
For product information, visit www.mathworks.com.
 

	Academic License

Start learning ...
Init data [Dtype: delicious - Dspec: sp2/0550]
Init social model
Using adagrad ...
Params [lbd-U: 100.0000|lbd-V: 100.0000|lbd-N: 100.0000|lbd-Q: 0.1000]
Staring Sample 2 - Loc: save/ctrsmf/delicious-alg90-sp2-cold20170224185113441 
CTR-SMF Running ...

iter time likelihood converge
0001 000075 -5315896.84576 1.0000000000
0002 000145 -5157503.26539 0.0297962103
0003 000215 -5046216.96482 0.0215775531
0004 000284 -5011883.51234 0.0068038003
0005 000364 -4993658.45969 0.0036363680
0006 000433 -4979035.59062 0.0029282878
0007 000500 -4968925.83898 0.0020304638
0008 000568 -4962683.88716 0.0012561974
0009 000634 -4958446.74864 0.0008537998
0010 000701 -4955276.47776 0.0006393677
0011 000768 -4952703.35670 0.0005192689
0012 000835 -4950517.83002 0.0004412795
0013 000902 -4948622.85894 0.0003827824
0014 000961 -4946960.67326 0.0003358885
0015 001027 -4945490.37005 0.0002972134
0016 001093 -4944180.92740 0.0002647751
0017 001159 -4943007.76527 0.0002372814
0018 001239 -4941950.75198 0.0002138401
0019 001335 -4940993.07297 0.0001937856
0020 001430 -4940120.60258 0.0001765779
0021 001523 -4939321.49233 0.0001617593
0022 001618 -4938585.82172 0.0001489416
0023 001715 -4937905.26422 0.0001378041
0024 001820 -4937272.77365 0.0001280888
0025 001907 -4936682.32952 0.0001195891
0026 001993 -4936128.75841 0.0001121342
0027 002088 -4935607.60587 0.0001055792
0028 002179 -4935115.03167 0.0000998001
0029 002267 -4934647.73144 0.0000946888
0030 002352 -4934202.90052 0.0000901444
0031 002441 -4933778.23190 0.0000860663
0032 002528 -4933371.92399 0.0000823523
0033 002613 -4932982.69656 0.0000788968
0034 002690 -4932609.82069 0.0000755883
0035 002767 -4932253.02712 0.0000723336
0036 002844 -4931912.22514 0.0000690966
0037 002920 -4931587.28770 0.0000658847
0038 002998 -4931278.12175 0.0000626910
0039 003071 -4930984.56732 0.0000595291
0040 003144 -4930706.25704 0.0000564411
0041 003217 -4930442.94382 0.0000534027
0042 003291 -4930194.27948 0.0000504345
0043 003358 -4929959.56723 0.0000476071
0044 003431 -4929738.24627 0.0000448931
0045 003504 -4929529.90163 0.0000422628
0046 003579 -4929334.05877 0.0000397285
0047 003649 -4929150.13431 0.0000373122
0048 003719 -4928977.49154 0.0000350249
0049 003789 -4928815.50115 0.0000328649
0050 003857 -4928663.56868 0.0000308254
0051 003925 -4928521.11456 0.0000289032
0052 003994 -4928387.59424 0.0000270914
0053 004063 -4928262.63136 0.0000253557
0054 004131 -4928145.99941 0.0000236659
0055 004198 -4928037.44075 0.0000220283
0056 004266 -4927936.59945 0.0000204628
0057 004332 -4927842.95671 0.0000190024
0058 004398 -4927755.81613 0.0000176833
0059 004466 -4927674.39390 0.0000165232
0060 004518 -4927597.93456 0.0000155163
0061 004582 -4927525.80381 0.0000146381
0062 004647 -4927457.55690 0.0000138501
0063 004713 -4927392.95436 0.0000131107
0064 004778 -4927331.90525 0.0000123897
0065 004845 -4927274.34113 0.0000116826
0066 004913 -4927220.13723 0.0000110008
0067 004980 -4927169.34977 0.0000103075
0068 005049 -4927122.09804 0.0000095900
Start evaluating ...
  Columns 1 through 7

    0.0048    0.0100    0.0132    0.0163    0.0188    0.0212    0.0232

  Columns 8 through 10

    0.0250    0.0272    0.0290

    0.0016

Elapsed time is 5133.093328 seconds.
