nohup: ignoring input

                            < M A T L A B (R) >
                  Copyright 1984-2016 The MathWorks, Inc.
                   R2016a (9.0.0.341360) 64-bit (glnxa64)
                             February 11, 2016

 
To get started, type one of these: helpwin, helpdesk, or demo.
For product information, visit www.mathworks.com.
 

	Academic License

Start learning ...
Init data [Dtype: delicious - Dspec: sp2/2550]
Init social model
Using adagrad ...
Load pretrained shallow-model...
Params [lbd-U: 10.0000|lbd-V: 1.0000|lbd-N: 10.0000|lbd-Q: 0.0500]
Staring Sample 2 - Loc: save/bcdl/delicious-alg61-sp2-cold20170225193335490 
CTR(chongwang)-DAE(User graph) Running - Walks(1)...
-1/200: 4373178.846099/15369.035562/4357809.810537/1.000000000
-2/200: 4365228.042119/13451.296295/4351776.745824/0.001818083
-3/200: 4365091.633639/13204.519162/4351887.114477/0.000031249
-4/200: 4364659.164461/12752.384351/4351906.780110/0.000099074
-5/200: 4364268.030251/12472.426026/4351795.604225/0.000089614
-6/200: 4364197.424296/12394.829831/4351802.594465/0.000016178
-7/200: 4364399.462843/12371.731701/4352027.731142/0.000046295
-8/200: 4364437.369912/12361.551243/4352075.818669/0.000008686
-9/200: 4364397.893489/12355.924195/4352041.969294/0.000009045
-10/200: 4364431.985146/12352.506271/4352079.478875/0.000007811
-11/200: 4364358.898024/12350.443790/4352008.454234/0.000016746
-12/200: 4364295.481480/12349.327826/4351946.153654/0.000014531
-13/200: 4364418.172081/12348.872164/4352069.299917/0.000028112
-14/200: 4364480.083696/12348.906395/4352131.177301/0.000014186
-15/200: 4364394.802709/12349.327558/4352045.475151/0.000019540
-16/200: 4364404.233219/12350.004466/4352054.228753/0.000002161
-17/200: 4364487.524036/12350.878840/4352136.645196/0.000019084
-18/200: 4364631.870753/12351.899326/4352279.971427/0.000033073
-19/200: 4364538.904523/12353.045719/4352185.858804/0.000021300
-20/200: 4364578.429139/12354.263900/4352224.165239/0.000009056
-21/200: 4364457.739642/12355.559746/4352102.179896/0.000027652
-22/200: 4364611.349128/12356.881207/4352254.467921/0.000035196
-23/200: 4364665.340020/12358.230485/4352307.109535/0.000012370
-24/200: 4364733.922222/12359.587121/4352374.335101/0.000015713
-25/200: 4364625.264907/12360.959794/4352264.305113/0.000024894
-26/200: 4364641.619137/12362.324970/4352279.294167/0.000003747
-27/200: 4364594.182975/12363.665766/4352230.517209/0.000010868
-28/200: 4364805.720039/12364.982538/4352440.737501/0.000048467
-29/200: 4364785.544326/12366.281214/4352419.263112/0.000004622
-30/200: 4364724.972590/12367.563491/4352357.409099/0.000013877
-31/200: 4364725.504394/12368.803708/4352356.700686/0.000000122
-32/200: 4364808.135673/12370.027997/4352438.107676/0.000018932
-33/200: 4364570.799774/12371.216471/4352199.583303/0.000054375
-34/200: 4364810.638913/12372.384038/4352438.254875/0.000054951
-35/200: 4364625.608830/12373.512192/4352252.096638/0.000042391
-36/200: 4364778.954414/12374.621591/4352404.332823/0.000035134
-37/200: 4364800.353814/12375.699318/4352424.654496/0.000004903
-38/200: 4364754.063691/12376.744584/4352377.319107/0.000010605
-39/200: 4364821.598066/12377.767302/4352443.830764/0.000015473
-40/200: 4364789.672138/12378.763738/4352410.908400/0.000007314
-41/200: 4364927.941884/12379.741043/4352548.200841/0.000031678
-42/200: 4364947.100079/12380.692477/4352566.407602/0.000004389
-43/200: 4364917.933702/12381.617367/4352536.316335/0.000006682
-44/200: 4364938.411290/12382.510517/4352555.900773/0.000004691
-45/200: 4364918.030393/12383.386808/4352534.643585/0.000004669
-46/200: 4364916.166777/12384.249815/4352531.916962/0.000000427
-47/200: 4364988.176541/12385.087828/4352603.088713/0.000016497
-48/200: 4364983.076492/12385.908050/4352597.168442/0.000001168
-49/200: 4364874.423590/12386.718332/4352487.705258/0.000024892
-50/200: 4364923.919391/12387.509984/4352536.409407/0.000011340
-51/200: 4364927.911242/12388.281831/4352539.629411/0.000000915
-52/200: 4365077.436076/12389.038429/4352688.397647/0.000034256
-53/200: 4364927.728765/12389.791428/4352537.937337/0.000034297
-54/200: 4364999.929370/12390.536252/4352609.393118/0.000016541
-55/200: 4364991.564209/12391.264189/4352600.300020/0.000001916
-56/200: 4364993.351487/12391.977527/4352601.373960/0.000000409
-57/200: 4365034.312220/12392.696890/4352641.615330/0.000009384
-58/200: 4365087.989590/12393.405631/4352694.583959/0.000012297
-59/200: 4365058.978220/12394.103767/4352664.874453/0.000006646
-60/200: 4365072.170833/12394.783156/4352677.387677/0.000003022
-61/200: 4364993.415241/12395.458775/4352597.956466/0.000018042
-62/200: 4365135.136338/12396.130553/4352739.005785/0.000032468
-63/200: 4365066.772949/12396.794360/4352669.978589/0.000015661
-64/200: 4365212.547473/12397.447402/4352815.100071/0.000033396
-65/200: 4365217.797645/12398.101570/4352819.696075/0.000001203
-66/200: 4365202.506615/12398.752368/4352803.754247/0.000003503
-67/200: 4365103.634468/12399.391633/4352704.242835/0.000022650
-68/200: 4365115.437877/12400.019917/4352715.417960/0.000002704
-69/200: 4365140.604884/12400.642880/4352739.962004/0.000005765
-70/200: 4365134.760525/12401.257307/4352733.503218/0.000001339
-71/200: 4365231.669195/12401.871384/4352829.797811/0.000022201
-72/200: 4365182.562809/12402.468618/4352780.094191/0.000011249
-73/200: 4365287.301347/12403.065826/4352884.235521/0.000023994
-74/200: 4365243.812363/12403.660028/4352840.152335/0.000009962
-75/200: 4365209.546317/12404.245088/4352805.301229/0.000007850
-76/200: 4365308.578746/12404.823931/4352903.754815/0.000022687
-77/200: 4365329.264527/12405.396828/4352923.867699/0.000004739
-78/200: 4365327.138513/12405.957431/4352921.181082/0.000000487
-79/200: 4365225.080131/12406.516571/4352818.563560/0.000023379
-80/200: 4365242.398439/12407.064113/4352835.334326/0.000003967
-81/200: 4365299.682142/12407.608522/4352892.073620/0.000013123
-82/200: 4365371.756420/12408.145123/4352963.611297/0.000016511
-83/200: 4365307.217097/12408.677521/4352898.539576/0.000014784
-84/200: 4365290.806028/12409.197816/4352881.608212/0.000003759
-85/200: 4365361.870174/12409.716410/4352952.153764/0.000016279
-86/200: 4365366.537244/12410.225928/4352956.311316/0.000001069
-87/200: 4365378.188537/12410.732688/4352967.455849/0.000002669
-88/200: 4365418.223397/12411.235368/4353006.988029/0.000009171
-89/200: 4365382.650404/12411.728263/4352970.922141/0.000008149
-90/200: 4365418.284782/12412.215802/4353006.068980/0.000008163
-91/200: 4365409.757872/12412.692108/4352997.065764/0.000001953
-92/200: 4365451.651974/12413.165980/4353038.485994/0.000009597
-93/200: 4365429.502250/12413.633186/4353015.869064/0.000005074
-94/200: 4365499.795062/12414.092904/4353085.702158/0.000016102
-95/200: 4365473.029135/12414.548757/4353058.480378/0.000006131
-96/200: 4365433.403077/12415.004479/4353018.398598/0.000009077
-97/200: 4365481.777549/12415.453082/4353066.324467/0.000011081
-98/200: 4365513.635958/12415.892983/4353097.742975/0.000007298
-99/200: 4365527.704492/12416.328180/4353111.376312/0.000003223
Recall at EP-100 ...
  Columns 1 through 7

    0.0257    0.0396    0.0499    0.0574    0.0645    0.0706    0.0753

  Columns 8 through 10

    0.0801    0.0845    0.0884

Mrr at EP-100 ...
    0.0067

-100/200: 4365493.847693/12416.762617/4353077.085076/0.000007755
-101/200: 4365477.706539/12417.181940/4353060.524599/0.000003697
-102/200: 4365518.737192/12417.602933/4353101.134259/0.000009399
-103/200: 4365584.923125/12418.018745/4353166.904380/0.000015161
-104/200: 4365524.326327/12418.425413/4353105.900914/0.000013881
-105/200: 4365579.472764/12418.828402/4353160.644362/0.000012632
-106/200: 4365539.529247/12419.231208/4353120.298039/0.000009150
-107/200: 4365577.497601/12419.630410/4353157.867191/0.000008697
-108/200: 4365627.675565/12420.018204/4353207.657361/0.000011494
-109/200: 4365578.487240/12420.402593/4353158.084647/0.000011267
-110/200: 4365568.238537/12420.782614/4353147.455923/0.000002348
-111/200: 4365648.214715/12421.163666/4353227.051049/0.000018320
-112/200: 4365642.753469/12421.538729/4353221.214740/0.000001251
-113/200: 4365622.192644/12421.908936/4353200.283708/0.000004710
-114/200: 4365606.123979/12422.275847/4353183.848132/0.000003681
-115/200: 4365643.294796/12422.636457/4353220.658339/0.000008514
-116/200: 4365633.287645/12422.994432/4353210.293213/0.000002292
-117/200: 4365686.376619/12423.342217/4353263.034402/0.000012161
-118/200: 4365677.944739/12423.695851/4353254.248888/0.000001931
-119/200: 4365717.302123/12424.039686/4353293.262437/0.000009015
-120/200: 4365696.827810/12424.376372/4353272.451438/0.000004690
-121/200: 4365737.686346/12424.709649/4353312.976697/0.000009359
-122/200: 4365746.973855/12425.039066/4353321.934789/0.000002127
-123/200: 4365721.257755/12425.364321/4353295.893434/0.000005890
-124/200: 4365738.815594/12425.683846/4353313.131748/0.000004022
-125/200: 4365750.018926/12425.999349/4353324.019577/0.000002566
-126/200: 4365751.597783/12426.315134/4353325.282649/0.000000362
-127/200: 4365752.183894/12426.628132/4353325.555762/0.000000134
-128/200: 4365756.581010/12426.936270/4353329.644740/0.000001007
-129/200: 4365760.393479/12427.235274/4353333.158205/0.000000873
-130/200: 4365821.095418/12427.534314/4353393.561104/0.000013904
-131/200: 4365768.623113/12427.830375/4353340.792738/0.000012019
-132/200: 4365820.732340/12428.123238/4353392.609102/0.000011936
-133/200: 4365835.005254/12428.416545/4353406.588709/0.000003269
-134/200: 4365877.561116/12428.701002/4353448.860114/0.000009747
-135/200: 4365803.584907/12428.983819/4353374.601088/0.000016944
-136/200: 4365826.190429/12429.260723/4353396.929706/0.000005178
-137/200: 4365885.123268/12429.535828/4353455.587440/0.000013499
-138/200: 4365870.726682/12429.805457/4353440.921225/0.000003298
-139/200: 4365859.826709/12430.071010/4353429.755699/0.000002497
-140/200: 4365894.936416/12430.334493/4353464.601923/0.000008042
-141/200: 4365907.950150/12430.598544/4353477.351606/0.000002981
-142/200: 4365881.535209/12430.855643/4353450.679566/0.000006050
-143/200: 4365912.297471/12431.111590/4353481.185881/0.000007046
-144/200: 4365927.918842/12431.361840/4353496.557002/0.000003578
-145/200: 4365949.723270/12431.612508/4353518.110762/0.000004994
-146/200: 4365941.128181/12431.857236/4353509.270945/0.000001969
-147/200: 4365955.058888/12432.097902/4353522.960986/0.000003191
-148/200: 4365923.935976/12432.334752/4353491.601224/0.000007129
-149/200: 4365960.865756/12432.568850/4353528.296906/0.000008459
-150/200: 4365977.545104/12432.801714/4353544.743390/0.000003820
-151/200: 4365986.123776/12433.033384/4353553.090392/0.000001965
-152/200: 4365982.060103/12433.261124/4353548.798979/0.000000931
-153/200: 4365992.254114/12433.484338/4353558.769776/0.000002335
-154/200: 4366009.949379/12433.703175/4353576.246204/0.000004053
-155/200: 4366001.437907/12433.921456/4353567.516451/0.000001949
-156/200: 4366015.917684/12434.135201/4353581.782483/0.000003316
-157/200: 4366057.238114/12434.351615/4353622.886499/0.000009464
-158/200: 4366048.404095/12434.560797/4353613.843298/0.000002023
-159/200: 4366062.742534/12434.770556/4353627.971978/0.000003284
-160/200: 4366071.162171/12434.975186/4353636.186985/0.000001928
-161/200: 4366039.097110/12435.177131/4353603.919979/0.000007344
-162/200: 4366060.704197/12435.375559/4353625.328638/0.000004949
-163/200: 4366105.304057/12435.573425/4353669.730632/0.000010215
-164/200: 4366074.660502/12435.769717/4353638.890785/0.000007019
-165/200: 4366121.265618/12435.962674/4353685.302944/0.000010674
-166/200: 4366107.313372/12436.152781/4353671.160591/0.000003196
-167/200: 4366105.814247/12436.338551/4353669.475696/0.000000343
-168/200: 4366133.685312/12436.525705/4353697.159607/0.000006384
-169/200: 4366127.905642/12436.709669/4353691.195973/0.000001324
-170/200: 4366144.939065/12436.889954/4353708.049111/0.000003901
-171/200: 4366143.788229/12437.068549/4353706.719680/0.000000264
-172/200: 4366175.125750/12437.242751/4353737.882999/0.000007177
-173/200: 4366148.828915/12437.418461/4353711.410454/0.000006023
-174/200: 4366214.865756/12437.590697/4353777.275059/0.000015125
-175/200: 4366169.882019/12437.760231/4353732.121788/0.000010303
-176/200: 4366211.385780/12437.929828/4353773.455952/0.000009506
-177/200: 4366232.980171/12438.096084/4353794.884087/0.000004946
-178/200: 4366218.109043/12438.259283/4353779.849760/0.000003406
-179/200: 4366223.696440/12438.420046/4353785.276394/0.000001280
-180/200: 4366209.206659/12438.579234/4353770.627425/0.000003319
-181/200: 4366257.330811/12438.739209/4353818.591602/0.000011022
-182/200: 4366248.631204/12438.894025/4353809.737179/0.000001992
-183/200: 4366270.929921/12439.047659/4353831.882262/0.000005107
-184/200: 4366283.259115/12439.202730/4353844.056385/0.000002824
-185/200: 4366297.108216/12439.353303/4353857.754913/0.000003172
-186/200: 4366285.461945/12439.502794/4353845.959151/0.000002667
-187/200: 4366287.054709/12439.647925/4353847.406784/0.000000365
-188/200: 4366313.366873/12439.792119/4353873.574754/0.000006026
-189/200: 4366327.163588/12439.935864/4353887.227724/0.000003160
-190/200: 4366325.416132/12440.078094/4353885.338038/0.000000400
-191/200: 4366341.684508/12440.217516/4353901.466992/0.000003726
-192/200: 4366356.480479/12440.355706/4353916.124773/0.000003389
-193/200: 4366349.258286/12440.490642/4353908.767644/0.000001654
-194/200: 4366351.412763/12440.626760/4353910.786003/0.000000493
-195/200: 4366375.098502/12440.760600/4353934.337902/0.000005425
-196/200: 4366360.585292/12440.888655/4353919.696637/0.000003324
-197/200: 4366366.952544/12441.016404/4353925.936140/0.000001458
-198/200: 4366353.804055/12441.144158/4353912.659897/0.000003011
-199/200: 4366409.196717/12441.268517/4353967.928200/0.000012686
-200/200: 4366382.428697/12441.383085/4353941.045612/0.000006130
Start evaluating ...
  Columns 1 through 7

    0.0254    0.0400    0.0494    0.0578    0.0648    0.0701    0.0760

  Columns 8 through 10

    0.0807    0.0854    0.0895

    0.0067

Elapsed time is 33155.001913 seconds.
