nohup: ignoring input

                            < M A T L A B (R) >
                  Copyright 1984-2016 The MathWorks, Inc.
                   R2016a (9.0.0.341360) 64-bit (glnxa64)
                             February 11, 2016

 
To get started, type one of these: helpwin, helpdesk, or demo.
For product information, visit www.mathworks.com.
 

	Academic License

Start learning ...
Init data [Dtype: delicious - Dspec: sp2/2550]
Init social model
Using adagrad ...
Load pretrained shallow-model...
Params [lbd-U: 1.0000|lbd-V: 0.1000|lbd-N: 1.0000|lbd-Q: 0.0500]
Staring Sample 2 - Loc: save/bcdl/delicious-alg61-sp2-cold20170225193336185 
CTR(chongwang)-DAE(User graph) Running - Walks(1)...
-1/200: 451297.128078/15516.147024/435780.981054/1.000000000
-2/200: 438679.239083/3609.651890/435069.587193/0.027959161
-3/200: 438272.862953/3122.264433/435150.598520/0.000926363
-4/200: 438148.895071/2967.839527/435181.055544/0.000282855
-5/200: 438054.459422/2883.056733/435171.402689/0.000215533
-6/200: 438005.363244/2833.308777/435172.054467/0.000112078
-7/200: 437996.548826/2802.600966/435193.947860/0.000020124
-8/200: 437981.767981/2782.773326/435198.994655/0.000033746
-9/200: 437965.196629/2769.403834/435195.792795/0.000037836
-10/200: 437959.297112/2759.995011/435199.302101/0.000013470
-11/200: 437945.586703/2753.093501/435192.493202/0.000031305
-12/200: 437934.286708/2747.835464/435186.451244/0.000025802
-13/200: 437942.558178/2743.688480/435198.869698/0.000018887
-14/200: 437944.812863/2740.323922/435204.488941/0.000005148
-15/200: 437933.662814/2737.530572/435196.132242/0.000025460
-16/200: 437933.084507/2735.164498/435197.920009/0.000001321
-17/200: 437938.739233/2733.131487/435205.607746/0.000012912
-18/200: 437950.887747/2731.364341/435219.523406/0.000027740
-19/200: 437940.835233/2729.815717/435211.019516/0.000022954
-20/200: 437942.884627/2728.447587/435214.437040/0.000004680
-21/200: 437929.673263/2727.234259/435202.439004/0.000030167
-22/200: 437943.588980/2726.150618/435217.438362/0.000031776
-23/200: 437948.454019/2725.180112/435223.273907/0.000011109
-24/200: 437953.941145/2724.306995/435229.634150/0.000012529
-25/200: 437942.234051/2723.521079/435218.712972/0.000026731
-26/200: 437943.469166/2722.810713/435220.658453/0.000002820
-27/200: 437937.835102/2722.166268/435215.668834/0.000012865
-28/200: 437958.106588/2721.579606/435236.526982/0.000046289
-29/200: 437955.597284/2721.046094/435234.551190/0.000005730
-30/200: 437948.723982/2720.560546/435228.163436/0.000015694
-31/200: 437949.041452/2720.114498/435228.926954/0.000000725
-32/200: 437956.534891/2719.707582/435236.827309/0.000017110
-33/200: 437932.714092/2719.334438/435213.379654/0.000054391
-34/200: 437955.963907/2718.992011/435236.971896/0.000053090
-35/200: 437937.605032/2718.676435/435218.928597/0.000041919
-36/200: 437952.607358/2718.386129/435234.221229/0.000034257
-37/200: 437954.389672/2718.118715/435236.270957/0.000004070
-38/200: 437949.303679/2717.871519/435231.432160/0.000011613
-39/200: 437955.726628/2717.643547/435238.083081/0.000014666
-40/200: 437952.366001/2717.432587/435234.933414/0.000007673
-41/200: 437965.541780/2717.238256/435248.303524/0.000030085
-42/200: 437967.689828/2717.057652/435250.632176/0.000004905
-43/200: 437964.505031/2716.890122/435247.614909/0.000007272
-44/200: 437966.659521/2716.732954/435249.926567/0.000004919
-45/200: 437964.207978/2716.588737/435247.619241/0.000005598
-46/200: 437964.313058/2716.454695/435247.858363/0.000000240
-47/200: 437971.332539/2716.329532/435255.003007/0.000016028
-48/200: 437970.602146/2716.213293/435254.388853/0.000001668
-49/200: 437960.288743/2716.105927/435244.182816/0.000023548
-50/200: 437964.212628/2716.005329/435248.207299/0.000008959
-51/200: 437964.744602/2715.911128/435248.833474/0.000001215
-52/200: 437979.450307/2715.823893/435263.626414/0.000033577
-53/200: 437964.856513/2715.743410/435249.113103/0.000033321
-54/200: 437971.446713/2715.669810/435255.776903/0.000015047
-55/200: 437971.020107/2715.599763/435255.420344/0.000000974
-56/200: 437970.719557/2715.535269/435255.184288/0.000000686
-57/200: 437975.089967/2715.477209/435259.612758/0.000009979
-58/200: 437980.450756/2715.423122/435265.027634/0.000012240
-59/200: 437977.167220/2715.373728/435261.793492/0.000007497
-60/200: 437978.894021/2715.327221/435263.566800/0.000003943
-61/200: 437970.961064/2715.284199/435255.676865/0.000018113
-62/200: 437984.787346/2715.245621/435269.541725/0.000031569
-63/200: 437978.103134/2715.210626/435262.892508/0.000015261
-64/200: 437992.693258/2715.178322/435277.514936/0.000033312
-65/200: 437993.521217/2715.150254/435278.370963/0.000001890
-66/200: 437991.784893/2715.125340/435276.659553/0.000003964
-67/200: 437981.841843/2715.102529/435266.739314/0.000022701
-68/200: 437983.041428/2715.082016/435267.959412/0.000002739
-69/200: 437985.486845/2715.064024/435270.422821/0.000005583
-70/200: 437985.035900/2715.048007/435269.987893/0.000001030
-71/200: 437994.550086/2715.035005/435279.515081/0.000021723
-72/200: 437989.504173/2715.022794/435274.481379/0.000011520
-73/200: 438000.514791/2715.013283/435285.501508/0.000025139
-74/200: 437995.765088/2715.006221/435280.758867/0.000010844
-75/200: 437992.414208/2715.000464/435277.413744/0.000007650
-76/200: 438002.381409/2714.996002/435287.385407/0.000022757
-77/200: 438004.645541/2714.993782/435289.651759/0.000005169
-78/200: 438004.497975/2714.991320/435289.506655/0.000000337
-79/200: 437994.513853/2714.991537/435279.522316/0.000022795
-80/200: 437995.832554/2714.992059/435280.840495/0.000003011
-81/200: 438001.273546/2714.994536/435286.279010/0.000012422
-82/200: 438009.346339/2714.998135/435294.348204/0.000018431
-83/200: 438002.396187/2715.002665/435287.393522/0.000015868
-84/200: 438000.859532/2715.007768/435285.851764/0.000003508
-85/200: 438008.184741/2715.014241/435293.170500/0.000016724
-86/200: 438008.837417/2715.020856/435293.816561/0.000001490
-87/200: 438009.870973/2715.029011/435294.841962/0.000002360
-88/200: 438014.018904/2715.038177/435298.980727/0.000009470
-89/200: 438010.487879/2715.047809/435295.440070/0.000008061
-90/200: 438013.832027/2715.058193/435298.773834/0.000007635
-91/200: 438013.069090/2715.068300/435298.000790/0.000001742
-92/200: 438017.373389/2715.079278/435302.294111/0.000009827
-93/200: 438015.173203/2715.090821/435300.082382/0.000005023
-94/200: 438022.279939/2715.102784/435307.177155/0.000016225
-95/200: 438019.812565/2715.115236/435304.697329/0.000005633
-96/200: 438015.732651/2715.128832/435300.603819/0.000009314
-97/200: 438020.625408/2715.142861/435305.482547/0.000011170
-98/200: 438023.931743/2715.156937/435308.774806/0.000007548
-99/200: 438025.456777/2715.171859/435310.284918/0.000003482
Recall at EP-100 ...
  Columns 1 through 7

    0.0744    0.0943    0.1047    0.1143    0.1242    0.1353    0.1485

  Columns 8 through 10

    0.1611    0.1726    0.1827

Mrr at EP-100 ...
    0.0174

-100/200: 438021.969743/2715.187275/435306.782468/0.000007961
-101/200: 438020.168724/2715.201392/435304.967332/0.000004112
-102/200: 438024.572474/2715.216938/435309.355536/0.000010054
-103/200: 438031.017412/2715.232960/435315.784452/0.000014714
-104/200: 438025.254119/2715.248530/435310.005589/0.000013157
-105/200: 438031.032893/2715.264695/435315.768198/0.000013193
-106/200: 438027.016609/2715.281499/435311.735110/0.000009169
-107/200: 438030.812676/2715.299146/435315.513530/0.000008666
-108/200: 438036.191098/2715.315219/435320.875879/0.000012279
-109/200: 438031.097703/2715.331789/435315.765914/0.000011628
-110/200: 438030.096069/2715.348936/435314.747133/0.000002287
-111/200: 438037.995928/2715.367345/435322.628583/0.000018035
-112/200: 438037.545595/2715.385769/435322.159826/0.000001028
-113/200: 438035.821757/2715.403500/435320.418257/0.000003935
-114/200: 438033.909892/2715.421949/435318.487943/0.000004365
-115/200: 438037.540593/2715.440045/435322.100548/0.000008289
-116/200: 438036.940622/2715.457941/435321.482681/0.000001370
-117/200: 438042.325961/2715.476174/435326.849787/0.000012294
-118/200: 438041.404219/2715.495204/435325.909015/0.000002104
-119/200: 438045.535936/2715.513663/435330.022273/0.000009432
-120/200: 438043.679206/2715.531820/435328.147386/0.000004239
-121/200: 438047.801424/2715.549862/435332.251562/0.000009411
-122/200: 438048.730639/2715.567486/435333.163153/0.000002121
-123/200: 438046.092040/2715.586290/435330.505750/0.000006024
-124/200: 438048.026059/2715.604127/435332.421932/0.000004415
-125/200: 438049.055613/2715.622171/435333.433442/0.000002350
-126/200: 438049.243434/2715.640613/435333.602821/0.000000429
-127/200: 438049.324775/2715.659435/435333.665340/0.000000186
-128/200: 438049.940911/2715.678308/435334.262603/0.000001407
-129/200: 438050.489507/2715.695616/435334.793891/0.000001252
-130/200: 438056.701859/2715.713371/435340.988488/0.000014182
-131/200: 438051.279933/2715.731596/435335.548337/0.000012377
-132/200: 438056.867478/2715.750081/435341.117397/0.000012755
-133/200: 438058.236205/2715.769454/435342.466751/0.000003125
-134/200: 438062.635068/2715.787328/435346.847740/0.000010042
-135/200: 438054.927167/2715.806060/435339.121107/0.000017595
-136/200: 438057.508333/2715.823478/435341.684855/0.000005892
-137/200: 438063.562796/2715.841273/435347.721523/0.000013821
-138/200: 438062.260291/2715.858870/435346.401421/0.000002973
-139/200: 438061.170977/2715.876047/435345.294930/0.000002487
-140/200: 438064.658665/2715.893433/435348.765232/0.000007962
-141/200: 438066.171280/2715.911587/435350.259693/0.000003453
-142/200: 438063.516049/2715.928837/435347.587212/0.000006061
-143/200: 438066.448450/2715.946468/435350.501982/0.000006694
-144/200: 438068.579795/2715.963508/435352.616287/0.000004865
-145/200: 438070.555185/2715.981069/435354.574116/0.000004509
-146/200: 438069.591478/2715.997915/435353.593563/0.000002200
-147/200: 438071.311499/2716.014825/435355.296674/0.000003926
-148/200: 438067.869205/2716.030931/435351.838274/0.000007858
-149/200: 438071.788523/2716.046998/435355.741525/0.000008947
-150/200: 438073.448368/2716.064067/435357.384301/0.000003789
-151/200: 438074.529572/2716.080471/435358.449101/0.000002468
-152/200: 438074.268159/2716.096860/435358.171299/0.000000597
-153/200: 438075.176578/2716.112456/435359.064122/0.000002074
-154/200: 438077.112633/2716.128161/435360.984472/0.000004419
-155/200: 438076.194040/2716.144003/435360.050037/0.000002097
-156/200: 438077.647520/2716.159946/435361.487574/0.000003318
-157/200: 438082.005565/2716.175743/435365.829822/0.000009948
-158/200: 438081.351585/2716.191081/435365.160504/0.000001493
-159/200: 438082.771431/2716.206680/435366.564751/0.000003241
-160/200: 438083.612501/2716.222349/435367.390152/0.000001920
-161/200: 438080.247014/2716.237176/435364.009838/0.000007682
-162/200: 438082.812595/2716.251683/435366.560912/0.000005856
-163/200: 438087.688763/2716.266376/435371.422387/0.000011131
-164/200: 438083.896141/2716.281555/435367.614586/0.000008657
-165/200: 438088.984957/2716.296331/435372.688626/0.000011616
-166/200: 438087.606500/2716.310701/435371.295799/0.000003147
-167/200: 438087.538403/2716.324767/435371.213636/0.000000155
-168/200: 438090.235305/2716.339220/435373.896085/0.000006156
-169/200: 438089.897884/2716.353210/435373.544674/0.000000770
-170/200: 438091.532886/2716.367337/435375.165549/0.000003732
-171/200: 438091.935034/2716.381083/435375.553951/0.000000918
-172/200: 438094.809793/2716.394439/435378.415354/0.000006562
-173/200: 438091.885209/2716.408366/435375.476843/0.000006676
-174/200: 438099.104195/2716.422232/435382.681963/0.000016478
-175/200: 438094.367191/2716.435482/435377.931709/0.000010813
-176/200: 438098.868462/2716.448910/435382.419552/0.000010275
-177/200: 438100.855938/2716.462636/435384.393302/0.000004537
-178/200: 438099.372011/2716.475343/435382.896668/0.000003387
-179/200: 438100.463285/2716.488132/435383.975153/0.000002491
-180/200: 438098.370360/2716.500808/435381.869552/0.000004777
-181/200: 438103.714072/2716.514330/435387.199742/0.000012198
-182/200: 438102.711511/2716.526767/435386.184744/0.000002288
-183/200: 438105.412280/2716.539382/435388.872898/0.000006165
-184/200: 438106.328870/2716.551956/435389.776914/0.000002092
-185/200: 438108.158387/2716.564429/435391.593958/0.000004176
-186/200: 438106.646961/2716.577016/435390.069945/0.000003450
-187/200: 438107.108092/2716.588804/435390.519288/0.000001053
-188/200: 438109.938215/2716.600935/435393.337280/0.000006460
-189/200: 438111.192695/2716.612755/435394.579940/0.000002863
-190/200: 438111.006996/2716.624539/435394.382457/0.000000424
-191/200: 438112.713189/2716.636666/435396.076523/0.000003894
-192/200: 438114.668968/2716.648423/435398.020545/0.000004464
-193/200: 438113.624331/2716.659402/435396.964929/0.000002384
-194/200: 438113.545254/2716.671117/435396.874137/0.000000180
-195/200: 438116.489863/2716.683127/435399.806736/0.000006721
-196/200: 438114.996356/2716.693842/435398.302514/0.000003409
-197/200: 438115.920294/2716.704319/435399.215975/0.000002109
-198/200: 438114.208508/2716.714808/435397.493700/0.000003907
-199/200: 438120.075011/2716.725331/435403.349680/0.000013390
-200/200: 438117.308586/2716.728125/435400.580461/0.000006314
Start evaluating ...
  Columns 1 through 7

    0.0715    0.0933    0.1032    0.1121    0.1210    0.1338    0.1475

  Columns 8 through 10

    0.1608    0.1726    0.1821

    0.0168

Elapsed time is 33047.503139 seconds.
