nohup: ignoring input

                            < M A T L A B (R) >
                  Copyright 1984-2016 The MathWorks, Inc.
                   R2016a (9.0.0.341360) 64-bit (glnxa64)
                             February 11, 2016

 
To get started, type one of these: helpwin, helpdesk, or demo.
For product information, visit www.mathworks.com.
 

	Academic License

Start learning ...
Init data [Dtype: delicious - Dspec: sp2/5050]
Init social model
Using adagrad ...
Params [lbd-U: 10.0000|lbd-V: 10.0000|lbd-N: 10.0000|lbd-Q: 0.0100]
Staring Sample 2 - Loc: save/ctr/delicious-alg80-sp2-cold20170226164406447 
CTR(chongwang) Running ...

iter time likelihood:[r:u:v] converge
0001 000450 -22667.00000:[0.00000:0.00000:-0.00000] 1.0000000000
0002 000891 -22290.81817:[782.00876:-243.91953:-83.48135] 0.0165960132
0003 001335 -22256.93261:[1027.91968:-372.60715:-118.82856] 0.0015201577
0004 001775 -22255.10515:[1071.88673:-397.87792:-126.68910] 0.0000821076
0005 002203 -22256.01226:[1078.63919:-402.20976:-128.39305] 0.0000407596
0006 002619 -22256.99536:[1078.11174:-402.19978:-128.54225] 0.0000441724
0007 003037 -22257.87654:[1076.02451:-401.21183:-128.27667] 0.0000395914
0008 003440 -22258.66535:[1073.69007:-400.04448:-127.91165] 0.0000354395
0009 003860 -22259.37709:[1071.43830:-398.90330:-127.53901] 0.0000319760
0010 004283 -22260.02262:[1069.34828:-397.83971:-127.18550] 0.0000290002
0011 004693 -22260.60995:[1067.43048:-396.86251:-126.85799] 0.0000263849
0012 005086 -22261.14546:[1065.67647:-395.96849:-126.55709] 0.0000240566
0013 005462 -22261.63448:[1064.07323:-395.15138:-126.28144] 0.0000219675
0014 005787 -22262.08152:[1062.60749:-394.40447:-126.02914] 0.0000200811
0015 006088 -22262.49043:[1061.26690:-393.72143:-125.79824] 0.0000183682
0016 006369 -22262.86456:[1060.04043:-393.09656:-125.58692] 0.0000168051
0017 006636 -22263.20679:[1058.91834:-392.52481:-125.39351] 0.0000153722
0018 006918 -22263.51965:[1057.89205:-392.00172:-125.21656] 0.0000140531
0019 007195 -22263.80538:[1056.95405:-391.52339:-125.05477] 0.0000128337
0020 007469 -22264.06591:[1056.09770:-391.08638:-124.90701] 0.0000117021
0021 007745 -22264.30298:[1055.31719:-390.68768:-124.77229] 0.0000106480
0022 008020 -22264.51814:[1054.60732:-390.32461:-124.64971] 0.0000096639
Start evaluating ...
  Columns 1 through 7

    0.0013    0.0025    0.0036    0.0046    0.0055    0.0070    0.0078

  Columns 8 through 10

    0.0089    0.0094    0.0099

   4.4769e-04

Elapsed time is 8146.511121 seconds.
