nohup: ignoring input

                            < M A T L A B (R) >
                  Copyright 1984-2016 The MathWorks, Inc.
                   R2016a (9.0.0.341360) 64-bit (glnxa64)
                             February 11, 2016

 
To get started, type one of these: helpwin, helpdesk, or demo.
For product information, visit www.mathworks.com.
 

	Academic License

Start learning ...
Init data [Dtype: delicious - Dspec: sp2/1050]
Init social model
Using adagrad ...
Could not use CUDA
Params [lbd-U: 1.0000|lbd-V: 0.1000|lbd-N: 1.0000|lbd-Q: 0.1000]
Staring Sample 2 - Loc: save/ctrsmf/delicious-alg90-sp2-cold20170224205546487 
CTR-SMF Running ...

iter time likelihood converge
0001 000098 -11673424.03901 1.0000000000
0002 000192 -11349830.74809 0.0277205120
0003 000305 -11105671.21353 0.0215121741
0004 000422 -11031695.86969 0.0066610421
0005 000547 -10995239.29068 0.0033047121
0006 000665 -10967884.01440 0.0024879200
0007 000789 -10948991.81801 0.0017225015
0008 000912 -10936622.69006 0.0011297047
0009 001037 -10927671.45658 0.0008184641
0010 001151 -10920607.88975 0.0006463927
0011 001266 -10914686.01149 0.0005422664
0012 001382 -10909570.35144 0.0004686951
0013 001504 -10905084.81848 0.0004111558
0014 001618 -10901114.73710 0.0003640578
0015 001736 -10897575.64262 0.0003246544
0016 001852 -10894401.39187 0.0002912805
0017 001969 -10891538.11654 0.0002628208
0018 002088 -10888941.21231 0.0002384332
0019 002208 -10886573.38095 0.0002174529
0020 002326 -10884403.22232 0.0001993427
0021 002438 -10882404.28307 0.0001836517
0022 002550 -10880554.48196 0.0001699809
0023 002665 -10878835.42035 0.0001579939
0024 002779 -10877231.31196 0.0001474522
0025 002896 -10875728.34396 0.0001381756
0026 003017 -10874314.51168 0.0001299989
0027 003140 -10872979.59656 0.0001227586
0028 003252 -10871715.13698 0.0001162938
0029 003362 -10870514.16301 0.0001104678
0030 003474 -10869370.70561 0.0001051889
0031 003590 -10868279.41629 0.0001004004
0032 003704 -10867235.44447 0.0000960568
0033 003812 -10866234.51874 0.0000921049
0034 003925 -10865273.07254 0.0000884802
0035 004043 -10864348.11277 0.0000851299
0036 004154 -10863457.17346 0.0000820058
0037 004265 -10862598.47162 0.0000790450
0038 004380 -10861770.88926 0.0000761864
0039 004497 -10860973.87140 0.0000733783
0040 004612 -10860207.60596 0.0000705522
0041 004722 -10859473.42079 0.0000676032
0042 004838 -10858773.13875 0.0000644858
0043 004959 -10858107.99960 0.0000612536
0044 005079 -10857478.61036 0.0000579649
0045 005196 -10856884.77204 0.0000546939
0046 005304 -10856325.33409 0.0000515284
0047 005409 -10855798.49330 0.0000485285
0048 005521 -10855302.36394 0.0000457018
0049 005634 -10854835.29561 0.0000430267
0050 005743 -10854395.90571 0.0000404787
0051 005855 -10853983.24152 0.0000380182
0052 005969 -10853596.77221 0.0000356062
0053 006082 -10853236.06968 0.0000332335
0054 006191 -10852900.50558 0.0000309183
0055 006301 -10852589.16784 0.0000286871
0056 006414 -10852300.90187 0.0000265620
0057 006527 -10852034.34496 0.0000245622
0058 006638 -10851788.08681 0.0000226923
0059 006750 -10851560.76673 0.0000209477
0060 006861 -10851350.99315 0.0000193312
0061 006971 -10851157.27875 0.0000178516
0062 007086 -10850978.08464 0.0000165138
0063 007204 -10850811.93195 0.0000153122
0064 007318 -10850657.44465 0.0000142374
0065 007428 -10850513.29217 0.0000132851
0066 007536 -10850378.25464 0.0000124453
0067 007648 -10850251.57044 0.0000116756
0068 007761 -10850132.77284 0.0000109488
0069 007866 -10850021.18718 0.0000102843
0070 007952 -10849916.24196 0.0000096724
Start evaluating ...
  Columns 1 through 7

    0.0123    0.0135    0.0143    0.0150    0.0153    0.0155    0.0159

  Columns 8 through 10

    0.0162    0.0168    0.0172

    0.0039

Elapsed time is 8021.120967 seconds.
