nohup: ignoring input

                            < M A T L A B (R) >
                  Copyright 1984-2016 The MathWorks, Inc.
                   R2016a (9.0.0.341360) 64-bit (glnxa64)
                             February 11, 2016

 
To get started, type one of these: helpwin, helpdesk, or demo.
For product information, visit www.mathworks.com.
 

	Academic License

Start learning ...
Init data [Dtype: delicious - Dspec: sp2/1050]
Init social model
Using adagrad ...
Could not use CUDA
Params [lbd-U: 0.0100|lbd-V: 1.0000|lbd-N: 0.0100|lbd-Q: 0.1000]
Staring Sample 2 - Loc: save/ctrsmf/delicious-alg90-sp2-cold20170224205545526 
CTR-SMF Running ...

iter time likelihood converge
0001 000058 -11661971.28086 1.0000000000
0002 000121 -11348469.29484 0.0268824179
0003 000196 -11104242.99321 0.0215206382
0004 000297 -11030212.65848 0.0066668511
0005 000416 -10993728.30431 0.0033076746
0006 000523 -10966358.25880 0.0024896054
0007 000635 -10947458.31948 0.0017234472
0008 000750 -10935087.53207 0.0011300146
0009 000866 -10926138.04166 0.0008184196
0010 000979 -10919077.94614 0.0006461657
0011 001097 -10913160.46587 0.0005419396
0012 001216 -10908049.67174 0.0004683148
0013 001337 -10903569.18610 0.0004107504
0014 001451 -10899604.15438 0.0003636453
0015 001568 -10896070.00650 0.0003242455
0016 001692 -10892900.54374 0.0002908813
0017 001808 -10890041.86969 0.0002624346
0018 001922 -10887449.36309 0.0002380621
0019 002039 -10885085.71385 0.0002170985
0020 002158 -10882919.51511 0.0001990061
0021 002272 -10880924.31281 0.0001833334
0022 002385 -10879078.02952 0.0001696807
0023 002501 -10877362.27106 0.0001577118
0024 002615 -10875761.25240 0.0001471881
0025 002727 -10874261.15721 0.0001379301
0026 002838 -10872849.97451 0.0001297727
0027 002950 -10871517.48223 0.0001225523
0028 003065 -10870255.22642 0.0001161067
0029 003176 -10869056.26410 0.0001102975
0030 003292 -10867914.67495 0.0001050311
0031 003411 -10866825.17191 0.0001002495
0032 003535 -10865782.95890 0.0000959078
0033 003659 -10864783.79339 0.0000919552
0034 003771 -10863824.10890 0.0000883298
0035 003881 -10862900.89890 0.0000849802
0036 003998 -10862011.69240 0.0000818572
0037 004112 -10861154.72151 0.0000788961
0038 004228 -10860328.90084 0.0000760343
0039 004341 -10859533.71341 0.0000732195
0040 004457 -10858769.37424 0.0000703842
0041 004571 -10858037.20814 0.0000674263
0042 004686 -10857339.00425 0.0000643030
0043 004798 -10856675.95269 0.0000610694
0044 004916 -10856048.61133 0.0000577839
0045 005034 -10855456.74559 0.0000545194
0046 005156 -10854899.18243 0.0000513625
0047 005264 -10854374.09174 0.0000483736
0048 005376 -10853879.54600 0.0000455619
0049 005490 -10853413.86993 0.0000429041
0050 005606 -10852975.67700 0.0000403737
0051 005717 -10852564.01398 0.0000379309
0052 005831 -10852178.37502 0.0000355344
0053 005944 -10851818.37340 0.0000331732
0054 006056 -10851483.40992 0.0000308670
0055 006169 -10851172.59243 0.0000286429
0056 006284 -10850884.79356 0.0000265224
0057 006395 -10850618.69014 0.0000245237
0058 006505 -10850372.89830 0.0000226523
0059 006618 -10850146.04582 0.0000209073
0060 006731 -10849936.70889 0.0000192935
0061 006847 -10849743.37542 0.0000178189
0062 006964 -10849564.50398 0.0000164862
0063 007077 -10849398.62601 0.0000152889
0064 007190 -10849244.36621 0.0000142183
0065 007297 -10849100.37650 0.0000132719
0066 007411 -10848965.41940 0.0000124395
0067 007519 -10848838.73747 0.0000116769
0068 007627 -10848719.89692 0.0000109542
0069 007742 -10848608.28748 0.0000102878
0070 007856 -10848503.42276 0.0000096662
Start evaluating ...
  Columns 1 through 7

    0.0122    0.0137    0.0146    0.0152    0.0161    0.0168    0.0173

  Columns 8 through 10

    0.0180    0.0185    0.0189

    0.0045

Elapsed time is 7943.148118 seconds.
