nohup: ignoring input

                            < M A T L A B (R) >
                  Copyright 1984-2016 The MathWorks, Inc.
                   R2016a (9.0.0.341360) 64-bit (glnxa64)
                             February 11, 2016

 
To get started, type one of these: helpwin, helpdesk, or demo.
For product information, visit www.mathworks.com.
 

	Academic License

Start learning ...
Init data [Dtype: delicious - Dspec: sp2/1050]
Init social model
Using adagrad ...
Load pretrained shallow-model...
Params [lbd-U: 10.0000|lbd-V: 10.0000|lbd-N: 10.0000|lbd-Q: 0.1000]
Staring Sample 2 - Loc: save/bcdl/delicious-alg61-sp2-cold20170224185236318 
CTR(chongwang)-DAE(User graph) Running - Walks(1)...
-1/200: 4363098.000000/5288.657419/4357809.500000/1.000000000
-2/200: 4356897.000000/4962.415135/4351934.500000/0.001421238
-3/200: 4356868.500000/4960.601949/4351908.000000/0.000006541
-4/200: 4356881.500000/4960.978826/4351920.500000/0.000002984
-5/200: 4356770.000000/4961.480486/4351808.500000/0.000025592
-6/200: 4356777.500000/4961.935178/4351815.500000/0.000001721
-7/200: 4357002.500000/4962.349406/4352040.000000/0.000051644
-8/200: 4357051.500000/4962.732853/4352089.000000/0.000011246
-9/200: 4357017.000000/4963.092527/4352054.000000/0.000007918
-10/200: 4357055.000000/4963.423953/4352091.500000/0.000008722
-11/200: 4356983.500000/4963.734957/4352020.000000/0.000016410
-12/200: 4356921.000000/4964.029321/4351957.000000/0.000014345
-13/200: 4357044.500000/4964.307311/4352080.000000/0.000028346
-14/200: 4357106.500000/4964.569724/4352142.000000/0.000014230
-15/200: 4357021.500000/4964.822187/4352056.500000/0.000019508
-16/200: 4357029.500000/4965.060481/4352064.500000/0.000001836
-17/200: 4357112.500000/4965.286261/4352147.000000/0.000019050
-18/200: 4357256.500000/4965.500939/4352291.000000/0.000033049
-19/200: 4357162.000000/4965.708396/4352196.500000/0.000021688
-20/200: 4357200.500000/4965.905406/4352234.500000/0.000008836
-21/200: 4357078.000000/4966.096996/4352112.000000/0.000028114
-22/200: 4357230.500000/4966.280274/4352264.000000/0.000035001
-23/200: 4357283.000000/4966.457458/4352316.500000/0.000012049
-24/200: 4357350.500000/4966.626981/4352384.000000/0.000015491
-25/200: 4357241.000000/4966.791899/4352274.000000/0.000025130
-26/200: 4357255.000000/4966.952045/4352288.000000/0.000003213
-27/200: 4357206.000000/4967.106209/4352239.000000/0.000011246
-28/200: 4357416.500000/4967.254478/4352449.000000/0.000048311
-29/200: 4357395.000000/4967.398376/4352427.500000/0.000004934
-30/200: 4357333.500000/4967.538509/4352366.000000/0.000014114
-31/200: 4357332.000000/4967.674025/4352364.500000/0.000000344
-32/200: 4357414.000000/4967.806727/4352446.000000/0.000018819
-33/200: 4357175.500000/4967.935460/4352207.500000/0.000054734
-34/200: 4357414.000000/4968.061115/4352446.000000/0.000054737
-35/200: 4357227.000000/4968.183591/4352259.000000/0.000042915
-36/200: 4357379.500000/4968.303745/4352411.000000/0.000034999
-37/200: 4357399.500000/4968.421308/4352431.000000/0.000004590
-38/200: 4357352.500000/4968.535715/4352384.000000/0.000010786
-39/200: 4357419.000000/4968.648460/4352450.500000/0.000015262
-40/200: 4357387.000000/4968.758445/4352418.000000/0.000007344
-41/200: 4357523.500000/4968.867007/4352554.500000/0.000031326
-42/200: 4357541.000000/4968.973378/4352572.000000/0.000004016
-43/200: 4357511.000000/4969.077812/4352542.000000/0.000006885
-44/200: 4357530.000000/4969.179509/4352561.000000/0.000004360
-45/200: 4357509.500000/4969.280017/4352540.000000/0.000004705
-46/200: 4357506.500000/4969.379325/4352537.000000/0.000000688
-47/200: 4357578.000000/4969.476443/4352608.500000/0.000016408
-48/200: 4357571.500000/4969.572184/4352602.000000/0.000001492
-49/200: 4357461.500000/4969.667280/4352492.000000/0.000025243
-50/200: 4357511.500000/4969.760361/4352541.500000/0.000011475
-51/200: 4357514.000000/4969.852063/4352544.000000/0.000000574
-52/200: 4357662.000000/4969.942424/4352692.000000/0.000033964
-53/200: 4357513.000000/4970.032365/4352543.000000/0.000034193
-54/200: 4357583.000000/4970.121436/4352613.000000/0.000016064
-55/200: 4357574.500000/4970.208499/4352604.500000/0.000001951
-56/200: 4357576.000000/4970.294649/4352605.500000/0.000000344
-57/200: 4357616.500000/4970.381282/4352646.000000/0.000009294
-58/200: 4357667.500000/4970.466589/4352697.000000/0.000011704
-59/200: 4357639.500000/4970.550914/4352669.000000/0.000006425
-60/200: 4357651.000000/4970.633513/4352680.500000/0.000002639
-61/200: 4357572.000000/4970.715686/4352601.500000/0.000018129
-62/200: 4357712.500000/4970.796996/4352741.500000/0.000032243
-63/200: 4357644.000000/4970.877207/4352673.000000/0.000015719
-64/200: 4357789.000000/4970.957008/4352818.000000/0.000033275
-65/200: 4357793.000000/4971.036513/4352822.000000/0.000000918
-66/200: 4357777.000000/4971.115535/4352806.000000/0.000003672
-67/200: 4357677.000000/4971.193317/4352706.000000/0.000022947
-68/200: 4357689.500000/4971.270143/4352718.000000/0.000002869
-69/200: 4357713.500000/4971.346121/4352742.000000/0.000005508
-70/200: 4357706.500000/4971.421716/4352735.000000/0.000001606
-71/200: 4357803.500000/4971.496957/4352832.000000/0.000022259
-72/200: 4357753.000000/4971.570708/4352781.500000/0.000011588
-73/200: 4357857.000000/4971.644608/4352885.500000/0.000023866
-74/200: 4357813.500000/4971.717922/4352842.000000/0.000009982
-75/200: 4357778.000000/4971.790433/4352806.000000/0.000008146
-76/200: 4357877.000000/4971.862221/4352905.000000/0.000022718
-77/200: 4357896.500000/4971.934002/4352924.500000/0.000004475
-78/200: 4357893.500000/4972.004065/4352921.500000/0.000000688
-79/200: 4357791.000000/4972.074415/4352819.000000/0.000023521
-80/200: 4357807.500000/4972.143874/4352835.500000/0.000003786
-81/200: 4357865.000000/4972.212724/4352893.000000/0.000013195
-82/200: 4357935.500000/4972.280978/4352963.000000/0.000016178
-83/200: 4357870.500000/4972.349184/4352898.000000/0.000014915
-84/200: 4357853.500000/4972.416077/4352881.000000/0.000003901
-85/200: 4357924.500000/4972.482983/4352952.000000/0.000016292
-86/200: 4357928.500000/4972.549154/4352956.000000/0.000000918
-87/200: 4357939.500000/4972.615126/4352967.000000/0.000002524
-88/200: 4357978.500000/4972.680477/4353006.000000/0.000008949
-89/200: 4357943.000000/4972.745517/4352970.500000/0.000008146
-90/200: 4357977.500000/4972.809808/4353004.500000/0.000007917
-91/200: 4357969.000000/4972.873252/4352996.000000/0.000001950
-92/200: 4358009.500000/4972.936584/4353036.500000/0.000009293
-93/200: 4357987.500000/4972.999135/4353014.500000/0.000005048
-94/200: 4358057.500000/4973.061446/4353084.500000/0.000016062
-95/200: 4358029.500000/4973.123326/4353056.500000/0.000006425
-96/200: 4357990.500000/4973.185208/4353017.500000/0.000008949
-97/200: 4358038.500000/4973.246762/4353065.500000/0.000011014
-98/200: 4358069.000000/4973.307408/4353095.500000/0.000006999
-99/200: 4358082.500000/4973.367848/4353109.000000/0.000003098
Recall at EP-100 ...
  Columns 1 through 7

    0.0032    0.0059    0.0086    0.0104    0.0125    0.0143    0.0160

  Columns 8 through 10

    0.0176    0.0190    0.0204

Mrr at EP-100 ...
    0.0010

-100/200: 4358048.500000/4973.428260/4353075.000000/0.000007802
-101/200: 4358032.500000/4973.487331/4353059.000000/0.000003671
-102/200: 4358073.000000/4973.546785/4353099.500000/0.000009293
-103/200: 4358137.500000/4973.605783/4353164.000000/0.000014800
-104/200: 4358076.500000/4973.663953/4353103.000000/0.000013997
-105/200: 4358131.500000/4973.721908/4353158.000000/0.000012620
-106/200: 4358091.000000/4973.779914/4353117.000000/0.000009293
-107/200: 4358130.000000/4973.837652/4353156.000000/0.000008949
-108/200: 4358177.500000/4973.894401/4353203.500000/0.000010899
-109/200: 4358129.500000/4973.950833/4353155.500000/0.000011014
-110/200: 4358118.500000/4974.006902/4353144.500000/0.000002524
-111/200: 4358198.500000/4974.063522/4353224.500000/0.000018357
-112/200: 4358193.500000/4974.119718/4353219.500000/0.000001147
-113/200: 4358171.500000/4974.175366/4353197.500000/0.000005048
-114/200: 4358154.500000/4974.230750/4353180.500000/0.000003901
-115/200: 4358193.000000/4974.285815/4353218.500000/0.000008834
-116/200: 4358181.500000/4974.340349/4353207.000000/0.000002639
-117/200: 4358233.000000/4974.394600/4353258.500000/0.000011817
-118/200: 4358225.500000/4974.449066/4353251.000000/0.000001721
-119/200: 4358265.000000/4974.502956/4353290.500000/0.000009063
-120/200: 4358243.000000/4974.556019/4353268.500000/0.000005048
-121/200: 4358283.000000/4974.608830/4353308.500000/0.000009178
-122/200: 4358292.500000/4974.661332/4353318.000000/0.000002180
-123/200: 4358265.500000/4974.714181/4353291.000000/0.000006195
-124/200: 4358283.500000/4974.765925/4353308.500000/0.000004130
-125/200: 4358296.000000/4974.817741/4353321.000000/0.000002868
-126/200: 4358297.000000/4974.869470/4353322.000000/0.000000229
-127/200: 4358297.500000/4974.921128/4353322.500000/0.000000115
-128/200: 4358301.000000/4974.972609/4353326.000000/0.000000803
-129/200: 4358304.000000/4975.022893/4353329.000000/0.000000688
-130/200: 4358364.000000/4975.073484/4353389.000000/0.000013767
-131/200: 4358312.000000/4975.123988/4353337.000000/0.000011931
-132/200: 4358363.500000/4975.174387/4353388.500000/0.000011817
-133/200: 4358378.000000/4975.224721/4353403.000000/0.000003327
-134/200: 4358418.500000/4975.274437/4353443.000000/0.000009292
-135/200: 4358346.500000/4975.323866/4353371.000000/0.000016520
-136/200: 4358367.000000/4975.372801/4353391.500000/0.000004704
-137/200: 4358425.000000/4975.421819/4353449.500000/0.000013308
-138/200: 4358411.500000/4975.470392/4353436.000000/0.000003097
-139/200: 4358399.500000/4975.518562/4353424.000000/0.000002753
-140/200: 4358435.000000/4975.566818/4353459.500000/0.000008145
-141/200: 4358447.500000/4975.615292/4353472.000000/0.000002868
-142/200: 4358420.500000/4975.662811/4353445.000000/0.000006195
-143/200: 4358451.500000/4975.710522/4353476.000000/0.000007113
-144/200: 4358467.000000/4975.757739/4353491.000000/0.000003556
-145/200: 4358489.000000/4975.805096/4353513.000000/0.000005048
-146/200: 4358480.000000/4975.851904/4353504.000000/0.000002065
-147/200: 4358494.000000/4975.898361/4353518.000000/0.000003212
-148/200: 4358462.000000/4975.944468/4353486.000000/0.000007342
-149/200: 4358498.500000/4975.990518/4353522.500000/0.000008375
-150/200: 4358515.000000/4976.036658/4353539.000000/0.000003786
-151/200: 4358523.000000/4976.082669/4353547.000000/0.000001835
-152/200: 4358519.000000/4976.128237/4353543.000000/0.000000918
-153/200: 4358529.000000/4976.173308/4353553.000000/0.000002294
-154/200: 4358546.500000/4976.218383/4353570.500000/0.000004015
-155/200: 4358538.500000/4976.263364/4353562.000000/0.000001835
-156/200: 4358552.000000/4976.308102/4353575.500000/0.000003097
-157/200: 4358592.500000/4976.352790/4353616.000000/0.000009292
-158/200: 4358584.000000/4976.396955/4353607.500000/0.000001950
-159/200: 4358598.500000/4976.441464/4353622.000000/0.000003327
-160/200: 4358606.000000/4976.485696/4353629.500000/0.000001721
-161/200: 4358574.500000/4976.529319/4353598.000000/0.000007227
-162/200: 4358597.000000/4976.572731/4353620.500000/0.000005162
-163/200: 4358638.500000/4976.616166/4353662.000000/0.000009521
-164/200: 4358608.500000/4976.659474/4353632.000000/0.000006883
-165/200: 4358656.000000/4976.702604/4353679.500000/0.000010898
-166/200: 4358641.000000/4976.745452/4353664.500000/0.000003441
-167/200: 4358639.000000/4976.788054/4353662.000000/0.000000459
-168/200: 4358668.000000/4976.830549/4353691.000000/0.000006653
-169/200: 4358662.000000/4976.872831/4353685.000000/0.000001377
-170/200: 4358679.000000/4976.915037/4353702.000000/0.000003900
-171/200: 4358676.500000/4976.957256/4353699.500000/0.000000574
-172/200: 4358706.500000/4976.999004/4353729.500000/0.000006883
-173/200: 4358684.000000/4977.040699/4353707.000000/0.000005162
-174/200: 4358746.500000/4977.082478/4353769.500000/0.000014339
-175/200: 4358701.500000/4977.123771/4353724.500000/0.000010324
-176/200: 4358744.500000/4977.165259/4353767.500000/0.000009865
-177/200: 4358763.500000/4977.206515/4353786.500000/0.000004359
-178/200: 4358749.000000/4977.247315/4353772.000000/0.000003327
-179/200: 4358755.500000/4977.287985/4353778.000000/0.000001491
-180/200: 4358742.500000/4977.328626/4353765.000000/0.000002983
-181/200: 4358788.000000/4977.369325/4353810.500000/0.000010439
-182/200: 4358780.500000/4977.409442/4353803.000000/0.000001721
-183/200: 4358800.500000/4977.449761/4353823.000000/0.000004588
-184/200: 4358814.000000/4977.489979/4353836.500000/0.000003097
-185/200: 4358827.000000/4977.529933/4353849.500000/0.000002982
-186/200: 4358816.500000/4977.569823/4353839.000000/0.000002409
-187/200: 4358819.000000/4977.609312/4353841.500000/0.000000574
-188/200: 4358843.000000/4977.648850/4353865.500000/0.000005506
-189/200: 4358855.500000/4977.688197/4353878.000000/0.000002868
-190/200: 4358854.500000/4977.727466/4353877.000000/0.000000229
-191/200: 4358872.500000/4977.766672/4353894.500000/0.000004130
-192/200: 4358887.000000/4977.805658/4353909.000000/0.000003327
-193/200: 4358879.500000/4977.844372/4353901.500000/0.000001721
-194/200: 4358880.500000/4977.883099/4353902.500000/0.000000229
-195/200: 4358904.500000/4977.921905/4353926.500000/0.000005506
-196/200: 4358892.000000/4977.960086/4353914.000000/0.000002868
-197/200: 4358895.500000/4977.998124/4353917.500000/0.000000803
-198/200: 4358884.500000/4978.035932/4353906.500000/0.000002524
-199/200: 4358938.000000/4978.073771/4353960.000000/0.000012274
-200/200: 4358910.000000/4978.111370/4353932.000000/0.000006424
Start evaluating ...
  Columns 1 through 7

    0.0012    0.0022    0.0032    0.0039    0.0045    0.0053    0.0058

  Columns 8 through 10

    0.0072    0.0077    0.0080

   4.6374e-04

Elapsed time is 37091.065931 seconds.
