nohup: ignoring input

                            < M A T L A B (R) >
                  Copyright 1984-2016 The MathWorks, Inc.
                   R2016a (9.0.0.341360) 64-bit (glnxa64)
                             February 11, 2016

 
To get started, type one of these: helpwin, helpdesk, or demo.
For product information, visit www.mathworks.com.
 

	Academic License

Start learning ...
Init data [Dtype: delicious - Dspec: sp2/2550]
Init social model
Using adagrad ...
Load pretrained shallow-model...
Params [lbd-U: 1.0000|lbd-V: 100.0000|lbd-N: 1.0000|lbd-Q: 0.0500]
Staring Sample 2 - Loc: save/bcdl/delicious-alg61-sp2-cold20170225193335012 
CTR(chongwang)-DAE(User graph) Running - Walks(1)...
-1/200: 455113.774520/19332.793466/435780.981054/1.000000000
-2/200: 452339.808774/17270.221581/435069.587193/0.006095104
-3/200: 451875.703308/16771.599961/435104.103347/0.001026011
-4/200: 451847.827288/16712.966744/435134.860544/0.000061690
-5/200: 451846.678228/16711.733456/435134.944772/0.000002543
-6/200: 451853.441011/16715.402245/435138.038766/0.000014967
-7/200: 451879.008523/16719.219875/435159.788648/0.000056584
-8/200: 451886.202770/16722.828701/435163.374069/0.000015921
-9/200: 451885.120307/16726.236564/435158.883743/0.000002395
-10/200: 451890.565125/16729.272794/435161.292331/0.000012049
-11/200: 451885.514462/16732.055802/435153.458660/0.000011177
-12/200: 451880.755791/16734.677413/435146.078378/0.000010531
-13/200: 451893.804553/16737.074006/435156.730547/0.000028877
-14/200: 451900.642568/16739.285711/435161.356857/0.000015132
-15/200: 451892.869505/16741.423094/435151.446411/0.000017201
-16/200: 451895.217131/16743.363220/435151.853911/0.000005195
-17/200: 451904.034870/16745.117842/435158.917028/0.000019513
-18/200: 451917.772805/16746.707540/435171.065265/0.000030400
-19/200: 451909.422052/16748.251393/435161.170659/0.000018478
-20/200: 451913.556203/16749.632266/435163.923937/0.000009148
-21/200: 451901.812270/16750.989996/435150.822274/0.000025987
-22/200: 451916.786025/16752.248245/435164.537780/0.000033135
-23/200: 451921.819259/16753.443425/435168.375834/0.000011138
-24/200: 451928.166744/16754.532905/435173.633839/0.000014046
-25/200: 451917.376694/16755.614349/435161.762345/0.000023876
-26/200: 451919.213938/16756.666462/435162.547476/0.000004065
-27/200: 451914.391747/16757.628931/435156.762816/0.000010670
-28/200: 451934.007435/16758.511782/435175.495653/0.000043406
-29/200: 451932.708252/16759.358139/435173.350113/0.000002875
-30/200: 451925.722422/16760.195030/435165.527392/0.000015458
-31/200: 451926.145100/16760.956401/435165.188699/0.000000935
-32/200: 451933.326828/16761.734287/435171.592541/0.000015891
-33/200: 451910.443527/16762.479973/435147.963554/0.000050634
-34/200: 451932.954403/16763.197133/435169.757270/0.000049813
-35/200: 451914.856745/16763.894556/435150.962189/0.000040045
-36/200: 451929.240450/16764.601213/435164.639237/0.000031828
-37/200: 451930.739298/16765.300989/435165.438309/0.000003317
-38/200: 451926.027087/16765.957099/435160.069988/0.000010427
-39/200: 451932.053051/16766.644049/435165.409002/0.000013334
-40/200: 451928.604774/16767.306692/435161.298082/0.000007630
-41/200: 451941.369258/16767.986936/435173.382322/0.000028244
-42/200: 451942.686815/16768.663943/435174.022872/0.000002915
-43/200: 451940.306844/16769.324483/435170.982361/0.000005266
-44/200: 451941.740826/16769.946247/435171.794579/0.000003173
-45/200: 451938.895095/16770.595937/435168.299158/0.000006297
-46/200: 451939.012102/16771.257966/435167.754136/0.000000259
-47/200: 451945.299464/16771.905877/435173.393587/0.000013912
-48/200: 451944.547522/16772.550427/435171.997095/0.000001664
-49/200: 451934.308999/16773.230328/435161.078671/0.000022654
-50/200: 451938.368401/16773.893912/435164.474489/0.000008982
-51/200: 451938.958661/16774.538811/435164.419850/0.000001306
-52/200: 451952.910895/16775.169215/435177.741680/0.000030872
-53/200: 451938.360477/16775.857449/435162.503028/0.000032195
-54/200: 451944.172485/16776.564365/435167.608120/0.000012860
-55/200: 451944.280260/16777.222945/435167.057315/0.000000238
-56/200: 451944.051431/16777.896754/435166.154677/0.000000506
-57/200: 451946.950876/16778.657180/435168.293696/0.000006415
-58/200: 451952.035004/16779.410189/435172.624815/0.000011249
-59/200: 451948.763628/16780.170221/435168.593407/0.000007238
-60/200: 451951.209242/16780.871471/435170.337771/0.000005411
-61/200: 451943.267551/16781.597780/435161.669771/0.000017572
-62/200: 451956.484892/16782.350688/435174.134204/0.000029246
-63/200: 451950.012345/16783.100868/435166.911477/0.000014321
-64/200: 451964.366713/16783.842848/435180.523865/0.000031761
-65/200: 451963.991158/16784.655032/435179.336126/0.000000831
-66/200: 451962.102598/16785.476249/435176.626349/0.000004179
-67/200: 451952.398403/16786.293010/435166.105393/0.000021471
-68/200: 451954.451632/16787.082429/435167.369203/0.000004543
-69/200: 451956.274343/16787.873720/435168.400623/0.000004033
-70/200: 451955.725585/16788.686014/435167.039571/0.000001214
-71/200: 451964.960350/16789.530044/435175.430306/0.000020433
-72/200: 451960.835967/16790.333931/435170.502036/0.000009125
-73/200: 451970.136940/16791.189844/435178.947096/0.000020579
-74/200: 451966.258472/16792.057733/435174.200739/0.000008581
-75/200: 451962.763155/16792.917660/435169.845495/0.000007734
-76/200: 451972.844820/16793.778174/435179.066646/0.000022306
-77/200: 451974.381586/16794.678164/435179.703422/0.000003400
-78/200: 451975.568895/16795.507087/435180.061808/0.000002627
-79/200: 451965.068947/16796.411801/435168.657146/0.000023231
-80/200: 451966.184291/16797.290069/435168.894222/0.000002468
-81/200: 451971.981504/16798.166452/435173.815052/0.000012827
-82/200: 451979.846485/16799.064797/435180.781688/0.000017401
-83/200: 451972.813642/16799.983811/435172.829831/0.000015560
-84/200: 451972.043099/16800.867543/435171.175556/0.000001705
-85/200: 451978.446145/16801.790195/435176.655950/0.000014167
-86/200: 451979.421175/16802.689076/435176.732099/0.000002157
-87/200: 451980.541138/16803.623047/435176.918091/0.000002478
-88/200: 451984.946303/16804.560501/435180.385802/0.000009746
-89/200: 451981.040021/16805.498280/435175.541741/0.000008643
-90/200: 451984.880923/16806.431657/435178.449266/0.000008498
-91/200: 451985.297560/16807.331243/435177.966317/0.000000922
-92/200: 451988.918369/16808.265135/435180.653234/0.000008011
-93/200: 451986.921763/16809.185349/435177.736414/0.000004417
-94/200: 451994.655296/16810.115597/435184.539699/0.000017110
-95/200: 451991.886173/16811.053287/435180.832886/0.000006126
-96/200: 451987.591383/16812.029979/435175.561404/0.000009502
-97/200: 451992.430065/16813.021325/435179.408740/0.000010705
-98/200: 451996.086256/16813.974804/435182.111452/0.000008089
-99/200: 451998.393501/16814.949335/435183.444166/0.000005105
Recall at EP-100 ...
  Columns 1 through 7

    0.0012    0.0020    0.0027    0.0034    0.0040    0.0047    0.0052

  Columns 8 through 10

    0.0065    0.0075    0.0083

Mrr at EP-100 ...
   4.2691e-04

-100/200: 451994.130105/16815.963243/435178.166862/0.000009432
-101/200: 451993.275331/16816.896833/435176.378498/0.000001891
-102/200: 451997.431117/16817.898265/435179.532852/0.000009194
-103/200: 452004.436390/16818.896546/435185.539844/0.000015498
-104/200: 451999.484633/16819.863038/435179.621595/0.000010955
-105/200: 452004.900022/16820.845109/435184.054913/0.000011981
-106/200: 452000.471857/16821.866191/435178.605666/0.000009797
-107/200: 452004.604641/16822.900747/435181.703894/0.000009143
-108/200: 452011.203923/16823.882751/435187.321172/0.000014600
-109/200: 452005.995548/16824.872188/435181.123360/0.000011523
-110/200: 452005.671384/16825.866844/435179.804540/0.000000717
-111/200: 452012.053281/16826.937231/435185.116050/0.000014119
-112/200: 452012.769772/16828.005469/435184.764303/0.000001585
-113/200: 452011.487433/16829.062671/435182.424762/0.000002837
-114/200: 452009.141693/16830.122037/435179.019656/0.000005190
-115/200: 452012.938037/16831.196011/435181.742026/0.000008399
-116/200: 452013.097568/16832.245901/435180.851667/0.000000353
-117/200: 452019.521750/16833.305288/435186.216462/0.000014212
-118/200: 452017.920867/16834.413355/435183.507512/0.000003542
-119/200: 452022.187432/16835.502242/435186.685190/0.000009439
-120/200: 452021.908978/16836.551410/435185.357568/0.000000616
-121/200: 452026.174888/16837.600727/435188.574161/0.000009437
-122/200: 452027.258719/16838.655532/435188.603187/0.000002398
-123/200: 452024.290976/16839.764298/435184.526678/0.000006565
-124/200: 452028.196557/16840.813460/435187.383097/0.000008640
-125/200: 452029.250381/16841.890644/435187.359737/0.000002331
-126/200: 452028.784609/16842.989594/435185.795015/0.000001030
-127/200: 452029.052040/16844.112584/435184.939456/0.000000592
-128/200: 452029.522326/16845.252552/435184.269774/0.000001040
-129/200: 452032.773302/16846.303228/435186.470074/0.000007192
-130/200: 452038.234743/16847.409622/435190.825121/0.000012082
-131/200: 452032.320487/16848.539276/435183.781211/0.000013084
-132/200: 452038.296485/16849.683426/435188.613059/0.000013220
-133/200: 452039.340572/16850.855115/435188.485457/0.000002310
-134/200: 452045.634127/16851.993304/435193.640823/0.000013923
-135/200: 452038.457171/16853.136153/435185.321018/0.000015877
-136/200: 452040.746161/16854.251534/435186.494627/0.000005064
-137/200: 452047.376394/16855.405586/435191.970808/0.000014667
-138/200: 452047.029738/16856.539385/435190.490353/0.000000767
-139/200: 452046.844909/16857.654853/435189.190056/0.000000409
-140/200: 452049.765038/16858.817263/435190.947775/0.000006460
-141/200: 452050.854993/16860.021993/435190.833000/0.000002411
-142/200: 452050.220109/16861.156507/435189.063602/0.000001404
-143/200: 452052.213040/16862.343127/435189.869913/0.000004409
-144/200: 452056.607044/16863.495601/435193.111443/0.000009720
-145/200: 452057.579745/16864.697038/435192.882707/0.000002152
-146/200: 452058.909662/16865.862378/435193.047284/0.000002942
-147/200: 452060.711833/16867.023627/435193.688206/0.000003987
-148/200: 452058.337122/16868.164148/435190.172974/0.000005253
-149/200: 452062.124331/16869.329699/435192.794632/0.000008378
-150/200: 452063.665944/16870.529988/435193.135956/0.000003410
-151/200: 452064.732597/16871.743440/435192.989157/0.000002360
-152/200: 452065.572645/16872.929619/435192.643026/0.000001858
-153/200: 452068.167892/16874.092498/435194.075394/0.000005741
-154/200: 452069.671352/16875.270621/435194.400731/0.000003326
-155/200: 452069.111507/16876.472602/435192.638905/0.000001238
-156/200: 452070.542863/16877.670586/435192.872277/0.000003166
-157/200: 452076.488477/16878.883664/435197.604813/0.000013152
-158/200: 452076.860773/16880.065937/435196.794836/0.000000824
-159/200: 452077.631346/16881.310870/435196.320476/0.000001705
-160/200: 452078.911114/16882.546993/435196.364121/0.000002831
-161/200: 452078.050822/16883.731099/435194.319723/0.000001903
-162/200: 452080.621630/16884.924784/435195.696846/0.000005687
-163/200: 452086.603498/16886.137742/435200.465756/0.000013232
-164/200: 452080.976868/16887.369582/435193.607286/0.000012446
-165/200: 452088.193989/16888.603197/435199.590792/0.000015964
-166/200: 452086.792055/16889.828636/435196.963419/0.000003101
-167/200: 452088.310957/16891.041241/435197.269716/0.000003360
-168/200: 452091.036904/16892.271863/435198.765041/0.000006030
-169/200: 452091.988176/16893.496148/435198.492028/0.000002104
-170/200: 452091.979026/16894.737798/435197.241228/0.000000020
Start evaluating ...
  Columns 1 through 7

    0.0012    0.0020    0.0025    0.0030    0.0034    0.0040    0.0047

  Columns 8 through 10

    0.0060    0.0065    0.0072

   4.0298e-04

Elapsed time is 28832.357427 seconds.
