nohup: ignoring input

                            < M A T L A B (R) >
                  Copyright 1984-2016 The MathWorks, Inc.
                   R2016a (9.0.0.341360) 64-bit (glnxa64)
                             February 11, 2016

 
To get started, type one of these: helpwin, helpdesk, or demo.
For product information, visit www.mathworks.com.
 

	Academic License

Start learning ...
Init data [Dtype: delicious - Dspec: sp2/1050]
Init social model
Using adagrad ...
Load pretrained shallow-model...
Params [lbd-U: 1.0000|lbd-V: 0.1000|lbd-N: 1.0000|lbd-Q: 0.1000]
Staring Sample 2 - Loc: save/bcdl/delicious-alg61-sp2-cold20170224185227731 
CTR(chongwang)-DAE(User graph) Running - Walks(1)...
-1/200: 441840.906250/6059.936099/435780.968750/1.000000000
-2/200: 436577.031250/1453.262092/435123.781250/0.011913507
-3/200: 436592.531250/1414.913813/435177.625000/0.000035503
-4/200: 436595.156250/1408.225788/435186.937500/0.000006012
-5/200: 436580.593750/1404.683291/435175.906250/0.000033355
-6/200: 436578.750000/1402.116327/435176.625000/0.000004223
-7/200: 436598.875000/1400.038171/435198.843750/0.000046097
-8/200: 436601.875000/1398.313047/435203.562500/0.000006871
-9/200: 436597.062500/1396.877135/435200.187500/0.000011023
-10/200: 436599.562500/1395.679680/435203.875000/0.000005726
-11/200: 436591.625000/1394.681368/435196.937500/0.000018180
-12/200: 436584.750000/1393.851214/435190.906250/0.000015747
-13/200: 436596.375000/1393.159169/435203.218750/0.000026627
-14/200: 436601.750000/1392.582592/435209.156250/0.000012311
-15/200: 436592.781250/1392.105923/435200.687500/0.000020542
-16/200: 436593.531250/1391.709113/435201.812500/0.000001718
-17/200: 436601.437500/1391.381380/435210.062500/0.000018109
-18/200: 436615.000000/1391.112420/435223.875000/0.000031064
-19/200: 436605.812500/1390.896591/435214.906250/0.000021043
-20/200: 436609.500000/1390.722802/435218.781250/0.000008446
-21/200: 436597.468750/1390.589851/435206.875000/0.000027556
-22/200: 436612.406250/1390.488122/435221.906250/0.000034213
-23/200: 436617.656250/1390.416032/435227.250000/0.000012024
-24/200: 436624.187500/1390.368146/435233.812500/0.000014959
-25/200: 436613.343750/1390.343362/435223.000000/0.000024835
-26/200: 436615.000000/1390.337544/435224.656250/0.000003793
-27/200: 436610.156250/1390.345896/435219.812500/0.000011094
-28/200: 436630.937500/1390.367009/435240.562500/0.000047597
-29/200: 436629.031250/1390.400941/435238.625000/0.000004366
-30/200: 436622.812500/1390.445560/435232.375000/0.000014243
-31/200: 436623.125000/1390.496912/435232.625000/0.000000716
-32/200: 436631.218750/1390.557079/435240.656250/0.000018537
-33/200: 436607.718750/1390.622853/435217.093750/0.000053821
-34/200: 436631.562500/1390.694998/435240.875000/0.000054611
-35/200: 436613.250000/1390.769854/435222.468750/0.000041940
-36/200: 436628.531250/1390.849746/435237.687500/0.000035000
-37/200: 436630.531250/1390.932188/435239.593750/0.000004581
-38/200: 436626.031250/1391.016349/435235.000000/0.000010306
-39/200: 436632.812500/1391.103634/435241.718750/0.000015531
-40/200: 436629.718750/1391.191897/435238.531250/0.000007085
-41/200: 436643.312500/1391.282093/435252.031250/0.000031133
-42/200: 436645.437500/1391.373068/435254.062500/0.000004867
-43/200: 436642.625000/1391.463960/435251.156250/0.000006441
-44/200: 436644.812500/1391.553835/435253.250000/0.000005010
-45/200: 436642.750000/1391.645097/435251.093750/0.000004724
-46/200: 436642.750000/1391.737346/435251.000000/0.000000000
-47/200: 436649.843750/1391.828684/435258.000000/0.000016246
-48/200: 436649.312500/1391.920654/435257.406250/0.000001217
-49/200: 436638.843750/1392.012386/435246.843750/0.000023975
-50/200: 436643.687500/1392.103784/435251.593750/0.000011093
-51/200: 436644.156250/1392.194595/435251.968750/0.000001074
-52/200: 436659.031250/1392.284964/435266.750000/0.000034067
-53/200: 436644.312500/1392.376840/435251.937500/0.000033708
-54/200: 436651.375000/1392.469210/435258.906250/0.000016174
-55/200: 436650.843750/1392.559974/435258.281250/0.000001217
-56/200: 436650.906250/1392.650678/435258.250000/0.000000143
-57/200: 436655.187500/1392.743592/435262.437500/0.000009805
-58/200: 436660.531250/1392.836269/435267.687500/0.000012238
-59/200: 436657.750000/1392.929033/435264.812500/0.000006369
-60/200: 436659.250000/1393.020172/435266.218750/0.000003435
-61/200: 436651.375000/1393.111564/435258.250000/0.000018035
-62/200: 436665.468750/1393.203693/435272.250000/0.000032277
-63/200: 436658.812500/1393.295887/435265.531250/0.000015243
-64/200: 436673.500000/1393.387646/435280.125000/0.000033636
-65/200: 436674.125000/1393.480435/435280.656250/0.000001431
-66/200: 436672.625000/1393.574097/435279.062500/0.000003435
-67/200: 436662.937500/1393.666821/435269.281250/0.000022185
-68/200: 436664.125000/1393.759111/435270.375000/0.000002719
-69/200: 436666.625000/1393.851058/435272.781250/0.000005725
-70/200: 436666.281250/1393.942847/435272.343750/0.000000787
-71/200: 436675.906250/1394.035608/435281.875000/0.000022042
-72/200: 436671.062500/1394.126658/435276.937500/0.000011092
-73/200: 436681.718750/1394.218519/435287.500000/0.000024403
-74/200: 436677.437500/1394.310812/435283.125000/0.000009804
-75/200: 436674.156250/1394.402391/435279.750000/0.000007514
-76/200: 436684.156250/1394.493438/435289.656250/0.000022900
-77/200: 436686.187500/1394.584708/435291.593750/0.000004652
-78/200: 436686.281250/1394.674274/435291.593750/0.000000215
-79/200: 436676.000000/1394.764691/435281.250000/0.000023544
-80/200: 436677.718750/1394.853571/435282.875000/0.000003936
-81/200: 436683.562500/1394.942586/435288.625000/0.000013382
-82/200: 436691.031250/1395.031548/435296.000000/0.000017103
-83/200: 436684.437500/1395.119962/435289.312500/0.000015099
-84/200: 436682.781250/1395.207181/435287.562500/0.000003793
-85/200: 436690.218750/1395.294529/435294.937500/0.000017032
-86/200: 436690.687500/1395.380458/435295.312500/0.000001073
-87/200: 436691.968750/1395.467103/435296.500000/0.000002934
-88/200: 436696.093750/1395.553317/435300.531250/0.000009446
-89/200: 436692.500000/1395.638415/435296.875000/0.000008229
-90/200: 436696.062500/1395.723033/435300.343750/0.000008158
-91/200: 436695.406250/1395.806101/435299.593750/0.000001503
-92/200: 436699.687500/1395.888814/435303.812500/0.000009804
-93/200: 436697.468750/1395.971132/435301.500000/0.000005081
-94/200: 436704.750000/1396.052743/435308.687500/0.000016673
-95/200: 436702.031250/1396.134144/435305.906250/0.000006226
-96/200: 436698.156250/1396.215535/435301.937500/0.000008873
-97/200: 436703.062500/1396.296424/435306.781250/0.000011235
-98/200: 436706.343750/1396.375956/435309.968750/0.000007514
-99/200: 436707.937500/1396.455668/435311.468750/0.000003649
Recall at EP-100 ...
  Columns 1 through 7

    0.0232    0.0402    0.0537    0.0637    0.0721    0.0809    0.0880

  Columns 8 through 10

    0.0935    0.0986    0.1031

Mrr at EP-100 ...
    0.0065

-100/200: 436704.531250/1396.534947/435308.000000/0.000007800
-101/200: 436702.906250/1396.612322/435306.281250/0.000003721
-102/200: 436707.031250/1396.690067/435310.343750/0.000009446
-103/200: 436714.000000/1396.766847/435317.218750/0.000015957
-104/200: 436707.750000/1396.842628/435310.906250/0.000014311
-105/200: 436713.593750/1396.917730/435316.687500/0.000013381
-106/200: 436709.625000/1396.993344/435312.625000/0.000009088
-107/200: 436713.468750/1397.068401/435316.406250/0.000008802
-108/200: 436718.718750/1397.141734/435321.562500/0.000012022
-109/200: 436713.687500/1397.214624/435316.468750/0.000011521
-110/200: 436712.687500/1397.287406/435315.406250/0.000002290
-111/200: 436720.843750/1397.360478/435323.468750/0.000018676
-112/200: 436720.281250/1397.432897/435322.843750/0.000001288
-113/200: 436718.406250/1397.504541/435320.906250/0.000004293
-114/200: 436716.625000/1397.575640/435319.062500/0.000004079
-115/200: 436720.500000/1397.646347/435322.843750/0.000008873
-116/200: 436719.625000/1397.716215/435321.906250/0.000002004
-117/200: 436725.187500/1397.785237/435327.406250/0.000012737
-118/200: 436724.218750/1397.854632/435326.375000/0.000002218
-119/200: 436728.343750/1397.922695/435330.406250/0.000009445
-120/200: 436726.375000/1397.989501/435328.375000/0.000004508
-121/200: 436730.562500/1398.055431/435332.500000/0.000009588
-122/200: 436731.437500/1398.120882/435333.312500/0.000002004
-123/200: 436729.062500/1398.186523/435330.875000/0.000005438
-124/200: 436730.781250/1398.250536/435332.531250/0.000003936
-125/200: 436732.031250/1398.314443/435333.718750/0.000002862
-126/200: 436732.218750/1398.377986/435333.843750/0.000000429
-127/200: 436732.281250/1398.441738/435333.843750/0.000000143
-128/200: 436732.875000/1398.504636/435334.375000/0.000001360
-129/200: 436733.406250/1398.565387/435334.843750/0.000001216
-130/200: 436739.375000/1398.626726/435340.750000/0.000013667
-131/200: 436734.250000/1398.687470/435335.562500/0.000011735
-132/200: 436739.593750/1398.747976/435340.843750/0.000012236
-133/200: 436741.093750/1398.808531/435342.281250/0.000003435
-134/200: 436745.531250/1398.867710/435346.656250/0.000010160
-135/200: 436737.937500/1398.926537/435339.000000/0.000017387
-136/200: 436740.406250/1398.983936/435341.437500/0.000005653
-137/200: 436746.343750/1399.041396/435347.312500/0.000013595
-138/200: 436744.937500/1399.098109/435345.843750/0.000003220
-139/200: 436743.937500/1399.153414/435344.781250/0.000002290
-140/200: 436747.562500/1399.209236/435348.343750/0.000008300
-141/200: 436748.906250/1399.265184/435349.656250/0.000003077
-142/200: 436746.406250/1399.319453/435347.093750/0.000005724
-143/200: 436749.406250/1399.373871/435350.031250/0.000006869
-144/200: 436751.156250/1399.427057/435351.718750/0.000004007
-145/200: 436753.343750/1399.480660/435353.875000/0.000005009
-146/200: 436752.687500/1399.533006/435353.156250/0.000001503
-147/200: 436754.093750/1399.584693/435354.500000/0.000003220
-148/200: 436750.843750/1399.635066/435351.218750/0.000007441
-149/200: 436754.656250/1399.685565/435354.968750/0.000008729
-150/200: 436756.343750/1399.736104/435356.593750/0.000003864
-151/200: 436757.250000/1399.786522/435357.468750/0.000002075
-152/200: 436757.000000/1399.835484/435357.156250/0.000000572
-153/200: 436758.125000/1399.883870/435358.250000/0.000002576
-154/200: 436759.937500/1399.931799/435360.000000/0.000004150
-155/200: 436759.062500/1399.979682/435359.093750/0.000002003
-156/200: 436760.406250/1400.027114/435360.375000/0.000003077
-157/200: 436764.875000/1400.073855/435364.812500/0.000010232
-158/200: 436764.000000/1400.119593/435363.875000/0.000002003
-159/200: 436765.562500/1400.166057/435365.406250/0.000003577
-160/200: 436766.312500/1400.211370/435366.093750/0.000001717
-161/200: 436763.156250/1400.256251/435362.906250/0.000007226
-162/200: 436765.468750/1400.300106/435365.156250/0.000005295
-163/200: 436770.093750/1400.344043/435369.750000/0.000010589
-164/200: 436766.875000/1400.387742/435366.500000/0.000007369
-165/200: 436771.718750/1400.430726/435371.281250/0.000011090
-166/200: 436770.187500/1400.473135/435369.718750/0.000003506
-167/200: 436770.187500/1400.515182/435369.687500/0.000000000
Start evaluating ...
  Columns 1 through 7

    0.0228    0.0395    0.0534    0.0637    0.0718    0.0815    0.0875

  Columns 8 through 10

    0.0930    0.0982    0.1021

    0.0062

Elapsed time is 33960.570772 seconds.
