nohup: ignoring input

                            < M A T L A B (R) >
                  Copyright 1984-2016 The MathWorks, Inc.
                   R2016a (9.0.0.341360) 64-bit (glnxa64)
                             February 11, 2016

 
To get started, type one of these: helpwin, helpdesk, or demo.
For product information, visit www.mathworks.com.
 

	Academic License

Start learning ...
Init data [Dtype: delicious - Dspec: sp2/1050]
Init social model
Using adagrad ...
Could not use CUDA
Params [lbd-U: 100.0000|lbd-V: 100.0000|lbd-N: 100.0000|lbd-Q: 0.1000]
Staring Sample 2 - Loc: save/ctrsmf/delicious-alg90-sp2-cold20170224205544733 
CTR-SMF Running ...

iter time likelihood converge
0001 000058 -11679100.97927 1.0000000000
0002 000112 -11363476.06778 0.0270247609
0003 000165 -11118415.43256 0.0215656401
0004 000218 -11044372.27876 0.0066595060
0005 000313 -11008131.32564 0.0032813955
0006 000433 -10981010.31578 0.0024637251
0007 000539 -10962211.64799 0.0017119252
0008 000653 -10949908.28799 0.0011223429
0009 000762 -10941032.72754 0.0008105603
0010 000882 -10934049.43573 0.0006382662
0011 000991 -10928205.08108 0.0005345096
0012 001110 -10923159.98618 0.0004616581
0013 001230 -10918737.58932 0.0004048642
0014 001351 -10914824.52935 0.0003583803
0015 001467 -10911337.91925 0.0003194380
0016 001584 -10908212.79712 0.0002864105
0017 001706 -10905395.97473 0.0002582295
0018 001817 -10902843.11442 0.0002340915
0019 001935 -10900516.95477 0.0002133535
0020 002052 -10898386.11309 0.0001954808
0021 002169 -10896424.27754 0.0001800116
0022 002285 -10894609.64605 0.0001665346
0023 002398 -10892924.05589 0.0001547178
0024 002515 -10891351.82005 0.0001443355
0025 002624 -10889879.12376 0.0001352170
0026 002733 -10888493.86188 0.0001272064
0027 002845 -10887185.63216 0.0001201479
0028 002956 -10885945.77591 0.0001138822
0029 003073 -10884767.24347 0.0001082618
0030 003185 -10883644.16871 0.0001031786
0031 003296 -10882571.43284 0.0000985640
0032 003408 -10881544.48885 0.0000943659
0033 003524 -10880559.40413 0.0000905280
0034 003636 -10879612.95268 0.0000869856
0035 003749 -10878702.46345 0.0000836876
0036 003858 -10877825.75992 0.0000805890
0037 003968 -10876981.35796 0.0000776260
0038 004081 -10876168.47810 0.0000747340
0039 004195 -10875386.95018 0.0000718569
0040 004308 -10874637.36889 0.0000689246
0041 004432 -10873921.24836 0.0000658524
0042 004547 -10873240.15099 0.0000626359
0043 004658 -10872594.86556 0.0000593462
0044 004767 -10871985.49189 0.0000560468
0045 004891 -10871411.30986 0.0000528130
0046 005003 -10870870.76686 0.0000497215
0047 005113 -10870361.82004 0.0000468175
0048 005223 -10869882.32440 0.0000441104
0049 005338 -10869430.24326 0.0000415903
0050 005455 -10869003.89399 0.0000392246
0051 005565 -10868602.13579 0.0000369637
0052 005680 -10868224.33136 0.0000347611
0053 005791 -10867870.21430 0.0000325828
0054 005900 -10867539.65086 0.0000304166
0055 006016 -10867232.27975 0.0000282834
0056 006126 -10866947.31582 0.0000262223
0057 006238 -10866683.63899 0.0000242641
0058 006349 -10866439.95795 0.0000224246
0059 006459 -10866214.77145 0.0000207231
0060 006569 -10866006.32804 0.0000191827
0061 006684 -10865813.02889 0.0000177893
0062 006799 -10865633.83052 0.0000164919
0063 006913 -10865467.66964 0.0000152923
0064 007019 -10865313.32926 0.0000142047
0065 007123 -10865169.91747 0.0000131990
0066 007230 -10865036.84734 0.0000122474
0067 007336 -10864913.54830 0.0000113482
0068 007443 -10864799.31929 0.0000105136
0069 007553 -10864693.34606 0.0000097538
Start evaluating ...
  Columns 1 through 7

    0.0046    0.0089    0.0127    0.0156    0.0175    0.0195    0.0216

  Columns 8 through 10

    0.0234    0.0249    0.0263

    0.0015

Elapsed time is 7655.417130 seconds.
