nohup: ignoring input

                            < M A T L A B (R) >
                  Copyright 1984-2016 The MathWorks, Inc.
                   R2016a (9.0.0.341360) 64-bit (glnxa64)
                             February 11, 2016

 
To get started, type one of these: helpwin, helpdesk, or demo.
For product information, visit www.mathworks.com.
 

	Academic License

Start learning ...
Init data [Dtype: delicious - Dspec: sp2/1050]
Init social model
Using adagrad ...
Could not use CUDA
Params [lbd-U: 0.1000|lbd-V: 0.0100|lbd-N: 0.1000|lbd-Q: 0.1000]
Staring Sample 2 - Loc: save/ctrsmf/delicious-alg90-sp2-cold20170224205545832 
CTR-SMF Running ...

iter time likelihood converge
0001 000098 -11663125.51311 1.0000000000
0002 000151 -11348942.63190 0.0269381377
0003 000204 -11104658.20358 0.0215248624
0004 000275 -11030596.99681 0.0066693819
0005 000392 -10994088.03746 0.0033097900
0006 000504 -10966699.30265 0.0024912239
0007 000614 -10947784.61681 0.0017247383
0008 000725 -10935399.64302 0.0011312767
0009 000838 -10926436.84183 0.0008196135
0010 000952 -10919364.61382 0.0006472584
0011 001070 -10913436.13391 0.0005429327
0012 001182 -10908315.38000 0.0004692155
0013 001296 -10903825.88279 0.0004115665
0014 001423 -10899852.69882 0.0003643844
0015 001544 -10896311.16903 0.0003249154
0016 001664 -10893135.00654 0.0002914897
0017 001781 -10890270.23495 0.0002629887
0018 001892 -10887672.16752 0.0002385678
0019 002018 -10885303.44255 0.0002175603
0020 002138 -10883132.61028 0.0001994278
0021 002251 -10881133.17780 0.0001837185
0022 002365 -10879283.03196 0.0001700325
0023 002476 -10877563.74862 0.0001580328
0024 002584 -10875959.52129 0.0001474804
0025 002696 -10874456.52070 0.0001381948
0026 002805 -10873042.72824 0.0001300104
0027 002918 -10871707.91351 0.0001227637
0028 003027 -10870443.60522 0.0001162934
0029 003138 -10869242.82575 0.0001104628
0030 003249 -10868099.59960 0.0001051799
0031 003360 -10867008.57220 0.0001003881
0032 003467 -10865964.88709 0.0000960416
0033 003578 -10864964.26771 0.0000920875
0034 003696 -10864003.14339 0.0000884609
0035 003805 -10863078.51754 0.0000851091
0036 003918 -10862187.92067 0.0000819838
0037 004032 -10861329.56696 0.0000790222
0038 004143 -10860502.33708 0.0000761629
0039 004252 -10859705.67570 0.0000733540
0040 004365 -10858939.77036 0.0000705273
0041 004474 -10858205.94814 0.0000675777
0042 004583 -10857506.03120 0.0000644597
0043 004693 -10856841.25804 0.0000612271
0044 004806 -10856212.23386 0.0000579380
0045 004916 -10855618.75809 0.0000546669
0046 005028 -10855059.67891 0.0000515014
0047 005139 -10854533.19162 0.0000485016
0048 005249 -10854037.40885 0.0000456752
0049 005363 -10853570.68013 0.0000430005
0050 005474 -10853131.62417 0.0000404527
0051 005589 -10852719.28956 0.0000379922
0052 005702 -10852333.14698 0.0000355803
0053 005816 -10851972.77039 0.0000332073
0054 005926 -10851637.53374 0.0000308918
0055 006042 -10851326.52649 0.0000286599
0056 006161 -10851038.59387 0.0000265343
0057 006276 -10850772.37016 0.0000245344
0058 006385 -10850526.43895 0.0000226649
0059 006493 -10850299.43214 0.0000209213
0060 006603 -10850089.95200 0.0000193064
0061 006712 -10849896.50816 0.0000178288
0062 006822 -10849717.56118 0.0000164930
0063 006935 -10849551.63304 0.0000152933
0064 007050 -10849397.35106 0.0000142201
0065 007166 -10849253.39073 0.0000132690
0066 007284 -10849118.53522 0.0000124299
0067 007395 -10848992.01920 0.0000116614
0068 007513 -10848873.37732 0.0000109358
0069 007627 -10848761.93891 0.0000102719
0070 007736 -10848657.13461 0.0000096605
Start evaluating ...
  Columns 1 through 7

    0.0117    0.0132    0.0142    0.0149    0.0153    0.0156    0.0160

  Columns 8 through 10

    0.0164    0.0168    0.0170

    0.0041

Elapsed time is 7843.000907 seconds.
