nohup: ignoring input

                            < M A T L A B (R) >
                  Copyright 1984-2016 The MathWorks, Inc.
                   R2016a (9.0.0.341360) 64-bit (glnxa64)
                             February 11, 2016

 
To get started, type one of these: helpwin, helpdesk, or demo.
For product information, visit www.mathworks.com.
 

	Academic License

Start learning ...
Init data [Dtype: delicious - Dspec: sp2/1050]
Init social model
Using adagrad ...
Load pretrained shallow-model...
Params [lbd-U: 1.0000|lbd-V: 1.0000|lbd-N: 1.0000|lbd-Q: 0.1000]
Staring Sample 2 - Loc: save/bcdl/delicious-alg61-sp2-cold20170224185237831 
CTR(chongwang)-DAE(User graph) Running - Walks(1)...
-1/200: 442147.781250/6366.814313/435780.968750/1.000000000
-2/200: 438930.281250/3806.485498/435123.781250/0.007276979
-3/200: 438405.125000/3224.900471/435180.218750/0.001196446
-4/200: 438391.312500/3205.179498/435186.125000/0.000031506
-5/200: 438371.343750/3195.619558/435175.718750/0.000045550
-6/200: 438364.937500/3188.433544/435176.500000/0.000014614
-7/200: 438381.406250/3182.710642/435198.687500/0.000037569
-8/200: 438381.562500/3178.117274/435203.437500/0.000000356
-9/200: 438374.625000/3174.483396/435200.156250/0.000015825
-10/200: 438375.500000/3171.661856/435203.843750/0.000001996
-11/200: 438366.468750/3169.522197/435196.937500/0.000020602
-12/200: 438358.781250/3167.951384/435190.843750/0.000017537
-13/200: 438369.906250/3166.847547/435203.062500/0.000025379
-14/200: 438375.281250/3166.127473/435209.156250/0.000012261
-15/200: 438366.312500/3165.726259/435200.593750/0.000020459
-16/200: 438367.250000/3165.580511/435201.656250/0.000002139
-17/200: 438375.656250/3165.644526/435210.000000/0.000019176
-18/200: 438389.656250/3165.877985/435223.781250/0.000031936
-19/200: 438381.062500/3166.252445/435214.812500/0.000019603
-20/200: 438385.468750/3166.734927/435218.718750/0.000010051
-21/200: 438374.062500/3167.307065/435206.750000/0.000026019
-22/200: 438389.843750/3167.943225/435221.906250/0.000036000
-23/200: 438395.687500/3168.629476/435227.062500/0.000013330
-24/200: 438403.031250/3169.349643/435233.687500/0.000016751
-25/200: 438393.031250/3170.093103/435222.937500/0.000022810
-26/200: 438395.437500/3170.848168/435224.593750/0.000005489
-27/200: 438391.406250/3171.602796/435219.812500/0.000009195
-28/200: 438412.843750/3172.350666/435240.500000/0.000048900
-29/200: 438411.718750/3173.086508/435238.625000/0.000002566
-30/200: 438406.218750/3173.806001/435232.406250/0.000012545
-31/200: 438407.062500/3174.500739/435232.562500/0.000001925
-32/200: 438415.718750/3175.172423/435240.531250/0.000019745
-33/200: 438392.812500/3175.815208/435217.000000/0.000052248
-34/200: 438417.187500/3176.430267/435240.750000/0.000055601
-35/200: 438399.406250/3177.012012/435222.406250/0.000040558
-36/200: 438415.187500/3177.563384/435237.625000/0.000035997
-37/200: 438417.687500/3178.082332/435239.593750/0.000005702
-38/200: 438413.531250/3178.568724/435234.968750/0.000009480
-39/200: 438420.656250/3179.024444/435241.625000/0.000016252
-40/200: 438417.875000/3179.448172/435238.437500/0.000006344
-41/200: 438431.843750/3179.842037/435252.000000/0.000031862
-42/200: 438434.250000/3180.205942/435254.031250/0.000005488
-43/200: 438431.562500/3180.540497/435251.031250/0.000006130
-44/200: 438433.968750/3180.846266/435253.125000/0.000005488
-45/200: 438432.125000/3181.127632/435251.000000/0.000004205
-46/200: 438432.250000/3181.385874/435250.875000/0.000000285
-47/200: 438439.531250/3181.620631/435257.906250/0.000016607
-48/200: 438439.187500/3181.834994/435257.343750/0.000000784
-49/200: 438428.750000/3182.030679/435246.718750/0.000023806
-50/200: 438433.625000/3182.209428/435251.406250/0.000011119
-51/200: 438434.187500/3182.371679/435251.812500/0.000001283
-52/200: 438449.187500/3182.520489/435266.656250/0.000034213
-53/200: 438434.437500/3182.658580/435251.781250/0.000033641
-54/200: 438441.593750/3182.787490/435258.812500/0.000016322
-55/200: 438441.093750/3182.904531/435258.187500/0.000001140
-56/200: 438441.156250/3183.013511/435258.156250/0.000000143
-57/200: 438445.500000/3183.119246/435262.375000/0.000009907
-58/200: 438450.812500/3183.218889/435267.593750/0.000012117
-59/200: 438448.031250/3183.313224/435264.718750/0.000006343
-60/200: 438449.531250/3183.402767/435266.125000/0.000003421
-61/200: 438441.687500/3183.489130/435258.187500/0.000017890
-62/200: 438455.781250/3183.575030/435272.218750/0.000032145
-63/200: 438449.187500/3183.658627/435265.531250/0.000015039
-64/200: 438463.718750/3183.741139/435279.968750/0.000033142
-65/200: 438464.281250/3183.824811/435280.468750/0.000001283
-66/200: 438462.843750/3183.908829/435278.937500/0.000003278
-67/200: 438453.093750/3183.992388/435269.093750/0.000022237
-68/200: 438454.250000/3184.075469/435270.187500/0.000002637
-69/200: 438456.718750/3184.159194/435272.562500/0.000005631
-70/200: 438456.500000/3184.243318/435272.250000/0.000000499
-71/200: 438466.125000/3184.329746/435281.781250/0.000021952
-72/200: 438461.187500/3184.414628/435276.781250/0.000011261
-73/200: 438471.812500/3184.501524/435287.312500/0.000024232
-74/200: 438467.625000/3184.590568/435283.031250/0.000009550
-75/200: 438464.250000/3184.678736/435279.562500/0.000007697
-76/200: 438474.218750/3184.767376/435289.437500/0.000022736
-77/200: 438476.312500/3184.857274/435291.468750/0.000004775
-78/200: 438476.343750/3184.945865/435291.406250/0.000000071
-79/200: 438466.093750/3185.035809/435281.062500/0.000023376
-80/200: 438467.687500/3185.124757/435282.562500/0.000003635
-81/200: 438473.750000/3185.214086/435288.531250/0.000013827
-82/200: 438481.156250/3185.304370/435295.843750/0.000016891
-83/200: 438474.625000/3185.395026/435289.218750/0.000014895
-84/200: 438472.812500/3185.483759/435287.343750/0.000004134
-85/200: 438480.281250/3185.574384/435294.718750/0.000017034
-86/200: 438480.750000/3185.663141/435295.093750/0.000001069
-87/200: 438482.093750/3185.753321/435296.343750/0.000003065
-88/200: 438486.156250/3185.844027/435300.312500/0.000009265
-89/200: 438482.687500/3185.933142/435296.750000/0.000007911
-90/200: 438486.156250/3186.022406/435300.125000/0.000007911
-91/200: 438485.531250/3186.109736/435299.406250/0.000001425
-92/200: 438489.812500/3186.197677/435303.625000/0.000009764
-93/200: 438487.718750/3186.285323/435301.437500/0.000004775
-94/200: 438494.906250/3186.372219/435308.531250/0.000016392
-95/200: 438492.187500/3186.459391/435305.718750/0.000006200
-96/200: 438488.281250/3186.547326/435301.718750/0.000008908
-97/200: 438493.250000/3186.634583/435306.625000/0.000011332
-98/200: 438496.437500/3186.721220/435309.718750/0.000007269
-99/200: 438498.031250/3186.807798/435311.218750/0.000003635
Recall at EP-100 ...
  Columns 1 through 7

    0.0219    0.0365    0.0467    0.0546    0.0616    0.0675    0.0734

  Columns 8 through 10

    0.0790    0.0835    0.0874

Mrr at EP-100 ...
    0.0061

-100/200: 438494.781250/3186.894222/435307.875000/0.000007412
-101/200: 438493.093750/3186.978186/435306.125000/0.000003848
-102/200: 438497.218750/3187.063797/435310.156250/0.000009407
-103/200: 438504.375000/3187.147922/435317.218750/0.000016320
-104/200: 438497.968750/3187.230609/435310.750000/0.000014609
-105/200: 438503.937500/3187.313714/435316.625000/0.000013612
-106/200: 438499.843750/3187.397208/435312.437500/0.000009336
-107/200: 438503.593750/3187.480637/435316.125000/0.000008552
-108/200: 438509.000000/3187.561962/435321.437500/0.000012329
-109/200: 438503.843750/3187.643343/435316.187500/0.000011759
-110/200: 438503.093750/3187.723824/435315.375000/0.000001710
-111/200: 438511.156250/3187.805979/435323.343750/0.000018386
-112/200: 438510.562500/3187.887246/435322.687500/0.000001354
-113/200: 438508.750000/3187.967577/435320.781250/0.000004133
-114/200: 438506.875000/3188.047583/435318.812500/0.000004276
-115/200: 438510.781250/3188.127556/435322.656250/0.000008908
-116/200: 438509.906250/3188.206204/435321.687500/0.000001995
-117/200: 438515.531250/3188.284224/435327.250000/0.000012828
-118/200: 438514.500000/3188.363016/435326.125000/0.000002352
-119/200: 438518.625000/3188.440378/435330.187500/0.000009407
-120/200: 438516.781250/3188.516062/435328.250000/0.000004204
-121/200: 438521.062500/3188.591215/435332.468750/0.000009763
-122/200: 438521.687500/3188.665499/435333.031250/0.000001425
-123/200: 438519.406250/3188.739673/435330.656250/0.000005202
-124/200: 438521.250000/3188.812547/435332.437500/0.000004204
-125/200: 438522.437500/3188.885805/435333.562500/0.000002708
-126/200: 438522.531250/3188.958125/435333.562500/0.000000214
-127/200: 438522.781250/3189.031695/435333.750000/0.000000570
-128/200: 438523.250000/3189.103678/435334.156250/0.000001069
-129/200: 438523.875000/3189.173193/435334.687500/0.000001425
-130/200: 438529.718750/3189.243455/435340.468750/0.000013326
-131/200: 438524.718750/3189.313635/435335.406250/0.000011402
-132/200: 438530.000000/3189.383625/435340.625000/0.000012043
-133/200: 438531.500000/3189.453517/435342.031250/0.000003421
-134/200: 438536.093750/3189.521983/435346.562500/0.000010475
-135/200: 438528.406250/3189.590118/435338.812500/0.000017530
-136/200: 438530.906250/3189.656220/435341.250000/0.000005701
-137/200: 438536.781250/3189.722652/435347.062500/0.000013397
-138/200: 438535.375000/3189.788362/435345.593750/0.000003207
-139/200: 438534.437500/3189.852688/435344.593750/0.000002138
-140/200: 438537.968750/3189.917665/435348.062500/0.000008052
-141/200: 438539.437500/3189.982574/435349.468750/0.000003349
-142/200: 438536.906250/3190.045587/435346.875000/0.000005772
-143/200: 438539.843750/3190.109118/435349.750000/0.000006698
-144/200: 438541.718750/3190.171339/435351.562500/0.000004276
-145/200: 438543.875000/3190.234137/435353.656250/0.000004917
-146/200: 438543.312500/3190.295196/435353.031250/0.000001283
-147/200: 438544.593750/3190.355617/435354.250000/0.000002922
-148/200: 438541.437500/3190.414652/435351.031250/0.000007197
-149/200: 438545.218750/3190.473694/435354.750000/0.000008622
-150/200: 438546.875000/3190.533088/435356.343750/0.000003777
-151/200: 438547.812500/3190.592317/435357.218750/0.000002138
-152/200: 438547.562500/3190.649726/435356.906250/0.000000570
-153/200: 438548.718750/3190.706840/435358.000000/0.000002637
-154/200: 438550.562500/3190.762962/435359.812500/0.000004204
-155/200: 438549.562500/3190.819017/435358.750000/0.000002280
-156/200: 438551.156250/3190.874923/435360.281250/0.000003634
-157/200: 438555.562500/3190.930054/435364.625000/0.000010047
-158/200: 438554.593750/3190.984138/435363.625000/0.000002209
-159/200: 438556.312500/3191.039140/435365.281250/0.000003919
-160/200: 438556.937500/3191.092440/435365.843750/0.000001425
-161/200: 438553.718750/3191.145267/435362.562500/0.000007339
-162/200: 438556.156250/3191.197538/435364.968750/0.000005558
-163/200: 438560.906250/3191.249376/435369.656250/0.000010831
-164/200: 438557.593750/3191.301488/435366.281250/0.000007553
-165/200: 438562.406250/3191.352307/435371.062500/0.000010973
-166/200: 438560.812500/3191.402451/435369.406250/0.000003634
-167/200: 438561.000000/3191.452306/435369.562500/0.000000428
-168/200: 438563.718750/3191.502028/435372.218750/0.000006199
-169/200: 438563.406250/3191.550360/435371.843750/0.000000713
-170/200: 438565.000000/3191.598916/435373.406250/0.000003634
-171/200: 438565.312500/3191.646998/435373.656250/0.000000713
-172/200: 438568.031250/3191.693909/435376.343750/0.000006199
-173/200: 438565.625000/3191.740729/435373.875000/0.000005487
-174/200: 438572.406250/3191.787794/435380.625000/0.000015462
-175/200: 438567.781250/3191.833698/435375.937500/0.000010546
-176/200: 438572.343750/3191.880184/435380.468750/0.000010403
-177/200: 438574.281250/3191.925745/435382.343750/0.000004418
-178/200: 438572.625000/3191.970121/435380.656250/0.000003776
-179/200: 438573.750000/3192.014301/435381.750000/0.000002565
-180/200: 438571.812500/3192.058100/435379.750000/0.000004418
-181/200: 438577.062500/3192.101993/435384.968750/0.000011971
-182/200: 438576.156250/3192.144497/435384.000000/0.000002066
-183/200: 438578.562500/3192.187478/435386.375000/0.000005487
-184/200: 438579.593750/3192.230578/435387.375000/0.000002351
-185/200: 438581.437500/3192.272711/435389.156250/0.000004204
-186/200: 438579.937500/3192.314144/435387.625000/0.000003420
-187/200: 438580.343750/3192.354614/435388.000000/0.000000926
-188/200: 438583.156250/3192.394980/435390.750000/0.000006413
-189/200: 438584.312500/3192.435240/435391.875000/0.000002636
-190/200: 438584.281250/3192.474763/435391.812500/0.000000071
Start evaluating ...
  Columns 1 through 7

    0.0208    0.0353    0.0461    0.0541    0.0609    0.0676    0.0734

  Columns 8 through 10

    0.0786    0.0835    0.0874

    0.0058

Elapsed time is 36075.600502 seconds.
