nohup: ignoring input

                            < M A T L A B (R) >
                  Copyright 1984-2016 The MathWorks, Inc.
                   R2016a (9.0.0.341360) 64-bit (glnxa64)
                             February 11, 2016

 
To get started, type one of these: helpwin, helpdesk, or demo.
For product information, visit www.mathworks.com.
 

	Academic License

Start learning ...
Init data [Dtype: delicious - Dspec: sp2/2550]
Init social model
Using adagrad ...
Params [lbd-U: 100.0000|lbd-V: 100.0000|lbd-N: 100.0000|lbd-Q: 0.0500]
Staring Sample 2 - Loc: save/ctr/delicious-alg80-sp2-cold20170225193319468 
CTR(chongwang) Running ...

iter time likelihood:[r:u:v] converge
0001 000282 -14472.50000:[0.00000:0.00000:-0.00000] 1.0000000000
0002 000550 -14458.92138:[27.47663:-13.67749:-0.03703] 0.0009382357
0003 000824 -14458.25771:[28.81180:-14.34536:-0.03841] 0.0000459005
0004 001100 -14458.26091:[28.66005:-14.19726:-0.03812] 0.0000002214
Start evaluating ...
  Columns 1 through 7

    0.0006    0.0008    0.0010    0.0012    0.0013    0.0014    0.0015

  Columns 8 through 10

    0.0016    0.0018    0.0021

   1.8064e-04

Elapsed time is 1244.440038 seconds.
