nohup: ignoring input

                            < M A T L A B (R) >
                  Copyright 1984-2016 The MathWorks, Inc.
                   R2016a (9.0.0.341360) 64-bit (glnxa64)
                             February 11, 2016

 
To get started, type one of these: helpwin, helpdesk, or demo.
For product information, visit www.mathworks.com.
 

	Academic License

Start learning ...
Init data [Dtype: delicious - Dspec: sp2/0550]
Init social model
Using adagrad ...
Params [lbd-U: 0.0100|lbd-V: 1.0000|lbd-N: 0.0100|lbd-Q: 0.1000]
Staring Sample 2 - Loc: save/ctr/delicious-alg80-sp2-cold20170224185119709 
CTR(chongwang) Running ...

iter time likelihood:[r:u:v] converge
0001 000066 -2300.00000:[0.00000:0.00000:0.00000] 1.0000000000
0002 000126 -484.90749:[4143.16832:-242.18330:-74.51537] 0.7891706545
0003 000185 -442.16113:[4128.07295:-194.35620:-83.00527] 0.0881536384
0004 000244 -424.38431:[4113.15557:-172.88697:-87.91861] 0.0402044138
0005 000307 -413.35101:[4099.96683:-158.34081:-92.37064] 0.0259983526
0006 000374 -406.26733:[4088.79945:-147.81265:-96.23355] 0.0171372096
0007 000430 -401.43313:[4079.66222:-139.97109:-99.30516] 0.0118990677
0008 000486 -397.95894:[4072.31246:-134.08379:-101.66223] 0.0086544567
0009 000542 -395.38211:[4066.44170:-129.63295:-103.45839] 0.0064751260
0010 000598 -393.43369:[4061.76631:-126.24177:-104.83196] 0.0049279252
0011 000654 -391.94382:[4058.04784:-123.64063:-105.89016] 0.0037868538
0012 000710 -390.79840:[4055.09218:-121.63596:-106.71278] 0.0029224005
0013 000766 -389.91688:[4052.74352:-120.08662:-107.35833] 0.0022556921
0014 000823 -389.24053:[4050.87724:-118.88800:-107.87012] 0.0017346125
0015 000879 -388.72557:[4049.39378:-117.96141:-108.28051] 0.0013229653
0016 000935 -388.33881:[4048.21364:-117.24692:-108.61396] 0.0009949571
0017 000992 -388.05461:[4047.27352:-116.69847:-108.88902] 0.0007318270
0018 001048 -387.85295:[4046.52306:-116.28035:-109.11978] 0.0005196705
0019 001105 -387.71798:[4045.92230:-115.96475:-109.31701] 0.0003480013
0020 001161 -387.63703:[4045.43958:-115.72986:-109.48886] 0.0002087801
0021 001241 -387.59991:[4045.04982:-115.55854:-109.64157] 0.0000957597
0022 001331 -387.59834:[4044.73324:-115.43727:-109.77982] 0.0000040439
Start evaluating ...
  Columns 1 through 7

    0.0005    0.0008    0.0011    0.0015    0.0016    0.0020    0.0022

  Columns 8 through 10

    0.0026    0.0030    0.0032

   3.8764e-04

Elapsed time is 1460.202799 seconds.
