nohup: ignoring input

                            < M A T L A B (R) >
                  Copyright 1984-2016 The MathWorks, Inc.
                   R2016a (9.0.0.341360) 64-bit (glnxa64)
                             February 11, 2016

 
To get started, type one of these: helpwin, helpdesk, or demo.
For product information, visit www.mathworks.com.
 

	Academic License

Start learning ...
Init data [Dtype: delicious - Dspec: sp2/0550]
Init social model
Using adagrad ...
Params [lbd-U: 10.0000|lbd-V: 0.1000|lbd-N: 10.0000|lbd-Q: 0.1000]
Staring Sample 2 - Loc: save/ctrsmf/delicious-alg90-sp2-cold20170224185112484 
CTR-SMF Running ...

iter time likelihood converge
0001 000080 -5315249.45774 1.0000000000
0002 000154 -5153251.73225 0.0304779158
0003 000229 -5040842.98864 0.0218131676
0004 000306 -5004038.31445 0.0073012935
0005 000383 -4985405.99504 0.0037234566
0006 000447 -4970588.90486 0.0029720930
0007 000512 -4960403.80927 0.0020490722
0008 000576 -4954114.28376 0.0012679463
0009 000641 -4949826.59256 0.0008654809
0010 000706 -4946610.06439 0.0006498264
0011 000771 -4943997.11674 0.0005282300
0012 000835 -4941778.81014 0.0004486869
0013 000895 -4939857.86640 0.0003887150
0014 000960 -4938175.25520 0.0003406194
0015 001024 -4936688.59824 0.0003010539
0016 001089 -4935365.59314 0.0002679944
0017 001154 -4934180.76815 0.0002400683
0018 001228 -4933113.48412 0.0002163042
0019 001324 -4932146.63622 0.0001959914
0020 001420 -4931265.82992 0.0001785848
0021 001511 -4930458.86984 0.0001636416
0022 001600 -4929715.43730 0.0001507836
0023 001693 -4929026.86208 0.0001396785
0024 001786 -4928385.91534 0.0001300352
0025 001874 -4927786.59294 0.0001216062
0026 001954 -4927223.89261 0.0001141893
0027 002027 -4926693.60765 0.0001076235
0028 002102 -4926192.15769 0.0001017822
0029 002178 -4925716.46713 0.0000965635
0030 002254 -4925263.89266 0.0000918799
0031 002332 -4924832.18560 0.0000876516
0032 002411 -4924419.48362 0.0000838002
0033 002486 -4924024.35833 0.0000802379
0034 002562 -4923645.90795 0.0000768579
0035 002647 -4923283.68895 0.0000735672
0036 002728 -4922937.39170 0.0000703387
0037 002808 -4922606.60119 0.0000671937
0038 002886 -4922290.96070 0.0000641206
0039 002963 -4921990.20015 0.0000611017
0040 003042 -4921703.91796 0.0000581639
0041 003117 -4921431.83421 0.0000552824
0042 003195 -4921173.74817 0.0000524413
0043 003268 -4920929.21757 0.0000496895
0044 003336 -4920697.92167 0.0000470025
0045 003412 -4920479.66093 0.0000443556
0046 003488 -4920274.13250 0.0000417700
0047 003561 -4920080.85880 0.0000392811
0048 003636 -4919899.28519 0.0000369046
0049 003709 -4919728.88239 0.0000346354
0050 003780 -4919569.17279 0.0000324631
0051 003851 -4919419.70843 0.0000303816
0052 003918 -4919280.05030 0.0000283891
0053 003989 -4919149.76903 0.0000264838
0054 004056 -4919028.44827 0.0000246630
0055 004121 -4918915.66011 0.0000229290
0056 004186 -4918810.90711 0.0000212960
0057 004252 -4918713.56045 0.0000197907
0058 004318 -4918622.85058 0.0000184418
0059 004383 -4918537.96889 0.0000172572
0060 004449 -4918458.24265 0.0000162093
0061 004516 -4918383.20547 0.0000152562
0062 004582 -4918312.49915 0.0000143759
0063 004647 -4918245.80620 0.0000135601
0064 004713 -4918182.85313 0.0000127999
0065 004779 -4918123.41929 0.0000120845
0066 004842 -4918067.31108 0.0000114085
0067 004907 -4918014.27070 0.0000107848
0068 004970 -4917963.99610 0.0000102225
0069 005032 -4917916.28317 0.0000097018
Start evaluating ...
  Columns 1 through 7

    0.0054    0.0066    0.0072    0.0075    0.0082    0.0086    0.0090

  Columns 8 through 10

    0.0096    0.0100    0.0103

    0.0025

Elapsed time is 5109.540701 seconds.
