nohup: ignoring input

                            < M A T L A B (R) >
                  Copyright 1984-2016 The MathWorks, Inc.
                   R2016a (9.0.0.341360) 64-bit (glnxa64)
                             February 11, 2016

 
To get started, type one of these: helpwin, helpdesk, or demo.
For product information, visit www.mathworks.com.
 

	Academic License

Start learning ...
Init data [Dtype: delicious - Dspec: sp3/2550]
Init social model
Using adagrad ...
Load pretrained shallow-model...
Params [lbd-U: 1.0000|lbd-V: 10.0000|lbd-N: 1.0000|lbd-Q: 0.0500]
Staring Sample 3 - Loc: save/bcdl/delicious-alg61-sp3-cold20170226125817124 
CTR(chongwang)-DAE(User graph) Running - Walks(1)...
-1/200: 455319.871326/19538.890272/435780.981054/1.000000000
-2/200: 450366.795465/15300.346366/435066.449099/0.010878233
-3/200: 449803.716722/14659.193607/435144.523115/0.001250267
-4/200: 449296.676357/14120.969778/435175.706579/0.001127248
-5/200: 449087.490592/13919.526339/435167.964253/0.000465585
-6/200: 449037.404238/13868.370958/435169.033280/0.000111529
-7/200: 449035.409304/13843.840366/435191.568938/0.000004443
-8/200: 449024.766208/13828.355023/435196.411185/0.000023702
-9/200: 449011.936505/13818.725299/435193.211206/0.000028572
-10/200: 449010.242092/13813.426273/435196.815819/0.000003774
-11/200: 449001.363037/13811.378837/435189.984200/0.000019775
-12/200: 448995.663455/13811.745337/435183.918118/0.000012694
-13/200: 449009.807986/13813.879034/435195.928952/0.000031503
-14/200: 449019.258781/13817.295332/435201.963449/0.000021048
-15/200: 449015.055495/13821.632769/435193.422726/0.000009361
-16/200: 449021.242151/13826.602821/435194.639330/0.000013778
-17/200: 449034.867678/13831.994809/435202.872869/0.000030345
-18/200: 449054.020425/13837.648790/435216.371635/0.000042653
-19/200: 449050.915455/13843.446654/435207.468801/0.000006914
-20/200: 449060.698989/13849.285064/435211.413925/0.000021787
-21/200: 449054.599119/13855.098459/435199.500660/0.000013584
-22/200: 449075.425688/13860.821806/435214.603882/0.000046379
-23/200: 449086.164373/13866.412636/435219.751737/0.000023913
-24/200: 449097.890996/13871.832085/435226.058911/0.000026112
-25/200: 449092.462773/13877.058464/435215.404309/0.000012087
-26/200: 449099.199666/13882.066898/435217.132768/0.000015001
-27/200: 449099.364649/13886.839992/435212.524657/0.000000367
-28/200: 449124.172800/13891.366312/435232.806488/0.000055240
-29/200: 449126.788511/13895.639411/435231.149100/0.000005824
-30/200: 449124.451080/13899.658437/435224.792643/0.000005204
-31/200: 449128.488551/13903.414892/435225.073659/0.000008990
-32/200: 449139.823034/13906.918385/435232.904649/0.000025237
-33/200: 449119.761066/13910.165195/435209.595871/0.000044668
-34/200: 449146.263169/13913.163986/435233.099183/0.000059009
-35/200: 449130.846364/13915.919058/435214.927306/0.000034325
-36/200: 449148.575630/13918.442776/435230.132854/0.000039475
-37/200: 449152.720770/13920.739445/435231.981325/0.000009229
-38/200: 449150.186648/13922.818694/435227.367954/0.000005642
-39/200: 449158.577254/13924.693671/435233.883583/0.000018681
-40/200: 449157.139256/13926.372166/435230.767090/0.000003202
-41/200: 449172.260073/13927.869879/435244.390194/0.000033665
-42/200: 449175.198485/13929.195594/435246.002891/0.000006542
-43/200: 449173.814249/13930.359943/435243.454306/0.000003082
-44/200: 449176.800317/13931.372699/435245.427618/0.000006648
-45/200: 449175.540102/13932.252664/435243.287438/0.000002806
-46/200: 449176.151077/13933.008799/435243.142278/0.000001360
-47/200: 449183.750935/13933.649385/435250.101550/0.000016920
-48/200: 449183.855524/13934.188108/435249.667416/0.000000233
-49/200: 449173.783533/13934.636522/435239.147011/0.000022423
-50/200: 449178.690727/13935.001883/435243.688844/0.000010925
-51/200: 449179.448629/13935.293232/435244.155397/0.000001687
-52/200: 449194.635311/13935.519358/435259.115953/0.000033810
-53/200: 449179.904716/13935.691810/435244.212906/0.000032793
-54/200: 449186.918656/13935.819554/435251.099102/0.000015615
-55/200: 449186.597591/13935.902982/435250.694609/0.000000715
-56/200: 449186.604292/13935.953749/435250.650543/0.000000015
-57/200: 449190.591518/13935.982368/435254.609150/0.000008877
-58/200: 449195.777060/13935.990019/435259.787041/0.000011544
-59/200: 449192.935896/13935.982714/435256.953182/0.000006325
-60/200: 449194.593963/13935.960229/435258.633734/0.000003691
-61/200: 449186.618137/13935.932146/435250.685991/0.000017756
-62/200: 449200.624023/13935.900807/435264.723216/0.000031181
-63/200: 449193.801510/13935.867352/435257.934158/0.000015188
-64/200: 449208.404965/13935.833819/435272.571146/0.000032510
-65/200: 449208.651380/13935.806027/435272.845353/0.000000549
-66/200: 449207.186592/13935.783467/435271.403125/0.000003261
-67/200: 449197.190435/13935.764578/435261.425857/0.000022253
-68/200: 449198.369965/13935.749348/435262.620617/0.000002626
-69/200: 449200.755846/13935.741041/435265.014805/0.000005311
-70/200: 449200.216638/13935.740327/435264.476311/0.000001200
-71/200: 449209.740988/13935.747809/435273.993179/0.000021203
-72/200: 449205.024461/13935.758542/435269.265919/0.000010500
-73/200: 449215.660793/13935.778630/435279.882163/0.000023678
-74/200: 449211.225010/13935.804032/435275.420978/0.000009875
-75/200: 449207.639314/13935.835183/435271.804131/0.000007982
-76/200: 449217.571977/13935.870749/435281.701228/0.000022112
-77/200: 449220.000184/13935.913057/435284.087127/0.000005405
-78/200: 449220.066233/13935.955674/435284.110559/0.000000147
-79/200: 449209.494665/13936.007101/435273.487564/0.000023533
-80/200: 449211.261238/13936.058899/435275.202339/0.000003933
-81/200: 449216.845152/13936.116228/435280.728924/0.000012430
-82/200: 449224.542551/13936.176555/435288.365996/0.000017135
-83/200: 449217.846056/13936.241528/435281.604528/0.000014907
-84/200: 449216.310619/13936.307711/435280.002908/0.000003418
-85/200: 449223.391988/13936.377060/435287.014928/0.000015764
-86/200: 449224.014814/13936.448739/435287.566075/0.000001386
-87/200: 449225.239941/13936.524492/435288.715449/0.000002727
-88/200: 449229.464962/13936.603360/435292.861602/0.000009405
-89/200: 449225.884879/13936.682820/435289.202059/0.000007969
-90/200: 449229.712297/13936.764055/435292.948242/0.000008520
-91/200: 449229.149015/13936.844951/435292.304064/0.000001254
-92/200: 449233.113773/13936.929525/435296.184248/0.000008826
-93/200: 449230.866143/13937.014490/435293.851653/0.000005003
-94/200: 449238.394300/13937.100674/435301.293626/0.000016758
-95/200: 449235.781252/13937.189382/435298.591870/0.000005817
-96/200: 449231.647539/13937.281608/435294.365931/0.000009202
-97/200: 449236.784550/13937.374827/435299.409723/0.000011435
-98/200: 449239.885741/13937.466558/435302.419183/0.000006903
-99/200: 449241.836302/13937.561329/435304.274973/0.000004342
Recall at EP-100 ...
  Columns 1 through 7

    0.0270    0.0426    0.0527    0.0605    0.0686    0.0745    0.0804

  Columns 8 through 10

    0.0854    0.0899    0.0940

Mrr at EP-100 ...
    0.0073

-100/200: 449238.109150/13937.658517/435300.450633/0.000008297
-101/200: 449236.494765/13937.751966/435298.742799/0.000003594
-102/200: 449240.677895/13937.849915/435302.827980/0.000009312
-103/200: 449247.812201/13937.948213/435309.863988/0.000015881
-104/200: 449241.843891/13938.044568/435303.799323/0.000013285
-105/200: 449247.559733/13938.143212/435309.416521/0.000012723
-106/200: 449243.347387/13938.244251/435305.103136/0.000009376
-107/200: 449247.315267/13938.346803/435308.968464/0.000008832
-108/200: 449252.850114/13938.447178/435314.402936/0.000012320
-109/200: 449247.746005/13938.547815/435309.198190/0.000011361
-110/200: 449246.802414/13938.649366/435308.153048/0.000002100
-111/200: 449254.762187/13938.755218/435316.006969/0.000017718
-112/200: 449254.581831/13938.861154/435315.720677/0.000000401
-113/200: 449252.724727/13938.966024/435313.758703/0.000004134
-114/200: 449250.831236/13939.070791/435311.760445/0.000004215
-115/200: 449254.338781/13939.177959/435315.160822/0.000007808
-116/200: 449253.843916/13939.282411/435314.561505/0.000001102
-117/200: 449259.780137/13939.387752/435320.392385/0.000013214
-118/200: 449258.633362/13939.496820/435319.136542/0.000002553
-119/200: 449262.780346/13939.603420/435323.176926/0.000009231
-120/200: 449261.052011/13939.708398/435321.343613/0.000003847
-121/200: 449265.463699/13939.814430/435325.649269/0.000009820
-122/200: 449266.368918/13939.920248/435326.448670/0.000002015
-123/200: 449263.634065/13940.028046/435323.606019/0.000006087
-124/200: 449265.852601/13940.133904/435325.718697/0.000004938
-125/200: 449266.799934/13940.239961/435326.559973/0.000002109
-126/200: 449267.136162/13940.347830/435326.788332/0.000000748
-127/200: 449267.400772/13940.456422/435326.944350/0.000000589
-128/200: 449267.426844/13940.566054/435326.860790/0.000000058
Start evaluating ...
  Columns 1 through 7

    0.0265    0.0419    0.0521    0.0603    0.0680    0.0745    0.0800

  Columns 8 through 10

    0.0849    0.0896    0.0935

    0.0073

Elapsed time is 20807.615296 seconds.
