nohup: ignoring input

                            < M A T L A B (R) >
                  Copyright 1984-2016 The MathWorks, Inc.
                   R2016a (9.0.0.341360) 64-bit (glnxa64)
                             February 11, 2016

 
To get started, type one of these: helpwin, helpdesk, or demo.
For product information, visit www.mathworks.com.
 

	Academic License

Start learning ...
Init data [Dtype: delicious - Dspec: sp3/2550]
Init social model
Using adagrad ...
Params [lbd-U: 10.0000|lbd-V: 0.0100|lbd-N: 10.0000|lbd-Q: 0.0500]
Staring Sample 3 - Loc: save/ctrsmf/delicious-alg90-sp3-cold20170226125837680 
CTR-SMF Running ...

iter time likelihood converge
0001 000207 -32156266.68519 1.0000000000
0002 000416 -31335033.18367 0.0255388323
0003 000626 -30661601.22223 0.0214913435
0004 000882 -30461966.09846 0.0065109164
0005 001175 -30370165.39293 0.0030136172
0006 001458 -30306436.36317 0.0020984090
0007 001743 -30262045.47620 0.0014647346
0008 002028 -30230815.33689 0.0010319904
0009 002312 -30206752.15588 0.0007959819
0010 002606 -30186984.37435 0.0006544160
0011 002897 -30170063.40818 0.0005605385
0012 003186 -30155258.40000 0.0004907185
0013 003478 -30142146.80642 0.0004348029
0014 003768 -30130437.56143 0.0003884675
0015 004064 -30119911.63211 0.0003493454
0016 004358 -30110396.52094 0.0003159077
0017 004651 -30101751.93296 0.0002870965
0018 004938 -30093861.30255 0.0002621319
0019 005229 -30086626.61960 0.0002404039
0020 005520 -30079965.14889 0.0002214097
0021 005807 -30073806.82935 0.0002047316
0022 006094 -30068091.85804 0.0001900315
0023 006383 -30062768.61225 0.0001770397
0024 006669 -30057792.09328 0.0001655376
0025 006954 -30053122.88033 0.0001553412
0026 007240 -30048726.55753 0.0001462851
0027 007524 -30044573.31119 0.0001382170
0028 007804 -30040637.61386 0.0001309953
0029 008092 -30036897.93224 0.0001244874
0030 008376 -30033335.89000 0.0001185889
0031 008663 -30029935.24046 0.0001132292
0032 008945 -30026681.19831 0.0001083599
0033 009228 -30023560.43933 0.0001039329
0034 009511 -30020561.73296 0.0000998784
0035 009795 -30017676.97225 0.0000960928
0036 010084 -30014901.79561 0.0000924514
0037 010326 -30012234.87245 0.0000888533
0038 010515 -30009677.31787 0.0000852171
0039 010706 -30007232.02379 0.0000814835
0040 010834 -30004901.74219 0.0000776573
0041 010967 -30002687.73987 0.0000737880
0042 011148 -30000588.83836 0.0000699571
0043 011264 -29998601.62279 0.0000662392
0044 011429 -29996721.83997 0.0000626623
0045 011603 -29994945.05661 0.0000592326
0046 011735 -29993267.77528 0.0000559188
0047 011847 -29991688.22445 0.0000526635
0048 012012 -29990205.24018 0.0000494465
0049 012195 -29988816.58657 0.0000463036
0050 012380 -29987518.23265 0.0000432946
0051 012490 -29986305.16832 0.0000404523
0052 012620 -29985171.78723 0.0000377966
0053 012722 -29984111.45944 0.0000353617
0054 012838 -29983117.13615 0.0000331617
0055 012966 -29982182.33514 0.0000311776
0056 013088 -29981301.68391 0.0000293725
0057 013239 -29980470.91835 0.0000277095
0058 013341 -29979686.53796 0.0000261630
0059 013445 -29978945.51592 0.0000247175
0060 013690 -29978245.08655 0.0000233640
0061 014058 -29977582.81428 0.0000220918
0062 014427 -29976957.09945 0.0000208728
0063 014789 -29976367.61409 0.0000196646
0064 015152 -29975815.14895 0.0000184300
0065 015508 -29975300.55309 0.0000171670
0066 015861 -29974823.68657 0.0000159086
0067 016199 -29974383.31471 0.0000146914
0068 016537 -29973977.29043 0.0000135457
0069 016886 -29973602.66994 0.0000124982
0070 017223 -29973256.15797 0.0000115606
0071 017569 -29972934.62014 0.0000107275
0072 017916 -29972635.12023 0.0000099923
Start evaluating ...
  Columns 1 through 7

    0.0826    0.1004    0.1072    0.1125    0.1153    0.1174    0.1193

  Columns 8 through 10

    0.1209    0.1216    0.1224

    0.0181

Elapsed time is 18072.285660 seconds.
