nohup: ignoring input

                            < M A T L A B (R) >
                  Copyright 1984-2016 The MathWorks, Inc.
                   R2016a (9.0.0.341360) 64-bit (glnxa64)
                             February 11, 2016

 
To get started, type one of these: helpwin, helpdesk, or demo.
For product information, visit www.mathworks.com.
 

	Academic License

Start learning ...
Init data [Dtype: delicious - Dspec: sp3/0550]
Init social model
Using adagrad ...
Params [lbd-U: 0.1000|lbd-V: 0.0100|lbd-N: 0.1000|lbd-Q: 0.1000]
Staring Sample 3 - Loc: save/ctr/delicious-alg80-sp3-cold20170225114343695 
CTR(chongwang) Running ...

iter time likelihood:[r:u:v] converge
0001 000060 -2466.00000:[0.00000:0.00000:-0.00000] 1.0000000000
0002 000146 -279.53993:[4509.03438:-68.09891:-48.47545] 0.8866423657
0003 000231 -240.36395:[4521.69023:-35.20455:-46.90537] 0.1401444858
0004 000320 -238.37825:[4525.97883:-35.28360:-45.98354] 0.0082612212
0005 000408 -237.43398:[4528.44024:-35.54980:-45.29059] 0.0039612171
0006 000497 -236.85526:[4530.18428:-35.84463:-44.72666] 0.0024373933
0007 000579 -236.46484:[4531.52010:-36.13263:-44.25120] 0.0016483554
0008 000655 -236.18687:[4532.59007:-36.40384:-43.84144] 0.0011755053
0009 000732 -235.98174:[4533.47378:-36.65574:-43.48320] 0.0008685248
0010 000810 -235.82631:[4534.22050:-36.88846:-43.16682] 0.0006586567
0011 000889 -235.70603:[4534.86277:-37.10307:-42.88525] 0.0005100097
0012 000967 -235.61129:[4535.42307:-37.30094:-42.63307] 0.0004019704
0013 001040 -235.53545:[4535.91747:-37.48348:-42.40598] 0.0003218605
0014 001115 -235.47388:[4536.35776:-37.65200:-42.20054] 0.0002613965
0015 001192 -235.42326:[4536.75278:-37.80774:-42.01396] 0.0002149868
0016 001267 -235.38117:[4537.10932:-37.95180:-41.84393] 0.0001787873
0017 001343 -235.34583:[4537.43270:-38.08518:-41.68856] 0.0001501201
0018 001418 -235.31592:[4537.72715:-38.20877:-41.54625] 0.0001270992
0019 001495 -235.29042:[4537.99614:-38.32338:-41.41563] 0.0001083802
0020 001568 -235.26854:[4538.24252:-38.42972:-41.29554] 0.0000929932
0021 001644 -235.24966:[4538.46870:-38.52846:-41.18497] 0.0000802269
0022 001718 -235.23330:[4538.67673:-38.62018:-41.08303] 0.0000695504
0023 001797 -235.21906:[4538.86837:-38.70543:-40.98894] 0.0000605581
0024 001869 -235.20660:[4539.04515:-38.78469:-40.90201] 0.0000529345
0025 001941 -235.19568:[4539.20842:-38.85840:-40.82163] 0.0000464319
0026 002014 -235.18607:[4539.35935:-38.92698:-40.74725] 0.0000408557
0027 002090 -235.17760:[4539.49901:-38.99080:-40.67836] 0.0000360530
0028 002164 -235.17009:[4539.62834:-39.05020:-40.61454] 0.0000319029
0029 002241 -235.16344:[4539.74818:-39.10550:-40.55537] 0.0000283083
0030 002313 -235.15751:[4539.85929:-39.15700:-40.50048] 0.0000251886
0031 002385 -235.15223:[4539.96236:-39.20495:-40.44955] 0.0000224758
0032 002461 -235.14750:[4540.05803:-39.24961:-40.40226] 0.0000201124
0033 002535 -235.14325:[4540.14687:-39.29121:-40.35833] 0.0000180500
0034 002604 -235.13943:[4540.22939:-39.32997:-40.31752] 0.0000162477
0035 002675 -235.13598:[4540.30607:-39.36607:-40.27958] 0.0000146712
0036 002745 -235.13286:[4540.37735:-39.39970:-40.24431] 0.0000132921
0037 002816 -235.13001:[4540.44363:-39.43104:-40.21149] 0.0000120867
0038 002886 -235.12742:[4540.50528:-39.46023:-40.18096] 0.0000110345
0039 002953 -235.12504:[4540.56264:-39.48744:-40.15254] 0.0000101168
0040 003021 -235.12285:[4540.61602:-39.51278:-40.12607] 0.0000093166
Start evaluating ...
  Columns 1 through 7

    0.0005    0.0008    0.0008    0.0015    0.0021    0.0023    0.0024

  Columns 8 through 10

    0.0025    0.0026    0.0028

   3.2433e-04

Elapsed time is 3126.305054 seconds.
