nohup: ignoring input

                            < M A T L A B (R) >
                  Copyright 1984-2016 The MathWorks, Inc.
                   R2016a (9.0.0.341360) 64-bit (glnxa64)
                             February 11, 2016

 
To get started, type one of these: helpwin, helpdesk, or demo.
For product information, visit www.mathworks.com.
 

	Academic License

Start learning ...
Init data [Dtype: delicious - Dspec: sp3/1050]
Init social model
Using adagrad ...
Load pretrained shallow-model...
Params [lbd-U: 10.0000|lbd-V: 10.0000|lbd-N: 10.0000|lbd-Q: 0.1000]
Staring Sample 3 - Loc: save/bcdl/delicious-alg61-sp3-cold20170225114414344 
CTR(chongwang)-DAE(User graph) Running - Walks(1)...
-1/200: 4362343.713198/4533.902661/4357809.810537/1.000000000
-2/200: 4356224.319252/4276.760196/4351947.559056/0.001402777
-3/200: 4356185.278086/4275.213844/4351910.064242/0.000008962
-4/200: 4356196.711391/4275.559030/4351921.152361/0.000002625
-5/200: 4356085.404375/4276.005421/4351809.398954/0.000025551
-6/200: 4356092.502477/4276.409469/4351816.093008/0.000001629
-7/200: 4356318.262446/4276.777440/4352041.485006/0.000051826
-8/200: 4356366.240740/4277.117857/4352089.122883/0.000011013
-9/200: 4356332.344038/4277.437564/4352054.906474/0.000007781
-10/200: 4356369.824116/4277.732162/4352092.091954/0.000008604
-11/200: 4356298.501800/4278.008632/4352020.493168/0.000016372
-12/200: 4356236.245878/4278.270675/4351957.975203/0.000014291
-13/200: 4356359.452894/4278.518060/4352080.934834/0.000028283
-14/200: 4356421.684573/4278.751816/4352142.932757/0.000014285
-15/200: 4356336.060845/4278.976869/4352057.083976/0.000019655
-16/200: 4356344.724094/4279.189400/4352065.534694/0.000001989
-17/200: 4356426.900505/4279.390991/4352147.509514/0.000018864
-18/200: 4356571.067696/4279.582631/4352291.485065/0.000033093
-19/200: 4356476.283777/4279.768068/4352196.515709/0.000021757
-20/200: 4356514.702277/4279.944105/4352234.758172/0.000008819
-21/200: 4356392.494614/4280.115403/4352112.379211/0.000028052
-22/200: 4356544.771878/4280.279504/4352264.492374/0.000034955
-23/200: 4356597.457906/4280.438065/4352317.019841/0.000012094
-24/200: 4356664.961990/4280.589930/4352384.372060/0.000015495
-25/200: 4356554.743734/4280.737771/4352274.005963/0.000025299
-26/200: 4356569.164724/4280.881434/4352288.283290/0.000003310
-27/200: 4356520.237506/4281.019789/4352239.217717/0.000011231
-28/200: 4356730.743261/4281.152873/4352449.590388/0.000048320
-29/200: 4356709.242358/4281.282134/4352427.960224/0.000004935
-30/200: 4356647.403042/4281.408027/4352365.995015/0.000014194
-31/200: 4356646.320151/4281.529902/4352364.790249/0.000000249
-32/200: 4356728.110732/4281.649184/4352446.461548/0.000018774
-33/200: 4356489.297473/4281.765127/4352207.532346/0.000054815
-34/200: 4356728.117771/4281.878212/4352446.239559/0.000054819
-35/200: 4356541.325611/4281.988455/4352259.337156/0.000042874
-36/200: 4356693.740726/4282.096760/4352411.643966/0.000034985
-37/200: 4356714.155715/4282.202689/4352431.953026/0.000004686
-38/200: 4356666.484611/4282.305776/4352384.178835/0.000010942
-39/200: 4356733.058563/4282.407533/4352450.651030/0.000015281
-40/200: 4356700.235989/4282.506762/4352417.729227/0.000007534
-41/200: 4356837.153941/4282.604662/4352554.549279/0.000031427
-42/200: 4356855.347794/4282.700639/4352572.647155/0.000004176
-43/200: 4356824.952064/4282.794956/4352542.157108/0.000006977
-44/200: 4356844.741498/4282.886695/4352561.854803/0.000004542
-45/200: 4356823.360510/4282.977519/4352540.382991/0.000004907
-46/200: 4356820.206506/4283.067054/4352537.139452/0.000000724
-47/200: 4356891.839387/4283.154910/4352608.684477/0.000016442
-48/200: 4356885.335735/4283.241295/4352602.094440/0.000001493
-49/200: 4356775.727689/4283.327248/4352492.400441/0.000025157
-50/200: 4356825.012727/4283.411332/4352541.601395/0.000011312
-51/200: 4356827.715962/4283.494113/4352544.221849/0.000000620
-52/200: 4356975.941785/4283.575627/4352692.366158/0.000034022
-53/200: 4356826.636085/4283.656946/4352542.979139/0.000034268
-54/200: 4356897.178713/4283.737369/4352613.441344/0.000016191
-55/200: 4356888.161689/4283.815918/4352604.345771/0.000002070
-56/200: 4356889.036095/4283.893673/4352605.142422/0.000000201
-57/200: 4356929.543772/4283.971934/4352645.571838/0.000009297
-58/200: 4356981.544964/4284.049016/4352697.495948/0.000011935
-59/200: 4356952.752252/4284.125122/4352668.627130/0.000006608
-60/200: 4356964.558701/4284.199767/4352680.358934/0.000002710
-61/200: 4356885.590811/4284.273894/4352601.316917/0.000018125
-62/200: 4357026.038962/4284.347401/4352741.691561/0.000032236
-63/200: 4356957.112321/4284.419900/4352672.692421/0.000015820
-64/200: 4357102.081334/4284.491954/4352817.589380/0.000033273
-65/200: 4357106.450092/4284.563773/4352821.886319/0.000001003
-66/200: 4357090.696444/4284.635168/4352806.061276/0.000003616
-67/200: 4356990.942468/4284.705488/4352706.236980/0.000022895
-68/200: 4357002.581373/4284.774902/4352717.806471/0.000002671
-69/200: 4357026.580772/4284.843528/4352741.737244/0.000005508
-70/200: 4357020.092004/4284.911872/4352735.180132/0.000001489
-71/200: 4357116.848296/4284.979796/4352831.868500/0.000022207
-72/200: 4357066.582887/4285.046522/4352781.536365/0.000011536
-73/200: 4357170.595940/4285.113321/4352885.482619/0.000023872
-74/200: 4357126.692799/4285.179630/4352841.513169/0.000010076
-75/200: 4357091.528871/4285.245107/4352806.283764/0.000008070
-76/200: 4357190.139875/4285.310049/4352904.829826/0.000022632
-77/200: 4357209.580963/4285.374853/4352924.206110/0.000004462
-78/200: 4357207.265173/4285.438329/4352921.826844/0.000000531
-79/200: 4357104.187595/4285.501872/4352818.685723/0.000023657
-80/200: 4357121.476358/4285.564641/4352835.911717/0.000003968
-81/200: 4357178.645363/4285.626868/4352893.018495/0.000013121
-82/200: 4357248.826717/4285.688639/4352963.138078/0.000016107
-83/200: 4357184.321417/4285.750295/4352898.571122/0.000014804
-84/200: 4357167.328640/4285.810798/4352881.517842/0.000003900
-85/200: 4357238.127101/4285.871317/4352952.255784/0.000016249
-86/200: 4357241.914681/4285.931140/4352955.983541/0.000000869
-87/200: 4357252.795903/4285.990811/4352966.805092/0.000002497
-88/200: 4357291.790008/4286.049956/4353005.740052/0.000008949
-89/200: 4357256.740995/4286.108713/4352970.632282/0.000008044
-90/200: 4357291.288407/4286.166843/4353005.121564/0.000007929
-91/200: 4357282.285161/4286.224221/4352996.060940/0.000002066
-92/200: 4357323.034249/4286.281501/4353036.752748/0.000009352
-93/200: 4357300.696851/4286.338090/4353014.358761/0.000005126
-94/200: 4357370.112269/4286.394450/4353083.717819/0.000015931
-95/200: 4357342.844070/4286.450416/4353056.393654/0.000006258
-96/200: 4357304.007591/4286.506384/4353017.501207/0.000008913
-97/200: 4357351.747442/4286.562056/4353065.185386/0.000010956
-98/200: 4357382.427652/4286.616925/4353095.810727/0.000007041
-99/200: 4357395.694826/4286.671596/4353109.023230/0.000003045
Recall at EP-100 ...
  Columns 1 through 7

    0.0025    0.0044    0.0065    0.0080    0.0094    0.0108    0.0122

  Columns 8 through 10

    0.0136    0.0148    0.0158

Mrr at EP-100 ...
   8.4327e-04

-100/200: 4357361.894926/4286.726276/4353075.168650/0.000007757
-101/200: 4357345.603955/4286.779732/4353058.824223/0.000003739
-102/200: 4357386.178579/4286.833512/4353099.345067/0.000009312
-103/200: 4357451.208481/4286.886881/4353164.321600/0.000014924
-104/200: 4357389.739493/4286.939502/4353102.799991/0.000014107
-105/200: 4357444.825755/4286.991925/4353157.833830/0.000012642
-106/200: 4357404.202266/4287.044404/4353117.157862/0.000009323
-107/200: 4357442.714576/4287.096678/4353155.617898/0.000008838
-108/200: 4357490.617661/4287.148008/4353203.469653/0.000010993
-109/200: 4357443.056687/4287.199076/4353155.857611/0.000010915
-110/200: 4357431.259664/4287.249805/4353144.009859/0.000002707
-111/200: 4357511.590594/4287.301037/4353224.289557/0.000018435
-112/200: 4357505.922051/4287.351880/4353218.570171/0.000001301
-113/200: 4357484.188961/4287.402273/4353196.786688/0.000004988
-114/200: 4357468.118242/4287.452375/4353180.665867/0.000003688
-115/200: 4357505.524273/4287.502209/4353218.022064/0.000008584
-116/200: 4357494.062430/4287.551581/4353206.510849/0.000002630
-117/200: 4357546.403168/4287.600690/4353258.802478/0.000012012
-118/200: 4357538.187023/4287.649948/4353250.537075/0.000001885
-119/200: 4357577.891606/4287.698719/4353290.192887/0.000009112
-120/200: 4357556.318280/4287.746779/4353268.571501/0.000004951
-121/200: 4357595.452145/4287.794543/4353307.657602/0.000008981
-122/200: 4357605.771884/4287.842107/4353317.929777/0.000002368
-123/200: 4357579.181115/4287.889884/4353291.291231/0.000006102
-124/200: 4357596.457314/4287.936764/4353308.520550/0.000003965
-125/200: 4357608.385647/4287.983663/4353320.401984/0.000002737
-126/200: 4357609.567324/4288.030474/4353321.536850/0.000000271
-127/200: 4357609.727637/4288.077242/4353321.650395/0.000000037
Start evaluating ...
  Columns 1 through 7

    0.0018    0.0036    0.0049    0.0060    0.0073    0.0087    0.0098

  Columns 8 through 10

    0.0109    0.0120    0.0132

   6.6967e-04

Elapsed time is 15616.286212 seconds.
