nohup: ignoring input

                            < M A T L A B (R) >
                  Copyright 1984-2016 The MathWorks, Inc.
                   R2016a (9.0.0.341360) 64-bit (glnxa64)
                             February 11, 2016

 
To get started, type one of these: helpwin, helpdesk, or demo.
For product information, visit www.mathworks.com.
 

	Academic License

Start learning ...
Init data [Dtype: delicious - Dspec: sp3/0550]
Init social model
Using adagrad ...
Params [lbd-U: 100.0000|lbd-V: 10.0000|lbd-N: 100.0000|lbd-Q: 0.1000]
Staring Sample 3 - Loc: save/ctrsmf/delicious-alg90-sp3-cold20170225114400792 
CTR-SMF Running ...

iter time likelihood converge
0001 000091 -5799928.34395 1.0000000000
0002 000193 -5640759.04050 0.0274433224
0003 000298 -5517809.59225 0.0217966141
0004 000406 -5480335.83288 0.0067914194
0005 000508 -5460990.61203 0.0035299335
0006 000601 -5445697.88091 0.0028003584
0007 000692 -5435171.27356 0.0019330135
0008 000793 -5428557.40313 0.0012168651
0009 000887 -5423976.09685 0.0008439270
0010 000981 -5420478.84276 0.0006447768
0011 001071 -5417600.97924 0.0005309242
0012 001161 -5415137.22775 0.0004547680
0013 001255 -5412987.60682 0.0003969652
0014 001349 -5411091.56971 0.0003502755
0015 001439 -5409406.52264 0.0003114061
0016 001529 -5407900.11862 0.0002784786
0017 001622 -5406546.53072 0.0002502982
0018 001712 -5405324.33023 0.0002260594
0019 001801 -5404215.37832 0.0002051592
0020 001892 -5403204.31981 0.0001870870
0021 001980 -5402278.28433 0.0001713864
0022 002065 -5401426.53716 0.0001576644
0023 002149 -5400640.00713 0.0001456152
0024 002239 -5399910.82019 0.0001350186
0025 002327 -5399232.01681 0.0001257064
0026 002419 -5398597.41615 0.0001175354
0027 002507 -5398001.51151 0.0001103814
0028 002594 -5397439.43535 0.0001041267
0029 002678 -5396907.05016 0.0000986366
0030 002761 -5396401.05119 0.0000937572
0031 002847 -5395918.95206 0.0000893372
0032 002935 -5395458.95050 0.0000852499
0033 003017 -5395019.73404 0.0000814048
0034 003102 -5394600.27896 0.0000777486
0035 003185 -5394199.68717 0.0000742579
0036 003264 -5393817.10243 0.0000709252
0037 003346 -5393451.71760 0.0000677414
0038 003427 -5393102.82801 0.0000646876
0039 003507 -5392769.86371 0.0000617389
0040 003590 -5392452.37160 0.0000588737
0041 003672 -5392149.97480 0.0000560778
0042 003755 -5391862.37000 0.0000533377
0043 003837 -5391589.38961 0.0000506282
0044 003917 -5391331.07900 0.0000479099
0045 003999 -5391087.68477 0.0000451455
0046 004080 -5390859.47288 0.0000423313
0047 004161 -5390646.50316 0.0000395057
0048 004242 -5390448.50063 0.0000367308
0049 004323 -5390264.82710 0.0000340739
0050 004406 -5390094.57887 0.0000315844
0051 004482 -5389936.75578 0.0000292802
0052 004559 -5389790.37700 0.0000271578
0053 004633 -5389654.52016 0.0000252063
0054 004713 -5389528.32103 0.0000234151
0055 004791 -5389410.99336 0.0000217696
0056 004859 -5389301.85301 0.0000202509
0057 004935 -5389200.29595 0.0000188442
0058 005008 -5389105.72250 0.0000175487
0059 005085 -5389017.52170 0.0000163665
0060 005166 -5388935.16264 0.0000152828
0061 005243 -5388858.26937 0.0000142687
0062 005322 -5388786.61099 0.0000132975
0063 005401 -5388720.01899 0.0000123575
0064 005478 -5388658.30754 0.0000114520
0065 005559 -5388601.24726 0.0000105890
0066 005634 -5388548.49877 0.0000097889
Start evaluating ...
  Columns 1 through 7

    0.0014    0.0020    0.0027    0.0034    0.0042    0.0050    0.0051

  Columns 8 through 10

    0.0054    0.0058    0.0062

   3.6866e-04

Elapsed time is 5736.132838 seconds.
