nohup: ignoring input

                            < M A T L A B (R) >
                  Copyright 1984-2016 The MathWorks, Inc.
                   R2016a (9.0.0.341360) 64-bit (glnxa64)
                             February 11, 2016

 
To get started, type one of these: helpwin, helpdesk, or demo.
For product information, visit www.mathworks.com.
 

	Academic License

Start learning ...
Init data [Dtype: delicious - Dspec: sp3/5050]
Init social model
Using adagrad ...
Params [lbd-U: 1.0000|lbd-V: 0.1000|lbd-N: 1.0000|lbd-Q: 0.0100]
Staring Sample 3 - Loc: save/ctrsmf/delicious-alg90-sp3-cold20170226203650847 
CTR-SMF Running ...

iter time likelihood converge
0001 000581 -51814741.11817 1.0000000000
0002 001199 -50565210.93424 0.0241153416
0003 001809 -49476032.07700 0.0215400833
0004 002425 -49156172.44886 0.0064649410
0005 003036 -49013569.32151 0.0029010218
0006 003658 -48917353.00934 0.0019630546
0007 004276 -48849522.98167 0.0013866251
0008 004900 -48800199.04160 0.0010097118
0009 005519 -48761236.62518 0.0007984069
0010 006137 -48728711.80573 0.0006670220
0011 006755 -48700625.38886 0.0005763833
0012 007381 -48675923.02783 0.0005072288
0013 008006 -48653964.07919 0.0004511255
0014 008629 -48634295.39535 0.0004042566
0015 009255 -48616571.17345 0.0003644388
0016 009878 -48600516.48902 0.0003302307
0017 010517 -48585906.91601 0.0003006053
0018 011144 -48572556.31949 0.0002747833
0019 011772 -48560308.52382 0.0002521546
0020 012394 -48549031.52972 0.0002322266
0021 013017 -48538613.16290 0.0002145947
0022 013630 -48528957.40121 0.0001989295
0023 014239 -48519981.29653 0.0001849639
0024 014853 -48511612.60462 0.0001724793
0025 015469 -48503788.07338 0.0001612919
0026 016084 -48496452.17456 0.0001512438
0027 016694 -48489555.63715 0.0001422071
0028 017293 -48483053.96515 0.0001340840
0029 017892 -48476906.68266 0.0001267924
0030 018493 -48471077.65180 0.0001202435
0031 019080 -48465535.57293 0.0001143379
0032 019669 -48460253.49561 0.0001089863
0033 020256 -48455208.84738 0.0001040987
0034 020843 -48450384.29280 0.0000995673
0035 021437 -48445768.02729 0.0000952782
0036 022015 -48441352.58886 0.0000911419
0037 022579 -48437133.85191 0.0000870896
0038 023145 -48433109.85153 0.0000830768
0039 023709 -48429278.08257 0.0000791147
0040 024275 -48425634.19532 0.0000752414
0041 024840 -48422172.38645 0.0000714871
0042 025404 -48418886.07582 0.0000678679
0043 025972 -48415768.20199 0.0000643938
0044 026537 -48412810.49581 0.0000610897
0045 027105 -48410004.00204 0.0000579701
0046 027644 -48407340.33604 0.0000550230
0047 028127 -48404810.91622 0.0000522528
0048 028622 -48402408.16476 0.0000496387
0049 029098 -48400127.71698 0.0000471143
0050 029566 -48397968.11922 0.0000446197
0051 030037 -48395928.07720 0.0000421514
0052 030506 -48394004.83509 0.0000397398
0053 030980 -48392194.13105 0.0000374159
0054 031456 -48390491.13880 0.0000351915
0055 031928 -48388891.58504 0.0000330551
0056 032391 -48387390.20807 0.0000310273
0057 032842 -48385980.43850 0.0000291351
0058 033288 -48384654.74345 0.0000273983
0059 033733 -48383404.84462 0.0000258325
0060 034184 -48382223.07350 0.0000244251
0061 034626 -48381103.95365 0.0000231308
0062 035040 -48380044.75797 0.0000218928
0063 035455 -48379044.58539 0.0000206732
0064 035866 -48378102.65327 0.0000194698
0065 036287 -48377216.78981 0.0000183112
0066 036663 -48376382.64506 0.0000172425
0067 036955 -48375594.32063 0.0000162956
0068 037242 -48374846.09106 0.0000154671
0069 037491 -48374133.76977 0.0000147250
0070 037762 -48373455.30092 0.0000140254
0071 038046 -48372809.99123 0.0000133402
0072 038330 -48372197.11811 0.0000126698
0073 038615 -48371615.50499 0.0000120237
0074 038900 -48371063.95356 0.0000114024
0075 039181 -48370541.64809 0.0000107979
0076 039463 -48370048.14524 0.0000102025
0077 039713 -48369583.24277 0.0000096114
Start evaluating ...
  Columns 1 through 7

    0.1419    0.1902    0.2098    0.2161    0.2208    0.2238    0.2260

  Columns 8 through 10

    0.2278    0.2289    0.2300

    0.0295

Elapsed time is 39800.816744 seconds.
