nohup: ignoring input

                            < M A T L A B (R) >
                  Copyright 1984-2016 The MathWorks, Inc.
                   R2016a (9.0.0.341360) 64-bit (glnxa64)
                             February 11, 2016

 
To get started, type one of these: helpwin, helpdesk, or demo.
For product information, visit www.mathworks.com.
 

	Academic License

Start learning ...
Init data [Dtype: delicious - Dspec: sp3/5050]
Init social model
Using adagrad ...
Params [lbd-U: 10.0000|lbd-V: 1.0000|lbd-N: 10.0000|lbd-Q: 0.0100]
Staring Sample 3 - Loc: save/ctr/delicious-alg80-sp3-cold20170226164407661 
CTR(chongwang) Running ...

iter time likelihood:[r:u:v] converge
0001 000510 -28125.00000:[0.00000:0.00000:0.00000] 1.0000000000
0002 001027 -26833.45488:[2866.48146:-331.22626:-500.45423] 0.0459216042
0003 001531 -26411.82432:[4388.24170:-656.89007:-728.57999] 0.0157128691
0004 002045 -24201.80914:[10736.00986:-1607.61789:-3099.65407] 0.0836752187
0005 002521 -21192.89374:[23602.35819:-4996.32666:-5618.81393] 0.1243260526
0006 002977 -20899.99906:[26173.10853:-5980.97543:-5949.12170] 0.0138204198
0007 003431 -20829.32592:[26574.09015:-6108.58339:-6017.04506] 0.0033814901
0008 003870 -20784.59075:[26741.76676:-6146.11942:-6042.90443] 0.0021477013
0009 004288 -20751.51286:[26843.29405:-6162.40017:-6055.54354] 0.0015914619
0010 004701 -20725.80098:[26913.88133:-6170.64557:-6062.68850] 0.0012390365
0011 005116 -20705.32255:[26966.60376:-6175.22751:-6067.21923] 0.0009880647
0012 005526 -20688.74699:[27007.75196:-6177.95115:-6070.38952] 0.0008005458
0013 005887 -20675.15843:[27040.84478:-6179.66064:-6072.80055] 0.0006568092
0014 006212 -20663.89686:[27068.05321:-6180.78559:-6074.76024] 0.0005446908
0015 006526 -20654.47372:[27090.80973:-6181.55827:-6076.43416] 0.0004560196
0016 006828 -20646.52037:[27110.10693:-6182.11032:-6077.91490] 0.0003850668
0017 007131 -20639.75432:[27126.65875:-6182.51926:-6079.25598] 0.0003277090
0018 007440 -20633.95619:[27140.99407:-6182.83229:-6080.48930] 0.0002809204
0019 007737 -20628.95360:[27153.51417:-6183.07900:-6081.63454] 0.0002424446
0020 008030 -20624.60965:[27164.52962:-6183.27844:-6082.70427] 0.0002105754
0021 008329 -20620.81458:[27174.28487:-6183.44322:-6083.70687] 0.0001840067
0022 008621 -20617.47968:[27182.97504:-6183.58190:-6084.64828] 0.0001617251
0023 008918 -20614.53272:[27190.75782:-6183.70043:-6085.53294] 0.0001429350
0024 009212 -20611.91453:[27197.76192:-6183.80308:-6086.36442] 0.0001270068
0025 009507 -20609.57629:[27204.09350:-6183.89294:-6087.14569] 0.0001134415
0026 009790 -20607.47733:[27209.84092:-6183.97233:-6087.87927] 0.0001018436
0027 010062 -20605.58355:[27215.07838:-6184.04301:-6088.56738] 0.0000918976
0028 010332 -20603.86615:[27219.86871:-6184.10632:-6089.21198] 0.0000833466
0029 010601 -20602.30074:[27224.26534:-6184.16338:-6089.81494] 0.0000759763
0030 010871 -20600.86666:[27228.31402:-6184.21508:-6090.37803] 0.0000696078
0031 011140 -20599.54628:[27232.05410:-6184.26217:-6090.90298] 0.0000640935
0032 011409 -20598.32447:[27235.51967:-6184.30531:-6091.39142] 0.0000593123
0033 011679 -20597.18816:[27238.74046:-6184.34508:-6091.84490] 0.0000551650
0034 011949 -20596.12603:[27241.74248:-6184.38199:-6092.26491] 0.0000515669
0035 012220 -20595.12828:[27244.54857:-6184.41652:-6092.65290] 0.0000484438
0036 012490 -20594.18648:[27247.17873:-6184.44910:-6093.01031] 0.0000457288
0037 012759 -20593.29350:[27249.65050:-6184.48012:-6093.33864] 0.0000433613
0038 013027 -20592.44327:[27251.97919:-6184.50996:-6093.63940] 0.0000412863
0039 013296 -20591.63077:[27254.17821:-6184.53892:-6093.91413] 0.0000394564
0040 013565 -20590.85174:[27256.25930:-6184.56728:-6094.16439] 0.0000378324
0041 013834 -20590.10257:[27258.23286:-6184.59529:-6094.39165] 0.0000363835
0042 014269 -20589.38016:[27260.10807:-6184.62313:-6094.59732] 0.0000350853
0043 014873 -20588.68185:[27261.89312:-6184.65093:-6094.78271] 0.0000339164
0044 015488 -20588.00532:[27263.59524:-6184.67880:-6094.94907] 0.0000328593
0045 016106 -20587.34855:[27265.22091:-6184.70678:-6095.09754] 0.0000319004
0046 016717 -20586.70981:[27266.77595:-6184.73491:-6095.22924] 0.0000310260
0047 017325 -20586.08766:[27268.26546:-6184.76319:-6095.34527] 0.0000302207
0048 017912 -20585.48096:[27269.69401:-6184.79165:-6095.44671] 0.0000294716
0049 018507 -20584.88874:[27271.06567:-6184.82029:-6095.53462] 0.0000287690
0050 019098 -20584.31017:[27272.38413:-6184.84912:-6095.61001] 0.0000281061
0051 019682 -20583.74455:[27273.65279:-6184.87816:-6095.67380] 0.0000274786
0052 020270 -20583.19119:[27274.87475:-6184.90740:-6095.72686] 0.0000268833
0053 020849 -20582.64953:[27276.05285:-6184.93685:-6095.77000] 0.0000263154
0054 021417 -20582.11909:[27277.18962:-6184.96649:-6095.80397] 0.0000257712
0055 021996 -20581.59945:[27278.28738:-6184.99629:-6095.82945] 0.0000252475
0056 022576 -20581.09022:[27279.34820:-6185.02620:-6095.84710] 0.0000247418
0057 023154 -20580.59105:[27280.37404:-6185.05618:-6095.85749] 0.0000242538
0058 023735 -20580.10162:[27281.36664:-6185.08616:-6095.86117] 0.0000237810
0059 024319 -20579.62172:[27282.32757:-6185.11609:-6095.85869] 0.0000233188
0060 024903 -20579.15124:[27283.25814:-6185.14592:-6095.85059] 0.0000228615
0061 025483 -20578.69016:[27284.15951:-6185.17557:-6095.83740] 0.0000224055
0062 026061 -20578.23845:[27285.03271:-6185.20498:-6095.81964] 0.0000219501
0063 026640 -20577.79608:[27285.87877:-6185.23408:-6095.79775] 0.0000214971
0064 027219 -20577.36292:[27286.69871:-6185.26282:-6095.77214] 0.0000210498
0065 027801 -20576.93880:[27287.49357:-6185.29117:-6095.74313] 0.0000206109
0066 028381 -20576.52348:[27288.26442:-6185.31908:-6095.71101] 0.0000201837
0067 028957 -20576.11660:[27289.01234:-6185.34650:-6095.67595] 0.0000197742
0068 029536 -20575.71769:[27289.73851:-6185.37339:-6095.63808] 0.0000193869
0069 030109 -20575.32632:[27290.44401:-6185.39973:-6095.59748] 0.0000190213
0070 030688 -20574.94217:[27291.12976:-6185.42546:-6095.55433] 0.0000186705
0071 031266 -20574.56513:[27291.79646:-6185.45059:-6095.50886] 0.0000183251
0072 031846 -20574.19521:[27292.44468:-6185.47511:-6095.46138] 0.0000179793
0073 032430 -20573.83243:[27293.07501:-6185.49904:-6095.41220] 0.0000176328
0074 033017 -20573.47677:[27293.68802:-6185.52241:-6095.36157] 0.0000172869
0075 033599 -20573.12821:[27294.28427:-6185.54525:-6095.30976] 0.0000169422
0076 034181 -20572.78672:[27294.86431:-6185.56756:-6095.25699] 0.0000165990
0077 034759 -20572.45224:[27295.42867:-6185.58939:-6095.20347] 0.0000162585
0078 035341 -20572.12467:[27295.97788:-6185.61073:-6095.14935] 0.0000159224
0079 035924 -20571.80391:[27296.51247:-6185.63159:-6095.09477] 0.0000155922
0080 036510 -20571.48979:[27297.03296:-6185.65199:-6095.03983] 0.0000152696
0081 037091 -20571.18209:[27297.53990:-6185.67191:-6094.98460] 0.0000149573
0082 037668 -20570.88060:[27298.03384:-6185.69137:-6094.92911] 0.0000146561
0083 038251 -20570.58516:[27298.51523:-6185.71037:-6094.87345] 0.0000143617
0084 038827 -20570.29568:[27298.98448:-6185.72891:-6094.81771] 0.0000140730
0085 039408 -20570.01194:[27299.44207:-6185.74701:-6094.76193] 0.0000137936
0086 039993 -20569.73376:[27299.88845:-6185.76467:-6094.70614] 0.0000135236
0087 040572 -20569.46098:[27300.32400:-6185.78191:-6094.65037] 0.0000132608
0088 041154 -20569.19353:[27300.74901:-6185.79869:-6094.59468] 0.0000130026
0089 041673 -20568.93133:[27301.16375:-6185.81504:-6094.53916] 0.0000127470
0090 042134 -20568.67429:[27301.56851:-6185.83093:-6094.48383] 0.0000124969
0091 042597 -20568.42222:[27301.96368:-6185.84639:-6094.42873] 0.0000122550
0092 043069 -20568.17493:[27302.34965:-6185.86143:-6094.37384] 0.0000120224
0093 043513 -20567.93223:[27302.72683:-6185.87605:-6094.31917] 0.0000118001
0094 043948 -20567.69388:[27303.09563:-6185.89029:-6094.26468] 0.0000115885
0095 044369 -20567.45965:[27303.45647:-6185.90415:-6094.21035] 0.0000113883
0096 044795 -20567.22930:[27303.80974:-6185.91764:-6094.15612] 0.0000111997
0097 045209 -20567.00261:[27304.15579:-6185.93078:-6094.10196] 0.0000110215
0098 045630 -20566.77944:[27304.49489:-6185.94354:-6094.04785] 0.0000108510
0099 046049 -20566.55963:[27304.82728:-6185.95594:-6093.99376] 0.0000106875
0100 046475 -20566.34302:[27305.15324:-6185.96796:-6093.93965] 0.0000105323
0101 046933 -20566.12943:[27305.47303:-6185.97960:-6093.88549] 0.0000103855
0102 047354 -20565.91870:[27305.78688:-6185.99086:-6093.83122] 0.0000102465
0103 047783 -20565.71071:[27306.09500:-6186.00175:-6093.77685] 0.0000101131
0104 048208 -20565.50543:[27306.39753:-6186.01227:-6093.72239] 0.0000099820
Start evaluating ...
  Columns 1 through 7

    0.0836    0.1531    0.1862    0.2006    0.2076    0.2111    0.2128

  Columns 8 through 10

    0.2151    0.2171    0.2183

    0.0167

Elapsed time is 48360.924999 seconds.
