nohup: ignoring input

                            < M A T L A B (R) >
                  Copyright 1984-2016 The MathWorks, Inc.
                   R2016a (9.0.0.341360) 64-bit (glnxa64)
                             February 11, 2016

 
To get started, type one of these: helpwin, helpdesk, or demo.
For product information, visit www.mathworks.com.
 

	Academic License

Start learning ...
Init data [Dtype: delicious - Dspec: sp3/1050]
Init social model
Using adagrad ...
Load pretrained shallow-model...
Params [lbd-U: 10.0000|lbd-V: 0.0100|lbd-N: 10.0000|lbd-Q: 0.1000]
Staring Sample 3 - Loc: save/bcdl/delicious-alg61-sp3-cold20170225114414757 
CTR(chongwang)-DAE(User graph) Running - Walks(1)...
-1/200: 4361836.823465/4027.012928/4357809.810537/1.000000000
-2/200: 4353174.365686/1226.806630/4351947.559056/0.001985966
-3/200: 4353083.112928/1174.433595/4351908.679333/0.000020962
-4/200: 4353089.202045/1166.545741/4351922.656304/0.000001399
-5/200: 4352975.717030/1164.818146/4351810.898884/0.000026070
-6/200: 4352982.380503/1164.604188/4351817.776315/0.000001531
-7/200: 4353207.815474/1164.884707/4352042.930767/0.000051789
-8/200: 4353255.971273/1165.382416/4352090.588857/0.000011062
-9/200: 4353222.300941/1166.005513/4352056.295428/0.000007735
-10/200: 4353260.239870/1166.689779/4352093.550091/0.000008715
-11/200: 4353189.384176/1167.420759/4352021.963417/0.000016276
-12/200: 4353127.820889/1168.196079/4351959.624810/0.000014142
-13/200: 4353251.465879/1168.992439/4352082.473440/0.000028404
-14/200: 4353314.285610/1169.804445/4352144.481165/0.000014431
-15/200: 4353229.341870/1170.638559/4352058.703311/0.000019512
-16/200: 4353238.836579/1171.469438/4352067.367141/0.000002181
-17/200: 4353321.503972/1172.298053/4352149.205919/0.000018990
-18/200: 4353466.518863/1173.122172/4352293.396691/0.000033311
-19/200: 4353372.435474/1173.954815/4352198.480659/0.000021611
-20/200: 4353411.368964/1174.776926/4352236.592038/0.000008943
-21/200: 4353290.049521/1175.605835/4352114.443686/0.000027868
-22/200: 4353442.838157/1176.426001/4352266.412156/0.000035097
-23/200: 4353496.598429/1177.243539/4352319.354890/0.000012349
-24/200: 4353564.857627/1178.053440/4352386.804187/0.000015679
-25/200: 4353455.127396/1178.863350/4352276.264046/0.000025205
-26/200: 4353470.344149/1179.670880/4352290.673269/0.000003495
-27/200: 4353421.953069/1180.464465/4352241.488604/0.000011116
-28/200: 4353633.237762/1181.247387/4352451.990375/0.000048533
-29/200: 4353612.629762/1182.024089/4352430.605673/0.000004734
-30/200: 4353551.268384/1182.798450/4352368.469934/0.000014094
-31/200: 4353550.791034/1183.557739/4352367.233295/0.000000110
-32/200: 4353633.481166/1184.314909/4352449.166257/0.000018994
-33/200: 4353395.212152/1185.061903/4352210.150249/0.000054729
-34/200: 4353635.082764/1185.804382/4352449.278382/0.000055100
-35/200: 4353448.915795/1186.534839/4352262.380956/0.000042761
-36/200: 4353601.726330/1187.261697/4352414.464633/0.000035101
-37/200: 4353622.809944/1187.979253/4352434.830691/0.000004843
-38/200: 4353575.571073/1188.686512/4352386.884561/0.000010850
-39/200: 4353643.134131/1189.389983/4352453.744148/0.000015519
-40/200: 4353611.081729/1190.085101/4352420.996628/0.000007362
-41/200: 4353748.553879/1190.774908/4352557.778971/0.000031577
-42/200: 4353767.290968/1191.456331/4352575.834637/0.000004304
-43/200: 4353737.542393/1192.127907/4352545.414486/0.000006833
-44/200: 4353757.967961/1192.788160/4352565.179801/0.000004692
-45/200: 4353737.261740/1193.442448/4352543.819292/0.000004756
-46/200: 4353734.826567/1194.092467/4352540.734100/0.000000559
-47/200: 4353806.984813/1194.731620/4352612.253193/0.000016574
-48/200: 4353800.766107/1195.364800/4352605.401307/0.000001428
-49/200: 4353691.969018/1195.992337/4352495.976681/0.000024989
-50/200: 4353741.868999/1196.611135/4352545.257864/0.000011462
-51/200: 4353745.283264/1197.219049/4352548.064215/0.000000784
-52/200: 4353893.871541/1197.820261/4352696.051280/0.000034129
-53/200: 4353745.040355/1198.418629/4352546.621726/0.000034183
-54/200: 4353816.477885/1199.011493/4352617.466392/0.000016408
-55/200: 4353807.938486/1199.592941/4352608.345545/0.000001961
-56/200: 4353809.193820/1200.166805/4352609.027015/0.000000288
-57/200: 4353849.831351/1200.743221/4352649.088130/0.000009334
-58/200: 4353903.009510/1201.311525/4352701.697985/0.000012214
-59/200: 4353874.367845/1201.872266/4352672.495579/0.000006578
-60/200: 4353886.706548/1202.422180/4352684.284368/0.000002834
-61/200: 4353808.303515/1202.966580/4352605.336935/0.000018008
-62/200: 4353949.318199/1203.507282/4352745.810917/0.000032389
-63/200: 4353880.920939/1204.041180/4352676.879759/0.000015709
-64/200: 4354026.148004/1204.567257/4352821.580747/0.000033356
-65/200: 4354031.452945/1205.091951/4352826.360994/0.000001218
-66/200: 4354015.861071/1205.612560/4352810.248511/0.000003581
-67/200: 4353916.962934/1206.126133/4352710.836801/0.000022714
-68/200: 4353928.698170/1206.629927/4352722.068243/0.000002695
-69/200: 4353953.380562/1207.128982/4352746.251580/0.000005669
-70/200: 4353947.358862/1207.622774/4352739.736088/0.000001383
-71/200: 4354044.396330/1208.112680/4352836.283650/0.000022287
-72/200: 4353994.817320/1208.593159/4352786.224161/0.000011387
-73/200: 4354099.072610/1209.071910/4352890.000700/0.000023945
-74/200: 4354055.567229/1209.547309/4352846.019920/0.000009992
-75/200: 4354021.186040/1210.013950/4352811.172090/0.000007896
-76/200: 4354119.998556/1210.476806/4352909.521750/0.000022695
-77/200: 4354139.881874/1210.936330/4352928.945544/0.000004567
-78/200: 4354138.118735/1211.384044/4352926.734691/0.000000405
-79/200: 4354035.477940/1211.831678/4352823.646262/0.000023573
-80/200: 4354052.871056/1212.271196/4352840.599860/0.000003995
-81/200: 4354110.361403/1212.707453/4352897.653950/0.000013204
-82/200: 4354181.558597/1213.138246/4352968.420351/0.000016352
-83/200: 4354117.181180/1213.565531/4352903.615649/0.000014785
-84/200: 4354100.288108/1213.984847/4352886.303261/0.000003880
-85/200: 4354171.353608/1214.402896/4352956.950712/0.000016322
-86/200: 4354175.767092/1214.812646/4352960.954446/0.000001014
-87/200: 4354187.022255/1215.220148/4352971.802107/0.000002585
-88/200: 4354226.952938/1215.625291/4353011.327647/0.000009171
-89/200: 4354191.394270/1216.023198/4352975.371072/0.000008166
-90/200: 4354226.623464/1216.416433/4353010.207031/0.000008091
-91/200: 4354217.906877/1216.802116/4353001.104761/0.000002002
-92/200: 4354259.483107/1217.185998/4353042.297109/0.000009548
-93/200: 4354237.399861/1217.563357/4353019.836504/0.000005072
-94/200: 4354307.084904/1217.937699/4353089.147205/0.000016004
-95/200: 4354280.233549/1218.307483/4353061.926066/0.000006167
-96/200: 4354241.347483/1218.675734/4353022.671749/0.000008931
-97/200: 4354289.342188/1219.039901/4353070.302287/0.000011023
-98/200: 4354320.541622/1219.398764/4353101.142858/0.000007165
-99/200: 4354334.529769/1219.754762/4353114.775007/0.000003212
Recall at EP-100 ...
  Columns 1 through 7

    0.0210    0.0364    0.0482    0.0581    0.0656    0.0720    0.0777

  Columns 8 through 10

    0.0832    0.0882    0.0926

Mrr at EP-100 ...
    0.0066

-100/200: 4354300.768009/1220.107185/4353080.660824/0.000007754
-101/200: 4354284.747138/1220.451828/4353064.295310/0.000003679
-102/200: 4354325.568460/1220.796080/4353104.772380/0.000009375
-103/200: 4354391.384471/1221.134890/4353170.249581/0.000015115
-104/200: 4354329.968259/1221.469014/4353108.499245/0.000014104
-105/200: 4354385.321157/1221.800220/4353163.520937/0.000012712
-106/200: 4354345.033176/1222.129307/4353122.903869/0.000009252
-107/200: 4354383.680663/1222.456220/4353161.224443/0.000008876
-108/200: 4354431.963002/1222.775339/4353209.187663/0.000011088
-109/200: 4354384.307542/1223.092612/4353161.214930/0.000010944
-110/200: 4354373.252236/1223.407088/4353149.845148/0.000002539
-111/200: 4354453.575144/1223.720832/4353229.854312/0.000018446
-112/200: 4354447.836458/1224.030846/4353223.805612/0.000001318
-113/200: 4354427.137693/1224.335928/4353202.801765/0.000004753
-114/200: 4354410.930107/1224.638491/4353186.291616/0.000003722
-115/200: 4354448.528945/1224.938333/4353223.590612/0.000008635
-116/200: 4354437.287637/1225.234016/4353212.053621/0.000002582
-117/200: 4354490.634767/1225.525347/4353265.109420/0.000012251
-118/200: 4354482.303459/1225.817159/4353256.486300/0.000001913
-119/200: 4354521.877882/1226.103318/4353295.774564/0.000009088
-120/200: 4354500.692418/1226.384625/4353274.307793/0.000004865
-121/200: 4354540.486641/1226.662857/4353313.823784/0.000009139
-122/200: 4354550.757849/1226.937132/4353323.820717/0.000002359
-123/200: 4354524.834100/1227.210924/4353297.623176/0.000005953
-124/200: 4354541.791436/1227.478739/4353314.312697/0.000003894
-125/200: 4354553.860159/1227.744147/4353326.116012/0.000002772
-126/200: 4354555.222733/1228.007512/4353327.215221/0.000000313
-127/200: 4354555.743225/1228.270304/4353327.472921/0.000000120
-128/200: 4354559.936526/1228.529580/4353331.406946/0.000000963
-129/200: 4354563.530118/1228.781237/4353334.748881/0.000000825
-130/200: 4354623.103039/1229.033622/4353394.069417/0.000013681
-131/200: 4354571.966205/1229.283208/4353342.682997/0.000011743
-132/200: 4354623.182470/1229.530335/4353393.652135/0.000011761
-133/200: 4354637.695074/1229.777854/4353407.917220/0.000003333
-134/200: 4354679.474139/1230.018506/4353449.455633/0.000009594
-135/200: 4354606.390408/1230.257487/4353376.132921/0.000016783
-136/200: 4354628.047784/1230.491511/4353397.556273/0.000004973
-137/200: 4354686.700384/1230.724934/4353455.975450/0.000013469
-138/200: 4354672.026335/1230.954100/4353441.072235/0.000003370
-139/200: 4354660.901762/1231.179600/4353429.722162/0.000002555
-140/200: 4354696.730268/1231.405035/4353465.325233/0.000008228
-141/200: 4354709.355930/1231.629747/4353477.726183/0.000002899
-142/200: 4354682.629923/1231.848080/4353450.781843/0.000006137
-143/200: 4354713.938312/1232.065562/4353481.872750/0.000007190
-144/200: 4354728.579874/1232.280121/4353496.299753/0.000003362
-145/200: 4354751.315693/1232.493423/4353518.822270/0.000005221
-146/200: 4354742.443494/1232.703262/4353509.740232/0.000002037
-147/200: 4354756.176732/1232.909007/4353523.267725/0.000003154
-148/200: 4354725.126800/1233.111998/4353492.014802/0.000007130
-149/200: 4354761.694906/1233.313095/4353528.381811/0.000008397
-150/200: 4354777.971777/1233.514237/4353544.457540/0.000003738
-151/200: 4354786.652354/1233.713159/4353552.939195/0.000001993
-152/200: 4354783.064295/1233.907292/4353549.157003/0.000000824
-153/200: 4354792.762756/1234.099973/4353558.662783/0.000002227
-154/200: 4354810.731425/1234.289166/4353576.442259/0.000004126
-155/200: 4354801.513584/1234.477329/4353567.036255/0.000002117
-156/200: 4354816.054786/1234.663420/4353581.391366/0.000003339
-157/200: 4354856.375848/1234.848248/4353621.527600/0.000009259
-158/200: 4354847.776293/1235.029010/4353612.747283/0.000001975
-159/200: 4354862.792600/1235.209419/4353627.583181/0.000003448
-160/200: 4354870.814677/1235.387674/4353635.427003/0.000001842
-161/200: 4354839.113973/1235.561761/4353603.552212/0.000007279
-162/200: 4354860.811000/1235.734183/4353625.076817/0.000004982
-163/200: 4354903.582891/1235.906115/4353667.676776/0.000009822
-164/200: 4354874.090922/1236.075812/4353638.015110/0.000006772
-165/200: 4354921.043438/1236.242853/4353684.800585/0.000010782
-166/200: 4354906.827984/1236.408593/4353670.419391/0.000003264
-167/200: 4354904.941753/1236.570689/4353668.371064/0.000000433
-168/200: 4354932.767995/1236.732138/4353696.035857/0.000006390
-169/200: 4354927.299405/1236.890828/4353690.408577/0.000001256
-170/200: 4354944.716176/1237.048192/4353707.667984/0.000003999
-171/200: 4354941.954332/1237.203700/4353704.750632/0.000000634
-172/200: 4354973.556061/1237.356825/4353736.199236/0.000007257
-173/200: 4354949.023940/1237.508520/4353711.515420/0.000005633
-174/200: 4355012.935103/1237.659165/4353775.275938/0.000014676
-175/200: 4354968.535370/1237.807595/4353730.727775/0.000010195
-176/200: 4355010.159663/1237.954906/4353772.204757/0.000009558
-177/200: 4355030.425966/1238.100326/4353792.325640/0.000004654
-178/200: 4355016.407113/1238.242414/4353778.164699/0.000003219
-179/200: 4355021.686382/1238.383571/4353783.302811/0.000001212
-180/200: 4355007.504752/1238.522923/4353768.981829/0.000003256
-181/200: 4355054.796508/1238.661522/4353816.134986/0.000010859
-182/200: 4355046.660562/1238.797504/4353807.863058/0.000001868
-183/200: 4355068.277578/1238.931558/4353829.346020/0.000004964
-184/200: 4355081.420552/1239.066729/4353842.353823/0.000003018
-185/200: 4355094.624780/1239.196432/4353855.428348/0.000003032
-186/200: 4355083.642781/1239.326843/4353844.315938/0.000002522
-187/200: 4355085.280609/1239.454385/4353845.826224/0.000000376
-188/200: 4355111.401331/1239.581714/4353871.819617/0.000005998
-189/200: 4355123.965925/1239.705950/4353884.259975/0.000002885
-190/200: 4355123.175798/1239.829710/4353883.346088/0.000000181
-191/200: 4355139.301234/1239.952307/4353899.348927/0.000003703
-192/200: 4355153.558360/1240.072995/4353913.485365/0.000003274
-193/200: 4355147.022801/1240.191626/4353906.831175/0.000001501
-194/200: 4355148.813064/1240.309114/4353908.503950/0.000000411
-195/200: 4355171.360860/1240.426366/4353930.934494/0.000005177
-196/200: 4355158.498713/1240.540276/4353917.958437/0.000002953
-197/200: 4355163.998378/1240.651884/4353923.346494/0.000001263
-198/200: 4355151.893381/1240.763059/4353911.130322/0.000002779
-199/200: 4355206.352584/1240.871711/4353965.480873/0.000012505
-200/200: 4355179.378038/1240.979492/4353938.398546/0.000006194
Start evaluating ...
  Columns 1 through 7

    0.0213    0.0365    0.0484    0.0576    0.0655    0.0725    0.0780

  Columns 8 through 10

    0.0835    0.0885    0.0929

    0.0068

Elapsed time is 21317.893990 seconds.
