nohup: ignoring input

                            < M A T L A B (R) >
                  Copyright 1984-2016 The MathWorks, Inc.
                   R2016a (9.0.0.341360) 64-bit (glnxa64)
                             February 11, 2016

 
To get started, type one of these: helpwin, helpdesk, or demo.
For product information, visit www.mathworks.com.
 

	Academic License

Start learning ...
Init data [Dtype: delicious - Dspec: sp3/2550]
Init social model
Using adagrad ...
Load pretrained shallow-model...
Params [lbd-U: 1.0000|lbd-V: 0.1000|lbd-N: 1.0000|lbd-Q: 0.0500]
Staring Sample 3 - Loc: save/bcdl/delicious-alg61-sp3-cold20170226125817854 
CTR(chongwang)-DAE(User graph) Running - Walks(1)...
-1/200: 452435.112903/16654.131849/435780.981054/1.000000000
-2/200: 439085.413715/4018.964616/435066.449099/0.029506329
-3/200: 438554.811114/3408.740978/435146.070136/0.001208427
-4/200: 438399.135561/3218.913691/435180.221870/0.000354974
-5/200: 438284.308411/3113.209742/435171.098669/0.000261924
-6/200: 438222.139670/3050.418855/435171.720815/0.000141846
-7/200: 438205.007132/3011.307522/435193.699610/0.000039096
-8/200: 438184.487483/2985.923232/435198.564251/0.000046827
-9/200: 438164.553325/2968.786717/435195.766608/0.000045493
-10/200: 438155.341083/2956.757372/435198.583711/0.000021025
-11/200: 438139.925914/2947.981063/435191.944851/0.000035182
-12/200: 438127.629687/2941.340785/435186.288902/0.000028065
-13/200: 438134.563997/2936.146326/435198.417671/0.000015827
-14/200: 438136.276514/2931.964134/435204.312380/0.000003909
-15/200: 438124.038666/2928.516985/435195.521681/0.000027932
-16/200: 438123.261779/2925.615268/435197.646511/0.000001773
-17/200: 438128.553400/2923.136086/435205.417314/0.000012078
-18/200: 438140.343789/2920.989470/435219.354319/0.000026911
-19/200: 438129.477137/2919.114614/435210.362523/0.000024802
-20/200: 438131.914867/2917.462182/435214.452685/0.000005564
-21/200: 438118.276445/2915.998152/435202.278293/0.000031129
-22/200: 438132.220484/2914.691851/435217.528633/0.000031827
-23/200: 438136.965303/2913.522439/435223.442864/0.000010830
-24/200: 438141.826716/2912.471779/435229.354937/0.000011096
-25/200: 438130.090299/2911.524112/435218.566187/0.000026787
-26/200: 438131.338043/2910.667026/435220.671017/0.000002848
-27/200: 438125.661676/2909.889157/435215.772519/0.000012956
-28/200: 438145.478445/2909.179807/435236.298638/0.000045231
-29/200: 438142.915316/2908.533592/435234.381724/0.000005850
-30/200: 438136.079058/2907.943903/435228.135155/0.000015603
-31/200: 438136.229033/2907.402201/435228.826832/0.000000342
-32/200: 438143.634151/2906.907262/435236.726889/0.000016901
-33/200: 438119.682748/2906.450466/435213.232282/0.000054666
-34/200: 438143.037446/2906.031057/435237.006389/0.000053307
-35/200: 438124.618704/2905.642948/435218.975756/0.000042038
-36/200: 438139.589570/2905.285565/435234.304005/0.000034170
-37/200: 438140.677264/2904.954303/435235.722961/0.000002483
-38/200: 438135.565890/2904.646974/435230.918916/0.000011666
-39/200: 438142.048648/2904.362457/435237.686191/0.000014796
-40/200: 438139.054553/2904.098226/435234.956327/0.000006834
-41/200: 438151.987177/2903.853078/435248.134099/0.000029517
-42/200: 438153.524555/2903.624911/435249.899644/0.000003509
-43/200: 438150.644403/2903.412267/435247.232136/0.000006573
-44/200: 438152.751128/2903.212252/435249.538876/0.000004808
-45/200: 438150.259747/2903.026153/435247.233594/0.000005686
-46/200: 438150.216354/2902.853056/435247.363298/0.000000099
-47/200: 438157.447383/2902.690346/435254.757037/0.000016504
-48/200: 438156.770626/2902.538135/435254.232491/0.000001545
-49/200: 438146.024226/2902.396785/435243.627441/0.000024526
-50/200: 438150.087012/2902.263736/435247.823276/0.000009273
-51/200: 438150.742250/2902.138616/435248.603634/0.000001495
-52/200: 438165.209506/2902.021354/435263.188152/0.000033019
-53/200: 438150.653183/2901.912179/435248.741004/0.000033221
-54/200: 438157.652905/2901.810877/435255.842028/0.000015976
-55/200: 438156.854178/2901.714318/435255.139860/0.000001823
-56/200: 438156.656871/2901.623766/435255.033105/0.000000450
-57/200: 438161.205482/2901.540620/435259.664862/0.000010381
-58/200: 438166.396301/2901.462592/435264.933709/0.000011847
-59/200: 438163.126092/2901.389329/435261.736763/0.000007463
-60/200: 438164.542348/2901.319904/435263.222444/0.000003232
-61/200: 438156.525657/2901.255641/435255.270016/0.000018296
-62/200: 438170.507899/2901.195718/435269.312181/0.000031912
-63/200: 438164.066652/2901.139745/435262.926907/0.000014700
-64/200: 438178.443338/2901.087478/435277.355860/0.000032811
-65/200: 438179.086022/2901.039832/435278.046190/0.000001467
-66/200: 438177.244716/2900.996069/435276.248647/0.000004202
-67/200: 438167.337392/2900.954524/435266.382868/0.000022610
-68/200: 438169.048854/2900.915559/435268.133295/0.000003906
-69/200: 438171.182360/2900.879878/435270.302482/0.000004869
-70/200: 438170.654283/2900.846429/435269.807854/0.000001205
-71/200: 438179.794002/2900.817010/435278.976992/0.000020859
-72/200: 438175.027046/2900.788296/435274.238750/0.000010879
-73/200: 438186.015194/2900.763396/435285.251798/0.000025077
-74/200: 438181.467078/2900.739849/435280.727229/0.000010379
-75/200: 438178.000344/2900.718898/435277.281446/0.000007912
-76/200: 438188.015355/2900.699427/435287.315928/0.000022856
-77/200: 438189.945545/2900.682893/435289.262652/0.000004405
-78/200: 438189.722472/2900.665916/435289.056556/0.000000509
-79/200: 438179.914392/2900.652233/435279.262159/0.000022383
-80/200: 438181.550444/2900.639234/435280.911210/0.000003734
-81/200: 438187.073804/2900.627746/435286.446058/0.000012605
-82/200: 438194.752832/2900.617921/435294.134911/0.000017525
-83/200: 438187.988681/2900.608648/435287.380033/0.000015436
-84/200: 438186.300569/2900.600776/435285.699793/0.000003852
-85/200: 438193.537198/2900.594557/435292.942641/0.000016515
-86/200: 438193.877894/2900.588563/435293.289331/0.000000778
-87/200: 438195.277809/2900.584621/435294.693188/0.000003195
-88/200: 438199.421956/2900.581728/435298.840228/0.000009457
-89/200: 438195.762968/2900.579348/435295.183620/0.000008350
-90/200: 438199.286774/2900.577749/435298.709025/0.000008042
-91/200: 438198.332490/2900.576739/435297.755751/0.000002178
-92/200: 438202.789434/2900.576496/435302.212938/0.000010171
-93/200: 438200.462294/2900.576936/435299.885358/0.000005311
-94/200: 438207.578261/2900.578124/435307.000137/0.000016239
-95/200: 438205.312405/2900.579833/435304.732572/0.000005171
-96/200: 438200.951211/2900.583396/435300.367815/0.000009952
-97/200: 438206.147399/2900.586994/435305.560405/0.000011858
-98/200: 438209.151904/2900.590871/435308.561033/0.000006856
-99/200: 438210.974011/2900.595599/435310.378412/0.000004158
Recall at EP-100 ...
  Columns 1 through 7

    0.0873    0.1072    0.1197    0.1290    0.1385    0.1510    0.1652

  Columns 8 through 10

    0.1772    0.1893    0.1994

Mrr at EP-100 ...
    0.0204

-100/200: 438207.476008/2900.601230/435306.874778/0.000007982
-101/200: 438205.433594/2900.606179/435304.827415/0.000004661
-102/200: 438209.766340/2900.612310/435309.154030/0.000009887
-103/200: 438216.459430/2900.618888/435315.840542/0.000015274
-104/200: 438210.359200/2900.625238/435309.733962/0.000013921
-105/200: 438216.223660/2900.632261/435315.591399/0.000013383
-106/200: 438212.179250/2900.639643/435311.539607/0.000009229
-107/200: 438216.140453/2900.648238/435315.492215/0.000009039
-108/200: 438221.457271/2900.655968/435320.801303/0.000012133
-109/200: 438216.235606/2900.664415/435315.571191/0.000011916
-110/200: 438215.264658/2900.672988/435314.591670/0.000002216
-111/200: 438223.246182/2900.682797/435322.563385/0.000018214
-112/200: 438222.814288/2900.692630/435322.121658/0.000000986
-113/200: 438220.780301/2900.702830/435320.077471/0.000004641
-114/200: 438218.972265/2900.713164/435318.259101/0.000004126
-115/200: 438222.587251/2900.723621/435321.863630/0.000008249
-116/200: 438222.050168/2900.734551/435321.315617/0.000001226
-117/200: 438227.656770/2900.745012/435326.911758/0.000012794
-118/200: 438226.644154/2900.756400/435325.887754/0.000002311
-119/200: 438230.652862/2900.767155/435329.885707/0.000009148
-120/200: 438228.931629/2900.777770/435328.153859/0.000003928
-121/200: 438233.015401/2900.788690/435332.226711/0.000009319
-122/200: 438233.826826/2900.799474/435333.027352/0.000001852
-123/200: 438231.289124/2900.811086/435330.478038/0.000005791
-124/200: 438233.367820/2900.821887/435332.545933/0.000004743
-125/200: 438234.183704/2900.833348/435333.350356/0.000001862
-126/200: 438234.431390/2900.845081/435333.586309/0.000000565
-127/200: 438234.560362/2900.857269/435333.703093/0.000000294
-128/200: 438235.124789/2900.869380/435334.255409/0.000001288
-129/200: 438235.506247/2900.880705/435334.625542/0.000000870
-130/200: 438241.743810/2900.891973/435340.851837/0.000014233
-131/200: 438236.455604/2900.904102/435335.551502/0.000012067
-132/200: 438241.851905/2900.916408/435340.935497/0.000012314
-133/200: 438243.164911/2900.929009/435342.235902/0.000002996
-134/200: 438247.405219/2900.940577/435346.464642/0.000009676
-135/200: 438240.049860/2900.953259/435339.096601/0.000016784
-136/200: 438242.472148/2900.964975/435341.507173/0.000005527
-137/200: 438248.580015/2900.977143/435347.602872/0.000013937
-138/200: 438247.158759/2900.988777/435346.169982/0.000003243
-139/200: 438246.228684/2900.999928/435345.228756/0.000002122
-140/200: 438249.428372/2901.012094/435348.416278/0.000007301
-141/200: 438251.207778/2901.024972/435350.182806/0.000004060
-142/200: 438248.555828/2901.036674/435347.519154/0.000006051
-143/200: 438251.784514/2901.048912/435350.735602/0.000007367
-144/200: 438253.344697/2901.060491/435352.284206/0.000003560
-145/200: 438255.566196/2901.072527/435354.493669/0.000005069
-146/200: 438254.757620/2901.084317/435353.673303/0.000001845
-147/200: 438256.389570/2901.096110/435355.293460/0.000003724
-148/200: 438253.113174/2901.107102/435352.006072/0.000007476
-149/200: 438256.608470/2901.118531/435355.489939/0.000007976
-150/200: 438258.488891/2901.130530/435357.358361/0.000004291
-151/200: 438259.308376/2901.142471/435358.165905/0.000001870
-152/200: 438259.459712/2901.154089/435358.305623/0.000000345
-153/200: 438260.297105/2901.165144/435359.131961/0.000001911
-154/200: 438261.798788/2901.176617/435360.622171/0.000003426
-155/200: 438261.310635/2901.187737/435360.122898/0.000001114
-156/200: 438262.687371/2901.199190/435361.488181/0.000003141
-157/200: 438267.096415/2901.210660/435365.885755/0.000010060
-158/200: 438266.205741/2901.221766/435364.983975/0.000002032
-159/200: 438267.719293/2901.233436/435366.485857/0.000003453
-160/200: 438268.691080/2901.244844/435367.446236/0.000002217
-161/200: 438265.238547/2901.255266/435363.983281/0.000007878
-162/200: 438267.712934/2901.266212/435366.446722/0.000005646
-163/200: 438272.810019/2901.277033/435371.532986/0.000011630
-164/200: 438269.009543/2901.288011/435367.721532/0.000008671
-165/200: 438273.937898/2901.298940/435372.638958/0.000011245
-166/200: 438272.421664/2901.309701/435371.111963/0.000003460
-167/200: 438272.423316/2901.319961/435371.103355/0.000000004
Start evaluating ...
  Columns 1 through 7

    0.0854    0.1067    0.1190    0.1293    0.1394    0.1520    0.1660

  Columns 8 through 10

    0.1788    0.1907    0.2001

    0.0198

Elapsed time is 29548.935483 seconds.
