nohup: ignoring input

                            < M A T L A B (R) >
                  Copyright 1984-2016 The MathWorks, Inc.
                   R2016a (9.0.0.341360) 64-bit (glnxa64)
                             February 11, 2016

 
To get started, type one of these: helpwin, helpdesk, or demo.
For product information, visit www.mathworks.com.
 

	Academic License

Start learning ...
Init data [Dtype: delicious - Dspec: sp3/1050]
Init social model
Using adagrad ...
Load pretrained shallow-model...
Params [lbd-U: 1.0000|lbd-V: 100.0000|lbd-N: 1.0000|lbd-Q: 0.1000]
Staring Sample 3 - Loc: save/bcdl/delicious-alg61-sp3-cold20170225114414685 
CTR(chongwang)-DAE(User graph) Running - Walks(1)...
-1/200: 442092.610930/6311.629876/435780.981054/1.000000000
-2/200: 440416.532151/5286.151987/435130.380164/0.003791239
-3/200: 440408.276732/5242.795521/435165.481211/0.000018745
-4/200: 440419.028858/5243.683287/435175.345571/0.000024414
-5/200: 440411.888264/5246.970997/435164.917267/0.000016213
-6/200: 440415.341311/5250.192456/435165.148855/0.000007840
-7/200: 440440.086718/5253.247317/435186.839401/0.000056187
-8/200: 440447.295973/5256.184679/435191.111294/0.000016368
-9/200: 440446.488755/5259.038561/435187.450194/0.000001833
-10/200: 440452.350158/5261.719469/435190.630689/0.000013308
-11/200: 440447.704787/5264.290520/435183.414267/0.000010547
-12/200: 440443.683672/5266.797847/435176.885825/0.000009130
-13/200: 440457.848865/5269.199875/435188.648990/0.000032161
-14/200: 440465.834836/5271.520616/435194.314220/0.000018131
-15/200: 440459.076500/5273.807385/435185.269115/0.000015344
-16/200: 440462.111632/5275.996443/435186.115189/0.000006891
-17/200: 440472.210266/5278.097795/435194.112471/0.000022927
-18/200: 440487.653516/5280.116865/435207.536651/0.000035061
-19/200: 440480.160151/5282.112960/435198.047191/0.000017012
-20/200: 440485.782887/5284.028814/435201.754073/0.000012765
-21/200: 440475.248833/5285.924468/435189.324365/0.000023915
-22/200: 440491.752798/5287.767171/435203.985627/0.000037469
-23/200: 440498.472100/5289.572673/435208.899427/0.000015254
-24/200: 440506.339567/5291.321877/435215.017690/0.000017860
-25/200: 440496.905532/5293.055292/435203.850240/0.000021416
-26/200: 440499.917558/5294.761940/435205.155618/0.000006838
-27/200: 440496.599529/5296.416340/435200.183189/0.000007532
-28/200: 440518.419017/5298.024455/435220.394562/0.000049534
-29/200: 440517.859566/5299.604936/435218.254630/0.000001270
-30/200: 440512.777943/5301.165407/435211.612536/0.000011536
-31/200: 440514.286576/5302.680955/435211.605621/0.000003425
-32/200: 440523.348157/5304.187253/435219.160904/0.000020570
-33/200: 440501.115875/5305.665825/435195.450050/0.000050468
-34/200: 440525.837500/5307.117041/435218.720459/0.000056122
-35/200: 440508.756555/5308.545637/435200.210918/0.000038774
-36/200: 440524.885001/5309.962525/435214.922476/0.000036613
-37/200: 440527.935100/5311.359829/435216.575271/0.000006924
-38/200: 440524.415540/5312.725791/435211.689749/0.000007989
-39/200: 440532.118030/5314.088873/435218.029157/0.000017485
-40/200: 440529.901753/5315.427095/435214.474658/0.000005031
-41/200: 440544.456890/5316.755165/435227.701725/0.000033040
-42/200: 440547.334943/5318.067399/435229.267544/0.000006533
-43/200: 440545.668469/5319.359014/435226.309455/0.000003783
-44/200: 440548.536011/5320.623679/435227.912332/0.000006509
-45/200: 440547.393689/5321.883806/435225.509883/0.000002593
-46/200: 440548.295407/5323.133021/435225.162386/0.000002047
-47/200: 440556.271574/5324.365182/435231.906392/0.000018105
-48/200: 440556.677000/5325.582023/435231.094977/0.000000920
-49/200: 440546.907773/5326.797258/435220.110515/0.000022175
-50/200: 440552.683744/5327.994385/435224.689359/0.000013111
-51/200: 440554.074694/5329.173331/435224.901363/0.000003157
-52/200: 440569.724311/5330.335129/435239.389182/0.000035523
-53/200: 440555.825964/5331.503728/435224.322236/0.000031546
-54/200: 440563.548039/5332.664434/435230.883605/0.000017528
-55/200: 440563.893914/5333.798773/435230.095141/0.000000785
-56/200: 440564.853254/5334.927354/435229.925900/0.000002178
-57/200: 440569.630078/5336.069914/435233.560164/0.000010843
-58/200: 440575.664023/5337.198512/435238.465511/0.000013696
-59/200: 440573.668622/5338.317799/435235.350823/0.000004529
-60/200: 440576.174664/5339.410421/435236.764243/0.000005688
-61/200: 440569.040313/5340.499355/435228.540958/0.000016193
-62/200: 440583.857193/5341.586180/435242.271013/0.000033631
-63/200: 440577.987701/5342.661488/435235.326213/0.000013322
-64/200: 440593.392027/5343.725527/435249.666500/0.000034964
-65/200: 440594.463963/5344.798552/435249.665411/0.000002433
-66/200: 440593.662693/5345.863249/435247.799444/0.000001819
-67/200: 440584.603137/5346.917786/435237.685351/0.000020562
-68/200: 440586.873007/5347.956057/435238.916950/0.000005152
-69/200: 440589.917656/5348.985350/435240.932306/0.000006910
-70/200: 440590.102977/5350.011956/435240.091021/0.000000421
-71/200: 440600.603132/5351.037139/435249.565993/0.000023832
-72/200: 440596.564040/5352.044613/435244.519427/0.000009167
-73/200: 440607.492533/5353.055889/435254.436644/0.000024804
-74/200: 440603.986058/5354.062862/435249.923196/0.000007958
-75/200: 440601.256932/5355.058484/435246.198448/0.000006194
-76/200: 440612.019488/5356.046273/435255.973215/0.000024427
-77/200: 440614.613682/5357.035889/435257.577793/0.000005888
-78/200: 440615.603025/5358.000520/435257.602505/0.000002245
-79/200: 440605.824958/5358.975944/435246.849014/0.000022192
-80/200: 440608.210015/5359.936541/435248.273474/0.000005413
-81/200: 440614.835073/5360.889551/435253.945522/0.000015036
-82/200: 440622.702585/5361.841240/435260.861345/0.000017856
-83/200: 440616.948249/5362.789441/435254.158808/0.000013060
-84/200: 440616.094374/5363.722712/435252.371662/0.000001938
-85/200: 440623.862123/5364.657884/435259.204239/0.000017629
-86/200: 440625.099993/5365.580721/435259.519272/0.000002809
-87/200: 440626.925804/5366.505044/435260.420760/0.000004144
-88/200: 440631.564001/5367.423319/435264.140682/0.000010526
-89/200: 440628.574316/5368.334733/435260.239583/0.000006785
-90/200: 440632.837509/5369.238536/435263.598973/0.000009675
-91/200: 440633.109397/5370.128820/435262.980577/0.000000617
-92/200: 440637.706389/5371.020709/435266.685680/0.000010433
-93/200: 440636.199222/5371.902604/435264.296618/0.000003420
-94/200: 440644.079397/5372.781228/435271.298169/0.000017884
-95/200: 440641.872230/5373.655551/435268.216679/0.000005009
-96/200: 440638.521826/5374.532736/435263.989090/0.000007603
-97/200: 440644.005330/5375.406622/435268.598708/0.000012444
-98/200: 440647.906716/5376.265980/435271.640736/0.000008854
-99/200: 440649.981538/5377.124843/435272.856695/0.000004709
Recall at EP-100 ...
  Columns 1 through 7

    0.0054    0.0101    0.0126    0.0149    0.0169    0.0190    0.0207

  Columns 8 through 10

    0.0227    0.0242    0.0258

Mrr at EP-100 ...
    0.0018

-100/200: 440647.019947/5377.986225/435269.033722/0.000006721
-101/200: 440646.259680/5378.825292/435267.434388/0.000001725
-102/200: 440650.921669/5379.673560/435271.248109/0.000010580
-103/200: 440658.260878/5380.515457/435277.745421/0.000016655
-104/200: 440653.019403/5381.345587/435271.673816/0.000011895
-105/200: 440659.113195/5382.173925/435276.939270/0.000013829
-106/200: 440655.444039/5383.005613/435272.438426/0.000008327
-107/200: 440659.948938/5383.834696/435276.114242/0.000010223
-108/200: 440666.054457/5384.647767/435281.406690/0.000013855
-109/200: 440661.671336/5385.457725/435276.213611/0.000009947
-110/200: 440661.062707/5386.264346/435274.798361/0.000001381
-111/200: 440669.430176/5387.081332/435282.348844/0.000018988
-112/200: 440669.556785/5387.893021/435281.663764/0.000000287
-113/200: 440668.166741/5388.697616/435279.469125/0.000003154
-114/200: 440666.957822/5389.497848/435277.459974/0.000002743
-115/200: 440671.311590/5390.296236/435281.015354/0.000009880
-116/200: 440671.117099/5391.085466/435280.031633/0.000000441
-117/200: 440677.137087/5391.872014/435285.265073/0.000013661
-118/200: 440676.502131/5392.663657/435283.838474/0.000001441
-119/200: 440681.267928/5393.446846/435287.821082/0.000010815
-120/200: 440680.194957/5394.218040/435285.976917/0.000002435
-121/200: 440684.723191/5394.984611/435289.738580/0.000010276
-122/200: 440686.273210/5395.748679/435290.524531/0.000003517
-123/200: 440683.858709/5396.518595/435287.340114/0.000005479
-124/200: 440686.820034/5397.272728/435289.547306/0.000006720
-125/200: 440688.508090/5398.028363/435290.479727/0.000003831
-126/200: 440688.866798/5398.783857/435290.082941/0.000000814
-127/200: 440689.505377/5399.539980/435289.965397/0.000001449
-128/200: 440690.324639/5400.294817/435290.029822/0.000001859
-129/200: 440692.041292/5401.028725/435291.012567/0.000003895
-130/200: 440698.263951/5401.769868/435296.494083/0.000014120
-131/200: 440693.410484/5402.511149/435290.899335/0.000011013
-132/200: 440699.129746/5403.251224/435295.878522/0.000012978
-133/200: 440700.954086/5403.992251/435296.961835/0.000004140
-134/200: 440706.130921/5404.722998/435301.407923/0.000011747
-135/200: 440699.331397/5405.451151/435293.880246/0.000015429
-136/200: 440702.068811/5406.170035/435295.898776/0.000006212
-137/200: 440708.453520/5406.892872/435301.560648/0.000014488
-138/200: 440707.726026/5407.608156/435300.117870/0.000001651
-139/200: 440707.361587/5408.316499/435299.045088/0.000000827
-140/200: 440711.083477/5409.029951/435302.053526/0.000008445
-141/200: 440712.619575/5409.747297/435302.872278/0.000003486
-142/200: 440711.032481/5410.447899/435300.584582/0.000003601
-143/200: 440714.295186/5411.154943/435303.140243/0.000007403
-144/200: 440716.967689/5411.852042/435305.115647/0.000006064
-145/200: 440719.216102/5412.554598/435306.661504/0.000005102
-146/200: 440719.445760/5413.247041/435306.198719/0.000000521
-147/200: 440721.249940/5413.935642/435307.314298/0.000004094
-148/200: 440718.839261/5414.617184/435304.222077/0.000005470
-149/200: 440722.885572/5415.299774/435307.585798/0.000009181
-150/200: 440724.790447/5415.985296/435308.805151/0.000004322
-151/200: 440726.133520/5416.669637/435309.463883/0.000003047
-152/200: 440726.513049/5417.346048/435309.167001/0.000000861
-153/200: 440728.271419/5418.015063/435310.256356/0.000003990
-154/200: 440730.299845/5418.683975/435311.615870/0.000004602
-155/200: 440729.970109/5419.353640/435310.616469/0.000000748
-156/200: 440731.780667/5420.019430/435311.761237/0.000004108
-157/200: 440736.582402/5420.684782/435315.897620/0.000010895
-158/200: 440736.505143/5421.341845/435315.163298/0.000000175
-159/200: 440738.095614/5422.006542/435316.089072/0.000003609
-160/200: 440739.274031/5422.666575/435316.607456/0.000002674
-161/200: 440737.221987/5423.314701/435313.907286/0.000004656
-162/200: 440739.877238/5423.961930/435315.915308/0.000006025
-163/200: 440744.689672/5424.609481/435320.080191/0.000010919
-164/200: 440741.565738/5425.257034/435316.308704/0.000007088
-165/200: 440747.243734/5425.902127/435321.341607/0.000012883
-166/200: 440746.260366/5426.542904/435319.717462/0.000002231
-167/200: 440746.837323/5427.178783/435319.658540/0.000001309
-168/200: 440750.013997/5427.814803/435322.199194/0.000007207
-169/200: 440750.131861/5428.447130/435321.684731/0.000000267
-170/200: 440751.693141/5429.079494/435322.613647/0.000003542
-171/200: 440752.332645/5429.712161/435322.620484/0.000001451
-172/200: 440756.245413/5430.337445/435325.907968/0.000008877
-173/200: 440753.768573/5430.962917/435322.805656/0.000005620
-174/200: 440761.052014/5431.590184/435329.461830/0.000016525
-175/200: 440757.055402/5432.209575/435324.845827/0.000009068
-176/200: 440761.377037/5432.832773/435328.544264/0.000009805
-177/200: 440764.149282/5433.453018/435330.696264/0.000006290
-178/200: 440763.500152/5434.065185/435329.434967/0.000001473
-179/200: 440764.529510/5434.675744/435329.853766/0.000002335
-180/200: 440763.314805/5435.287290/435328.027515/0.000002756
-181/200: 440768.415931/5435.899947/435332.515984/0.000011573
-182/200: 440768.449999/5436.502978/435331.947021/0.000000077
Start evaluating ...
  Columns 1 through 7

    0.0009    0.0017    0.0023    0.0028    0.0034    0.0041    0.0046

  Columns 8 through 10

    0.0054    0.0066    0.0077

   3.4623e-04

Elapsed time is 20073.727768 seconds.
