nohup: ignoring input

                            < M A T L A B (R) >
                  Copyright 1984-2016 The MathWorks, Inc.
                   R2016a (9.0.0.341360) 64-bit (glnxa64)
                             February 11, 2016

 
To get started, type one of these: helpwin, helpdesk, or demo.
For product information, visit www.mathworks.com.
 

	Academic License

Start learning ...
Init data [Dtype: delicious - Dspec: sp3/5050]
Init social model
Using adagrad ...
Params [lbd-U: 0.1000|lbd-V: 1.0000|lbd-N: 0.1000|lbd-Q: 0.0100]
Staring Sample 3 - Loc: save/ctrsmf/delicious-alg90-sp3-cold20170226203651160 
CTR-SMF Running ...

iter time likelihood converge
0001 000573 -51797784.29997 1.0000000000
0002 001224 -50557075.04018 0.0239529408
0003 001871 -49468980.29266 0.0215221064
0004 002511 -49150037.80063 0.0064473230
0005 003146 -49008087.77530 0.0028880960
0006 003766 -48912348.30231 0.0019535444
0007 004392 -48844868.54757 0.0013796057
0008 005007 -48795810.57439 0.0010043629
0009 005629 -48757055.11312 0.0007942375
0010 006244 -48724693.27102 0.0006637366
0011 006851 -48696736.73093 0.0005737653
0012 007458 -48672139.06961 0.0005051193
0013 008066 -48650265.43100 0.0004494078
0014 008668 -48630666.95007 0.0004028443
0015 009272 -48613001.04363 0.0003632668
0016 009881 -48596995.24124 0.0003292494
0017 010486 -48582427.00632 0.0002997765
0018 011088 -48569111.67190 0.0002740772
0019 011693 -48556894.21581 0.0002515479
0020 012301 -48545643.56035 0.0002317005
0021 012905 -48535248.28051 0.0002141341
0022 013517 -48525612.96867 0.0001985219
0023 014125 -48516655.18080 0.0001845992
0024 014728 -48508303.08970 0.0001721489
0025 015330 -48500493.80156 0.0001609887
0026 015938 -48493172.11872 0.0001509610
0027 016543 -48486289.10462 0.0001419378
0028 017143 -48479800.62328 0.0001338210
0029 017748 -48473666.59353 0.0001265275
0030 018360 -48467851.31427 0.0001199678
0031 018964 -48462323.94572 0.0001140420
0032 019561 -48457057.94710 0.0001086617
0033 020166 -48452030.95880 0.0001037411
0034 020773 -48447225.45274 0.0000991807
0035 021376 -48442628.83533 0.0000948789
0036 021983 -48438232.19704 0.0000907597
0037 022591 -48434029.49548 0.0000867641
0038 023200 -48430016.89922 0.0000828466
0039 023805 -48426190.80601 0.0000790025
0040 024409 -48422547.07219 0.0000752430
0041 025013 -48419081.35037 0.0000715725
0042 025615 -48415789.12022 0.0000679945
0043 026220 -48412665.16107 0.0000645236
0044 026827 -48409702.28362 0.0000612005
0045 027441 -48406891.74911 0.0000580573
0046 027940 -48404224.74873 0.0000550955
0047 028424 -48401691.98491 0.0000523253
0048 028919 -48399285.23141 0.0000497246
0049 029399 -48396999.82459 0.0000472198
0050 029852 -48394834.48154 0.0000447413
0051 030299 -48392788.52371 0.0000422764
0052 030741 -48390860.14284 0.0000398485
0053 031180 -48389046.20356 0.0000374852
0054 031619 -48387342.98814 0.0000351984
0055 032058 -48385747.03063 0.0000329830
0056 032489 -48384253.28781 0.0000308715
0057 032925 -48382854.68692 0.0000289061
0058 033365 -48381542.50138 0.0000271209
0059 033801 -48380306.74555 0.0000255419
0060 034238 -48379137.84323 0.0000241607
0061 034652 -48378028.63754 0.0000229274
0062 035066 -48376975.33574 0.0000217723
0063 035474 -48375976.72928 0.0000206422
0064 035885 -48375032.34527 0.0000195218
0065 036304 -48374140.66447 0.0000184327
0066 036681 -48373298.14289 0.0000174168
0067 036974 -48372499.81238 0.0000165035
0068 037257 -48371741.03817 0.0000156861
0069 037540 -48371018.86140 0.0000149297
0070 037819 -48370332.43644 0.0000141908
0071 038099 -48369682.04883 0.0000134460
0072 038379 -48369067.50211 0.0000127052
0073 038661 -48368487.54944 0.0000119902
0074 038942 -48367940.37292 0.0000113127
0075 039223 -48367424.20041 0.0000106718
0076 039503 -48366937.55141 0.0000100615
0077 039692 -48366479.31116 0.0000094742
Start evaluating ...
  Columns 1 through 7

    0.1432    0.1904    0.2091    0.2153    0.2194    0.2228    0.2249

  Columns 8 through 10

    0.2266    0.2279    0.2289

    0.0300

Elapsed time is 39794.865189 seconds.
