nohup: ignoring input

                            < M A T L A B (R) >
                  Copyright 1984-2016 The MathWorks, Inc.
                   R2016a (9.0.0.341360) 64-bit (glnxa64)
                             February 11, 2016

 
To get started, type one of these: helpwin, helpdesk, or demo.
For product information, visit www.mathworks.com.
 

	Academic License

Start learning ...
Init data [Dtype: delicious - Dspec: sp3/5050]
Init social model
Using adagrad ...
Load pretrained shallow-model...
Could not use CUDA
Params [lbd-U: 0.0100|lbd-V: 0.1000|lbd-N: 0.0100|lbd-Q: 0.0100]
Staring Sample 3 - Loc: save/bcdl/delicious-alg61-sp3-cold20170227105047302 
CTR(chongwang)-DAE(User graph) Running - Walks(1)...
-1/200: 8072.160382/3714.350571/4357.809811/1.000000000
-2/200: 7524.857944/3175.185386/4349.672558/0.067801234
-3/200: 7274.359118/2924.133019/4350.226099/0.033289509
-4/200: 7136.856475/2785.445230/4351.411245/0.018902372
-5/200: 7032.533468/2680.937681/4351.595787/0.014617501
-6/200: 6948.517725/2596.879669/4351.638056/0.011946725
-7/200: 6878.889706/2527.024440/4351.865266/0.010020557
-8/200: 6819.586193/2467.687127/4351.899066/0.008621088
-9/200: 6768.349417/2416.498180/4351.851237/0.007513180
-10/200: 6723.732826/2371.822232/4351.910594/0.006591945
-11/200: 6684.310882/2332.469194/4351.841688/0.005863104
-12/200: 6649.309766/2297.539259/4351.770507/0.005236309
-13/200: 6618.195967/2266.333279/4351.862688/0.004679253
-14/200: 6590.246990/2238.296512/4351.950478/0.004223051
-15/200: 6564.835324/2212.981529/4351.853795/0.003855950
-16/200: 6541.885829/2190.022957/4351.862872/0.003495822
-17/200: 6521.075802/2169.118876/4351.956926/0.003181044
-18/200: 6502.104529/2150.017368/4352.087161/0.002909225
-19/200: 6484.485093/2132.506711/4351.978382/0.002709805
-20/200: 6468.433028/2116.407019/4352.026009/0.002475457
-21/200: 6453.489786/2101.564922/4351.924864/0.002310180
-22/200: 6439.908667/2087.848558/4352.060109/0.002104461
-23/200: 6427.224794/2075.143922/4352.080872/0.001969573
-24/200: 6415.519910/2063.351650/4352.168260/0.001821141
-25/200: 6404.452235/2052.385290/4352.066945/0.001725141
-26/200: 6394.239252/2042.168725/4352.070527/0.001594669
-27/200: 6384.672408/2032.634834/4352.037574/0.001496166
-28/200: 6375.952014/2023.724151/4352.227863/0.001365833
-29/200: 6367.601240/2015.383891/4352.217349/0.001309730
-30/200: 6359.740443/2007.567022/4352.173421/0.001234499
-31/200: 6352.353805/2000.231337/4352.122468/0.001161468
-32/200: 6345.592130/1993.338914/4352.253216/0.001064436
-33/200: 6338.879394/1986.855720/4352.023674/0.001057858
-34/200: 6332.975617/1980.751031/4352.224586/0.000931360
-35/200: 6327.058041/1974.996851/4352.061190/0.000934407
-36/200: 6321.760753/1969.568023/4352.192730/0.000837243
-37/200: 6316.681063/1964.441424/4352.239639/0.000803525
-38/200: 6311.758718/1959.596081/4352.162637/0.000779261
-39/200: 6307.286702/1955.012904/4352.273798/0.000708521
-40/200: 6302.889422/1950.674335/4352.215087/0.000697175
-41/200: 6298.923903/1946.564326/4352.359577/0.000629159
-42/200: 6295.062095/1942.668111/4352.393984/0.000613090
-43/200: 6291.363001/1938.972085/4352.390916/0.000587618
-44/200: 6287.829625/1935.463771/4352.365854/0.000561623
-45/200: 6284.525979/1932.131584/4352.394395/0.000525403
-46/200: 6281.287419/1928.964989/4352.322430/0.000515323
-47/200: 6278.303683/1925.954005/4352.349678/0.000475020
-48/200: 6275.468039/1923.089463/4352.378576/0.000451658
-49/200: 6272.627780/1920.362910/4352.264870/0.000452597
-50/200: 6270.158030/1917.766374/4352.391656/0.000393735
-51/200: 6267.682722/1915.292631/4352.390091/0.000394776
-52/200: 6265.443597/1912.934820/4352.508777/0.000357249
-53/200: 6263.029831/1910.686648/4352.343183/0.000385251
-54/200: 6260.999170/1908.542074/4352.457096/0.000324230
-55/200: 6258.937188/1906.495568/4352.441620/0.000329338
-56/200: 6256.982433/1904.541942/4352.440491/0.000312314
-57/200: 6255.117924/1902.676432/4352.441492/0.000297988
-58/200: 6253.378177/1900.894431/4352.483746/0.000278132
-59/200: 6251.689218/1899.191548/4352.497670/0.000270087
-60/200: 6250.023668/1897.563855/4352.459813/0.000266416
-61/200: 6248.431088/1896.007578/4352.423510/0.000254812
-62/200: 6247.094713/1894.519185/4352.575528/0.000213874
-63/200: 6245.601509/1893.095297/4352.506212/0.000239024
-64/200: 6244.349675/1891.732824/4352.616851/0.000200434
-65/200: 6243.050343/1890.428830/4352.621513/0.000208081
-66/200: 6241.798459/1889.180455/4352.618004/0.000200524
-67/200: 6240.525489/1887.985008/4352.540481/0.000203943
-68/200: 6239.378286/1886.840073/4352.538213/0.000183831
-69/200: 6238.307439/1885.743269/4352.564170/0.000171627
-70/200: 6237.244018/1884.692344/4352.551674/0.000170466
-71/200: 6236.421692/1883.685200/4352.736492/0.000131841
-72/200: 6235.376808/1882.719804/4352.657004/0.000167545
-73/200: 6234.562354/1881.794340/4352.768014/0.000130618
-74/200: 6233.560236/1880.906981/4352.653255/0.000160736
-75/200: 6232.692035/1880.056009/4352.636026/0.000139278
-76/200: 6231.989095/1879.239739/4352.749356/0.000112783
-77/200: 6231.241846/1878.456708/4352.785138/0.000119905
-78/200: 6230.504791/1877.705324/4352.799467/0.000118284
-79/200: 6229.603810/1876.984393/4352.619417/0.000144608
-80/200: 6228.907342/1876.292456/4352.614886/0.000111800
-81/200: 6228.349561/1875.628245/4352.721316/0.000089547
-82/200: 6227.777618/1874.990633/4352.786985/0.000091829
-83/200: 6227.133579/1874.378412/4352.755167/0.000103414
-84/200: 6226.511377/1873.790489/4352.720888/0.000099918
-85/200: 6226.026544/1873.225871/4352.800673/0.000077866
-86/200: 6225.488255/1872.683517/4352.804738/0.000086458
-87/200: 6224.957373/1872.162539/4352.794834/0.000085276
-88/200: 6224.538269/1871.662085/4352.876184/0.000067326
-89/200: 6223.971216/1871.181186/4352.790030/0.000091100
-90/200: 6223.593651/1870.719020/4352.874631/0.000060663
-91/200: 6223.184046/1870.274843/4352.909203/0.000065815
-92/200: 6222.741651/1869.847924/4352.893727/0.000071088
-93/200: 6222.317491/1869.437553/4352.879938/0.000068163
-94/200: 6222.051451/1869.043033/4353.008418/0.000042756
-95/200: 6221.603325/1868.663686/4352.939639/0.000072022
-96/200: 6221.222285/1868.298988/4352.923297/0.000061245
-97/200: 6220.901465/1867.948247/4352.953218/0.000051569
-98/200: 6220.592921/1867.610931/4352.981990/0.000049598
-99/200: 6220.266969/1867.286499/4352.980470/0.000052399
Recall at EP-100 ...
  Columns 1 through 7

    0.1454    0.1916    0.2080    0.2149    0.2216    0.2280    0.2363

  Columns 8 through 10

    0.2458    0.2550    0.2655

Mrr at EP-100 ...
    0.0333

-100/200: 6219.908507/1866.974440/4352.934067/0.000057628
-101/200: 6219.620046/1866.674159/4352.945887/0.000046377
-102/200: 6219.342821/1866.385301/4352.957520/0.000044573
-103/200: 6219.214704/1866.107328/4353.107376/0.000020600
-104/200: 6218.808551/1865.839825/4352.968726/0.000065306
-105/200: 6218.651112/1865.582384/4353.068728/0.000025317
-106/200: 6218.317456/1865.334654/4352.982802/0.000053654
-107/200: 6218.084345/1865.096241/4352.988104/0.000037488
-108/200: 6217.948034/1864.866646/4353.081388/0.000021922
-109/200: 6217.644188/1864.645641/4352.998547/0.000048866
-110/200: 6217.461538/1864.432840/4353.028698/0.000029376
-111/200: 6217.320354/1864.228031/4353.092323/0.000022708
-112/200: 6217.151342/1864.030776/4353.120566/0.000027184
-113/200: 6216.931549/1863.840800/4353.090749/0.000035353
-114/200: 6216.784870/1863.657804/4353.127066/0.000023593
-115/200: 6216.607717/1863.481566/4353.126151/0.000028496
-116/200: 6216.419395/1863.311767/4353.107628/0.000030293
-117/200: 6216.307635/1863.148230/4353.159405/0.000017978
-118/200: 6216.126507/1862.990673/4353.135834/0.000029138
-119/200: 6216.038499/1862.838835/4353.199664/0.000014158
-120/200: 6215.888128/1862.692482/4353.195646/0.000024191
-121/200: 6215.810304/1862.551429/4353.258875/0.000012520
-122/200: 6215.622859/1862.415490/4353.207369/0.000030156
-123/200: 6215.510278/1862.284505/4353.225773/0.000018113
-124/200: 6215.364213/1862.158178/4353.206035/0.000023500
-125/200: 6215.332514/1862.036428/4353.296086/0.000005100
-126/200: 6215.188642/1861.919031/4353.269611/0.000023148
-127/200: 6215.029649/1861.805850/4353.223799/0.000025581
-128/200: 6214.920633/1861.696736/4353.223897/0.000017541
-129/200: 6214.836850/1861.591414/4353.245436/0.000013481
-130/200: 6214.803940/1861.489875/4353.314065/0.000005295
-131/200: 6214.655431/1861.391949/4353.263482/0.000023896
-132/200: 6214.604302/1861.297509/4353.306793/0.000008227
-133/200: 6214.511930/1861.206370/4353.305560/0.000014864
-134/200: 6214.516546/1861.118430/4353.398116/0.000000743
-135/200: 6214.357936/1861.033560/4353.324376/0.000025522
-136/200: 6214.262514/1860.951649/4353.310865/0.000015355
-137/200: 6214.268450/1860.872600/4353.395850/0.000000955
-138/200: 6214.175724/1860.796292/4353.379432/0.000014921
-139/200: 6214.056492/1860.722585/4353.333907/0.000019187
-140/200: 6214.059983/1860.651472/4353.408511/0.000000562
-141/200: 6213.966902/1860.582839/4353.384063/0.000014979
-142/200: 6213.949447/1860.516489/4353.432958/0.000002809
-143/200: 6213.854177/1860.452489/4353.401688/0.000015332
-144/200: 6213.811776/1860.390623/4353.421153/0.000006824
-145/200: 6213.782900/1860.330902/4353.451998/0.000004647
-146/200: 6213.758379/1860.273151/4353.485228/0.000003946
-147/200: 6213.713505/1860.217375/4353.496130/0.000007222
-148/200: 6213.639029/1860.163432/4353.475597/0.000011986
-149/200: 6213.606620/1860.111325/4353.495295/0.000005216
-150/200: 6213.583065/1860.060985/4353.522080/0.000003791
-151/200: 6213.584205/1860.012336/4353.571869/0.000000183
-152/200: 6213.417772/1859.965303/4353.452469/0.000026785
-153/200: 6213.459897/1859.919783/4353.540114/0.000006780
-154/200: 6213.451553/1859.875769/4353.575784/0.000001343
-155/200: 6213.355693/1859.833243/4353.522450/0.000015428
-156/200: 6213.307117/1859.792108/4353.515009/0.000007818
-157/200: 6213.384303/1859.752295/4353.632008/0.000012423
-158/200: 6213.314924/1859.713765/4353.601159/0.000011166
-159/200: 6213.291118/1859.676556/4353.614562/0.000003832
-160/200: 6213.239625/1859.640517/4353.599108/0.000008287
-161/200: 6213.180496/1859.605606/4353.574890/0.000009517
-162/200: 6213.163331/1859.571802/4353.591529/0.000002763
-163/200: 6213.190790/1859.539075/4353.651715/0.000004419
-164/200: 6213.151053/1859.507408/4353.643645/0.000006396
-165/200: 6213.187652/1859.476744/4353.710908/0.000005891
-166/200: 6213.110305/1859.447048/4353.663257/0.000012449
-167/200: 6213.048189/1859.418249/4353.629940/0.000009997
-168/200: 6213.068035/1859.390371/4353.677664/0.000003194
-169/200: 6213.066152/1859.363326/4353.702826/0.000000303
-170/200: 6213.043972/1859.337162/4353.706810/0.000003570
-171/200: 6212.975951/1859.311785/4353.664166/0.000010948
-172/200: 6212.998027/1859.287160/4353.710867/0.000003553
-173/200: 6212.985517/1859.263287/4353.722230/0.000002014
-174/200: 6213.040457/1859.240165/4353.800292/0.000008843
-175/200: 6212.950314/1859.217692/4353.732622/0.000014509
-176/200: 6212.995235/1859.195960/4353.799275/0.000007230
-177/200: 6212.990300/1859.174845/4353.815455/0.000000794
-178/200: 6212.924649/1859.154339/4353.770310/0.000010567
-179/200: 6212.939644/1859.134424/4353.805220/0.000002413
-180/200: 6212.896194/1859.115104/4353.781090/0.000006993
-181/200: 6212.980050/1859.096393/4353.883657/0.000013497
-182/200: 6212.917827/1859.078169/4353.839658/0.000010015
-183/200: 6212.927151/1859.060487/4353.866664/0.000001501
-184/200: 6212.908540/1859.043363/4353.865177/0.000002996
-185/200: 6212.891007/1859.026693/4353.864314/0.000002822
-186/200: 6212.912078/1859.010497/4353.901581/0.000003391
-187/200: 6212.860464/1858.994742/4353.865722/0.000008308
-188/200: 6212.924018/1858.979439/4353.944579/0.000010229
-189/200: 6212.903514/1858.964571/4353.938943/0.000003300
-190/200: 6212.879703/1858.950123/4353.929580/0.000003832
-191/200: 6212.877561/1858.936071/4353.941490/0.000000345
-192/200: 6212.881661/1858.922411/4353.959250/0.000000660
-193/200: 6212.850534/1858.909090/4353.941444/0.000005010
-194/200: 6212.853616/1858.896159/4353.957457/0.000000496
-195/200: 6212.868644/1858.883597/4353.985047/0.000002419
-196/200: 6212.829157/1858.871321/4353.957836/0.000006356
-197/200: 6212.857306/1858.859317/4353.997989/0.000004531
-198/200: 6212.816705/1858.847649/4353.969056/0.000006535
-199/200: 6212.863175/1858.836298/4354.026877/0.000007480
-200/200: 6212.798959/1858.814360/4353.984599/0.000010336
Start evaluating ...
  Columns 1 through 7

    0.1458    0.1899    0.2070    0.2155    0.2215    0.2284    0.2357

  Columns 8 through 10

    0.2445    0.2548    0.2652

    0.0334

Elapsed time is 58889.666382 seconds.
