nohup: ignoring input

                            < M A T L A B (R) >
                  Copyright 1984-2016 The MathWorks, Inc.
                   R2016a (9.0.0.341360) 64-bit (glnxa64)
                             February 11, 2016

 
To get started, type one of these: helpwin, helpdesk, or demo.
For product information, visit www.mathworks.com.
 

	Academic License

Start learning ...
Init data [Dtype: delicious - Dspec: sp3/0550]
Init social model
Using adagrad ...
Load pretrained shallow-model...
Params [lbd-U: 0.1000|lbd-V: 1.0000|lbd-N: 0.1000|lbd-Q: 0.1000]
Staring Sample 3 - Loc: save/bcdl/delicious-alg61-sp3-cold20170224210011047 
CTR(chongwang)-DAE(User graph) Running - Walks(1)...
-1/200: 45985.272693/2407.174588/43578.098105/1.000000000
-2/200: 44512.492129/1009.528658/43502.963471/0.032027223
-3/200: 44420.883048/909.055499/43511.827549/0.002058053
-4/200: 44415.141982/897.702990/43517.438992/0.000129242
-5/200: 44409.060281/892.327246/43516.733035/0.000136929
-6/200: 44405.172166/888.406305/43516.765861/0.000087552
-7/200: 44404.121604/885.109994/43519.011610/0.000023659
-8/200: 44401.801280/882.357621/43519.443659/0.000052255
-9/200: 44399.317730/880.148383/43519.169347/0.000055934
-10/200: 44397.962318/878.452899/43519.509419/0.000030528
-11/200: 44396.053768/877.217527/43518.836241/0.000042987
-12/200: 44394.646120/876.379443/43518.266677/0.000031707
-13/200: 44395.311956/875.876496/43519.435460/0.000014998
-14/200: 44395.718178/875.651983/43520.066195/0.000009150
-15/200: 44394.870801/875.656513/43519.214288/0.000019087
-16/200: 44395.212307/875.847001/43519.365306/0.000007692
-17/200: 44396.353068/876.187338/43520.165730/0.000025696
-18/200: 44398.148393/876.646791/43521.501602/0.000040439
-19/200: 44397.817943/877.199823/43520.618120/0.000007443
-20/200: 44398.848573/877.824522/43521.024051/0.000023214
-21/200: 44398.363114/878.502805/43519.860309/0.000010934
-22/200: 44400.573144/879.218870/43521.354274/0.000049777
-23/200: 44401.856842/879.959358/43521.897484/0.000028912
-24/200: 44403.186078/880.713178/43522.472900/0.000029936
-25/200: 44402.911450/881.470953/43521.440497/0.000006185
-26/200: 44403.863624/882.224443/43521.639181/0.000021444
-27/200: 44404.139281/882.966615/43521.172666/0.000006208
-28/200: 44406.901683/883.691668/43523.210015/0.000062210
-29/200: 44407.438535/884.395246/43523.043289/0.000012089
-30/200: 44407.479162/885.073442/43522.405720/0.000000915
-31/200: 44408.180957/885.722593/43522.458364/0.000015804
-32/200: 44409.609737/886.340800/43523.268937/0.000032174
-33/200: 44407.856703/886.925888/43520.930815/0.000039474
-34/200: 44410.761830/887.476681/43523.285149/0.000065419
-35/200: 44409.471528/887.992485/43521.479043/0.000029054
-36/200: 44411.471821/888.472995/43522.998826/0.000045042
-37/200: 44412.078792/888.918741/43523.160051/0.000013667
-38/200: 44412.042214/889.330089/43522.712125/0.000000824
-39/200: 44413.098053/889.708327/43523.389726/0.000023774
-40/200: 44413.138904/890.054560/43523.084344/0.000000920
-41/200: 44414.794483/890.370504/43524.423979/0.000037277
-42/200: 44415.280299/890.657226/43524.623073/0.000010938
-43/200: 44415.273103/890.915945/43524.357158/0.000000162
-44/200: 44415.715464/891.148090/43524.567374/0.000009960
-45/200: 44415.708426/891.355073/43524.353353/0.000000158
-46/200: 44415.894221/891.538549/43524.355672/0.000004183
-47/200: 44416.741519/891.699545/43525.041974/0.000019076
-48/200: 44416.840038/891.839719/43525.000319/0.000002218
-49/200: 44415.920951/891.960782/43523.960169/0.000020692
-50/200: 44416.472981/892.064126/43524.408855/0.000012429
-51/200: 44416.650269/892.150947/43524.499322/0.000003991
-52/200: 44418.181099/892.223118/43525.957981/0.000034465
-53/200: 44416.808790/892.282334/43524.526456/0.000030895
-54/200: 44417.519268/892.329998/43525.189270/0.000015996
-55/200: 44417.491144/892.367062/43525.124082/0.000000633
-56/200: 44417.530314/892.394998/43525.135316/0.000000882
-57/200: 44417.996334/892.415708/43525.580626/0.000010492
-58/200: 44418.521268/892.429816/43526.091452/0.000011818
-59/200: 44418.225646/892.438705/43525.786941/0.000006655
-60/200: 44418.388111/892.442879/43525.945232/0.000003658
-61/200: 44417.585052/892.443776/43525.141276/0.000018079
-62/200: 44419.003225/892.442237/43526.560988/0.000031928
-63/200: 44418.374107/892.438804/43525.935303/0.000014163
-64/200: 44419.820730/892.433930/43527.386800/0.000032568
-65/200: 44419.861900/892.428585/43527.433315/0.000000927
-66/200: 44419.692208/892.422777/43527.269431/0.000003820
-67/200: 44418.702057/892.416657/43526.285400/0.000022291
-68/200: 44418.825161/892.410482/43526.414679/0.000002771
-69/200: 44419.050350/892.404329/43526.646021/0.000005070
-70/200: 44418.990916/892.398364/43526.592552/0.000001338
-71/200: 44419.924118/892.392824/43527.531294/0.000021009
-72/200: 44419.478386/892.387389/43527.090997/0.000010034
-73/200: 44420.550851/892.382429/43528.168422/0.000024144
-74/200: 44420.100083/892.377889/43527.722194/0.000010148
-75/200: 44419.754900/892.373505/43527.381395/0.000007771
-76/200: 44420.740064/892.369464/43528.370600/0.000022179
-77/200: 44420.935654/892.365969/43528.569685/0.000004403
-78/200: 44420.948356/892.362214/43528.586142/0.000000286
-79/200: 44419.920813/892.359162/43527.561651/0.000023132
-80/200: 44420.055657/892.356247/43527.699410/0.000003036
-81/200: 44420.636882/892.353618/43528.283264/0.000013085
-82/200: 44421.409544/892.351298/43529.058246/0.000017394
-83/200: 44420.741736/892.349242/43528.392494/0.000015033
-84/200: 44420.578330/892.347206/43528.231124/0.000003679
-85/200: 44421.277347/892.345699/43528.931648/0.000015736
-86/200: 44421.331536/892.344109/43528.987427/0.000001220
-87/200: 44421.471986/892.342914/43529.129072/0.000003162
-88/200: 44421.889208/892.342033/43529.547175/0.000009392
-89/200: 44421.494287/892.341224/43529.153063/0.000008890
-90/200: 44421.862968/892.340572/43529.522396/0.000008300
-91/200: 44421.838884/892.339834/43529.499050/0.000000542
-92/200: 44422.239187/892.339418/43529.899769/0.000009011
-93/200: 44422.034170/892.339108/43529.695062/0.000004615
-94/200: 44422.731906/892.338946/43530.392960/0.000015707
-95/200: 44422.470706/892.339005/43530.131701/0.000005880
-96/200: 44422.084211/892.339395/43529.744816/0.000008700
-97/200: 44422.559164/892.339789/43530.219375/0.000010692
-98/200: 44422.908572/892.340258/43530.568314/0.000007866
-99/200: 44423.042414/892.340981/43530.701433/0.000003013
Recall at EP-100 ...
  Columns 1 through 7

    0.0151    0.0247    0.0320    0.0378    0.0434    0.0482    0.0528

  Columns 8 through 10

    0.0567    0.0602    0.0630

Mrr at EP-100 ...
    0.0036

-100/200: 44422.703784/892.341848/43530.361936/0.000007623
-101/200: 44422.509954/892.342460/43530.167494/0.000004363
-102/200: 44422.966953/892.343453/43530.623500/0.000010288
-103/200: 44423.641214/892.344432/43531.296782/0.000015178
-104/200: 44423.024236/892.345411/43530.678825/0.000013888
-105/200: 44423.597867/892.346489/43531.251378/0.000012913
-106/200: 44423.173703/892.347722/43530.825981/0.000009548
-107/200: 44423.570560/892.349195/43531.221365/0.000008934
-108/200: 44424.141018/892.350367/43531.790651/0.000012841
-109/200: 44423.594158/892.351821/43531.242337/0.000012310
-110/200: 44423.506646/892.353349/43531.153297/0.000001970
-111/200: 44424.308190/892.355292/43531.952898/0.000018043
-112/200: 44424.267277/892.357173/43531.910104/0.000000921
-113/200: 44424.080271/892.358988/43531.721283/0.000004210
-114/200: 44423.879155/892.360981/43531.518174/0.000004527
-115/200: 44424.254523/892.363036/43531.891487/0.000008450
-116/200: 44424.188449/892.364957/43531.823492/0.000001487
-117/200: 44424.775512/892.367004/43532.408508/0.000013215
-118/200: 44424.666285/892.369244/43532.297041/0.000002459
-119/200: 44425.067465/892.371366/43532.696099/0.000009031
-120/200: 44424.933417/892.373361/43532.560056/0.000003017
-121/200: 44425.354017/892.375322/43532.978695/0.000009468
-122/200: 44425.380451/892.377316/43533.003135/0.000000595
-123/200: 44425.157067/892.379574/43532.777493/0.000005028
-124/200: 44425.337126/892.381528/43532.955598/0.000004053
-125/200: 44425.474394/892.383806/43533.090588/0.000003090
-126/200: 44425.473391/892.386063/43533.087328/0.000000023
Start evaluating ...
  Columns 1 through 7

    0.0157    0.0262    0.0338    0.0399    0.0453    0.0504    0.0548

  Columns 8 through 10

    0.0589    0.0623    0.0657

    0.0039

Elapsed time is 12975.905753 seconds.
