nohup: ignoring input

                            < M A T L A B (R) >
                  Copyright 1984-2016 The MathWorks, Inc.
                   R2016a (9.0.0.341360) 64-bit (glnxa64)
                             February 11, 2016

 
To get started, type one of these: helpwin, helpdesk, or demo.
For product information, visit www.mathworks.com.
 

	Academic License

Start learning ...
Init data [Dtype: delicious - Dspec: sp3/1050]
Init social model
Using adagrad ...
Load pretrained shallow-model...
Params [lbd-U: 100.0000|lbd-V: 10.0000|lbd-N: 100.0000|lbd-Q: 0.1000]
Staring Sample 3 - Loc: save/bcdl/delicious-alg61-sp3-cold20170225114414291 
CTR(chongwang)-DAE(User graph) Running - Walks(1)...
-1/200: 43582402.336022/4304.230652/43578098.105370/1.000000000
-2/200: 43524672.716641/4276.757347/43520395.959294/0.001324608
-3/200: 43523499.450664/4276.928846/43519222.521818/0.000026956
-4/200: 43523558.738422/4277.235221/43519281.503201/0.000001362
-5/200: 43522436.028074/4277.522489/43518158.505585/0.000025795
-6/200: 43522501.088466/4277.784241/43518223.304225/0.000001495
-7/200: 43524754.100187/4278.025487/43520476.074700/0.000051767
-8/200: 43525230.844668/4278.251848/43520952.592820/0.000010953
-9/200: 43524888.917142/4278.468248/43520610.448894/0.000007856
-10/200: 43525260.448260/4278.669249/43520981.779011/0.000008536
-11/200: 43524543.839044/4278.860501/43520264.978543/0.000016464
-12/200: 43523919.255204/4279.044786/43519640.210418/0.000014350
-13/200: 43525149.281433/4279.221146/43520870.060287/0.000028261
-14/200: 43525769.521455/4279.389999/43521490.131456/0.000014250
-15/200: 43524912.523515/4279.555657/43520632.967858/0.000019689
-16/200: 43524996.124379/4279.713911/43520716.410468/0.000001921
-17/200: 43525816.364848/4279.865980/43521536.498868/0.000018845
-18/200: 43527255.988900/4280.012285/43522975.976615/0.000033075
-19/200: 43526307.637096/4280.156400/43522027.480696/0.000021788
-20/200: 43526689.997093/4280.294717/43522409.702376/0.000008785
-21/200: 43525466.692424/4280.431659/43521186.260765/0.000028105
-22/200: 43526988.576840/4280.564491/43522708.012349/0.000034965
-23/200: 43527514.116085/4280.694669/43523233.421416/0.000012074
-24/200: 43528188.050785/4280.820809/43523907.229976/0.000015483
-25/200: 43527084.719505/4280.945370/43522803.774135/0.000025348
-26/200: 43527229.358652/4281.067974/43522948.290678/0.000003323
-27/200: 43526738.012234/4281.187342/43522456.824892/0.000011288
-28/200: 43528841.138561/4281.303340/43524559.835221/0.000048318
-29/200: 43528626.063324/4281.417268/43524344.646056/0.000004941
-30/200: 43528006.696445/4281.529401/43523725.167044/0.000014229
-31/200: 43527994.850892/4281.638973/43523713.211919/0.000000272
-32/200: 43528812.546224/4281.747260/43524530.798964/0.000018786
-33/200: 43526423.523033/4281.853421/43522141.669612/0.000054884
-34/200: 43528810.656726/4281.957810/43524528.698916/0.000054843
-35/200: 43526942.147086/4282.060318/43522660.086768/0.000042926
-36/200: 43528465.907773/4282.161769/43524183.746004/0.000035007
-37/200: 43528669.088638/4282.261658/43524386.826980/0.000004668
-38/200: 43528191.929957/4282.359418/43523909.570539/0.000010962
-39/200: 43528857.209410/4282.456458/43524574.752952/0.000015284
-40/200: 43528528.409770/4282.551562/43524245.858208/0.000007554
-41/200: 43529896.869936/4282.645835/43525614.224101/0.000031438
-42/200: 43530078.383893/4282.738639/43525795.645254/0.000004170
-43/200: 43529773.285881/4282.830166/43525490.455715/0.000007009
-44/200: 43529970.549762/4282.919495/43525687.630267/0.000004532
-45/200: 43529756.302811/4283.008212/43525473.294599/0.000004922
-46/200: 43529724.113220/4283.095876/43525441.017344/0.000000739
-47/200: 43530439.551917/4283.182135/43526156.369782/0.000016436
-48/200: 43530374.211354/4283.267095/43526090.944259/0.000001501
-49/200: 43529278.236427/4283.351808/43524994.884619/0.000025177
-50/200: 43529770.154759/4283.434804/43525486.719955/0.000011301
-51/200: 43529796.503307/4283.516620/43525512.986687/0.000000605
-52/200: 43531277.932446/4283.597266/43526994.335180/0.000034033
-53/200: 43529785.149951/4283.677810/43525501.472141/0.000034292
-54/200: 43530489.779101/4283.757541/43526206.021560/0.000016187
-55/200: 43530398.920020/4283.835462/43526115.084558/0.000002087
-56/200: 43530407.284512/4283.912632/43526123.371880/0.000000192
-57/200: 43530812.454959/4283.990350/43526528.464609/0.000009308
-58/200: 43531332.316939/4284.066901/43527048.250038/0.000011942
-59/200: 43531043.735485/4284.142515/43526759.592970/0.000006629
-60/200: 43531160.695450/4284.216719/43526876.478731/0.000002687
-61/200: 43530370.773214/4284.290409/43526086.482805/0.000018146
-62/200: 43531774.314257/4284.363495/43527489.950762/0.000032243
-63/200: 43531085.488218/4284.435580/43526801.052638/0.000015824
-64/200: 43532533.918651/4284.507244/43528249.411407/0.000033273
-65/200: 43532578.118933/4284.578671/43528293.540262/0.000001015
-66/200: 43532420.502261/4284.649684/43528135.852577/0.000003621
-67/200: 43531422.338636/4284.719631/43527137.619005/0.000022929
-68/200: 43531537.798548/4284.788697/43527253.009851/0.000002652
-69/200: 43531777.445267/4284.856969/43527492.588298/0.000005505
-70/200: 43531712.644789/4284.924985/43527427.719804/0.000001489
-71/200: 43532679.862452/4284.992565/43528394.869887/0.000022219
-72/200: 43532176.137162/4285.058978/43527891.078184/0.000011571
-73/200: 43533216.653525/4285.125456/43528931.528069/0.000023902
-74/200: 43532777.409248/4285.191446/43528492.217802/0.000010090
-75/200: 43532424.972772/4285.256620/43528139.716152/0.000008096
-76/200: 43533410.695390/4285.321271/43529125.374119/0.000022643
-77/200: 43533604.871086/4285.385778/43529319.485308/0.000004460
-78/200: 43533580.813406/4285.448985/43529295.364421/0.000000553
-79/200: 43532550.267400/4285.512224/43528264.755176/0.000023672
-80/200: 43532722.573556/4285.574726/43528436.998830/0.000003958
-81/200: 43533293.008354/4285.636701/43529007.371653/0.000013104
-82/200: 43533995.769589/4285.698198/43529710.071391/0.000016143
-83/200: 43533349.380349/4285.759591/43529063.620758/0.000014848
-84/200: 43533179.355388/4285.819837/43528893.535551/0.000003906
-85/200: 43533887.164551/4285.880132/43529601.284419/0.000016259
-86/200: 43533924.468026/4285.939716/43529638.528310/0.000000857
-87/200: 43534033.152418/4285.999152/43529747.153266/0.000002497
-88/200: 43534423.258424/4286.058045/43530137.200379/0.000008961
-89/200: 43534072.199873/4286.116593/43529786.083280/0.000008064
-90/200: 43534417.272672/4286.174488/43530131.098184/0.000007926
-91/200: 43534326.173440/4286.231660/43530039.941780/0.000002093
-92/200: 43534733.643263/4286.288723/43530447.354540/0.000009360
-93/200: 43534509.881768/4286.345106/43530223.536662/0.000005140
-94/200: 43535204.094982/4286.401260/43530917.693722/0.000015946
-95/200: 43534931.293216/4286.457013/43530644.836203/0.000006266
-96/200: 43534542.179879/4286.512793/43530255.667086/0.000008938
-97/200: 43535019.995168/4286.568280/43530733.426888/0.000010976
-98/200: 43535326.031115/4286.622959/43531039.408156/0.000007030
-99/200: 43535459.232675/4286.677425/43531172.555250/0.000003060
Recall at EP-100 ...
  Columns 1 through 7

    0.0019    0.0033    0.0047    0.0060    0.0072    0.0083    0.0093

  Columns 8 through 10

    0.0103    0.0115    0.0126

Mrr at EP-100 ...
   6.8506e-04

-100/200: 43535120.863016/4286.731923/43530834.131093/0.000007772
-101/200: 43534956.657409/4286.785211/43530669.872198/0.000003772
-102/200: 43535362.283075/4286.838802/43531075.444273/0.000009317
-103/200: 43536012.511567/4286.892005/43531725.619562/0.000014936
-104/200: 43535397.105235/4286.944466/43531110.160769/0.000014136
-105/200: 43535947.761924/4286.996717/43531660.765207/0.000012648
-106/200: 43535541.789268/4287.049035/43531254.740233/0.000009325
-107/200: 43535927.041951/4287.101129/43531639.940822/0.000008849
-108/200: 43536404.667833/4287.152306/43532117.515527/0.000010971
-109/200: 43535928.779951/4287.203226/43531641.576725/0.000010931
-110/200: 43535810.859696/4287.253799/43531523.605897/0.000002709
-111/200: 43536614.432717/4287.304873/43532327.127844/0.000018458
-112/200: 43536557.484637/4287.355569/43532270.129068/0.000001308
-113/200: 43536340.217255/4287.405812/43532052.811443/0.000004990
-114/200: 43536178.963603/4287.455765/43531891.507838/0.000003704
-115/200: 43536552.554138/4287.505455/43532265.048683/0.000008581
-116/200: 43536437.580442/4287.554691/43532150.025751/0.000002641
-117/200: 43536960.467274/4287.603661/43532672.863613/0.000012010
-118/200: 43536878.844003/4287.652775/43532591.191228/0.000001875
-119/200: 43537275.380524/4287.701416/43532987.679108/0.000009108
-120/200: 43537058.437709/4287.749339/43532770.688370/0.000004983
-121/200: 43537449.948738/4287.796985/43533162.151753/0.000008993
-122/200: 43537552.778418/4287.844418/43533264.934000/0.000002362
-123/200: 43537287.544170/4287.892070/43532999.652100/0.000006092
-124/200: 43537458.992719/4287.938826/43533171.053893/0.000003938
-125/200: 43537577.932761/4287.985611/43533289.947150/0.000002732
-126/200: 43537590.333245/4288.032305/43533302.300940/0.000000285
-127/200: 43537591.329743/4288.078945/43533303.250798/0.000000023
Start evaluating ...
  Columns 1 through 7

    0.0014    0.0023    0.0035    0.0043    0.0053    0.0060    0.0068

  Columns 8 through 10

    0.0075    0.0084    0.0093

   5.6852e-04

Elapsed time is 15488.102255 seconds.
