nohup: ignoring input

                            < M A T L A B (R) >
                  Copyright 1984-2016 The MathWorks, Inc.
                   R2016a (9.0.0.341360) 64-bit (glnxa64)
                             February 11, 2016

 
To get started, type one of these: helpwin, helpdesk, or demo.
For product information, visit www.mathworks.com.
 

	Academic License

Start learning ...
Init data [Dtype: delicious - Dspec: sp3/0550]
Init social model
Using adagrad ...
Params [lbd-U: 10.0000|lbd-V: 1.0000|lbd-N: 10.0000|lbd-Q: 0.1000]
Staring Sample 3 - Loc: save/ctrsmf/delicious-alg90-sp3-cold20170225114400967 
CTR-SMF Running ...

iter time likelihood converge
0001 000095 -5799294.29563 1.0000000000
0002 000203 -5635571.86170 0.0282314409
0003 000309 -5512988.00988 0.0217518035
0004 000417 -5474330.93881 0.0070119998
0005 000521 -5454481.84932 0.0036258476
0006 000618 -5438996.51135 0.0028390117
0007 000716 -5428373.05566 0.0019532014
0008 000813 -5421713.32809 0.0012268368
0009 000908 -5417112.70975 0.0008485543
0010 001005 -5413609.79751 0.0006466382
0011 001098 -5410734.85466 0.0005310584
0012 001191 -5408279.81608 0.0004537348
0013 001282 -5406142.31506 0.0003952275
0014 001373 -5404260.24004 0.0003481364
0015 001466 -5402590.26335 0.0003090112
0016 001557 -5401099.50497 0.0002759340
0017 001649 -5399761.64992 0.0002477005
0018 001739 -5398554.92013 0.0002234783
0019 001831 -5397460.98362 0.0002026351
0020 001923 -5396464.34345 0.0001846498
0021 002013 -5395551.93205 0.0001690758
0022 002103 -5394712.75088 0.0001555320
0023 002194 -5393937.47112 0.0001437110
0024 002283 -5393218.05373 0.0001333752
0025 002372 -5392547.50805 0.0001243313
0026 002460 -5391919.74020 0.0001164140
0027 002550 -5391329.40565 0.0001094850
0028 002632 -5390771.83029 0.0001034208
0029 002714 -5390243.06046 0.0000980880
0030 002803 -5389739.93668 0.0000933397
0031 002889 -5389260.07747 0.0000890320
0032 002972 -5388801.75953 0.0000850428
0033 003056 -5388363.73348 0.0000812845
0034 003140 -5387945.02671 0.0000777057
0035 003225 -5387544.78331 0.0000742850
0036 003306 -5387162.18255 0.0000710158
0037 003387 -5386796.45174 0.0000678893
0038 003470 -5386446.93732 0.0000648835
0039 003558 -5386113.16336 0.0000619655
0040 003638 -5385794.82598 0.0000591034
0041 003721 -5385491.73330 0.0000562763
0042 003804 -5385203.75445 0.0000534731
0043 003885 -5384930.82070 0.0000506822
0044 003972 -5384672.95439 0.0000478867
0045 004054 -5384430.25380 0.0000450725
0046 004138 -5384202.76768 0.0000422489
0047 004222 -5383990.36693 0.0000394489
0048 004306 -5383792.70079 0.0000367137
0049 004389 -5383609.17626 0.0000340883
0050 004469 -5383438.98609 0.0000316127
0051 004545 -5383281.20880 0.0000293079
0052 004620 -5383134.90962 0.0000271766
0053 004700 -5382999.19610 0.0000252109
0054 004780 -5382873.22277 0.0000234021
0055 004853 -5382756.20201 0.0000217395
0056 004935 -5382647.43374 0.0000202068
0057 005010 -5382546.30395 0.0000187881
0058 005087 -5382452.21436 0.0000174805
0059 005167 -5382364.55209 0.0000162867
0060 005246 -5382282.76269 0.0000151958
0061 005319 -5382206.41690 0.0000141846
0062 005394 -5382135.20929 0.0000132302
0063 005470 -5382068.91323 0.0000123178
0064 005546 -5382007.35863 0.0000114370
0065 005620 -5381950.38437 0.0000105861
0066 005696 -5381897.70431 0.0000097883
Start evaluating ...
  Columns 1 through 7

    0.0016    0.0024    0.0028    0.0031    0.0034    0.0037    0.0041

  Columns 8 through 10

    0.0043    0.0046    0.0047

   4.6233e-04

Elapsed time is 5798.474131 seconds.
