nohup: ignoring input

                            < M A T L A B (R) >
                  Copyright 1984-2016 The MathWorks, Inc.
                   R2016a (9.0.0.341360) 64-bit (glnxa64)
                             February 11, 2016

 
To get started, type one of these: helpwin, helpdesk, or demo.
For product information, visit www.mathworks.com.
 

	Academic License

Start learning ...
Init data [Dtype: delicious - Dspec: sp3/1050]
Init social model
Using adagrad ...
Could not use CUDA
Params [lbd-U: 100.0000|lbd-V: 0.1000|lbd-N: 100.0000|lbd-Q: 0.1000]
Staring Sample 3 - Loc: save/ctrsmf/delicious-alg90-sp3-cold20170225114500077 
CTR-SMF Running ...

iter time likelihood converge
0001 000151 -10241315.98709 1.0000000000
0002 000302 -9973565.95477 0.0261441042
0003 000448 -9757111.90951 0.0217027737
0004 000587 -9691639.31510 0.0067102433
0005 000724 -9659390.47909 0.0033274903
0006 000861 -9635097.30935 0.0025149796
0007 000998 -9618415.04538 0.0017314059
0008 001133 -9607501.48455 0.0011346527
0009 001265 -9599590.92720 0.0008233730
0010 001398 -9593339.32032 0.0006512368
0011 001529 -9588079.04108 0.0005483262
0012 001658 -9583510.16885 0.0004765159
0013 001788 -9579481.20635 0.0004204057
0014 001920 -9575901.94425 0.0003736384
0015 002052 -9572709.61308 0.0003333713
0016 002179 -9569852.60743 0.0002984532
0017 002304 -9567284.89549 0.0002683126
0018 002427 -9564965.67748 0.0002424113
0019 002549 -9562859.61899 0.0002201846
0020 002670 -9560936.60959 0.0002010915
0021 002792 -9559171.32516 0.0001846351
0022 002918 -9557542.57865 0.0001703857
0023 003037 -9556032.53189 0.0001579953
0024 003157 -9554625.95617 0.0001471924
0025 003279 -9553309.68964 0.0001377622
0026 003397 -9552072.35372 0.0001295191
0027 003515 -9550904.33508 0.0001222791
0028 003628 -9549797.97577 0.0001158382
0029 003740 -9548747.57566 0.0001099919
0030 003851 -9547748.78487 0.0001045991
0031 003959 -9546798.04017 0.0000995779
0032 004073 -9545892.30997 0.0000948727
0033 004183 -9545028.89932 0.0000904484
0034 004298 -9544205.36066 0.0000862793
0035 004410 -9543419.52010 0.0000823369
0036 004519 -9542669.52555 0.0000785876
0037 004627 -9541953.85896 0.0000749965
0038 004734 -9541271.32611 0.0000715297
0039 004837 -9540621.05359 0.0000681537
0040 004942 -9540002.49311 0.0000648344
0041 005044 -9539415.35805 0.0000615445
0042 005146 -9538859.40007 0.0000582801
0043 005249 -9538334.10865 0.0000550686
0044 005353 -9537838.57903 0.0000519514
0045 005456 -9537371.57384 0.0000489634
0046 005559 -9536931.63816 0.0000461276
0047 005670 -9536517.20717 0.0000434554
0048 005761 -9536126.72239 0.0000409463
0049 005849 -9535758.77089 0.0000385850
0050 005938 -9535412.20117 0.0000363442
0051 006023 -9535086.15107 0.0000341936
0052 006085 -9534779.98191 0.0000321097
0053 006134 -9534493.13969 0.0000300838
0054 006182 -9534224.97750 0.0000281255
0055 006231 -9533974.64176 0.0000262565
0056 006279 -9533741.09851 0.0000244959
0057 006327 -9533523.28461 0.0000228466
0058 006375 -9533320.27430 0.0000212944
0059 006424 -9533131.32731 0.0000198196
0060 006472 -9532955.82522 0.0000184097
0061 006538 -9532793.17491 0.0000170619
0062 006631 -9532642.76476 0.0000157782
0063 006712 -9532503.98496 0.0000145584
0064 006766 -9532376.24389 0.0000134006
0065 006823 -9532258.95267 0.0000123045
0066 006872 -9532151.50627 0.0000112719
0067 006921 -9532053.28358 0.0000103044
0068 006968 -9531963.63879 0.0000094046
Start evaluating ...
  Columns 1 through 7

    0.0019    0.0033    0.0041    0.0046    0.0051    0.0056    0.0059

  Columns 8 through 10

    0.0062    0.0063    0.0066

   4.3731e-04

Elapsed time is 7032.955418 seconds.
