nohup: ignoring input

                            < M A T L A B (R) >
                  Copyright 1984-2016 The MathWorks, Inc.
                   R2016a (9.0.0.341360) 64-bit (glnxa64)
                             February 11, 2016

 
To get started, type one of these: helpwin, helpdesk, or demo.
For product information, visit www.mathworks.com.
 

	Academic License

Start learning ...
Init data [Dtype: delicious - Dspec: sp3/2550]
Init social model
Using adagrad ...
Params [lbd-U: 0.1000|lbd-V: 0.1000|lbd-N: 0.1000|lbd-Q: 0.0500]
Staring Sample 3 - Loc: save/ctrsmf/delicious-alg90-sp3-cold20170226125836791 
CTR-SMF Running ...

iter time likelihood converge
0001 000204 -32135035.10625 1.0000000000
0002 000402 -31327381.59204 0.0251331144
0003 000602 -30654851.03065 0.0214678191
0004 000838 -30455524.96481 0.0065022683
0005 001126 -30363848.76292 0.0030101665
0006 001413 -30300179.31897 0.0020968832
0007 001699 -30255819.36307 0.0014640163
0008 001988 -30224607.14201 0.0010316105
0009 002276 -30200556.58269 0.0007957278
0010 002552 -30180799.72335 0.0006541886
0011 002830 -30163889.44112 0.0005602993
0012 003109 -30149095.31469 0.0004904582
0013 003388 -30135994.79973 0.0004345243
0014 003669 -30124296.67760 0.0003881777
0015 003946 -30113781.73814 0.0003490518
0016 004227 -30104277.33200 0.0003156165
0017 004509 -30095643.05188 0.0002868124
0018 004788 -30087762.25834 0.0002618583
0019 005064 -30080536.89972 0.0002401428
0020 005343 -30073884.22400 0.0002211621
0021 005621 -30067734.17120 0.0002044981
0022 005896 -30062026.95170 0.0001898121
0023 006180 -30056710.96390 0.0001768340
0024 006458 -30051741.23503 0.0001653451
0025 006732 -30047078.37274 0.0001551611
0026 007013 -30042687.99078 0.0001461168
0027 007285 -30038540.30511 0.0001380597
0028 007558 -30034609.81702 0.0001308482
0029 007835 -30030875.02040 0.0001243498
0030 008106 -30027317.56398 0.0001184600
0031 008382 -30023921.22408 0.0001131083
0032 008653 -30020671.23649 0.0001082466
0033 008924 -30017554.29657 0.0001038265
0034 009195 -30014559.19245 0.0000997784
0035 009467 -30011677.83491 0.0000959987
0036 009738 -30008905.87835 0.0000923626
0037 010016 -30006242.00627 0.0000887694
0038 010244 -30003687.34664 0.0000851376
0039 010454 -30001244.80254 0.0000814081
0040 010622 -29998917.13545 0.0000775857
0041 010814 -29996705.62118 0.0000737198
0042 010955 -29994609.09013 0.0000698920
0043 011147 -29992624.13630 0.0000661770
0044 011339 -29990746.51558 0.0000626027
0045 011522 -29988971.80335 0.0000591753
0046 011713 -29987296.50972 0.0000558637
0047 011874 -29985718.86762 0.0000526103
0048 011977 -29984237.71317 0.0000493953
0049 012096 -29982850.80905 0.0000462544
0050 012198 -29981554.12719 0.0000432475
0051 012359 -29980342.66631 0.0000404069
0052 012528 -29979210.82851 0.0000377527
0053 012717 -29978151.98764 0.0000353192
0054 012905 -29977159.09563 0.0000331205
0055 013094 -29976225.67148 0.0000311378
0056 013283 -29975346.34596 0.0000293341
0057 013472 -29974516.85951 0.0000276723
0058 013808 -29973733.71545 0.0000261270
0059 014166 -29972993.88873 0.0000246825
0060 014526 -29972294.61488 0.0000233301
0061 014893 -29971633.46052 0.0000220589
0062 015255 -29971008.82579 0.0000208409
0063 015604 -29970420.37951 0.0000196338
0064 015950 -29969868.90747 0.0000184005
0065 016297 -29969355.25094 0.0000171391
0066 016637 -29968879.26314 0.0000158825
0067 016977 -29968439.71014 0.0000146670
0068 017319 -29968034.45439 0.0000135228
0069 017666 -29967660.56622 0.0000124762
0070 018010 -29967314.76443 0.0000115392
0071 018350 -29966993.92600 0.0000107063
0072 018669 -29966695.12360 0.0000099711
Start evaluating ...
  Columns 1 through 7

    0.0854    0.1026    0.1092    0.1131    0.1158    0.1174    0.1185

  Columns 8 through 10

    0.1198    0.1205    0.1211

    0.0197

Elapsed time is 18815.739045 seconds.
