nohup: ignoring input

                            < M A T L A B (R) >
                  Copyright 1984-2016 The MathWorks, Inc.
                   R2016a (9.0.0.341360) 64-bit (glnxa64)
                             February 11, 2016

 
To get started, type one of these: helpwin, helpdesk, or demo.
For product information, visit www.mathworks.com.
 

	Academic License

Start learning ...
Init data [Dtype: delicious - Dspec: sp3/1050]
Init social model
Using adagrad ...
Could not use CUDA
Params [lbd-U: 0.0100|lbd-V: 1.0000|lbd-N: 0.0100|lbd-Q: 0.1000]
Staring Sample 3 - Loc: save/ctr/delicious-alg80-sp3-cold20170225114426823 
CTR(chongwang) Running ...

iter time likelihood:[r:u:v] converge
0001 000099 -4397.00000:[0.00000:0.00000:0.00000] 1.0000000000
0002 000194 -810.04537:[8092.98785:-424.87379:-96.55831] 0.8157731697
0003 000293 -722.95188:[8080.79724:-336.08903:-103.02523] 0.1075168090
0004 000395 -685.21574:[8066.96018:-297.51368:-106.11547] 0.0521973038
0005 000496 -658.72383:[8051.83318:-269.63375:-109.31984] 0.0386621418
0006 000585 -640.11360:[8036.98760:-248.51937:-113.75489] 0.0282519479
0007 000672 -627.06366:[8023.24458:-231.77900:-118.62020] 0.0203869092
0008 000767 -617.56510:[8010.95501:-218.30367:-123.14998] 0.0151476787
0009 000859 -610.46816:[8000.05219:-207.45537:-127.17777] 0.0114918178
0010 000945 -605.09619:[7990.40896:-198.69449:-130.72378] 0.0087997458
0011 001042 -600.99543:[7981.90943:-191.57607:-133.83802] 0.0067770514
0012 001124 -597.84449:[7974.44562:-185.75561:-136.56928] 0.0052428622
0013 001211 -595.41030:[7967.91475:-180.97051:-138.96090] 0.0040716038
0014 001298 -593.52160:[7962.21905:-177.01931:-141.05162] 0.0031721054
0015 001386 -592.05137:[7957.26639:-173.74547:-142.87644] 0.0024771353
0016 001472 -590.90467:[7952.97105:-171.02582:-144.46714] 0.0019368236
0017 001558 -590.01001:[7949.25420:-168.76235:-145.85245] 0.0015140471
0018 001645 -589.31316:[7946.04418:-166.87625:-147.05826] 0.0011810758
0019 001731 -588.77269:[7943.27644:-165.30365:-148.10775] 0.0009171201
0020 001818 -588.35670:[7940.89333:-163.99237:-149.02149] 0.0007065411
0021 001902 -588.04044:[7938.84374:-162.89954:-149.81767] 0.0005375386
0022 001988 -587.80453:[7937.08264:-161.98971:-150.51224] 0.0004011759
0023 002076 -587.63368:[7935.57057:-161.23347:-151.11912] 0.0002906532
0024 002168 -587.51570:[7934.27309:-160.60629:-151.65042] 0.0002007675
0025 002255 -587.44079:[7933.16029:-160.08765:-152.11657] 0.0001275150
0026 002339 -587.40096:[7932.20626:-159.66033:-152.52658] 0.0000677985
0027 002423 -587.38968:[7931.38864:-159.30988:-152.88816] 0.0000192033
0028 002503 -587.40153:[7930.68815:-159.02407:-153.20788] 0.0000201749
0029 002589 -587.43199:[7930.08824:-158.79260:-153.49136] 0.0000518531
0030 002672 -587.47725:[7929.57468:-158.60677:-153.74339] 0.0000770469
0031 002751 -587.53408:[7929.13529:-158.45919:-153.96799] 0.0000967397
0032 002836 -587.59972:[7928.75965:-158.34361:-154.16859] 0.0001117259
0033 002915 -587.67179:[7928.43887:-158.25474:-154.34805] 0.0001226499
0034 002997 -587.74822:[7928.16537:-158.18807:-154.50878] 0.0001300540
0035 003075 -587.82723:[7927.93267:-158.13981:-154.65279] 0.0001344241
0036 003157 -587.90730:[7927.73521:-158.10670:-154.78182] 0.0001362096
0037 003234 -587.98715:[7927.56825:-158.08600:-154.89735] 0.0001358244
0038 003314 -588.06573:[7927.42766:-158.07539:-155.00067] 0.0001336401
0039 003395 -588.14216:[7927.30992:-158.07289:-155.09291] 0.0001299731
0040 003471 -588.21572:[7927.21199:-158.07686:-155.17505] 0.0001250725
0041 003549 -588.28579:[7927.13129:-158.08588:-155.24791] 0.0001191237
0042 003623 -588.35184:[7927.06563:-158.09877:-155.31218] 0.0001122736
0043 003701 -588.41341:[7927.01313:-158.11455:-155.36845] 0.0001046575
0044 003778 -588.47015:[7926.97221:-158.13238:-155.41725] 0.0000964153
0045 003856 -588.52175:[7926.94147:-158.15156:-155.45902] 0.0000876972
0046 003931 -588.56804:[7926.91972:-158.17153:-155.49420] 0.0000786523
0047 004001 -588.60889:[7926.90589:-158.19179:-155.52318] 0.0000694051
0048 004074 -588.64423:[7926.89907:-158.21197:-155.54633] 0.0000600437
0049 004150 -588.67404:[7926.89848:-158.23173:-155.56397] 0.0000506325
0050 004223 -588.69831:[7926.90342:-158.25082:-155.57640] 0.0000412376
0051 004297 -588.71712:[7926.91328:-158.26902:-155.58392] 0.0000319393
0052 004372 -588.73055:[7926.92748:-158.28619:-155.58682] 0.0000228246
0053 004452 -588.73878:[7926.94550:-158.30220:-155.58541] 0.0000139778
0054 004527 -588.74200:[7926.96684:-158.31695:-155.57999] 0.0000054713
Start evaluating ...
  Columns 1 through 7

    0.0095    0.0099    0.0102    0.0109    0.0117    0.0121    0.0123

  Columns 8 through 10

    0.0127    0.0132    0.0135

    0.0039

Elapsed time is 4623.324997 seconds.
