nohup: ignoring input

                            < M A T L A B (R) >
                  Copyright 1984-2016 The MathWorks, Inc.
                   R2016a (9.0.0.341360) 64-bit (glnxa64)
                             February 11, 2016

 
To get started, type one of these: helpwin, helpdesk, or demo.
For product information, visit www.mathworks.com.
 

	Academic License

Start learning ...
Init data [Dtype: delicious - Dspec: sp3/0550]
Init social model
Using adagrad ...
Params [lbd-U: 1.0000|lbd-V: 100.0000|lbd-N: 1.0000|lbd-Q: 0.1000]
Staring Sample 3 - Loc: save/ctrsmf/delicious-alg90-sp3-cold20170225114400775 
CTR-SMF Running ...

iter time likelihood converge
0001 000104 -5795551.65552 1.0000000000
0002 000221 -5626875.79917 0.0291043660
0003 000340 -5505318.42677 0.0216029955
0004 000458 -5468523.61846 0.0066835023
0005 000564 -5449653.99222 0.0034505888
0006 000669 -5434599.34399 0.0027624962
0007 000778 -5424112.01671 0.0019297333
0008 000881 -5417515.24619 0.0012161936
0009 000988 -5412966.13199 0.0008397049
0010 001093 -5409509.77119 0.0006385336
0011 001195 -5406676.78303 0.0005237052
0012 001298 -5404259.73450 0.0004470488
0013 001400 -5402157.70245 0.0003889584
0014 001500 -5400309.35030 0.0003421507
0015 001599 -5398671.55403 0.0003032782
0016 001701 -5397211.56699 0.0002704345
0017 001801 -5395903.21743 0.0002424121
0018 001899 -5394724.82793 0.0002183860
0019 001994 -5393658.10192 0.0001977350
0020 002093 -5392687.53639 0.0001799457
0021 002190 -5391800.04767 0.0001645726
0022 002287 -5390984.63632 0.0001512317
0023 002385 -5390232.01949 0.0001396066
0024 002481 -5389534.25420 0.0001294500
0025 002577 -5388884.44030 0.0001205696
0026 002672 -5388276.52347 0.0001128094
0027 002764 -5387705.17411 0.0001060356
0028 002855 -5387165.74253 0.0001001227
0029 002950 -5386654.32655 0.0000949323
0030 003045 -5386167.87500 0.0000903068
0031 003136 -5385704.16659 0.0000860925
0032 003229 -5385261.63105 0.0000821686
0033 003319 -5384839.11437 0.0000784580
0034 003411 -5384435.69057 0.0000749184
0035 003497 -5384050.55070 0.0000715284
0036 003584 -5383682.95968 0.0000682741
0037 003672 -5383332.26242 0.0000651408
0038 003756 -5382997.91061 0.0000621087
0039 003840 -5382679.47472 0.0000591559
0040 003923 -5382376.60680 0.0000562671
0041 004010 -5382088.95018 0.0000534442
0042 004093 -5381816.07955 0.0000506998
0043 004177 -5381557.59390 0.0000480294
0044 004256 -5381313.24194 0.0000454054
0045 004339 -5381082.85127 0.0000428131
0046 004422 -5380866.27874 0.0000402470
0047 004506 -5380663.41611 0.0000377007
0048 004591 -5380474.07168 0.0000351898
0049 004673 -5380297.82645 0.0000327564
0050 004755 -5380134.00915 0.0000304476
0051 004837 -5379981.78584 0.0000282936
0052 004914 -5379840.25564 0.0000263068
0053 004993 -5379708.50182 0.0000244903
0054 005074 -5379585.61229 0.0000228432
0055 005151 -5379470.72170 0.0000213568
0056 005233 -5379363.09451 0.0000200070
0057 005308 -5379262.13623 0.0000187677
0058 005387 -5379167.31821 0.0000176266
0059 005466 -5379078.19689 0.0000165679
0060 005545 -5378994.48827 0.0000155619
0061 005622 -5378916.06167 0.0000145802
0062 005700 -5378842.84225 0.0000136123
0063 005778 -5378774.72711 0.0000126635
0064 005846 -5378711.59672 0.0000117369
0065 005913 -5378653.28580 0.0000108411
0066 005979 -5378599.50931 0.0000099981
Start evaluating ...
  Columns 1 through 7

    0.0035    0.0091    0.0129    0.0163    0.0190    0.0218    0.0242

  Columns 8 through 10

    0.0258    0.0277    0.0290

    0.0013

Elapsed time is 6069.435213 seconds.
