nohup: ignoring input

                            < M A T L A B (R) >
                  Copyright 1984-2016 The MathWorks, Inc.
                   R2016a (9.0.0.341360) 64-bit (glnxa64)
                             February 11, 2016

 
To get started, type one of these: helpwin, helpdesk, or demo.
For product information, visit www.mathworks.com.
 

	Academic License

Start learning ...
Init data [Dtype: delicious - Dspec: sp3/2550]
Init social model
Using adagrad ...
Params [lbd-U: 100.0000|lbd-V: 10.0000|lbd-N: 100.0000|lbd-Q: 0.0500]
Staring Sample 3 - Loc: save/ctrsmf/delicious-alg90-sp3-cold20170226125836538 
CTR-SMF Running ...

iter time likelihood converge
0001 000202 -32161374.67502 1.0000000000
0002 000400 -31353527.27879 0.0251185593
0003 000599 -30680806.86067 0.0214559725
0004 000838 -30481643.47082 0.0064914652
0005 001127 -30390131.54818 0.0030021978
0006 001418 -30326591.07255 0.0020908259
0007 001708 -30282327.45453 0.0014595646
0008 001998 -30251196.98477 0.0010280078
0009 002287 -30227216.11490 0.0007927247
0010 002570 -30207520.20762 0.0006515951
0011 002847 -30190663.77866 0.0005580209
0012 003129 -30175917.76009 0.0004884298
0013 003406 -30162860.53834 0.0004327034
0014 003681 -30151201.75890 0.0003865276
0015 003958 -30140722.86208 0.0003475449
0016 004235 -30131251.60418 0.0003142346
0017 004514 -30122647.88137 0.0002855415
0018 004790 -30114795.31680 0.0002606864
0019 005070 -30107596.09550 0.0002390593
0020 005347 -30100967.69187 0.0002201572
0021 005622 -30094840.27154 0.0002035622
0022 005900 -30089154.26015 0.0001889364
0023 006178 -30083858.24069 0.0001760109
0024 006464 -30078907.38574 0.0001645685
0025 006741 -30074262.44211 0.0001544253
0026 007017 -30069889.21674 0.0001454142
0027 007297 -30065758.19938 0.0001373805
0028 007573 -30061844.25518 0.0001301795
0029 007844 -30058126.30834 0.0001236766
0030 008116 -30054586.46897 0.0001177665
0031 008383 -30051208.99001 0.0001123782
0032 008647 -30047979.57263 0.0001074638
0033 008920 -30044885.28578 0.0001029782
0034 009193 -30041915.04185 0.0000988602
0035 009462 -30039060.40446 0.0000950218
0036 009731 -30036315.98276 0.0000913618
0037 010002 -30033678.75950 0.0000878012
0038 010232 -30031147.98624 0.0000842645
0039 010430 -30028725.08453 0.0000806796
0040 010599 -30026412.13861 0.0000770244
0041 010774 -30024210.63801 0.0000733188
0042 010963 -30022120.31121 0.0000696214
0043 011145 -30020139.10868 0.0000659914
0044 011333 -30018264.28838 0.0000624521
0045 011494 -30016492.73983 0.0000590157
0046 011683 -30014821.83629 0.0000556662
0047 011874 -30013250.03922 0.0000523674
0048 012066 -30011775.79176 0.0000491199
0049 012257 -30010396.03946 0.0000459737
0050 012449 -30009105.78645 0.0000429935
0051 012560 -30007899.08254 0.0000402113
0052 012662 -30006769.49146 0.0000376431
0053 012764 -30005709.85295 0.0000353133
0054 012935 -30004712.97681 0.0000332229
0055 013125 -30003772.59583 0.0000313411
0056 013315 -30002883.84806 0.0000296212
0057 013508 -30002043.09721 0.0000280223
0058 013874 -30001247.37555 0.0000265222
0059 014235 -30000494.06329 0.0000251094
0060 014602 -29999780.88292 0.0000237723
0061 014958 -29999106.13688 0.0000224917
0062 015308 -29998469.07525 0.0000212360
0063 015658 -29997869.92701 0.0000199726
0064 016000 -29997309.47700 0.0000186830
0065 016324 -29996788.40329 0.0000173707
0066 016666 -29996306.59207 0.0000160621
0067 017007 -29995863.00888 0.0000147879
0068 017356 -29995456.03623 0.0000135676
0069 017699 -29995083.46682 0.0000124209
0070 018052 -29994742.47777 0.0000113682
0071 018387 -29994429.87315 0.0000104220
0072 018701 -29994142.23944 0.0000095896
Start evaluating ...
  Columns 1 through 7

    0.0011    0.0022    0.0040    0.0050    0.0062    0.0068    0.0079

  Columns 8 through 10

    0.0083    0.0096    0.0100

   3.8498e-04

Elapsed time is 18849.655666 seconds.
