nohup: ignoring input

                            < M A T L A B (R) >
                  Copyright 1984-2016 The MathWorks, Inc.
                   R2016a (9.0.0.341360) 64-bit (glnxa64)
                             February 11, 2016

 
To get started, type one of these: helpwin, helpdesk, or demo.
For product information, visit www.mathworks.com.
 

	Academic License

Start learning ...
Init data [Dtype: delicious - Dspec: sp3/0550]
Init social model
Using adagrad ...
Params [lbd-U: 0.0100|lbd-V: 10.0000|lbd-N: 0.0100|lbd-Q: 0.1000]
Staring Sample 3 - Loc: save/ctrsmf/delicious-alg90-sp3-cold20170225114400661 
CTR-SMF Running ...

iter time likelihood converge
0001 000089 -5785839.34800 1.0000000000
0002 000192 -5624972.53483 0.0278035396
0003 000298 -5503389.93616 0.0216147897
0004 000404 -5466342.44611 0.0067317581
0005 000508 -5447235.92812 0.0034953021
0006 000599 -5432002.83170 0.0027964819
0007 000694 -5421470.22761 0.0019389909
0008 000786 -5414850.78084 0.0012209689
0009 000876 -5410270.20246 0.0008459288
0010 000967 -5406779.33043 0.0006452306
0011 001058 -5403912.35028 0.0005302565
0012 001151 -5401462.90951 0.0004532717
0013 001240 -5399330.06470 0.0003948643
0014 001329 -5397452.41277 0.0003477565
0015 001424 -5395786.61062 0.0003086275
0016 001517 -5394299.65269 0.0002755776
0017 001604 -5392965.17270 0.0002473871
0018 001695 -5391761.38799 0.0002232139
0019 001787 -5390669.98025 0.0002024214
0020 001878 -5389675.47605 0.0001844862
0021 001961 -5388764.84512 0.0001689584
0022 002048 -5387927.14252 0.0001554535
0023 002137 -5387153.09974 0.0001436624
0024 002227 -5386434.72621 0.0001333494
0025 002312 -5385765.05754 0.0001243250
0026 002403 -5385138.00890 0.0001164270
0027 002490 -5384548.23724 0.0001095184
0028 002574 -5383991.07079 0.0001034751
0029 002662 -5383462.56896 0.0000981617
0030 002746 -5382959.60474 0.0000934276
0031 002827 -5382479.84376 0.0000891259
0032 002911 -5382021.61109 0.0000851341
0033 002992 -5381583.69673 0.0000813661
0034 003073 -5381165.15275 0.0000777734
0035 003155 -5380765.13660 0.0000743363
0036 003236 -5380382.84336 0.0000710481
0037 003317 -5380017.52557 0.0000678981
0038 003395 -5379668.54335 0.0000648664
0039 003474 -5379335.37913 0.0000619303
0040 003557 -5379017.60304 0.0000590735
0041 003641 -5378714.85447 0.0000562832
0042 003726 -5378426.90142 0.0000535357
0043 003807 -5378153.61823 0.0000508110
0044 003886 -5377894.87442 0.0000481102
0045 003967 -5377650.60058 0.0000454218
0046 004049 -5377420.86204 0.0000427210
0047 004131 -5377205.76175 0.0000400006
0048 004212 -5377005.24403 0.0000372903
0049 004293 -5376818.92259 0.0000346515
0050 004374 -5376646.06177 0.0000321493
0051 004452 -5376485.70821 0.0000298241
0052 004527 -5376336.84261 0.0000276883
0053 004603 -5376198.48859 0.0000257339
0054 004682 -5376069.75907 0.0000239443
0055 004761 -5375949.87389 0.0000222998
0056 004831 -5375838.16629 0.0000207791
0057 004898 -5375734.05577 0.0000193664
0058 004975 -5375636.97575 0.0000180589
0059 005048 -5375546.35213 0.0000168582
0060 005121 -5375461.68766 0.0000157499
0061 005192 -5375382.61737 0.0000147095
0062 005267 -5375308.87405 0.0000137187
0063 005344 -5375240.21582 0.0000127729
0064 005418 -5375176.38694 0.0000118746
0065 005495 -5375117.11283 0.0000110274
0066 005572 -5375062.02281 0.0000102491
0067 005647 -5375010.64123 0.0000095593
Start evaluating ...
  Columns 1 through 7

    0.0022    0.0028    0.0038    0.0052    0.0061    0.0071    0.0080

  Columns 8 through 10

    0.0093    0.0103    0.0119

   9.6476e-04

Elapsed time is 5748.759538 seconds.
