nohup: ignoring input

                            < M A T L A B (R) >
                  Copyright 1984-2016 The MathWorks, Inc.
                   R2016a (9.0.0.341360) 64-bit (glnxa64)
                             February 11, 2016

 
To get started, type one of these: helpwin, helpdesk, or demo.
For product information, visit www.mathworks.com.
 

	Academic License

Start learning ...
Init data [Dtype: delicious - Dspec: sp3/0550]
Init social model
Using adagrad ...
Params [lbd-U: 0.1000|lbd-V: 0.1000|lbd-N: 0.1000|lbd-Q: 0.1000]
Staring Sample 3 - Loc: save/ctr/delicious-alg80-sp3-cold20170225114343747 
CTR(chongwang) Running ...

iter time likelihood:[r:u:v] converge
0001 000058 -2466.00000:[0.00000:0.00000:-0.00000] 1.0000000000
0002 000142 -616.26665:[3833.88095:-68.09891:-301.63437] 0.7500946269
0003 000234 -483.91293:[4069.93983:-53.10946:-239.52180] 0.2147669757
0004 000320 -450.67989:[4160.61878:-64.86174:-206.10249] 0.0686756615
0005 000404 -432.61832:[4216.42861:-74.66646:-183.86815] 0.0400762701
0006 000495 -421.85326:[4254.29920:-82.89594:-168.27966] 0.0248834952
0007 000574 -415.17523:[4281.19888:-89.76251:-156.96301] 0.0158302123
0008 000652 -410.91983:[4300.88318:-95.45552:-148.54440] 0.0102496683
0009 000732 -408.15277:[4315.58820:-100.14690:-142.17148] 0.0067338075
0010 000809 -406.32256:[4326.73930:-103.99190:-137.28508] 0.0044841315
0011 000884 -405.09237:[4335.29097:-107.12840:-133.50212] 0.0030276094
0012 000961 -404.25172:[4341.90627:-109.67675:-130.55147] 0.0020752136
0013 001034 -403.66692:[4347.05867:-111.74035:-128.23631] 0.0014466121
0014 001107 -403.25219:[4351.09356:-113.40681:-126.41108] 0.0010274102
0015 001184 -402.95202:[4354.26709:-114.74952:-124.96655] 0.0007443931
0016 001260 -402.73020:[4356.77191:-115.82941:-123.81976] 0.0005504725
0017 001333 -402.56296:[4358.75448:-116.69666:-122.90706] 0.0004152578
0018 001410 -402.43452:[4360.32723:-117.39235:-122.17921] 0.0003190736
0019 001486 -402.33426:[4361.57714:-117.94995:-121.59788] 0.0002491354
0020 001560 -402.25496:[4362.57190:-118.39661:-121.13302] 0.0001970978
0021 001634 -402.19161:[4363.36449:-118.75426:-120.76100] 0.0001574804
0022 001708 -402.14067:[4363.99656:-119.04062:-120.46312] 0.0001266536
0023 001786 -402.09958:[4364.50096:-119.26991:-120.22456] 0.0001021850
0024 001861 -402.06644:[4364.90366:-119.45358:-120.03353] 0.0000824242
0025 001937 -402.03980:[4365.22527:-119.60079:-119.88064] 0.0000662387
0026 002009 -402.01856:[4365.48216:-119.71889:-119.75838] 0.0000528416
0027 002081 -402.00180:[4365.68737:-119.81375:-119.66074] 0.0000416759
0028 002151 -401.98880:[4365.85128:-119.89006:-119.58289] 0.0000323381
0029 002223 -401.97894:[4365.98219:-119.95158:-119.52094] 0.0000245269
0030 002296 -401.97170:[4366.08674:-120.00130:-119.47177] 0.0000180105
0031 002368 -401.96664:[4366.17023:-120.04159:-119.43285] 0.0000126074
0032 002438 -401.96335:[4366.23691:-120.07436:-119.40216] 0.0000081748
Start evaluating ...
  Columns 1 through 7

    0.0004    0.0005    0.0007    0.0013    0.0020    0.0024    0.0026

  Columns 8 through 10

    0.0028    0.0029    0.0032

   3.4073e-04

Elapsed time is 2541.386027 seconds.
