nohup: ignoring input

                            < M A T L A B (R) >
                  Copyright 1984-2016 The MathWorks, Inc.
                   R2016a (9.0.0.341360) 64-bit (glnxa64)
                             February 11, 2016

 
To get started, type one of these: helpwin, helpdesk, or demo.
For product information, visit www.mathworks.com.
 

	Academic License

Start learning ...
Init data [Dtype: delicious - Dspec: sp3/0550]
Init social model
Using adagrad ...
Params [lbd-U: 0.0100|lbd-V: 10.0000|lbd-N: 0.0100|lbd-Q: 0.1000]
Staring Sample 3 - Loc: save/ctr/delicious-alg80-sp3-cold20170225114343491 
CTR(chongwang) Running ...

iter time likelihood:[r:u:v] converge
0001 000058 -2466.00000:[0.00000:0.00000:-0.00000] 1.0000000000
0002 000140 -935.04896:[3663.91868:-254.34493:-344.39780] 0.6208236168
0003 000227 -873.07576:[3761.03224:-282.19514:-320.32729] 0.0662780239
0004 000314 -837.84013:[3806.29127:-288.74607:-296.65159] 0.0403580427
0005 000400 -813.25757:[3832.88070:-289.40045:-279.42161] 0.0293404026
0006 000489 -796.57462:[3850.30249:-289.46748:-267.89794] 0.0205137363
0007 000567 -785.95697:[3861.59614:-289.69353:-260.60605] 0.0133291296
0008 000646 -779.70882:[3868.66272:-290.17174:-256.29987] 0.0079497337
0009 000720 -776.51564:[3872.82393:-290.86636:-254.06060] 0.0040953575
0010 000797 -775.40904:[3875.01632:-291.71619:-253.22653] 0.0014250777
0011 000876 -775.69591:[3875.89736:-292.66438:-253.32867] 0.0003699562
0012 000954 -776.89156:[3875.91962:-293.66597:-254.04060] 0.0015413876
0013 001027 -778.66388:[3875.38795:-294.68784:-255.13955] 0.0022813085
0014 001104 -780.78878:[3874.50480:-295.70679:-256.47580] 0.0027289006
0015 001180 -783.11625:[3873.40396:-296.70723:-257.94947] 0.0029809141
0016 001255 -785.54628:[3872.17395:-297.67912:-259.49418] 0.0031030357
0017 001327 -788.01250:[3870.87344:-298.61633:-261.06594] 0.0031394953
0018 001401 -790.47117:[3869.54131:-299.51542:-262.63580] 0.0031200864
0019 001479 -792.89388:[3868.20327:-300.37482:-264.18497] 0.0030649006
0020 001554 -795.26260:[3866.87622:-301.19418:-265.70150] 0.0029874295
0021 001632 -797.56617:[3865.57126:-301.97396:-267.17796] 0.0028966139
0022 001709 -799.79794:[3864.29571:-302.71513:-268.60986] 0.0027982294
0023 001780 -801.95408:[3863.05453:-303.41893:-269.99452] 0.0026958528
0024 001856 -804.03241:[3861.85125:-304.08674:-271.33033] 0.0025915823
0025 001933 -806.03172:[3860.68846:-304.71998:-272.61631] 0.0024866117
0026 002008 -807.95142:[3859.56811:-305.32001:-273.85188] 0.0023816674
0027 002081 -809.79134:[3858.49162:-305.88816:-275.03677] 0.0022772641
0028 002156 -811.55164:[3857.45992:-306.42567:-276.17097] 0.0021737677
0029 002232 -813.23265:[3856.47367:-306.93371:-277.25456] 0.0020713517
0030 002304 -814.83471:[3855.53338:-307.41335:-278.28762] 0.0019699846
0031 002376 -816.35806:[3854.63954:-307.86561:-279.27015] 0.0018695252
0032 002449 -817.80290:[3853.79254:-308.29143:-280.20209] 0.0017698569
0033 002521 -819.16942:[3852.99268:-308.69166:-281.08342] 0.0016709634
0034 002591 -820.45795:[3852.24005:-309.06715:-281.91421] 0.0015729706
0035 002661 -821.66910:[3851.53445:-309.41871:-282.69475] 0.0014761913
0036 002728 -822.80393:[3850.87528:-309.74715:-283.42569] 0.0013811354
0037 002798 -823.86407:[3850.26148:-310.05331:-284.10809] 0.0012884369
0038 002865 -824.85164:[3849.69160:-310.33807:-284.74339] 0.0011987132
0039 002936 -825.76921:[3849.16397:-310.60236:-285.33329] 0.0011124054
0040 003005 -826.61948:[3848.67687:-310.84716:-285.87957] 0.0010296679
0041 003071 -827.40510:[3848.22872:-311.07347:-286.38397] 0.0009504035
0042 003141 -828.12863:[3847.81808:-311.28224:-286.84810] 0.0008744496
0043 003209 -828.79257:[3847.44347:-311.47442:-287.27358] 0.0008017364
0044 003276 -829.39946:[3847.10341:-311.65091:-287.66204] 0.0007322570
0045 003345 -829.95179:[3846.79640:-311.81258:-288.01511] 0.0006659492
0046 003413 -830.45200:[3846.52103:-311.96029:-288.33435] 0.0006026976
0047 003480 -830.90250:[3846.27584:-312.09486:-288.62134] 0.0005424735
0048 003550 -831.30585:[3846.05925:-312.21709:-288.87774] 0.0004854354
0049 003621 -831.66485:[3845.86944:-312.32777:-289.10540] 0.0004318481
0050 003689 -831.98247:[3845.70446:-312.42768:-289.30626] 0.0003819111
0051 003757 -832.26172:[3845.56237:-312.51760:-289.48227] 0.0003356446
0052 003824 -832.50548:[3845.44134:-312.59826:-289.63529] 0.0002928832
0053 003892 -832.71640:[3845.33970:-312.67037:-289.76700] 0.0002533608
0054 003960 -832.89695:[3845.25592:-312.73458:-289.87896] 0.0002168193
0055 004026 -833.04944:[3845.18854:-312.79148:-289.97264] 0.0001830796
0056 004092 -833.17612:[3845.13611:-312.84163:-290.04951] 0.0001520695
0057 004159 -833.27928:[3845.09711:-312.88557:-290.11107] 0.0001238223
0058 004226 -833.36130:[3845.06996:-312.92382:-290.15891] 0.0000984198
0059 004294 -833.42453:[3845.05311:-312.95690:-290.19465] 0.0000758824
0060 004363 -833.47129:[3845.04508:-312.98534:-290.21981] 0.0000560986
0061 004434 -833.50365:[3845.04462:-313.00964:-290.23579] 0.0000388316
0062 004501 -833.52346:[3845.05066:-313.03027:-290.24377] 0.0000237680
0063 004565 -833.53229:[3845.06235:-313.04766:-290.24477] 0.0000105900
0064 004629 -833.53151:[3845.07892:-313.06219:-290.23965] 0.0000009385
Start evaluating ...
  Columns 1 through 7

    0.0011    0.0016    0.0029    0.0046    0.0062    0.0078    0.0095

  Columns 8 through 10

    0.0110    0.0132    0.0153

   8.5161e-04

Elapsed time is 4723.953348 seconds.
