nohup: ignoring input

                            < M A T L A B (R) >
                  Copyright 1984-2016 The MathWorks, Inc.
                   R2016a (9.0.0.341360) 64-bit (glnxa64)
                             February 11, 2016

 
To get started, type one of these: helpwin, helpdesk, or demo.
For product information, visit www.mathworks.com.
 

	Academic License

Start learning ...
Init data [Dtype: delicious - Dspec: sp3/0550]
Init social model
Using adagrad ...
Params [lbd-U: 1.0000|lbd-V: 0.0100|lbd-N: 1.0000|lbd-Q: 0.1000]
Staring Sample 3 - Loc: save/ctr/delicious-alg80-sp3-cold20170225114344123 
CTR(chongwang) Running ...

iter time likelihood:[r:u:v] converge
0001 000069 -2466.00000:[0.00000:0.00000:-0.00000] 1.0000000000
0002 000159 -1571.98687:[1848.59526:-31.32895:-468.55440] 0.3625357385
0003 000252 -583.13781:[3843.71053:-39.29153:-313.49847] 0.6290440954
0004 000344 -498.91038:[4037.09060:-51.51301:-252.38747] 0.1444382891
0005 000439 -460.21324:[4136.58309:-62.52291:-215.32876] 0.0775633196
0006 000528 -438.61944:[4199.15439:-72.20594:-190.75046] 0.0469212878
0007 000614 -425.80014:[4241.51067:-80.57378:-173.58431] 0.0292264829
0008 000700 -417.93782:[4271.46765:-87.70595:-161.18659] 0.0184648116
0009 000785 -413.01697:[4293.29522:-93.71725:-152.01420] 0.0117741248
0010 000871 -409.89488:[4309.54217:-98.73701:-145.10662] 0.0075592152
0011 000959 -407.89434:[4321.82735:-102.89635:-139.83477] 0.0048806191
0012 001046 -406.60216:[4331.22830:-106.32044:-135.77005] 0.0031679334
0013 001135 -405.76133:[4338.48865:-109.12404:-132.61117] 0.0020679302
0014 001217 -405.20998:[4344.13630:-111.40930:-130.14101] 0.0013588092
0015 001301 -404.84528:[4348.55450:-113.26516:-128.19992] 0.0009000337
0016 001385 -404.60154:[4352.02654:-114.76773:-126.66862] 0.0006020547
0017 001466 -404.43662:[4354.76489:-115.98123:-125.45681] 0.0004076122
0018 001549 -404.32337:[4356.93086:-116.95929:-124.49542] 0.0002800079
0019 001632 -404.24426:[4358.64808:-117.74627:-123.73111] 0.0001956786
0020 001715 -404.18788:[4360.01210:-118.37865:-123.12244] 0.0001394684
0021 001796 -404.14681:[4361.09724:-118.88624:-122.63703] 0.0001016101
0022 001878 -404.11618:[4361.96161:-119.29329:-122.24945] 0.0000757930
0023 001959 -404.09277:[4362.65085:-119.61947:-121.93963] 0.0000579260
0024 002039 -404.07444:[4363.20092:-119.88068:-121.69175] 0.0000453464
0025 002118 -404.05977:[4363.64026:-120.08974:-121.49325] 0.0000363146
0026 002201 -404.04777:[4363.99139:-120.25700:-121.33415] 0.0000296901
0027 002285 -404.03778:[4364.27217:-120.39074:-121.20653] 0.0000247230
0028 002364 -404.02933:[4364.49683:-120.49765:-121.10409] 0.0000209178
0029 002444 -404.02208:[4364.67667:-120.58307:-121.02177] 0.0000179438
0030 002523 -404.01579:[4364.82070:-120.65130:-120.95556] 0.0000155771
0031 002602 -404.01027:[4364.93613:-120.70578:-120.90225] 0.0000136632
0032 002674 -404.00538:[4365.02868:-120.74926:-120.85927] 0.0000120944
0033 002751 -404.00102:[4365.10294:-120.78394:-120.82457] 0.0000107940
0034 002831 -403.99710:[4365.16256:-120.81159:-120.79651] 0.0000097068
Start evaluating ...
  Columns 1 through 7

    0.0005    0.0007    0.0009    0.0015    0.0022    0.0023    0.0024

  Columns 8 through 10

    0.0025    0.0027    0.0029

   3.1921e-04

Elapsed time is 2944.585920 seconds.
