nohup: ignoring input

                            < M A T L A B (R) >
                  Copyright 1984-2016 The MathWorks, Inc.
                   R2016a (9.0.0.341360) 64-bit (glnxa64)
                             February 11, 2016

 
To get started, type one of these: helpwin, helpdesk, or demo.
For product information, visit www.mathworks.com.
 

	Academic License

Start learning ...
Init data [Dtype: delicious - Dspec: sp3/1050]
Init social model
Using adagrad ...
Load pretrained shallow-model...
Params [lbd-U: 10.0000|lbd-V: 100.0000|lbd-N: 10.0000|lbd-Q: 0.1000]
Staring Sample 3 - Loc: save/bcdl/delicious-alg61-sp3-cold20170225114414090 
CTR(chongwang)-DAE(User graph) Running - Walks(1)...
-1/200: 4363309.631791/5499.821254/4357809.810537/1.000000000
-2/200: 4357226.490969/5278.931913/4351947.559056/0.001394157
-3/200: 4357184.185959/5282.535135/4351901.650824/0.000009709
-4/200: 4357199.586129/5287.016724/4351912.569405/0.000003534
-5/200: 4357091.652761/5291.099832/4351800.552929/0.000024771
-6/200: 4357101.732459/5294.783049/4351806.949410/0.000002313
-7/200: 4357330.182986/5298.160450/4352032.022536/0.000052432
-8/200: 4357380.675844/5301.325656/4352079.350188/0.000011588
-9/200: 4357349.169842/5304.337023/4352044.832819/0.000007230
-10/200: 4357388.838084/5307.130884/4352081.707200/0.000009104
-11/200: 4357319.686231/5309.780653/4352009.905578/0.000015870
-12/200: 4357259.426188/5312.337951/4351947.088237/0.000013830
-13/200: 4357384.550407/5314.774838/4352069.775569/0.000028716
-14/200: 4357448.570274/5317.116756/4352131.453518/0.000014692
-15/200: 4357364.646764/5319.408316/4352045.238448/0.000019260
-16/200: 4357375.135954/5321.601666/4352053.534288/0.000002407
-17/200: 4357458.979726/5323.707144/4352135.272582/0.000019242
-18/200: 4357604.663586/5325.732435/4352278.931151/0.000033433
-19/200: 4357511.382862/5327.727540/4352183.655322/0.000021406
-20/200: 4357551.386021/5329.648425/4352221.737596/0.000009180
-21/200: 4357430.615566/5331.543365/4352099.072201/0.000027715
-22/200: 4357584.231817/5333.388665/4352250.843152/0.000035254
-23/200: 4357638.294198/5335.196096/4352303.098102/0.000012407
-24/200: 4357707.063080/5336.951953/4352370.111127/0.000015781
-25/200: 4357598.227580/5338.688102/4352259.539478/0.000024975
-26/200: 4357613.830892/5340.396083/4352273.434809/0.000003581
-27/200: 4357566.383445/5342.057727/4352224.325718/0.000010888
-28/200: 4357778.039553/5343.677435/4352434.362118/0.000048572
-29/200: 4357757.770745/5345.269066/4352412.501679/0.000004651
-30/200: 4357697.073015/5346.838613/4352350.234402/0.000013929
-31/200: 4357697.310378/5348.368956/4352348.941422/0.000000054
-32/200: 4357780.059141/5349.884959/4352430.174182/0.000018989
-33/200: 4357542.537590/5351.374607/4352191.162983/0.000054505
-34/200: 4357782.419259/5352.836956/4352429.582303/0.000055050
-35/200: 4357596.831487/5354.276825/4352242.554662/0.000042588
-36/200: 4357750.235374/5355.700934/4352394.534440/0.000035204
-37/200: 4357771.712124/5357.105238/4352414.606886/0.000004928
-38/200: 4357725.087931/5358.479194/4352366.608737/0.000010699
-39/200: 4357792.687969/5359.845210/4352432.842759/0.000015513
-40/200: 4357760.799694/5361.186755/4352399.612939/0.000007318
-41/200: 4357898.710053/5362.514519/4352536.195534/0.000031647
-42/200: 4357917.901103/5363.824283/4352554.076820/0.000004404
-43/200: 4357888.599218/5365.114040/4352523.485178/0.000006724
-44/200: 4357909.307295/5366.377515/4352542.929780/0.000004752
-45/200: 4357888.938697/5367.632255/4352521.306442/0.000004674
-46/200: 4357886.727639/5368.872870/4352517.854769/0.000000507
-47/200: 4357959.269923/5370.095847/4352589.174076/0.000016646
-48/200: 4357953.677450/5371.301838/4352582.375612/0.000001283
-49/200: 4357844.980756/5372.501399/4352472.479357/0.000024942
-50/200: 4357895.216572/5373.682425/4352521.534147/0.000011528
-51/200: 4357898.815557/5374.845688/4352523.969869/0.000000826
-52/200: 4358047.926675/5375.990684/4352671.935991/0.000034216
-53/200: 4357899.397765/5377.136141/4352522.261624/0.000034082
-54/200: 4357970.750246/5378.270589/4352592.479657/0.000016373
-55/200: 4357962.679770/5379.381665/4352583.298105/0.000001852
-56/200: 4357964.422806/5380.483889/4352583.938917/0.000000400
-57/200: 4358005.630845/5381.591288/4352624.039557/0.000009456
-58/200: 4358058.327459/5382.684547/4352675.642912/0.000012092
-59/200: 4358030.421798/5383.767100/4352646.654698/0.000006403
-60/200: 4358043.241492/5384.826439/4352658.415053/0.000002942
-61/200: 4357964.963308/5385.878840/4352579.084468/0.000017962
-62/200: 4358106.241895/5386.926071/4352719.315824/0.000032418
-63/200: 4358038.002807/5387.960834/4352650.041973/0.000015658
-64/200: 4358183.868502/5388.984720/4352794.883782/0.000033470
-65/200: 4358188.761684/5390.010788/4352798.750896/0.000001123
-66/200: 4358173.742746/5391.027049/4352782.715697/0.000003446
-67/200: 4358074.807244/5392.033341/4352682.773903/0.000022701
-68/200: 4358087.370740/5393.024740/4352694.346000/0.000002883
-69/200: 4358111.992048/5394.006228/4352717.985820/0.000005650
-70/200: 4358106.132770/5394.982956/4352711.149814/0.000001344
-71/200: 4358203.589308/5395.955439/4352807.633869/0.000022362
-72/200: 4358154.234671/5396.912816/4352757.321855/0.000011325
-73/200: 4358258.764393/5397.869280/4352860.895113/0.000023985
-74/200: 4358215.494982/5398.820708/4352816.674274/0.000009928
-75/200: 4358181.162148/5399.761035/4352781.401113/0.000007878
-76/200: 4358280.497865/5400.692894/4352879.804971/0.000022793
-77/200: 4358300.548584/5401.623591/4352898.924993/0.000004601
-78/200: 4358299.102906/5402.534351/4352896.568555/0.000000332
-79/200: 4358196.554949/5403.449870/4352793.105079/0.000023529
-80/200: 4358214.516418/5404.352761/4352810.163657/0.000004121
-81/200: 4358272.582497/5405.247809/4352867.334688/0.000013323
-82/200: 4358343.134669/5406.139617/4352936.995052/0.000016188
-83/200: 4358279.521460/5407.026597/4352872.494863/0.000014596
-84/200: 4358263.094539/5407.901198/4352855.193341/0.000003769
-85/200: 4358334.560311/5408.774574/4352925.785737/0.000016398
-86/200: 4358339.056817/5409.637500/4352929.419317/0.000001032
-87/200: 4358350.542420/5410.499281/4352940.043139/0.000002635
-88/200: 4358390.002308/5411.355008/4352978.647300/0.000009054
-89/200: 4358355.615869/5412.203688/4352943.412181/0.000007890
-90/200: 4358390.828656/5413.045056/4352977.783600/0.000008079
-91/200: 4358382.722631/5413.875250/4352968.847381/0.000001860
-92/200: 4358423.936525/5414.704599/4353009.231926/0.000009456
-93/200: 4358402.241858/5415.524785/4352986.717073/0.000004978
-94/200: 4358472.241921/5416.341221/4353055.900700/0.000016061
-95/200: 4358445.434741/5417.152875/4353028.281866/0.000006151
-96/200: 4358407.311112/5417.964901/4352989.346211/0.000008747
-97/200: 4358455.467874/5418.773050/4353036.694824/0.000011049
-98/200: 4358486.881902/5419.569170/4353067.312732/0.000007208
-99/200: 4358500.528324/5420.363493/4353080.164831/0.000003131
Recall at EP-100 ...
  Columns 1 through 7

    0.0014    0.0025    0.0041    0.0051    0.0062    0.0072    0.0083

  Columns 8 through 10

    0.0094    0.0104    0.0115

Mrr at EP-100 ...
   6.2204e-04

-100/200: 4358467.288311/5421.157910/4353046.130401/0.000007626
-101/200: 4358451.889846/5421.935253/4353029.954593/0.000003533
-102/200: 4358492.966246/5422.717268/4353070.248978/0.000009425
-103/200: 4358558.481301/5423.493470/4353134.987831/0.000015032
-104/200: 4358497.758595/5424.259813/4353073.498782/0.000013932
-105/200: 4358553.473358/5425.023276/4353128.450082/0.000012783
-106/200: 4358513.170911/5425.787751/4353087.383160/0.000009247
-107/200: 4358552.156155/5426.549014/4353125.607141/0.000008945
-108/200: 4358601.004161/5427.297668/4353173.706493/0.000011207
-109/200: 4358554.002684/5428.042631/4353125.960053/0.000010784
-110/200: 4358542.565069/5428.783807/4353113.781262/0.000002624
-111/200: 4358623.281353/5429.531110/4353193.750243/0.000018519
-112/200: 4358618.129898/5430.273552/4353187.856346/0.000001182
-113/200: 4358596.953469/5431.009730/4353165.943739/0.000004859
-114/200: 4358581.362897/5431.741592/4353149.621305/0.000003577
-115/200: 4358619.327281/5432.470800/4353186.856481/0.000008710
-116/200: 4358608.608367/5433.192416/4353175.415951/0.000002459
-117/200: 4358661.443958/5433.910832/4353227.533126/0.000012122
-118/200: 4358653.562502/5434.631766/4353218.930736/0.000001808
-119/200: 4358693.849335/5435.345699/4353258.503636/0.000009243
-120/200: 4358673.238524/5436.049860/4353237.188664/0.000004729
-121/200: 4358712.675437/5436.749567/4353275.925870/0.000009048
-122/200: 4358723.552238/5437.446540/4353286.105698/0.000002495
-123/200: 4358697.122173/5438.146511/4353258.975662/0.000006064
-124/200: 4358715.343210/5438.834410/4353276.508800/0.000004180
-125/200: 4358727.755580/5439.522231/4353288.233349/0.000002848
-126/200: 4358729.205343/5440.208870/4353288.996473/0.000000333
-127/200: 4358729.881810/5440.895065/4353288.986745/0.000000155
-128/200: 4358733.997666/5441.579458/4353292.418208/0.000000944
-129/200: 4358738.409086/5442.248119/4353296.160967/0.000001012
-130/200: 4358798.211916/5442.920697/4353355.291219/0.000013720
-131/200: 4358746.928730/5443.592698/4353303.336032/0.000011765
-132/200: 4358798.498075/5444.262833/4353354.235242/0.000011831
-133/200: 4358813.179001/5444.932810/4353368.246191/0.000003368
-134/200: 4358855.092973/5445.594628/4353409.498345/0.000009616
-135/200: 4358783.167502/5446.253699/4353336.913803/0.000016501
-136/200: 4358804.556829/5446.905169/4353357.651660/0.000004907
-137/200: 4358863.325538/5447.558631/4353415.766907/0.000013483
-138/200: 4358849.257295/5448.206057/4353401.051238/0.000003228
-139/200: 4358838.362756/5448.847652/4353389.515104/0.000002499
-140/200: 4358874.028035/5449.491959/4353424.536076/0.000008182
-141/200: 4358886.975984/5450.138332/4353436.837652/0.000002970
-142/200: 4358861.056023/5450.772132/4353410.283891/0.000005946
-143/200: 4358892.432508/5451.409591/4353441.022917/0.000007198
-144/200: 4358907.695148/5452.039362/4353455.655786/0.000003501
-145/200: 4358929.972002/5452.672070/4353477.299932/0.000005111
-146/200: 4358921.972376/5453.297061/4353468.675315/0.000001835
-147/200: 4358936.001847/5453.918445/4353482.083402/0.000003219
-148/200: 4358905.526440/5454.534056/4353450.992384/0.000006991
-149/200: 4358942.330281/5455.149629/4353487.180652/0.000008443
-150/200: 4358958.570470/5455.766590/4353502.803880/0.000003726
-151/200: 4358967.516857/5456.382204/4353511.134653/0.000002052
-152/200: 4358964.421923/5456.991471/4353507.430452/0.000000710
-153/200: 4358974.558209/5457.594676/4353516.963533/0.000002325
-154/200: 4358992.432305/5458.197181/4353534.235124/0.000004101
-155/200: 4358983.791278/5458.799558/4353524.991720/0.000001982
-156/200: 4358998.151535/5459.398491/4353538.753044/0.000003294
-157/200: 4359038.751698/5459.996532/4353578.755166/0.000009314
-158/200: 4359031.139563/5460.588091/4353570.551472/0.000001746
-159/200: 4359046.151153/5461.184403/4353584.966750/0.000003444
-160/200: 4359053.954479/5461.776898/4353592.177581/0.000001790
-161/200: 4359023.836149/5462.360380/4353561.475769/0.000006909
-162/200: 4359045.258624/5462.942362/4353582.316262/0.000004915
-163/200: 4359087.905956/5463.524082/4353624.381874/0.000009784
-164/200: 4359058.181244/5464.105010/4353594.076234/0.000006819
-165/200: 4359106.338172/5464.683730/4353641.654442/0.000011048
-166/200: 4359092.259529/5465.258762/4353627.000767/0.000003230
-167/200: 4359090.471977/5465.829788/4353624.642189/0.000000410
-168/200: 4359119.133318/5466.400200/4353652.733118/0.000006575
-169/200: 4359113.723385/5466.967522/4353646.755863/0.000001241
-170/200: 4359130.823798/5467.534251/4353663.289547/0.000003923
-171/200: 4359128.148666/5468.100681/4353660.047985/0.000000614
-172/200: 4359160.580753/5468.661430/4353691.919323/0.000007440
-173/200: 4359136.496532/5469.221675/4353667.274857/0.000005525
-174/200: 4359200.104721/5469.782657/4353730.322064/0.000014592
-175/200: 4359156.752309/5470.337569/4353686.414740/0.000009945
-176/200: 4359197.995254/5470.894569/4353727.100685/0.000009461
-177/200: 4359218.383986/5471.449094/4353746.934892/0.000004677
-178/200: 4359205.465623/5471.997338/4353733.468285/0.000002963
-179/200: 4359210.040698/5472.543861/4353737.496837/0.000001050
-180/200: 4359197.593806/5473.090559/4353724.503247/0.000002855
-181/200: 4359243.844760/5473.637638/4353770.207122/0.000010610
-182/200: 4359237.001571/5474.177383/4353762.824188/0.000001570
-183/200: 4359257.901712/5474.719495/4353783.182217/0.000004794
-184/200: 4359272.189357/5475.260650/4353796.928707/0.000003278
-185/200: 4359284.768679/5475.797923/4353808.970756/0.000002886
-186/200: 4359274.851392/5476.334571/4353798.516821/0.000002275
-187/200: 4359277.264671/5476.866002/4353800.398669/0.000000554
-188/200: 4359303.045190/5477.398168/4353825.647022/0.000005914
-189/200: 4359315.842518/5477.927760/4353837.914758/0.000002936
-190/200: 4359315.570189/5478.456459/4353837.113730/0.000000062
Start evaluating ...
  Columns 1 through 7

    0.0010    0.0018    0.0025    0.0033    0.0039    0.0044    0.0050

  Columns 8 through 10

    0.0061    0.0070    0.0075

   3.5218e-04

Elapsed time is 20640.905731 seconds.
