nohup: ignoring input

                            < M A T L A B (R) >
                  Copyright 1984-2016 The MathWorks, Inc.
                   R2016a (9.0.0.341360) 64-bit (glnxa64)
                             February 11, 2016

 
To get started, type one of these: helpwin, helpdesk, or demo.
For product information, visit www.mathworks.com.
 

	Academic License

Start learning ...
Init data [Dtype: delicious - Dspec: sp3/1050]
Init social model
Using adagrad ...
Could not use CUDA
Params [lbd-U: 10.0000|lbd-V: 0.0100|lbd-N: 10.0000|lbd-Q: 0.1000]
Staring Sample 3 - Loc: save/ctrsmf/delicious-alg90-sp3-cold20170225114459709 
CTR-SMF Running ...

iter time likelihood converge
0001 000139 -10239566.69347 1.0000000000
0002 000275 -9964370.69581 0.0268757464
0003 000413 -9746654.72856 0.0218494448
0004 000535 -9681222.16541 0.0067133355
0005 000655 -9648958.76038 0.0033325756
0006 000773 -9624613.22581 0.0025231256
0007 000896 -9607886.64297 0.0017378966
0008 001017 -9596955.73838 0.0011377012
0009 001135 -9589055.66348 0.0008231855
0010 001253 -9582840.59410 0.0006481420
0011 001373 -9577640.85228 0.0005426097
0012 001496 -9573152.84551 0.0004685921
0013 001611 -9569216.91605 0.0004111424
0014 001725 -9565730.56220 0.0003643301
0015 001842 -9562619.69932 0.0003252091
0016 001955 -9559827.05602 0.0002920375
0017 002073 -9557306.66458 0.0002636440
0018 002189 -9555020.76265 0.0002391785
0019 002303 -9552937.62277 0.0002180152
0020 002410 -9551030.19988 0.0001996687
0021 002523 -9549275.44311 0.0001837243
0022 002634 -9547653.74783 0.0001698239
0023 002746 -9546148.34946 0.0001576721
0024 002855 -9544744.74506 0.0001470336
0025 002964 -9543430.26757 0.0001377174
0026 003073 -9542193.88058 0.0001295537
0027 003178 -9541026.21117 0.0001223691
0028 003282 -9539919.77272 0.0001159664
0029 003386 -9538868.98908 0.0001101460
0030 003494 -9537869.60163 0.0001047700
0031 003602 -9536918.11499 0.0000997588
0032 003708 -9536011.54795 0.0000950587
0033 003817 -9535147.24208 0.0000906360
0034 003924 -9534322.77484 0.0000864661
0035 004033 -9533535.98811 0.0000825215
0036 004136 -9532785.03954 0.0000787692
0037 004243 -9532068.41872 0.0000751743
0038 004353 -9531384.93933 0.0000717032
0039 004455 -9530733.73548 0.0000683221
0040 004554 -9530114.26466 0.0000649972
0041 004655 -9529526.24412 0.0000617013
0042 004753 -9528969.42824 0.0000584306
0043 004851 -9528443.30841 0.0000552127
0044 004947 -9527946.98028 0.0000520891
0045 005045 -9527479.20518 0.0000490951
0046 005138 -9527038.52639 0.0000462535
0047 005233 -9526623.37808 0.0000435758
0048 005335 -9526232.20175 0.0000410614
0049 005438 -9525863.58473 0.0000386949
0050 005537 -9525516.37550 0.0000364491
0051 005634 -9525189.71146 0.0000342936
0052 005728 -9524882.95325 0.0000322049
0053 005812 -9524595.54578 0.0000301744
0054 005899 -9524326.84073 0.0000282117
0055 005978 -9524075.98270 0.0000263387
0056 006055 -9523841.93566 0.0000245743
0057 006125 -9523623.63432 0.0000229216
0058 006188 -9523420.15116 0.0000213661
0059 006236 -9523230.74482 0.0000198885
0060 006283 -9523054.79642 0.0000184757
0061 006331 -9522891.71309 0.0000171251
0062 006379 -9522740.88419 0.0000158386
0063 006427 -9522601.70109 0.0000146159
0064 006479 -9522473.57287 0.0000134552
0065 006527 -9522355.91065 0.0000123563
0066 006575 -9522248.10907 0.0000113209
0067 006623 -9522149.54648 0.0000103508
0068 006673 -9522059.57592 0.0000094486
Start evaluating ...
  Columns 1 through 7

    0.0092    0.0115    0.0121    0.0123    0.0125    0.0128    0.0129

  Columns 8 through 10

    0.0131    0.0133    0.0134

    0.0029

Elapsed time is 6738.930545 seconds.
