nohup: ignoring input

                            < M A T L A B (R) >
                  Copyright 1984-2016 The MathWorks, Inc.
                   R2016a (9.0.0.341360) 64-bit (glnxa64)
                             February 11, 2016

 
To get started, type one of these: helpwin, helpdesk, or demo.
For product information, visit www.mathworks.com.
 

	Academic License

Start learning ...
Init data [Dtype: delicious - Dspec: sp3/1050]
Init social model
Using adagrad ...
Could not use CUDA
Params [lbd-U: 10.0000|lbd-V: 0.0100|lbd-N: 10.0000|lbd-Q: 0.1000]
Staring Sample 3 - Loc: save/ctr/delicious-alg80-sp3-cold20170225114426323 
CTR(chongwang) Running ...

iter time likelihood:[r:u:v] converge
0001 000100 -4397.00000:[0.00000:0.00000:-0.00000] 1.0000000000
0002 000201 -4116.18192:[581.81695:-13.65515:-97.95281] 0.0638658352
0003 000294 -1526.24957:[7421.56828:-840.32061:-278.15485] 0.6292074554
0004 000393 -1324.69004:[7432.72536:-644.31586:-353.27579] 0.1320619718
0005 000495 -1283.39209:[7346.56711:-559.93466:-395.92957] 0.0311755549
0006 000593 -1270.35581:[7282.26963:-514.77087:-422.24346] 0.0101576816
0007 000687 -1265.70845:[7242.84061:-490.44285:-437.86974] 0.0036583089
0008 000776 -1263.84050:[7219.54905:-476.96824:-446.95863] 0.0014758140
0009 000868 -1262.94384:[7206.08483:-469.37902:-452.17209] 0.0007094712
0010 000956 -1262.41591:[7198.42363:-465.05778:-455.12851] 0.0004180179
0011 001049 -1262.04908:[7194.12962:-462.57777:-456.78441] 0.0002905761
0012 001135 -1261.76742:[7191.76729:-461.14498:-457.69650] 0.0002231802
0013 001221 -1261.53987:[7190.50304:-460.31169:-458.18598] 0.0001803420
0014 001309 -1261.35142:[7189.85703:-459.82331:-458.43719] 0.0001493833
0015 001399 -1261.19330:[7189.55476:-459.53420:-458.55553] 0.0001253553
0016 001488 -1261.05958:[7189.44010:-459.36072:-458.60102] 0.0001060250
0017 001578 -1260.94585:[7189.42479:-459.25466:-458.60768] 0.0000901854
0018 001664 -1260.84867:[7189.45942:-459.18818:-458.59462] 0.0000770690
0019 001746 -1260.76529:[7189.51670:-459.14513:-458.57246] 0.0000661308
0020 001836 -1260.69348:[7189.58188:-459.11611:-458.54701] 0.0000569595
0021 001922 -1260.63141:[7189.64724:-459.09563:-458.52130] 0.0000492341
0022 002005 -1260.57758:[7189.70904:-459.08049:-458.49687] 0.0000426998
0023 002091 -1260.53075:[7189.76564:-459.06876:-458.47439] 0.0000371510
0024 002173 -1260.48988:[7189.81660:-459.05931:-458.45408] 0.0000324208
0025 002255 -1260.45412:[7189.86201:-459.05143:-458.43592] 0.0000283735
0026 002333 -1260.42273:[7189.90229:-459.04471:-458.41979] 0.0000248989
0027 002416 -1260.39512:[7189.93792:-459.03886:-458.40550] 0.0000219070
0028 002494 -1260.37076:[7189.96944:-459.03369:-458.39286] 0.0000193241
0029 002576 -1260.34923:[7189.99734:-459.02909:-458.38167] 0.0000170888
0030 002658 -1260.33013:[7190.02208:-459.02496:-458.37176] 0.0000151506
0031 002746 -1260.31316:[7190.04405:-459.02123:-458.36298] 0.0000134669
0032 002832 -1260.29803:[7190.06362:-459.01786:-458.35517] 0.0000120023
0033 002911 -1260.28451:[7190.08110:-459.01478:-458.34821] 0.0000107270
0034 002990 -1260.27239:[7190.09675:-459.01198:-458.34199] 0.0000096162
Start evaluating ...
  Columns 1 through 7

    0.0092    0.0094    0.0094    0.0101    0.0107    0.0107    0.0108

  Columns 8 through 10

    0.0109    0.0109    0.0111

    0.0036

Elapsed time is 3083.163631 seconds.
