nohup: ignoring input

                            < M A T L A B (R) >
                  Copyright 1984-2016 The MathWorks, Inc.
                   R2016a (9.0.0.341360) 64-bit (glnxa64)
                             February 11, 2016

 
To get started, type one of these: helpwin, helpdesk, or demo.
For product information, visit www.mathworks.com.
 

	Academic License

Start learning ...
Init data [Dtype: delicious - Dspec: sp3/0550]
Init social model
Using adagrad ...
Params [lbd-U: 0.1000|lbd-V: 0.1000|lbd-N: 0.1000|lbd-Q: 0.1000]
Staring Sample 3 - Loc: save/ctrsmf/delicious-alg90-sp3-cold20170225114400906 
CTR-SMF Running ...

iter time likelihood converge
0001 000105 -5787906.97205 1.0000000000
0002 000222 -5625798.37686 0.0280081549
0003 000339 -5503992.82163 0.0216512479
0004 000458 -5466801.55397 0.0067571432
0005 000565 -5447573.26590 0.0035172830
0006 000672 -5432244.78671 0.0028138179
0007 000780 -5421640.38994 0.0019521206
0008 000890 -5414961.20373 0.0012319493
0009 000998 -5410330.42589 0.0008551821
0010 001107 -5406795.75988 0.0006533180
0011 001211 -5403890.66683 0.0005373040
0012 001319 -5401408.10338 0.0004594030
0013 001426 -5399245.90071 0.0004003035
0014 001528 -5397341.82987 0.0003526550
0015 001628 -5395652.32934 0.0003130246
0016 001729 -5394144.25374 0.0002794983
0017 001830 -5392791.02701 0.0002508696
0018 001930 -5391570.62895 0.0002263018
0019 002030 -5390464.51087 0.0002051569
0020 002134 -5389456.98676 0.0001869086
0021 002233 -5388534.82501 0.0001711048
0022 002335 -5387686.88137 0.0001573607
0023 002437 -5386903.69327 0.0001453663
0024 002534 -5386177.10007 0.0001348814
0025 002634 -5385500.00598 0.0001257096
0026 002729 -5384866.22903 0.0001176821
0027 002823 -5384270.34966 0.0001106582
0028 002921 -5383707.63025 0.0001045117
0029 003015 -5383174.06659 0.0000991071
0030 003104 -5382666.46226 0.0000942946
0031 003193 -5382182.41071 0.0000899278
0032 003285 -5381720.17104 0.0000858833
0033 003377 -5381278.47621 0.0000820732
0034 003473 -5380856.32723 0.0000784477
0035 003564 -5380452.82823 0.0000749879
0036 003648 -5380067.10704 0.0000716894
0037 003733 -5379698.33540 0.0000685441
0038 003817 -5379345.80912 0.0000655290
0039 003904 -5379009.01620 0.0000626085
0040 003991 -5378687.64011 0.0000597463
0041 004076 -5378381.50226 0.0000569168
0042 004162 -5378090.50375 0.0000541052
0043 004248 -5377814.61255 0.0000512991
0044 004335 -5377553.88412 0.0000484822
0045 004420 -5377308.45619 0.0000456393
0046 004508 -5377078.44557 0.0000427743
0047 004591 -5376863.82694 0.0000399136
0048 004677 -5376664.35872 0.0000370975
0049 004763 -5376479.51771 0.0000343784
0050 004847 -5376308.51593 0.0000318055
0051 004932 -5376150.41675 0.0000294066
0052 005011 -5376004.24068 0.0000271897
0053 005089 -5375869.01795 0.0000251530
0054 005168 -5375743.79946 0.0000232927
0055 005245 -5375627.68446 0.0000215998
0056 005321 -5375519.87152 0.0000200559
0057 005401 -5375419.67550 0.0000186393
0058 005482 -5375326.46569 0.0000173400
0059 005563 -5375239.63037 0.0000161544
0060 005643 -5375158.63724 0.0000150678
0061 005733 -5375083.08410 0.0000140560
0062 005805 -5375012.68164 0.0000130979
0063 005873 -5374947.19770 0.0000121830
0064 005933 -5374886.43867 0.0000113041
0065 005990 -5374830.23290 0.0000104571
0066 006057 -5374778.30279 0.0000096617
Start evaluating ...
  Columns 1 through 7

    0.0018    0.0022    0.0026    0.0028    0.0031    0.0032    0.0035

  Columns 8 through 10

    0.0037    0.0038    0.0040

   5.6024e-04

Elapsed time is 6135.875659 seconds.
