nohup: ignoring input

                            < M A T L A B (R) >
                  Copyright 1984-2016 The MathWorks, Inc.
                   R2016a (9.0.0.341360) 64-bit (glnxa64)
                             February 11, 2016

 
To get started, type one of these: helpwin, helpdesk, or demo.
For product information, visit www.mathworks.com.
 

	Academic License

Start learning ...
Init data [Dtype: delicious - Dspec: sp3/5050]
Init social model
Using adagrad ...
Load pretrained shallow-model...
Could not use CUDA
Params [lbd-U: 100.0000|lbd-V: 10.0000|lbd-N: 100.0000|lbd-Q: 0.0100]
Staring Sample 3 - Loc: save/bcdl/delicious-alg61-sp3-cold20170227105047563 
CTR(chongwang)-DAE(User graph) Running - Walks(1)...
-1/200: 43605270.423847/27172.318477/43578098.105370/1.000000000
-2/200: 43546514.541085/26526.984925/43519987.556160/0.001347449
-3/200: 43545700.249229/26527.762884/43519172.486345/0.000018699
-4/200: 43545783.993011/26529.393435/43519254.599576/0.000001923
-5/200: 43544665.006890/26530.925669/43518134.081221/0.000025697
-6/200: 43544732.402000/26532.317068/43518200.084932/0.000001548
-7/200: 43546987.305559/26533.595617/43520453.709942/0.000051784
-8/200: 43547465.092908/26534.794469/43520930.298439/0.000010972
-9/200: 43547123.929417/26535.939135/43520587.990282/0.000007834
-10/200: 43547496.891053/26536.997897/43520959.893156/0.000008565
-11/200: 43546781.341988/26538.007482/43520243.334506/0.000016431
-12/200: 43546157.357130/26538.976854/43519618.380276/0.000014329
-13/200: 43547388.143568/26539.904617/43520848.238951/0.000028264
-14/200: 43548009.269125/26540.793720/43521468.475405/0.000014263
-15/200: 43547152.495799/26541.663037/43520610.832762/0.000019674
-16/200: 43547237.189581/26542.493825/43520694.695756/0.000001945
-17/200: 43548057.852814/26543.287465/43521514.565349/0.000018845
-18/200: 43549498.745476/26544.057404/43522954.688072/0.000033087
-19/200: 43548550.299245/26544.810967/43522005.488278/0.000021779
-20/200: 43548933.280280/26545.534505/43522387.745775/0.000008794
-21/200: 43547710.323371/26546.252565/43521164.070806/0.000028082
-22/200: 43549232.748151/26546.947501/43522685.800650/0.000034960
-23/200: 43549758.816010/26547.628123/43523211.187887/0.000012080
-24/200: 43550433.474141/26548.287795/43523885.186346/0.000015492
-25/200: 43549330.422487/26548.937447/43522781.485040/0.000025328
-26/200: 43549474.794082/26549.577236/43522925.216846/0.000003315
-27/200: 43548984.235518/26550.201279/43522434.034239/0.000011264
-28/200: 43551088.482828/26550.806965/43524537.675863/0.000048319
-29/200: 43550873.281346/26551.401184/43524321.880162/0.000004941
-30/200: 43550254.493175/26551.986131/43523702.507044/0.000014208
-31/200: 43550242.908962/26552.558001/43523690.350961/0.000000266
-32/200: 43551060.894664/26553.124038/43524507.770626/0.000018783
-33/200: 43548672.094022/26553.675689/43522118.418333/0.000054851
-34/200: 43551059.839114/26554.221615/43524505.617499/0.000054829
-35/200: 43549191.471360/26554.755512/43522636.715848/0.000042901
-36/200: 43550715.531915/26555.284076/43524160.247839/0.000034996
-37/200: 43550919.232618/26555.803944/43524363.428674/0.000004677
-38/200: 43550442.274315/26556.314301/43523885.960014/0.000010952
-39/200: 43551107.822141/26556.817472/43524551.004669/0.000015282
-40/200: 43550779.355984/26557.311882/43524222.044102/0.000007542
-41/200: 43552148.275050/26557.803723/43525590.471327/0.000031433
-42/200: 43552329.974041/26558.287404/43525771.686637/0.000004172
-43/200: 43552025.352100/26558.764334/43525466.587766/0.000006994
-44/200: 43552223.009351/26559.228327/43525663.781024/0.000004538
-45/200: 43552008.928670/26559.689540/43525449.239130/0.000004915
-46/200: 43551977.015412/26560.147122/43525416.868290/0.000000733
-47/200: 43552692.986652/26560.594035/43526132.392617/0.000016439
-48/200: 43552627.811651/26561.035819/43526066.775832/0.000001496
-49/200: 43551531.748470/26561.476865/43524970.271605/0.000025166
-50/200: 43552024.180705/26561.907670/43525462.273035/0.000011307
-51/200: 43552050.811460/26562.333518/43525488.477942/0.000000611
-52/200: 43553532.743302/26562.753675/43526969.989627/0.000034027
-53/200: 43552039.814093/26563.172987/43525476.641106/0.000034278
-54/200: 43552744.926874/26563.587779/43526181.339095/0.000016190
-55/200: 43552654.345446/26563.994439/43526090.351007/0.000002080
-56/200: 43552662.978290/26564.395821/43526098.582469/0.000000198
-57/200: 43553068.125077/26564.800182/43526503.324895/0.000009302
-58/200: 43553588.193732/26565.198316/43527022.995416/0.000011941
-59/200: 43553299.884561/26565.591950/43526734.292611/0.000006620
-60/200: 43553417.270901/26565.977834/43526851.293067/0.000002695
-61/200: 43552627.601644/26566.362294/43526061.239350/0.000018131
-62/200: 43554031.631116/26566.742410/43527464.888706/0.000032238
-63/200: 43553342.555734/26567.117854/43526775.437880/0.000015821
-64/200: 43554791.612091/26567.490364/43528224.121727/0.000033271
-65/200: 43554835.680105/26567.862501/43528267.817604/0.000001012
-66/200: 43554678.131068/26568.232789/43528109.898279/0.000003617
-67/200: 43553680.282116/26568.596427/43527111.685689/0.000022910
-68/200: 43553796.184739/26568.955269/43527227.229470/0.000002661
-69/200: 43554036.135336/26569.310850/43527466.824486/0.000005509
-70/200: 43553971.322410/26569.664567/43527401.657843/0.000001488
-71/200: 43554938.711505/26570.017416/43528368.694089/0.000022211
-72/200: 43554435.536527/26570.361753/43527865.174774/0.000011553
-73/200: 43555475.921581/26570.708030/43528905.213551/0.000023887
-74/200: 43555036.836320/26571.050291/43528465.786029/0.000010081
-75/200: 43554684.793479/26571.389606/43528113.403873/0.000008083
-76/200: 43555670.697601/26571.726503/43529098.971098/0.000022636
-77/200: 43555865.048461/26572.062337/43529292.986124/0.000004462
-78/200: 43555841.359140/26572.390140/43529268.969000/0.000000544
-79/200: 43554810.780705/26572.719589/43528238.061116/0.000023661
-80/200: 43554983.476063/26573.044893/43528410.431170/0.000003965
-81/200: 43555554.370169/26573.367739/43528981.002430/0.000013107
-82/200: 43556256.820725/26573.686534/43529683.134191/0.000016128
-83/200: 43555610.950521/26574.006318/43529036.944203/0.000014828
-84/200: 43555441.111185/26574.319357/43528866.791828/0.000003899
-85/200: 43556148.930765/26574.632839/43529574.297926/0.000016251
-86/200: 43556186.562233/26574.942850/43529611.619383/0.000000864
-87/200: 43556295.324127/26575.252093/43529720.072034/0.000002497
-88/200: 43556685.473680/26575.557738/43530109.915942/0.000008957
-89/200: 43556334.775593/26575.862756/43529758.912837/0.000008052
-90/200: 43556680.040214/26576.164684/43530103.875530/0.000007927
-91/200: 43556589.295134/26576.461528/43530012.833606/0.000002083
-92/200: 43556996.885664/26576.758417/43530420.127247/0.000009358
-93/200: 43556773.261440/26577.051689/43530196.209751/0.000005134
-94/200: 43557467.490034/26577.343283/43530890.146751/0.000015938
-95/200: 43557194.916893/26577.633534/43530617.283359/0.000006258
-96/200: 43556806.128386/26577.923340/43530228.205046/0.000008926
-97/200: 43557283.769482/26578.212270/43530705.557212/0.000010966
-98/200: 43557590.184524/26578.496385/43531011.688139/0.000007035
-99/200: 43557723.244841/26578.780237/43531144.464604/0.000003055
Recall at EP-100 ...
  Columns 1 through 7

    0.0012    0.0024    0.0033    0.0044    0.0054    0.0066    0.0075

  Columns 8 through 10

    0.0085    0.0095    0.0105

Mrr at EP-100 ...
   5.6849e-04

-100/200: 43557385.119597/26579.063210/43530806.056387/0.000007763
-101/200: 43557221.446182/26579.339683/43530642.106499/0.000003758
-102/200: 43557627.217971/26579.618504/43531047.599467/0.000009316
-103/200: 43558277.473117/26579.895149/43531697.577968/0.000014929
-104/200: 43557662.383268/26580.167690/43531082.215578/0.000014121
-105/200: 43558213.114941/26580.439713/43531632.675228/0.000012644
-106/200: 43557807.215785/26580.711710/43531226.504075/0.000009319
-107/200: 43558192.416572/26580.982751/43531611.433821/0.000008843
-108/200: 43558670.456788/26581.248803/43532089.207985/0.000010975
-109/200: 43558194.883075/26581.513883/43531613.369192/0.000010918
-110/200: 43558077.062688/26581.776391/43531495.286297/0.000002705
-111/200: 43558880.506626/26582.042400/43532298.464226/0.000018445
-112/200: 43558823.793667/26582.306022/43532241.487645/0.000001302
-113/200: 43558606.493259/26582.567124/43532023.926135/0.000004989
-114/200: 43558445.665544/26582.827288/43531862.838256/0.000003692
-115/200: 43558819.430675/26583.085363/43532236.345312/0.000008581
-116/200: 43558704.508312/26583.341229/43532121.167083/0.000002638
-117/200: 43559227.653363/26583.595550/43532644.057813/0.000012010
-118/200: 43559145.997581/26583.851773/43532562.145808/0.000001875
-119/200: 43559542.699852/26584.104667/43532958.595185/0.000009107
-120/200: 43559326.141458/26584.353562/43532741.787896/0.000004972
-121/200: 43559717.723901/26584.601633/43533133.122268/0.000008990
-122/200: 43559820.784417/26584.848025/43533235.936392/0.000002366
-123/200: 43559555.373589/26585.096215/43532970.277374/0.000006093
-124/200: 43559727.241543/26585.339014/43533141.902529/0.000003946
-125/200: 43559846.361309/26585.582170/43533260.779139/0.000002735
-126/200: 43559858.649686/26585.825276/43533272.824410/0.000000282
-127/200: 43559859.974069/26586.067906/43533273.906163/0.000000030
Start evaluating ...
  Columns 1 through 7

    0.0012    0.0018    0.0025    0.0032    0.0037    0.0043    0.0049

  Columns 8 through 10

    0.0055    0.0063    0.0069

   5.1130e-04

Elapsed time is 43598.065904 seconds.
