nohup: ignoring input

                            < M A T L A B (R) >
                  Copyright 1984-2016 The MathWorks, Inc.
                   R2016a (9.0.0.341360) 64-bit (glnxa64)
                             February 11, 2016

 
To get started, type one of these: helpwin, helpdesk, or demo.
For product information, visit www.mathworks.com.
 

	Academic License

Start learning ...
Init data [Dtype: delicious - Dspec: sp3/1050]
Init social model
Using adagrad ...
Could not use CUDA
Params [lbd-U: 0.0100|lbd-V: 0.0100|lbd-N: 0.0100|lbd-Q: 0.1000]
Staring Sample 3 - Loc: save/ctrsmf/delicious-alg90-sp3-cold20170225114459592 
CTR-SMF Running ...

iter time likelihood converge
0001 000141 -10225385.43878 1.0000000000
0002 000279 -9956263.18005 0.0263190332
0003 000418 -9741174.94610 0.0216033094
0004 000539 -9676145.08182 0.0066757721
0005 000660 -9644000.39745 0.0033220548
0006 000779 -9619706.95686 0.0025190211
0007 000900 -9603010.69819 0.0017356307
0008 001021 -9592101.40070 0.0011360289
0009 001144 -9584218.59377 0.0008218019
0010 001259 -9578018.03060 0.0006469555
0011 001380 -9572830.70223 0.0005415868
0012 001496 -9568353.39332 0.0004677100
0013 001608 -9564426.72205 0.0004103811
0014 001725 -9560948.41646 0.0003636711
0015 001842 -9557844.58885 0.0003246360
0016 001956 -9555058.13568 0.0002915357
0017 002065 -9552543.23074 0.0002632014
0018 002182 -9550262.22981 0.0002387847
0019 002294 -9548183.50327 0.0002176617
0020 002406 -9546280.08683 0.0001993485
0021 002519 -9544528.99624 0.0001834317
0022 002632 -9542910.68168 0.0001695542
0023 002739 -9541408.42362 0.0001574214
0024 002852 -9540007.75600 0.0001467988
0025 002959 -9538696.04203 0.0001374961
0026 003068 -9537462.27020 0.0001293439
0027 003177 -9536297.08810 0.0001221690
0028 003284 -9535193.02612 0.0001157747
0029 003394 -9534144.52182 0.0001099615
0030 003502 -9533147.32711 0.0001045919
0031 003612 -9532197.95473 0.0000995865
0032 003720 -9531293.43037 0.0000948915
0033 003825 -9530431.10240 0.0000904733
0034 003928 -9529608.55605 0.0000863074
0035 004035 -9528823.64209 0.0000823658
0036 004140 -9528074.52695 0.0000786157
0037 004245 -9527359.70654 0.0000750225
0038 004353 -9526677.99724 0.0000715528
0039 004454 -9526028.53354 0.0000681732
0040 004555 -9525410.77313 0.0000648497
0041 004660 -9524824.43425 0.0000615552
0042 004757 -9524269.27274 0.0000582857
0043 004851 -9523744.78128 0.0000550689
0044 004951 -9523250.05695 0.0000519464
0045 005051 -9522783.86292 0.0000489532
0046 005149 -9522344.74413 0.0000461124
0047 005248 -9521931.13535 0.0000434356
0048 005346 -9521541.47759 0.0000409221
0049 005440 -9521174.35736 0.0000385568
0050 005538 -9520828.62280 0.0000363122
0051 005640 -9520503.41184 0.0000341578
0052 005737 -9520198.08630 0.0000320703
0053 005824 -9519912.09244 0.0000300407
0054 005900 -9519644.78272 0.0000280790
0055 005972 -9519395.30167 0.0000262070
0056 006045 -9519162.61250 0.0000244437
0057 006107 -9518945.64913 0.0000227923
0058 006194 -9518743.48360 0.0000212382
0059 006281 -9518555.37429 0.0000197620
0060 006342 -9518380.70201 0.0000183507
0061 006390 -9518218.87325 0.0000170017
0062 006455 -9518069.27645 0.0000157169
0063 006503 -9517931.30213 0.0000144960
0064 006550 -9517804.35918 0.0000133372
0065 006598 -9517687.85985 0.0000122401
0066 006646 -9517581.20138 0.0000112063
0067 006698 -9517483.76530 0.0000102375
0068 006751 -9517394.90718 0.0000093363
Start evaluating ...
  Columns 1 through 7

    0.0104    0.0110    0.0113    0.0116    0.0118    0.0120    0.0122

  Columns 8 through 10

    0.0123    0.0126    0.0127

    0.0037

Elapsed time is 6817.289943 seconds.
