nohup: ignoring input

                            < M A T L A B (R) >
                  Copyright 1984-2016 The MathWorks, Inc.
                   R2016a (9.0.0.341360) 64-bit (glnxa64)
                             February 11, 2016

 
To get started, type one of these: helpwin, helpdesk, or demo.
For product information, visit www.mathworks.com.
 

	Academic License

Start learning ...
Init data [Dtype: delicious - Dspec: sp3/5050]
Init social model
Using adagrad ...
Load pretrained shallow-model...
Could not use CUDA
Params [lbd-U: 100.0000|lbd-V: 0.1000|lbd-N: 100.0000|lbd-Q: 0.0100]
Staring Sample 3 - Loc: save/bcdl/delicious-alg61-sp3-cold20170227105047064 
CTR(chongwang)-DAE(User graph) Running - Walks(1)...
-1/200: 43604348.035635/26249.930265/43578098.105370/1.000000000
-2/200: 43543120.234173/23132.678013/43519987.556160/0.001404167
-3/200: 43539149.190298/19975.282577/43519173.907721/0.000091198
-4/200: 43538900.995295/19647.476064/43519253.519231/0.000005701
-5/200: 43537722.965033/19586.715176/43518136.249857/0.000027057
-6/200: 43537762.509706/19558.704815/43518203.804891/0.000000908
-7/200: 43540002.021678/19544.500408/43520457.521270/0.000051438
-8/200: 43540472.496716/19537.888681/43520934.608035/0.000010806
-9/200: 43540128.371875/19535.946759/43520592.425116/0.000007904
-10/200: 43540501.797557/19536.811578/43520964.985979/0.000008577
-11/200: 43539787.485237/19539.582334/43520247.902903/0.000016406
-12/200: 43539167.615246/19543.789007/43519623.826239/0.000014237
-13/200: 43540402.918621/19548.886522/43520854.032099/0.000028372
-14/200: 43541029.062561/19554.637942/43521474.424619/0.000014381
-15/200: 43540177.309687/19560.959246/43520616.350441/0.000019562
-16/200: 43540268.358141/19567.492365/43520700.865776/0.000002091
-17/200: 43541094.952645/19574.222056/43521520.730589/0.000018985
-18/200: 43542543.484924/19581.042405/43522962.442519/0.000033268
-19/200: 43541601.411084/19588.049861/43522013.361223/0.000021636
-20/200: 43541990.626235/19595.049166/43522395.577069/0.000008939
-21/200: 43540775.188391/19602.182139/43521173.006252/0.000027914
-22/200: 43542303.318359/19609.266132/43522694.052227/0.000035097
-23/200: 43542836.706968/19616.371780/43523220.335188/0.000012250
-24/200: 43543518.591633/19623.425919/43523895.165714/0.000015660
-25/200: 43542421.720529/19630.507517/43522791.213012/0.000025190
-26/200: 43542573.302333/19637.588234/43522935.714099/0.000003481
-27/200: 43542090.450637/19644.542804/43522445.907833/0.000011089
-28/200: 43544200.220890/19651.400144/43524548.820746/0.000048454
-29/200: 43543991.237509/19658.203298/43524333.034211/0.000004799
-30/200: 43543380.018120/19664.988096/43523715.030024/0.000014037
-31/200: 43543372.874082/19671.630988/43523701.243094/0.000000164
-32/200: 43544198.200036/19678.248559/43524519.951477/0.000018954
-33/200: 43541813.989262/19684.771910/43522129.217352/0.000054754
-34/200: 43544210.825343/19691.238475/43524519.586868/0.000055047
-35/200: 43542347.831134/19697.593790/43522650.237344/0.000042784
-36/200: 43543877.716770/19703.919384/43524173.797386/0.000035136
-37/200: 43544086.068450/19710.136708/43524375.931742/0.000004785
-38/200: 43543615.905607/19716.272332/43523899.633275/0.000010797
-39/200: 43544288.319856/19722.341767/43524565.978089/0.000015442
-40/200: 43543964.545122/19728.336221/43524236.208901/0.000007436
-41/200: 43545340.239950/19734.277145/43525605.962805/0.000031593
-42/200: 43545528.990572/19740.136668/43525788.853904/0.000004335
-43/200: 43545227.921187/19745.898886/43525482.022301/0.000006914
-44/200: 43545430.155495/19751.540925/43525678.614570/0.000004644
-45/200: 43545224.873008/19757.126615/43525467.746393/0.000004714
-46/200: 43545196.323599/19762.664937/43525433.658662/0.000000656
-47/200: 43545917.641326/19768.094372/43526149.546954/0.000016565
-48/200: 43545855.929034/19773.463427/43526082.465607/0.000001417
-49/200: 43544767.310182/19778.765923/43524988.544259/0.000024999
-50/200: 43545265.305020/19783.984847/43525481.320173/0.000011436
-51/200: 43545295.308278/19789.107671/43525506.200607/0.000000689
-52/200: 43546783.970464/19794.150060/43526989.820404/0.000034187
-53/200: 43545293.015040/19799.159557/43525493.855483/0.000034238
-54/200: 43546005.990920/19804.121384/43526201.869536/0.000016373
-55/200: 43545917.570371/19808.966738/43526108.603633/0.000002031
-56/200: 43545932.837667/19813.754595/43526119.083072/0.000000351
-57/200: 43546338.499170/19818.535412/43526519.963758/0.000009316
-58/200: 43546869.096970/19823.243137/43527045.853833/0.000012185
-59/200: 43546580.210633/19827.880320/43526752.330313/0.000006634
-60/200: 43546704.795379/19832.413475/43526872.381904/0.000002861
-61/200: 43545918.618673/19836.890818/43526081.727855/0.000018054
-62/200: 43547327.779224/19841.319429/43527486.459795/0.000032360
-63/200: 43546642.732086/19845.691713/43526797.040373/0.000015731
-64/200: 43548094.289278/19849.989604/43528244.299674/0.000033333
-65/200: 43548144.063633/19854.263645/43528289.799988/0.000001143
-66/200: 43547988.883483/19858.498197/43528130.385286/0.000003563
-67/200: 43546996.878458/19862.658988/43527134.219470/0.000022780
-68/200: 43547116.361463/19866.730832/43527249.630631/0.000002744
-69/200: 43547359.045155/19870.760962/43527488.284193/0.000005573
-70/200: 43547297.626814/19874.726041/43527422.900773/0.000001410
-71/200: 43548268.401930/19878.662046/43528389.739884/0.000022292
-72/200: 43547770.672173/19882.508843/43527888.163330/0.000011429
-73/200: 43548815.153381/19886.331959/43528928.821422/0.000023985
-74/200: 43548376.805199/19890.118228/43528486.686971/0.000010066
-75/200: 43548031.583104/19893.824241/43528137.758863/0.000007927
-76/200: 43549019.981915/19897.492670/43529122.489245/0.000022697
-77/200: 43549219.850763/19901.127648/43529318.723115/0.000004590
-78/200: 43549198.722924/19904.651404/43529294.071520/0.000000485
-79/200: 43548170.722289/19908.173493/43528262.548796/0.000023606
-80/200: 43548342.821571/19911.623665/43528431.197906/0.000003952
-81/200: 43548919.351276/19915.034666/43529004.316610/0.000013239
-82/200: 43549630.893447/19918.390880/43529712.502567/0.000016339
-83/200: 43548983.391942/19921.722278/43529061.669664/0.000014868
-84/200: 43548816.480715/19924.978271/43528891.502444/0.000003833
-85/200: 43549526.045673/19928.208274/43529597.837399/0.000016294
-86/200: 43549568.038222/19931.373478/43529636.664744/0.000000964
-87/200: 43549677.698415/19934.509720/43529743.188695/0.000002518
-88/200: 43550074.686369/19937.637161/43530137.049208/0.000009116
-89/200: 43549720.734905/19940.677199/43529780.057706/0.000008127
-90/200: 43550072.544698/19943.694702/43530128.849996/0.000008078
-91/200: 43549985.252895/19946.638946/43530038.613949/0.000002004
-92/200: 43550396.612846/19949.545884/43530447.066962/0.000009446
-93/200: 43550178.016877/19952.420121/43530225.596756/0.000005019
-94/200: 43550873.140806/19955.255911/43530917.884895/0.000015961
-95/200: 43550603.968117/19958.047159/43530645.920958/0.000006181
-96/200: 43550212.488465/19960.825814/43530251.662651/0.000008989
-97/200: 43550694.681623/19963.562524/43530731.119099/0.000011072
-98/200: 43551003.592079/19966.255634/43531037.336445/0.000007093
-99/200: 43551141.473379/19968.911638/43531172.561741/0.000003166
Recall at EP-100 ...
  Columns 1 through 7

    0.0826    0.1390    0.1636    0.1768    0.1867    0.1940    0.2010

  Columns 8 through 10

    0.2070    0.2127    0.2177

Mrr at EP-100 ...
    0.0159

-100/200: 43550802.135496/19971.541962/43530830.593534/0.000007792
-101/200: 43550643.902262/19974.105079/43530669.797183/0.000003633
-102/200: 43551049.039151/19976.657810/43531072.381341/0.000009303
-103/200: 43551707.578351/19979.173038/43531728.405313/0.000015121
-104/200: 43551091.039633/19981.646343/43531109.393290/0.000014156
-105/200: 43551644.060982/19984.084168/43531659.976814/0.000012698
-106/200: 43551240.708979/19986.507657/43531254.201322/0.000009261
-107/200: 43551627.922081/19988.903865/43531639.018216/0.000008891
-108/200: 43552110.932396/19991.245823/43532119.686573/0.000011091
-109/200: 43551629.578384/19993.555884/43531636.022500/0.000011052
-110/200: 43551518.692159/19995.845574/43531522.846585/0.000002546
-111/200: 43552321.924603/19998.126440/43532323.798163/0.000018443
-112/200: 43552263.703348/20000.374787/43532263.328561/0.000001337
-113/200: 43552055.774749/20002.590591/43532053.184158/0.000004774
-114/200: 43551895.311591/20004.775350/43531890.536241/0.000003684
-115/200: 43552269.653988/20006.929356/43532262.724632/0.000008595
-116/200: 43552158.925129/20009.051515/43532149.873614/0.000002542
-117/200: 43552686.653754/20011.143886/43532675.509868/0.000012117
-118/200: 43552603.035391/20013.220061/43532589.815330/0.000001920
-119/200: 43552999.420785/20015.267140/43532984.153645/0.000009101
-120/200: 43552785.956785/20017.261994/43532768.694791/0.000004901
-121/200: 43553185.420988/20019.235384/43533166.185604/0.000009172
-122/200: 43553283.502795/20021.171062/43533262.331733/0.000002252
-123/200: 43553024.621035/20023.106377/43533001.514658/0.000005944
-124/200: 43553195.092621/20024.994709/43533170.097912/0.000003914
-125/200: 43553311.337949/20026.858359/43533284.479590/0.000002669
-126/200: 43553326.684117/20028.711272/43533297.972845/0.000000352
-127/200: 43553329.098784/20030.550468/43533298.548316/0.000000055
Start evaluating ...
  Columns 1 through 7

    0.0797    0.1350    0.1588    0.1711    0.1810    0.1884    0.1947

  Columns 8 through 10

    0.2015    0.2066    0.2114

    0.0156

Elapsed time is 43423.452156 seconds.
