nohup: ignoring input

                            < M A T L A B (R) >
                  Copyright 1984-2016 The MathWorks, Inc.
                   R2016a (9.0.0.341360) 64-bit (glnxa64)
                             February 11, 2016

 
To get started, type one of these: helpwin, helpdesk, or demo.
For product information, visit www.mathworks.com.
 

	Academic License

Start learning ...
Init data [Dtype: delicious - Dspec: sp3/0550]
Init social model
Using adagrad ...
Params [lbd-U: 1.0000|lbd-V: 0.1000|lbd-N: 1.0000|lbd-Q: 0.1000]
Staring Sample 3 - Loc: save/ctrsmf/delicious-alg90-sp3-cold20170225114359161 
CTR-SMF Running ...

iter time likelihood converge
0001 000088 -5795334.27789 1.0000000000
0002 000194 -5626045.64818 0.0292111933
0003 000299 -5504394.19910 0.0216229047
0004 000404 -5467375.24810 0.0067253452
0005 000506 -5448269.14989 0.0034945650
0006 000599 -5433026.46856 0.0027977108
0007 000690 -5422485.15506 0.0019402286
0008 000782 -5415854.19401 0.0012228638
0009 000877 -5411261.28737 0.0008480484
0010 000973 -5407757.02986 0.0006475861
0011 001067 -5404876.79844 0.0005326111
0012 001155 -5402414.85267 0.0004555045
0013 001244 -5400269.93839 0.0003970288
0014 001335 -5398380.49035 0.0003498803
0015 001431 -5396703.44378 0.0003106573
0016 001522 -5395206.03489 0.0002774673
0017 001613 -5393861.98716 0.0002491189
0018 001706 -5392649.51953 0.0002247866
0019 001797 -5391550.27694 0.0002038409
0020 001888 -5390548.73186 0.0001857620
0021 001973 -5389631.78365 0.0001701029
0022 002063 -5388788.39722 0.0001564831
0023 002147 -5388009.20151 0.0001445957
0024 002233 -5387286.11294 0.0001342033
0025 002322 -5386612.10078 0.0001251116
0026 002413 -5385981.03826 0.0001171539
0027 002504 -5385387.55288 0.0001101908
0028 002590 -5384826.94738 0.0001040975
0029 002673 -5384295.25233 0.0000987395
0030 002762 -5383789.30127 0.0000939679
0031 002844 -5383306.71349 0.0000896372
0032 002930 -5382845.77064 0.0000856245
0033 003012 -5382405.22550 0.0000818424
0034 003095 -5381984.09659 0.0000782418
0035 003176 -5381581.50326 0.0000748039
0036 003257 -5381196.58641 0.0000715249
0037 003341 -5380828.52896 0.0000683970
0038 003423 -5380476.63638 0.0000653975
0039 003504 -5380140.40527 0.0000624910
0040 003589 -5379819.52692 0.0000596413
0041 003668 -5379513.82999 0.0000568229
0042 003752 -5379223.22231 0.0000540212
0043 003835 -5378947.67811 0.0000512238
0044 003918 -5378687.25855 0.0000484146
0045 003998 -5378442.10584 0.0000455785
0046 004078 -5378212.33934 0.0000427199
0047 004161 -5377997.93382 0.0000398656
0048 004243 -5377798.64663 0.0000370560
0049 004323 -5377613.95588 0.0000343432
0050 004405 -5377443.07944 0.0000317755
0051 004483 -5377285.08831 0.0000293803
0052 004556 -5377139.00800 0.0000271662
0053 004630 -5377003.87038 0.0000251319
0054 004711 -5376878.72645 0.0000232739
0055 004790 -5376762.67528 0.0000215834
0056 004869 -5376654.91546 0.0000200418
0057 004948 -5376554.76242 0.0000186274
0058 005025 -5376461.58682 0.0000173300
0059 005096 -5376374.77873 0.0000161460
0060 005172 -5376293.80754 0.0000150606
0061 005246 -5376218.27243 0.0000140497
0062 005320 -5376147.88499 0.0000130924
0063 005396 -5376082.41359 0.0000121781
0064 005474 -5376021.66495 0.0000112998
0065 005551 -5375965.46722 0.0000104534
0066 005625 -5375913.54186 0.0000096588
Start evaluating ...
  Columns 1 through 7

    0.0018    0.0025    0.0029    0.0032    0.0033    0.0035    0.0037

  Columns 8 through 10

    0.0039    0.0040    0.0041

   6.2169e-04

Elapsed time is 5731.179810 seconds.
