nohup: ignoring input

                            < M A T L A B (R) >
                  Copyright 1984-2016 The MathWorks, Inc.
                   R2016a (9.0.0.341360) 64-bit (glnxa64)
                             February 11, 2016

 
To get started, type one of these: helpwin, helpdesk, or demo.
For product information, visit www.mathworks.com.
 

	Academic License

Start learning ...
Init data [Dtype: delicious - Dspec: sp3/0550]
Init social model
Using adagrad ...
Params [lbd-U: 0.1000|lbd-V: 0.0100|lbd-N: 0.1000|lbd-Q: 0.1000]
Staring Sample 3 - Loc: save/ctrsmf/delicious-alg90-sp3-cold20170225114401196 
CTR-SMF Running ...

iter time likelihood converge
0001 000102 -5787577.83669 1.0000000000
0002 000214 -5625563.19949 0.0279935133
0003 000330 -5503807.42109 0.0216433047
0004 000449 -5466661.88574 0.0067490616
0005 000554 -5447471.25714 0.0035104839
0006 000660 -5432172.29898 0.0028084514
0007 000768 -5421591.86331 0.0019477357
0008 000876 -5414932.46102 0.0012283113
0009 000983 -5410318.15839 0.0008521441
0010 001089 -5406797.30012 0.0006507673
0011 001196 -5403903.83825 0.0005351526
0012 001302 -5401431.11342 0.0004575812
0013 001408 -5399277.25974 0.0003987561
0014 001508 -5397380.29188 0.0003513374
0015 001608 -5395696.84729 0.0003119003
0016 001710 -5394193.94459 0.0002785373
0017 001813 -5392845.14401 0.0002500467
0018 001917 -5391628.53925 0.0002255961
0019 002017 -5390525.67746 0.0002045508
0020 002120 -5389520.95353 0.0001863870
0021 002219 -5388601.20424 0.0001706551
0022 002317 -5387755.34314 0.0001569723
0023 002409 -5386973.95658 0.0001450301
0024 002502 -5386248.92550 0.0001345897
0025 002596 -5385573.18955 0.0001254558
0026 002691 -5384940.59693 0.0001174606
0027 002789 -5384345.75361 0.0001104642
0028 002879 -5383783.94340 0.0001043414
0029 002971 -5383251.18031 0.0000989570
0030 003065 -5382744.28365 0.0000941618
0031 003158 -5382260.86042 0.0000898098
0032 003250 -5381799.18111 0.0000857780
0033 003343 -5381357.98784 0.0000819788
0034 003436 -5380936.28914 0.0000783629
0035 003532 -5380533.19563 0.0000749114
0036 003619 -5380147.84108 0.0000716201
0037 003709 -5379779.40280 0.0000684811
0038 003794 -5379427.18158 0.0000654713
0039 003878 -5379090.66957 0.0000625554
0040 003961 -5378769.55335 0.0000596971
0041 004041 -5378463.65650 0.0000568712
0042 004125 -5378172.88139 0.0000540629
0043 004211 -5377897.19679 0.0000512599
0044 004295 -5377636.65924 0.0000484460
0045 004378 -5377391.40901 0.0000456056
0046 004466 -5377161.56844 0.0000427420
0047 004556 -5376947.12057 0.0000398812
0048 004642 -5376747.83043 0.0000370638
0049 004724 -5376563.17354 0.0000343436
0050 004807 -5376392.35370 0.0000317712
0051 004889 -5376234.42704 0.0000293741
0052 004968 -5376088.41254 0.0000271593
0053 005046 -5375953.34249 0.0000251242
0054 005126 -5375828.27008 0.0000232652
0055 005203 -5375712.29613 0.0000215732
0056 005282 -5375604.62020 0.0000200301
0057 005363 -5375504.55750 0.0000186142
0058 005441 -5375411.47710 0.0000173157
0059 005516 -5375324.76687 0.0000161309
0060 005591 -5375243.89430 0.0000150452
0061 005670 -5375168.45727 0.0000140342
0062 005751 -5375098.16671 0.0000130769
0063 005825 -5375032.79058 0.0000121628
0064 005896 -5374972.13517 0.0000112847
0065 005964 -5374916.02932 0.0000104384
0066 006032 -5374864.19674 0.0000096434
Start evaluating ...
  Columns 1 through 7

    0.0017    0.0023    0.0026    0.0028    0.0029    0.0031    0.0034

  Columns 8 through 10

    0.0037    0.0039    0.0040

   6.5894e-04

Elapsed time is 6116.711365 seconds.
