nohup: ignoring input

                            < M A T L A B (R) >
                  Copyright 1984-2016 The MathWorks, Inc.
                   R2016a (9.0.0.341360) 64-bit (glnxa64)
                             February 11, 2016

 
To get started, type one of these: helpwin, helpdesk, or demo.
For product information, visit www.mathworks.com.
 

	Academic License

Start learning ...
Init data [Dtype: delicious - Dspec: sp3/0550]
Init social model
Using adagrad ...
Params [lbd-U: 100.0000|lbd-V: 0.0100|lbd-N: 100.0000|lbd-Q: 0.1000]
Staring Sample 3 - Loc: save/ctr/delicious-alg80-sp3-cold20170225114343759 
CTR(chongwang) Running ...

iter time likelihood:[r:u:v] converge
0001 000064 -2466.00000:[0.00000:0.00000:-0.00000] 1.0000000000
0002 000153 -2463.66701:[4.72931:-0.47561:-1.89404] 0.0009460626
0003 000242 -2431.66843:[87.68039:-11.27571:-33.60473] 0.0129881925
0004 000333 -2365.49600:[319.54447:-61.50931:-90.93284] 0.0272127677
0005 000429 -2159.88245:[960.67692:-176.43663:-289.43809] 0.0869219616
0006 000519 -2011.79773:[1654.12383:-375.03959:-435.25826] 0.0685614726
0007 000604 -1977.47419:[1918.55125:-472.89094:-487.64525] 0.0170611266
0008 000690 -1968.12673:[1994.58428:-501.53505:-509.33655] 0.0047269674
0009 000777 -1963.91317:[2038.17009:-519.07683:-522.01177] 0.0021409007
0010 000863 -1962.95623:[2056.06227:-527.01535:-526.59571] 0.0004872599
0011 000949 -1962.66800:[2061.68085:-529.48767:-527.99286] 0.0001468352
0012 001038 -1962.51699:[2063.59534:-530.25006:-528.49123] 0.0000769432
0013 001126 -1962.43339:[2064.42455:-530.54102:-528.72738] 0.0000425992
0014 001211 -1962.39438:[2064.85772:-530.68119:-528.86658] 0.0000198794
0015 001297 -1962.38572:[2065.09842:-530.75740:-528.95807] 0.0000044131
Start evaluating ...
  Columns 1 through 7

    0.0005    0.0006    0.0008    0.0015    0.0022    0.0023    0.0024

  Columns 8 through 10

    0.0025    0.0027    0.0028

   3.8331e-04

Elapsed time is 1423.086213 seconds.
