nohup: ignoring input

                            < M A T L A B (R) >
                  Copyright 1984-2016 The MathWorks, Inc.
                   R2016a (9.0.0.341360) 64-bit (glnxa64)
                             February 11, 2016

 
To get started, type one of these: helpwin, helpdesk, or demo.
For product information, visit www.mathworks.com.
 

	Academic License

Start learning ...
Init data [Dtype: delicious - Dspec: sp3/0550]
Init social model
Using adagrad ...
Load pretrained shallow-model...
Params [lbd-U: 0.1000|lbd-V: 10.0000|lbd-N: 0.1000|lbd-Q: 0.1000]
Staring Sample 3 - Loc: save/bcdl/delicious-alg61-sp3-cold20170224210012171 
CTR(chongwang)-DAE(User graph) Running - Walks(1)...
-1/200: 46533.947185/2955.849080/43578.098105/1.000000000
-2/200: 45683.266880/2180.303409/43502.963471/0.018280854
-3/200: 45468.208744/1959.256689/43508.952055/0.004707591
-4/200: 45433.032675/1917.519380/43515.513295/0.000773641
-5/200: 45409.716785/1893.787937/43515.928848/0.000513192
-6/200: 45394.797183/1878.666154/43516.131029/0.000328555
-7/200: 45388.413421/1870.050124/43518.363297/0.000140628
-8/200: 45385.118042/1866.321784/43518.796258/0.000072604
-9/200: 45384.571881/1866.084574/43518.487307/0.000012034
-10/200: 45387.042245/1868.228343/43518.813902/0.000054432
-11/200: 45390.075641/1871.939289/43518.136352/0.000066834
-12/200: 45394.175089/1876.648321/43517.526768/0.000090316
-13/200: 45400.666459/1881.967045/43518.699414/0.000143000
-14/200: 45406.929752/1887.634608/43519.295144/0.000137956
-15/200: 45411.887979/1893.476326/43518.411653/0.000109195
-16/200: 45417.925910/1899.372615/43518.553295/0.000132959
-17/200: 45424.602660/1905.243195/43519.359465/0.000147007
-18/200: 45431.701857/1911.033148/43520.668709/0.000156285
-19/200: 45436.475313/1916.705171/43519.770142/0.000105069
-20/200: 45442.402754/1922.231711/43520.171043/0.000130456
-21/200: 45446.591208/1927.594488/43518.996720/0.000092171
-22/200: 45453.222605/1932.779042/43520.443563/0.000145916
-23/200: 45458.723995/1937.774961/43520.949034/0.000121034
-24/200: 45464.112383/1942.573780/43521.538603/0.000118534
-25/200: 45467.665882/1947.170766/43520.495116/0.000078161
-26/200: 45472.204149/1951.561510/43520.642639/0.000099813
-27/200: 45475.929331/1955.742562/43520.186769/0.000081922
-28/200: 45481.912628/1959.713011/43522.199617/0.000131571
-29/200: 45485.504223/1963.472641/43522.031582/0.000078968
-30/200: 45488.396812/1967.022047/43521.374765/0.000063594
-31/200: 45491.759330/1970.362110/43521.397220/0.000073920
-32/200: 45495.675801/1973.495686/43522.180115/0.000086092
-33/200: 45496.274721/1976.425089/43519.849632/0.000013164
-34/200: 45501.352428/1979.154177/43522.198251/0.000111607
-35/200: 45502.065957/1981.687634/43520.378323/0.000015681
-36/200: 45505.883560/1984.031412/43521.852148/0.000083900
-37/200: 45508.204620/1986.192198/43522.012422/0.000051006
-38/200: 45509.745534/1988.176805/43521.568729/0.000033860
-39/200: 45512.190914/1989.994231/43522.196683/0.000053733
-40/200: 45513.544043/1991.652364/43521.891679/0.000029731
-41/200: 45516.369928/1993.160602/43523.209326/0.000062089
-42/200: 45517.935849/1994.527362/43523.408487/0.000034403
-43/200: 45518.905684/1995.760785/43523.144899/0.000021307
-44/200: 45520.209384/1996.868564/43523.340820/0.000028641
-45/200: 45520.952443/1997.858901/43523.093542/0.000016324
-46/200: 45521.840588/1998.739031/43523.101557/0.000019511
-47/200: 45523.281804/1999.516156/43523.765648/0.000031660
-48/200: 45523.904259/2000.197945/43523.706314/0.000013673
-49/200: 45523.428121/2000.792531/43522.635590/0.000010459
-50/200: 45524.411339/2001.306599/43523.104740/0.000021598
-51/200: 45524.893395/2001.747271/43523.146124/0.000010589
-52/200: 45526.752889/2002.121480/43524.631409/0.000040846
-53/200: 45525.601377/2002.436827/43523.164550/0.000025293
-54/200: 45526.508342/2002.699789/43523.808553/0.000019922
-55/200: 45526.664371/2002.915749/43523.748622/0.000003427
-56/200: 45526.831329/2003.091490/43523.739839/0.000003667
-57/200: 45527.413363/2003.232953/43524.180410/0.000012784
-58/200: 45527.962538/2003.344893/43524.617645/0.000012063
-59/200: 45527.791775/2003.431936/43524.359839/0.000003751
-60/200: 45528.026873/2003.498181/43524.528692/0.000005164
-61/200: 45527.234371/2003.547947/43523.686424/0.000017407
-62/200: 45528.716960/2003.585102/43525.131858/0.000032565
-63/200: 45528.087610/2003.612007/43524.475603/0.000013823
-64/200: 45529.548470/2003.631230/43525.917240/0.000032087
-65/200: 45529.567257/2003.645629/43525.921628/0.000000413
-66/200: 45529.397533/2003.656180/43525.741353/0.000003728
-67/200: 45528.431484/2003.664154/43524.767330/0.000021218
-68/200: 45528.544028/2003.670274/43524.873754/0.000002472
-69/200: 45528.820093/2003.675404/43525.144689/0.000006064
-70/200: 45528.725308/2003.679992/43525.045316/0.000002082
-71/200: 45529.649394/2003.684750/43525.964644/0.000020297
-72/200: 45529.225259/2003.689037/43525.536222/0.000009316
-73/200: 45530.234886/2003.693980/43526.540906/0.000022175
-74/200: 45529.857909/2003.699341/43526.158568/0.000008280
-75/200: 45529.473794/2003.704778/43525.769016/0.000008437
-76/200: 45530.447425/2003.710504/43526.736921/0.000021385
-77/200: 45530.671362/2003.716933/43526.954429/0.000004918
-78/200: 45530.726657/2003.722884/43527.003773/0.000001214
-79/200: 45529.660718/2003.729901/43525.930817/0.000023411
-80/200: 45529.775442/2003.736909/43526.038533/0.000002520
-81/200: 45530.379394/2003.744116/43526.635278/0.000013265
-82/200: 45531.109080/2003.751925/43527.357155/0.000016026
-83/200: 45530.450212/2003.760103/43526.690109/0.000014471
-84/200: 45530.324490/2003.767993/43526.556497/0.000002761
-85/200: 45531.012376/2003.776644/43527.235732/0.000015108
-86/200: 45531.085356/2003.785198/43527.300158/0.000001603
-87/200: 45531.214185/2003.794255/43527.419930/0.000002829
-88/200: 45531.642406/2003.803600/43527.838806/0.000009405
-89/200: 45531.225706/2003.813126/43527.412580/0.000009152
-90/200: 45531.598807/2003.822726/43527.776081/0.000008194
-91/200: 45531.621833/2003.832111/43527.789722/0.000000506
-92/200: 45531.952191/2003.841933/43528.110258/0.000007256
-93/200: 45531.774964/2003.851717/43527.923247/0.000003892
-94/200: 45532.475036/2003.861943/43528.613093/0.000015375
-95/200: 45532.180437/2003.872252/43528.308185/0.000006470
-96/200: 45531.825381/2003.882951/43527.942430/0.000007798
-97/200: 45532.282045/2003.893906/43528.388139/0.000010030
-98/200: 45532.716117/2003.904583/43528.811534/0.000009533
-99/200: 45532.826245/2003.915663/43528.910582/0.000002419
Recall at EP-100 ...
  Columns 1 through 7

    0.0131    0.0219    0.0279    0.0328    0.0373    0.0408    0.0442

  Columns 8 through 10

    0.0475    0.0501    0.0527

Mrr at EP-100 ...
    0.0034

-100/200: 45532.453737/2003.927079/43528.526658/0.000008181
-101/200: 45532.206856/2003.937903/43528.268953/0.000005422
-102/200: 45532.721114/2003.949412/43528.771702/0.000011294
-103/200: 45533.428337/2003.960811/43529.467526/0.000015532
-104/200: 45532.841014/2003.971981/43528.869033/0.000012899
-105/200: 45533.341263/2003.983390/43529.357873/0.000010987
-106/200: 45532.891976/2003.995077/43528.896899/0.000009867
-107/200: 45533.335237/2004.007053/43529.328184/0.000009735
-108/200: 45533.928276/2004.018531/43529.909745/0.000013024
-109/200: 45533.353652/2004.030253/43529.323399/0.000012620
-110/200: 45533.284282/2004.042059/43529.242223/0.000001524
-111/200: 45534.047576/2004.054457/43529.993119/0.000016763
-112/200: 45534.042950/2004.066971/43529.975979/0.000000102
-113/200: 45533.869903/2004.079293/43529.790610/0.000003800
-114/200: 45533.652376/2004.091730/43529.560646/0.000004777
-115/200: 45534.044881/2004.104279/43529.940602/0.000008620
-116/200: 45533.956266/2004.116657/43529.839609/0.000001946
-117/200: 45534.566814/2004.128928/43530.437886/0.000013409
-118/200: 45534.501330/2004.141783/43530.359547/0.000001438
-119/200: 45534.850797/2004.154416/43530.696381/0.000007675
-120/200: 45534.711276/2004.166618/43530.544658/0.000003064
-121/200: 45535.173860/2004.178920/43530.994940/0.000010159
-122/200: 45535.188111/2004.191261/43530.996850/0.000000313
-123/200: 45534.930270/2004.203871/43530.726399/0.000005662
-124/200: 45535.179495/2004.216026/43530.963469/0.000005473
-125/200: 45535.257819/2004.228516/43531.029303/0.000001720
-126/200: 45535.324899/2004.241035/43531.083864/0.000001473
-127/200: 45535.279226/2004.253920/43531.025306/0.000001003
-128/200: 45535.319666/2004.266816/43531.052850/0.000000888
-129/200: 45535.545411/2004.278959/43531.266452/0.000004958
-130/200: 45536.049934/2004.291541/43531.758393/0.000011080
-131/200: 45535.507861/2004.304171/43531.203690/0.000011904
-132/200: 45535.975267/2004.316995/43531.658272/0.000010265
-133/200: 45536.114077/2004.330124/43531.783953/0.000003048
-134/200: 45536.715921/2004.342670/43532.373251/0.000013217
-135/200: 45535.909484/2004.355371/43531.554113/0.000017710
-136/200: 45536.152639/2004.367720/43531.784919/0.000005340
-137/200: 45536.828537/2004.380336/43532.448201/0.000014843
-138/200: 45536.628666/2004.392814/43532.235852/0.000004389
-139/200: 45536.581412/2004.404936/43532.176476/0.000001038
-140/200: 45536.886093/2004.417730/43532.468363/0.000006691
-141/200: 45536.979135/2004.430579/43532.548556/0.000002043
-142/200: 45536.733339/2004.442857/43532.290482/0.000005398
-143/200: 45537.050410/2004.455457/43532.594953/0.000006963
-144/200: 45537.380509/2004.467737/43532.912772/0.000007249
-145/200: 45537.566714/2004.480419/43533.086295/0.000004089
-146/200: 45537.519404/2004.492649/43533.026755/0.000001039
-147/200: 45537.569098/2004.504833/43533.064265/0.000001091
-148/200: 45537.283804/2004.516868/43532.766936/0.000006265
-149/200: 45537.704779/2004.528874/43533.175905/0.000009245
-150/200: 45537.864983/2004.541306/43533.323677/0.000003518
-151/200: 45537.922185/2004.553834/43533.368351/0.000001256
-152/200: 45537.951404/2004.566039/43533.385365/0.000000642
-153/200: 45538.095346/2004.577967/43533.517379/0.000003161
-154/200: 45538.235238/2004.589836/43533.645402/0.000003072
-155/200: 45538.121392/2004.601967/43533.519425/0.000002500
-156/200: 45538.270604/2004.614012/43533.656592/0.000003277
-157/200: 45538.697306/2004.626085/43534.071221/0.000009370
-158/200: 45538.634073/2004.638021/43533.996052/0.000001389
-159/200: 45538.806174/2004.650221/43534.155953/0.000003779
-160/200: 45538.915552/2004.662262/43534.253290/0.000002402
-161/200: 45538.501117/2004.674108/43533.827009/0.000009101
-162/200: 45538.946066/2004.685719/43534.260347/0.000009771
-163/200: 45539.414433/2004.697397/43534.717036/0.000010285
-164/200: 45538.956827/2004.709258/43534.247569/0.000010049
-165/200: 45539.499951/2004.721152/43534.778799/0.000011927
-166/200: 45539.253724/2004.732843/43534.520881/0.000005407
-167/200: 45539.368240/2004.744362/43534.623878/0.000002515
-168/200: 45539.632932/2004.755995/43534.876937/0.000005812
-169/200: 45539.633948/2004.767536/43534.866412/0.000000022
Start evaluating ...
  Columns 1 through 7

    0.0137    0.0228    0.0287    0.0346    0.0392    0.0433    0.0467

  Columns 8 through 10

    0.0499    0.0529    0.0556

    0.0038

Elapsed time is 15644.940931 seconds.
