nohup: ignoring input

                            < M A T L A B (R) >
                  Copyright 1984-2016 The MathWorks, Inc.
                   R2016a (9.0.0.341360) 64-bit (glnxa64)
                             February 11, 2016

 
To get started, type one of these: helpwin, helpdesk, or demo.
For product information, visit www.mathworks.com.
 

	Academic License

Start learning ...
Init data [Dtype: delicious - Dspec: sp3/2550]
Init social model
Using adagrad ...
Load pretrained shallow-model...
Params [lbd-U: 100.0000|lbd-V: 10.0000|lbd-N: 100.0000|lbd-Q: 0.0500]
Staring Sample 3 - Loc: save/bcdl/delicious-alg61-sp3-cold20170226125817776 
CTR(chongwang)-DAE(User graph) Running - Walks(1)...
-1/200: 43593592.943482/15494.838112/43578098.105370/1.000000000
-2/200: 43535414.506252/15237.422245/43520177.084007/0.001334564
-3/200: 43534434.369840/15237.885498/43519196.484342/0.000022514
-4/200: 43534506.549211/15238.845025/43519267.704186/0.000001658
-5/200: 43533385.774517/15239.745713/43518146.028804/0.000025745
-6/200: 43533452.047223/15240.564628/43518211.482595/0.000001522
-7/200: 43535706.100660/15241.317781/43520464.782879/0.000051778
-8/200: 43536183.363155/15242.024449/43520941.338706/0.000010963
-9/200: 43535841.796216/15242.699285/43520599.096931/0.000007846
-10/200: 43536214.063942/15243.324181/43520970.739761/0.000008551
-11/200: 43535497.979071/15243.919748/43520254.059323/0.000016448
-12/200: 43534873.683767/15244.492298/43519629.191469/0.000014340
-13/200: 43536104.106175/15245.040008/43520859.066167/0.000028263
-14/200: 43536724.829583/15245.565162/43521479.264421/0.000014258
-15/200: 43535867.925320/15246.078987/43520621.846333/0.000019682
-16/200: 43535952.071581/15246.570248/43520705.501333/0.000001933
-17/200: 43536772.487701/15247.040069/43521525.447632/0.000018845
-18/200: 43538212.848846/15247.495135/43522965.353711/0.000033084
-19/200: 43537264.400968/15247.941023/43522016.459945/0.000021784
-20/200: 43537647.041215/15248.369224/43522398.671991/0.000008789
-21/200: 43536423.909097/15248.793875/43521175.115222/0.000028094
-22/200: 43537946.081683/15249.205401/43522696.876282/0.000034963
-23/200: 43538471.878690/15249.608119/43523222.270571/0.000012077
-24/200: 43539146.208924/15249.998617/43523896.210307/0.000015488
-25/200: 43538043.002529/15250.383389/43522792.619140/0.000025338
-26/200: 43538187.448720/15250.762271/43522936.686449/0.000003318
-27/200: 43537696.506687/15251.131617/43522445.375070/0.000011276
-28/200: 43539800.265477/15251.490265/43524548.775212/0.000048320
-29/200: 43539585.070985/15251.842279/43524333.228706/0.000004942
-30/200: 43538966.023631/15252.188929/43523713.834702/0.000014218
-31/200: 43538954.289969/15252.527338/43523701.762631/0.000000269
-32/200: 43539772.135967/15252.862686/43524519.273281/0.000018784
-33/200: 43537383.200191/15253.189851/43522130.010340/0.000054868
-34/200: 43539770.671035/15253.512956/43524517.158079/0.000054837
-35/200: 43537902.185311/15253.829587/43522648.355724/0.000042914
-36/200: 43539426.115548/15254.142753/43524171.972795/0.000035002
-37/200: 43539629.562241/15254.450830/43524375.111411/0.000004673
-38/200: 43539152.479399/15254.753396/43523897.726003/0.000010957
-39/200: 43539817.911654/15255.051832/43524562.859822/0.000015284
-40/200: 43539489.278128/15255.345027/43524233.933101/0.000007548
-41/200: 43540857.986037/15255.636302/43525602.349735/0.000031436
-42/200: 43541039.564693/15255.923022/43525783.641671/0.000004170
-43/200: 43540734.712042/15256.205631/43525478.506411/0.000007002
-44/200: 43540932.176118/15256.480890/43525675.695228/0.000004535
-45/200: 43540717.995161/15256.754223/43525461.240938/0.000004919
-46/200: 43540685.937424/15257.025381/43525428.912043/0.000000736
-47/200: 43541401.676840/15257.290567/43526144.386273/0.000016438
-48/200: 43541336.404842/15257.552554/43526078.852288/0.000001499
-49/200: 43540240.356513/15257.813831/43524982.542682/0.000025173
-50/200: 43540732.545965/15258.069457/43525474.476508/0.000011304
-51/200: 43540759.040243/15258.321903/43525500.718340/0.000000608
-52/200: 43542240.725357/15258.570898/43526982.154459/0.000034030
-53/200: 43540747.841036/15258.819323/43525489.021713/0.000034286
-54/200: 43541452.746291/15259.065184/43526193.681107/0.000016190
-55/200: 43541362.005309/15259.306155/43526102.699154/0.000002084
-56/200: 43541370.508186/15259.544193/43526110.963993/0.000000195
-57/200: 43541775.660897/15259.783903/43526515.876994/0.000009305
-58/200: 43542295.625410/15260.019833/43527035.605577/0.000011942
-59/200: 43542007.181136/15260.253194/43526746.927942/0.000006624
-60/200: 43542124.338587/15260.481966/43526863.856621/0.000002691
-61/200: 43541334.566083/15260.709656/43526073.856427/0.000018138
-62/200: 43542738.364287/15260.935076/43527477.429211/0.000032241
-63/200: 43542049.373049/15261.157603/43526788.215446/0.000015823
-64/200: 43543498.132720/15261.378312/43528236.754408/0.000033273
-65/200: 43543542.254914/15261.598973/43528280.655941/0.000001013
-66/200: 43543384.664380/15261.818241/43528122.846139/0.000003619
-67/200: 43542386.662506/15262.033824/43527124.628682/0.000022920
-68/200: 43542502.334590/15262.246598/43527240.087992/0.000002657
-69/200: 43542742.154254/15262.457293/43527479.696961/0.000005508
-70/200: 43542677.337577/15262.666918/43527414.670659/0.000001489
-71/200: 43543644.644583/15262.875903/43528381.768680/0.000022215
-72/200: 43543141.199952/15263.080190/43527878.119762/0.000011562
-73/200: 43544181.635338/15263.285352/43528918.349986/0.000023894
-74/200: 43543742.477937/15263.488332/43528478.989605/0.000010085
-75/200: 43543390.253299/15263.689340/43528126.563959/0.000008089
-76/200: 43544376.036107/15263.888879/43529112.147228/0.000022639
-77/200: 43544570.317047/15264.087893/43529306.229154/0.000004462
-78/200: 43544546.434440/15264.282168/43529282.152272/0.000000548
-79/200: 43543515.860752/15264.477417/43528251.383335/0.000023667
-80/200: 43543688.382945/15264.670248/43528423.712697/0.000003962
-81/200: 43544259.050564/15264.861462/43528994.189102/0.000013106
-82/200: 43544961.625376/15265.050541/43529696.574835/0.000016135
-83/200: 43544315.513757/15265.239972/43529050.273785/0.000014838
-84/200: 43544145.590462/15265.425554/43528880.164908/0.000003902
-85/200: 43544853.385563/15265.611260/43529587.774303/0.000016255
-86/200: 43544890.859771/15265.794949/43529625.064822/0.000000861
-87/200: 43544999.576831/15265.978178/43529733.598653/0.000002497
-88/200: 43545389.702583/15266.159412/43530123.543171/0.000008959
-89/200: 43545038.842092/15266.340008/43529772.502084/0.000008057
-90/200: 43545383.998307/15266.518853/43530117.479454/0.000007926
-91/200: 43545293.069161/15266.694834/43530026.374327/0.000002088
-92/200: 43545700.608120/15266.870693/43530433.737427/0.000009359
-93/200: 43545476.901646/15267.044381/43530209.857265/0.000005137
-94/200: 43546171.103319/15267.217278/43530903.886041/0.000015942
-95/200: 43545898.431485/15267.389217/43530631.042268/0.000006262
-96/200: 43545509.492549/15267.560865/43530241.931684/0.000008932
-97/200: 43545987.208924/15267.732096/43530719.476828/0.000010971
-98/200: 43546293.437460/15267.900465/43531025.536995/0.000007032
-99/200: 43546426.557391/15268.068477/43531158.488914/0.000003057
Recall at EP-100 ...
  Columns 1 through 7

    0.0011    0.0022    0.0030    0.0038    0.0048    0.0058    0.0065

  Columns 8 through 10

    0.0074    0.0084    0.0094

Mrr at EP-100 ...
   4.3947e-04

-100/200: 43546088.325321/15268.236236/43530820.089085/0.000007767
-101/200: 43545924.389248/15268.400026/43530655.989222/0.000003765
/bin/bash: fork: retry: No child processes
/bin/bash: fork: retry: No child processes
/bin/bash: fork: retry: No child processes
-102/200: 43546330.075376/15268.565203/43531061.510173/0.000009316
-103/200: 43546980.314391/15268.729144/43531711.585247/0.000014932
-104/200: 43546365.061195/15268.890607/43531096.170588/0.000014128
-105/200: 43546915.744496/15269.051736/43531646.692760/0.000012646
-106/200: 43546509.827960/15269.212828/43531240.615132/0.000009321
-107/200: 43546895.041089/15269.373341/43531625.667748/0.000008846
-108/200: 43547372.855528/15269.530987/43532103.324541/0.000010972
-109/200: 43546897.146046/15269.687984/43531627.458062/0.000010924
-110/200: 43546779.280959/15269.843622/43531509.437337/0.000002707
-111/200: 43547582.781734/15270.001097/43532312.780637/0.000018451
-112/200: 43547525.966196/15270.157220/43532255.808976/0.000001305
-113/200: 43547308.661903/15270.311910/43532038.349993/0.000004990
-114/200: 43547147.651179/15270.465950/43531877.185229/0.000003697
-115/200: 43547521.322064/15270.618899/43532250.703165/0.000008581
-116/200: 43547406.355993/15270.770434/43532135.585559/0.000002640
-117/200: 43547929.368278/15270.921112/43532658.447166/0.000012010
-118/200: 43547847.739512/15271.072820/43532576.666692/0.000001874
-119/200: 43548244.352377/15271.222553/43532973.129824/0.000009108
-120/200: 43548027.594929/15271.370028/43532756.224901/0.000004977
-121/200: 43548419.134776/15271.516912/43533147.617864/0.000008991
-122/200: 43548522.095905/15271.662849/43533250.433056/0.000002364
-123/200: 43548256.764990/15271.809811/43532984.955179/0.000006093
-124/200: 43548428.416460/15271.953617/43533156.462843/0.000003942
-125/200: 43548547.440695/15272.097659/43533275.343036/0.000002733
-126/200: 43548559.799555/15272.241604/43533287.557951/0.000000284
-127/200: 43548560.960569/15272.385258/43533288.575311/0.000000027
Start evaluating ...
  Columns 1 through 7

    0.0008    0.0014    0.0019    0.0024    0.0030    0.0037    0.0042

  Columns 8 through 10

    0.0047    0.0052    0.0059

   3.4919e-04

Elapsed time is 20528.111286 seconds.
