nohup: ignoring input

                            < M A T L A B (R) >
                  Copyright 1984-2016 The MathWorks, Inc.
                   R2016a (9.0.0.341360) 64-bit (glnxa64)
                             February 11, 2016

 
To get started, type one of these: helpwin, helpdesk, or demo.
For product information, visit www.mathworks.com.
 

	Academic License

Start learning ...
Init data [Dtype: delicious - Dspec: sp3/1050]
Init social model
Using adagrad ...
Could not use CUDA
Params [lbd-U: 100.0000|lbd-V: 10.0000|lbd-N: 100.0000|lbd-Q: 0.1000]
Staring Sample 3 - Loc: save/ctrsmf/delicious-alg90-sp3-cold20170225114459626 
CTR-SMF Running ...

iter time likelihood converge
0001 000139 -10241317.04256 1.0000000000
0002 000277 -9973442.28310 0.0261562803
0003 000417 -9757257.42887 0.0216760521
0004 000537 -9691938.74656 0.0066943691
0005 000659 -9659729.48142 0.0033233047
0006 000780 -9635473.00329 0.0025110929
0007 000901 -9618822.12024 0.0017280815
0008 001017 -9607946.97250 0.0011306112
0009 001141 -9600088.86810 0.0008178755
0010 001254 -9593906.43687 0.0006439973
0011 001370 -9588730.95420 0.0005394552
0012 001488 -9584259.87950 0.0004662843
0013 001604 -9580335.45119 0.0004094660
0014 001715 -9576856.78368 0.0003631050
0015 001833 -9573750.82473 0.0003243192
0016 001947 -9570961.13524 0.0002913894
0017 002061 -9568442.41742 0.0002631625
0018 002172 -9566157.32575 0.0002388154
0019 002286 -9564074.31643 0.0002177478
0020 002399 -9562166.40257 0.0001994876
0021 002515 -9560410.58969 0.0001836208
0022 002628 -9558787.40222 0.0001697822
0023 002736 -9557280.28089 0.0001576687
0024 002847 -9555874.96304 0.0001470416
0025 002953 -9554559.00654 0.0001377118
0026 003059 -9553321.54383 0.0001295154
0027 003164 -9552153.28799 0.0001222879
0028 003269 -9551046.74967 0.0001158418
0029 003378 -9549996.28019 0.0001099847
0030 003487 -9548997.52244 0.0001045820
0031 003596 -9548046.91214 0.0000995508
0032 003702 -9547141.45712 0.0000948314
0033 003806 -9546278.53847 0.0000903850
0034 003915 -9545455.79834 0.0000861844
0035 004022 -9544671.13291 0.0000822030
0036 004125 -9543922.70553 0.0000784131
0037 004232 -9543208.95082 0.0000747863
0038 004339 -9542528.60026 0.0000712916
0039 004442 -9541880.72858 0.0000678931
0040 004538 -9541264.77853 0.0000645523
0041 004637 -9540680.47765 0.0000612394
0042 004738 -9540127.57258 0.0000579524
0043 004836 -9539605.49650 0.0000547242
0044 004935 -9539113.24412 0.0000516009
0045 005034 -9538649.47604 0.0000486175
0046 005129 -9538212.66959 0.0000457933
0047 005227 -9537801.22352 0.0000431366
0048 005325 -9537413.55221 0.0000406458
0049 005427 -9537048.22450 0.0000383047
0050 005528 -9536704.09964 0.0000360830
0051 005621 -9536380.35731 0.0000339470
0052 005721 -9536076.40418 0.0000318730
0053 005809 -9535791.70622 0.0000298548
0054 005896 -9535525.60210 0.0000279058
0055 005976 -9535277.19594 0.0000260506
0056 006048 -9535045.39563 0.0000243098
0057 006097 -9534829.07006 0.0000226874
0058 006145 -9534627.22331 0.0000211694
0059 006193 -9534439.08460 0.0000197322
0060 006241 -9534264.09575 0.0000183533
0061 006289 -9534101.79081 0.0000170233
0062 006340 -9533951.68247 0.0000157444
0063 006388 -9533813.22907 0.0000145221
0064 006436 -9533685.82505 0.0000133634
0065 006484 -9533568.79139 0.0000122758
0066 006532 -9533461.39735 0.0000112648
0067 006580 -9533362.92198 0.0000103294
0068 006628 -9533272.69030 0.0000094648
Start evaluating ...
  Columns 1 through 7

    0.0008    0.0017    0.0023    0.0029    0.0030    0.0032    0.0037

  Columns 8 through 10

    0.0039    0.0040    0.0043

   2.7309e-04

Elapsed time is 6711.336935 seconds.
