nohup: ignoring input

                            < M A T L A B (R) >
                  Copyright 1984-2016 The MathWorks, Inc.
                   R2016a (9.0.0.341360) 64-bit (glnxa64)
                             February 11, 2016

 
To get started, type one of these: helpwin, helpdesk, or demo.
For product information, visit www.mathworks.com.
 

	Academic License

Start learning ...
Init data [Dtype: delicious - Dspec: sp3/2550]
Init social model
Using adagrad ...
Params [lbd-U: 10.0000|lbd-V: 0.1000|lbd-N: 10.0000|lbd-Q: 0.0500]
Staring Sample 3 - Loc: save/ctrsmf/delicious-alg90-sp3-cold20170226125837850 
CTR-SMF Running ...

iter time likelihood converge
0001 000208 -32156903.73786 1.0000000000
0002 000414 -31341244.12945 0.0253649921
0003 000621 -30664360.38756 0.0215972199
0004 000877 -30464289.79067 0.0065245319
0005 001165 -30372345.72275 0.0030180933
0006 001454 -30308544.70627 0.0021006285
0007 001742 -30264107.63413 0.0014661566
0008 002030 -30232844.65393 0.0010330052
0009 002317 -30208758.10089 0.0007967015
0010 002611 -30188974.35616 0.0006549010
0011 002906 -30172043.18256 0.0005608396
0012 003202 -30157232.29722 0.0004908811
0013 003490 -30144117.97893 0.0004348648
0014 003781 -30132408.23189 0.0003884588
0015 004074 -30121883.31449 0.0003492890
0016 004365 -30112370.20378 0.0003158206
0017 004659 -30103728.22359 0.0002869910
0018 004950 -30095840.53709 0.0002620169
0019 005244 -30088608.94517 0.0002402854
0020 005535 -30081950.58392 0.0002212918
0021 005821 -30075795.30713 0.0002046169
0022 006107 -30070083.25750 0.0001899218
0023 006390 -30064762.77954 0.0001769359
0024 006675 -30059788.85696 0.0001654403
0025 006964 -30055122.06208 0.0001552504
0026 007247 -30050727.98007 0.0001462008
0027 007528 -30046576.80376 0.0001381390
0028 007808 -30042643.01518 0.0001309230
0029 008088 -30038905.09117 0.0001244206
0030 008371 -30035344.66485 0.0001185272
0031 008653 -30031945.49807 0.0001131722
0032 008937 -30028692.81349 0.0001083075
0033 009221 -30025573.29535 0.0001038846
0034 009504 -30022575.72355 0.0000998340
0035 009787 -30019692.00313 0.0000960517
0036 010076 -30016917.78311 0.0000924133
0037 010317 -30014251.74103 0.0000888180
0038 010510 -30011694.99938 0.0000851843
0039 010701 -30009250.45536 0.0000814530
0040 010892 -30006920.86431 0.0000776291
0041 011083 -30004707.49794 0.0000737619
0042 011269 -30002609.18505 0.0000699328
0043 011439 -30000622.51959 0.0000662164
0044 011634 -29998743.26072 0.0000626407
0045 011825 -29996966.98965 0.0000592115
0046 011992 -29995290.22084 0.0000558979
0047 012117 -29993711.18413 0.0000526428
0048 012306 -29992228.70050 0.0000494265
0049 012496 -29990840.51181 0.0000462849
0050 012686 -29989542.57799 0.0000432777
0051 012876 -29988329.89820 0.0000404368
0052 013065 -29987196.87588 0.0000377821
0053 013255 -29986136.88309 0.0000353482
0054 013445 -29985142.87184 0.0000331490
0055 013766 -29984208.36457 0.0000311657
0056 014134 -29983327.99601 0.0000293611
0057 014486 -29982497.50836 0.0000276983
0058 014855 -29981713.40322 0.0000261521
0059 015219 -29980972.65172 0.0000247068
0060 015562 -29980272.49045 0.0000233535
0061 015901 -29979610.49400 0.0000220811
0062 016242 -29978985.06268 0.0000208619
0063 016585 -29978395.85203 0.0000196541
0064 016923 -29977843.62315 0.0000184209
0065 017265 -29977329.18045 0.0000171608
0066 017615 -29976852.34284 0.0000159066
0067 017959 -29976411.86779 0.0000146938
0068 018293 -29976005.64141 0.0000135515
0069 018616 -29975630.77605 0.0000125055
0070 018919 -29975284.03272 0.0000115675
0071 019192 -29974962.32107 0.0000107326
0072 019445 -29974662.73720 0.0000099945
Start evaluating ...
  Columns 1 through 7

    0.0830    0.1008    0.1073    0.1126    0.1157    0.1175    0.1190

  Columns 8 through 10

    0.1199    0.1209    0.1216

    0.0165

Elapsed time is 19564.917935 seconds.
