nohup: ignoring input

                            < M A T L A B (R) >
                  Copyright 1984-2016 The MathWorks, Inc.
                   R2016a (9.0.0.341360) 64-bit (glnxa64)
                             February 11, 2016

 
To get started, type one of these: helpwin, helpdesk, or demo.
For product information, visit www.mathworks.com.
 

	Academic License

Start learning ...
Init data [Dtype: delicious - Dspec: sp3/5050]
Init social model
Using adagrad ...
Params [lbd-U: 100.0000|lbd-V: 0.1000|lbd-N: 100.0000|lbd-Q: 0.0100]
Staring Sample 3 - Loc: save/ctr/delicious-alg80-sp3-cold20170226164407212 
CTR(chongwang) Running ...

iter time likelihood:[r:u:v] converge
0001 000523 -28125.00000:[0.00000:0.00000:-0.00000] 1.0000000000
0002 001044 -27806.95292:[645.93456:-48.11700:-241.41944] 0.0113083405
0003 001553 -26861.17441:[3779.55637:-690.92338:-608.35423] 0.0340123031
0004 002062 -26443.08994:[4808.40330:-786.90606:-1094.45492] 0.0155646387
0005 002541 -23444.51752:[13797.87511:-2274.82038:-4035.47140] 0.1133972022
0006 003004 -21242.45107:[24335.66024:-5329.81359:-5800.43820] 0.0939267121
0007 003462 -21022.50250:[26154.99056:-6015.57028:-6059.30726] 0.0103541995
0008 003898 -20957.34144:[26538.83481:-6140.91985:-6130.64038] 0.0030995862
0009 004321 -20917.23521:[26708.15779:-6184.66870:-6160.63138] 0.0019137076
0010 004736 -20887.75840:[26809.13468:-6205.06232:-6175.75872] 0.0014092117
0011 005159 -20864.57275:[26878.47894:-6216.01328:-6184.42601] 0.0011100113
0012 005566 -20845.74939:[26930.21459:-6222.57116:-6189.90979] 0.0009021686
0013 005914 -20830.18369:[26970.69556:-6226.79549:-6193.59793] 0.0007467084
0014 006232 -20817.12786:[27003.29950:-6229.62160:-6196.17034] 0.0006267748
0015 006545 -20806.04234:[27030.12339:-6231.55531:-6198.02158] 0.0005325194
0016 006852 -20796.52990:[27052.59100:-6232.90916:-6199.40095] 0.0004571958
0017 007159 -20788.29297:[27071.70244:-6233.88390:-6200.46783] 0.0003960723
0018 007463 -20781.10408:[27088.17268:-6234.60808:-6201.32348] 0.0003458143
0019 007762 -20774.78612:[27102.52244:-6235.16360:-6202.03220] 0.0003040244
0020 008055 -20769.19901:[27115.13912:-6235.60283:-6202.63519] 0.0002689368
0021 008351 -20764.23055:[27126.31726:-6235.95969:-6203.15929] 0.0002392229
0022 008643 -20759.78980:[27136.28552:-6236.25649:-6203.62239] 0.0002138651
0023 008941 -20755.80241:[27145.22477:-6236.50824:-6204.03675] 0.0001920728
0024 009235 -20752.20700:[27153.28044:-6236.72529:-6204.41103] 0.0001732243
0025 009527 -20748.95249:[27160.57123:-6236.91495:-6204.75155] 0.0001568271
0026 009805 -20745.99602:[27167.19526:-6237.08253:-6205.06308] 0.0001424878
0027 010080 -20743.30134:[27173.23455:-6237.23199:-6205.34929] 0.0001298893
0028 010351 -20740.83759:[27178.75835:-6237.36635:-6205.61312] 0.0001187730
0029 010621 -20738.57840:[27183.82556:-6237.48798:-6205.85695] 0.0001089250
0030 010892 -20736.50106:[27188.48668:-6237.59877:-6206.08282] 0.0001001678
0031 011163 -20734.58596:[27192.78524:-6237.70026:-6206.29242] 0.0000923541
0032 011434 -20732.81602:[27196.75904:-6237.79372:-6206.48723] 0.0000853617
0033 011706 -20731.17631:[27200.44106:-6237.88021:-6206.66850] 0.0000790878
0034 011980 -20729.65371:[27203.86022:-6237.96061:-6206.83731] 0.0000734450
0035 012252 -20728.23667:[27207.04195:-6238.03569:-6206.99463] 0.0000683577
0036 012522 -20726.91504:[27210.00868:-6238.10609:-6207.14132] 0.0000637598
0037 012794 -20725.67987:[27212.78023:-6238.17239:-6207.27819] 0.0000595930
0038 013063 -20724.52324:[27215.37416:-6238.23505:-6207.40597] 0.0000558065
0039 013334 -20723.43818:[27217.80607:-6238.29451:-6207.52536] 0.0000523565
0040 013606 -20722.41848:[27220.08983:-6238.35112:-6207.63697] 0.0000492051
0041 013877 -20721.45862:[27222.23784:-6238.40519:-6207.74141] 0.0000463198
0042 014388 -20720.55366:[27224.26121:-6238.45699:-6207.83917] 0.0000436726
0043 014982 -20719.69917:[27226.16989:-6238.50672:-6207.93073] 0.0000412388
0044 015569 -20718.89117:[27227.97283:-6238.55458:-6208.01652] 0.0000389969
0045 016161 -20718.12606:[27229.67810:-6238.60069:-6208.09691] 0.0000369281
0046 016751 -20717.40059:[27231.29298:-6238.64519:-6208.17226] 0.0000350161
0047 017356 -20716.71183:[27232.82410:-6238.68819:-6208.24288] 0.0000332457
0048 017962 -20716.05711:[27234.27746:-6238.72979:-6208.30910] 0.0000316032
0049 018557 -20715.43403:[27235.65853:-6238.77008:-6208.37120] 0.0000300770
0050 019156 -20714.84039:[27236.97232:-6238.80914:-6208.42945] 0.0000286569
0051 019754 -20714.27417:[27238.22341:-6238.84706:-6208.48411] 0.0000273339
0052 020346 -20713.73354:[27239.41597:-6238.88390:-6208.53539] 0.0000260994
0053 020938 -20713.21684:[27240.55382:-6238.91972:-6208.58352] 0.0000249448
0054 021535 -20712.72258:[27241.64042:-6238.95457:-6208.62871] 0.0000238622
0055 022140 -20712.24940:[27242.67892:-6238.98850:-6208.67115] 0.0000228452
0056 022739 -20711.79604:[27243.67221:-6239.02151:-6208.71101] 0.0000218883
0057 023335 -20711.36136:[27244.62297:-6239.05365:-6208.74848] 0.0000209872
0058 023933 -20710.94428:[27245.53367:-6239.08494:-6208.78368] 0.0000201378
0059 024528 -20710.54381:[27246.40659:-6239.11539:-6208.81678] 0.0000193357
0060 025127 -20710.15907:[27247.24382:-6239.14503:-6208.84790] 0.0000185773
0061 025731 -20709.78920:[27248.04734:-6239.17387:-6208.87717] 0.0000178592
0062 026327 -20709.43343:[27248.81894:-6239.20193:-6208.90472] 0.0000171787
0063 026933 -20709.09103:[27249.56032:-6239.22923:-6208.93065] 0.0000165334
0064 027529 -20708.76132:[27250.27308:-6239.25580:-6208.95507] 0.0000159213
0065 028117 -20708.44364:[27250.95869:-6239.28164:-6208.97807] 0.0000153402
0066 028699 -20708.13741:[27251.61854:-6239.30677:-6208.99973] 0.0000147879
0067 029295 -20707.84204:[27252.25393:-6239.33121:-6209.02013] 0.0000142634
0068 029875 -20707.55698:[27252.86609:-6239.35497:-6209.03931] 0.0000137657
0069 030461 -20707.28170:[27253.45620:-6239.37806:-6209.05732] 0.0000132936
0070 031033 -20707.01571:[27254.02533:-6239.40050:-6209.07423] 0.0000128453
0071 031611 -20706.75856:[27254.57451:-6239.42229:-6209.09007] 0.0000124186
0072 032188 -20706.50983:[27255.10468:-6239.44345:-6209.10490] 0.0000120120
0073 032750 -20706.26914:[27255.61673:-6239.46401:-6209.11879] 0.0000116239
0074 033313 -20706.03614:[27256.11149:-6239.48399:-6209.13179] 0.0000112527
0075 033881 -20705.81051:[27256.58974:-6239.50339:-6209.14397] 0.0000108967
0076 034450 -20705.59197:[27257.05219:-6239.52226:-6209.15541] 0.0000105546
0077 035016 -20705.38025:[27257.49953:-6239.54060:-6209.16616] 0.0000102255
0078 035584 -20705.17507:[27257.93241:-6239.55845:-6209.17629] 0.0000099091
Start evaluating ...
  Columns 1 through 7

    0.0837    0.1527    0.1850    0.2004    0.2070    0.2112    0.2128

  Columns 8 through 10

    0.2150    0.2168    0.2180

    0.0165

Elapsed time is 35777.935077 seconds.
