nohup: ignoring input

                            < M A T L A B (R) >
                  Copyright 1984-2016 The MathWorks, Inc.
                   R2016a (9.0.0.341360) 64-bit (glnxa64)
                             February 11, 2016

 
To get started, type one of these: helpwin, helpdesk, or demo.
For product information, visit www.mathworks.com.
 

	Academic License

Start learning ...
Init data [Dtype: delicious - Dspec: sp3/2550]
Init social model
Using adagrad ...
Load pretrained shallow-model...
Params [lbd-U: 10.0000|lbd-V: 100.0000|lbd-N: 10.0000|lbd-Q: 0.0500]
Staring Sample 3 - Loc: save/bcdl/delicious-alg61-sp3-cold20170226125817029 
CTR(chongwang)-DAE(User graph) Running - Walks(1)...
-1/200: 4377989.947420/20180.136883/4357809.810537/1.000000000
-2/200: 4370201.914565/18440.442315/4351761.472250/0.001778906
-3/200: 4370305.122065/18448.523733/4351856.598332/0.000023616
-4/200: 4370342.835510/18462.392996/4351880.442514/0.000008629
-5/200: 4370244.457357/18475.085724/4351769.371633/0.000022510
-6/200: 4370262.082246/18486.524187/4351775.558059/0.000004033
-7/200: 4370496.422605/18497.006428/4351999.416177/0.000053622
-8/200: 4370553.201446/18506.833091/4352046.368355/0.000012991
-9/200: 4370527.862733/18516.185261/4352011.677472/0.000005798
-10/200: 4370572.992944/18524.849919/4352048.143025/0.000010326
-11/200: 4370509.702802/18533.068610/4351976.634192/0.000014481
-12/200: 4370454.475582/18540.999547/4351913.476035/0.000012636
-13/200: 4370584.177839/18548.557465/4352035.620374/0.000029677
-14/200: 4370652.507146/18555.820589/4352096.686557/0.000015634
-15/200: 4370572.974156/18562.928309/4352010.045847/0.000018197
-16/200: 4370587.975113/18569.728437/4352018.246676/0.000003432
-17/200: 4370676.196327/18576.247981/4352099.948346/0.000020185
-18/200: 4370824.752594/18582.524473/4352242.228121/0.000033989
-19/200: 4370735.878456/18588.703833/4352147.174623/0.000020333
-20/200: 4370779.736019/18594.652097/4352185.083922/0.000010034
-21/200: 4370662.707460/18600.524703/4352062.182757/0.000026775
-22/200: 4370819.870267/18606.240288/4352213.629979/0.000035959
-23/200: 4370877.140962/18611.839032/4352265.301930/0.000013103
-24/200: 4370948.864851/18617.276436/4352331.588415/0.000016409
-25/200: 4370843.691493/18622.652617/4352221.038876/0.000024062
-26/200: 4370862.737293/18627.942634/4352234.794659/0.000004357
-27/200: 4370818.754054/18633.088928/4352185.665126/0.000010063
-28/200: 4371032.804992/18638.102902/4352394.702090/0.000048973
-29/200: 4371015.915578/18643.029748/4352372.885830/0.000003864
-30/200: 4370957.924169/18647.889172/4352310.034997/0.000013267
-31/200: 4370961.717394/18652.624948/4352309.092446/0.000000868
-32/200: 4371046.818919/18657.320506/4352389.498413/0.000019470
-33/200: 4370812.810448/18661.929180/4352150.881268/0.000053536
-34/200: 4371054.884221/18666.456983/4352388.427238/0.000055384
-35/200: 4370872.560714/18670.913350/4352201.647364/0.000041712
-36/200: 4371028.459021/18675.321453/4352353.137568/0.000035668
-37/200: 4371052.343175/18679.667409/4352372.675766/0.000005464
-38/200: 4371008.567443/18683.921767/4352324.645676/0.000010015
-39/200: 4371078.671148/18688.147438/4352390.523710/0.000016038
-40/200: 4371049.302964/18692.298325/4352357.004639/0.000006719
-41/200: 4371189.577008/18696.409442/4352493.167566/0.000032092
-42/200: 4371211.217726/18700.465425/4352510.752301/0.000004951
-43/200: 4371184.679503/18704.457611/4352480.221892/0.000006071
-44/200: 4371207.689425/18708.366860/4352499.322565/0.000005264
-45/200: 4371189.633576/18712.248584/4352477.384992/0.000004131
-46/200: 4371189.987115/18716.090594/4352473.896521/0.000000081
-47/200: 4371264.782977/18719.872862/4352544.910115/0.000017111
-48/200: 4371261.469632/18723.604791/4352537.864841/0.000000758
-49/200: 4371155.324721/18727.317610/4352428.007111/0.000024282
-50/200: 4371207.592439/18730.971735/4352476.620704/0.000011957
-51/200: 4371213.661178/18734.571042/4352479.090136/0.000001388
-52/200: 4371364.840694/18738.114299/4352626.726395/0.000034585
-53/200: 4371218.426953/18741.658906/4352476.768047/0.000033494
-54/200: 4371291.671852/18745.170374/4352546.501478/0.000016756
-55/200: 4371286.287542/18748.609440/4352537.678102/0.000001232
-56/200: 4371290.066159/18752.019701/4352538.046458/0.000000864
-57/200: 4371332.948468/18755.447838/4352577.500630/0.000009810
-58/200: 4371387.578506/18758.831684/4352628.746822/0.000012497
-59/200: 4371361.667789/18762.182813/4352599.484976/0.000005927
-60/200: 4371377.080311/18765.460134/4352611.620177/0.000003526
-61/200: 4371300.726117/18768.717922/4352532.008195/0.000017467
-62/200: 4371443.862422/18771.958495/4352671.903927/0.000032745
-63/200: 4371377.502690/18775.160768/4352602.341922/0.000015180
-64/200: 4371525.544948/18778.328610/4352747.216338/0.000033866
-65/200: 4371531.980320/18781.505267/4352750.475053/0.000001472
-66/200: 4371518.726689/18784.652109/4352734.074580/0.000003032
-67/200: 4371421.679778/18787.766191/4352633.913587/0.000022200
-68/200: 4371436.613085/18790.833679/4352645.779406/0.000003416
-69/200: 4371462.780315/18793.871591/4352668.908724/0.000005986
-70/200: 4371458.686930/18796.893933/4352661.792997/0.000000936
-71/200: 4371557.910907/18799.905337/4352758.005570/0.000022698
-72/200: 4371510.774855/18802.866538/4352707.908317/0.000010782
-73/200: 4371616.725488/18805.827474/4352810.898014/0.000024237
-74/200: 4371575.201453/18808.770232/4352766.431221/0.000009499
-75/200: 4371542.600955/18811.681044/4352730.919911/0.000007457
-76/200: 4371643.890876/18814.565741/4352829.325135/0.000023170
-77/200: 4371665.573270/18817.446760/4352848.126510/0.000004960
-78/200: 4371666.423381/18820.263160/4352846.160221/0.000000194
-79/200: 4371565.071809/18823.097394/4352741.974415/0.000023184
-80/200: 4371584.813873/18825.891621/4352758.922252/0.000004516
-81/200: 4371644.612495/18828.661381/4352815.951114/0.000013679
-82/200: 4371716.873403/18831.419758/4352885.453645/0.000016529
-83/200: 4371654.950268/18834.165346/4352820.784922/0.000014164
-84/200: 4371640.132902/18836.871022/4352803.261880/0.000003389
-85/200: 4371713.281965/18839.573252/4352873.708713/0.000016733
-86/200: 4371719.467496/18842.243005/4352877.224491/0.000001415
-87/200: 4371732.552953/18844.910135/4352887.642818/0.000002993
-88/200: 4371773.594877/18847.556994/4352926.037883/0.000009388
-89/200: 4371740.517317/18850.183786/4352890.333531/0.000007566
-90/200: 4371777.409693/18852.787588/4352924.622105/0.000008439
-91/200: 4371771.436252/18855.355050/4352916.081202/0.000001366
-92/200: 4371814.049698/18857.920456/4352956.129242/0.000009747
-93/200: 4371793.785439/18860.457794/4352933.327645/0.000004635
-94/200: 4371865.692982/18862.982805/4353002.710177/0.000016448
-95/200: 4371839.995905/18865.493771/4352974.502134/0.000005878
-96/200: 4371803.275539/18868.005789/4352935.269750/0.000008399
-97/200: 4371852.866432/18870.506821/4352982.359611/0.000011343
-98/200: 4371886.164519/18872.968869/4353013.195650/0.000007616
-99/200: 4371900.994377/18875.426427/4353025.567950/0.000003392
Recall at EP-100 ...
  Columns 1 through 7

    0.0008    0.0012    0.0015    0.0021    0.0027    0.0031    0.0036

  Columns 8 through 10

    0.0044    0.0048    0.0053

Mrr at EP-100 ...
   3.2665e-04

-100/200: 4371868.943942/18877.884175/4352991.059767/0.000007331
-101/200: 4371855.288685/18880.286921/4352975.001764/0.000003123
-102/200: 4371897.779617/18882.706247/4353015.073370/0.000009719
-103/200: 4371964.891180/18885.107591/4353079.783589/0.000015351
-104/200: 4371906.001833/18887.477286/4353018.524547/0.000013470
-105/200: 4371963.037516/18889.839038/4353073.198478/0.000013046
-106/200: 4371923.724599/18892.203927/4353031.520672/0.000008992
-107/200: 4371963.996977/18894.558997/4353069.437980/0.000009212
-108/200: 4372015.190400/18896.874385/4353118.316015/0.000011709
-109/200: 4371969.248567/18899.178832/4353070.069735/0.000010508
-110/200: 4371958.899042/18901.470538/4353057.428504/0.000002367
-111/200: 4372040.755833/18903.783124/4353136.972709/0.000018723
-112/200: 4372036.973886/18906.080161/4353130.893725/0.000000865
-113/200: 4372017.223039/18908.357401/4353108.865638/0.000004518
-114/200: 4372002.704812/18910.621976/4353092.082836/0.000003321
-115/200: 4372042.106957/18912.877656/4353129.229301/0.000009012
-116/200: 4372033.164433/18915.109378/4353118.055055/0.000002045
-117/200: 4372087.531272/18917.331408/4353170.199864/0.000012435
-118/200: 4372080.128387/18919.562946/4353160.565441/0.000001693
-119/200: 4372122.251102/18921.771507/4353200.479595/0.000009634
-120/200: 4372103.614070/18923.949077/4353179.664993/0.000004263
-121/200: 4372144.189326/18926.113585/4353218.075741/0.000009280
-122/200: 4372156.129292/18928.268685/4353227.860607/0.000002731
-123/200: 4372130.516849/18930.434724/4353200.082125/0.000005858
-124/200: 4372150.904317/18932.561480/4353218.342837/0.000004663
-125/200: 4372164.617561/18934.688746/4353229.928815/0.000003136
-126/200: 4372166.684078/18936.812836/4353229.871242/0.000000473
-127/200: 4372168.650715/18938.935648/4353229.715067/0.000000450
-128/200: 4372173.938067/18941.052951/4353232.885116/0.000001209
-129/200: 4372180.487316/18943.120536/4353237.366780/0.000001498
-130/200: 4372241.094329/18945.200442/4353295.893887/0.000013862
-131/200: 4372190.749742/18947.279179/4353243.470563/0.000011515
-132/200: 4372243.380875/18949.352264/4353294.028611/0.000012038
-133/200: 4372259.068470/18951.425363/4353307.643107/0.000003588
-134/200: 4372302.844994/18953.472369/4353349.372625/0.000010012
-135/200: 4372232.228410/18955.510483/4353276.717927/0.000016151
-136/200: 4372254.862638/18957.525881/4353297.336757/0.000005177
-137/200: 4372314.603641/18959.546467/4353355.057174/0.000013664
-138/200: 4372301.867550/18961.548705/4353340.318845/0.000002913
-139/200: 4372292.573948/18963.532819/4353329.041129/0.000002126
-140/200: 4372328.838295/18965.525703/4353363.312592/0.000008294
-141/200: 4372342.523847/18967.525184/4353374.998663/0.000003130
-142/200: 4372318.690852/18969.485407/4353349.205445/0.000005451
-143/200: 4372350.561456/18971.456882/4353379.104574/0.000007289
-144/200: 4372367.843382/18973.404524/4353394.438858/0.000003953
-145/200: 4372390.602033/18975.361235/4353415.240798/0.000005205
-146/200: 4372384.649599/18977.294354/4353407.355245/0.000001361
-147/200: 4372399.450887/18979.215432/4353420.235455/0.000003385
-148/200: 4372370.486847/18981.118948/4353389.367899/0.000006624
-149/200: 4372408.130984/18983.022364/4353425.108620/0.000008610
-150/200: 4372425.171934/18984.930170/4353440.241764/0.000003897
-151/200: 4372435.226572/18986.834240/4353448.392332/0.000002300
-152/200: 4372433.407113/18988.718029/4353444.689084/0.000000416
-153/200: 4372445.075589/18990.583185/4353454.492404/0.000002669
-154/200: 4372463.631377/18992.446079/4353471.185298/0.000004244
-155/200: 4372456.284648/18994.308862/4353461.975786/0.000001680
-156/200: 4372471.542889/18996.161065/4353475.381824/0.000003490
-157/200: 4372513.486806/18998.010128/4353515.476678/0.000009593
-158/200: 4372507.341634/18999.838828/4353507.502806/0.000001405
-159/200: 4372522.919024/19001.682871/4353521.236153/0.000003563
-160/200: 4372531.510215/19003.515191/4353527.995024/0.000001965
-161/200: 4372503.384443/19005.319254/4353498.065189/0.000006432
-162/200: 4372525.913224/19007.118378/4353518.794846/0.000005152
-163/200: 4372569.487325/19008.916952/4353560.570373/0.000009965
-164/200: 4372540.225484/19010.712939/4353529.512545/0.000006692
-165/200: 4372589.789021/19012.502273/4353577.286748/0.000011335
-166/200: 4372576.843170/19014.279907/4353562.563263/0.000002961
-167/200: 4372576.495340/19016.045141/4353560.450199/0.000000080
Start evaluating ...
  Columns 1 through 7

    0.0006    0.0010    0.0013    0.0020    0.0023    0.0027    0.0033

  Columns 8 through 10

    0.0040    0.0044    0.0049

   2.9468e-04

Elapsed time is 29593.754873 seconds.
