nohup: ignoring input

                            < M A T L A B (R) >
                  Copyright 1984-2016 The MathWorks, Inc.
                   R2016a (9.0.0.341360) 64-bit (glnxa64)
                             February 11, 2016

 
To get started, type one of these: helpwin, helpdesk, or demo.
For product information, visit www.mathworks.com.
 

	Academic License

Start learning ...
Init data [Dtype: delicious - Dspec: sp3/1050]
Init social model
Using adagrad ...
Load pretrained shallow-model...
Params [lbd-U: 0.1000|lbd-V: 10.0000|lbd-N: 0.1000|lbd-Q: 0.1000]
Staring Sample 3 - Loc: save/bcdl/delicious-alg61-sp3-cold20170225114413930 
CTR(chongwang)-DAE(User graph) Running - Walks(1)...
-1/200: 48332.692000/4754.593895/43578.098105/1.000000000
-2/200: 46994.347847/3493.852648/43500.495199/0.027690246
-3/200: 46557.152050/3055.151666/43502.000384/0.009303157
-4/200: 46468.638979/2957.583985/43511.054994/0.001901170
-5/200: 46438.095999/2923.807396/43514.288603/0.000657282
-6/200: 46414.263341/2899.182677/43515.080664/0.000513214
-7/200: 46398.700558/2881.333759/43517.366799/0.000335302
-8/200: 46387.260758/2869.455418/43517.805340/0.000246554
-9/200: 46380.011825/2862.521548/43517.490277/0.000156270
-10/200: 46377.241795/2859.446955/43517.794840/0.000059725
-11/200: 46376.392816/2859.266171/43517.126645/0.000018306
-12/200: 46377.725150/2861.195451/43516.529699/0.000028729
-13/200: 46382.315746/2864.631764/43517.683982/0.000098983
-14/200: 46387.381612/2869.124104/43518.257508/0.000109220
-15/200: 46391.673495/2874.341296/43517.332199/0.000092523
-16/200: 46397.559424/2880.037025/43517.522399/0.000126875
-17/200: 46404.349852/2886.032065/43518.317787/0.000146353
-18/200: 46411.796698/2892.193649/43519.603049/0.000160477
-19/200: 46417.124346/2898.424970/43518.699376/0.000114791
-20/200: 46423.749865/2904.650880/43519.098985/0.000142739
-21/200: 46428.736459/2910.817287/43517.919172/0.000107415
-22/200: 46436.224876/2916.880526/43519.344350/0.000161288
-23/200: 46442.676617/2922.807709/43519.868908/0.000138938
-24/200: 46449.002569/2928.572033/43520.430536/0.000136210
-25/200: 46453.497036/2934.154762/43519.342274/0.000096761
-26/200: 46459.058154/2939.539090/43519.519064/0.000119714
-27/200: 46463.781589/2944.712677/43519.068912/0.000101669
-28/200: 46470.707407/2949.667224/43521.040183/0.000149058
-29/200: 46475.283322/2954.397240/43520.886082/0.000098469
-30/200: 46479.110924/2958.899099/43520.211825/0.000082358
-31/200: 46483.407775/2963.170191/43520.237584/0.000092447
-32/200: 46488.203648/2967.210767/43520.992881/0.000103174
-33/200: 46489.701498/2971.021007/43518.680491/0.000032220
-34/200: 46495.625752/2974.602211/43521.023541/0.000127432
-35/200: 46497.147244/2977.957840/43519.189404/0.000032723
-36/200: 46501.761812/2981.091400/43520.670412/0.000099244
-37/200: 46504.813489/2984.007574/43520.805915/0.000065625
-38/200: 46507.045296/2986.710850/43520.334446/0.000047991
-39/200: 46510.170448/2989.208257/43520.962191/0.000067197
-40/200: 46512.152309/2991.505701/43520.646608/0.000042611
-41/200: 46515.581653/2993.610939/43521.970714/0.000073730
-42/200: 46517.639982/2995.531152/43522.108830/0.000044250
-43/200: 46519.187150/2997.273951/43521.913199/0.000033260
-44/200: 46520.932634/2998.847068/43522.085566/0.000037522
-45/200: 46522.088021/3000.259595/43521.828426/0.000024836
-46/200: 46523.364985/3001.519983/43521.845002/0.000027449
-47/200: 46525.118798/3002.637455/43522.481343/0.000037697
-48/200: 46526.072790/3003.621380/43522.451410/0.000020505
-49/200: 46525.843848/3004.482665/43521.361183/0.000004921
-50/200: 46527.007856/3005.230682/43521.777174/0.000025019
-51/200: 46527.731206/3005.874519/43521.856687/0.000015547
-52/200: 46529.736952/3006.423949/43523.313003/0.000043109
-53/200: 46528.757690/3006.889051/43521.868639/0.000021046
-54/200: 46529.730331/3007.278622/43522.451709/0.000020904
-55/200: 46530.038599/3007.600464/43522.438135/0.000006625
-56/200: 46530.271920/3007.863626/43522.408294/0.000005014
-57/200: 46530.893641/3008.076389/43522.817252/0.000013362
-58/200: 46531.536782/3008.244878/43523.291904/0.000013822
-59/200: 46531.356383/3008.375888/43522.980495/0.000003877
-60/200: 46531.674925/3008.474795/43523.200130/0.000006846
-61/200: 46530.863706/3008.548063/43522.315643/0.000017434
-62/200: 46532.357064/3008.601065/43523.755999/0.000032094
-63/200: 46531.751593/3008.637456/43523.114137/0.000013012
-64/200: 46533.250498/3008.661108/43524.589390/0.000032213
-65/200: 46533.204231/3008.676332/43524.527899/0.000000994
-66/200: 46533.066863/3008.684695/43524.382168/0.000002952
-67/200: 46532.074322/3008.688553/43523.385769/0.000021330
-68/200: 46532.156645/3008.689108/43523.467537/0.000001769
-69/200: 46532.384718/3008.687856/43523.696862/0.000004901
-70/200: 46532.310897/3008.685582/43523.625315/0.000001586
-71/200: 46533.256145/3008.683199/43524.572946/0.000020314
-72/200: 46532.789321/3008.680322/43524.108999/0.000010032
-73/200: 46533.792446/3008.678105/43525.114341/0.000021557
-74/200: 46533.403870/3008.676277/43524.727593/0.000008350
-75/200: 46532.994163/3008.674722/43524.319441/0.000008805
-76/200: 46533.943547/3008.673630/43525.269917/0.000020402
-77/200: 46534.187192/3008.673416/43525.513776/0.000005236
-78/200: 46534.243289/3008.672615/43525.570674/0.000001206
-79/200: 46533.117719/3008.673130/43524.444589/0.000024188
-80/200: 46533.264011/3008.673867/43524.590144/0.000003144
-81/200: 46533.829287/3008.674909/43525.154378/0.000012148
-82/200: 46534.548247/3008.676490/43525.871757/0.000015450
-83/200: 46533.925124/3008.678595/43525.246529/0.000013391
-84/200: 46533.729881/3008.680538/43525.049343/0.000004196
-85/200: 46534.485324/3008.683485/43525.801839/0.000016234
-86/200: 46534.478165/3008.686178/43525.791987/0.000000154
-87/200: 46534.627509/3008.689641/43525.937868/0.000003209
-88/200: 46535.061840/3008.693497/43526.368343/0.000009334
-89/200: 46534.576617/3008.697524/43525.879093/0.000010427
-90/200: 46534.971700/3008.701683/43526.270017/0.000008490
-91/200: 46535.025761/3008.705609/43526.320152/0.000001162
-92/200: 46535.322200/3008.710312/43526.611888/0.000006370
-93/200: 46535.145963/3008.714756/43526.431207/0.000003787
-94/200: 46535.826372/3008.719733/43527.106639/0.000014621
-95/200: 46535.489578/3008.724883/43526.764695/0.000007237
-96/200: 46535.178974/3008.730804/43526.448170/0.000006675
-97/200: 46535.623833/3008.736791/43526.887042/0.000009560
-98/200: 46535.993792/3008.742588/43527.251204/0.000007950
-99/200: 46536.161265/3008.748879/43527.412386/0.000003599
Recall at EP-100 ...
  Columns 1 through 7

    0.0232    0.0366    0.0459    0.0538    0.0594    0.0645    0.0690

  Columns 8 through 10

    0.0732    0.0769    0.0807

Mrr at EP-100 ...
    0.0070

-100/200: 46535.741077/3008.755574/43526.985503/0.000009029
-101/200: 46535.516693/3008.761602/43526.755091/0.000004822
-102/200: 46536.022603/3008.768482/43527.254121/0.000010871
-103/200: 46536.708688/3008.775283/43527.933405/0.000014743
-104/200: 46536.128634/3008.781719/43527.346915/0.000012464
-105/200: 46536.622689/3008.788718/43527.833971/0.000010617
-106/200: 46536.149122/3008.795887/43527.353235/0.000010176
-107/200: 46536.547811/3008.803597/43527.744214/0.000008567
-108/200: 46537.219418/3008.810603/43528.408815/0.000014432
-109/200: 46536.572915/3008.817964/43527.754951/0.000013892
-110/200: 46536.469788/3008.825457/43527.644331/0.000002216
-111/200: 46537.252325/3008.833915/43528.418410/0.000016816
-112/200: 46537.291128/3008.842238/43528.448890/0.000000834
-113/200: 46537.077609/3008.850471/43528.227138/0.000004588
-114/200: 46536.841062/3008.858981/43527.982081/0.000005083
-115/200: 46537.194207/3008.867549/43528.326658/0.000007588
-116/200: 46537.076664/3008.876035/43528.200629/0.000002526
-117/200: 46537.678832/3008.884498/43528.794334/0.000012940
-118/200: 46537.683584/3008.893485/43528.790099/0.000000102
-119/200: 46537.999834/3008.902383/43529.097451/0.000006796
-120/200: 46537.842089/3008.910731/43528.931358/0.000003390
-121/200: 46538.310803/3008.919105/43529.391698/0.000010072
-122/200: 46538.345037/3008.927666/43529.417371/0.000000736
-123/200: 46538.090432/3008.936722/43529.153710/0.000005471
-124/200: 46538.345358/3008.945058/43529.400300/0.000005478
-125/200: 46538.389189/3008.953881/43529.435308/0.000000942
-126/200: 46538.376516/3008.962942/43529.413574/0.000000272
-127/200: 46538.378929/3008.972363/43529.406566/0.000000052
Start evaluating ...
  Columns 1 through 7

    0.0238    0.0374    0.0465    0.0539    0.0600    0.0655    0.0702

  Columns 8 through 10

    0.0746    0.0785    0.0822

    0.0072

Elapsed time is 15570.368921 seconds.
