nohup: ignoring input

                            < M A T L A B (R) >
                  Copyright 1984-2016 The MathWorks, Inc.
                   R2016a (9.0.0.341360) 64-bit (glnxa64)
                             February 11, 2016

 
To get started, type one of these: helpwin, helpdesk, or demo.
For product information, visit www.mathworks.com.
 

	Academic License

Start learning ...
Init data [Dtype: delicious - Dspec: sp3/0550]
Init social model
Using adagrad ...
[Warning: Directory already exists.] 
[> In genloc (line 32)
  In main_socdl (line 44)] 
Params [lbd-U: 10.0000|lbd-V: 100.0000|lbd-N: 10.0000|lbd-Q: 0.1000]
Staring Sample 3 - Loc: save/ctrsmf/delicious-alg90-sp3-cold20170225114400670 
CTR-SMF Running ...

iter time likelihood converge
0001 000099 -5799928.34569 1.0000000000
0002 000213 -5639302.46674 0.0276944592
0003 000326 -5511737.17041 0.0217104881
0004 000445 -5473399.97426 0.0069555559
0005 000550 -5453864.27851 0.0035692067
0006 000657 -5438619.65087 0.0027951975
0007 000765 -5428070.46713 0.0019396804
0008 000872 -5421446.56424 0.0012203052
0009 000983 -5416882.99957 0.0008417614
0010 001090 -5413418.09788 0.0006396486
0011 001199 -5410579.58535 0.0005243476
0012 001305 -5408158.64405 0.0004474458
0013 001412 -5406053.65491 0.0003892247
0014 001516 -5404202.91231 0.0003423463
0015 001618 -5402563.08713 0.0003034352
0016 001719 -5401101.31397 0.0002705703
0017 001822 -5399791.34931 0.0002425366
0018 001926 -5398611.47100 0.0002185044
0019 002026 -5397543.35437 0.0001978502
0020 002131 -5396571.47915 0.0001800588
0021 002235 -5395682.75135 0.0001646838
0022 002334 -5394866.16513 0.0001513407
0023 002436 -5394112.43305 0.0001397128
0024 002528 -5393413.60863 0.0001295532
0025 002616 -5392762.78920 0.0001206693
0026 002709 -5392153.91863 0.0001129051
0027 002804 -5391581.66618 0.0001061269
0028 002894 -5391041.38196 0.0001002089
0029 002981 -5390529.16477 0.0000950127
0030 003075 -5390041.96511 0.0000903807
0031 003165 -5389577.56265 0.0000861593
0032 003258 -5389134.38682 0.0000822283
0033 003344 -5388711.28279 0.0000785106
0034 003434 -5388307.32381 0.0000749639
0035 003521 -5387921.69906 0.0000715670
0036 003609 -5387553.66944 0.0000683064
0037 003689 -5387202.57421 0.0000651678
0038 003772 -5386867.85906 0.0000621315
0039 003855 -5386549.08883 0.0000591754
0040 003937 -5386245.91093 0.0000562843
0041 004019 -5385957.96685 0.0000534591
0042 004106 -5385684.83407 0.0000507120
0043 004191 -5385426.11782 0.0000480378
0044 004276 -5385181.57289 0.0000454087
0045 004361 -5384951.03005 0.0000428106
0046 004447 -5384734.34610 0.0000402388
0047 004533 -5384531.40924 0.0000376874
0048 004617 -5384342.02118 0.0000351726
0049 004698 -5384165.75515 0.0000327368
0050 004778 -5384001.93394 0.0000304265
0051 004864 -5383849.72181 0.0000282712
0052 004945 -5383708.21909 0.0000262828
0053 005026 -5383576.50888 0.0000244646
0054 005103 -5383453.67583 0.0000228163
0055 005183 -5383338.85093 0.0000213292
0056 005259 -5383231.29690 0.0000199791
0057 005336 -5383130.41861 0.0000187394
0058 005414 -5383035.68761 0.0000175978
0059 005496 -5382946.66150 0.0000165383
0060 005576 -5382863.05727 0.0000155313
0061 005657 -5382784.74445 0.0000145485
0062 005743 -5382711.64680 0.0000135799
0063 005814 -5382643.65590 0.0000126313
0064 005881 -5382580.64300 0.0000117067
0065 005949 -5382522.43733 0.0000108137
0066 006016 -5382468.75539 0.0000099734
Start evaluating ...
  Columns 1 through 7

    0.0022    0.0044    0.0064    0.0088    0.0106    0.0117    0.0128

  Columns 8 through 10

    0.0138    0.0149    0.0161

   7.6053e-04

Elapsed time is 6100.848641 seconds.
