nohup: ignoring input

                            < M A T L A B (R) >
                  Copyright 1984-2016 The MathWorks, Inc.
                   R2016a (9.0.0.341360) 64-bit (glnxa64)
                             February 11, 2016

 
To get started, type one of these: helpwin, helpdesk, or demo.
For product information, visit www.mathworks.com.
 

	Academic License

Start learning ...
Init data [Dtype: delicious - Dspec: sp3/0550]
Init social model
Using adagrad ...
Params [lbd-U: 0.1000|lbd-V: 1.0000|lbd-N: 0.1000|lbd-Q: 0.1000]
Staring Sample 3 - Loc: save/ctrsmf/delicious-alg90-sp3-cold20170225114401207 
CTR-SMF Running ...

iter time likelihood converge
0001 000099 -5788913.25866 1.0000000000
0002 000211 -5626575.54887 0.0280428644
0003 000327 -5504582.29532 0.0216816166
0004 000444 -5467327.56999 0.0067679477
0005 000549 -5448067.27944 0.0035227980
0006 000658 -5432719.26729 0.0028171481
0007 000767 -5422100.91286 0.0019545193
0008 000876 -5415412.19397 0.0012336028
0009 000985 -5410775.69086 0.0008561681
0010 001090 -5407238.03643 0.0006538165
0011 001196 -5404331.58547 0.0005375112
0012 001299 -5401848.59751 0.0004594440
0013 001400 -5399686.50248 0.0004002509
0014 001498 -5397782.84253 0.0003525501
0015 001598 -5396093.92432 0.0003128911
0016 001695 -5394586.50304 0.0002793542
0017 001796 -5393233.91244 0.0002507311
0018 001895 -5392014.06578 0.0002261809
0019 001990 -5390908.37536 0.0002050607
0020 002093 -5389901.13584 0.0001868404
0021 002192 -5388979.11019 0.0001710654
0022 002291 -5388131.16153 0.0001573487
0023 002387 -5387347.84681 0.0001453778
0024 002485 -5386621.03080 0.0001349117
0025 002578 -5385943.64090 0.0001257541
0026 002669 -5385309.51471 0.0001177372
0027 002761 -5384713.25308 0.0001107200
0028 002853 -5384150.14064 0.0001045761
0029 002953 -5383616.19258 0.0000991704
0030 003044 -5383108.22383 0.0000943546
0031 003134 -5382623.82940 0.0000899842
0032 003223 -5382161.26330 0.0000859369
0033 003313 -5381719.25373 0.0000821249
0034 003403 -5381296.80279 0.0000784974
0035 003491 -5380893.02376 0.0000750338
0036 003579 -5380507.06499 0.0000717276
0037 003661 -5380138.13247 0.0000685684
0038 003746 -5379785.56304 0.0000655317
0039 003835 -5379448.87596 0.0000625837
0040 003920 -5379127.76210 0.0000596927
0041 004006 -5378822.02473 0.0000568377
0042 004092 -5378531.53006 0.0000540071
0043 004175 -5378256.20706 0.0000511893
0044 004260 -5377996.07478 0.0000483674
0045 004341 -5377751.22746 0.0000455276
0046 004428 -5377521.70967 0.0000426791
0047 004513 -5377307.38794 0.0000398551
0048 004594 -5377107.90875 0.0000370965
0049 004681 -5376922.68170 0.0000344473
0050 004764 -5376750.90524 0.0000319470
0051 004844 -5376591.65696 0.0000296179
0052 004926 -5376443.98706 0.0000274653
0053 005003 -5376306.97565 0.0000254836
0054 005079 -5376179.74401 0.0000236652
0055 005158 -5376061.47318 0.0000219990
0056 005235 -5375951.44308 0.0000204667
0057 005315 -5375849.03936 0.0000190485
0058 005395 -5375753.68497 0.0000177376
0059 005473 -5375664.80267 0.0000165339
0060 005546 -5375581.87651 0.0000154262
0061 005625 -5375504.50727 0.0000143927
0062 005701 -5375432.40237 0.0000134136
0063 005783 -5375365.31609 0.0000124802
0064 005849 -5375303.00980 0.0000115911
0065 005916 -5375245.25817 0.0000107439
0066 005981 -5375191.78007 0.0000099490
Start evaluating ...
  Columns 1 through 7

    0.0020    0.0026    0.0030    0.0033    0.0037    0.0042    0.0046

  Columns 8 through 10

    0.0049    0.0051    0.0054

   6.7073e-04

Elapsed time is 6074.989135 seconds.
