nohup: ignoring input

                            < M A T L A B (R) >
                  Copyright 1984-2016 The MathWorks, Inc.
                   R2016a (9.0.0.341360) 64-bit (glnxa64)
                             February 11, 2016

 
To get started, type one of these: helpwin, helpdesk, or demo.
For product information, visit www.mathworks.com.
 

	Academic License

Start learning ...
Init data [Dtype: delicious - Dspec: sp3/5050]
Init social model
Using adagrad ...
Params [lbd-U: 0.0100|lbd-V: 1.0000|lbd-N: 0.0100|lbd-Q: 0.0100]
Staring Sample 3 - Loc: save/ctrsmf/delicious-alg90-sp3-cold20170226203650098 
CTR-SMF Running ...

iter time likelihood converge
0001 000583 -51792484.90989 1.0000000000
0002 001200 -50553695.78956 0.0239183179
0003 001812 -49466034.00203 0.0215149807
0004 002423 -49147358.18221 0.0064423159
0005 003031 -49005573.93211 0.0028848804
0006 003651 -48909935.57956 0.0019515811
0007 004275 -48842525.49891 0.0013782492
0008 004896 -48793513.55828 0.0010034686
0009 005516 -48754785.97980 0.0007937034
0010 006136 -48722440.90785 0.0006634235
0011 006755 -48694494.45603 0.0005735848
0012 007376 -48669902.73910 0.0005050205
0013 008004 -48648032.44684 0.0004493597
0014 008624 -48628435.69814 0.0004028272
0015 009254 -48610770.54737 0.0003632679
0016 009880 -48594764.94262 0.0003292605
0017 010503 -48580196.62653 0.0002997919
0018 011126 -48566881.12041 0.0002740933
0019 011750 -48554663.52689 0.0002515622
0020 012367 -48543412.84478 0.0002317117
0021 012987 -48533017.68852 0.0002141414
0022 013608 -48523382.66370 0.0001985252
0023 014218 -48514425.32261 0.0001845984
0024 014822 -48506073.82355 0.0001721447
0025 015427 -48498265.25285 0.0001609813
0026 016034 -48490944.39329 0.0001509510
0027 016635 -48484062.28919 0.0001419256
0028 017234 -48477574.78363 0.0001338070
0029 017827 -48471441.77469 0.0001265123
0030 018420 -48465627.54301 0.0001199517
0031 019008 -48460101.23111 0.0001140254
0032 019596 -48454836.27524 0.0001086452
0033 020184 -48449810.28708 0.0001037252
0034 020766 -48445005.71275 0.0000991660
0035 021342 -48440409.93651 0.0000948658
0036 021919 -48436014.02262 0.0000907489
0037 022477 -48431811.89038 0.0000867564
0038 023039 -48427799.63712 0.0000828433
0039 023602 -48423973.54742 0.0000790061
0040 024160 -48420329.34510 0.0000752562
0041 024721 -48416862.57449 0.0000715974
0042 025283 -48413568.67147 0.0000680321
0043 025843 -48410442.45815 0.0000645731
0044 026410 -48407476.88776 0.0000612589
0045 026974 -48404663.48414 0.0000581192
0046 027516 -48401993.83028 0.0000551528
0047 028009 -48399459.11387 0.0000523680
0048 028492 -48397051.57998 0.0000497430
0049 028966 -48394766.84891 0.0000472081
0050 029424 -48392603.57727 0.0000447005
0051 029890 -48390560.66480 0.0000422154
0052 030362 -48388635.68561 0.0000397801
0053 030832 -48386824.93240 0.0000374210
0054 031308 -48385124.33381 0.0000351459
0055 031779 -48383530.30960 0.0000329445
0056 032243 -48382037.86191 0.0000308462
0057 032699 -48380640.04832 0.0000288912
0058 033141 -48379328.34771 0.0000271121
0059 033582 -48378093.08716 0.0000255328
0060 034024 -48376925.09543 0.0000241430
0061 034476 -48375817.62543 0.0000228925
0062 034927 -48374767.18244 0.0000217142
0063 035371 -48373772.64955 0.0000205589
0064 035816 -48372833.39937 0.0000194165
0065 036267 -48371947.54769 0.0000183130
0066 036680 -48371111.07502 0.0000172925
0067 036983 -48370318.53723 0.0000163845
0068 037275 -48369564.88923 0.0000155808
0069 037555 -48368846.84636 0.0000148449
0070 037807 -48368163.33661 0.0000141312
0071 038062 -48367514.50538 0.0000134144
0072 038216 -48366900.11259 0.0000127026
0073 038413 -48366319.01998 0.0000120143
0074 038626 -48365769.70005 0.0000113575
0075 038840 -48365250.79924 0.0000107287
0076 039076 -48364761.25695 0.0000101218
0077 039316 -48364300.27137 0.0000095314
Start evaluating ...
  Columns 1 through 7

    0.1473    0.1918    0.2091    0.2156    0.2198    0.2234    0.2259

  Columns 8 through 10

    0.2277    0.2290    0.2301

    0.0327

Elapsed time is 39422.415196 seconds.
