nohup: ignoring input

                            < M A T L A B (R) >
                  Copyright 1984-2016 The MathWorks, Inc.
                   R2016a (9.0.0.341360) 64-bit (glnxa64)
                             February 11, 2016

 
To get started, type one of these: helpwin, helpdesk, or demo.
For product information, visit www.mathworks.com.
 

	Academic License

Start learning ...
Init data [Dtype: delicious - Dspec: sp3/2550]
Init social model
Using adagrad ...
Params [lbd-U: 1.0000|lbd-V: 0.1000|lbd-N: 1.0000|lbd-Q: 0.0500]
Staring Sample 3 - Loc: save/ctrsmf/delicious-alg90-sp3-cold20170226125835390 
CTR-SMF Running ...

iter time likelihood converge
0001 000204 -32151462.10190 1.0000000000
0002 000405 -31330829.94175 0.0255239453
0003 000603 -30657687.33245 0.0214849913
0004 000834 -30458043.45466 0.0065120332
0005 001124 -30366176.62472 0.0030161763
0006 001411 -30302388.97693 0.0021006151
0007 001700 -30257954.43362 0.0014663710
0008 001986 -30226694.50960 0.0010331143
0009 002274 -30202613.18209 0.0007966907
0010 002553 -30182836.45405 0.0006548019
0011 002837 -30165913.44313 0.0005606833
0012 003117 -30151111.32481 0.0004906902
0013 003402 -30138005.98724 0.0004346552
0014 003682 -30126305.17231 0.0003882412
0015 003960 -30115788.97117 0.0003490704
0016 004245 -30106284.25987 0.0003156056
0017 004530 -30097650.30652 0.0002867824
0018 004810 -30089770.24936 0.0002618164
0019 005087 -30082545.88558 0.0002400937
0020 005374 -30075894.36255 0.0002211090
0021 005647 -30069745.55568 0.0002044430
0022 005919 -30064039.63465 0.0001897562
0023 006198 -30058724.97066 0.0001767781
0024 006473 -30053756.56869 0.0001652898
0025 006755 -30049095.01466 0.0001551072
0026 007035 -30044705.90092 0.0001460648
0027 007311 -30040559.42475 0.0001380102
0028 007583 -30036630.07353 0.0001308015
0029 007850 -30032896.33272 0.0001243062
0030 008119 -30029339.84840 0.0001184196
0031 008393 -30025944.39800 0.0001130711
0032 008666 -30022695.21955 0.0001082124
0033 008935 -30019579.01063 0.0001037951
0034 009206 -30016584.56238 0.0000997498
0035 009478 -30013703.79041 0.0000959727
0036 009751 -30010932.35558 0.0000923390
0037 010025 -30008268.94837 0.0000887479
0038 010264 -30005714.70215 0.0000851181
0039 010472 -30003272.51982 0.0000813906
0040 010657 -30000945.15440 0.0000775704
0041 010794 -29998733.86634 0.0000737073
0042 010919 -29996637.46785 0.0000698829
0043 011103 -29994652.53797 0.0000661717
0044 011281 -29992774.83047 0.0000626014
0045 011413 -29990999.93910 0.0000591773
0046 011602 -29989324.41259 0.0000558676
0047 011792 -29987746.52983 0.0000526148
0048 011968 -29986265.16015 0.0000493992
0049 012121 -29984878.07901 0.0000462572
0050 012312 -29983581.26165 0.0000432490
0051 012502 -29982369.71110 0.0000404071
0052 012692 -29981237.83178 0.0000377515
0053 012882 -29980178.99237 0.0000353167
0054 013072 -29979186.13278 0.0000331172
0055 013262 -29978252.75786 0.0000311341
0056 013452 -29977373.48848 0.0000293302
0057 013783 -29976544.06347 0.0000276684
0058 014149 -29975760.98987 0.0000261229
0059 014511 -29975021.24284 0.0000246782
0060 014876 -29974322.04906 0.0000233259
0061 015246 -29973660.95865 0.0000220552
0062 015612 -29973036.34993 0.0000208386
0063 015947 -29972447.86642 0.0000196338
0064 016277 -29971896.26170 0.0000184037
0065 016605 -29971382.33924 0.0000171468
0066 016926 -29970905.93152 0.0000158954
0067 017247 -29970465.82153 0.0000146846
0068 017548 -29970059.92295 0.0000135433
0069 017852 -29969685.37621 0.0000124974
0070 018148 -29969338.97976 0.0000115582
0071 018441 -29969017.69926 0.0000107203
0072 018737 -29968718.69208 0.0000099772
Start evaluating ...
  Columns 1 through 7

    0.0848    0.1023    0.1091    0.1133    0.1159    0.1174    0.1186

  Columns 8 through 10

    0.1197    0.1206    0.1213

    0.0188

Elapsed time is 18880.835458 seconds.
