nohup: ignoring input

                            < M A T L A B (R) >
                  Copyright 1984-2016 The MathWorks, Inc.
                   R2016a (9.0.0.341360) 64-bit (glnxa64)
                             February 11, 2016

 
To get started, type one of these: helpwin, helpdesk, or demo.
For product information, visit www.mathworks.com.
 

	Academic License

Start learning ...
Init data [Dtype: delicious - Dspec: sp3/2550]
Init social model
Using adagrad ...
Params [lbd-U: 10.0000|lbd-V: 100.0000|lbd-N: 10.0000|lbd-Q: 0.0500]
Staring Sample 3 - Loc: save/ctrsmf/delicious-alg90-sp3-cold20170226125835792 
CTR-SMF Running ...

iter time likelihood converge
0001 000201 -32157743.02643 1.0000000000
0002 000397 -31341520.29936 0.0253818412
0003 000594 -30669514.27057 0.0214413986
0004 000825 -30470961.25536 0.0064739537
0005 001116 -30379918.99241 0.0029878369
0006 001403 -30316659.12605 0.0020822921
0007 001693 -30272464.00858 0.0014577832
0008 001981 -30241416.89666 0.0010255892
0009 002268 -30217576.15132 0.0007883475
0010 002556 -30198054.27946 0.0006460436
0011 002838 -30181382.71914 0.0005520740
0012 003110 -30166820.13402 0.0004825023
0013 003383 -30153940.58841 0.0004269441
0014 003659 -30142452.59355 0.0003809782
0015 003935 -30132137.63435 0.0003422070
0016 004219 -30122823.79638 0.0003090998
0017 004494 -30114371.12985 0.0002806067
0018 004771 -30106663.24134 0.0002559538
0019 005054 -30099602.44465 0.0002345260
0020 005334 -30093106.78236 0.0002158056
0021 005619 -30087107.42557 0.0001993598
0022 005898 -30081545.90543 0.0001848473
0023 006176 -30076371.71067 0.0001720056
0024 006453 -30071540.55769 0.0001606295
0025 006732 -30067013.40426 0.0001505461
0026 007009 -30062755.85519 0.0001416020
0027 007287 -30058737.63538 0.0001336611
0028 007562 -30054932.54218 0.0001265886
0029 007828 -30051318.07395 0.0001202621
0030 008092 -30047874.60289 0.0001145864
0031 008363 -30044584.88115 0.0001094827
0032 008632 -30041434.02626 0.0001048726
0033 008901 -30038409.56076 0.0001006765
0034 009168 -30035501.69113 0.0000968050
0035 009441 -30032703.99731 0.0000931462
0036 009708 -30030013.13423 0.0000895978
0037 009977 -30027428.01641 0.0000860845
0038 010210 -30024949.29449 0.0000825486
0039 010429 -30022578.13567 0.0000789730
0040 010624 -30020315.28879 0.0000753715
0041 010815 -30018160.76068 0.0000717690
0042 011005 -30016113.58411 0.0000681979
0043 011194 -30014172.12784 0.0000646805
0044 011386 -30012333.86185 0.0000612466
0045 011578 -30010595.98529 0.0000579054
0046 011768 -30008955.99334 0.0000546471
0047 011959 -30007411.26474 0.0000514756
0048 012148 -30005958.28938 0.0000484206
0049 012337 -30004592.37245 0.0000455215
0050 012525 -30003308.49214 0.0000427895
0051 012714 -30002102.08459 0.0000402092
0052 012878 -30000969.02862 0.0000377659
0053 013006 -29999905.90255 0.0000354364
0054 013108 -29998910.01783 0.0000331963
0055 013278 -29997978.81275 0.0000310413
0056 013467 -29997109.37018 0.0000289834
0057 013807 -29996298.29705 0.0000270384
0058 014169 -29995541.67706 0.0000252238
0059 014540 -29994835.32165 0.0000235487
0060 014907 -29994175.20621 0.0000220076
0061 015270 -29993557.58949 0.0000205912
0062 015631 -29992979.00593 0.0000192903
0063 015969 -29992436.31086 0.0000180941
0064 016293 -29991926.56925 0.0000169957
0065 016607 -29991446.92200 0.0000159925
0066 016926 -29990994.62491 0.0000150809
0067 017244 -29990567.26788 0.0000142495
0068 017543 -29990162.87730 0.0000134839
0069 017840 -29989779.70144 0.0000127767
0070 018137 -29989416.05509 0.0000121257
0071 018429 -29989070.38038 0.0000115266
0072 018722 -29988741.14923 0.0000109784
0073 019020 -29988426.78855 0.0000104826
0074 019283 -29988126.08030 0.0000100275
0075 019527 -29987838.70102 0.0000095831
Start evaluating ...
  Columns 1 through 7

    0.0061    0.0100    0.0129    0.0152    0.0172    0.0188    0.0200

  Columns 8 through 10

    0.0221    0.0232    0.0250

    0.0016

Elapsed time is 19642.610060 seconds.
