nohup: ignoring input

                            < M A T L A B (R) >
                  Copyright 1984-2016 The MathWorks, Inc.
                   R2016a (9.0.0.341360) 64-bit (glnxa64)
                             February 11, 2016

 
To get started, type one of these: helpwin, helpdesk, or demo.
For product information, visit www.mathworks.com.
 

	Academic License

Start learning ...
Init data [Dtype: delicious - Dspec: sp3/1050]
Init social model
Using adagrad ...
Could not use CUDA
Params [lbd-U: 1.0000|lbd-V: 0.0100|lbd-N: 1.0000|lbd-Q: 0.1000]
Staring Sample 3 - Loc: save/ctrsmf/delicious-alg90-sp3-cold20170225114459513 
CTR-SMF Running ...

iter time likelihood converge
0001 000153 -10234545.94208 1.0000000000
0002 000303 -9961409.23694 0.0266877209
0003 000451 -9744755.32109 0.0217493239
0004 000591 -9679101.75391 0.0067373233
0005 000732 -9646603.72270 0.0033575462
0006 000870 -9622076.99549 0.0025425246
0007 001007 -9605215.38182 0.0017523881
0008 001145 -9594184.19172 0.0011484584
0009 001277 -9586209.26755 0.0008312248
0010 001411 -9579937.83288 0.0006542142
0011 001541 -9574695.21411 0.0005472498
0012 001675 -9570174.27933 0.0004721753
0013 001808 -9566212.86043 0.0004139338
0014 001941 -9562706.65717 0.0003665195
0015 002072 -9559580.27715 0.0003269346
0016 002201 -9556775.48231 0.0002934015
0017 002328 -9554245.57877 0.0002647236
0018 002456 -9551952.25056 0.0002400324
0019 002577 -9549863.34255 0.0002186891
0020 002699 -9547951.47560 0.0002001984
0021 002821 -9546193.33535 0.0001841380
0022 002946 -9544569.10771 0.0001701440
0023 003068 -9543061.86054 0.0001579167
0024 003187 -9541656.95605 0.0001472174
0025 003304 -9540341.61829 0.0001378521
0026 003421 -9539104.72262 0.0001296490
0027 003538 -9537936.82441 0.0001224327
0028 003648 -9536830.37872 0.0001160047
0029 003756 -9535779.76196 0.0001101641
0030 003864 -9534780.67683 0.0001047723
0031 003973 -9533829.59642 0.0000997485
0032 004084 -9532923.51387 0.0000950387
0033 004194 -9532059.74987 0.0000906085
0034 004306 -9531235.86498 0.0000864330
0035 004419 -9530449.68748 0.0000824843
0036 004526 -9529699.36413 0.0000787291
0037 004633 -9528983.37586 0.0000751323
0038 004742 -9528300.52945 0.0000716599
0039 004847 -9527649.95353 0.0000682783
0040 004949 -9527031.10123 0.0000649533
0041 005049 -9526443.68651 0.0000616577
0042 005153 -9525887.46139 0.0000583875
0043 005257 -9525361.91560 0.0000551703
0044 005363 -9524866.14370 0.0000520476
0045 005461 -9524398.90634 0.0000490545
0046 005566 -9523958.74644 0.0000462139
0047 005676 -9523544.09793 0.0000435374
0048 005765 -9523153.40211 0.0000410242
0049 005849 -9522785.24624 0.0000386590
0050 005935 -9522438.47901 0.0000364145
0051 006016 -9522112.23839 0.0000342602
0052 006078 -9521805.88584 0.0000321728
0053 006156 -9521518.86723 0.0000301433
0054 006244 -9521250.53501 0.0000281817
0055 006331 -9521000.03437 0.0000263096
0056 006419 -9520766.32970 0.0000245462
0057 006507 -9520548.35614 0.0000228945
0058 006594 -9520345.18676 0.0000213401
0059 006667 -9520156.08086 0.0000198633
0060 006727 -9519980.42014 0.0000184515
0061 006778 -9519817.61213 0.0000171017
0062 006829 -9519667.04640 0.0000158160
0063 006879 -9519528.11446 0.0000145942
0064 006929 -9519400.22565 0.0000134344
0065 006977 -9519282.79176 0.0000123363
0066 007024 -9519175.20869 0.0000113016
0067 007067 -9519076.85635 0.0000103320
0068 007109 -9518987.08921 0.0000094302
Start evaluating ...
  Columns 1 through 7

    0.0099    0.0115    0.0119    0.0123    0.0125    0.0127    0.0128

  Columns 8 through 10

    0.0131    0.0133    0.0135

    0.0032

Elapsed time is 7172.940521 seconds.
