nohup: ignoring input

                            < M A T L A B (R) >
                  Copyright 1984-2016 The MathWorks, Inc.
                   R2016a (9.0.0.341360) 64-bit (glnxa64)
                             February 11, 2016

 
To get started, type one of these: helpwin, helpdesk, or demo.
For product information, visit www.mathworks.com.
 

	Academic License

Start learning ...
Init data [Dtype: delicious - Dspec: sp3/2550]
Init social model
Using adagrad ...
Params [lbd-U: 100.0000|lbd-V: 0.0100|lbd-N: 100.0000|lbd-Q: 0.0500]
Staring Sample 3 - Loc: save/ctrsmf/delicious-alg90-sp3-cold20170226125837893 
CTR-SMF Running ...

iter time likelihood converge
0001 000213 -32161025.58755 1.0000000000
0002 000417 -31351100.56283 0.0251834327
0003 000624 -30671325.05466 0.0216826681
0004 000885 -30471391.44621 0.0065185840
0005 001176 -30379486.13715 0.0030161179
0006 001459 -30315666.00575 0.0021007640
0007 001745 -30271192.99559 0.0014669976
0008 002030 -30239895.00027 0.0010339201
0009 002316 -30215778.14657 0.0007975178
0010 002609 -30195968.80101 0.0006555961
0011 002898 -30179015.86963 0.0005614303
0012 003188 -30164186.22234 0.0004913894
0013 003481 -30151055.48821 0.0004353087
0014 003777 -30139331.20226 0.0003888516
0015 004068 -30128793.28322 0.0003496401
0016 004362 -30119268.45591 0.0003161370
0017 004654 -30110615.85135 0.0002872780
0018 004953 -30102718.48111 0.0002622786
0019 005244 -30095478.02385 0.0002405250
0020 005536 -30088811.51521 0.0002215120
0021 005819 -30082648.72516 0.0002048200
0022 006104 -30076929.72597 0.0001901096
0023 006390 -30071602.80246 0.0001771099
0024 006673 -30066622.88727 0.0001656019
0025 006958 -30061950.50837 0.0001554009
0026 007243 -30057551.21167 0.0001463410
0027 007526 -30053395.15478 0.0001382700
0028 007809 -30049456.78850 0.0001310456
0029 008093 -30045714.56278 0.0001245356
0030 008376 -30042150.08809 0.0001186350
0031 008662 -30038747.10718 0.0001132735
0032 008943 -30035490.82616 0.0001084027
0033 009227 -30032367.91377 0.0001039741
0034 009508 -30029367.13398 0.0000999182
0035 009795 -30026480.37554 0.0000961312
0036 010085 -30023703.27310 0.0000924884
0037 010329 -30021034.49268 0.0000888891
0038 010519 -30018475.14637 0.0000852518
0039 010709 -30016028.12318 0.0000815172
0040 010899 -30013696.17232 0.0000776902
0041 011089 -30011480.55816 0.0000738201
0042 011279 -30009380.10020 0.0000699885
0043 011467 -30007391.38167 0.0000662699
0044 011654 -30005510.14782 0.0000626923
0045 011843 -30003731.96411 0.0000592619
0046 012031 -30002053.33170 0.0000559475
0047 012219 -30000472.47685 0.0000526916
0048 012408 -29998988.23194 0.0000494741
0049 012535 -29997598.35699 0.0000463307
0050 012636 -29996298.81905 0.0000433214
0051 012755 -29995084.60893 0.0000404787
0052 012862 -29993950.12125 0.0000378225
0053 013047 -29992888.72484 0.0000353870
0054 013184 -29991893.36837 0.0000331864
0055 013341 -29990957.56774 0.0000312018
0056 013474 -29990075.94952 0.0000293961
0057 013826 -29989244.24862 0.0000277325
0058 014191 -29988458.96270 0.0000261856
0059 014554 -29987717.06263 0.0000247395
0060 014917 -29987015.78159 0.0000233856
0061 015273 -29986352.68468 0.0000221128
0062 015623 -29985726.17188 0.0000208933
0063 015965 -29985135.91246 0.0000196847
0064 016303 -29984582.69223 0.0000184498
0065 016645 -29984067.35251 0.0000171868
0066 016983 -29983589.74514 0.0000159287
0067 017334 -29983148.63152 0.0000147118
0068 017685 -29982741.86725 0.0000135664
0069 018039 -29982366.51613 0.0000125189
0070 018366 -29982019.29158 0.0000115810
0071 018691 -29981697.06611 0.0000107473
0072 018984 -29981396.90846 0.0000100114
0073 019250 -29981115.99835 0.0000093695
Start evaluating ...
  Columns 1 through 7

    0.0815    0.0994    0.1057    0.1106    0.1137    0.1160    0.1180

  Columns 8 through 10

    0.1191    0.1200    0.1208

    0.0161

Elapsed time is 19379.761312 seconds.
