nohup: ignoring input

                            < M A T L A B (R) >
                  Copyright 1984-2016 The MathWorks, Inc.
                   R2016a (9.0.0.341360) 64-bit (glnxa64)
                             February 11, 2016

 
To get started, type one of these: helpwin, helpdesk, or demo.
For product information, visit www.mathworks.com.
 

	Academic License

Start learning ...
Init data [Dtype: delicious - Dspec: sp3/2550]
Init social model
Using adagrad ...
Load pretrained shallow-model...
Params [lbd-U: 0.0100|lbd-V: 10.0000|lbd-N: 0.0100|lbd-Q: 0.0500]
Staring Sample 3 - Loc: save/bcdl/delicious-alg61-sp3-cold20170226125817984 
CTR(chongwang)-DAE(User graph) Running - Walks(1)...
-1/200: 7903.143224/3545.333413/4357.809811/1.000000000
-2/200: 8017.354876/3667.720861/4349.634015/0.014451421
-3/200: 7877.703886/3528.673660/4349.030226/0.017418587
-4/200: 7777.579290/3428.822115/4348.757175/0.012709870
-5/200: 7705.674109/3357.224176/4348.449933/0.009245188
-6/200: 7649.296915/3301.016973/4348.279942/0.007316322
-7/200: 7603.844842/3255.500809/4348.344033/0.005941994
-8/200: 7566.542574/3218.328497/4348.214077/0.004905711
-9/200: 7535.892099/3187.905521/4347.986578/0.004050790
-10/200: 7510.852681/3162.955636/4347.897045/0.003322688
-11/200: 7490.128659/3142.440077/4347.688582/0.002759210
-12/200: 7472.957410/3125.518919/4347.438491/0.002292517
-13/200: 7458.916980/3111.520586/4347.396394/0.001878832
-14/200: 7447.224270/3099.914106/4347.310164/0.001567615
-15/200: 7437.322558/3090.282601/4347.039957/0.001329584
-16/200: 7429.199378/3082.287499/4346.911879/0.001092218
-17/200: 7422.508519/3075.659315/4346.849204/0.000900616
-18/200: 7417.013934/3070.179193/4346.834741/0.000740260
-19/200: 7412.251069/3065.670249/4346.580820/0.000642154
-20/200: 7408.442820/3061.981294/4346.461526/0.000513778
-21/200: 7405.168982/3058.991712/4346.177270/0.000441906
-22/200: 7402.761606/3056.595198/4346.166408/0.000325094
-23/200: 7400.740362/3054.701446/4346.038916/0.000273039
-24/200: 7399.182161/3053.233048/4345.949113/0.000210547
-25/200: 7397.823599/3052.125655/4345.697944/0.000183610
-26/200: 7396.830725/3051.317905/4345.512820/0.000134212
-27/200: 7396.129509/3050.759128/4345.370381/0.000094800
-28/200: 7395.812577/3050.403422/4345.409155/0.000042851
-29/200: 7395.441595/3050.210261/4345.231334/0.000050161
-30/200: 7395.140360/3050.145531/4344.994829/0.000040733
-31/200: 7395.064180/3050.178135/4344.886045/0.000010301
-32/200: 7395.071454/3050.281183/4344.790271/0.000000984
-33/200: 7394.868694/3050.432464/4344.436230/0.000027418
-34/200: 7395.082686/3050.610544/4344.472142/0.000028938
-35/200: 7394.978871/3050.800095/4344.178776/0.000014038
-36/200: 7395.132674/3050.987042/4344.145632/0.000020798
-37/200: 7395.129704/3051.161529/4343.968175/0.000000402
-38/200: 7395.127227/3051.311629/4343.815598/0.000000335
-39/200: 7395.152203/3051.432756/4343.719447/0.000003377
-40/200: 7395.048700/3051.518023/4343.530677/0.000013996
-41/200: 7395.051825/3051.564132/4343.487693/0.000000423
-42/200: 7394.912398/3051.567544/4343.344854/0.000018854
-43/200: 7394.758946/3051.527205/4343.231741/0.000020751
-44/200: 7394.509401/3051.440924/4343.068477/0.000033746
-45/200: 7394.247674/3051.310519/4342.937155/0.000035395
-46/200: 7393.912860/3051.134131/4342.778729/0.000045280
-47/200: 7393.610390/3050.914497/4342.695893/0.000040908
-48/200: 7393.144521/3050.653296/4342.491225/0.000063010
-49/200: 7392.655220/3050.353008/4342.302212/0.000066183
-50/200: 7392.170987/3050.016648/4342.154339/0.000065502
-51/200: 7391.730848/3049.647443/4342.083405/0.000059541
-52/200: 7391.313172/3049.248279/4342.064893/0.000056506
-53/200: 7390.591438/3048.823354/4341.768084/0.000097646
-54/200: 7390.033790/3048.376887/4341.656903/0.000075454
-55/200: 7389.501641/3047.911538/4341.590103/0.000072009
-56/200: 7388.863027/3047.431808/4341.431219/0.000086422
-57/200: 7388.156114/3046.941537/4341.214577/0.000095673
-58/200: 7387.504199/3046.444098/4341.060101/0.000088238
-59/200: 7386.876571/3045.942562/4340.934009/0.000084958
-60/200: 7386.339379/3045.437997/4340.901382/0.000072723
-61/200: 7385.589158/3044.933748/4340.655410/0.000101569
-62/200: 7385.143392/3044.431302/4340.712090/0.000060356
-63/200: 7384.338752/3043.932336/4340.406416/0.000108954
-64/200: 7383.959535/3043.438099/4340.521436/0.000051354
-65/200: 7383.118979/3042.950025/4340.168954/0.000113835
-66/200: 7382.483824/3042.467969/4340.015855/0.000086028
-67/200: 7381.799767/3041.993702/4339.806065/0.000092660
-68/200: 7381.231550/3041.526290/4339.705260/0.000076975
-69/200: 7380.671181/3041.067153/4339.604028/0.000075918
-70/200: 7380.095950/3040.615877/4339.480073/0.000077937
-71/200: 7379.477552/3040.173364/4339.304188/0.000083793
-72/200: 7378.996547/3039.737604/4339.258943/0.000065182
-73/200: 7378.430220/3039.310394/4339.119826/0.000076748
-74/200: 7377.869426/3038.890584/4338.978842/0.000076004
-75/200: 7377.225647/3038.477968/4338.747679/0.000087258
-76/200: 7376.805039/3038.071956/4338.733083/0.000057014
-77/200: 7376.235581/3037.673556/4338.562025/0.000077196
-78/200: 7375.845966/3037.279940/4338.566026/0.000052820
-79/200: 7375.125144/3036.893316/4338.231828/0.000097727
-80/200: 7374.588553/3036.512877/4338.075676/0.000072757
-81/200: 7374.177103/3036.137624/4338.039479/0.000055793
-82/200: 7373.722852/3035.767809/4337.955043/0.000061600
-83/200: 7373.073725/3035.403508/4337.670217/0.000088032
-84/200: 7372.572068/3035.044140/4337.527928/0.000068039
-85/200: 7372.156753/3034.689510/4337.467243/0.000056332
-86/200: 7371.694853/3034.340007/4337.354846/0.000062655
-87/200: 7371.228949/3033.994660/4337.234289/0.000063202
-88/200: 7370.783322/3033.653632/4337.129690/0.000060455
-89/200: 7370.253551/3033.317188/4336.936363/0.000071874
-90/200: 7369.852967/3032.984650/4336.868317/0.000054352
-91/200: 7369.547900/3032.655603/4336.892297/0.000041394
-92/200: 7368.892409/3032.330607/4336.561802/0.000088946
-93/200: 7368.435552/3032.009581/4336.425971/0.000061998
-94/200: 7368.114451/3031.692331/4336.422120/0.000043578
-95/200: 7367.602665/3031.378455/4336.224210/0.000069460
-96/200: 7367.130064/3031.067753/4336.062311/0.000064146
-97/200: 7366.681218/3030.760928/4335.920290/0.000060925
-98/200: 7366.253150/3030.457405/4335.795745/0.000058109
-99/200: 7365.891506/3030.156826/4335.734680/0.000049095
Recall at EP-100 ...
  Columns 1 through 7

    0.0821    0.0979    0.1044    0.1076    0.1094    0.1110    0.1120

  Columns 8 through 10

    0.1129    0.1137    0.1142

Mrr at EP-100 ...
    0.0181

-100/200: 7365.296376/3029.858953/4335.437423/0.000080795
-101/200: 7365.011421/3029.564068/4335.447353/0.000038689
-102/200: 7364.479876/3029.272137/4335.207739/0.000072172
-103/200: 7364.157555/3028.983157/4335.174398/0.000043767
-104/200: 7363.680154/3028.696869/4334.983285/0.000064828
-105/200: 7363.323761/3028.412887/4334.910874/0.000048399
-106/200: 7362.830447/3028.131950/4334.698497/0.000066996
-107/200: 7362.414370/3027.853193/4334.561177/0.000056510
-108/200: 7362.217553/3027.577012/4334.640541/0.000026733
-109/200: 7361.729491/3027.302816/4334.426675/0.000066293
-110/200: 7361.261901/3027.031099/4334.230802/0.000063516
-111/200: 7360.747100/3026.762478/4333.984622/0.000069934
-112/200: 7360.420562/3026.495451/4333.925111/0.000044362
-113/200: 7359.958929/3026.230769/4333.728160/0.000062718
-114/200: 7359.652616/3025.968751/4333.683865/0.000041619
-115/200: 7359.132464/3025.708778/4333.423686/0.000070676
-116/200: 7358.832551/3025.450208/4333.382343/0.000040754
-117/200: 7358.477770/3025.194287/4333.283483/0.000048212
-118/200: 7358.049685/3024.939501/4333.110184/0.000058176
-119/200: 7357.712403/3024.687714/4333.024689/0.000045838
-120/200: 7357.396605/3024.436936/4332.959669/0.000042921
-121/200: 7357.040110/3024.188257/4332.851853/0.000048454
-122/200: 7356.700842/3023.940867/4332.759975/0.000046115
-123/200: 7356.053633/3023.696155/4332.357478/0.000087975
-124/200: 7355.988181/3023.452853/4332.535328/0.000008898
-125/200: 7355.479311/3023.211739/4332.267572/0.000069178
-126/200: 7355.102524/3022.971407/4332.131117/0.000051225
-127/200: 7354.677957/3022.733722/4331.944235/0.000057724
-128/200: 7354.169532/3022.497734/4331.671798/0.000069129
-129/200: 7354.162179/3022.262591/4331.899588/0.000001000
-130/200: 7353.700679/3022.029116/4331.671563/0.000062754
-131/200: 7353.184247/3021.797646/4331.386601/0.000070227
-132/200: 7352.818089/3021.567482/4331.250607/0.000049796
-133/200: 7352.364968/3021.339244/4331.025724/0.000061625
-134/200: 7352.210281/3021.112461/4331.097820/0.000021039
-135/200: 7351.838800/3020.886860/4330.951940/0.000050526
-136/200: 7351.415417/3020.662380/4330.753037/0.000057589
-137/200: 7351.090972/3020.439503/4330.651469/0.000044134
-138/200: 7350.793604/3020.218492/4330.575112/0.000040452
-139/200: 7350.517081/3019.998469/4330.518612/0.000037618
-140/200: 7350.137924/3019.779432/4330.358492/0.000051582
-141/200: 7349.547490/3019.562792/4329.984698/0.000080330
-142/200: 7349.358018/3019.346558/4330.011460/0.000025780
-143/200: 7348.916572/3019.132245/4329.784327/0.000060066
-144/200: 7348.724284/3018.918330/4329.805954/0.000026165
-145/200: 7348.277190/3018.706851/4329.570339/0.000060840
-146/200: 7348.127743/3018.495787/4329.631956/0.000020338
-147/200: 7347.700481/3018.285578/4329.414903/0.000058146
-148/200: 7347.394265/3018.077318/4329.316947/0.000041675
-149/200: 7347.104312/3017.869762/4329.234550/0.000039463
-150/200: 7346.615361/3017.663509/4328.951852/0.000066550
-151/200: 7346.265458/3017.458652/4328.806806/0.000047628
-152/200: 7345.977488/3017.254950/4328.722538/0.000039200
-153/200: 7345.724333/3017.052459/4328.671874/0.000034462
-154/200: 7345.318135/3016.850386/4328.467749/0.000055297
-155/200: 7344.935376/3016.649820/4328.285556/0.000052109
-156/200: 7344.566866/3016.450653/4328.116213/0.000050172
-157/200: 7344.358041/3016.252385/4328.105656/0.000028433
-158/200: 7344.153592/3016.055195/4328.098397/0.000027838
-159/200: 7343.633774/3015.859207/4327.774567/0.000070780
-160/200: 7343.273379/3015.663906/4327.609473/0.000049076
-161/200: 7343.125773/3015.469980/4327.655793/0.000020101
-162/200: 7342.880346/3015.276744/4327.603602/0.000033423
-163/200: 7342.572515/3015.084328/4327.488187/0.000041922
-164/200: 7341.986162/3014.893207/4327.092955/0.000079857
-165/200: 7341.816611/3014.702885/4327.113726/0.000023093
-166/200: 7341.370133/3014.513721/4326.856412/0.000060813
-167/200: 7341.105605/3014.324486/4326.781119/0.000036032
-168/200: 7340.908975/3014.137373/4326.771602/0.000026785
-169/200: 7340.593700/3013.950592/4326.643108/0.000042948
-170/200: 7340.155216/3013.764447/4326.390769/0.000059734
-171/200: 7339.706771/3013.579711/4326.127060/0.000061095
-172/200: 7339.654371/3013.395893/4326.258478/0.000007139
-173/200: 7339.246145/3013.212656/4326.033489/0.000055619
-174/200: 7338.816165/3013.031020/4325.785145/0.000058586
-175/200: 7338.836958/3012.849450/4325.987508/0.000002833
-176/200: 7338.168150/3012.669128/4325.499022/0.000091133
-177/200: 7337.918089/3012.489424/4325.428665/0.000034077
-178/200: 7337.814442/3012.310738/4325.503704/0.000014125
-179/200: 7337.425102/3012.132026/4325.293076/0.000053059
-180/200: 7337.053576/3011.955212/4325.098364/0.000050634
-181/200: 7336.678577/3011.779181/4324.899396/0.000051110
-182/200: 7336.634020/3011.602607/4325.031413/0.000006073
-183/200: 7336.054497/3011.428021/4324.626476/0.000078990
-184/200: 7335.669683/3011.254218/4324.415465/0.000052455
-185/200: 7335.558569/3011.080775/4324.477794/0.000015147
-186/200: 7335.181268/3010.908285/4324.272983/0.000051435
-187/200: 7335.064017/3010.736189/4324.327828/0.000015985
-188/200: 7334.755534/3010.565659/4324.189875/0.000042056
-189/200: 7334.263562/3010.395369/4323.868193/0.000067074
-190/200: 7334.108838/3010.225550/4323.883288/0.000021096
-191/200: 7333.751098/3010.057049/4323.694049/0.000048777
-192/200: 7333.520089/3009.888882/4323.631207/0.000031499
-193/200: 7333.230055/3009.721154/4323.508901/0.000039549
-194/200: 7332.745394/3009.554418/4323.190976/0.000066091
-195/200: 7332.402065/3009.388968/4323.013097/0.000046821
-196/200: 7332.409950/3009.223527/4323.186423/0.000001075
-197/200: 7332.028791/3009.058289/4322.970502/0.000051983
-198/200: 7331.803957/3008.894145/4322.909812/0.000030665
-199/200: 7331.458310/3008.730774/4322.727536/0.000047144
-200/200: 7331.180638/3008.561690/4322.618948/0.000037874
Start evaluating ...
  Columns 1 through 7

    0.0815    0.0978    0.1044    0.1077    0.1098    0.1118    0.1133

  Columns 8 through 10

    0.1144    0.1151    0.1159

    0.0180

Elapsed time is 37541.718521 seconds.
