nohup: ignoring input

                            < M A T L A B (R) >
                  Copyright 1984-2016 The MathWorks, Inc.
                   R2016a (9.0.0.341360) 64-bit (glnxa64)
                             February 11, 2016

 
To get started, type one of these: helpwin, helpdesk, or demo.
For product information, visit www.mathworks.com.
 

	Academic License

Start learning ...
Init data [Dtype: delicious - Dspec: sp3/2550]
Init social model
Using adagrad ...
Params [lbd-U: 0.0100|lbd-V: 10.0000|lbd-N: 0.0100|lbd-Q: 0.0500]
Staring Sample 3 - Loc: save/ctrsmf/delicious-alg90-sp3-cold20170226125836506 
CTR-SMF Running ...

iter time likelihood converge
0001 000201 -32135390.84113 1.0000000000
0002 000395 -31327671.40442 0.0251348876
0003 000592 -30655087.28222 0.0214693302
0004 000820 -30455791.11213 0.0065012430
0005 001103 -30364154.60319 0.0030088369
0006 001388 -30300514.75152 0.0020958875
0007 001673 -30256174.42061 0.0014633524
0008 001958 -30224984.93546 0.0010308470
0009 002242 -30200957.77435 0.0007949437
0010 002516 -30181225.36110 0.0006533704
0011 002793 -30164340.01670 0.0005594652
0012 003071 -30149570.86585 0.0004896229
0013 003351 -30136494.94729 0.0004337016
0014 003625 -30124820.90114 0.0003873724
0015 003902 -30114329.41024 0.0003482673
0016 004179 -30104847.66666 0.0003148582
0017 004456 -30096235.15062 0.0002860840
0018 004729 -30088375.17855 0.0002611613
0019 005009 -30081169.70336 0.0002394770
0020 005284 -30074536.01551 0.0002205263
0021 005561 -30068404.13069 0.0002038896
0022 005837 -30062714.35168 0.0001892278
0023 006115 -30057415.16182 0.0001762712
0024 006389 -30052461.65380 0.0001648015
0025 006669 -30047814.51017 0.0001546344
0026 006945 -30043439.48644 0.0001456021
0027 007226 -30039307.03345 0.0001375493
0028 007493 -30035391.99084 0.0001303307
0029 007762 -30031673.26505 0.0001238115
0030 008030 -30028132.94427 0.0001178862
0031 008300 -30024755.24364 0.0001124845
0032 008560 -30021525.80769 0.0001075591
0033 008829 -30018431.64498 0.0001030648
0034 009101 -30015461.63626 0.0000989395
0035 009365 -30012607.35999 0.0000950935
0036 009626 -30009863.45535 0.0000914251
0037 009896 -30007226.91139 0.0000878559
0038 010155 -30004696.93002 0.0000843124
0039 010383 -30002274.76157 0.0000807263
0040 010574 -29999962.21504 0.0000770790
0041 010722 -29997760.52188 0.0000733899
0042 010905 -29995669.30466 0.0000697124
0043 011054 -29993686.59402 0.0000660999
0044 011234 -29991809.82418 0.0000625722
0045 011409 -29990036.08855 0.0000591407
0046 011562 -29988362.94361 0.0000557900
0047 011665 -29986788.89414 0.0000524887
0048 011844 -29985312.26861 0.0000492425
0049 012035 -29983929.90717 0.0000461013
0050 012179 -29982636.90940 0.0000431230
0051 012281 -29981427.57619 0.0000403345
0052 012383 -29980295.63844 0.0000377546
0053 012495 -29979233.99920 0.0000354112
0054 012654 -29978235.47180 0.0000333073
0055 012833 -29977293.69243 0.0000314154
0056 013010 -29976403.60505 0.0000296921
0057 013171 -29975561.37795 0.0000280963
0058 013317 -29974763.94083 0.0000266029
0059 013477 -29974008.69412 0.0000251961
0060 013820 -29973293.51162 0.0000238601
0061 014187 -29972616.87784 0.0000225746
0062 014547 -29971978.19159 0.0000213090
0063 014906 -29971377.89010 0.0000200288
0064 015265 -29970816.96532 0.0000187153
0065 015617 -29970296.17533 0.0000173766
0066 015953 -29969815.27567 0.0000160459
0067 016291 -29969372.85379 0.0000147622
0068 016626 -29968966.74071 0.0000135509
0069 016957 -29968594.18449 0.0000124314
0070 017301 -29968252.04601 0.0000114166
0071 017642 -29967937.24342 0.0000105045
0072 017996 -29967646.85117 0.0000096901
Start evaluating ...
  Columns 1 through 7

    0.0894    0.1052    0.1118    0.1150    0.1174    0.1193    0.1200

  Columns 8 through 10

    0.1215    0.1232    0.1248

    0.0215

Elapsed time is 18154.252213 seconds.
