nohup: ignoring input

                            < M A T L A B (R) >
                  Copyright 1984-2016 The MathWorks, Inc.
                   R2016a (9.0.0.341360) 64-bit (glnxa64)
                             February 11, 2016

 
To get started, type one of these: helpwin, helpdesk, or demo.
For product information, visit www.mathworks.com.
 

	Academic License

Start learning ...
Init data [Dtype: delicious - Dspec: sp3/2550]
Init social model
Using adagrad ...
Params [lbd-U: 1.0000|lbd-V: 100.0000|lbd-N: 1.0000|lbd-Q: 0.0500]
Staring Sample 3 - Loc: save/ctrsmf/delicious-alg90-sp3-cold20170226125835822 
CTR-SMF Running ...

iter time likelihood converge
0001 000205 -32154995.48415 1.0000000000
0002 000408 -31335208.53717 0.0254948550
0003 000615 -30662637.03388 0.0214637634
0004 000870 -30464141.42273 0.0064735336
0005 001157 -30373265.33285 0.0029830511
0006 001438 -30310188.41634 0.0020767249
0007 001719 -30266140.75828 0.0014532294
0008 001995 -30235198.11123 0.0010223519
0009 002270 -30211430.42307 0.0007860933
0010 002558 -30191961.10441 0.0006444355
0011 002847 -30175328.86419 0.0005508831
0012 003130 -30160796.97511 0.0004815818
0013 003425 -30147942.40361 0.0004262013
0014 003711 -30136475.48123 0.0003803551
0015 003996 -30126178.83407 0.0003416673
0016 004283 -30116881.26632 0.0003086209
0017 004573 -30108443.28562 0.0002801745
0018 004862 -30100748.79455 0.0002555592
0019 005153 -30093700.30307 0.0002341633
0020 005443 -30087215.98769 0.0002154709
0021 005728 -30081227.11249 0.0001990505
0022 006012 -30075675.27428 0.0001845616
0023 006292 -30070510.01100 0.0001717422
0024 006572 -30065687.07840 0.0001603875
0025 006858 -30061167.46836 0.0001503245
0026 007142 -30056916.81353 0.0001414002
0027 007422 -30052904.86375 0.0001334784
0028 007701 -30049105.44364 0.0001264244
0029 007984 -30045496.07777 0.0001201156
0030 008264 -30042057.16229 0.0001144569
0031 008546 -30038771.47482 0.0001093696
0032 008826 -30035624.15792 0.0001047752
0033 009105 -30032602.75106 0.0001005941
0034 009385 -30029697.47177 0.0000967375
0035 009666 -30026901.90751 0.0000930933
0036 009949 -30024212.71955 0.0000895593
0037 010206 -30021628.84319 0.0000860598
0038 010398 -30019150.96512 0.0000825364
0039 010585 -30016780.29320 0.0000789720
0040 010771 -30014517.61905 0.0000753803
0041 010958 -30012362.97515 0.0000717867
0042 011145 -30010315.41129 0.0000682240
0043 011330 -30008373.31245 0.0000647144
0044 011491 -30006534.16848 0.0000612877
0045 011666 -30004795.22442 0.0000579522
0046 011788 -30003154.03507 0.0000546976
0047 011938 -30001608.03965 0.0000515278
0048 012071 -30000153.77431 0.0000484729
0049 012198 -29998786.59500 0.0000455724
0050 012309 -29997501.55851 0.0000428363
0051 012458 -29996294.16288 0.0000402499
0052 012630 -29995160.30780 0.0000377998
0053 012802 -29994096.55589 0.0000354641
0054 012974 -29993100.16664 0.0000332195
0055 013146 -29992168.51398 0.0000310622
0056 013273 -29991298.64070 0.0000290033
0057 013445 -29990487.15092 0.0000270575
0058 013743 -29989730.14229 0.0000252416
0059 014104 -29989023.41111 0.0000235658
0060 014470 -29988362.84283 0.0000220270
0061 014828 -29987744.54877 0.0000206178
0062 015187 -29987164.96060 0.0000193275
0063 015544 -29986620.96277 0.0000181410
0064 015890 -29986109.76854 0.0000170474
0065 016218 -29985628.70786 0.0000160428
0066 016539 -29985175.20401 0.0000151240
0067 016856 -29984746.96804 0.0000142816
0068 017165 -29984342.08219 0.0000135031
0069 017465 -29983958.77720 0.0000127835
0070 017760 -29983595.28417 0.0000121229
0071 018051 -29983249.88748 0.0000115195
0072 018345 -29982920.82597 0.0000109748
0073 018631 -29982606.29939 0.0000104902
0074 018924 -29982304.98962 0.0000100495
0075 019193 -29982016.67711 0.0000096161
Start evaluating ...
  Columns 1 through 7

    0.0053    0.0085    0.0108    0.0127    0.0148    0.0165    0.0184

  Columns 8 through 10

    0.0196    0.0207    0.0218

    0.0017

Elapsed time is 19312.617716 seconds.
