nohup: ignoring input

                            < M A T L A B (R) >
                  Copyright 1984-2016 The MathWorks, Inc.
                   R2016a (9.0.0.341360) 64-bit (glnxa64)
                             February 11, 2016

 
To get started, type one of these: helpwin, helpdesk, or demo.
For product information, visit www.mathworks.com.
 

	Academic License

Start learning ...
Init data [Dtype: delicious - Dspec: sp3/2550]
Init social model
Using adagrad ...
Params [lbd-U: 100.0000|lbd-V: 0.1000|lbd-N: 100.0000|lbd-Q: 0.0500]
Staring Sample 3 - Loc: save/ctr/delicious-alg80-sp3-cold20170226125821099 
CTR(chongwang) Running ...

iter time likelihood:[r:u:v] converge
0001 000195 -15925.00000:[0.00000:0.00000:-0.00000] 1.0000000000
0002 000385 -15863.54882:[124.28416:-15.77029:-44.21739] 0.0038587869
0003 000570 -15606.39737:[929.58407:-182.46136:-275.51324] 0.0162102094
0004 000761 -15529.35731:[1427.72125:-356.85699:-340.51465] 0.0049364411
0005 001042 -15445.81491:[1719.06690:-419.71244:-468.79344] 0.0053796430
0006 001318 -15112.57187:[2929.42706:-692.43538:-987.85710] 0.0215749728
0007 001590 -14462.05795:[5882.43108:-1516.81962:-2007.55976] 0.0430445542
0008 001863 -14103.76081:[8492.24832:-2460.09400:-2695.96588] 0.0247749762
0009 002140 -14022.90830:[9498.29468:-2879.84095:-2933.68675] 0.0057326915
0010 002410 -13998.49297:[9819.22317:-3014.47127:-3014.08247] 0.0017411034
0011 002676 -13985.20826:[9947.68555:-3064.48363:-3048.14401] 0.0009490099
0012 002945 -13975.80097:[10014.63298:-3087.82736:-3065.92798] 0.0006726598
0013 003210 -13968.43962:[10056.73067:-3100.89500:-3076.79633] 0.0005267217
0014 003479 -13962.43430:[10086.53737:-3109.23481:-3084.21415] 0.0004299206
0015 003742 -13957.42569:[10109.22323:-3115.05629:-3089.66992] 0.0003587206
0016 004008 -13953.18706:[10127.29074:-3119.37666:-3093.89502] 0.0003036823
0017 004273 -13949.56105:[10142.12268:-3122.72582:-3097.29036] 0.0002598700
0018 004535 -13946.43208:[10154.56332:-3125.40737:-3100.09497] 0.0002243058
0019 004797 -13943.71214:[10165.16766:-3127.60837:-3102.46099] 0.0001950272
0020 005057 -13941.33252:[10174.32140:-3129.45078:-3104.49039] 0.0001706592
0021 005325 -13939.23858:[10182.30420:-3131.01782:-3106.25453] 0.0001501967
0022 005591 -13937.38628:[10189.32572:-3132.36845:-3107.80513] 0.0001328839
0023 005858 -13935.73973:[10195.54730:-3133.54578:-3109.18076] 0.0001181394
0024 006121 -13934.26937:[10201.09570:-3134.58213:-3110.41091] 0.0001055095
0025 006382 -13932.95069:[10206.07228:-3135.50226:-3111.51855] 0.0000946357
0026 006645 -13931.76316:[10210.55913:-3136.32548:-3112.52186] 0.0000852318
0027 006907 -13930.68949:[10214.62361:-3137.06704:-3113.43542] 0.0000770661
0028 007171 -13929.71507:[10218.32143:-3137.73916:-3114.27109] 0.0000699478
0029 007432 -13928.82750:[10221.69909:-3138.35174:-3115.03862] 0.0000637179
0030 007678 -13928.01624:[10224.79560:-3138.91285:-3115.74614] 0.0000582434
0031 007926 -13927.27229:[10227.64398:-3139.42916:-3116.40045] 0.0000534136
0032 008174 -13926.58795:[10230.27229:-3139.90620:-3117.00733] 0.0000491367
0033 008426 -13925.95657:[10232.70456:-3140.34859:-3117.57170] 0.0000453363
0034 008675 -13925.37238:[10234.96153:-3140.76024:-3118.09778] 0.0000419498
0035 008924 -13924.83033:[10237.06116:-3141.14449:-3118.58923] 0.0000389255
0036 009173 -13924.32597:[10239.01918:-3141.50418:-3119.04920] 0.0000362201
0037 009426 -13923.85538:[10240.84937:-3141.84181:-3119.48046] 0.0000337965
0038 009673 -13923.41507:[10242.56390:-3142.15952:-3119.88545] 0.0000316223
0039 009916 -13923.00200:[10244.17351:-3142.45922:-3120.26632] 0.0000296676
0040 010152 -13922.61348:[10245.68767:-3142.74254:-3120.62500] 0.0000279051
0041 010361 -13922.24718:[10247.11475:-3143.01096:-3120.96323] 0.0000263094
0042 010506 -13921.90109:[10248.46215:-3143.26576:-3121.28260] 0.0000248585
0043 010679 -13921.57346:[10249.73640:-3143.50806:-3121.58450] 0.0000235340
0044 010853 -13921.26271:[10250.94332:-3143.73884:-3121.87023] 0.0000223211
0045 011028 -13920.96747:[10252.08813:-3143.95898:-3122.14094] 0.0000212079
0046 011201 -13920.68649:[10253.17551:-3144.16927:-3122.39767] 0.0000201839
0047 011374 -13920.41867:[10254.20967:-3144.37040:-3122.64138] 0.0000192391
0048 011533 -13920.16302:[10255.19442:-3144.56300:-3122.87294] 0.0000183650
0049 011697 -13919.91866:[10256.13320:-3144.74765:-3123.09315] 0.0000175543
0050 011870 -13919.68480:[10257.02914:-3144.92486:-3123.30276] 0.0000168006
0051 012043 -13919.46072:[10257.88508:-3145.09509:-3123.50244] 0.0000160979
0052 012168 -13919.24579:[10258.70359:-3145.25878:-3123.69280] 0.0000154410
0053 012339 -13919.03943:[10259.48700:-3145.41628:-3123.87442] 0.0000148257
0054 012513 -13918.84110:[10260.23747:-3145.56796:-3124.04781] 0.0000142484
0055 012687 -13918.65034:[10260.95695:-3145.71413:-3124.21347] 0.0000137054
0056 012861 -13918.46671:[10261.64726:-3145.85509:-3124.37186] 0.0000131931
0057 013035 -13918.28983:[10262.31007:-3145.99111:-3124.52341] 0.0000127084
0058 013209 -13918.11934:[10262.94691:-3146.12245:-3124.66854] 0.0000122491
0059 013383 -13917.95492:[10263.55922:-3146.24936:-3124.80761] 0.0000118137
0060 013594 -13917.79625:[10264.14833:-3146.37204:-3124.94096] 0.0000114004
0061 013927 -13917.64305:[10264.71546:-3146.49071:-3125.06891] 0.0000110076
0062 014250 -13917.49506:[10265.26174:-3146.60555:-3125.19176] 0.0000106335
0063 014583 -13917.35203:[10265.78820:-3146.71672:-3125.30978] 0.0000102765
0064 014918 -13917.21377:[10266.29582:-3146.82438:-3125.42323] 0.0000099348
Start evaluating ...
  Columns 1 through 7

    0.0645    0.0847    0.0915    0.0953    0.0987    0.1015    0.1037

  Columns 8 through 10

    0.1057    0.1074    0.1086

    0.0108

Elapsed time is 15077.387288 seconds.
