nohup: ignoring input

                            < M A T L A B (R) >
                  Copyright 1984-2016 The MathWorks, Inc.
                   R2016a (9.0.0.341360) 64-bit (glnxa64)
                             February 11, 2016

 
To get started, type one of these: helpwin, helpdesk, or demo.
For product information, visit www.mathworks.com.
 

	Academic License

Start learning ...
Init data [Dtype: delicious - Dspec: sp3/5050]
Init social model
Using adagrad ...
Load pretrained shallow-model...
Could not use CUDA
Params [lbd-U: 0.1000|lbd-V: 0.1000|lbd-N: 0.1000|lbd-Q: 0.0100]
Staring Sample 3 - Loc: save/bcdl/delicious-alg61-sp3-cold20170227105048352 
CTR(chongwang)-DAE(User graph) Running - Walks(1)...
-1/200: 47593.223744/4015.125639/43578.098105/1.000000000
-2/200: 46249.153423/2751.043594/43498.109829/0.028240792
-3/200: 46156.776598/2644.213817/43512.562781/0.001997373
-4/200: 46118.811362/2601.468664/43517.342698/0.000822528
-5/200: 46088.129651/2571.681665/43516.447986/0.000665275
-6/200: 46066.147625/2549.590572/43516.557053/0.000476956
-7/200: 46051.204527/2532.421045/43518.783482/0.000324384
-8/200: 46037.851321/2518.610055/43519.241266/0.000289964
-9/200: 46026.092575/2507.219955/43518.872620/0.000255415
-10/200: 46016.957102/2497.651750/43519.305352/0.000198485
-11/200: 46008.102513/2489.501992/43518.600521/0.000192420
-12/200: 46000.489244/2482.486044/43518.003200/0.000165477
-13/200: 45995.528334/2476.393756/43519.134578/0.000107845
-14/200: 45990.896870/2471.066742/43519.830128/0.000100694
-15/200: 45985.256177/2466.381565/43518.874612/0.000122648
-16/200: 45981.311573/2462.239735/43519.071838/0.000085780
-17/200: 45978.515638/2458.562100/43519.953538/0.000060806
-18/200: 45976.564468/2455.283717/43521.280751/0.000042437
-19/200: 45972.719486/2452.351034/43520.368452/0.000083629
-20/200: 45970.499151/2449.719143/43520.780008/0.000048297
-21/200: 45966.887680/2447.350530/43519.537150/0.000078561
-22/200: 45966.371591/2445.212662/43521.158929/0.000011227
-23/200: 45964.936627/2443.278205/43521.658422/0.000031218
-24/200: 45963.701184/2441.523901/43522.177283/0.000026878
-25/200: 45961.172048/2439.929216/43521.242832/0.000055025
-26/200: 45959.886604/2438.476439/43521.410165/0.000027968
-27/200: 45958.168823/2437.150448/43521.018375/0.000037376
-28/200: 45958.971128/2435.937401/43523.033727/0.000017457
-29/200: 45957.556983/2434.825791/43522.731192/0.000030770
-30/200: 45956.057304/2433.805289/43522.252015/0.000032632
-31/200: 45955.185850/2432.866508/43522.319342/0.000018963
-32/200: 45955.076588/2432.001500/43523.075088/0.000002378
-33/200: 45951.975646/2431.203038/43520.772608/0.000067478
-34/200: 45953.538754/2430.464541/43523.074213/0.000034016
-35/200: 45951.054997/2429.780373/43521.274624/0.000054049
-36/200: 45952.003143/2429.145562/43522.857581/0.000020634
-37/200: 45951.643771/2428.555348/43523.088423/0.000007821
-38/200: 45950.563760/2428.005726/43522.558034/0.000023503
-39/200: 45950.709898/2427.493105/43523.216793/0.000003180
-40/200: 45949.918994/2427.014163/43522.904831/0.000017212
-41/200: 45950.779896/2426.565928/43524.213968/0.000018736
-42/200: 45950.508286/2426.145881/43524.362405/0.000005911
-43/200: 45949.872767/2425.751442/43524.121325/0.000013831
-44/200: 45949.673844/2425.380459/43524.293385/0.000004329
-45/200: 45949.114870/2425.031099/43524.083771/0.000012165
-46/200: 45948.964721/2424.701550/43524.263171/0.000003268
-47/200: 45949.345181/2424.390185/43524.954996/0.000008280
-48/200: 45948.948797/2424.095749/43524.853048/0.000008627
-49/200: 45947.599100/2423.816857/43523.782243/0.000029374
-50/200: 45947.787133/2423.552225/43524.234908/0.000004092
-51/200: 45947.506833/2423.301060/43524.205773/0.000006100
-52/200: 45948.943638/2423.062079/43525.881559/0.000031271
-53/200: 45947.159205/2422.834775/43524.324430/0.000038835
-54/200: 45947.562681/2422.618207/43524.944474/0.000008781
-55/200: 45947.442277/2422.411496/43525.030781/0.000002620
-56/200: 45947.259234/2422.214078/43525.045156/0.000003984
-57/200: 45947.433366/2422.025477/43525.407889/0.000003790
-58/200: 45947.825592/2421.845064/43525.980528/0.000008536
-59/200: 45947.259062/2421.672394/43525.586668/0.000012330
-60/200: 45947.363498/2421.506720/43525.856778/0.000002273
-61/200: 45946.371813/2421.347862/43525.023951/0.000021583
-62/200: 45947.577237/2421.195410/43526.381827/0.000026235
-63/200: 45946.776105/2421.048897/43525.727208/0.000017436
-64/200: 45948.241148/2420.907906/43527.333242/0.000031886
-65/200: 45948.083076/2420.772539/43527.310537/0.000003440
-66/200: 45947.702152/2420.642182/43527.059970/0.000008290
-67/200: 45946.720741/2420.516546/43526.204195/0.000021359
-68/200: 45946.695625/2420.395424/43526.300201/0.000000547
-69/200: 45946.840037/2420.278685/43526.561352/0.000003143
-70/200: 45946.644015/2420.165920/43526.478095/0.000004266
-71/200: 45947.433416/2420.057230/43527.376186/0.000017181
-72/200: 45946.830790/2419.952071/43526.878719/0.000013116
-73/200: 45947.811132/2419.850524/43527.960608/0.000021336
-74/200: 45947.394157/2419.752365/43527.641792/0.000009075
-75/200: 45946.947912/2419.657406/43527.290506/0.000009712
-76/200: 45947.829705/2419.565455/43528.264250/0.000019192
-77/200: 45947.964209/2419.476501/43528.487708/0.000002927
-78/200: 45947.763373/2419.390168/43528.373205/0.000004371
-79/200: 45946.767410/2419.306686/43527.460724/0.000021676
-80/200: 45946.869908/2419.225605/43527.644303/0.000002231
-81/200: 45947.381448/2419.146912/43528.234536/0.000011133
-82/200: 45948.121484/2419.070708/43529.050776/0.000016106
-83/200: 45947.266455/2418.996644/43528.269811/0.000018609
-84/200: 45947.069836/2418.924663/43528.145173/0.000004279
-85/200: 45947.699532/2418.854726/43528.844806/0.000013705
-86/200: 45947.681618/2418.786717/43528.894901/0.000000390
-87/200: 45947.821165/2418.720651/43529.100514/0.000003037
-88/200: 45948.122681/2418.656625/43529.466056/0.000006562
-89/200: 45947.681713/2418.594127/43529.087586/0.000009597
-90/200: 45947.946759/2418.533391/43529.413368/0.000005768
-91/200: 45947.909381/2418.474193/43529.435188/0.000000813
-92/200: 45948.214038/2418.416507/43529.797531/0.000006630
-93/200: 45947.967366/2418.360363/43529.607003/0.000005368
-94/200: 45948.632616/2418.305733/43530.326883/0.000014478
-95/200: 45948.310469/2418.252330/43530.058139/0.000007011
-96/200: 45947.854098/2418.200417/43529.653681/0.000009932
-97/200: 45948.307950/2418.149913/43530.158037/0.000009878
-98/200: 45948.567021/2418.100517/43530.466504/0.000005638
-99/200: 45948.706709/2418.052365/43530.654344/0.000003040
Recall at EP-100 ...
  Columns 1 through 7

    0.1455    0.1905    0.2081    0.2155    0.2224    0.2299    0.2400

  Columns 8 through 10

    0.2509    0.2614    0.2720

Mrr at EP-100 ...
    0.0330

-100/200: 45948.316482/2418.005427/43530.311055/0.000008493
-101/200: 45948.036819/2417.959506/43530.077313/0.000006086
-102/200: 45948.502654/2417.914768/43530.587886/0.000010138
-103/200: 45949.067565/2417.871048/43531.196517/0.000012294
-104/200: 45948.428859/2417.828288/43530.600571/0.000013900
-105/200: 45949.013211/2417.786383/43531.226828/0.000012718
-106/200: 45948.542130/2417.745676/43530.796454/0.000010252
-107/200: 45948.983829/2417.705899/43531.277930/0.000009613
-108/200: 45949.376762/2417.666852/43531.709910/0.000008551
-109/200: 45948.889194/2417.628673/43531.260521/0.000010611
-110/200: 45948.730622/2417.591371/43531.139251/0.000003451
-111/200: 45949.575747/2417.555096/43532.020651/0.000018393
-112/200: 45949.388883/2417.519629/43531.869254/0.000004067
-113/200: 45949.156925/2417.484827/43531.672098/0.000005048
-114/200: 45948.948329/2417.450761/43531.497568/0.000004540
-115/200: 45949.287041/2417.417447/43531.869594/0.000007371
-116/200: 45949.223226/2417.384774/43531.838452/0.000001389
-117/200: 45949.743878/2417.352825/43532.391053/0.000011331
-118/200: 45949.644263/2417.321630/43532.322633/0.000002168
-119/200: 45950.027686/2417.290972/43532.736714/0.000008344
-120/200: 45949.794147/2417.260861/43532.533286/0.000005082
-121/200: 45950.179327/2417.231334/43532.947993/0.000008383
-122/200: 45950.221835/2417.202466/43533.019369/0.000000925
-123/200: 45949.922461/2417.174219/43532.748242/0.000006515
-124/200: 45950.169571/2417.146414/43533.023157/0.000005378
-125/200: 45950.185250/2417.119360/43533.065890/0.000000341
-126/200: 45950.127093/2417.092702/43533.034391/0.000001266
-127/200: 45950.152386/2417.066660/43533.085726/0.000000550
-128/200: 45950.221524/2417.041161/43533.180363/0.000001505
-129/200: 45950.267811/2417.015878/43533.251933/0.000001007
-130/200: 45950.858783/2416.991287/43533.867496/0.000012861
-131/200: 45950.269997/2416.967093/43533.302904/0.000012813
-132/200: 45950.824367/2416.943474/43533.880893/0.000012065
-133/200: 45950.937239/2416.920304/43534.016935/0.000002456
-134/200: 45951.379019/2416.897467/43534.481552/0.000009614
-135/200: 45950.584903/2416.875056/43533.709847/0.000017282
-136/200: 45950.793254/2416.853038/43533.940216/0.000004534
-137/200: 45951.433288/2416.831465/43534.601823/0.000013929
-138/200: 45951.217208/2416.810234/43534.406974/0.000004702
-139/200: 45951.121065/2416.789291/43534.331774/0.000002092
-140/200: 45951.421622/2416.768909/43534.652713/0.000006541
-141/200: 45951.575741/2416.748885/43534.826856/0.000003354
-142/200: 45951.275192/2416.729148/43534.546044/0.000006541
-143/200: 45951.634730/2416.709854/43534.924876/0.000007824
-144/200: 45951.781064/2416.690822/43535.090242/0.000003185
-145/200: 45951.967678/2416.672223/43535.295455/0.000004061
-146/200: 45951.853384/2416.653787/43535.199597/0.000002487
-147/200: 45952.022133/2416.635722/43535.386411/0.000003672
-148/200: 45951.681600/2416.617888/43535.063712/0.000007411
-149/200: 45952.041574/2416.600344/43535.441230/0.000007834
-150/200: 45952.196220/2416.583236/43535.612984/0.000003365
-151/200: 45952.228338/2416.566497/43535.661841/0.000000699
-152/200: 45952.240591/2416.549998/43535.690593/0.000000267
-153/200: 45952.301330/2416.533647/43535.767683/0.000001322
-154/200: 45952.457025/2416.517607/43535.939418/0.000003388
-155/200: 45952.408158/2416.501876/43535.906282/0.000001063
-156/200: 45952.517960/2416.486433/43536.031527/0.000002389
-157/200: 45953.008952/2416.471206/43536.537746/0.000010685
-158/200: 45952.873736/2416.456216/43536.417520/0.000002942
-159/200: 45953.023796/2416.441622/43536.582174/0.000003266
-160/200: 45953.098148/2416.427219/43536.670929/0.000001618
-161/200: 45952.708430/2416.412926/43536.295504/0.000008481
-162/200: 45952.962214/2416.398775/43536.563439/0.000005523
-163/200: 45953.452647/2416.385030/43537.067617/0.000010673
-164/200: 45953.045816/2416.371491/43536.674325/0.000008853
-165/200: 45953.565722/2416.358171/43537.207551/0.000011314
-166/200: 45953.421128/2416.345042/43537.076086/0.000003147
-167/200: 45953.403506/2416.332116/43537.071390/0.000000383
-168/200: 45953.677152/2416.319486/43537.357666/0.000005955
-169/200: 45953.591432/2416.306884/43537.284548/0.000001865
-170/200: 45953.712577/2416.294581/43537.417996/0.000002636
-171/200: 45953.792533/2416.282524/43537.510009/0.000001740
-172/200: 45954.118366/2416.270499/43537.847867/0.000007090
-173/200: 45953.745048/2416.258667/43537.486381/0.000008124
-174/200: 45954.545939/2416.247133/43538.298806/0.000017428
-175/200: 45954.006369/2416.235689/43537.770680/0.000011741
-176/200: 45954.495554/2416.224533/43538.271021/0.000010645
-177/200: 45954.618488/2416.213496/43538.404992/0.000002675
-178/200: 45954.428285/2416.202634/43538.225651/0.000004139
-179/200: 45954.552665/2416.191884/43538.360781/0.000002707
-180/200: 45954.382080/2416.181303/43538.200777/0.000003712
-181/200: 45954.893246/2416.170947/43538.722299/0.000011123
-182/200: 45954.792505/2416.160678/43538.631827/0.000002192
-183/200: 45955.042340/2416.150653/43538.891687/0.000005437
-184/200: 45955.165246/2416.140787/43539.024459/0.000002674
-185/200: 45955.319178/2416.131094/43539.188084/0.000003350
-186/200: 45955.179285/2416.121466/43539.057819/0.000003044
-187/200: 45955.218716/2416.111958/43539.106758/0.000000858
-188/200: 45955.525156/2416.102771/43539.422385/0.000006668
-189/200: 45955.622942/2416.093560/43539.529382/0.000002128
-190/200: 45955.598387/2416.084607/43539.513780/0.000000534
-191/200: 45955.757170/2416.075651/43539.681519/0.000003455
-192/200: 45955.985238/2416.067101/43539.918137/0.000004963
-193/200: 45955.842236/2416.058383/43539.783853/0.000003112
-194/200: 45955.810174/2416.049945/43539.760229/0.000000698
-195/200: 45956.143806/2416.041746/43540.102060/0.000007260
-196/200: 45955.901900/2416.033413/43539.868487/0.000005264
-197/200: 45956.063892/2416.025138/43540.038754/0.000003525
-198/200: 45955.872529/2416.017061/43539.855468/0.000004164
-199/200: 45956.457079/2416.009088/43540.447991/0.000012720
-200/200: 45956.171550/2415.994262/43540.177288/0.000006213
Start evaluating ...
  Columns 1 through 7

    0.1449    0.1908    0.2078    0.2157    0.2225    0.2315    0.2419

  Columns 8 through 10

    0.2533    0.2651    0.2770

    0.0329

Elapsed time is 58901.048815 seconds.
