nohup: ignoring input

                            < M A T L A B (R) >
                  Copyright 1984-2016 The MathWorks, Inc.
                   R2016a (9.0.0.341360) 64-bit (glnxa64)
                             February 11, 2016

 
To get started, type one of these: helpwin, helpdesk, or demo.
For product information, visit www.mathworks.com.
 

	Academic License

Start learning ...
Init data [Dtype: delicious - Dspec: sp3/0550]
Init social model
Using adagrad ...
Load pretrained shallow-model...
Params [lbd-U: 0.0100|lbd-V: 100.0000|lbd-N: 0.0100|lbd-Q: 0.1000]
Staring Sample 3 - Loc: save/bcdl/delicious-alg61-sp3-cold20170224210011034 
CTR(chongwang)-DAE(User graph) Running - Walks(1)...
-1/200: 6114.211876/1756.402065/4357.809811/1.000000000
-2/200: 6333.277108/1983.636724/4349.640384/0.035828859
-3/200: 6066.892864/1717.754798/4349.138066/0.042061044
-4/200: 5930.871160/1581.920435/4348.950725/0.022420324
-5/200: 5898.456017/1549.772763/4348.683254/0.005465494
-6/200: 5900.200948/1551.676423/4348.524525/0.000295828
-7/200: 5913.920603/1565.323787/4348.596816/0.002325286
-8/200: 5931.802966/1583.319698/4348.483268/0.003023775
-9/200: 5951.160692/1602.869342/4348.291350/0.003263380
-10/200: 5971.001336/1622.814231/4348.187105/0.003333912
-11/200: 5990.645276/1642.660313/4347.984963/0.003289890
-12/200: 6009.953004/1662.191208/4347.761796/0.003222980
-13/200: 6029.057837/1681.308261/4347.749576/0.003178866
-14/200: 6047.613759/1699.965934/4347.647825/0.003077748
-15/200: 6065.529868/1718.144634/4347.385234/0.002962509
-16/200: 6083.115419/1735.828326/4347.287093/0.002899260
-17/200: 6100.247114/1753.007721/4347.239393/0.002816270
-18/200: 6116.900849/1769.675878/4347.224971/0.002730010
-19/200: 6132.815956/1785.827508/4346.988448/0.002601825
-20/200: 6148.354899/1801.452203/4346.902696/0.002533737
-21/200: 6163.181696/1816.543820/4346.637876/0.002411506
-22/200: 6177.711496/1831.091744/4346.619752/0.002357516
-23/200: 6191.602648/1845.085008/4346.517640/0.002248592
-24/200: 6204.960205/1858.514161/4346.446044/0.002157367
-25/200: 6217.566807/1871.373325/4346.193482/0.002031698
-26/200: 6229.680448/1883.653892/4346.026556/0.001948293
-27/200: 6241.236559/1895.350521/4345.886038/0.001855009
-28/200: 6252.403162/1906.459397/4345.943765/0.001789165
-29/200: 6262.772953/1916.977085/4345.795868/0.001658529
-30/200: 6272.475593/1926.902867/4345.572726/0.001549256
-31/200: 6281.695558/1936.237144/4345.458414/0.001469908
-32/200: 6290.346329/1944.982377/4345.363952/0.001377140
-33/200: 6298.180320/1953.144295/4345.036025/0.001245399
-34/200: 6305.846342/1960.730023/4345.116319/0.001217180
-35/200: 6312.578728/1967.752673/4344.826055/0.001067642
-36/200: 6319.004212/1974.226864/4344.777348/0.001017886
-37/200: 6324.839437/1980.171921/4344.667516/0.000923441
-38/200: 6330.100665/1985.605771/4344.494894/0.000831836
-39/200: 6334.965224/1990.552536/4344.412688/0.000768481
-40/200: 6339.287426/1995.034796/4344.252630/0.000682277
-41/200: 6343.282500/1999.077867/4344.204633/0.000630209
-42/200: 6346.811367/2002.705158/4344.106209/0.000556315
-43/200: 6349.928353/2005.941146/4343.987207/0.000491111
-44/200: 6352.681377/2008.807389/4343.873988/0.000433552
-45/200: 6355.016904/2011.328233/4343.688671/0.000367644
-46/200: 6357.083526/2013.522670/4343.560856/0.000325195
-47/200: 6358.918319/2015.414165/4343.504154/0.000288622
-48/200: 6360.386742/2017.024303/4343.362439/0.000230923
-49/200: 6361.476637/2018.375438/4343.101199/0.000171357
-50/200: 6362.512280/2019.489177/4343.023103/0.000162799
-51/200: 6363.312090/2020.386966/4342.925124/0.000125707
-52/200: 6364.026935/2021.088865/4342.938070/0.000112338
-53/200: 6364.273279/2021.618137/4342.655142/0.000038709
-54/200: 6364.524994/2021.995125/4342.529869/0.000039551
-55/200: 6364.691400/2022.240837/4342.450563/0.000026146
-56/200: 6364.682987/2022.375822/4342.307165/0.000001322
-57/200: 6364.589770/2022.417860/4342.171910/0.000014646
-58/200: 6364.417811/2022.383480/4342.034331/0.000027018
-59/200: 6364.183598/2022.288140/4341.895458/0.000036800
-60/200: 6364.000630/2022.142197/4341.858433/0.000028750
-61/200: 6363.581707/2021.957997/4341.623710/0.000065827
-62/200: 6363.405489/2021.744711/4341.660778/0.000027692
-63/200: 6362.934820/2021.509188/4341.425632/0.000073965
-64/200: 6362.724685/2021.258453/4341.466232/0.000033025
-65/200: 6362.266108/2020.997300/4341.268808/0.000072072
-66/200: 6361.795386/2020.728772/4341.066614/0.000073987
-67/200: 6361.335100/2020.457782/4340.877318/0.000072351
-68/200: 6360.988758/2020.184954/4340.803804/0.000054445
-69/200: 6360.626902/2019.912402/4340.714500/0.000056887
-70/200: 6360.169477/2019.641587/4340.527890/0.000071915
-71/200: 6359.831128/2019.372560/4340.458568/0.000053198
-72/200: 6359.492201/2019.105386/4340.386815/0.000053292
-73/200: 6359.054980/2018.841032/4340.213948/0.000068751
-74/200: 6358.651802/2018.579358/4340.072444/0.000063402
-75/200: 6358.251155/2018.319540/4339.931615/0.000063008
-76/200: 6357.950454/2018.062062/4339.888392/0.000047293
-77/200: 6357.555891/2017.807349/4339.748542/0.000062058
-78/200: 6357.298004/2017.554165/4339.743839/0.000040564
-79/200: 6356.702660/2017.303535/4339.399125/0.000093647
-80/200: 6356.324675/2017.055449/4339.269226/0.000059462
-81/200: 6356.069638/2016.808714/4339.260924/0.000040123
-82/200: 6355.677955/2016.564508/4339.113447/0.000061624
-83/200: 6355.263507/2016.322024/4338.941483/0.000065209
-84/200: 6354.918589/2016.081889/4338.836700/0.000054273
-85/200: 6354.580634/2015.843453/4338.737181/0.000053180
-86/200: 6354.268089/2015.607175/4338.660914/0.000049184
-87/200: 6353.897117/2015.372374/4338.524743/0.000058382
-88/200: 6353.557710/2015.139183/4338.418527/0.000053417
-89/200: 6353.121117/2014.908408/4338.212709/0.000068716
-90/200: 6352.823920/2014.679154/4338.144766/0.000046780
-91/200: 6352.592406/2014.451136/4338.141270/0.000036443
-92/200: 6352.183336/2014.225037/4337.958299/0.000064394
-93/200: 6351.789327/2014.000400/4337.788927/0.000062027
-94/200: 6351.516591/2013.777738/4337.738853/0.000042939
-95/200: 6351.135339/2013.556420/4337.578919/0.000060025
-96/200: 6350.730377/2013.336791/4337.393586/0.000063762
-97/200: 6350.348501/2013.119128/4337.229373/0.000060131
-98/200: 6350.147856/2012.902712/4337.245144/0.000031596
-99/200: 6349.776790/2012.687568/4337.089222/0.000058434
Recall at EP-100 ...
  Columns 1 through 7

    0.0006    0.0008    0.0011    0.0015    0.0016    0.0016    0.0018

  Columns 8 through 10

    0.0021    0.0022    0.0026

Mrr at EP-100 ...
   4.4774e-04

-100/200: 6349.335810/2012.473876/4336.861934/0.000069448
-101/200: 6349.081647/2012.261326/4336.820321/0.000040030
-102/200: 6348.714974/2012.050527/4336.664447/0.000057752
-103/200: 6348.474451/2011.841223/4336.633228/0.000037885
-104/200: 6348.144885/2011.632919/4336.511966/0.000051913
-105/200: 6347.818608/2011.425746/4336.392862/0.000051397
-106/200: 6347.339243/2011.220531/4336.118712/0.000075517
-107/200: 6347.030276/2011.016013/4336.014263/0.000048677
-108/200: 6346.919744/2010.812851/4336.106893/0.000017415
-109/200: 6346.517260/2010.610831/4335.906429/0.000063414
-110/200: 6346.135854/2010.409796/4335.726058/0.000060097
-111/200: 6345.726622/2010.210741/4335.515881/0.000064485
-112/200: 6345.465376/2010.012507/4335.452869/0.000041169
-113/200: 6345.119416/2009.815256/4335.304160/0.000054521
-114/200: 6344.792844/2009.619588/4335.173256/0.000051468
-115/200: 6344.442308/2009.425107/4335.017201/0.000055248
-116/200: 6344.177213/2009.231275/4334.945938/0.000041784
-117/200: 6343.925059/2009.038618/4334.886441/0.000039746
-118/200: 6343.560940/2008.846748/4334.714192/0.000057397
-119/200: 6343.241210/2008.656784/4334.584426/0.000050402
-120/200: 6343.019803/2008.467126/4334.552677/0.000034904
-121/200: 6342.784803/2008.278664/4334.506139/0.000037049
-122/200: 6342.436829/2008.091042/4334.345787/0.000054862
-123/200: 6341.982444/2007.904507/4334.077937/0.000071642
-124/200: 6341.830418/2007.719138/4334.111280/0.000023971
-125/200: 6341.462057/2007.534810/4333.927247/0.000058084
-126/200: 6341.149066/2007.350940/4333.798126/0.000049356
-127/200: 6340.758364/2007.168833/4333.589531/0.000061614
-128/200: 6340.411048/2006.987483/4333.423565/0.000054775
-129/200: 6340.385720/2006.806572/4333.579148/0.000003995
-130/200: 6339.994993/2006.626463/4333.368530/0.000061625
-131/200: 6339.574305/2006.447924/4333.126381/0.000066355
-132/200: 6339.245502/2006.269837/4332.975665/0.000051865
-133/200: 6338.865193/2006.093240/4332.771953/0.000059993
-134/200: 6338.756635/2005.917261/4332.839374/0.000017126
-135/200: 6338.374102/2005.742586/4332.631516/0.000060348
-136/200: 6338.157150/2005.567918/4332.589232/0.000034228
-137/200: 6337.874373/2005.394218/4332.480155/0.000044615
-138/200: 6337.574097/2005.221656/4332.352441/0.000047378
-139/200: 6337.320107/2005.049593/4332.270514/0.000040077
-140/200: 6336.970418/2004.878217/4332.092201/0.000055179
-141/200: 6336.529915/2004.708201/4331.821714/0.000069513
-142/200: 6336.349264/2004.538971/4331.810293/0.000028509
-143/200: 6335.993982/2004.370514/4331.623468/0.000056070
-144/200: 6335.913389/2004.202385/4331.711004/0.000012720
-145/200: 6335.474032/2004.035687/4331.438345/0.000069344
-146/200: 6335.304609/2003.869121/4331.435488/0.000026742
-147/200: 6334.973755/2003.703351/4331.270404/0.000052224
-148/200: 6334.737741/2003.538386/4331.199355/0.000037256
-149/200: 6334.422731/2003.374222/4331.048509/0.000049727
-150/200: 6334.057551/2003.210859/4330.846692/0.000057650
-151/200: 6333.721937/2003.048011/4330.673926/0.000052986
-152/200: 6333.539819/2002.886095/4330.653724/0.000028754
-153/200: 6333.295832/2002.725085/4330.570747/0.000038523
-154/200: 6333.033133/2002.564291/4330.468842/0.000041479
-155/200: 6332.671406/2002.404089/4330.267317/0.000057117
-156/200: 6332.424786/2002.245067/4330.179719/0.000038944
-157/200: 6332.107327/2002.086617/4330.020710/0.000050132
-158/200: 6331.918810/2001.928901/4329.989909/0.000029772
-159/200: 6331.484723/2001.771808/4329.712915/0.000068555
-160/200: 6331.234021/2001.615046/4329.618975/0.000039596
-161/200: 6331.112106/2001.459298/4329.652808/0.000019256
-162/200: 6330.811864/2001.304246/4329.507618/0.000047423
-163/200: 6330.582196/2001.149462/4329.432734/0.000036278
-164/200: 6330.069542/2000.995650/4329.073892/0.000080981
-165/200: 6329.973511/2000.842210/4329.131301/0.000015171
-166/200: 6329.583252/2000.689790/4328.893462/0.000061653
-167/200: 6329.428774/2000.536811/4328.891963/0.000024406
-168/200: 6329.146635/2000.385286/4328.761349/0.000044576
-169/200: 6328.844431/2000.234360/4328.610071/0.000047748
-170/200: 6328.500119/2000.083665/4328.416454/0.000054404
-171/200: 6328.253969/1999.934137/4328.319832/0.000038896
-172/200: 6328.102632/1999.784897/4328.317735/0.000023914
-173/200: 6327.692727/1999.636093/4328.056634/0.000064775
-174/200: 6327.435013/1999.488338/4327.946675/0.000040728
-175/200: 6327.339654/1999.340581/4327.999073/0.000015071
-176/200: 6326.813784/1999.193722/4327.620062/0.000083111
-177/200: 6326.600153/1999.047231/4327.552922/0.000033766
-178/200: 6326.526682/1998.901495/4327.625187/0.000011613
-179/200: 6326.236137/1998.755646/4327.480491/0.000045925
-180/200: 6325.878036/1998.611055/4327.266981/0.000056606
-181/200: 6325.543203/1998.467106/4327.076097/0.000052931
-182/200: 6325.537841/1998.322881/4327.214960/0.000000848
-183/200: 6325.043882/1998.179621/4326.864261/0.000078090
-184/200: 6324.783446/1998.037245/4326.746201/0.000041175
-185/200: 6324.581305/1997.894747/4326.686558/0.000031960
-186/200: 6324.262804/1997.752994/4326.509810/0.000050359
-187/200: 6324.219925/1997.611675/4326.608250/0.000006780
-188/200: 6323.795871/1997.471523/4326.324348/0.000067052
-189/200: 6323.450318/1997.330996/4326.119322/0.000054643
-190/200: 6323.271048/1997.191185/4326.079863/0.000028350
-191/200: 6322.970365/1997.052085/4325.918280/0.000047552
-192/200: 6322.759717/1996.913424/4325.846293/0.000033315
-193/200: 6322.488498/1996.774650/4325.713848/0.000042896
-194/200: 6322.179816/1996.636870/4325.542946/0.000048823
-195/200: 6321.791197/1996.500070/4325.291127/0.000061469
-196/200: 6321.712151/1996.363136/4325.349015/0.000012504
-197/200: 6321.542702/1996.226123/4325.316579/0.000026804
-198/200: 6321.318500/1996.090626/4325.227874/0.000035466
-199/200: 6321.044108/1995.954530/4325.089578/0.000043408
-200/200: 6320.721203/1995.816289/4324.904914/0.000051084
Start evaluating ...
  Columns 1 through 7

    0.0008    0.0011    0.0015    0.0021    0.0022    0.0023    0.0026

  Columns 8 through 10

    0.0027    0.0029    0.0030

   4.5576e-04

Elapsed time is 17593.987063 seconds.
