nohup: ignoring input

                            < M A T L A B (R) >
                  Copyright 1984-2016 The MathWorks, Inc.
                   R2016a (9.0.0.341360) 64-bit (glnxa64)
                             February 11, 2016

 
To get started, type one of these: helpwin, helpdesk, or demo.
For product information, visit www.mathworks.com.
 

	Academic License

Start learning ...
Init data [Dtype: delicious - Dspec: sp3/5050]
Init social model
Using adagrad ...
Load pretrained shallow-model...
Could not use CUDA
Params [lbd-U: 0.1000|lbd-V: 10.0000|lbd-N: 0.1000|lbd-Q: 0.0100]
Staring Sample 3 - Loc: save/bcdl/delicious-alg61-sp3-cold20170227105048700 
CTR(chongwang)-DAE(User graph) Running - Walks(1)...
-1/200: 62924.009541/19345.911436/43578.098105/1.000000000
-2/200: 55137.733004/11639.623175/43498.109829/0.123740947
-3/200: 54836.177401/11344.605239/43491.572162/0.005469133
-4/200: 54644.601105/11154.876520/43489.724585/0.003493611
-5/200: 54515.290893/11028.089635/43487.201258/0.002366386
-6/200: 54413.560925/10927.703005/43485.857920/0.001866081
-7/200: 54326.625418/10839.790713/43486.834705/0.001597681
-8/200: 54245.225606/10759.067519/43486.158087/0.001498341
-9/200: 54170.019781/10685.280581/43484.739200/0.001386404
-10/200: 54104.728854/10620.049223/43484.679631/0.001205296
-11/200: 54047.246919/10563.386829/43483.860090/0.001062420
-12/200: 53996.101795/10513.785787/43482.316008/0.000946304
-13/200: 53953.087286/10469.733837/43483.353449/0.000796622
-14/200: 53913.320033/10430.178794/43483.141239/0.000737071
-15/200: 53875.518872/10394.382077/43481.136795/0.000701147
-16/200: 53843.803518/10361.737289/43482.066229/0.000588678
-17/200: 53814.181218/10331.795415/43482.385803/0.000550152
-18/200: 53788.815789/10304.174521/43484.641268/0.000471352
-19/200: 53760.579260/10278.599698/43481.979562/0.000524952
-20/200: 53736.793267/10254.802815/43481.990452/0.000442443
-21/200: 53712.413678/10232.596601/43479.817077/0.000453685
-22/200: 53692.843429/10211.822509/43481.020920/0.000364352
-23/200: 53675.930756/10192.326164/43483.604592/0.000314989
-24/200: 53656.155147/10174.021823/43482.133324/0.000368426
-25/200: 53635.522591/10156.820412/43478.702179/0.000384533
-26/200: 53620.015216/10140.660123/43479.355093/0.000289125
-27/200: 53606.423398/10125.490521/43480.932877/0.000253484
-28/200: 53590.263880/10111.296486/43478.967394/0.000301447
-29/200: 53578.524629/10098.059180/43480.465449/0.000219056
-30/200: 53563.558229/10085.789481/43477.768748/0.000279336
-31/200: 53555.078622/10074.505705/43480.572917/0.000158309
-32/200: 53540.451130/10064.249992/43476.201138/0.000273130
-33/200: 53532.574769/10055.069621/43477.505148/0.000147110
-34/200: 53528.537562/10047.012925/43481.524637/0.000075416
-35/200: 53518.181042/10040.142247/43478.038795/0.000193477
-36/200: 53511.701612/10034.485931/43477.215681/0.000121070
-37/200: 53504.371072/10030.058145/43474.312927/0.000136989
-38/200: 53503.727022/10026.784361/43476.942661/0.000012037
-39/200: 53497.002896/10024.541168/43472.461728/0.000125676
-40/200: 53499.288598/10023.116231/43476.172367/0.000042726
-41/200: 53494.809972/10022.287044/43472.522928/0.000083714
-42/200: 53496.717933/10021.834316/43474.883617/0.000035666
-43/200: 53500.270536/10021.590483/43478.680053/0.000066408
-44/200: 53497.424978/10021.441884/43475.983094/0.000053188
-45/200: 53497.940837/10021.320163/43476.620674/0.000009643
-46/200: 53500.224786/10021.184403/43479.040383/0.000042692
-47/200: 53499.954478/10021.014504/43478.939974/0.000005052
-48/200: 53500.396263/10020.803224/43479.593039/0.000008258
-49/200: 53501.437034/10020.549050/43480.887984/0.000019454
-50/200: 53492.512795/10020.254935/43472.257860/0.000166804
-51/200: 53497.728981/10019.921807/43477.807174/0.000097512
-52/200: 53496.672174/10019.554776/43477.117398/0.000019754
-53/200: 53494.297013/10019.159315/43475.137698/0.000044398
-54/200: 53498.731842/10018.740475/43479.991367/0.000082903
-55/200: 53498.048908/10018.300683/43479.748225/0.000012765
-56/200: 53493.445951/10017.847849/43475.598102/0.000086040
-57/200: 53498.179384/10017.386272/43480.793112/0.000088486
-58/200: 53493.718024/10016.919423/43476.798601/0.000083393
-59/200: 53490.522612/10016.450664/43474.071948/0.000059734
-60/200: 53495.733997/10015.980933/43479.753064/0.000097426
-61/200: 53491.091461/10015.518674/43475.572787/0.000086783
-62/200: 53494.011101/10015.060372/43478.950729/0.000054582
-63/200: 53489.291086/10014.611513/43474.679573/0.000088234
-64/200: 53495.581678/10014.170207/43481.411471/0.000117605
-65/200: 53490.917668/10013.741877/43477.175791/0.000087185
-66/200: 53492.538914/10013.324149/43479.214765/0.000030309
-67/200: 53488.947568/10012.917432/43476.030136/0.000067137
-68/200: 53490.386132/10012.521370/43477.864762/0.000026895
-69/200: 53489.849559/10012.140463/43477.709096/0.000010031
-70/200: 53491.844783/10011.768630/43480.076153/0.000037301
-71/200: 53481.299352/10011.412005/43469.887347/0.000197141
-72/200: 53485.523006/10011.064004/43474.459002/0.000078974
-73/200: 53494.245892/10010.727724/43483.518168/0.000163089
-74/200: 53489.903677/10010.402273/43479.501404/0.000081172
-75/200: 53484.561597/10010.088825/43474.472772/0.000099871
-76/200: 53488.602021/10009.780496/43478.821525/0.000075544
-77/200: 53489.375436/10009.485264/43479.890172/0.000014459
-78/200: 53488.186532/10009.195348/43478.991184/0.000022227
-79/200: 53488.413455/10008.915785/43479.497670/0.000004242
-80/200: 53490.328757/10008.642443/43481.686314/0.000035808
-81/200: 53486.664163/10008.377656/43478.286507/0.000068509
-82/200: 53490.294092/10008.118317/43482.175775/0.000067866
-83/200: 53483.444099/10007.867801/43475.576298/0.000128060
-84/200: 53483.189613/10007.621046/43475.568567/0.000004758
-85/200: 53486.043503/10007.381043/43478.662460/0.000053360
-86/200: 53483.486435/10007.148159/43476.338276/0.000047808
-87/200: 53486.277684/10006.919074/43479.358610/0.000052189
-88/200: 53486.448492/10006.696911/43479.751581/0.000003193
-89/200: 53484.861425/10006.477999/43478.383426/0.000029672
-90/200: 53487.303200/10006.264458/43481.038742/0.000045654
-91/200: 53485.237020/10006.054740/43479.182280/0.000038629
-92/200: 53483.700576/10005.849670/43477.850906/0.000028727
-93/200: 53483.151457/10005.649409/43477.502048/0.000010267
-94/200: 53484.511695/10005.453907/43479.057788/0.000025433
-95/200: 53484.487552/10005.260788/43479.226764/0.000000451
-96/200: 53485.615595/10005.072057/43480.543538/0.000021091
-97/200: 53483.761225/10004.888520/43478.872705/0.000034670
-98/200: 53480.185665/10004.707757/43475.477908/0.000066853
-99/200: 53487.638382/10004.529168/43483.109214/0.000139355
Recall at EP-100 ...
  Columns 1 through 7

    0.1245    0.1818    0.2054    0.2147    0.2212    0.2280    0.2343

  Columns 8 through 10

    0.2418    0.2503    0.2597

Mrr at EP-100 ...
    0.0239

-100/200: 53485.012776/10004.354249/43480.658527/0.000049088
-101/200: 53480.198325/10004.182233/43476.016092/0.000090015
-102/200: 53481.765668/10004.013081/43477.752587/0.000029307
-103/200: 53481.259284/10003.848397/43477.410887/0.000009468
-104/200: 53480.204900/10003.684115/43476.520785/0.000019715
-105/200: 53481.070600/10003.523677/43477.546923/0.000016187
-106/200: 53484.385797/10003.365368/43481.020429/0.000061988
-107/200: 53484.596994/10003.210103/43481.386891/0.000003949
-108/200: 53485.908321/10003.055903/43482.852418/0.000024518
-109/200: 53481.283245/10002.903454/43478.379791/0.000086473
-110/200: 53484.326243/10002.753686/43481.572557/0.000056898
-111/200: 53481.052898/10002.607060/43478.445838/0.000061202
-112/200: 53480.184744/10002.463733/43477.721011/0.000016233
-113/200: 53477.726025/10002.322553/43475.403472/0.000045974
-114/200: 53484.052471/10002.182590/43481.869881/0.000118301
-115/200: 53479.386811/10002.044550/43477.342261/0.000087235
-116/200: 53477.232011/10001.907045/43475.324966/0.000040292
-117/200: 53482.262875/10001.773331/43480.489544/0.000094075
-118/200: 53479.315303/10001.640239/43477.675064/0.000055113
-119/200: 53480.441563/10001.509201/43478.932362/0.000021060
-120/200: 53479.146329/10001.379329/43477.767000/0.000024219
-121/200: 53479.248189/10001.249751/43477.998438/0.000001905
-122/200: 53478.152871/10001.122762/43477.030109/0.000020481
-123/200: 53479.563389/10000.998495/43478.564894/0.000026376
-124/200: 53484.279849/10000.872359/43483.407490/0.000088192
-125/200: 53475.926441/10000.750524/43475.175917/0.000156184
-126/200: 53478.348610/10000.629646/43477.718964/0.000045295
-127/200: 53482.043517/10000.509765/43481.533752/0.000069092
-128/200: 53477.320682/10000.392071/43476.928611/0.000088307
-129/200: 53480.715840/10000.273123/43480.442717/0.000063488
-130/200: 53475.937685/10000.157662/43475.780023/0.000089344
-131/200: 53480.139863/10000.042286/43480.097577/0.000078581
-132/200: 53480.148170/9999.929513/43480.218657/0.000000155
-133/200: 53477.030141/9999.818321/43477.211820/0.000058303
-134/200: 53480.669283/9999.707119/43480.962164/0.000068051
-135/200: 53478.708702/9999.595577/43479.113125/0.000036660
-136/200: 53472.809093/9999.486916/43473.322177/0.000110317
-137/200: 53472.777422/9999.379787/43473.397635/0.000000592
-138/200: 53478.090099/9999.271894/43478.818205/0.000099353
-139/200: 53481.505085/9999.165071/43482.340014/0.000063858
-140/200: 53476.605834/9999.059915/43477.545919/0.000091606
-141/200: 53477.416463/9998.956970/43478.459493/0.000015159
-142/200: 53474.555148/9998.852448/43475.702700/0.000053505
-143/200: 53478.694590/9998.751034/43479.943556/0.000077410
-144/200: 53477.261998/9998.648552/43478.613446/0.000026788
-145/200: 53478.159072/9998.549411/43479.609661/0.000016775
-146/200: 53477.870600/9998.449027/43479.421573/0.000005394
-147/200: 53475.295021/9998.349524/43476.945497/0.000048162
-148/200: 53476.787483/9998.250063/43478.537420/0.000027909
-149/200: 53477.488216/9998.151831/43479.336385/0.000013103
-150/200: 53473.870843/9998.055609/43475.815234/0.000067643
-151/200: 53473.535868/9997.960900/43475.574968/0.000006264
-152/200: 53478.363844/9997.864816/43480.499028/0.000090287
-153/200: 53475.677226/9997.769741/43477.907485/0.000050237
-154/200: 53473.670856/9997.676077/43475.994779/0.000037519
-155/200: 53475.423540/9997.582694/43477.840846/0.000032777
-156/200: 53473.445686/9997.491118/43475.954568/0.000036986
-157/200: 53473.710405/9997.398753/43476.311652/0.000004950
-158/200: 53476.651153/9997.306867/43479.344286/0.000054994
-159/200: 53474.531380/9997.217117/43477.314263/0.000039639
-160/200: 53476.641672/9997.127080/43479.514592/0.000039463
-161/200: 53475.419250/9997.038016/43478.381234/0.000022859
-162/200: 53478.304913/9996.947954/43481.356959/0.000053962
-163/200: 53476.450157/9996.859775/43479.590382/0.000034682
-164/200: 53474.518151/9996.772135/43477.746016/0.000036128
-165/200: 53476.785418/9996.684214/43480.101204/0.000042399
-166/200: 53470.329930/9996.598005/43473.731925/0.000120716
-167/200: 53474.669711/9996.510847/43478.158864/0.000081162
-168/200: 53474.914044/9996.425374/43478.488670/0.000004569
-169/200: 53474.293753/9996.339252/43477.954501/0.000011600
-170/200: 53474.317868/9996.254313/43478.063555/0.000000451
-171/200: 53475.812094/9996.170624/43479.641470/0.000027943
-172/200: 53473.598652/9996.085436/43477.513216/0.000041391
-173/200: 53471.324515/9996.002430/43475.322085/0.000042528
-174/200: 53471.852868/9995.920567/43475.932301/0.000009881
-175/200: 53476.261851/9995.836922/43480.424929/0.000082454
-176/200: 53475.287212/9995.754428/43479.532784/0.000018226
-177/200: 53472.853218/9995.673657/43477.179561/0.000045516
-178/200: 53470.829337/9995.591706/43475.237631/0.000037849
-179/200: 53472.035943/9995.509475/43476.526468/0.000022566
-180/200: 53472.584454/9995.429453/43477.155001/0.000010258
-181/200: 53471.236447/9995.349698/43475.886749/0.000025209
-182/200: 53472.437895/9995.269170/43477.168725/0.000022469
-183/200: 53473.532707/9995.190023/43478.342684/0.000020474
-184/200: 53469.987768/9995.111714/43474.876054/0.000066293
-185/200: 53471.424012/9995.034015/43476.389997/0.000026861
-186/200: 53474.014350/9994.954993/43479.059357/0.000048443
-187/200: 53473.875476/9994.876462/43478.999014/0.000002597
-188/200: 53475.735994/9994.798461/43480.937533/0.000034793
-189/200: 53471.954472/9994.720843/43477.233629/0.000070715
-190/200: 53470.333738/9994.643735/43475.690003/0.000030310
-191/200: 53473.531931/9994.567765/43478.964166/0.000059812
-192/200: 53474.584314/9994.490946/43480.093368/0.000019680
-193/200: 53471.279795/9994.414737/43476.865058/0.000061796
-194/200: 53470.852064/9994.339476/43476.512588/0.000007999
-195/200: 53472.331339/9994.264543/43478.066796/0.000027665
-196/200: 53469.200047/9994.188244/43475.011803/0.000058559
-197/200: 53471.038308/9994.112531/43476.925777/0.000034380
-198/200: 53466.881917/9994.036594/43472.845323/0.000077732
-199/200: 53472.357785/9993.962613/43478.395172/0.000102416
-200/200: 53472.451392/9993.874121/43478.577271/0.000001751
Start evaluating ...
  Columns 1 through 7

    0.1235    0.1787    0.2034    0.2135    0.2195    0.2253    0.2305

  Columns 8 through 10

    0.2376    0.2460    0.2557

    0.0236

Elapsed time is 59045.992950 seconds.
