nohup: ignoring input

                            < M A T L A B (R) >
                  Copyright 1984-2016 The MathWorks, Inc.
                   R2016a (9.0.0.341360) 64-bit (glnxa64)
                             February 11, 2016

 
To get started, type one of these: helpwin, helpdesk, or demo.
For product information, visit www.mathworks.com.
 

	Academic License

Start learning ...
Init data [Dtype: delicious - Dspec: sp3/1050]
Init social model
Using adagrad ...
Could not use CUDA
Params [lbd-U: 1.0000|lbd-V: 1.0000|lbd-N: 1.0000|lbd-Q: 0.1000]
Staring Sample 3 - Loc: save/ctr/delicious-alg80-sp3-cold20170225114426286 
CTR(chongwang) Running ...

iter time likelihood:[r:u:v] converge
0001 000099 -4397.00000:[0.00000:0.00000:0.00000] 1.0000000000
0002 000198 -4162.70658:[556.89309:-72.91167:-78.59016] 0.0532848362
0003 000296 -3380.23042:[2582.26987:-301.77058:-725.35929] 0.1879729316
0004 000398 -2872.28950:[4818.98843:-906.91769:-895.56073] 0.1502681342
0005 000498 -2857.84123:[4893.95067:-930.61113:-911.53818] 0.0050302259
0006 000592 -2852.68133:[4912.65862:-935.51034:-913.34762] 0.0018055247
0007 000685 -2848.93313:[4921.00637:-936.70453:-913.17337] 0.0013139237
0008 000777 -2846.05746:[4926.03277:-937.06115:-912.53447] 0.0010093843
0009 000869 -2843.85277:[4929.28496:-937.09158:-911.80997] 0.0007746477
0010 000958 -2842.19039:[4931.43683:-936.98206:-911.14278] 0.0005845497
0011 001058 -2840.97103:[4932.85390:-936.81641:-910.58563] 0.0004290227
0012 001150 -2840.11299:[4933.75533:-936.63407:-910.15062] 0.0003020242
0013 001239 -2839.54839:[4934.28190:-936.45343:-909.83193] 0.0001987924
0014 001329 -2839.22140:[4934.52886:-936.28256:-909.61684] 0.0001151579
0015 001418 -2839.08634:[4934.56354:-936.12451:-909.49093] 0.0000475684
0016 001511 -2839.10595:[4934.43534:-935.97995:-909.44028] 0.0000069059
Start evaluating ...
  Columns 1 through 7

    0.0093    0.0095    0.0096    0.0102    0.0109    0.0111    0.0114

  Columns 8 through 10

    0.0116    0.0117    0.0118

    0.0036

Elapsed time is 1616.278914 seconds.
