nohup: ignoring input

                            < M A T L A B (R) >
                  Copyright 1984-2016 The MathWorks, Inc.
                   R2016a (9.0.0.341360) 64-bit (glnxa64)
                             February 11, 2016

 
To get started, type one of these: helpwin, helpdesk, or demo.
For product information, visit www.mathworks.com.
 

	Academic License

Start learning ...
Init data [Dtype: delicious - Dspec: sp3/1050]
Init social model
Using adagrad ...
Load pretrained shallow-model...
Params [lbd-U: 1.0000|lbd-V: 0.1000|lbd-N: 1.0000|lbd-Q: 0.1000]
Staring Sample 3 - Loc: save/bcdl/delicious-alg61-sp3-cold20170225114414679 
CTR(chongwang)-DAE(User graph) Running - Walks(1)...
-1/200: 441006.078676/5225.097622/435780.981054/1.000000000
-2/200: 436423.460080/1293.079916/435130.380164/0.010391282
-3/200: 436433.694147/1254.594141/435179.100006/0.000023450
-4/200: 436435.823182/1248.550956/435187.272226/0.000004878
-5/200: 436422.173257/1245.825537/435176.347720/0.000031276
-6/200: 436420.898828/1244.010091/435176.888737/0.000002920
-7/200: 436441.622915/1242.552237/435199.070678/0.000047486
-8/200: 436445.128332/1241.322281/435203.806051/0.000008032
-9/200: 436440.848924/1240.280097/435200.568827/0.000009805
-10/200: 436443.604272/1239.397992/435204.206280/0.000006313
-11/200: 436435.981894/1238.656428/435197.325466/0.000017465
-12/200: 436429.298487/1238.038278/435191.260209/0.000015314
-13/200: 436440.940446/1237.523906/435203.416540/0.000026675
-14/200: 436446.630834/1237.098721/435209.532113/0.000013038
-15/200: 436437.772178/1236.752726/435201.019452/0.000020297
-16/200: 436438.588905/1236.469575/435202.119330/0.000001871
-17/200: 436446.649239/1236.242172/435210.407067/0.000018468
-18/200: 436460.335241/1236.062319/435224.272922/0.000031358
-19/200: 436451.105693/1235.926061/435215.179632/0.000021146
-20/200: 436454.943273/1235.824831/435219.118442/0.000008793
-21/200: 436442.855074/1235.757540/435207.097534/0.000027696
-22/200: 436457.991412/1235.716131/435222.275281/0.000034681
-23/200: 436463.272597/1235.698840/435227.573757/0.000012100
-24/200: 436469.797296/1235.701642/435234.095654/0.000014949
-25/200: 436459.028535/1235.724007/435223.304528/0.000024672
-26/200: 436460.808366/1235.762203/435225.046163/0.000004078
-27/200: 436456.027993/1235.811489/435220.216504/0.000010953
-28/200: 436476.762963/1235.870666/435240.892297/0.000047508
-29/200: 436474.990732/1235.939779/435239.050953/0.000004060
-30/200: 436468.756366/1236.018520/435232.737846/0.000014283
-31/200: 436468.966057/1236.101443/435232.864614/0.000000480
-32/200: 436477.207381/1236.191731/435241.015650/0.000018882
-33/200: 436453.666666/1236.285614/435217.381052/0.000053933
-34/200: 436477.580174/1236.383943/435241.196231/0.000054790
-35/200: 436459.271010/1236.484266/435222.786744/0.000041948
-36/200: 436474.549811/1236.588423/435237.961388/0.000035006
-37/200: 436476.624046/1236.693589/435239.930457/0.000004752
-38/200: 436472.011389/1236.799361/435235.212028/0.000010568
-39/200: 436478.918242/1236.906844/435242.011398/0.000015824
-40/200: 436475.803983/1237.015144/435238.788839/0.000007135
-41/200: 436489.547620/1237.124210/435252.423410/0.000031488
-42/200: 436491.534410/1237.233382/435254.301028/0.000004552
-43/200: 436488.711246/1237.341704/435251.369542/0.000006468
-44/200: 436490.862407/1237.448377/435253.414030/0.000004928
-45/200: 436488.909263/1237.555547/435251.353716/0.000004475
-46/200: 436488.772137/1237.663131/435251.109006/0.000000314
-47/200: 436496.019069/1237.769134/435258.249935/0.000016603
-48/200: 436495.527916/1237.874637/435257.653279/0.000001125
-49/200: 436484.932162/1237.980135/435246.952027/0.000024275
-50/200: 436489.810318/1238.084382/435251.725936/0.000011176
-51/200: 436490.401324/1238.187044/435252.214280/0.000001354
-52/200: 436505.258648/1238.288972/435266.969676/0.000034038
-53/200: 436490.569783/1238.391874/435252.177909/0.000033651
-54/200: 436497.727732/1238.494408/435259.233324/0.000016399
-55/200: 436497.063622/1238.595012/435258.468610/0.000001521
-56/200: 436497.234506/1238.695222/435258.539284/0.000000391
-57/200: 436501.387941/1238.797605/435262.590336/0.000009515
-58/200: 436506.867833/1238.899092/435267.968741/0.000012554
-59/200: 436503.988994/1239.000303/435264.988691/0.000006595
-60/200: 436505.421068/1239.099653/435266.321415/0.000003281
-61/200: 436497.583907/1239.198834/435258.385073/0.000017954
-62/200: 436511.763459/1239.299306/435272.464153/0.000032485
-63/200: 436505.206716/1239.398845/435265.807871/0.000015021
-64/200: 436519.768284/1239.498068/435280.270216/0.000033359
-65/200: 436520.397094/1239.598469/435280.798625/0.000001441
-66/200: 436518.936054/1239.699288/435279.236766/0.000003347
-67/200: 436509.139905/1239.799377/435269.340528/0.000022442
-68/200: 436510.456074/1239.898477/435270.557597/0.000003015
-69/200: 436512.879729/1239.997189/435272.882540/0.000005552
-70/200: 436512.400937/1240.095713/435272.305224/0.000001097
-71/200: 436522.238372/1240.194800/435282.043572/0.000022536
-72/200: 436517.411571/1240.292507/435277.119064/0.000011057
-73/200: 436528.003726/1240.390839/435287.612887/0.000024265
-74/200: 436523.657713/1240.489337/435283.168376/0.000009956
-75/200: 436520.319195/1240.586905/435279.732290/0.000007648
-76/200: 436530.372244/1240.683732/435289.688512/0.000023030
-77/200: 436532.401832/1240.781250/435291.620582/0.000004649
-78/200: 436532.445028/1240.876265/435291.568763/0.000000099
-79/200: 436522.243995/1240.972056/435281.271939/0.000023368
-80/200: 436523.974899/1241.066861/435282.908038/0.000003965
-81/200: 436529.774385/1241.160946/435288.613439/0.000013286
-82/200: 436537.287245/1241.255075/435296.032170/0.000017210
-83/200: 436530.758571/1241.348879/435289.409692/0.000014956
-84/200: 436529.097405/1241.441101/435287.656304/0.000003805
-85/200: 436536.377880/1241.533536/435294.844344/0.000016678
-86/200: 436536.911390/1241.624527/435295.286863/0.000001222
-87/200: 436538.209921/1241.715637/435296.494284/0.000002975
-88/200: 436542.338465/1241.806837/435300.531628/0.000009457
-89/200: 436538.717739/1241.896720/435296.821019/0.000008294
-90/200: 436542.393013/1241.985768/435300.407245/0.000008419
-91/200: 436541.683759/1242.073222/435299.610537/0.000001625
-92/200: 436546.009032/1242.160860/435303.848172/0.000009908
-93/200: 436543.845854/1242.247251/435301.598603/0.000004955
-94/200: 436551.009799/1242.333243/435308.676556/0.000016411
-95/200: 436548.334225/1242.418855/435305.915370/0.000006129
-96/200: 436544.478642/1242.504464/435301.974178/0.000008832
-97/200: 436549.406162/1242.589268/435306.816894/0.000011288
-98/200: 436552.588052/1242.672978/435309.915074/0.000007289
-99/200: 436554.110278/1242.756553/435311.353725/0.000003487
Recall at EP-100 ...
  Columns 1 through 7

    0.0232    0.0400    0.0525    0.0628    0.0699    0.0763    0.0819

  Columns 8 through 10

    0.0877    0.0932    0.0980

Mrr at EP-100 ...
    0.0074

-100/200: 436550.769488/1242.839815/435307.929673/0.000007653
-101/200: 436549.251170/1242.920926/435306.330244/0.000003478
-102/200: 436553.448679/1243.002389/435310.446290/0.000009615
-103/200: 436560.196549/1243.083122/435317.113427/0.000015457
-104/200: 436554.065284/1243.162449/435310.902835/0.000014044
-105/200: 436559.837551/1243.241380/435316.596171/0.000013222
-106/200: 436555.812272/1243.320334/435312.491938/0.000009220
-107/200: 436559.673893/1243.399027/435316.274866/0.000008846
-108/200: 436564.821718/1243.475882/435321.345836/0.000011792
-109/200: 436559.892882/1243.552227/435316.340655/0.000011290
-110/200: 436558.927395/1243.628328/435315.299067/0.000002212
-111/200: 436567.092872/1243.704737/435323.388135/0.000018704
-112/200: 436566.532154/1243.780239/435322.751915/0.000001284
-113/200: 436564.644192/1243.855192/435320.789000/0.000004325
-114/200: 436562.933373/1243.929714/435319.003659/0.000003919
-115/200: 436566.729610/1244.003448/435322.726162/0.000008696
-116/200: 436565.840523/1244.076236/435321.764287/0.000002037
-117/200: 436571.449114/1244.148271/435327.300843/0.000012847
-118/200: 436570.474842/1244.220538/435326.254304/0.000002232
-119/200: 436574.499161/1244.291539/435330.207622/0.000009218
-120/200: 436572.668348/1244.361205/435328.307143/0.000004194
-121/200: 436576.766302/1244.430208/435332.336094/0.000009387
-122/200: 436577.695864/1244.498477/435333.197387/0.000002129
-123/200: 436575.354726/1244.567005/435330.787721/0.000005362
-124/200: 436577.048390/1244.633582/435332.414808/0.000003879
-125/200: 436578.320957/1244.700239/435333.620718/0.000002915
-126/200: 436578.391375/1244.766655/435333.624720/0.000000161
-127/200: 436578.606693/1244.832556/435333.774137/0.000000493
-128/200: 436579.091023/1244.898275/435334.192748/0.000001109
-129/200: 436579.611776/1244.961421/435334.650355/0.000001193
-130/200: 436585.649369/1245.025386/435340.623983/0.000013829
-131/200: 436580.527892/1245.088654/435335.439238/0.000011731
-132/200: 436585.742238/1245.151734/435340.590504/0.000011944
-133/200: 436587.243004/1245.214639/435342.028365/0.000003438
-134/200: 436591.709036/1245.276352/435346.432684/0.000010229
-135/200: 436584.164479/1245.337347/435338.827132/0.000017281
-136/200: 436586.495140/1245.397424/435341.097716/0.000005338
-137/200: 436592.632092/1245.456902/435347.175190/0.000014057
-138/200: 436591.051437/1245.515774/435345.535663/0.000003620
-139/200: 436590.127996/1245.573368/435344.554628/0.000002115
-140/200: 436593.727056/1245.631530/435348.095526/0.000008244
-141/200: 436595.056907/1245.689452/435349.367455/0.000003046
-142/200: 436592.517133/1245.745934/435346.771199/0.000005817
-143/200: 436595.568452/1245.802315/435349.766137/0.000006989
-144/200: 436597.253977/1245.857942/435351.396035/0.000003861
-145/200: 436599.587008/1245.913452/435353.673556/0.000005344
-146/200: 436598.798975/1245.967756/435352.831219/0.000001805
-147/200: 436600.164171/1246.021317/435354.142854/0.000003127
-148/200: 436597.136414/1246.073959/435351.062455/0.000006935
-149/200: 436600.751213/1246.126424/435354.624789/0.000008279
-150/200: 436602.538046/1246.178879/435356.359167/0.000004093
-151/200: 436603.472109/1246.231099/435357.241010/0.000002139
-152/200: 436603.131942/1246.282065/435356.849877/0.000000779
-153/200: 436604.263150/1246.332342/435357.930808/0.000002591
-154/200: 436606.016078/1246.381907/435359.634171/0.000004015
-155/200: 436605.202079/1246.431517/435358.770562/0.000001864
-156/200: 436606.741793/1246.480447/435360.261346/0.000003527
-157/200: 436610.938110/1246.529306/435364.408804/0.000009611
-158/200: 436610.089536/1246.576609/435363.512927/0.000001944
-159/200: 436611.658570/1246.624615/435365.033955/0.000003594
-160/200: 436612.525956/1246.671845/435365.854111/0.000001987
-161/200: 436609.215016/1246.717995/435362.497021/0.000007583
-162/200: 436611.612947/1246.763871/435364.849076/0.000005492
-163/200: 436616.240414/1246.809219/435369.431195/0.000010599
-164/200: 436613.080273/1246.854522/435366.225751/0.000007238
-165/200: 436617.778676/1246.899315/435370.879361/0.000010761
-166/200: 436616.357592/1246.943255/435369.414337/0.000003255
-167/200: 436616.443846/1246.986579/435369.457267/0.000000198
-168/200: 436619.177122/1247.029696/435372.147426/0.000006260
-169/200: 436618.723707/1247.072033/435371.651674/0.000001038
-170/200: 436620.434330/1247.114156/435373.320174/0.000003918
-171/200: 436620.481472/1247.156065/435373.325407/0.000000108
-172/200: 436623.517016/1247.196904/435376.320112/0.000006952
-173/200: 436620.971925/1247.237601/435373.734324/0.000005829
-174/200: 436627.859602/1247.278415/435380.581187/0.000015775
-175/200: 436623.047172/1247.318168/435375.729004/0.000011022
-176/200: 436627.629028/1247.358381/435380.270647/0.000010494
-177/200: 436629.647582/1247.397766/435382.249816/0.000004623
-178/200: 436628.128847/1247.436118/435380.692729/0.000003478
-179/200: 436629.004906/1247.474212/435381.530694/0.000002006
-180/200: 436627.132929/1247.512307/435379.620622/0.000004287
-181/200: 436632.313512/1247.549986/435384.763526/0.000011865
-182/200: 436631.409616/1247.586712/435383.822904/0.000002070
-183/200: 436633.823496/1247.623640/435386.199856/0.000005528
-184/200: 436634.884953/1247.660241/435387.224712/0.000002431
-185/200: 436636.655249/1247.696240/435388.959009/0.000004054
-186/200: 436635.239848/1247.731626/435387.508222/0.000003242
-187/200: 436635.562255/1247.766651/435387.795604/0.000000738
-188/200: 436638.333340/1247.801317/435390.532023/0.000006346
-189/200: 436639.534086/1247.835766/435391.698320/0.000002750
-190/200: 436639.477720/1247.869451/435391.608269/0.000000129
-191/200: 436641.224935/1247.903560/435393.321375/0.000004002
-192/200: 436642.798161/1247.936895/435394.861266/0.000003603
-193/200: 436642.143838/1247.969301/435394.174537/0.000001499
-194/200: 436642.246762/1248.001972/435394.244790/0.000000236
-195/200: 436644.731453/1248.034445/435396.697008/0.000005690
-196/200: 436643.246956/1248.065826/435395.181130/0.000003400
-197/200: 436644.118413/1248.096574/435396.021839/0.000001996
-198/200: 436642.649980/1248.126815/435394.523165/0.000003363
-199/200: 436648.416530/1248.156903/435400.259627/0.000013207
-200/200: 436645.665416/1248.185752/435397.479664/0.000006301
Start evaluating ...
  Columns 1 through 7

    0.0225    0.0383    0.0509    0.0609    0.0693    0.0759    0.0820

  Columns 8 through 10

    0.0880    0.0925    0.0967

    0.0070

Elapsed time is 21437.459484 seconds.
