nohup: ignoring input

                            < M A T L A B (R) >
                  Copyright 1984-2016 The MathWorks, Inc.
                   R2016a (9.0.0.341360) 64-bit (glnxa64)
                             February 11, 2016

 
To get started, type one of these: helpwin, helpdesk, or demo.
For product information, visit www.mathworks.com.
 

	Academic License

Start learning ...
Init data [Dtype: delicious - Dspec: sp3/0550]
Init social model
Using adagrad ...
Params [lbd-U: 1.0000|lbd-V: 10.0000|lbd-N: 1.0000|lbd-Q: 0.1000]
Staring Sample 3 - Loc: save/ctr/delicious-alg80-sp3-cold20170225114344420 
CTR(chongwang) Running ...

iter time likelihood:[r:u:v] converge
0001 000061 -2466.00000:[0.00000:0.00000:-0.00000] 1.0000000000
0002 000148 -2424.30226:[91.82426:-31.32895:-8.00459] 0.0169090608
0003 000234 -2409.89515:[134.33190:-50.10202:-13.15575] 0.0059427833
0004 000320 -2408.71515:[144.78601:-56.39776:-15.50288] 0.0004896483
0005 000406 -2409.75193:[145.59904:-57.56455:-16.11110] 0.0004304274
0006 000494 -2410.83376:[143.62482:-56.85510:-15.96742] 0.0004489388
0007 000572 -2411.77857:[140.98956:-55.61650:-15.57644] 0.0003919036
0008 000653 -2412.60603:[138.35785:-54.31513:-15.13351] 0.0003430884
0009 000729 -2413.34249:[135.90968:-53.08774:-14.70347] 0.0003052552
0010 000808 -2414.00485:[133.67592:-51.96377:-14.30427] 0.0002744564
0011 000882 -2414.60418:[131.64617:-50.94171:-13.93867] 0.0002482721
0012 000960 -2415.14865:[129.80085:-50.01262:-13.60492] 0.0002254912
0013 001034 -2415.64484:[128.12008:-49.16669:-13.30018] 0.0002054488
0014 001109 -2416.09819:[126.58587:-48.39485:-13.02153] 0.0001876733
0015 001184 -2416.51328:[125.18250:-47.68909:-12.76628] 0.0001718028
0016 001259 -2416.89401:[123.89638:-47.04247:-12.53206] 0.0001575536
0017 001332 -2417.24374:[122.71577:-46.44901:-12.31681] 0.0001446998
0018 001405 -2417.56537:[121.63050:-45.90353:-12.11872] 0.0001330575
0019 001478 -2417.86146:[120.63171:-45.40152:-11.93622] 0.0001224739
0020 001550 -2418.13424:[119.71164:-44.93904:-11.76793] 0.0001128206
0021 001625 -2418.38570:[118.86349:-44.51264:-11.61263] 0.0001039874
0022 001700 -2418.61757:[118.08123:-44.11927:-11.46925] 0.0000958786
0023 001773 -2418.83140:[117.35953:-43.75623:-11.33684] 0.0000884125
0024 001848 -2419.02859:[116.69365:-43.42113:-11.21454] 0.0000815210
0025 001920 -2419.21037:[116.07934:-43.11182:-11.10161] 0.0000751471
0026 001993 -2419.37788:[115.51275:-42.82637:-10.99735] 0.0000692425
0027 002065 -2419.53216:[114.99042:-42.56305:-10.90113] 0.0000637646
0028 002139 -2419.67412:[114.50919:-42.32028:-10.81240] 0.0000586740
0029 002213 -2419.80463:[114.06619:-42.09660:-10.73064] 0.0000539359
0030 002289 -2419.92446:[113.65879:-41.89071:-10.65536] 0.0000495210
0031 002359 -2420.03434:[113.28459:-41.70141:-10.58615] 0.0000454060
0032 002430 -2420.13495:[112.94133:-41.52758:-10.52259] 0.0000415732
0033 002502 -2420.22693:[112.62689:-41.36818:-10.46432] 0.0000380094
0034 002578 -2420.31093:[112.33927:-41.22221:-10.41096] 0.0000347043
0035 002650 -2420.38752:[112.07653:-41.08873:-10.36218] 0.0000316477
0036 002719 -2420.45730:[111.83681:-40.96683:-10.31764] 0.0000288288
0037 002788 -2420.52080:[111.61835:-40.85564:-10.27702] 0.0000262353
0038 002859 -2420.57854:[111.41946:-40.75432:-10.24002] 0.0000238544
0039 002933 -2420.63100:[111.23855:-40.66209:-10.20635] 0.0000216730
0040 003001 -2420.67863:[111.07411:-40.57819:-10.17572] 0.0000196778
0041 003069 -2420.72186:[110.92474:-40.50194:-10.14788] 0.0000178558
0042 003139 -2420.76106:[110.78913:-40.43266:-10.12258] 0.0000161948
0043 003208 -2420.79661:[110.66606:-40.36975:-10.09961] 0.0000146835
0044 003278 -2420.82883:[110.55439:-40.31265:-10.07874] 0.0000133117
0045 003343 -2420.85805:[110.45306:-40.26082:-10.05979] 0.0000120704
0046 003411 -2420.88456:[110.36108:-40.21377:-10.04257] 0.0000109520
0047 003479 -2420.90865:[110.27752:-40.17102:-10.02690] 0.0000099488
Start evaluating ...
  Columns 1 through 7

    0.0006    0.0011    0.0018    0.0031    0.0043    0.0047    0.0049

  Columns 8 through 10

    0.0051    0.0053    0.0054

   2.9745e-04

Elapsed time is 3577.613791 seconds.
