nohup: ignoring input

                            < M A T L A B (R) >
                  Copyright 1984-2016 The MathWorks, Inc.
                   R2016a (9.0.0.341360) 64-bit (glnxa64)
                             February 11, 2016

 
To get started, type one of these: helpwin, helpdesk, or demo.
For product information, visit www.mathworks.com.
 

	Academic License

Start learning ...
Init data [Dtype: delicious - Dspec: sp3/1050]
Init social model
Using adagrad ...
Load pretrained shallow-model...
Params [lbd-U: 0.0100|lbd-V: 10.0000|lbd-N: 0.0100|lbd-Q: 0.1000]
Staring Sample 3 - Loc: save/bcdl/delicious-alg61-sp3-cold20170225114414458 
CTR(chongwang)-DAE(User graph) Running - Walks(1)...
-1/200: 5740.198688/1382.388877/4357.809811/1.000000000
-2/200: 5829.561689/1479.958851/4349.602838/0.015567928
-3/200: 5807.659507/1458.531632/4349.127875/0.003757089
-4/200: 5768.404129/1419.540061/4348.864068/0.006759242
-5/200: 5737.346603/1388.808963/4348.537640/0.005384076
-6/200: 5713.274435/1364.910411/4348.364024/0.004195697
-7/200: 5695.506146/1347.079979/4348.426167/0.003110001
-8/200: 5682.790299/1334.490404/4348.299895/0.002232611
-9/200: 5674.257444/1326.144811/4348.112633/0.001501526
-10/200: 5669.038196/1321.058076/4347.980120/0.000919812
-11/200: 5666.171133/1318.396532/4347.774601/0.000505741
-12/200: 5665.053285/1317.505343/4347.547942/0.000197285
-13/200: 5665.398349/1317.890463/4347.507886/0.000060911
-14/200: 5666.589595/1319.190024/4347.399571/0.000210267
-15/200: 5668.259704/1321.144689/4347.115015/0.000294729
-16/200: 5670.571277/1323.559717/4347.011560/0.000407810
-17/200: 5673.259457/1326.294649/4346.964808/0.000474058
-18/200: 5676.190276/1329.246026/4346.944250/0.000516602
-19/200: 5679.020466/1332.338621/4346.681845/0.000498607
-20/200: 5682.104244/1335.511141/4346.593103/0.000543012
-21/200: 5685.025535/1338.721030/4346.304505/0.000514121
-22/200: 5688.214242/1341.931900/4346.282342/0.000560896
-23/200: 5691.288463/1345.113839/4346.174624/0.000540455
-24/200: 5694.322165/1348.243324/4346.078841/0.000533043
-25/200: 5697.109054/1351.303263/4345.805791/0.000489416
-26/200: 5699.895888/1354.275494/4345.620394/0.000489166
-27/200: 5702.635775/1357.147080/4345.488695/0.000480691
-28/200: 5705.443355/1359.907182/4345.536173/0.000492330
-29/200: 5707.908951/1362.546454/4345.362497/0.000432148
-30/200: 5710.209115/1365.059266/4345.149849/0.000402978
-31/200: 5712.466531/1367.439816/4345.026715/0.000395330
-32/200: 5714.585822/1369.684589/4344.901233/0.000370994
-33/200: 5716.344335/1371.791373/4344.552962/0.000307724
-34/200: 5718.379447/1373.756781/4344.622666/0.000356016
-35/200: 5719.909054/1375.582378/4344.326676/0.000267489
-36/200: 5721.526185/1377.267901/4344.258284/0.000282720
-37/200: 5722.948712/1378.817014/4344.131698/0.000248627
-38/200: 5724.191453/1380.229579/4343.961874/0.000217150
-39/200: 5725.374083/1381.511097/4343.862986/0.000206602
-40/200: 5726.315552/1382.665219/4343.650333/0.000164438
-41/200: 5727.306213/1383.696967/4343.609246/0.000173002
-42/200: 5728.086900/1384.610038/4343.476862/0.000136310
-43/200: 5728.814830/1385.409843/4343.404987/0.000127081
-44/200: 5729.325313/1386.099971/4343.225342/0.000089108
-45/200: 5729.738720/1386.687538/4343.051182/0.000072156
-46/200: 5730.084649/1387.175066/4342.909583/0.000060374
-47/200: 5730.396504/1387.569873/4342.826631/0.000054424
-48/200: 5730.565054/1387.877834/4342.687220/0.000029413
-49/200: 5730.494094/1388.104891/4342.389203/0.000012383
-50/200: 5730.536519/1388.258033/4342.278486/0.000007403
-51/200: 5730.560516/1388.342701/4342.217815/0.000004187
-52/200: 5730.561635/1388.364336/4342.197299/0.000000195
-53/200: 5730.259425/1388.330939/4341.928486/0.000052736
-54/200: 5730.016301/1388.247908/4341.768393/0.000042428
-55/200: 5729.836973/1388.120741/4341.716232/0.000031296
-56/200: 5729.487961/1387.956449/4341.531512/0.000060911
-57/200: 5729.104566/1387.759379/4341.345187/0.000066916
-58/200: 5728.666138/1387.535042/4341.131096/0.000076526
-59/200: 5728.331326/1387.288715/4341.042611/0.000058445
-60/200: 5728.085610/1387.022131/4341.063479/0.000042895
-61/200: 5727.501599/1386.741563/4340.760036/0.000101956
-62/200: 5727.270265/1386.449800/4340.820465/0.000040390
-63/200: 5726.704785/1386.149828/4340.554957/0.000098735
-64/200: 5726.477375/1385.844870/4340.632505/0.000039711
-65/200: 5725.870727/1385.537237/4340.333490/0.000105937
-66/200: 5725.378527/1385.227475/4340.151052/0.000085961
-67/200: 5724.835674/1384.918438/4339.917236/0.000094815
-68/200: 5724.418297/1384.609544/4339.808753/0.000072906
-69/200: 5724.065334/1384.302663/4339.762671/0.000061659
-70/200: 5723.569419/1383.997708/4339.571711/0.000086637
-71/200: 5723.261009/1383.695219/4339.565790/0.000053884
-72/200: 5722.782984/1383.394960/4339.388024/0.000083523
-73/200: 5722.289864/1383.097776/4339.192088/0.000086168
-74/200: 5721.886532/1382.803789/4339.082743/0.000070484
-75/200: 5721.385891/1382.512188/4338.873703/0.000087496
-76/200: 5721.061553/1382.222727/4338.838826/0.000056689
-77/200: 5720.645011/1381.936765/4338.708246/0.000072809
-78/200: 5720.346396/1381.652548/4338.693848/0.000052199
-79/200: 5719.671736/1381.371323/4338.300413/0.000117940
-80/200: 5719.253482/1381.092758/4338.160724/0.000073126
-81/200: 5718.996376/1380.815773/4338.180603/0.000044955
-82/200: 5718.492101/1380.541933/4337.950168/0.000088175
-83/200: 5718.092930/1380.269646/4337.823284/0.000069804
-84/200: 5717.688445/1380.000571/4337.687874/0.000070738
-85/200: 5717.401317/1379.733021/4337.668296/0.000050218
-86/200: 5716.931597/1379.467924/4337.463673/0.000082156
-87/200: 5716.567657/1379.204866/4337.362791/0.000063660
-88/200: 5716.239432/1378.943370/4337.296062/0.000057416
-89/200: 5715.638393/1378.684568/4336.953825/0.000105146
-90/200: 5715.370265/1378.427425/4336.942840/0.000046911
-91/200: 5715.189041/1378.171745/4337.017296/0.000031708
-92/200: 5714.546022/1377.918624/4336.627398/0.000112511
-93/200: 5714.223937/1377.666711/4336.557226/0.000056362
-94/200: 5713.987856/1377.417552/4336.570304/0.000041315
-95/200: 5713.454356/1377.169200/4336.285156/0.000093367
-96/200: 5712.961445/1376.923164/4336.038281/0.000086272
-97/200: 5712.603622/1376.679315/4335.924307/0.000062634
-98/200: 5712.373206/1376.437104/4335.936102/0.000040335
-99/200: 5712.044100/1376.196022/4335.848078/0.000057613
Recall at EP-100 ...
  Columns 1 through 7

    0.0092    0.0094    0.0097    0.0100    0.0100    0.0102    0.0103

  Columns 8 through 10

    0.0104    0.0105    0.0106

Mrr at EP-100 ...
    0.0038

-100/200: 5711.463577/1375.956800/4335.506777/0.000101631
-101/200: 5711.191867/1375.718353/4335.473514/0.000047573
-102/200: 5710.732261/1375.482659/4335.249602/0.000080475
-103/200: 5710.557735/1375.248125/4335.309610/0.000030561
-104/200: 5710.086106/1375.015046/4335.071060/0.000082589
-105/200: 5709.691662/1374.783019/4334.908643/0.000069078
-106/200: 5709.264271/1374.553662/4334.710609/0.000074854
-107/200: 5708.923595/1374.324471/4334.599124/0.000059671
-108/200: 5708.854214/1374.096911/4334.757303/0.000012153
-109/200: 5708.212250/1373.871238/4334.341012/0.000112450
-110/200: 5707.838304/1373.646119/4334.192185/0.000065510
-111/200: 5707.560739/1373.423390/4334.137349/0.000048629
-112/200: 5707.115166/1373.201990/4333.913176/0.000078067
-113/200: 5706.721344/1372.981219/4333.740125/0.000069005
-114/200: 5706.485053/1372.762309/4333.722744/0.000041406
-115/200: 5705.965326/1372.545004/4333.420322/0.000091077
-116/200: 5705.733336/1372.328246/4333.405090/0.000040657
-117/200: 5705.490797/1372.112878/4333.377919/0.000042508
-118/200: 5705.024548/1371.898444/4333.126104/0.000081719
-119/200: 5704.754158/1371.685525/4333.068633/0.000047395
-120/200: 5704.376657/1371.473521/4332.903136/0.000066173
-121/200: 5704.043377/1371.263205/4332.780172/0.000058425
-122/200: 5703.762623/1371.053518/4332.709105/0.000049220
-123/200: 5703.229419/1370.845102/4332.384317/0.000093483
-124/200: 5703.154469/1370.637635/4332.516834/0.000013142
-125/200: 5702.632568/1370.432089/4332.200479/0.000091511
-126/200: 5702.433444/1370.226546/4332.206898/0.000034918
-127/200: 5701.828676/1370.023103/4331.805573/0.000106054
-128/200: 5701.535577/1369.820924/4331.714653/0.000051404
-129/200: 5701.471356/1369.618761/4331.852595/0.000011264
-130/200: 5701.078731/1369.417597/4331.661134/0.000068864
-131/200: 5700.566734/1369.217781/4331.348953/0.000089807
-132/200: 5700.179170/1369.019350/4331.159820/0.000067987
-133/200: 5699.849796/1368.822587/4331.027209/0.000057783
-134/200: 5699.823668/1368.625702/4331.197966/0.000004584
-135/200: 5699.165007/1368.430731/4330.734276/0.000115558
-136/200: 5699.035836/1368.235807/4330.800029/0.000022665
-137/200: 5698.670395/1368.041726/4330.628669/0.000064123
-138/200: 5698.397117/1367.848902/4330.548215/0.000047955
-139/200: 5698.115547/1367.657486/4330.458061/0.000049412
-140/200: 5697.793370/1367.465638/4330.327732/0.000056541
-141/200: 5697.212719/1367.275794/4329.936925/0.000101908
-142/200: 5696.815832/1367.087583/4329.728249/0.000069663
-143/200: 5696.510127/1366.899629/4329.610498/0.000053662
-144/200: 5696.672844/1366.711708/4329.961136/0.000028564
-145/200: 5696.001219/1366.525825/4329.475394/0.000117898
-146/200: 5695.796526/1366.340015/4329.456511/0.000035936
-147/200: 5695.498801/1366.155347/4329.343454/0.000052271
-148/200: 5695.186395/1365.971195/4329.215200/0.000054851
-149/200: 5694.861325/1365.788145/4329.073180/0.000057078
-150/200: 5694.497495/1365.606010/4328.891485/0.000063887
-151/200: 5694.056817/1365.424560/4328.632257/0.000077387
-152/200: 5693.922978/1365.244026/4328.678952/0.000023505
-153/200: 5693.536461/1365.064589/4328.471872/0.000067882
-154/200: 5693.230327/1364.885314/4328.345013/0.000053769
-155/200: 5692.853618/1364.706878/4328.146740/0.000066168
-156/200: 5692.594720/1364.529634/4328.065086/0.000045478
-157/200: 5692.339041/1364.353548/4327.985493/0.000044914
-158/200: 5692.128269/1364.177168/4327.951101/0.000037027
-159/200: 5691.496968/1364.002163/4327.494805/0.000110908
-160/200: 5691.238937/1363.827628/4327.411309/0.000045336
-161/200: 5691.141779/1363.653877/4327.487902/0.000017071
-162/200: 5690.795055/1363.480987/4327.314068/0.000060924
-163/200: 5690.537530/1363.308873/4327.228657/0.000045253
-164/200: 5689.967159/1363.137451/4326.829708/0.000100231
-165/200: 5690.135557/1362.966637/4327.168920/0.000029596
-166/200: 5689.546909/1362.796903/4326.750006/0.000103451
-167/200: 5689.376324/1362.626454/4326.749870/0.000029982
-168/200: 5688.873192/1362.457600/4326.415592/0.000088434
-169/200: 5688.608540/1362.289747/4326.318793/0.000046521
-170/200: 5688.274030/1362.121629/4326.152401/0.000058804
-171/200: 5688.078175/1361.955500/4326.122675/0.000034431
-172/200: 5687.876232/1361.789600/4326.086632/0.000035503
-173/200: 5687.388490/1361.623527/4325.764963/0.000085751
-174/200: 5687.044838/1361.459481/4325.585357/0.000060423
-175/200: 5687.127794/1361.294908/4325.832886/0.000014587
-176/200: 5686.290990/1361.131598/4325.159392/0.000147140
-177/200: 5686.124075/1360.968777/4325.155298/0.000029354
-178/200: 5686.069345/1360.806696/4325.262649/0.000009625
-179/200: 5686.060310/1360.644301/4325.416009/0.000001589
-180/200: 5685.292467/1360.483156/4324.809311/0.000135039
-181/200: 5685.054486/1360.323587/4324.730899/0.000041859
-182/200: 5684.990163/1360.163187/4324.826976/0.000011314
-183/200: 5684.347421/1360.003281/4324.344140/0.000113060
-184/200: 5684.075334/1359.845459/4324.229875/0.000047866
-185/200: 5683.976681/1359.687536/4324.289145/0.000017356
-186/200: 5683.775478/1359.529847/4324.245631/0.000035398
-187/200: 5683.598541/1359.372298/4324.226243/0.000031130
-188/200: 5683.308705/1359.216886/4324.091819/0.000050995
-189/200: 5682.580377/1359.060534/4323.519843/0.000128152
-190/200: 5682.583503/1358.905212/4323.678291/0.000000550
-191/200: 5682.238201/1358.750599/4323.487602/0.000060765
-192/200: 5681.882722/1358.596759/4323.285963/0.000062560
-193/200: 5681.660530/1358.442036/4323.218494/0.000039105
-194/200: 5681.073306/1358.289104/4322.784202/0.000103354
-195/200: 5680.839391/1358.137331/4322.702060/0.000041174
-196/200: 5680.644078/1357.985225/4322.658853/0.000034381
-197/200: 5680.479493/1357.832828/4322.646665/0.000028973
-198/200: 5680.313895/1357.682488/4322.631407/0.000029152
-199/200: 5680.172375/1357.531501/4322.640874/0.000024914
-200/200: 5679.507573/1357.378692/4322.128881/0.000117039
Start evaluating ...
  Columns 1 through 7

    0.0094    0.0097    0.0101    0.0104    0.0106    0.0107    0.0111

  Columns 8 through 10

    0.0112    0.0113    0.0114

    0.0038

Elapsed time is 21408.881310 seconds.
