nohup: ignoring input

                            < M A T L A B (R) >
                  Copyright 1984-2016 The MathWorks, Inc.
                   R2016a (9.0.0.341360) 64-bit (glnxa64)
                             February 11, 2016

 
To get started, type one of these: helpwin, helpdesk, or demo.
For product information, visit www.mathworks.com.
 

	Academic License

Start learning ...
Init data [Dtype: delicious - Dspec: sp3/1050]
Init social model
Using adagrad ...
Could not use CUDA
Params [lbd-U: 0.0100|lbd-V: 100.0000|lbd-N: 0.0100|lbd-Q: 0.1000]
Staring Sample 3 - Loc: save/ctr/delicious-alg80-sp3-cold20170225114427403 
CTR(chongwang) Running ...

iter time likelihood:[r:u:v] converge
0001 000102 -4397.00000:[0.00000:0.00000:-0.00000] 1.0000000000
0002 000208 -3011.08300:[3742.11162:-424.87379:-772.35217] 0.3151960434
0003 000299 -2550.51632:[5004.56847:-739.88007:-713.30436] 0.1529571502
0004 000398 -2346.54582:[5261.61090:-752.50877:-621.12497] 0.0799722390
0005 000502 -2263.29497:[5372.98455:-759.39625:-582.86815] 0.0354780428
0006 000595 -2236.11866:[5417.72707:-766.93044:-571.18023] 0.0120074111
0007 000688 -2233.84105:[5431.69633:-774.61162:-571.42464] 0.0010185534
0008 000775 -2242.60494:[5430.99050:-781.89416:-577.00686] 0.0039232364
0009 000863 -2256.24567:[5423.32041:-788.68055:-584.92772] 0.0060825403
0010 000948 -2271.92529:[5412.41850:-794.98690:-593.78497] 0.0069494296
0011 001043 -2288.28202:[5400.11131:-800.84225:-602.90278] 0.0071995001
0012 001129 -2304.64629:[5387.30461:-806.27576:-611.95144] 0.0071513371
0013 001219 -2320.69210:[5374.44879:-811.31702:-620.77414] 0.0069623703
0014 001309 -2336.26592:[5361.76947:-815.99589:-629.30031] 0.0067108520
0015 001397 -2351.30064:[5349.38067:-820.34133:-637.50205] 0.0064353667
0016 001486 -2365.77260:[5337.33960:-824.38048:-645.37251] 0.0061548707
0017 001570 -2379.68019:[5325.67356:-828.13821:-652.91526] 0.0058786678
0018 001658 -2393.03294:[5314.39366:-831.63705:-660.13889] 0.0056111558
0019 001743 -2405.84535:[5303.50246:-834.89717:-667.05383] 0.0053540437
0020 001836 -2418.13329:[5292.99818:-837.93648:-673.67058] 0.0051075379
0021 001931 -2429.91206:[5282.87714:-840.77071:-679.99872] 0.0048710179
0022 002019 -2441.19510:[5273.13526:-843.41354:-686.04632] 0.0046433949
0023 002108 -2451.99341:[5263.76912:-845.87695:-691.81990] 0.0044233693
0024 002193 -2462.31551:[5254.77654:-848.17154:-697.32455] 0.0042096750
0025 002274 -2472.16783:[5246.15663:-850.30695:-702.56436] 0.0040012416
0026 002352 -2481.55524:[5237.90964:-852.29207:-707.54277] 0.0037972406
0027 002438 -2490.48161:[5230.03671:-854.13533:-712.26296] 0.0035970846
0028 002521 -2498.95019:[5222.53960:-855.84486:-716.72811] 0.0034003789
0029 002602 -2506.96410:[5215.42038:-857.42859:-720.94159] 0.0032069132
0030 002682 -2514.52675:[5208.68094:-858.89424:-724.90705] 0.0030166568
0031 002763 -2521.64201:[5202.32265:-860.24924:-728.62834] 0.0028296604
0032 002849 -2528.31436:[5196.34593:-861.50063:-732.10948] 0.0026460352
0033 002926 -2534.54914:[5190.74987:-862.65498:-735.35468] 0.0024659812
0034 003007 -2540.35295:[5185.53181:-863.71840:-738.36870] 0.0022898770
0035 003087 -2545.73427:[5180.68682:-864.69668:-741.15715] 0.0021183382
0036 003163 -2550.70394:[5176.20745:-865.59532:-743.72684] 0.0019521534
0037 003240 -2555.27514:[5172.08373:-866.41963:-746.08577] 0.0017921356
0038 003316 -2559.46309:[5168.30362:-867.17471:-748.24288] 0.0016389416
0039 003395 -2563.28417:[5164.85375:-867.86548:-750.20758] 0.0014929219
0040 003471 -2566.75517:[5161.72019:-868.49659:-751.98931] 0.0013541221
0041 003550 -2569.89287:[5158.88876:-869.07245:-753.59732] 0.0012224388
0042 003630 -2572.71403:[5156.34509:-869.59722:-755.04076] 0.0010977741
0043 003713 -2575.23553:[5154.07455:-870.07485:-756.32874] 0.0009800909
0044 003791 -2577.47440:[5152.06215:-870.50904:-757.47038] 0.0008693865
0045 003867 -2579.44773:[5150.29272:-870.90325:-758.47473] 0.0007656050
0046 003946 -2581.17228:[5148.75122:-871.26067:-759.35062] 0.0006685733
0047 004019 -2582.66427:[5147.42306:-871.58424:-760.10656] 0.0005780272
0048 004089 -2583.93936:[5146.29411:-871.87676:-760.75079] 0.0004937137
0049 004164 -2585.01294:[5145.35044:-872.14084:-761.29139] 0.0004154805
0050 004245 -2585.90024:[5144.57810:-872.37897:-761.73635] 0.0003432483
0051 004316 -2586.61636:[5143.96317:-872.59347:-762.09351] 0.0002769323
0052 004392 -2587.17628:[5143.49167:-872.78653:-762.37058] 0.0002164701
0053 004467 -2587.59508:[5143.14939:-872.96014:-762.57526] 0.0001618728
0054 004542 -2587.88798:[5142.92179:-873.11615:-762.71534] 0.0001131961
0055 004613 -2588.07034:[5142.79421:-873.25632:-762.79865] 0.0000704641
0056 004680 -2588.15731:[5142.75217:-873.38231:-762.83296] 0.0000336051
0057 004753 -2588.16361:[5142.78178:-873.49574:-762.82585] 0.0000024337
Start evaluating ...
  Columns 1 through 7

    0.0110    0.0131    0.0149    0.0172    0.0193    0.0215    0.0238

  Columns 8 through 10

    0.0260    0.0282    0.0305

    0.0034

Elapsed time is 4846.816884 seconds.
