nohup: ignoring input

                            < M A T L A B (R) >
                  Copyright 1984-2016 The MathWorks, Inc.
                   R2016a (9.0.0.341360) 64-bit (glnxa64)
                             February 11, 2016

 
To get started, type one of these: helpwin, helpdesk, or demo.
For product information, visit www.mathworks.com.
 

	Academic License

Start learning ...
Init data [Dtype: delicious - Dspec: sp3/2550]
Init social model
Using adagrad ...
Load pretrained shallow-model...
Params [lbd-U: 100.0000|lbd-V: 0.0100|lbd-N: 100.0000|lbd-Q: 0.0500]
Staring Sample 3 - Loc: save/bcdl/delicious-alg61-sp3-cold20170226125818336 
CTR(chongwang)-DAE(User graph) Running - Walks(1)...
-1/200: 43591926.426920/13828.321550/43578098.105370/1.000000000
-2/200: 43526489.999410/6312.915403/43520177.084007/0.001501113
-3/200: 43525271.030199/6079.792366/43519191.237833/0.000028005
-4/200: 43525314.007614/6042.213535/43519271.794079/0.000000987
-5/200: 43524180.873709/6031.908167/43518148.965542/0.000026034
-6/200: 43524244.953195/6029.436777/43518215.516418/0.000001472
-7/200: 43526497.615360/6030.369592/43520467.245768/0.000051756
-8/200: 43526977.240404/6033.129577/43520944.110827/0.000011019
-9/200: 43526639.035931/6037.025437/43520602.010494/0.000007770
-10/200: 43527014.897873/6041.500225/43520973.397648/0.000008635
-11/200: 43526302.515759/6046.383734/43520256.132025/0.000016366
-12/200: 43525684.347765/6051.599827/43519632.747938/0.000014202
-13/200: 43526919.293020/6056.980083/43520862.312937/0.000028373
-14/200: 43527545.175236/6062.472119/43521482.703117/0.000014379
-15/200: 43526692.815445/6068.101182/43520624.714263/0.000019582
-16/200: 43526783.351682/6073.692131/43520709.659551/0.000002080
-17/200: 43527608.043361/6079.264327/43521528.779034/0.000018947
-18/200: 43529055.339313/6084.795638/43522970.543675/0.000033250
-19/200: 43528112.201007/6090.350865/43522021.850142/0.000021667
-20/200: 43528498.491269/6095.837090/43522402.654179/0.000008875
-21/200: 43527281.505109/6101.352459/43521180.152650/0.000027958
-22/200: 43528807.765795/6106.789842/43522700.975953/0.000035064
-23/200: 43529340.830405/6112.196778/43523228.633627/0.000012246
-24/200: 43530020.760330/6117.550351/43523903.209979/0.000015620
-25/200: 43528921.534547/6122.897161/43522798.637386/0.000025252
-26/200: 43529070.780484/6128.211163/43522942.569321/0.000003429
-27/200: 43528585.690278/6133.429688/43522452.260590/0.000011144
-28/200: 43530694.426372/6138.559743/43524555.866629/0.000048445
-29/200: 43530483.789508/6143.645500/43524340.144008/0.000004839
-30/200: 43529870.827158/6148.707825/43523722.119333/0.000014081
-31/200: 43529861.819636/6153.659962/43523708.159674/0.000000207
-32/200: 43530685.710961/6158.587882/43524527.123079/0.000018927
-33/200: 43528299.661478/6163.447520/43522136.213958/0.000054813
-34/200: 43530694.206727/6168.271791/43524525.934936/0.000055011
-35/200: 43528830.367551/6173.000396/43522657.367155/0.000042817
-36/200: 43530358.323703/6177.699203/43524180.624500/0.000035102
-37/200: 43530565.123765/6182.340193/43524382.783572/0.000004751
-38/200: 43530091.970780/6186.908118/43523905.062662/0.000010869
-39/200: 43530763.354579/6191.432545/43524571.922034/0.000015423
-40/200: 43530439.154055/6195.899289/43524243.254766/0.000007448
-41/200: 43531811.731745/6200.333867/43525611.397878/0.000031531
-42/200: 43531999.100486/6204.698471/43525794.402015/0.000004304
-43/200: 43531697.398068/6209.000718/43525488.397350/0.000006931
-44/200: 43531898.813710/6213.209914/43525685.603796/0.000004627
-45/200: 43531689.330080/6217.393990/43525471.936090/0.000004812
-46/200: 43531661.514133/6221.531213/43525439.982920/0.000000639
-47/200: 43532381.540401/6225.605190/43526155.935211/0.000016540
-48/200: 43532317.609665/6229.620771/43526087.988894/0.000001469
-49/200: 43531227.198114/6233.608291/43524993.589823/0.000025048
-50/200: 43531723.212088/6237.524599/43525485.687489/0.000011394
-51/200: 43531753.446774/6241.370331/43525512.076443/0.000000695
-52/200: 43533238.537417/6245.164192/43526993.373225/0.000034115
-53/200: 43531748.318277/6248.936003/43525499.382274/0.000034232
-54/200: 43532459.491607/6252.668264/43526206.823343/0.000016337
-55/200: 43532371.250019/6256.319934/43526114.930085/0.000002027
-56/200: 43532381.604427/6259.923448/43526121.680979/0.000000238
-57/200: 43532789.641685/6263.535980/43526526.105705/0.000009373
-58/200: 43533317.079773/6267.091409/43527049.988364/0.000012116
-59/200: 43533028.097995/6270.599550/43526757.498445/0.000006638
-60/200: 43533151.009910/6274.027158/43526876.982752/0.000002823
-61/200: 43532363.389280/6277.418144/43526085.971136/0.000018092
-62/200: 43533771.394104/6280.775278/43527490.618826/0.000032344
-63/200: 43533086.024467/6284.084262/43526801.940205/0.000015743
-64/200: 43534537.320136/6287.348748/43528249.971388/0.000033338
-65/200: 43534585.477515/6290.596492/43528294.881023/0.000001106
-66/200: 43534428.976990/6293.809392/43528135.167598/0.000003595
-67/200: 43533436.532343/6296.970822/43527139.561521/0.000022797
-68/200: 43533553.485900/6300.074881/43527253.411019/0.000002687
-69/200: 43533797.252716/6303.138872/43527494.113844/0.000005600
-70/200: 43533734.529628/6306.166084/43527428.363544/0.000001441
-71/200: 43534703.528139/6309.166743/43528394.361396/0.000022259
-72/200: 43534204.861123/6312.106175/43527892.754948/0.000011454
-73/200: 43535248.547951/6315.028267/43528933.519684/0.000023974
-74/200: 43534810.081917/6317.921989/43528492.159928/0.000010072
-75/200: 43534463.061737/6320.766810/43528142.294927/0.000007971
-76/200: 43535451.187411/6323.571512/43529127.615899/0.000022698
-77/200: 43535649.115229/6326.349981/43529322.765248/0.000004546
-78/200: 43535628.053191/6329.066696/43529298.986495/0.000000484
-79/200: 43534597.776847/6331.765876/43528266.010971/0.000023665
-80/200: 43534772.342386/6334.420162/43528437.922224/0.000004010
-81/200: 43535345.319058/6337.040056/43529008.279002/0.000013161
-82/200: 43536054.077318/6339.630419/43529714.446899/0.000016280
-83/200: 43535407.601275/6342.193002/43529065.408273/0.000014849
-84/200: 43535239.994289/6344.700960/43528895.293329/0.000003850
-85/200: 43535949.444785/6347.197813/43529602.246972/0.000016296
-86/200: 43535989.866077/6349.636868/43529640.229209/0.000000928
-87/200: 43536100.418759/6352.066773/43529748.351986/0.000002539
-88/200: 43536496.793193/6354.465292/43530142.327901/0.000009105
-89/200: 43536142.948477/6356.832806/43529786.115671/0.000008128
-90/200: 43536492.793159/6359.157165/43530133.635994/0.000008036
-91/200: 43536403.324495/6361.437913/43530041.886582/0.000002055
-92/200: 43536815.911015/6363.701116/43530452.209899/0.000009477
-93/200: 43536593.976877/6365.929769/43530228.047108/0.000005098
-94/200: 43537289.020785/6368.124254/43530920.896531/0.000015965
-95/200: 43537019.833449/6370.298645/43530649.534804/0.000006183
-96/200: 43536627.664048/6372.456854/43530255.207194/0.000009008
-97/200: 43537109.257527/6374.581516/43530734.676011/0.000011062
-98/200: 43537417.865652/6376.674578/43531041.191074/0.000007088
-99/200: 43537556.807651/6378.745768/43531178.061883/0.000003191
Recall at EP-100 ...
  Columns 1 through 7

    0.0862    0.1111    0.1308    0.1497    0.1646    0.1768    0.1856

  Columns 8 through 10

    0.1936    0.1998    0.2065

Mrr at EP-100 ...
    0.0185

-100/200: 43537217.373350/6380.795092/43530836.578258/0.000007796
-101/200: 43537054.760734/6382.791872/43530671.968862/0.000003735
-102/200: 43537461.764444/6384.782922/43531076.981522/0.000009348
-103/200: 43538118.291484/6386.745571/43531731.545913/0.000015080
-104/200: 43537502.687168/6388.678260/43531114.008908/0.000014139
-105/200: 43538053.416260/6390.584019/43531662.832241/0.000012650
-106/200: 43537651.215141/6392.477207/43531258.737934/0.000009238
-107/200: 43538037.888308/6394.345538/43531643.542770/0.000008881
-108/200: 43538518.293651/6396.180069/43532122.113582/0.000011034
-109/200: 43538038.743360/6397.989090/43531640.754270/0.000011014
-110/200: 43537926.188777/6399.780647/43531526.408130/0.000002585
-111/200: 43538729.572332/6401.567129/43532328.005203/0.000018452
-112/200: 43538673.286253/6403.329552/43532269.956701/0.000001293
-113/200: 43538461.583603/6405.062756/43532056.520847/0.000004862
-114/200: 43538300.959046/6406.774648/43531894.184398/0.000003689
-115/200: 43538673.989356/6408.467416/43532265.521940/0.000008568
-116/200: 43538563.007672/6410.131514/43532152.876158/0.000002549
-117/200: 43539090.774720/6411.773080/43532679.001640/0.000012122
-118/200: 43539007.482967/6413.411512/43532594.071455/0.000001913
-119/200: 43539404.320697/6415.014024/43532989.306673/0.000009115
-120/200: 43539189.551465/6416.586775/43532772.964690/0.000004933
-121/200: 43539585.698708/6418.138028/43533167.560680/0.000009099
-122/200: 43539686.944933/6419.661749/43533267.283184/0.000002325
-123/200: 43539426.103028/6421.176683/43533004.926345/0.000005991
-124/200: 43539595.635498/6422.667149/43533172.968349/0.000003894
-125/200: 43539713.678027/6424.134431/43533289.543596/0.000002711
-126/200: 43539729.789589/6425.592859/43533304.196730/0.000000370
-127/200: 43539730.582397/6427.037269/43533303.545128/0.000000018
Start evaluating ...
  Columns 1 through 7

    0.0847    0.1090    0.1294    0.1486    0.1641    0.1765    0.1856

  Columns 8 through 10

    0.1933    0.1998    0.2056

    0.0182

Elapsed time is 20702.361976 seconds.
