nohup: ignoring input

                            < M A T L A B (R) >
                  Copyright 1984-2016 The MathWorks, Inc.
                   R2016a (9.0.0.341360) 64-bit (glnxa64)
                             February 11, 2016

 
To get started, type one of these: helpwin, helpdesk, or demo.
For product information, visit www.mathworks.com.
 

	Academic License

Start learning ...
Init data [Dtype: delicious - Dspec: sp3/2550]
Init social model
Using adagrad ...
Load pretrained shallow-model...
Params [lbd-U: 0.1000|lbd-V: 0.1000|lbd-N: 0.1000|lbd-Q: 0.0500]
Staring Sample 3 - Loc: save/bcdl/delicious-alg61-sp3-cold20170226125817580 
CTR(chongwang)-DAE(User graph) Running - Walks(1)...
-1/200: 46617.311176/3039.213071/43578.098105/1.000000000
-2/200: 45329.400625/1831.131878/43498.268747/0.027627302
-3/200: 45286.105836/1772.264050/43513.841786/0.000955115
-4/200: 45260.460690/1742.906048/43517.554642/0.000566292
-5/200: 45236.821863/1720.224709/43516.597154/0.000522284
-6/200: 45218.878200/1702.199885/43516.678315/0.000396661
-7/200: 45206.517582/1687.608931/43518.908651/0.000273351
-8/200: 45195.022212/1675.650292/43519.371920/0.000254286
-9/200: 45184.756612/1665.752644/43519.003968/0.000227140
-10/200: 45176.886110/1657.490023/43519.396087/0.000174185
-11/200: 45169.260586/1650.538709/43518.721877/0.000168793
-12/200: 45162.803228/1644.649410/43518.153818/0.000142959
-13/200: 45158.910916/1639.628273/43519.282643/0.000086184
-14/200: 45155.271780/1635.322693/43519.949087/0.000080585
-15/200: 45150.634356/1631.611796/43519.022560/0.000102700
-16/200: 45147.665251/1628.397675/43519.267576/0.000065760
-17/200: 45145.688356/1625.601981/43520.086375/0.000043787
-18/200: 45144.622292/1623.159773/43521.462519/0.000023614
-19/200: 45141.621527/1621.018561/43520.602966/0.000066470
-20/200: 45140.084910/1619.133915/43520.950995/0.000034040
-21/200: 45137.180404/1617.469523/43519.710881/0.000064344
-22/200: 45137.280164/1615.994267/43521.285897/0.000002210
-23/200: 45136.456355/1614.682637/43521.773718/0.000018251
-24/200: 45135.867013/1613.512612/43522.354401/0.000013057
-25/200: 45133.807630/1612.465583/43521.342047/0.000045626
-26/200: 45133.156567/1611.525522/43521.631045/0.000014425
-27/200: 45131.771502/1610.679119/43521.092383/0.000030688
-28/200: 45133.035534/1609.914610/43523.120924/0.000028008
-29/200: 45132.108328/1609.221958/43522.886370/0.000020544
-30/200: 45130.936868/1608.592756/43522.344112/0.000025956
-31/200: 45130.426343/1608.019232/43522.407111/0.000011312
-32/200: 45130.719718/1607.495259/43523.224459/0.000006501
-33/200: 45127.869337/1607.014994/43520.854343/0.000063158
-34/200: 45129.787583/1606.573671/43523.213912/0.000042507
-35/200: 45127.583932/1606.166859/43521.417073/0.000048829
-36/200: 45128.756850/1605.791142/43522.965708/0.000025991
-37/200: 45128.522692/1605.443036/43523.079656/0.000005189
-38/200: 45127.751962/1605.119727/43522.632235/0.000017079
-39/200: 45128.168411/1604.818789/43523.349622/0.000009228
-40/200: 45127.569363/1604.537928/43523.031435/0.000013274
-41/200: 45128.653118/1604.275314/43524.377804/0.000024015
-42/200: 45128.499863/1604.029248/43524.470615/0.000003396
-43/200: 45128.098296/1603.798125/43524.300171/0.000008898
-44/200: 45128.074672/1603.580387/43524.494285/0.000000523
-45/200: 45127.631036/1603.375164/43524.255872/0.000009831
-46/200: 45127.492834/1603.181317/43524.311517/0.000003062
-47/200: 45128.030259/1602.997787/43525.032472/0.000011909
-48/200: 45127.785156/1602.823786/43524.961370/0.000005431
-49/200: 45126.548576/1602.658719/43523.889857/0.000027402
-50/200: 45126.867002/1602.501711/43524.365291/0.000007056
-51/200: 45126.738106/1602.352249/43524.385857/0.000002856
-52/200: 45128.176969/1602.209699/43525.967270/0.000031885
-53/200: 45126.511858/1602.073731/43524.438127/0.000036897
-54/200: 45127.078709/1601.943843/43525.134866/0.000012561
-55/200: 45126.940136/1601.819515/43525.120621/0.000003071
-56/200: 45126.865463/1601.700346/43525.165117/0.000001655
-57/200: 45127.139880/1601.586392/43525.553488/0.000006081
-58/200: 45127.569810/1601.477007/43526.092803/0.000009527
-59/200: 45127.142637/1601.372066/43525.770571/0.000009466
-60/200: 45127.212536/1601.271036/43525.941500/0.000001549
-61/200: 45126.306254/1601.174125/43525.132129/0.000020083
-62/200: 45127.666116/1601.080788/43526.585328/0.000030135
-63/200: 45126.880797/1600.990943/43525.889854/0.000017402
-64/200: 45128.246757/1600.904415/43527.342342/0.000030269
-65/200: 45128.253149/1600.821260/43527.431889/0.000000142
-66/200: 45127.934851/1600.741093/43527.193758/0.000007053
-67/200: 45126.943245/1600.663569/43526.279676/0.000021973
-68/200: 45127.054489/1600.588843/43526.465646/0.000002465
-69/200: 45127.194690/1600.516683/43526.678007/0.000003107
-70/200: 45127.032298/1600.446925/43526.585373/0.000003599
-71/200: 45127.908888/1600.379682/43527.529206/0.000019425
-72/200: 45127.355394/1600.314530/43527.040864/0.000012265
-73/200: 45128.357838/1600.251502/43528.106336/0.000022214
-74/200: 45127.919162/1600.190539/43527.728623/0.000009721
-75/200: 45127.521321/1600.131561/43527.389760/0.000008816
-76/200: 45128.483633/1600.074424/43528.409209/0.000021324
-77/200: 45128.594472/1600.019174/43528.575298/0.000002456
-78/200: 45128.532010/1599.965424/43528.566586/0.000001384
-79/200: 45127.493311/1599.913433/43527.579878/0.000023016
-80/200: 45127.632946/1599.862956/43527.769990/0.000003094
-81/200: 45128.146972/1599.814020/43528.332952/0.000011390
-82/200: 45128.881904/1599.766442/43529.115462/0.000016285
-83/200: 45128.164827/1599.720279/43528.444548/0.000015890
-84/200: 45127.951393/1599.675367/43528.276026/0.000004730
-85/200: 45128.621462/1599.631729/43528.989733/0.000014848
-86/200: 45128.628042/1599.589307/43529.038735/0.000000146
-87/200: 45128.725275/1599.548082/43529.177193/0.000002155
-88/200: 45129.106929/1599.508021/43529.598908/0.000008457
-89/200: 45128.689685/1599.469024/43529.220661/0.000009246
-90/200: 45129.010645/1599.431065/43529.579580/0.000007112
-91/200: 45128.917125/1599.394111/43529.523014/0.000002072
-92/200: 45129.301381/1599.358040/43529.943341/0.000008515
-93/200: 45129.054444/1599.323013/43529.731431/0.000005472
-94/200: 45129.709225/1599.288813/43530.420412/0.000014509
-95/200: 45129.472300/1599.255494/43530.216806/0.000005250
-96/200: 45128.992428/1599.223095/43529.769333/0.000010633
-97/200: 45129.485325/1599.191488/43530.293837/0.000010922
-98/200: 45129.784351/1599.160613/43530.623738/0.000006626
-99/200: 45129.897529/1599.130592/43530.766937/0.000002508
Recall at EP-100 ...
  Columns 1 through 7

    0.0848    0.1037    0.1144    0.1211    0.1282    0.1367    0.1462

  Columns 8 through 10

    0.1581    0.1698    0.1814

Mrr at EP-100 ...
    0.0199

-100/200: 45129.541035/1599.101331/43530.439704/0.000007899
-101/200: 45129.282705/1599.072596/43530.210109/0.000005724
-102/200: 45129.704406/1599.044716/43530.659690/0.000009344
-103/200: 45130.368890/1599.017446/43531.351444/0.000014724
-104/200: 45129.736206/1598.990691/43530.745515/0.000014019
-105/200: 45130.323059/1598.964627/43531.358432/0.000013004
-106/200: 45129.854229/1598.939200/43530.915029/0.000010388
-107/200: 45130.253770/1598.914438/43531.339332/0.000008853
-108/200: 45130.758029/1598.890068/43531.867961/0.000011173
-109/200: 45130.210839/1598.866269/43531.344570/0.000012125
-110/200: 45130.118313/1598.843041/43531.275272/0.000002050
-111/200: 45130.883249/1598.820441/43532.062808/0.000016950
-112/200: 45130.804222/1598.798273/43532.005949/0.000001751
-113/200: 45130.590706/1598.776556/43531.814150/0.000004731
-114/200: 45130.395108/1598.755354/43531.639754/0.000004334
-115/200: 45130.716167/1598.734675/43531.981492/0.000007114
-116/200: 45130.643584/1598.714316/43531.929268/0.000001608
-117/200: 45131.217478/1598.694420/43532.523058/0.000012716
-118/200: 45131.121215/1598.674991/43532.446224/0.000002133
-119/200: 45131.481581/1598.655983/43532.825598/0.000007985
-120/200: 45131.323883/1598.637207/43532.686676/0.000003494
-121/200: 45131.723327/1598.618839/43533.104488/0.000008851
-122/200: 45131.761621/1598.600811/43533.160810/0.000000848
-123/200: 45131.444053/1598.583279/43532.860774/0.000007036
-124/200: 45131.707393/1598.565975/43533.141418/0.000005835
-125/200: 45131.731813/1598.549089/43533.182724/0.000000541
-126/200: 45131.737362/1598.532580/43533.204782/0.000000123
-127/200: 45131.742925/1598.516430/43533.226495/0.000000123
-128/200: 45131.808682/1598.500547/43533.308135/0.000001457
-129/200: 45131.833041/1598.484806/43533.348235/0.000000540
-130/200: 45132.440767/1598.469593/43533.971174/0.000013466
-131/200: 45131.883187/1598.454570/43533.428617/0.000012354
-132/200: 45132.435073/1598.439873/43533.995200/0.000012228
-133/200: 45132.519767/1598.425588/43534.094179/0.000001877
-134/200: 45132.944132/1598.411403/43534.532729/0.000009403
-135/200: 45132.225320/1598.397498/43533.827822/0.000015927
-136/200: 45132.443925/1598.383846/43534.060079/0.000004844
-137/200: 45133.067382/1598.370403/43534.696979/0.000013814
-138/200: 45132.892798/1598.357229/43534.535569/0.000003868
-139/200: 45132.798259/1598.344288/43534.453971/0.000002095
-140/200: 45133.087098/1598.331598/43534.755500/0.000006400
-141/200: 45133.281617/1598.319189/43534.962428/0.000004310
-142/200: 45132.957843/1598.306979/43534.650864/0.000007174
-143/200: 45133.312429/1598.295035/43535.017394/0.000007856
-144/200: 45133.447292/1598.283179/43535.164113/0.000002988
-145/200: 45133.669822/1598.271716/43535.398106/0.000004930
-146/200: 45133.561095/1598.260338/43535.300757/0.000002409
-147/200: 45133.756831/1598.249177/43535.507654/0.000004337
-148/200: 45133.417730/1598.238083/43535.179647/0.000007513
-149/200: 45133.753563/1598.227266/43535.526297/0.000007441
-150/200: 45133.924191/1598.216711/43535.707480/0.000003781
-151/200: 45134.009768/1598.206353/43535.803415/0.000001896
-152/200: 45134.007305/1598.196078/43535.811227/0.000000055
Start evaluating ...
  Columns 1 through 7

    0.0830    0.1032    0.1142    0.1207    0.1278    0.1362    0.1456

  Columns 8 through 10

    0.1583    0.1708    0.1825

    0.0200

Elapsed time is 25976.789412 seconds.
