nohup: ignoring input

                            < M A T L A B (R) >
                  Copyright 1984-2016 The MathWorks, Inc.
                   R2016a (9.0.0.341360) 64-bit (glnxa64)
                             February 11, 2016

 
To get started, type one of these: helpwin, helpdesk, or demo.
For product information, visit www.mathworks.com.
 

	Academic License

Start learning ...
Init data [Dtype: delicious - Dspec: sp3/2550]
Init social model
Using adagrad ...
Load pretrained shallow-model...
Params [lbd-U: 0.1000|lbd-V: 10.0000|lbd-N: 0.1000|lbd-Q: 0.0500]
Staring Sample 3 - Loc: save/bcdl/delicious-alg61-sp3-cold20170226125817642 
CTR(chongwang)-DAE(User graph) Running - Walks(1)...
-1/200: 56541.270614/12963.172509/43578.098105/1.000000000
-2/200: 51843.608211/8345.339464/43498.268747/0.083083778
-3/200: 51708.868725/8215.753375/43493.115350/0.002598960
-4/200: 51484.653642/7991.457524/43493.196118/0.004336105
-5/200: 51179.950944/7686.520923/43493.430021/0.005918321
-6/200: 50919.474235/7422.513684/43496.960551/0.005089429
-7/200: 50794.295726/7289.862827/43504.432899/0.002458362
-8/200: 50715.277278/7207.130396/43508.146882/0.001555656
-9/200: 50661.033148/7151.517306/43509.515842/0.001069582
-10/200: 50627.540971/7117.180932/43510.360039/0.000661103
-11/200: 50607.405537/7096.883976/43510.521561/0.000397717
-12/200: 50594.564149/7084.225055/43510.339094/0.000253745
-13/200: 50587.618787/7075.862737/43511.756050/0.000137275
-14/200: 50582.816266/7070.347186/43512.469080/0.000094935
-15/200: 50577.824288/7066.935190/43510.889098/0.000098689
-16/200: 50577.267150/7065.139746/43512.127404/0.000011015
-17/200: 50576.784736/7064.604652/43512.180084/0.000009538
-18/200: 50579.215514/7065.052866/43514.162648/0.000048061
-19/200: 50578.977003/7066.266710/43512.710293/0.000004716
-20/200: 50581.474998/7068.068093/43513.406905/0.000049388
-21/200: 50582.408861/7070.317010/43512.091851/0.000018463
-22/200: 50586.373789/7072.895990/43513.477799/0.000078386
-23/200: 50590.352389/7075.709900/43514.642489/0.000078650
-24/200: 50593.061497/7078.679104/43514.382393/0.000053550
-25/200: 50594.644497/7081.739816/43512.904681/0.000031289
-26/200: 50598.095704/7084.836785/43513.258919/0.000068213
-27/200: 50601.259227/7087.924101/43513.335126/0.000062523
-28/200: 50605.844688/7090.964599/43514.880089/0.000090620
-29/200: 50608.397258/7093.927160/43514.470098/0.000050440
-30/200: 50610.581185/7096.787212/43513.793973/0.000043153
-31/200: 50614.175135/7099.523092/43514.652043/0.000071012
-32/200: 50616.908074/7102.120293/43514.787781/0.000053996
-33/200: 50617.470975/7104.565652/43512.905323/0.000011121
-34/200: 50622.473077/7106.850015/43515.623062/0.000098822
-35/200: 50622.347987/7108.969083/43513.378904/0.000002471
-36/200: 50625.968458/7110.920154/43515.048304/0.000071519
-37/200: 50626.954036/7112.703623/43514.250413/0.000019468
-38/200: 50628.200449/7114.319581/43513.880868/0.000024620
-39/200: 50629.842491/7115.773258/43514.069233/0.000032433
-40/200: 50631.223837/7117.067657/43514.156180/0.000027283
-41/200: 50633.478363/7118.209263/43515.269100/0.000044528
-42/200: 50633.784036/7119.204445/43514.579591/0.000006037
-43/200: 50635.299810/7120.059314/43515.240496/0.000029936
-44/200: 50635.996699/7120.781717/43515.214982/0.000013763
-45/200: 50636.531210/7121.380691/43515.150519/0.000010556
-46/200: 50637.115638/7121.863903/43515.251735/0.000011542
-47/200: 50638.468671/7122.239066/43516.229605/0.000026720
-48/200: 50638.896413/7122.515920/43516.380493/0.000008447
-49/200: 50637.746691/7122.703680/43515.043011/0.000022704
-50/200: 50636.915209/7122.811308/43514.103901/0.000016420
-51/200: 50638.095720/7122.846624/43515.249096/0.000023313
-52/200: 50639.025360/7122.818269/43516.207091/0.000018359
-53/200: 50637.490185/7122.735505/43514.754680/0.000030316
-54/200: 50638.829067/7122.606136/43516.222931/0.000026441
-55/200: 50638.432145/7122.436018/43515.996127/0.000007838
-56/200: 50637.854249/7122.234208/43515.620041/0.000011412
-57/200: 50638.937171/7122.008395/43516.928776/0.000021386
-58/200: 50638.459230/7121.763553/43516.695677/0.000009438
-59/200: 50637.404761/7121.505054/43515.899707/0.000020823
-60/200: 50637.905580/7121.235765/43516.669815/0.000009890
-61/200: 50636.202099/7120.961980/43515.240119/0.000033640
-62/200: 50637.739995/7120.685628/43517.054367/0.000030371
-63/200: 50636.560075/7120.409205/43516.150870/0.000023301
-64/200: 50638.169836/7120.135051/43518.034785/0.000031791
-65/200: 50637.268244/7119.866718/43517.401526/0.000017805
-66/200: 50636.794771/7119.603862/43517.190909/0.000009350
-67/200: 50635.211109/7119.348225/43515.862884/0.000031275
-68/200: 50636.152611/7119.099329/43517.053282/0.000018594
-69/200: 50635.622405/7118.858870/43516.763535/0.000010471
-70/200: 50635.227571/7118.627291/43516.600280/0.000007798
-71/200: 50634.765143/7118.405448/43516.359695/0.000009133
-72/200: 50634.387702/7118.191006/43516.196696/0.000007454
-73/200: 50636.237774/7117.985176/43518.252598/0.000036538
-74/200: 50635.827759/7117.787349/43518.040410/0.000008097
-75/200: 50634.841372/7117.596997/43517.244375/0.000019480
-76/200: 50635.316263/7117.414080/43517.902183/0.000009379
-77/200: 50635.563270/7117.238774/43518.324496/0.000004878
-78/200: 50635.148591/7117.068296/43518.080295/0.000008189
-79/200: 50634.448524/7116.905276/43517.543248/0.000013826
-80/200: 50634.579751/7116.747667/43517.832084/0.000002592
-81/200: 50634.581930/7116.595468/43517.986462/0.000000043
-82/200: 50635.562703/7116.448995/43519.113708/0.000019370
-83/200: 50634.186439/7116.307977/43517.878462/0.000027180
-84/200: 50633.569043/7116.171039/43517.398004/0.000012193
-85/200: 50634.556663/7116.039159/43518.517504/0.000019505
-86/200: 50634.323849/7115.911199/43518.412650/0.000004598
-87/200: 50634.935647/7115.787574/43519.148073/0.000012083
-88/200: 50634.964053/7115.668382/43519.295671/0.000000561
-89/200: 50634.196202/7115.552638/43518.643564/0.000015164
-90/200: 50634.630026/7115.440272/43519.189754/0.000008568
-91/200: 50634.280392/7115.330713/43518.949679/0.000006905
-92/200: 50634.382048/7115.225230/43519.156818/0.000002008
-93/200: 50633.961538/7115.122494/43518.839044/0.000008305
-94/200: 50634.269071/7115.023159/43519.245912/0.000006074
-95/200: 50634.643567/7114.926674/43519.716893/0.000007396
-96/200: 50633.795764/7114.833654/43518.962110/0.000016744
-97/200: 50634.354367/7114.743510/43519.610857/0.000011032
-98/200: 50634.019356/7114.655188/43519.364168/0.000006616
-99/200: 50635.586379/7114.569428/43521.016951/0.000030948
Recall at EP-100 ...
  Columns 1 through 7

    0.0824    0.1033    0.1132    0.1221    0.1317    0.1419    0.1553

  Columns 8 through 10

    0.1692    0.1804    0.1904

Mrr at EP-100 ...
    0.0168

-100/200: 50634.499900/7114.486937/43520.012963/0.000021457
-101/200: 50633.048273/7114.405796/43518.642477/0.000028669
-102/200: 50633.458549/7114.405796/43519.052753/0.000008103
-103/200: 50633.913273/7114.405796/43519.507477/0.000008981
/bin/bash: fork: retry: No child processes
-104/200: 50633.537588/7114.305071/43519.232517/0.000007420
-105/200: 50634.303993/7114.228899/43520.075094/0.000015136
-106/200: 50634.517830/7114.155176/43520.362654/0.000004223
-107/200: 50634.704113/7114.083543/43520.620570/0.000003679
-108/200: 50635.180634/7114.012969/43521.167665/0.000009411
-109/200: 50634.319208/7113.944409/43520.374799/0.000017012
-110/200: 50634.121264/7113.877640/43520.243624/0.000003909
-111/200: 50634.822712/7113.814350/43521.008362/0.000013853
-112/200: 50634.416631/7113.752167/43520.664464/0.000008020
-113/200: 50633.514896/7113.691672/43519.823224/0.000017809
-114/200: 50633.880368/7113.632752/43520.247616/0.000007218
-115/200: 50633.845974/7113.575801/43520.270173/0.000000679
-116/200: 50633.524801/7113.519453/43520.005348/0.000006343
-117/200: 50635.091158/7113.464611/43521.626547/0.000030935
-118/200: 50634.224444/7113.411968/43520.812476/0.000017117
-119/200: 50634.722134/7113.360220/43521.361914/0.000009829
-120/200: 50634.495879/7113.309006/43521.186873/0.000004468
-121/200: 50634.657219/7113.259147/43521.398072/0.000003186
-122/200: 50634.887156/7113.210369/43521.676787/0.000004541
-123/200: 50634.022033/7113.164076/43520.857957/0.000017086
-124/200: 50635.973525/7113.117005/43522.856520/0.000038541
-125/200: 50633.887033/7113.072204/43520.814829/0.000041206
-126/200: 50633.953392/7113.029024/43520.924368/0.000001311
-127/200: 50634.772240/7112.986923/43521.785317/0.000016172
-128/200: 50634.502805/7112.946292/43521.556513/0.000005321
-129/200: 50634.807352/7112.904678/43521.902674/0.000006015
-130/200: 50634.816647/7112.865436/43521.951211/0.000000184
-131/200: 50634.580461/7112.827381/43521.753080/0.000004664
-132/200: 50634.593394/7112.790742/43521.802652/0.000000255
-133/200: 50634.457451/7112.755186/43521.702265/0.000002685
-134/200: 50634.900537/7112.719804/43522.180733/0.000008751
-135/200: 50634.917526/7112.685141/43522.232385/0.000000336
-136/200: 50633.773768/7112.651121/43521.122647/0.000022588
-137/200: 50634.656337/7112.618567/43522.037770/0.000017430
-138/200: 50634.711201/7112.586288/43522.124913/0.000001084
-139/200: 50635.530596/7112.554266/43522.976330/0.000016182
-140/200: 50634.347655/7112.524107/43521.823548/0.000023362
-141/200: 50635.266671/7112.495110/43522.771561/0.000018150
-142/200: 50634.489599/7112.465534/43522.024065/0.000015346
-143/200: 50635.126221/7112.437932/43522.688289/0.000012573
-144/200: 50635.763459/7112.409946/43523.353513/0.000012585
-145/200: 50635.507938/7112.384074/43523.123864/0.000005046
-146/200: 50635.087777/7112.357879/43522.729898/0.000008298
-147/200: 50635.639826/7112.331960/43523.307866/0.000010902
-148/200: 50635.216289/7112.306128/43522.910161/0.000008364
-149/200: 50635.252596/7112.281531/43522.971065/0.000000717
-150/200: 50635.127996/7112.258380/43522.869616/0.000002461
-151/200: 50634.537129/7112.236897/43522.300232/0.000011669
-152/200: 50636.236756/7112.214307/43524.022449/0.000033567
-153/200: 50635.769448/7112.191845/43523.577603/0.000009229
-154/200: 50634.577328/7112.170585/43522.406743/0.000023543
-155/200: 50635.001762/7112.150256/43522.851506/0.000008382
-156/200: 50635.094183/7112.130511/43522.963672/0.000001825
-157/200: 50635.632767/7112.111259/43523.521508/0.000010637
-158/200: 50636.380910/7112.091733/43524.289177/0.000014775
-159/200: 50635.863754/7112.074316/43523.789438/0.000010213
-160/200: 50635.891793/7112.056963/43523.834830/0.000000554
-161/200: 50635.738534/7112.039726/43523.698808/0.000003027
-162/200: 50636.309106/7112.022345/43524.286761/0.000011268
-163/200: 50637.085218/7112.005638/43525.079580/0.000015327
-164/200: 50635.863568/7111.989863/43523.873705/0.000024126
-165/200: 50636.787827/7111.974402/43524.813425/0.000018253
-166/200: 50635.172041/7111.959529/43523.212512/0.000031909
-167/200: 50636.341307/7111.944506/43524.396801/0.000023092
-168/200: 50636.491399/7111.930556/43524.560843/0.000002964
-169/200: 50636.146475/7111.916260/43524.230215/0.000006812
-170/200: 50636.361028/7111.902865/43524.458163/0.000004237
-171/200: 50637.735042/7111.889815/43525.845227/0.000027135
-172/200: 50636.634203/7111.876970/43524.757233/0.000021740
-173/200: 50635.738569/7111.865169/43523.873400/0.000017687
-174/200: 50637.036009/7111.854349/43525.181660/0.000025623
-175/200: 50637.118872/7111.842696/43525.276176/0.000001636
-176/200: 50637.004372/7111.832490/43525.171882/0.000002261
-177/200: 50637.003335/7111.822914/43525.180421/0.000000020
Start evaluating ...
  Columns 1 through 7

    0.0817    0.1018    0.1128    0.1226    0.1309    0.1418    0.1549

  Columns 8 through 10

    0.1688    0.1805    0.1918

    0.0166

Elapsed time is 31330.007061 seconds.
