nohup: ignoring input

                            < M A T L A B (R) >
                  Copyright 1984-2016 The MathWorks, Inc.
                   R2016a (9.0.0.341360) 64-bit (glnxa64)
                             February 11, 2016

 
To get started, type one of these: helpwin, helpdesk, or demo.
For product information, visit www.mathworks.com.
 

	Academic License

Start learning ...
Init data [Dtype: delicious - Dspec: sp3/5050]
Init social model
Using adagrad ...
Params [lbd-U: 0.1000|lbd-V: 100.0000|lbd-N: 0.1000|lbd-Q: 0.0100]
Staring Sample 3 - Loc: save/ctr/delicious-alg80-sp3-cold20170226164407413 
CTR(chongwang) Running ...

iter time likelihood:[r:u:v] converge
0001 000514 -28125.00000:[0.00000:0.00000:-0.00000] 1.0000000000
0002 001023 -25040.25931:[6901.82989:-442.06785:-1119.94356] 0.1096796692
0003 001530 -21026.50088:[20381.07111:-3096.00834:-4510.95154] 0.1602922068
0004 002015 -19973.09512:[26348.99458:-5201.88326:-5150.16629] 0.0500989570
0005 002497 -19728.46227:[27041.80804:-5422.85280:-5176.90448] 0.0122481193
0006 002979 -19576.33798:[27338.87822:-5484.84359:-5162.24918] 0.0077109045
0007 003440 -19479.33735:[27525.60893:-5524.09591:-5152.37539] 0.0049549934
0008 003913 -19420.81907:[27648.47963:-5554.76290:-5151.14204] 0.0030041211
0009 004406 -19389.27458:[27729.81619:-5580.56119:-5157.16048] 0.0016242613
0010 004870 -19376.38285:[27783.25069:-5603.02050:-5168.44493] 0.0006648896
0011 005316 -19376.19856:[27817.62924:-5622.91567:-5183.25967] 0.0000095111
Start evaluating ...
  Columns 1 through 7

    0.1049    0.1552    0.1759    0.1854    0.1892    0.1928    0.1958

  Columns 8 through 10

    0.1984    0.2003    0.2024

    0.0186

Elapsed time is 5468.388206 seconds.
