nohup: ignoring input

                            < M A T L A B (R) >
                  Copyright 1984-2016 The MathWorks, Inc.
                   R2016a (9.0.0.341360) 64-bit (glnxa64)
                             February 11, 2016

 
To get started, type one of these: helpwin, helpdesk, or demo.
For product information, visit www.mathworks.com.
 

	Academic License

Start learning ...
Init data [Dtype: delicious - Dspec: sp3/1050]
Init social model
Using adagrad ...
Load pretrained shallow-model...
Params [lbd-U: 0.1000|lbd-V: 0.1000|lbd-N: 0.1000|lbd-Q: 0.1000]
Staring Sample 3 - Loc: save/bcdl/delicious-alg61-sp3-cold20170225114413538 
CTR(chongwang)-DAE(User graph) Running - Walks(1)...
-1/200: 45331.612846/1753.514741/43578.098105/1.000000000
-2/200: 44230.392677/729.897478/43500.495199/0.024292543
-3/200: 44203.189636/687.257794/43515.931842/0.000615031
-4/200: 44178.500802/660.599959/43517.900843/0.000558531
-5/200: 44159.367239/642.522406/43516.844833/0.000433097
-6/200: 44146.852914/629.939490/43516.913424/0.000283390
-7/200: 44140.150978/621.011045/43519.139933/0.000151810
-8/200: 44134.189910/614.593329/43519.596581/0.000135049
-9/200: 44129.259884/609.934950/43519.324934/0.000111705
-10/200: 44126.171959/606.525388/43519.646571/0.000069975
-11/200: 44122.981496/604.010588/43518.970908/0.000072303
-12/200: 44120.551218/602.142118/43518.409100/0.000055080
-13/200: 44120.322175/600.743969/43519.578206/0.000005191
-14/200: 44119.871047/599.690364/43520.180683/0.000010225
-15/200: 44118.204515/598.891071/43519.313444/0.000037773
-16/200: 44117.741383/598.280548/43519.460835/0.000010498
-17/200: 44118.141258/597.811527/43520.329731/0.000009064
-18/200: 44119.086307/597.449051/43521.637256/0.000021421
-19/200: 44117.925323/597.167757/43520.757566/0.000026315
-20/200: 44118.127166/596.948647/43521.178519/0.000004575
-21/200: 44116.777118/596.777552/43519.999566/0.000030601
-22/200: 44118.158755/596.643931/43521.514824/0.000031318
-23/200: 44118.569775/596.539689/43522.030086/0.000009316
-24/200: 44119.111406/596.458658/43522.652748/0.000012277
-25/200: 44117.988225/596.396290/43521.591935/0.000025458
-26/200: 44118.162905/596.348726/43521.814179/0.000003959
-27/200: 44117.650746/596.312932/43521.337814/0.000011609
-28/200: 44119.652022/596.286604/43523.365418/0.000045362
-29/200: 44119.473851/596.267979/43523.205872/0.000004038
-30/200: 44118.836459/596.255621/43522.580838/0.000014447
-31/200: 44118.865846/596.248036/43522.617810/0.000000666
-32/200: 44119.689308/596.244500/43523.444808/0.000018665
-33/200: 44117.363309/596.243828/43521.119481/0.000052720
-34/200: 44119.699655/596.245637/43523.454018/0.000052958
-35/200: 44117.886385/596.249023/43521.637362/0.000041099
-36/200: 44119.414117/596.253718/43523.160399/0.000034628
-37/200: 44119.595343/596.259186/43523.336157/0.000004108
-38/200: 44119.146193/596.265075/43522.881118/0.000010180
-39/200: 44119.851160/596.271085/43523.580075/0.000015979
-40/200: 44119.537851/596.277156/43523.260695/0.000007101
-41/200: 44120.881420/596.283047/43524.598373/0.000030453
-42/200: 44121.058159/596.288541/43524.769618/0.000004006
-43/200: 44120.824385/596.293550/43524.530835/0.000005298
-44/200: 44121.024558/596.297860/43524.726698/0.000004537
-45/200: 44120.824309/596.301677/43524.522632/0.000004539
-46/200: 44120.823231/596.304832/43524.518399/0.000000024
-47/200: 44121.540375/596.307206/43525.233169/0.000016254
-48/200: 44121.486159/596.308851/43525.177308/0.000001229
-49/200: 44120.448229/596.309866/43524.138363/0.000023524
-50/200: 44120.903203/596.310153/43524.593050/0.000010312
-51/200: 44120.986934/596.309715/43524.677219/0.000001898
-52/200: 44122.444241/596.308686/43526.135555/0.000033030
-53/200: 44121.012830/596.307237/43524.705593/0.000032442
-54/200: 44121.693496/596.305358/43525.388138/0.000015427
-55/200: 44121.671110/596.302940/43525.368170/0.000000507
-56/200: 44121.626716/596.300185/43525.326531/0.000001006
-57/200: 44122.057600/596.297359/43525.760241/0.000009766
-58/200: 44122.589849/596.294337/43526.295512/0.000012063
-59/200: 44122.289805/596.291107/43525.998698/0.000006800
-60/200: 44122.441848/596.287764/43526.154084/0.000003446
-61/200: 44121.646617/596.284358/43525.362259/0.000018023
-62/200: 44123.056772/596.281125/43526.775647/0.000031961
-63/200: 44122.418801/596.277995/43526.140806/0.000014459
-64/200: 44123.843508/596.274911/43527.568597/0.000032290
-65/200: 44123.895976/596.272168/43527.623808/0.000001189
-66/200: 44123.749539/596.269614/43527.479925/0.000003319
-67/200: 44122.758785/596.267177/43526.491608/0.000022454
-68/200: 44122.903484/596.264966/43526.638518/0.000003279
-69/200: 44123.130326/596.262916/43526.867410/0.000005141
-70/200: 44123.076867/596.261088/43526.815779/0.000001212
-71/200: 44124.064369/596.259581/43527.804788/0.000022381
-72/200: 44123.575257/596.258106/43527.317151/0.000011085
-73/200: 44124.627963/596.257012/43528.370951/0.000023858
-74/200: 44124.188964/596.256122/43527.932842/0.000009949
-75/200: 44123.840234/596.255311/43527.584923/0.000007903
-76/200: 44124.855015/596.254765/43528.600250/0.000022998
-77/200: 44125.049492/596.254371/43528.795121/0.000004407
-78/200: 44125.057671/596.254033/43528.803638/0.000000185
-79/200: 44124.060069/596.253960/43527.806109/0.000022608
-80/200: 44124.200487/596.253956/43527.946531/0.000003182
-81/200: 44124.772368/596.254115/43528.518253/0.000012961
-82/200: 44125.545040/596.254449/43529.290591/0.000017511
-83/200: 44124.872865/596.254951/43528.617914/0.000015233
-84/200: 44124.704556/596.255442/43528.449114/0.000003814
-85/200: 44125.446561/596.256170/43529.190391/0.000016816
-86/200: 44125.488847/596.256941/43529.231906/0.000000958
-87/200: 44125.623333/596.257857/43529.365476/0.000003048
-88/200: 44126.035026/596.259010/43529.776016/0.000009330
-89/200: 44125.675301/596.260167/43529.415134/0.000008152
-90/200: 44126.013512/596.261372/43529.752140/0.000007665
-91/200: 44125.988401/596.262646/43529.725755/0.000000569
-92/200: 44126.401057/596.264049/43530.137008/0.000009352
-93/200: 44126.176799/596.265417/43529.911382/0.000005082
-94/200: 44126.918261/596.266966/43530.651295/0.000016803
-95/200: 44126.646400/596.268557/43530.377843/0.000006161
-96/200: 44126.262255/596.270368/43529.991887/0.000008706
-97/200: 44126.740508/596.272207/43530.468301/0.000010838
-98/200: 44127.061980/596.274026/43530.787954/0.000007285
-99/200: 44127.201639/596.275938/43530.925701/0.000003165
Recall at EP-100 ...
  Columns 1 through 7

    0.0281    0.0434    0.0538    0.0616    0.0679    0.0737    0.0786

  Columns 8 through 10

    0.0831    0.0868    0.0911

Mrr at EP-100 ...
    0.0084

-100/200: 44126.875255/596.278056/43530.597199/0.000007396
-101/200: 44126.728522/596.280006/43530.448516/0.000003325
-102/200: 44127.154953/596.282108/43530.872845/0.000009664
-103/200: 44127.833779/596.284304/43531.549475/0.000015383
-104/200: 44127.198372/596.286394/43530.911978/0.000014399
-105/200: 44127.817831/596.288680/43531.529151/0.000014038
-106/200: 44127.396251/596.290972/43531.105279/0.000009554
-107/200: 44127.781490/596.293370/43531.488120/0.000008730
-108/200: 44128.336398/596.295671/43532.040727/0.000012575
-109/200: 44127.799089/596.298071/43531.501018/0.000012176
-110/200: 44127.723349/596.300512/43531.422837/0.000001716
-111/200: 44128.535213/596.303079/43532.232134/0.000018398
-112/200: 44128.501406/596.305763/43532.195643/0.000000766
-113/200: 44128.291742/596.308415/43531.983327/0.000004751
-114/200: 44128.123187/596.311091/43531.812096/0.000003820
-115/200: 44128.490274/596.313788/43532.176486/0.000008319
-116/200: 44128.402024/596.316532/43532.085492/0.000002000
-117/200: 44129.003340/596.319253/43532.684087/0.000013626
-118/200: 44128.876516/596.322069/43532.554447/0.000002874
-119/200: 44129.291828/596.324831/43532.966997/0.000009411
-120/200: 44129.154774/596.327530/43532.827244/0.000003106
-121/200: 44129.556098/596.330257/43533.225841/0.000009094
-122/200: 44129.612347/596.332959/43533.279388/0.000001275
-123/200: 44129.401068/596.335739/43533.065329/0.000004788
-124/200: 44129.591908/596.338465/43533.253443/0.000004325
-125/200: 44129.704399/596.341275/43533.363124/0.000002549
-126/200: 44129.707738/596.344121/43533.363617/0.000000076
Start evaluating ...
  Columns 1 through 7

    0.0286    0.0438    0.0537    0.0621    0.0683    0.0747    0.0795

  Columns 8 through 10

    0.0842    0.0885    0.0927

    0.0082

Elapsed time is 15469.734163 seconds.
