nohup: ignoring input

                            < M A T L A B (R) >
                  Copyright 1984-2016 The MathWorks, Inc.
                   R2016a (9.0.0.341360) 64-bit (glnxa64)
                             February 11, 2016

 
To get started, type one of these: helpwin, helpdesk, or demo.
For product information, visit www.mathworks.com.
 

	Academic License

Start learning ...
Init data [Dtype: delicious - Dspec: sp3/1050]
Init social model
Using adagrad ...
Could not use CUDA
Params [lbd-U: 0.0100|lbd-V: 0.1000|lbd-N: 0.0100|lbd-Q: 0.1000]
Staring Sample 3 - Loc: save/ctrsmf/delicious-alg90-sp3-cold20170225114500337 
CTR-SMF Running ...

iter time likelihood converge
0001 000148 -10225393.16443 1.0000000000
0002 000302 -9956280.42994 0.0263180819
0003 000456 -9741193.45508 0.0216031455
0004 000598 -9676164.58818 0.0066756571
0005 000738 -9644021.04229 0.0033219305
0006 000879 -9619728.84329 0.0025188870
0007 001016 -9603033.82667 0.0017354976
0008 001149 -9592125.76901 0.0011358970
0009 001283 -9584244.19718 0.0008216710
0010 001409 -9578044.85720 0.0006468262
0011 001535 -9572858.73075 0.0005414598
0012 001664 -9568382.59372 0.0004675862
0013 001793 -9564457.05812 0.0004102611
0014 001924 -9560979.84780 0.0003635554
0015 002055 -9557877.07227 0.0003245248
0016 002181 -9555091.62562 0.0002914294
0017 002305 -9552577.67914 0.0002631002
0018 002424 -9550297.58609 0.0002386888
0019 002548 -9548219.71452 0.0002175714
0020 002667 -9546317.09797 0.0001992640
0021 002788 -9544566.75001 0.0001833532
0022 002910 -9542949.11873 0.0001694819
0023 003037 -9541447.48274 0.0001573555
0024 003157 -9540047.37455 0.0001467396
0025 003274 -9538736.15662 0.0001374435
0026 003390 -9537502.81741 0.0001292980
0027 003509 -9536338.00529 0.0001221297
0028 003618 -9535234.25208 0.0001157418
0029 003727 -9534185.99762 0.0001099348
0030 003840 -9533188.99712 0.0001045711
0031 003946 -9532239.76721 0.0000995711
0032 004056 -9531335.33723 0.0000948812
0033 004166 -9530473.05805 0.0000904678
0034 004270 -9529650.51550 0.0000863066
0035 004386 -9528865.55914 0.0000823699
0036 004499 -9528116.35351 0.0000786249
0037 004607 -9527401.39395 0.0000750368
0038 004716 -9526719.49862 0.0000715720
0039 004823 -9526069.80531 0.0000681970
0040 004924 -9525451.77508 0.0000648778
0041 005027 -9524865.12906 0.0000615872
0042 005132 -9524309.62550 0.0000583214
0043 005233 -9523784.75942 0.0000551080
0044 005336 -9523289.62980 0.0000519887
0045 005441 -9522823.00125 0.0000489987
0046 005539 -9522383.42004 0.0000461608
0047 005652 -9521969.32283 0.0000434867
0048 005739 -9521579.15302 0.0000409757
0049 005788 -9521211.49956 0.0000386127
0050 005854 -9520865.21248 0.0000363701
0051 005942 -9520539.43095 0.0000342176
0052 006031 -9520233.51762 0.0000321319
0053 006088 -9519946.91963 0.0000301041
0054 006137 -9519678.99078 0.0000281439
0055 006185 -9519428.87741 0.0000262733
0056 006234 -9519195.54481 0.0000245112
0057 006282 -9518977.92885 0.0000228608
0058 006331 -9518775.10320 0.0000213075
0059 006379 -9518586.32768 0.0000198319
0060 006428 -9518410.98455 0.0000184211
0061 006476 -9518248.48192 0.0000170725
0062 006524 -9518098.21000 0.0000157878
0063 006573 -9517959.56101 0.0000145669
0064 006621 -9517831.94490 0.0000134079
0065 006669 -9517714.77377 0.0000123107
0066 006725 -9517607.44338 0.0000112769
0067 006775 -9517509.33321 0.0000103083
0068 006825 -9517419.79731 0.0000094075
Start evaluating ...
  Columns 1 through 7

    0.0104    0.0109    0.0113    0.0121    0.0124    0.0126    0.0128

  Columns 8 through 10

    0.0129    0.0130    0.0131

    0.0037

Elapsed time is 6896.192621 seconds.
