nohup: ignoring input

                            < M A T L A B (R) >
                  Copyright 1984-2016 The MathWorks, Inc.
                   R2016a (9.0.0.341360) 64-bit (glnxa64)
                             February 11, 2016

 
To get started, type one of these: helpwin, helpdesk, or demo.
For product information, visit www.mathworks.com.
 

	Academic License

Start learning ...
Init data [Dtype: delicious - Dspec: sp3/0550]
Init social model
Using adagrad ...
Load pretrained shallow-model...
Params [lbd-U: 10.0000|lbd-V: 100.0000|lbd-N: 10.0000|lbd-Q: 0.1000]
Staring Sample 3 - Loc: save/bcdl/delicious-alg61-sp3-cold20170224210012241 
CTR(chongwang)-DAE(User graph) Running - Walks(1)...
-1/200: 4360851.622006/3041.811469/4357809.810537/1.000000000
-2/200: 4354960.736307/2969.684616/4351991.051691/0.001350857
-3/200: 4354883.162566/2971.687233/4351911.475333/0.000017813
-4/200: 4354893.993484/2974.155122/4351919.838362/0.000002487
-5/200: 4354784.085732/2976.417579/4351807.668153/0.000025238
-6/200: 4354792.545628/2978.465593/4351814.080035/0.000001943
-7/200: 4355019.630125/2980.347556/4352039.282569/0.000052146
-8/200: 4355068.853603/2982.113836/4352086.739767/0.000011303
-9/200: 4355036.141151/2983.796244/4352052.344907/0.000007511
-10/200: 4355074.687184/2985.358964/4352089.328220/0.000008851
-11/200: 4355004.400255/2986.842243/4352017.558012/0.000016139
-12/200: 4354943.179846/2988.274055/4351954.905791/0.000014057
-13/200: 4355067.374464/2989.639169/4352077.735295/0.000028518
-14/200: 4355130.488433/2990.951750/4352139.536683/0.000014492
-15/200: 4355045.785589/2992.236310/4352053.549279/0.000019449
-16/200: 4355055.324166/2993.466339/4352061.857827/0.000002190
-17/200: 4355138.376845/2994.647466/4352143.729379/0.000019070
-18/200: 4355283.277295/2995.784045/4352287.493250/0.000033271
-19/200: 4355189.306957/2996.903698/4352192.403259/0.000021576
-20/200: 4355228.518820/2997.981930/4352230.536890/0.000009003
-21/200: 4355107.100664/2999.045373/4352108.055291/0.000027879
-22/200: 4355260.047575/3000.081436/4352259.966139/0.000035119
-23/200: 4355313.397462/3001.096282/4352312.301180/0.000012250
-24/200: 4355381.578367/3002.082247/4352379.496120/0.000015655
-25/200: 4355272.099634/3003.057162/4352269.042472/0.000025136
-26/200: 4355287.192569/3004.016216/4352283.176353/0.000003465
-27/200: 4355238.967904/3004.949460/4352234.018444/0.000011073
-28/200: 4355450.048410/3005.859336/4352444.189074/0.000048466
-29/200: 4355429.216465/3006.753398/4352422.463067/0.000004783
-30/200: 4355367.966946/3007.635097/4352360.331849/0.000014063
-31/200: 4355367.546608/3008.494938/4352359.051670/0.000000097
-32/200: 4355449.890536/3009.346586/4352440.543950/0.000018906
-33/200: 4355211.759779/3010.183487/4352201.576292/0.000054674
-34/200: 4355451.170295/3011.005100/4352440.165195/0.000054971
-35/200: 4355264.980927/3011.814128/4352253.166799/0.000042749
-36/200: 4355417.881662/3012.614253/4352405.267409/0.000035107
-37/200: 4355438.897125/3013.403376/4352425.493749/0.000004825
-38/200: 4355391.775920/3014.175401/4352377.600519/0.000010819
-39/200: 4355458.888469/3014.943132/4352443.945337/0.000015409
-40/200: 4355426.552175/3015.697061/4352410.855114/0.000007424
-41/200: 4355563.957004/3016.443267/4352547.513737/0.000031548
-42/200: 4355582.734338/3017.179386/4352565.554952/0.000004311
-43/200: 4355552.879688/3017.904313/4352534.975375/0.000006854
-44/200: 4355573.182295/3018.614605/4352554.567690/0.000004661
-45/200: 4355552.324206/3019.319936/4352533.004270/0.000004789
-46/200: 4355549.641649/3020.017343/4352529.624306/0.000000616
-47/200: 4355621.782394/3020.704856/4352601.077538/0.000016563
-48/200: 4355615.749825/3021.382847/4352594.366978/0.000001385
-49/200: 4355506.648357/3022.057167/4352484.591190/0.000025048
-50/200: 4355556.419762/3022.721178/4352533.698584/0.000011427
-51/200: 4355559.581749/3023.375234/4352536.206515/0.000000726
-52/200: 4355708.284347/3024.019018/4352684.265329/0.000034141
-53/200: 4355559.415569/3024.663009/4352534.752560/0.000034178
-54/200: 4355630.387974/3025.300796/4352605.087178/0.000016295
-55/200: 4355621.855405/3025.925588/4352595.929817/0.000001959
-56/200: 4355623.183464/3026.545350/4352596.638114/0.000000305
-57/200: 4355664.130141/3027.167944/4352636.962197/0.000009401
-58/200: 4355716.449021/3027.782619/4352688.666402/0.000012012
-59/200: 4355688.128286/3028.391287/4352659.736999/0.000006502
-60/200: 4355700.428837/3028.987027/4352671.441810/0.000002824
-61/200: 4355621.856794/3029.578779/4352592.278015/0.000018039
-62/200: 4355762.754985/3030.167675/4352732.587310/0.000032349
-63/200: 4355694.204692/3030.749542/4352663.455150/0.000015738
-64/200: 4355839.605786/3031.325384/4352808.280402/0.000033382
-65/200: 4355844.310779/3031.902328/4352812.408451/0.000001080
-66/200: 4355828.937604/3032.473753/4352796.463851/0.000003529
-67/200: 4355729.630819/3033.039612/4352696.591207/0.000022799
-68/200: 4355741.726658/3033.597128/4352708.129530/0.000002777
-69/200: 4355766.069200/3034.149107/4352731.920093/0.000005589
-70/200: 4355759.940470/3034.698393/4352725.242077/0.000001407
-71/200: 4355857.063014/3035.245290/4352821.817724/0.000022297
-72/200: 4355807.266543/3035.783711/4352771.482832/0.000011432
-73/200: 4355911.568270/3036.321542/4352875.246728/0.000023945
-74/200: 4355868.009028/3036.856606/4352831.152422/0.000010000
-75/200: 4355833.287783/3037.385414/4352795.902369/0.000007971
-76/200: 4355932.273032/3037.909482/4352894.363550/0.000022725
-77/200: 4355952.040436/3038.432855/4352913.607581/0.000004538
-78/200: 4355950.172911/3038.945111/4352911.227800/0.000000429
-79/200: 4355847.391127/3039.459938/4352807.931189/0.000023596
-80/200: 4355865.027686/3039.967729/4352825.059957/0.000004049
-81/200: 4355922.662272/3040.471140/4352882.191132/0.000013231
-82/200: 4355993.054993/3040.972722/4352952.082271/0.000016160
-83/200: 4355929.006806/3041.471515/4352887.535291/0.000014703
-84/200: 4355912.317826/3041.963489/4352870.354337/0.000003831
-85/200: 4355983.499582/3042.454649/4352941.044933/0.000016341
-86/200: 4355987.655153/3042.940022/4352944.715131/0.000000954
-87/200: 4355998.869914/3043.424650/4352955.445264/0.000002575
-88/200: 4356038.119346/3043.905917/4352994.213429/0.000009010
-89/200: 4356003.403942/3044.383296/4352959.020646/0.000007969
-90/200: 4356038.278910/3044.856476/4352993.422434/0.000008006
-91/200: 4356029.754988/3045.323458/4352984.431530/0.000001957
-92/200: 4356070.779480/3045.789967/4353024.989513/0.000009418
-93/200: 4356048.763384/3046.251292/4353002.512092/0.000005054
-94/200: 4356118.482283/3046.710522/4353071.771761/0.000016005
-95/200: 4356091.496678/3047.167026/4353044.329652/0.000006195
-96/200: 4356053.018409/3047.623760/4353005.394649/0.000008833
-97/200: 4356100.991671/3048.078306/4353052.913365/0.000011013
-98/200: 4356132.052746/3048.526103/4353083.526643/0.000007130
-99/200: 4356145.556701/3048.972873/4353096.583828/0.000003100
Recall at EP-100 ...
  Columns 1 through 7

    0.0014    0.0027    0.0037    0.0050    0.0058    0.0068    0.0075

  Columns 8 through 10

    0.0085    0.0094    0.0103

Mrr at EP-100 ...
   5.6433e-04

-100/200: 4356112.055341/3049.419698/4353062.635643/0.000007691
-101/200: 4356096.205062/3049.856979/4353046.348083/0.000003639
-102/200: 4356137.038758/3050.296806/4353086.741952/0.000009374
-103/200: 4356202.341284/3050.733393/4353151.607891/0.000014991
-104/200: 4356141.230278/3051.164485/4353090.065793/0.000014029
-105/200: 4356196.679346/3051.593900/4353145.085446/0.000012729
-106/200: 4356156.259071/3052.023911/4353104.235160/0.000009279
-107/200: 4356195.046238/3052.452049/4353142.594189/0.000008904
-108/200: 4356243.387703/3052.873190/4353190.514513/0.000011097
-109/200: 4356196.157699/3053.292236/4353142.865463/0.000010842
-110/200: 4356184.549710/3053.709136/4353130.840574/0.000002665
-111/200: 4356265.096684/3054.129454/4353210.967230/0.000018490
-112/200: 4356259.709494/3054.547031/4353205.162463/0.000001237
-113/200: 4356238.282981/3054.961061/4353183.321920/0.000004919
-114/200: 4356222.474507/3055.372695/4353167.101812/0.000003629
-115/200: 4356260.145807/3055.782853/4353204.362954/0.000008648
-116/200: 4356249.082188/3056.188763/4353192.893425/0.000002540
-117/200: 4356301.679395/3056.592867/4353245.086528/0.000012074
-118/200: 4356293.681043/3056.998283/4353236.682760/0.000001836
-119/200: 4356333.679506/3057.399845/4353276.279661/0.000009182
-120/200: 4356312.581129/3057.795940/4353254.785189/0.000004843
-121/200: 4356351.878152/3058.189526/4353293.688626/0.000009021
-122/200: 4356362.506869/3058.581569/4353303.925300/0.000002440
-123/200: 4356336.046864/3058.975288/4353277.071576/0.000006074
-124/200: 4356353.776600/3059.362206/4353294.414394/0.000004070
-125/200: 4356365.955755/3059.749072/4353306.206683/0.000002796
-126/200: 4356367.326864/3060.135296/4353307.191568/0.000000315
-127/200: 4356367.735977/3060.521255/4353307.214722/0.000000094
Start evaluating ...
  Columns 1 through 7

    0.0013    0.0023    0.0032    0.0043    0.0051    0.0057    0.0064

  Columns 8 through 10

    0.0075    0.0081    0.0087

   4.6052e-04

Elapsed time is 13020.459317 seconds.
