nohup: ignoring input

                            < M A T L A B (R) >
                  Copyright 1984-2016 The MathWorks, Inc.
                   R2016a (9.0.0.341360) 64-bit (glnxa64)
                             February 11, 2016

 
To get started, type one of these: helpwin, helpdesk, or demo.
For product information, visit www.mathworks.com.
 

	Academic License

Start learning ...
Init data [Dtype: delicious - Dspec: sp3/0550]
Init social model
Using adagrad ...
Load pretrained shallow-model...
Params [lbd-U: 1.0000|lbd-V: 10.0000|lbd-N: 1.0000|lbd-Q: 0.1000]
Staring Sample 3 - Loc: save/bcdl/delicious-alg61-sp3-cold20170224210010997 
CTR(chongwang)-DAE(User graph) Running - Walks(1)...
-1/200: 438748.855440/2967.874386/435780.981054/1.000000000
-2/200: 437558.159903/2401.673103/435156.486800/0.002713843
-3/200: 437574.347746/2389.130800/435185.216946/0.000036996
-4/200: 437576.602470/2388.220204/435188.382266/0.000005153
-5/200: 437566.633066/2389.331269/435177.301797/0.000022783
-6/200: 437568.445318/2390.517201/435177.928117/0.000004142
-7/200: 437591.867498/2391.619310/435200.248188/0.000053528
-8/200: 437597.631646/2392.633012/435204.998634/0.000013172
-9/200: 437595.240790/2393.565614/435201.675176/0.000005464
-10/200: 437599.760319/2394.419809/435205.340510/0.000010328
-11/200: 437593.526763/2395.205450/435198.321313/0.000014245
-12/200: 437588.045123/2395.929845/435192.115278/0.000012527
-13/200: 437600.962928/2396.597363/435204.365565/0.000029520
-14/200: 437607.704192/2397.213072/435210.491120/0.000015405
-15/200: 437599.711027/2397.783179/435201.927848/0.000018266
-16/200: 437601.160049/2398.308748/435202.851301/0.000003311
-17/200: 437609.917588/2398.793510/435211.124078/0.000020013
-18/200: 437624.462652/2399.240641/435225.222011/0.000033238
-19/200: 437615.575329/2399.654761/435215.920568/0.000020308
-20/200: 437619.843805/2400.036085/435219.807720/0.000009754
-21/200: 437608.033468/2400.389289/435207.644179/0.000026988
-22/200: 437623.535858/2400.714980/435222.820878/0.000035425
-23/200: 437629.051337/2401.015738/435228.035599/0.000012603
-24/200: 437635.968599/2401.292567/435234.676032/0.000015806
-25/200: 437625.312517/2401.548685/435223.763832/0.000024349
-26/200: 437627.072825/2401.785319/435225.287506/0.000004022
-27/200: 437622.429206/2402.003208/435220.425998/0.000010611
-28/200: 437643.493816/2402.203802/435241.290014/0.000048134
-29/200: 437641.646017/2402.389006/435239.257011/0.000004222
-30/200: 437635.562000/2402.560336/435233.001664/0.000013902
-31/200: 437635.729673/2402.718370/435233.011303/0.000000383
-32/200: 437643.984222/2402.864966/435241.119256/0.000018862
-33/200: 437620.362571/2403.000590/435217.361981/0.000053975
-34/200: 437644.270229/2403.126461/435241.143768/0.000054631
-35/200: 437625.836206/2403.243264/435222.592942/0.000042121
-36/200: 437641.132768/2403.352330/435237.780438/0.000034954
-37/200: 437643.241353/2403.454188/435239.787165/0.000004818
-38/200: 437638.623319/2403.549014/435235.074305/0.000010552
-39/200: 437645.357458/2403.638445/435241.719013/0.000015387
-40/200: 437642.165296/2403.722172/435238.443124/0.000007294
-41/200: 437655.892107/2403.801393/435252.090714/0.000031365
-42/200: 437657.823225/2403.876193/435253.947032/0.000004412
-43/200: 437654.898239/2403.947075/435250.951164/0.000006683
-44/200: 437656.919805/2404.013929/435252.905876/0.000004619
-45/200: 437654.852600/2404.078014/435250.774586/0.000004723
-46/200: 437654.647414/2404.139404/435250.508010/0.000000469
-47/200: 437661.835444/2404.198127/435257.637317/0.000016424
-48/200: 437661.257486/2404.254545/435257.002941/0.000001321
-49/200: 437650.447821/2404.309490/435246.138331/0.000024699
-50/200: 437655.375457/2404.362339/435251.013118/0.000011259
-51/200: 437655.733119/2404.413562/435251.319557/0.000000817
-52/200: 437670.592380/2404.463346/435266.129034/0.000033952
-53/200: 437655.758397/2404.512455/435251.245942/0.000033893
-54/200: 437662.807313/2404.560581/435258.246732/0.000016106
-55/200: 437662.018968/2404.607273/435257.411695/0.000001801
-56/200: 437662.144553/2404.653192/435257.491361/0.000000287
-57/200: 437666.245944/2404.699230/435261.546714/0.000009371
-58/200: 437671.479854/2404.744414/435266.735440/0.000011959
-59/200: 437668.650205/2404.788895/435263.861310/0.000006465
-60/200: 437669.949348/2404.832459/435265.116889/0.000002968
-61/200: 437662.072329/2404.875627/435257.196702/0.000017998
-62/200: 437676.137901/2404.918423/435271.219478/0.000032138
-63/200: 437669.350734/2404.960593/435264.390141/0.000015507
-64/200: 437683.888660/2405.002500/435278.886160/0.000033217
-65/200: 437684.375141/2405.044255/435279.330886/0.000001111
-66/200: 437682.824011/2405.085762/435277.738249/0.000003544
-67/200: 437672.890448/2405.126636/435267.763812/0.000022696
-68/200: 437674.132923/2405.166967/435268.965956/0.000002839
-69/200: 437676.532580/2405.206837/435271.325743/0.000005483
-70/200: 437675.957908/2405.246570/435270.711338/0.000001313
-71/200: 437685.686806/2405.286038/435280.400768/0.000022229
-72/200: 437680.718150/2405.324814/435275.393336/0.000011352
-73/200: 437691.157584/2405.363615/435285.793969/0.000023852
-74/200: 437686.819555/2405.402157/435281.417398/0.000009911
-75/200: 437683.315010/2405.440184/435277.874826/0.000008007
-76/200: 437693.259656/2405.477917/435287.781739/0.000022721
-77/200: 437695.235563/2405.515565/435289.719998/0.000004514
-78/200: 437695.120058/2405.552419/435289.567639/0.000000264
-79/200: 437684.795392/2405.589333/435279.206059/0.000023589
-80/200: 437686.529855/2405.625783/435280.904072/0.000003963
-81/200: 437692.297957/2405.661933/435286.636024/0.000013179
-82/200: 437699.436367/2405.697818/435293.738549/0.000016309
-83/200: 437692.974648/2405.733599/435287.241049/0.000014763
-84/200: 437691.328410/2405.768756/435285.559654/0.000003761
-85/200: 437698.458265/2405.803889/435292.654376/0.000016290
-86/200: 437698.887756/2405.838619/435293.049137/0.000000981
-87/200: 437700.028363/2405.873254/435294.155109/0.000002606
-88/200: 437703.988275/2405.907593/435298.080682/0.000009047
-89/200: 437700.447074/2405.941711/435294.505363/0.000008090
-90/200: 437703.972189/2405.975446/435297.996743/0.000008054
-91/200: 437703.163536/2406.008743/435297.154793/0.000001847
-92/200: 437707.263931/2406.042003/435301.221928/0.000009368
-93/200: 437705.070156/2406.074838/435298.995318/0.000005012
-94/200: 437712.121943/2406.107531/435306.014412/0.000016111
-95/200: 437709.395473/2406.140010/435303.255463/0.000006229
-96/200: 437705.478841/2406.172490/435299.306351/0.000008948
-97/200: 437710.346353/2406.204782/435304.141571/0.000011121
-98/200: 437713.457926/2406.236614/435307.221312/0.000007109
-99/200: 437714.854874/2406.268320/435308.586554/0.000003191
Recall at EP-100 ...
  Columns 1 through 7

    0.0069    0.0116    0.0154    0.0186    0.0211    0.0236    0.0255

  Columns 8 through 10

    0.0276    0.0297    0.0311

Mrr at EP-100 ...
    0.0020

-100/200: 437711.449749/2406.300047/435305.149702/0.000007779
-101/200: 437709.834542/2406.331052/435303.503490/0.000003690
-102/200: 437713.934442/2406.362240/435307.572202/0.000009367
-103/200: 437720.539703/2406.393195/435314.146508/0.000015090
-104/200: 437714.434239/2406.423710/435308.010529/0.000013948
-105/200: 437719.982774/2406.454113/435313.528661/0.000012676
-106/200: 437715.901369/2406.484535/435309.416834/0.000009324
-107/200: 437719.825376/2406.514854/435313.310522/0.000008965
-108/200: 437724.731283/2406.544602/435318.186681/0.000011208
-109/200: 437719.926407/2406.574214/435313.352193/0.000010977
-110/200: 437718.776030/2406.603633/435312.172397/0.000002628
-111/200: 437726.851508/2406.633336/435320.218172/0.000018449
-112/200: 437726.303833/2406.662814/435319.641019/0.000001251
-113/200: 437724.193541/2406.692016/435317.501525/0.000004821
-114/200: 437722.551350/2406.721045/435315.830305/0.000003752
-115/200: 437726.332070/2406.749951/435319.582119/0.000008637
-116/200: 437725.279912/2406.778562/435318.501350/0.000002404
-117/200: 437730.594821/2406.807023/435323.787798/0.000012142
-118/200: 437729.704441/2406.835577/435322.868864/0.000002034
-119/200: 437733.777039/2406.863850/435326.913189/0.000009304
-120/200: 437731.675186/2406.891693/435324.783493/0.000004802
-121/200: 437735.646304/2406.919364/435328.726940/0.000009072
-122/200: 437736.665171/2406.946918/435329.718253/0.000002328
-123/200: 437734.025400/2406.974612/435327.050788/0.000006030
-124/200: 437735.845167/2407.001766/435328.843401/0.000004157
-125/200: 437737.069275/2407.028929/435330.040346/0.000002796
-126/200: 437737.177154/2407.056061/435330.121093/0.000000246
-127/200: 437737.211921/2407.083150/435330.128771/0.000000079
Start evaluating ...
  Columns 1 through 7

    0.0055    0.0090    0.0120    0.0145    0.0165    0.0184    0.0203

  Columns 8 through 10

    0.0222    0.0238    0.0254

    0.0016

Elapsed time is 13010.007069 seconds.
