nohup: ignoring input

                            < M A T L A B (R) >
                  Copyright 1984-2016 The MathWorks, Inc.
                   R2016a (9.0.0.341360) 64-bit (glnxa64)
                             February 11, 2016

 
To get started, type one of these: helpwin, helpdesk, or demo.
For product information, visit www.mathworks.com.
 

	Academic License

Start learning ...
Init data [Dtype: delicious - Dspec: sp3/2550]
Init social model
Using adagrad ...
Params [lbd-U: 10.0000|lbd-V: 10.0000|lbd-N: 10.0000|lbd-Q: 0.0500]
Staring Sample 3 - Loc: save/ctr/delicious-alg80-sp3-cold20170226125821496 
CTR(chongwang) Running ...

iter time likelihood:[r:u:v] converge
0001 000197 -15925.00000:[0.00000:0.00000:-0.00000] 1.0000000000
0002 000388 -15756.19453:[347.46621:-124.31940:-29.45439] 0.0106000292
0003 000586 -15741.94209:[438.52430:-178.10275:-40.98010] 0.0009045615
0004 000805 -15741.59215:[452.35089:-187.36884:-43.18629] 0.0000222294
0005 001097 -15742.28233:[452.99319:-188.11196:-43.44728] 0.0000438443
0006 001367 -15742.89978:[451.69561:-187.48285:-43.34791] 0.0000392223
0007 001633 -15743.43705:[450.25356:-186.72750:-43.20042] 0.0000341275
0008 001903 -15743.91399:[448.93633:-186.03759:-43.06078] 0.0000302945
0009 002170 -15744.34233:[447.75921:-185.42534:-42.93579] 0.0000272068
0010 002444 -15744.72953:[446.70312:-184.87895:-42.82404] 0.0000245931
0011 002725 -15745.08095:[445.74981:-184.38737:-42.72350] 0.0000223199
0012 003007 -15745.40077:[444.88532:-183.94250:-42.63254] 0.0000203121
0013 003283 -15745.69241:[444.09891:-183.53835:-42.54993] 0.0000185224
0014 003563 -15745.95877:[443.38194:-183.17024:-42.47469] 0.0000169161
0015 003843 -15746.20230:[442.72725:-182.83432:-42.40605] 0.0000154662
0016 004120 -15746.42512:[442.12875:-182.52737:-42.34334] 0.0000141508
0017 004399 -15746.62906:[441.58126:-182.24665:-42.28599] 0.0000129519
0018 004678 -15746.81574:[441.08025:-181.98977:-42.23352] 0.0000118548
0019 004957 -15746.98655:[440.62180:-181.75470:-42.18551] 0.0000108472
0020 005235 -15747.14274:[440.20246:-181.53961:-42.14159] 0.0000099189
Start evaluating ...
  Columns 1 through 7

    0.0015    0.0028    0.0039    0.0054    0.0061    0.0071    0.0078

  Columns 8 through 10

    0.0088    0.0096    0.0103

   4.4041e-04

Elapsed time is 5380.418723 seconds.
