nohup: ignoring input

                            < M A T L A B (R) >
                  Copyright 1984-2016 The MathWorks, Inc.
                   R2016a (9.0.0.341360) 64-bit (glnxa64)
                             February 11, 2016

 
To get started, type one of these: helpwin, helpdesk, or demo.
For product information, visit www.mathworks.com.
 

	Academic License

Start learning ...
Init data [Dtype: delicious - Dspec: sp3/5050]
Init social model
Using adagrad ...
Params [lbd-U: 0.0100|lbd-V: 0.1000|lbd-N: 0.0100|lbd-Q: 0.0100]
Staring Sample 3 - Loc: save/ctrsmf/delicious-alg90-sp3-cold20170226203651172 
CTR-SMF Running ...

iter time likelihood converge
0001 000577 -51792285.12505 1.0000000000
0002 001226 -50553507.19705 0.0239181941
0003 001861 -49465854.76851 0.0215148758
0004 002495 -49147181.44462 0.0064422888
0005 003135 -49005397.83748 0.0028848777
0006 003743 -48909759.98933 0.0019515778
0007 004361 -48842346.59171 0.0013783220
0008 004974 -48793328.48893 0.0010035984
0009 005588 -48754594.33184 0.0007938413
0010 006203 -48722242.29205 0.0006635690
0011 006808 -48694288.25762 0.0005737428
0012 007414 -48669688.39991 0.0005051898
0013 008015 -48647809.54575 0.0004495376
0014 008621 -48628203.94167 0.0004030110
0015 009224 -48610529.73938 0.0003634558
0016 009827 -48594514.95663 0.0003294509
0017 010437 -48579937.38825 0.0002999838
0018 011040 -48566612.59825 0.0002742859
0019 011645 -48554385.72669 0.0002517547
0020 012252 -48543125.80581 0.0002319033
0021 012860 -48532721.48030 0.0002143316
0022 013466 -48523077.38511 0.0001987133
0023 014069 -48514111.10069 0.0001847839
0024 014671 -48505750.80321 0.0001723271
0025 015265 -48497933.56539 0.0001611611
0026 015875 -48490604.10048 0.0001511294
0027 016481 -48483713.31363 0.0001421056
0028 017090 -48477216.83962 0.0001339929
0029 017704 -48471074.30249 0.0001267098
0030 018307 -48465249.64007 0.0001201678
0031 018907 -48459711.60851 0.0001142681
0032 019515 -48454433.29455 0.0001089217
0033 020120 -48449392.14306 0.0001040390
0034 020725 -48444570.81250 0.0000995127
0035 021332 -48439957.46063 0.0000952295
0036 021944 -48435544.55268 0.0000911006
0037 022547 -48431327.86324 0.0000870577
0038 023148 -48427305.31753 0.0000830567
0039 023757 -48423474.31238 0.0000791084
0040 024362 -48419830.46370 0.0000752496
0041 024960 -48416368.10174 0.0000715071
0042 025565 -48413081.04179 0.0000678915
0043 026170 -48409962.84971 0.0000644080
0044 026777 -48407005.91645 0.0000610811
0045 027384 -48404201.71777 0.0000579296
0046 027888 -48401541.93506 0.0000549494
0047 028380 -48399017.71494 0.0000521516
0048 028873 -48396620.96834 0.0000495206
0049 029348 -48394346.65872 0.0000469931
0050 029798 -48392192.54996 0.0000445116
0051 030244 -48390156.59775 0.0000420719
0052 030682 -48388235.63645 0.0000396974
0053 031115 -48386425.64469 0.0000374056
0054 031552 -48384722.69935 0.0000351947
0055 031990 -48383123.73217 0.0000330469
0056 032429 -48381624.47755 0.0000309871
0057 032868 -48380218.80836 0.0000290538
0058 033301 -48378899.05601 0.0000272788
0059 033743 -48377656.39764 0.0000256860
0060 034178 -48376482.40749 0.0000242672
0061 034592 -48375370.82325 0.0000229778
0062 035009 -48374318.30984 0.0000217572
0063 035418 -48373323.73408 0.0000205600
0064 035830 -48372386.53367 0.0000193743
0065 036249 -48371505.09422 0.0000182220
0066 036632 -48370675.68993 0.0000171465
0067 036927 -48369892.85161 0.0000161842
0068 037209 -48369151.00364 0.0000153370
0069 037493 -48368445.90066 0.0000145775
0070 037776 -48367775.15358 0.0000138675
0071 038057 -48367137.41148 0.0000131853
0072 038340 -48366531.09100 0.0000125358
0073 038622 -48365954.27272 0.0000119260
0074 038904 -48365405.49852 0.0000113463
0075 039186 -48364884.23476 0.0000107776
0076 039467 -48364390.58142 0.0000102069
0077 039692 -48363924.79743 0.0000096307
Start evaluating ...
  Columns 1 through 7

    0.1470    0.1927    0.2093    0.2154    0.2197    0.2228    0.2257

  Columns 8 through 10

    0.2274    0.2287    0.2299

    0.0330

Elapsed time is 39790.722668 seconds.
