nohup: ignoring input

                            < M A T L A B (R) >
                  Copyright 1984-2016 The MathWorks, Inc.
                   R2016a (9.0.0.341360) 64-bit (glnxa64)
                             February 11, 2016

 
To get started, type one of these: helpwin, helpdesk, or demo.
For product information, visit www.mathworks.com.
 

	Academic License

Start learning ...
Init data [Dtype: delicious - Dspec: sp3/2550]
Init social model
Using adagrad ...
Load pretrained shallow-model...
Params [lbd-U: 1.0000|lbd-V: 0.0100|lbd-N: 1.0000|lbd-Q: 0.0500]
Staring Sample 3 - Loc: save/bcdl/delicious-alg61-sp3-cold20170226125817541 
CTR(chongwang)-DAE(User graph) Running - Walks(1)...
-1/200: 445604.325782/9823.344728/435780.981054/1.000000000
-2/200: 438587.820438/3521.371339/435066.449099/0.015746044
-3/200: 438035.361213/2863.911039/435171.450174/0.001259632
-4/200: 437701.497881/2518.391953/435183.105928/0.000762184
-5/200: 437470.534490/2298.091908/435172.442582/0.000527673
-6/200: 437318.285756/2145.169960/435173.115796/0.000348021
-7/200: 437229.054096/2033.746753/435195.307343/0.000204043
-8/200: 437149.871151/1949.814327/435200.056824/0.000181102
-9/200: 437082.038761/1885.028585/435197.010176/0.000155170
-10/200: 437034.360274/1834.092651/435200.267623/0.000109084
-11/200: 436986.861260/1793.459058/435193.402202/0.000108685
-12/200: 436948.572548/1760.664004/435187.908544/0.000087620
-13/200: 436933.685576/1733.948620/435199.736956/0.000034070
-14/200: 436917.758508/1712.014247/435205.744261/0.000036452
-15/200: 436890.808599/1693.891293/435196.917306/0.000061682
-16/200: 436877.771584/1678.825850/435198.945734/0.000029840
-17/200: 436873.035103/1666.248327/435206.786776/0.000010842
-18/200: 436876.492780/1655.698212/435220.794568/0.000007915
-19/200: 436858.722530/1646.819019/435211.903511/0.000040676
-20/200: 436855.141711/1639.318696/435215.823015/0.000008197
-21/200: 436836.532327/1632.965768/435203.566559/0.000042599
-22/200: 436846.478160/1627.566480/435218.911680/0.000022768
-23/200: 436847.708435/1622.964951/435224.743484/0.000002816
-24/200: 436849.606419/1619.034591/435230.571828/0.000004345
-25/200: 436835.421266/1615.669077/435219.752189/0.000032471
-26/200: 436834.844734/1612.778835/435222.065899/0.000001320
-27/200: 436827.253395/1610.290435/435216.962960/0.000017378
-28/200: 436845.607693/1608.142419/435237.465274/0.000042017
-29/200: 436841.694222/1606.283674/435235.410548/0.000008958
-30/200: 436834.124335/1604.671643/435229.452692/0.000017329
-31/200: 436833.442781/1603.268028/435230.174753/0.000001560
-32/200: 436840.087341/1602.044894/435238.042447/0.000015211
-33/200: 436815.448427/1600.974726/435214.473701/0.000056403
-34/200: 436838.362421/1600.036201/435238.326220/0.000052457
-35/200: 436819.503615/1599.209628/435220.293987/0.000043171
-36/200: 436834.242294/1598.481069/435235.761225/0.000033741
-37/200: 436834.685434/1597.836269/435236.849165/0.000001014
-38/200: 436829.260898/1597.264364/435231.996534/0.000012418
-39/200: 436835.724000/1596.754983/435238.969017/0.000014795
-40/200: 436832.603567/1596.300184/435236.303383/0.000007143
-41/200: 436845.318160/1595.893112/435249.425048/0.000029106
-42/200: 436846.258638/1595.527449/435250.731189/0.000002153
-43/200: 436843.512498/1595.198308/435248.314190/0.000006286
-44/200: 436845.683545/1594.899356/435250.784189/0.000004970
-45/200: 436842.859619/1594.629133/435248.230486/0.000006464
-46/200: 436842.971270/1594.383515/435248.587755/0.000000256
-47/200: 436850.270327/1594.159522/435256.110805/0.000016709
-48/200: 436849.501764/1593.954610/435255.547154/0.000001759
-49/200: 436838.470541/1593.767402/435244.703139/0.000025252
-50/200: 436842.545289/1593.595305/435248.949984/0.000009328
-51/200: 436843.056515/1593.436722/435249.619793/0.000001170
-52/200: 436857.549613/1593.290130/435264.259483/0.000033177
-53/200: 436842.950062/1593.155112/435249.794950/0.000033419
-54/200: 436849.844969/1593.030277/435256.814692/0.000015783
-55/200: 436849.099649/1592.913765/435256.185884/0.000001706
-56/200: 436848.942486/1592.805534/435256.136952/0.000000360
-57/200: 436853.457834/1592.705301/435260.752533/0.000010336
-58/200: 436858.669485/1592.611670/435266.057815/0.000011930
-59/200: 436855.343747/1592.524466/435262.819281/0.000007613
-60/200: 436856.692665/1592.442180/435264.250485/0.000003088
-61/200: 436848.611770/1592.365592/435256.246178/0.000018498
-62/200: 436862.713813/1592.293769/435270.420044/0.000032281
-63/200: 436856.188918/1592.226402/435263.962516/0.000014936
-64/200: 436870.526928/1592.163248/435278.363680/0.000032821
-65/200: 436871.231394/1592.104149/435279.127245/0.000001613
-66/200: 436869.217368/1592.049014/435277.168354/0.000004610
-67/200: 436859.251594/1591.996647/435267.254947/0.000022812
-68/200: 436861.243302/1591.947452/435269.295850/0.000004559
-69/200: 436863.281915/1591.901261/435271.380654/0.000004667
-70/200: 436862.638768/1591.857589/435270.781179/0.000001472
-71/200: 436871.773864/1591.817028/435279.956836/0.000020911
-72/200: 436866.824071/1591.778297/435275.045774/0.000011330
-73/200: 436877.777155/1591.741932/435286.035223/0.000025072
-74/200: 436873.484144/1591.707779/435281.776365/0.000009827
-75/200: 436869.999547/1591.675838/435278.323709/0.000007976
-76/200: 436879.938219/1591.645482/435288.292737/0.000022750
-77/200: 436881.737369/1591.617309/435290.120060/0.000004118
-78/200: 436881.574406/1591.590113/435289.984293/0.000000373
-79/200: 436871.782302/1591.564941/435280.217361/0.000022414
-80/200: 436873.640544/1591.540939/435282.099605/0.000004254
-81/200: 436878.936252/1591.518670/435287.417582/0.000012122
-82/200: 436886.590585/1591.497178/435295.093407/0.000017520
-83/200: 436879.766229/1591.477194/435288.289035/0.000015620
-84/200: 436878.181107/1591.458366/435286.722741/0.000003628
-85/200: 436885.429437/1591.440673/435293.988764/0.000016591
-86/200: 436885.813279/1591.424130/435294.389149/0.000000879
-87/200: 436887.101076/1591.408655/435295.692421/0.000002948
-88/200: 436891.255973/1591.394347/435299.861626/0.000009510
-89/200: 436887.580432/1591.380514/435296.199918/0.000008413
-90/200: 436890.926658/1591.367823/435299.558835/0.000007659
-91/200: 436889.885221/1591.355779/435298.529442/0.000002384
-92/200: 436894.438044/1591.344548/435303.093496/0.000010421
-93/200: 436892.085859/1591.333972/435300.751887/0.000005384
-94/200: 436899.048234/1591.324273/435307.723961/0.000015936
-95/200: 436896.887909/1591.314846/435305.573063/0.000004945
-96/200: 436892.435868/1591.306901/435301.128967/0.000010190
-97/200: 436897.739533/1591.299230/435306.440303/0.000012140
-98/200: 436900.912511/1591.292099/435309.620412/0.000007263
-99/200: 436902.571299/1591.285478/435311.285821/0.000003797
Recall at EP-100 ...
  Columns 1 through 7

    0.0862    0.1069    0.1187    0.1272    0.1359    0.1464    0.1591

  Columns 8 through 10

    0.1715    0.1836    0.1947

Mrr at EP-100 ...
    0.0209

-100/200: 436898.931824/1591.279731/435307.652093/0.000008330
-101/200: 436896.733686/1591.274008/435305.459678/0.000005031
-102/200: 436901.139819/1591.268894/435309.870925/0.000010085
-103/200: 436907.836352/1591.264330/435316.572022/0.000015327
-104/200: 436901.879552/1591.260011/435310.619541/0.000013634
-105/200: 436907.688403/1591.255979/435316.432424/0.000013296
-106/200: 436903.675950/1591.252769/435312.423181/0.000009184
-107/200: 436907.654467/1591.250029/435316.404438/0.000009106
-108/200: 436912.946230/1591.247400/435321.698830/0.000012112
-109/200: 436907.674374/1591.244953/435316.429421/0.000012066
-110/200: 436906.719250/1591.243010/435315.476240/0.000002186
-111/200: 436914.730852/1591.241763/435323.489089/0.000018337
-112/200: 436914.276419/1591.240770/435323.035649/0.000001040
-113/200: 436912.116920/1591.239877/435320.877043/0.000004943
-114/200: 436910.329556/1591.239346/435319.090210/0.000004091
-115/200: 436914.040658/1591.239141/435322.801517/0.000008494
-116/200: 436913.388836/1591.239089/435322.149747/0.000001492
-117/200: 436918.924784/1591.239086/435327.685698/0.000012671
-118/200: 436917.949909/1591.239776/435326.710133/0.000002231
-119/200: 436921.928978/1591.240211/435330.688767/0.000009107
-120/200: 436920.116579/1591.240684/435328.875895/0.000004148
-121/200: 436924.209055/1591.241492/435332.967563/0.000009367
-122/200: 436925.047606/1591.242400/435333.805206/0.000001919
-123/200: 436922.344059/1591.243691/435331.100368/0.000006188
-124/200: 436924.606703/1591.244879/435333.361824/0.000005179
-125/200: 436925.332381/1591.246281/435334.086100/0.000001661
-126/200: 436925.485031/1591.248004/435334.237027/0.000000349
-127/200: 436925.718404/1591.250036/435334.468368/0.000000534
-128/200: 436926.398261/1591.252304/435335.145957/0.000001556
-129/200: 436926.600148/1591.253826/435335.346322/0.000000462
-130/200: 436932.786457/1591.255950/435341.530507/0.000014159
-131/200: 436927.455281/1591.258284/435336.196997/0.000012201
-132/200: 436932.932351/1591.260813/435341.671538/0.000012535
-133/200: 436934.332508/1591.263509/435343.068999/0.000003205
-134/200: 436938.306836/1591.266094/435347.040742/0.000009096
-135/200: 436931.207819/1591.268854/435339.938965/0.000016247
-136/200: 436933.510717/1591.271645/435342.239072/0.000005271
-137/200: 436939.615666/1591.274117/435348.341549/0.000013972
-138/200: 436938.087317/1591.277043/435346.810274/0.000003498
-139/200: 436937.150151/1591.279706/435345.870445/0.000002145
-140/200: 436940.457342/1591.282783/435349.174559/0.000007569
-141/200: 436942.151619/1591.285872/435350.865747/0.000003878
-142/200: 436939.447984/1591.289022/435348.158962/0.000006188
-143/200: 436942.700489/1591.292204/435351.408285/0.000007444
-144/200: 436944.412269/1591.295335/435353.116934/0.000003918
-145/200: 436946.482006/1591.298538/435355.183468/0.000004737
-146/200: 436945.620679/1591.301916/435354.318763/0.000001971
-147/200: 436947.372911/1591.305207/435356.067704/0.000004010
-148/200: 436943.927191/1591.308328/435352.618863/0.000007886
-149/200: 436947.549690/1591.311533/435356.238157/0.000008291
-150/200: 436949.396825/1591.314892/435358.081933/0.000004227
-151/200: 436950.114890/1591.318275/435358.796615/0.000001643
-152/200: 436950.271879/1591.321644/435358.950235/0.000000359
-153/200: 436951.112308/1591.324911/435359.787397/0.000001923
-154/200: 436952.575632/1591.328181/435361.247451/0.000003349
-155/200: 436952.118932/1591.331590/435360.787342/0.000001045
-156/200: 436953.523473/1591.334945/435362.188528/0.000003214
-157/200: 436957.871004/1591.338487/435366.532517/0.000009950
-158/200: 436957.002303/1591.341846/435365.660457/0.000001988
-159/200: 436958.560873/1591.345472/435367.215401/0.000003567
-160/200: 436959.331132/1591.349004/435367.982128/0.000001763
-161/200: 436956.071907/1591.352404/435364.719503/0.000007459
-162/200: 436958.466707/1591.355799/435367.110908/0.000005481
-163/200: 436963.531950/1591.359093/435372.172857/0.000011592
-164/200: 436959.649196/1591.362619/435368.286577/0.000008886
-165/200: 436964.694334/1591.366067/435373.328267/0.000011546
-166/200: 436963.125379/1591.369582/435371.755797/0.000003591
-167/200: 436963.157543/1591.372837/435371.784706/0.000000074
Start evaluating ...
  Columns 1 through 7

    0.0857    0.1064    0.1184    0.1260    0.1356    0.1475    0.1606

  Columns 8 through 10

    0.1732    0.1854    0.1958

    0.0205

Elapsed time is 29815.733130 seconds.
