nohup: ignoring input

                            < M A T L A B (R) >
                  Copyright 1984-2016 The MathWorks, Inc.
                   R2016a (9.0.0.341360) 64-bit (glnxa64)
                             February 11, 2016

 
To get started, type one of these: helpwin, helpdesk, or demo.
For product information, visit www.mathworks.com.
 

	Academic License

Start learning ...
Init data [Dtype: delicious - Dspec: sp3/0550]
Init social model
Using adagrad ...
Load pretrained shallow-model...
Params [lbd-U: 0.0100|lbd-V: 1.0000|lbd-N: 0.0100|lbd-Q: 0.1000]
Staring Sample 3 - Loc: save/bcdl/delicious-alg61-sp3-cold20170224210011619 
CTR(chongwang)-DAE(User graph) Running - Walks(1)...
-1/200: 4964.832031/607.022220/4357.809811/1.000000000
-2/200: 4813.490790/463.850406/4349.640384/0.030482651
-3/200: 4787.222776/436.455757/4350.767019/0.005457165
-4/200: 4780.109662/428.451036/4351.658626/0.001485854
-5/200: 4774.177248/422.563708/4351.613540/0.001241062
-6/200: 4769.669592/418.046417/4351.623175/0.000944174
-7/200: 4766.353727/414.508877/4351.844850/0.000695198
-8/200: 4763.631240/411.742554/4351.888686/0.000571189
-9/200: 4761.463194/409.604290/4351.858904/0.000455125
-10/200: 4759.862043/407.979119/4351.882924/0.000336273
-11/200: 4758.594708/406.771301/4351.823407/0.000266255
-12/200: 4757.659327/405.901606/4351.757721/0.000196567
-13/200: 4757.181440/405.305316/4351.876124/0.000100446
-14/200: 4756.862033/404.929864/4351.932169/0.000067142
-15/200: 4756.582098/404.732725/4351.849373/0.000058849
-16/200: 4756.535093/404.679320/4351.855773/0.000009882
-17/200: 4756.690516/404.741497/4351.949019/0.000032676
-18/200: 4756.976750/404.896220/4352.080530/0.000060175
-19/200: 4757.114880/405.124568/4351.990312/0.000029037
-20/200: 4757.442079/405.410826/4352.031253/0.000068781
-21/200: 4757.650707/405.741900/4351.908807/0.000043853
-22/200: 4758.171111/406.106842/4352.064269/0.000109382
-23/200: 4758.603684/406.496321/4352.107363/0.000090912
-24/200: 4759.074994/406.902453/4352.172541/0.000099044
-25/200: 4759.386566/407.318578/4352.067988/0.000065469
-26/200: 4759.822576/407.738933/4352.083643/0.000091611
-27/200: 4760.196895/408.158616/4352.038279/0.000078641
-28/200: 4760.813782/408.573491/4352.240291/0.000129593
-29/200: 4761.205247/408.980110/4352.225137/0.000082226
-30/200: 4761.535733/409.375552/4352.160181/0.000069412
-31/200: 4761.923599/409.757371/4352.166228/0.000081458
-32/200: 4762.365417/410.123671/4352.241746/0.000092781
-33/200: 4762.488370/410.472838/4352.015532/0.000025818
-34/200: 4763.042958/410.803721/4352.239237/0.000116449
-35/200: 4763.181241/411.115517/4352.065724/0.000029032
-36/200: 4763.616912/411.407762/4352.209150/0.000091466
-37/200: 4763.914046/411.680409/4352.233637/0.000062376
-38/200: 4764.120736/411.933555/4352.187181/0.000043387
-39/200: 4764.422254/412.167688/4352.254566/0.000063289
-40/200: 4764.599690/412.383316/4352.216374/0.000037242
-41/200: 4764.932857/412.581146/4352.351711/0.000069926
-42/200: 4765.132920/412.761803/4352.371117/0.000041987
-43/200: 4765.273488/412.925962/4352.347526/0.000029499
-44/200: 4765.439719/413.074288/4352.365431/0.000034884
-45/200: 4765.547434/413.207508/4352.339926/0.000022603
-46/200: 4765.669193/413.326381/4352.342812/0.000025550
-47/200: 4765.842435/413.431652/4352.410783/0.000036352
-48/200: 4765.924418/413.524213/4352.400205/0.000017202
-49/200: 4765.904966/413.604972/4352.299994/0.000004082
-50/200: 4766.020590/413.674771/4352.345819/0.000024261
-51/200: 4766.089046/413.734444/4352.354602/0.000014363
-52/200: 4766.284634/413.784893/4352.499741/0.000041037
-53/200: 4766.185273/413.827042/4352.358231/0.000020847
-54/200: 4766.287463/413.861772/4352.425691/0.000021441
-55/200: 4766.311739/413.889842/4352.421897/0.000005093
-56/200: 4766.328157/413.912118/4352.416039/0.000003445
-57/200: 4766.392946/413.929418/4352.463528/0.000013593
-58/200: 4766.446575/413.942418/4352.504157/0.000011251
-59/200: 4766.437409/413.951858/4352.485551/0.000001923
-60/200: 4766.457614/413.958309/4352.499305/0.000004239
-61/200: 4766.376987/413.962406/4352.414581/0.000016916
-62/200: 4766.527922/413.964672/4352.563250/0.000031667
-63/200: 4766.464211/413.965535/4352.498676/0.000013366
-64/200: 4766.606076/413.965307/4352.640769/0.000029763
-65/200: 4766.608417/413.964390/4352.644027/0.000000491
-66/200: 4766.591714/413.962923/4352.628791/0.000003504
-67/200: 4766.486179/413.961105/4352.525074/0.000022141
-68/200: 4766.498653/413.959031/4352.539622/0.000002617
-69/200: 4766.523911/413.956803/4352.567108/0.000005299
-70/200: 4766.514322/413.954478/4352.559844/0.000002012
-71/200: 4766.605695/413.952128/4352.653567/0.000019170
-72/200: 4766.556564/413.949743/4352.606821/0.000010307
-73/200: 4766.657262/413.947401/4352.709861/0.000021126
-74/200: 4766.616602/413.945086/4352.671516/0.000008530
-75/200: 4766.577432/413.942781/4352.634651/0.000008218
-76/200: 4766.675781/413.940522/4352.735259/0.000020633
-77/200: 4766.690422/413.938340/4352.752082/0.000003072
-78/200: 4766.695356/413.936122/4352.759234/0.000001035
-79/200: 4766.586304/413.933985/4352.652319/0.000022878
-80/200: 4766.595658/413.931863/4352.663795/0.000001962
-81/200: 4766.657742/413.929784/4352.727958/0.000013025
-82/200: 4766.723896/413.927732/4352.796164/0.000013878
-83/200: 4766.658463/413.925769/4352.732694/0.000013727
-84/200: 4766.642708/413.923754/4352.718954/0.000003305
-85/200: 4766.710277/413.921830/4352.788447/0.000014175
-86/200: 4766.712973/413.919908/4352.793065/0.000000566
-87/200: 4766.726550/413.918034/4352.808516/0.000002848
-88/200: 4766.767549/413.916203/4352.851346/0.000008601
-89/200: 4766.722084/413.914391/4352.807693/0.000009538
-90/200: 4766.759082/413.912598/4352.846484/0.000007762
-91/200: 4766.761938/413.910795/4352.851143/0.000000599
-92/200: 4766.786374/413.909052/4352.877322/0.000005126
-93/200: 4766.768802/413.907315/4352.861487/0.000003686
-94/200: 4766.837642/413.905609/4352.932033/0.000014442
-95/200: 4766.811615/413.903939/4352.907676/0.000005460
-96/200: 4766.766299/413.902313/4352.863986/0.000009506
-97/200: 4766.813739/413.900717/4352.913022/0.000009952
-98/200: 4766.855042/413.899111/4352.955931/0.000008665
-99/200: 4766.860344/413.897556/4352.962788/0.000001112
Recall at EP-100 ...
  Columns 1 through 7

    0.0118    0.0213    0.0287    0.0340    0.0395    0.0442    0.0483

  Columns 8 through 10

    0.0518    0.0550    0.0580

Mrr at EP-100 ...
    0.0029

-100/200: 4766.825531/413.896020/4352.929511/0.000007303
-101/200: 4766.796527/413.894451/4352.902076/0.000006085
-102/200: 4766.846553/413.892947/4352.953606/0.000010495
-103/200: 4766.914435/413.891449/4353.022986/0.000014240
-104/200: 4766.849450/413.889931/4352.959519/0.000013633
-105/200: 4766.899607/413.888452/4353.011155/0.000010522
-106/200: 4766.856251/413.887004/4352.969247/0.000009095
-107/200: 4766.898133/413.885574/4353.012559/0.000008786
-108/200: 4766.956117/413.884115/4353.072002/0.000012164
-109/200: 4766.893076/413.882711/4353.010365/0.000013224
-110/200: 4766.884640/413.881318/4353.003322/0.000001770
-111/200: 4766.969027/413.879983/4353.089044/0.000017703
-112/200: 4766.962796/413.878646/4353.084150/0.000001307
-113/200: 4766.935669/413.877332/4353.058337/0.000005691
-114/200: 4766.917712/413.876034/4353.041678/0.000003767
-115/200: 4766.951681/413.874730/4353.076951/0.000007126
-116/200: 4766.940672/413.873439/4353.067233/0.000002309
-117/200: 4767.002407/413.872156/4353.130251/0.000012951
-118/200: 4766.993488/413.870916/4353.122572/0.000001871
-119/200: 4767.031428/413.869661/4353.161767/0.000007959
-120/200: 4767.017895/413.868382/4353.149513/0.000002839
-121/200: 4767.057051/413.867118/4353.189933/0.000008214
-122/200: 4767.050560/413.865868/4353.184692/0.000001362
-123/200: 4767.026850/413.864657/4353.162193/0.000004974
-124/200: 4767.052862/413.863417/4353.189445/0.000005457
-125/200: 4767.060998/413.862223/4353.198775/0.000001707
-126/200: 4767.062597/413.861032/4353.201565/0.000000335
-127/200: 4767.053630/413.859890/4353.193740/0.000001881
-128/200: 4767.058065/413.858750/4353.199315/0.000000930
-129/200: 4767.072072/413.857556/4353.214516/0.000002938
-130/200: 4767.130757/413.856408/4353.274349/0.000012311
-131/200: 4767.062498/413.855271/4353.207227/0.000014319
-132/200: 4767.114351/413.854176/4353.260175/0.000010877
-133/200: 4767.123398/413.853096/4353.270302/0.000001898
-134/200: 4767.188580/413.851976/4353.336604/0.000013673
-135/200: 4767.103246/413.850860/4353.252386/0.000017900
-136/200: 4767.121173/413.849742/4353.271431/0.000003761
-137/200: 4767.191729/413.848666/4353.343063/0.000014801
-138/200: 4767.173048/413.847556/4353.325492/0.000003919
-139/200: 4767.163297/413.846445/4353.316852/0.000002045
-140/200: 4767.195997/413.845398/4353.350599/0.000006859
-141/200: 4767.201866/413.844378/4353.357488/0.000001231
-142/200: 4767.178674/413.843287/4353.335387/0.000004865
-143/200: 4767.202226/413.842250/4353.359976/0.000004941
-144/200: 4767.240227/413.841193/4353.399034/0.000007971
-145/200: 4767.250036/413.840165/4353.409871/0.000002058
-146/200: 4767.242649/413.839122/4353.403527/0.000001550
-147/200: 4767.247959/413.838068/4353.409891/0.000001114
-148/200: 4767.219405/413.837010/4353.382395/0.000005990
-149/200: 4767.254430/413.835963/4353.418467/0.000007347
-150/200: 4767.277715/413.834963/4353.442752/0.000004884
-151/200: 4767.285463/413.833998/4353.451465/0.000001625
-152/200: 4767.283753/413.832983/4353.450770/0.000000359
-153/200: 4767.292185/413.831958/4353.460227/0.000001769
-154/200: 4767.305645/413.830929/4353.474716/0.000002823
-155/200: 4767.291844/413.829950/4353.461894/0.000002895
-156/200: 4767.304346/413.828952/4353.475394/0.000002622
-157/200: 4767.351652/413.827971/4353.523681/0.000009923
-158/200: 4767.340942/413.826978/4353.513964/0.000002246
-159/200: 4767.359508/413.826028/4353.533480/0.000003894
-160/200: 4767.365232/413.825084/4353.540148/0.000001201
-161/200: 4767.320078/413.824096/4353.495982/0.000009472
-162/200: 4767.363691/413.823096/4353.540595/0.000009148
-163/200: 4767.419959/413.822128/4353.597831/0.000011803
-164/200: 4767.360443/413.821170/4353.539273/0.000012484
-165/200: 4767.417892/413.820216/4353.597676/0.000012050
-166/200: 4767.390834/413.819253/4353.571581/0.000005676
-167/200: 4767.399133/413.818277/4353.580856/0.000001741
-168/200: 4767.425226/413.817326/4353.607900/0.000005473
-169/200: 4767.423393/413.816363/4353.607030/0.000000385
-170/200: 4767.418818/413.815417/4353.603401/0.000000960
-171/200: 4767.452495/413.814483/4353.638012/0.000007064
-172/200: 4767.464860/413.813525/4353.651335/0.000002594
-173/200: 4767.432136/413.812598/4353.619538/0.000006864
-174/200: 4767.515719/413.811683/4353.704036/0.000017532
-175/200: 4767.451762/413.810745/4353.641017/0.000013415
-176/200: 4767.510403/413.809838/4353.700565/0.000012300
-177/200: 4767.524438/413.808961/4353.715477/0.000002944
-178/200: 4767.505464/413.808016/4353.697448/0.000003980
-179/200: 4767.528003/413.807065/4353.720938/0.000004727
-180/200: 4767.481241/413.806168/4353.675073/0.000009808
-181/200: 4767.557871/413.805284/4353.752587/0.000016073
-182/200: 4767.548448/413.804340/4353.744108/0.000001976
-183/200: 4767.571456/413.803456/4353.768000/0.000004826
-184/200: 4767.566061/413.802568/4353.763493/0.000001131
-185/200: 4767.593142/413.801667/4353.791475/0.000005680
-186/200: 4767.581049/413.800787/4353.780262/0.000002536
-187/200: 4767.586163/413.799873/4353.786290/0.000001073
-188/200: 4767.612024/413.799003/4353.813021/0.000005424
-189/200: 4767.616287/413.798115/4353.818172/0.000000894
-190/200: 4767.618793/413.797223/4353.821570/0.000000526
-191/200: 4767.640206/413.796358/4353.843848/0.000004491
-192/200: 4767.652145/413.795486/4353.856659/0.000002504
-193/200: 4767.645011/413.794604/4353.850407/0.000001496
-194/200: 4767.637844/413.793752/4353.844092/0.000001503
-195/200: 4767.668608/413.792908/4353.875700/0.000006453
-196/200: 4767.649348/413.792018/4353.857330/0.000004040
-197/200: 4767.659168/413.791098/4353.868070/0.000002060
-198/200: 4767.650205/413.790174/4353.860031/0.000001880
-199/200: 4767.703319/413.789304/4353.914015/0.000011141
-200/200: 4767.678285/413.787722/4353.890563/0.000005251
Start evaluating ...
  Columns 1 through 7

    0.0135    0.0233    0.0306    0.0365    0.0419    0.0466    0.0507

  Columns 8 through 10

    0.0549    0.0588    0.0623

    0.0033

Elapsed time is 17645.325194 seconds.
