nohup: ignoring input

                            < M A T L A B (R) >
                  Copyright 1984-2016 The MathWorks, Inc.
                   R2016a (9.0.0.341360) 64-bit (glnxa64)
                             February 11, 2016

 
To get started, type one of these: helpwin, helpdesk, or demo.
For product information, visit www.mathworks.com.
 

	Academic License

Start learning ...
Init data [Dtype: delicious - Dspec: sp3/2550]
Init social model
Using adagrad ...
Params [lbd-U: 0.1000|lbd-V: 1.0000|lbd-N: 0.1000|lbd-Q: 0.0500]
Staring Sample 3 - Loc: save/ctrsmf/delicious-alg90-sp3-cold20170226125836406 
CTR-SMF Running ...

iter time likelihood converge
0001 000200 -32138175.00902 1.0000000000
0002 000398 -31329287.76962 0.0251690471
0003 000597 -30656452.24232 0.0214762472
0004 000834 -30456959.43075 0.0065073678
0005 001122 -30365182.19714 0.0030133420
0006 001408 -30301449.03213 0.0020988896
0007 001696 -30257047.63509 0.0014653226
0008 001981 -30225807.73664 0.0010324834
0009 002265 -30201738.22343 0.0007963232
0010 002545 -30181968.15228 0.0006546004
0011 002824 -30165048.62413 0.0005605840
0012 003107 -30150248.10674 0.0004906512
0013 003386 -30137143.31995 0.0004346494
0014 003661 -30125442.53222 0.0003882514
0015 003939 -30114926.16011 0.0003490861
0016 004221 -30105421.27750 0.0003156203
0017 004496 -30096787.26971 0.0002867925
0018 004774 -30088907.33991 0.0002618196
0019 005047 -30081683.31632 0.0002400893
0020 005325 -30075032.35786 0.0002210966
0021 005608 -30068884.34432 0.0002044225
0022 005890 -30063179.45111 0.0001897275
0023 006177 -30057866.06107 0.0001767408
0024 006451 -30052899.20222 0.0001652432
0025 006734 -30048239.50576 0.0001550498
0026 007013 -30043852.64610 0.0001459939
0027 007288 -30039708.94858 0.0001379216
0028 007555 -30035783.07063 0.0001306896
0029 007830 -30032053.69029 0.0001241646
0030 008094 -30028502.63632 0.0001182421
0031 008371 -30025113.82686 0.0001128531
0032 008643 -30021872.58425 0.0001079511
0033 008912 -30018765.63058 0.0001034897
0034 009186 -30015781.68981 0.0000994025
0035 009452 -30012912.42475 0.0000955919
0036 009725 -30010152.94931 0.0000919429
0037 009996 -30007501.12348 0.0000883643
0038 010232 -30004957.16579 0.0000847774
0039 010436 -30002523.26131 0.0000811167
0040 010626 -30000201.84792 0.0000773739
0041 010817 -29997994.32166 0.0000735837
0042 011007 -29995900.00102 0.0000698154
0043 011197 -29993916.21018 0.0000661354
0044 011346 -29992039.54635 0.0000625681
0045 011505 -29990266.36447 0.0000591218
0046 011696 -29988593.69770 0.0000557737
0047 011887 -29987019.90383 0.0000524797
0048 012077 -29985543.47575 0.0000492356
0049 012266 -29984161.41921 0.0000460908
0050 012455 -29982868.74274 0.0000431120
0051 012645 -29981659.48387 0.0000403317
0052 012835 -29980527.27996 0.0000377632
0053 013025 -29979465.16102 0.0000354270
0054 013215 -29978466.17659 0.0000333223
0055 013411 -29977524.18380 0.0000314223
0056 013687 -29976634.21659 0.0000296878
0057 014047 -29975792.38718 0.0000280829
0058 014412 -29974995.59813 0.0000265811
0059 014777 -29974241.42901 0.0000251599
0060 015152 -29973528.01800 0.0000238008
0061 015515 -29972853.93281 0.0000224894
0062 015865 -29972218.25642 0.0000212084
0063 016202 -29971620.79762 0.0000199338
0064 016537 -29971062.05250 0.0000186425
0065 016855 -29970542.41508 0.0000173380
0066 017183 -29970061.36326 0.0000160508
0067 017484 -29969617.47314 0.0000148111
0068 017788 -29969208.55614 0.0000136444
0069 018085 -29968831.69096 0.0000125751
0070 018381 -29968483.72924 0.0000116108
0071 018677 -29968161.76313 0.0000107435
0072 018977 -29967862.95257 0.0000099709
Start evaluating ...
  Columns 1 through 7

    0.0857    0.1021    0.1093    0.1125    0.1148    0.1167    0.1178

  Columns 8 through 10

    0.1189    0.1198    0.1206

    0.0192

Elapsed time is 19109.856580 seconds.
