nohup: ignoring input

                            < M A T L A B (R) >
                  Copyright 1984-2016 The MathWorks, Inc.
                   R2016a (9.0.0.341360) 64-bit (glnxa64)
                             February 11, 2016

 
To get started, type one of these: helpwin, helpdesk, or demo.
For product information, visit www.mathworks.com.
 

	Academic License

Start learning ...
Init data [Dtype: delicious - Dspec: sp3/0550]
Init social model
Using adagrad ...
Load pretrained shallow-model...
Params [lbd-U: 100.0000|lbd-V: 1.0000|lbd-N: 100.0000|lbd-Q: 0.1000]
Staring Sample 3 - Loc: save/bcdl/delicious-alg61-sp3-cold20170224210011020 
CTR(chongwang)-DAE(User graph) Running - Walks(1)...
-1/200: 43580434.417892/2336.312522/43578098.105370/1.000000000
-2/200: 43522769.629252/2327.306167/43520442.323085/0.001323181
-3/200: 43521555.903060/2327.276569/43519228.626491/0.000027887
-4/200: 43521612.448997/2327.346185/43519285.102812/0.000001299
-5/200: 43520489.284906/2327.420711/43518161.864195/0.000025807
-6/200: 43520554.041331/2327.492391/43518226.548940/0.000001488
-7/200: 43522806.794841/2327.561122/43520479.233719/0.000051763
-8/200: 43523283.396001/2327.627485/43520955.768516/0.000010951
-9/200: 43522941.361169/2327.692534/43520613.668635/0.000007859
-10/200: 43523312.722611/2327.754391/43520984.968220/0.000008533
-11/200: 43522595.979494/2327.814426/43520268.165068/0.000016468
-12/200: 43521971.316311/2327.872971/43519643.443340/0.000014353
-13/200: 43523201.240887/2327.929720/43520873.311167/0.000028260
-14/200: 43523821.374642/2327.984391/43521493.390251/0.000014248
-15/200: 43522964.368814/2328.038222/43520636.330592/0.000019691
-16/200: 43523047.819193/2328.089745/43520719.729448/0.000001917
-17/200: 43523868.003986/2328.139571/43521539.864415/0.000018845
-18/200: 43525307.460227/2328.187670/43522979.272557/0.000033073
-19/200: 43524359.138074/2328.234892/43522030.903182/0.000021788
-20/200: 43524741.414542/2328.280207/43522413.134335/0.000008783
-21/200: 43523518.075737/2328.325075/43521189.750662/0.000028107
-22/200: 43525039.913216/2328.368243/43522711.544973/0.000034966
-23/200: 43525565.374676/2328.410485/43523236.964191/0.000012073
-24/200: 43526239.232912/2328.451272/43523910.781640/0.000015482
-25/200: 43525135.879211/2328.491373/43522807.387838/0.000025349
-26/200: 43525280.568114/2328.530573/43522952.037541/0.000003324
-27/200: 43524789.113195/2328.568561/43522460.544634/0.000011291
-28/200: 43526892.099591/2328.605263/43524563.494328/0.000048317
-29/200: 43526677.046326/2328.641081/43524348.405245/0.000004941
-30/200: 43526057.609958/2328.676230/43523728.933728/0.000014231
-31/200: 43526045.728439/2328.710288/43523717.018151/0.000000273
-32/200: 43526863.406414/2328.743692/43524534.662722/0.000018786
-33/200: 43524474.351595/2328.776063/43522145.575532/0.000054887
-34/200: 43526861.406901/2328.807939/43524532.598962/0.000054844
-35/200: 43524992.896183/2328.838720/43522664.057463/0.000042928
-36/200: 43526516.618853/2328.869020/43524187.749833/0.000035008
-37/200: 43526719.739577/2328.898597/43524390.840980/0.000004667
-38/200: 43526242.557935/2328.927360/43523913.630575/0.000010963
-39/200: 43526907.809046/2328.955629/43524578.853417/0.000015284
-40/200: 43526578.981234/2328.983121/43524249.998113/0.000007555
-41/200: 43527947.387464/2329.010231/43525618.377233/0.000031438
-42/200: 43528128.888596/2329.036604/43525799.851992/0.000004170
-43/200: 43527823.708782/2329.062443/43525494.646339/0.000007011
-44/200: 43528020.935180/2329.087371/43525691.847809/0.000004531
-45/200: 43527806.660556/2329.111871/43525477.548685/0.000004923
-46/200: 43527774.443241/2329.135996/43525445.307245/0.000000740
-47/200: 43528489.815384/2329.159397/43526160.655987/0.000016435
-48/200: 43528424.442814/2329.182238/43526095.260576/0.000001502
-49/200: 43527328.506412/2329.204844/43524999.301568/0.000025177
-50/200: 43527820.349966/2329.226668/43525491.123298/0.000011300
-51/200: 43527846.657724/2329.247994/43525517.409730/0.000000604
-52/200: 43529328.025861/2329.268891/43526998.756970/0.000034033
-53/200: 43527835.263400/2329.289476/43525505.973924/0.000034293
-54/200: 43528539.847348/2329.309683/43526210.537665/0.000016187
-55/200: 43528448.937623/2329.329219/43526119.608404/0.000002089
-56/200: 43528457.273713/2329.348256/43526127.925457/0.000000192
-57/200: 43528862.446454/2329.367330/43526533.079124/0.000009308
-58/200: 43529382.301881/2329.385904/43527052.915977/0.000011943
-59/200: 43529093.674759/2329.403963/43526764.270796/0.000006631
-60/200: 43529210.566169/2329.421617/43526881.144552/0.000002685
-61/200: 43528420.623160/2329.438929/43526091.184231/0.000018147
-62/200: 43529824.097980/2329.455898/43527494.642082/0.000032243
-63/200: 43529135.303896/2329.472416/43526805.831480/0.000015823
-64/200: 43530583.643710/2329.488779/43528254.154931/0.000033273
-65/200: 43530627.892726/2329.504722/43528298.388004/0.000001017
-66/200: 43530470.243794/2329.520606/43528140.723188/0.000003622
-67/200: 43529472.048084/2329.535901/43527142.512183/0.000022931
-68/200: 43529587.438252/2329.550898/43527257.887354/0.000002651
-69/200: 43529827.060041/2329.565552/43527497.494489/0.000005505
-70/200: 43529762.266469/2329.580028/43527432.686441/0.000001488
-71/200: 43530729.449781/2329.594212/43528399.855569/0.000022219
-72/200: 43530225.661260/2329.607938/43527896.053322/0.000011573
-73/200: 43531266.205050/2329.621562/43528936.583488/0.000023904
-74/200: 43530826.938519/2329.634962/43528497.303557/0.000010091
-75/200: 43530474.441229/2329.647983/43528144.793246/0.000008098
-76/200: 43531460.138912/2329.660826/43529130.478086/0.000022644
-77/200: 43531654.291471/2329.673456/43529324.618015/0.000004460
-78/200: 43531630.184135/2329.685751/43529300.498384/0.000000554
-79/200: 43530599.641629/2329.697807/43528269.943822/0.000023673
-80/200: 43530771.891622/2329.709612/43528442.182010/0.000003957
-81/200: 43531342.237621/2329.721251/43529012.516370/0.000013102
-82/200: 43532045.095914/2329.732586/43529715.363328/0.000016146
-83/200: 43531398.583708/2329.743831/43529068.839877/0.000014851
-84/200: 43531228.547436/2329.754677/43528898.792759/0.000003906
-85/200: 43531936.341557/2329.765430/43529606.576127/0.000016259
-86/200: 43531973.602754/2329.775960/43529643.826794/0.000000856
-87/200: 43532082.282169/2329.786317/43529752.495852/0.000002497
-88/200: 43532472.406681/2329.796478/43530142.610202/0.000008962
-89/200: 43532121.276213/2329.806504/43529791.469709/0.000008066
-90/200: 43532466.327051/2329.816236/43530136.510815/0.000007926
-91/200: 43532375.148621/2329.825801/43530045.322820/0.000002094
-92/200: 43532782.626860/2329.835211/43530452.791649/0.000009360
-93/200: 43532558.835750/2329.844382/43530228.991368/0.000005141
-94/200: 43533253.057092/2329.853446/43530923.203646/0.000015947
-95/200: 43532980.240922/2329.862328/43530650.378594/0.000006267
-96/200: 43532591.047410/2329.871106/43530261.176304/0.000008940
-97/200: 43533068.902005/2329.879720/43530739.022285/0.000010977
-98/200: 43533374.880013/2329.888175/43531044.991838/0.000007029
-99/200: 43533508.122020/2329.896466/43531178.225554/0.000003061
Recall at EP-100 ...
  Columns 1 through 7

    0.0025    0.0044    0.0060    0.0074    0.0090    0.0105    0.0116

  Columns 8 through 10

    0.0129    0.0141    0.0152

Mrr at EP-100 ...
   8.0639e-04

-100/200: 43533169.707592/2329.904687/43530839.802905/0.000007774
-101/200: 43533005.399362/2329.912622/43530675.486740/0.000003774
-102/200: 43533411.007196/2329.920535/43531081.086661/0.000009317
-103/200: 43534061.261439/2329.928290/43531731.333149/0.000014937
-104/200: 43533445.795927/2329.935839/43531115.860088/0.000014138
-105/200: 43533996.414578/2329.943291/43531666.471287/0.000012648
-106/200: 43533590.451408/2329.950652/43531260.500756/0.000009325
-107/200: 43533975.713971/2329.957943/43531645.756028/0.000008850
-108/200: 43534453.259055/2329.965004/43532123.294051/0.000010969
-109/200: 43533977.308562/2329.971958/43531647.336604/0.000010933
-110/200: 43533859.401783/2329.978799/43531529.422984/0.000002708
-111/200: 43534662.987050/2329.985627/43532333.001423/0.000018459
-112/200: 43534606.007379/2329.992339/43532276.015040/0.000001309
-113/200: 43534388.750412/2329.998897/43532058.751515/0.000004990
-114/200: 43534227.435840/2330.005367/43531897.430473/0.000003705
-115/200: 43534600.994960/2330.011724/43532270.983236/0.000008581
-116/200: 43534486.000398/2330.017989/43532155.982409/0.000002641
-117/200: 43535008.868024/2330.024124/43532678.843900/0.000012010
-118/200: 43534927.239697/2330.030225/43532597.209472/0.000001875
-119/200: 43535323.748768/2330.036205/43532993.712563/0.000009108
-120/200: 43535106.718368/2330.042015/43532776.676353/0.000004985
-121/200: 43535498.248821/2330.047738/43533168.201083/0.000008993
-122/200: 43535601.025317/2330.053376/43533270.971941/0.000002361
-123/200: 43535335.846763/2330.059002/43533005.787761/0.000006091
-124/200: 43535507.185012/2330.064447/43533177.120565/0.000003936
-125/200: 43535626.105880/2330.069836/43533296.036044/0.000002732
-126/200: 43535638.527688/2330.075193/43533308.452495/0.000000285
-127/200: 43535639.482477/2330.080466/43533309.402011/0.000000022
Start evaluating ...
  Columns 1 through 7

    0.0014    0.0027    0.0039    0.0051    0.0059    0.0071    0.0083

  Columns 8 through 10

    0.0092    0.0101    0.0111

   5.5505e-04

Elapsed time is 12966.289956 seconds.
