nohup: ignoring input

                            < M A T L A B (R) >
                  Copyright 1984-2016 The MathWorks, Inc.
                   R2016a (9.0.0.341360) 64-bit (glnxa64)
                             February 11, 2016

 
To get started, type one of these: helpwin, helpdesk, or demo.
For product information, visit www.mathworks.com.
 

	Academic License

Start learning ...
Init data [Dtype: delicious - Dspec: sp3/1050]
Init social model
Using adagrad ...
Load pretrained shallow-model...
Params [lbd-U: 100.0000|lbd-V: 100.0000|lbd-N: 100.0000|lbd-Q: 0.1000]
Staring Sample 3 - Loc: save/bcdl/delicious-alg61-sp3-cold20170225114414529 
CTR(chongwang)-DAE(User graph) Running - Walks(1)...
-1/200: 43583398.507420/5300.402050/43578098.105370/1.000000000
-2/200: 43525677.603098/5281.643804/43520395.959294/0.001324378
-3/200: 43524501.186186/5286.394000/43519214.792186/0.000027028
-4/200: 43524563.695918/5290.612899/43519273.083019/0.000001436
-5/200: 43523444.168991/5294.400513/43518149.768478/0.000025722
-6/200: 43523512.099430/5297.844532/43518214.254898/0.000001561
-7/200: 43525767.717488/5301.021876/43520466.695612/0.000051825
-8/200: 43526246.912964/5304.013942/43520942.899022/0.000011009
-9/200: 43525907.325095/5306.871803/43520600.453292/0.000007802
-10/200: 43526281.001272/5309.532484/43520971.468788/0.000008585
-11/200: 43525566.526983/5312.063249/43520254.463734/0.000016415
-12/200: 43524943.905936/5314.511977/43519629.393959/0.000014305
-13/200: 43526175.824786/5316.851231/43520858.973555/0.000028304
-14/200: 43526797.826837/5319.104056/43521478.722781/0.000014290
-15/200: 43525942.507660/5321.312953/43520621.194707/0.000019650
-16/200: 43526027.915058/5323.431618/43520704.483440/0.000001962
-17/200: 43526849.808468/5325.469192/43521524.339276/0.000018883
-18/200: 43528290.925271/5327.432611/43522963.492660/0.000033109
-19/200: 43527344.069995/5329.369636/43522014.700359/0.000021753
-20/200: 43527727.996552/5331.237680/43522396.758872/0.000008820
-21/200: 43526506.119431/5333.082873/43521173.036558/0.000028071
-22/200: 43528029.329318/5334.882342/43522694.446976/0.000034995
-23/200: 43528556.230536/5336.647068/43523219.583468/0.000012105
-24/200: 43529231.421850/5338.363621/43523893.058229/0.000015511
-25/200: 43528129.459850/5340.062763/43522789.397087/0.000025315
-26/200: 43528275.277700/5341.735899/43522933.541801/0.000003350
-27/200: 43527785.392668/5343.365731/43522442.026937/0.000011254
-28/200: 43529889.659168/5344.956124/43524544.703044/0.000048343
-29/200: 43529675.810521/5346.520213/43524329.290308/0.000004913
-30/200: 43529057.569097/5348.063778/43523709.505319/0.000014203
-31/200: 43529047.035765/5349.570420/43523697.465345/0.000000242
-32/200: 43529865.682656/5351.063585/43524514.619071/0.000018807
-33/200: 43527477.937264/5352.532048/43522125.405216/0.000054853
-34/200: 43529866.122483/5353.974414/43524512.148069/0.000054866
-35/200: 43527998.813144/5355.395524/43522643.417620/0.000042897
-36/200: 43529523.552383/5356.801704/43524166.750679/0.000035029
-37/200: 43529727.787047/5358.189075/43524369.597972/0.000004692
-38/200: 43529251.663378/5359.547171/43523892.116207/0.000010938
-39/200: 43529917.962965/5360.897840/43524557.065125/0.000015307
-40/200: 43529590.090381/5362.224883/43524227.865498/0.000007532
-41/200: 43530959.534526/5363.538672/43525595.995854/0.000031460
-42/200: 43531142.035115/5364.835039/43525777.200076/0.000004192
-43/200: 43530838.025262/5366.112201/43525471.913061/0.000006984
-44/200: 43531036.200021/5367.363776/43525668.836245/0.000004553
-45/200: 43530822.950514/5368.606882/43525454.343632/0.000004899
-46/200: 43530791.704794/5369.836159/43525421.868635/0.000000718
-47/200: 43531508.042688/5371.048341/43526136.994347/0.000016456
-48/200: 43531443.608547/5372.243848/43526071.364699/0.000001480
-49/200: 43530348.537882/5373.433029/43524975.104853/0.000025156
-50/200: 43530841.395870/5374.604227/43525466.791643/0.000011322
-51/200: 43530868.634483/5375.758031/43525492.876452/0.000000626
-52/200: 43532350.944913/5376.893800/43526974.051113/0.000034052
-53/200: 43530858.930656/5378.030003/43525480.900653/0.000034274
-54/200: 43531564.362257/5379.155312/43526185.206945/0.000016205
-55/200: 43531474.443899/5380.257822/43526094.186077/0.000002066
-56/200: 43531483.668973/5381.351581/43526102.317392/0.000000212
-57/200: 43531889.530696/5382.450154/43526507.080542/0.000009323
-58/200: 43532410.090387/5383.534817/43527026.555570/0.000011958
-59/200: 43532122.385425/5384.608971/43526737.776454/0.000006609
-60/200: 43532240.353871/5385.660442/43526854.693429/0.000002710
-61/200: 43531451.116182/5386.704941/43526064.411241/0.000018130
-62/200: 43532855.482802/5387.744332/43527467.738470/0.000032261
-63/200: 43532167.336944/5388.771431/43526778.565513/0.000015808
-64/200: 43533616.661179/5389.787849/43528226.873330/0.000033293
-65/200: 43533661.383459/5390.806157/43528270.577302/0.000001027
-66/200: 43533504.492606/5391.814773/43528112.677833/0.000003604
-67/200: 43532507.143809/5392.813579/43527114.330230/0.000022910
-68/200: 43532623.509654/5393.797856/43527229.711798/0.000002673
-69/200: 43532863.785275/5394.772303/43527469.012972/0.000005519
-70/200: 43532799.609076/5395.741922/43527403.867154/0.000001474
-71/200: 43533767.525601/5396.707401/43528370.818200/0.000022234
-72/200: 43533264.703419/5397.657994/43527867.045425/0.000011550
-73/200: 43534305.729348/5398.607549/43528907.121799/0.000023913
-74/200: 43533867.122722/5399.552108/43528467.570614/0.000010075
-75/200: 43533515.506794/5400.485756/43528115.021038/0.000008077
-76/200: 43534501.948941/5401.411052/43529100.537889/0.000022659
-77/200: 43534696.729273/5402.335119/43529294.394154/0.000004474
-78/200: 43534673.545616/5403.239627/43529270.305989/0.000000533
-79/200: 43533643.522398/5404.148596/43528239.373802/0.000023660
-80/200: 43533816.488158/5405.045320/43528411.442838/0.000003973
-81/200: 43534387.804855/5405.934194/43528981.870661/0.000013124
-82/200: 43535090.950493/5406.819852/43529684.130641/0.000016151
-83/200: 43534445.431324/5407.700709/43529037.730615/0.000014828
-84/200: 43534275.979764/5408.569426/43528867.410338/0.000003892
-85/200: 43534984.441793/5409.436806/43529575.004987/0.000016274
-86/200: 43535022.454289/5410.293967/43529612.160322/0.000000873
-87/200: 43535131.738949/5411.149892/43529720.589057/0.000002510
-88/200: 43535522.320194/5411.999792/43530110.320402/0.000008972
-89/200: 43535171.907422/5412.842821/43529759.064601/0.000008049
-90/200: 43535517.648621/5413.678537/43530103.970084/0.000007942
-91/200: 43535427.436370/5414.503309/43530012.933061/0.000002072
-92/200: 43535835.364071/5415.327231/43530420.036840/0.000009370
-93/200: 43535612.242074/5416.142072/43530196.100002/0.000005125
-94/200: 43536307.038810/5416.953241/43530890.085569/0.000015959
-95/200: 43536034.702038/5417.759556/43530616.942482/0.000006255
-96/200: 43535646.288504/5418.566293/43530227.722211/0.000008922
-97/200: 43536124.517377/5419.369087/43530705.148290/0.000010985
-98/200: 43536431.283987/5420.160036/43531011.123951/0.000007046
-99/200: 43536564.874834/5420.949243/43531143.925591/0.000003068
Recall at EP-100 ...
  Columns 1 through 7

    0.0013    0.0022    0.0034    0.0047    0.0059    0.0070    0.0079

  Columns 8 through 10

    0.0089    0.0098    0.0107

Mrr at EP-100 ...
   5.9318e-04

-100/200: 43536227.054893/5421.738399/43530805.316494/0.000007759
-101/200: 43536063.727997/5422.510881/43530641.217116/0.000003752
-102/200: 43536469.854157/5423.287784/43531046.566373/0.000009328
-103/200: 43537120.565869/5424.059001/43531696.506868/0.000014946
-104/200: 43536505.890199/5424.820550/43531081.069649/0.000014118
-105/200: 43537057.181565/5425.579128/43531631.602437/0.000012663
-106/200: 43536651.527702/5426.338716/43531225.188986/0.000009317
-107/200: 43537037.248390/5427.095006/43531610.153384/0.000008860
-108/200: 43537515.813628/5427.838999/43532087.974629/0.000010992
-109/200: 43537040.487016/5428.579292/43531611.907724/0.000010918
-110/200: 43536922.922847/5429.315778/43531493.607069/0.000002700
-111/200: 43537726.872595/5430.058214/43532296.814381/0.000018466
-112/200: 43537670.440817/5430.795866/43532239.644951/0.000001296
-113/200: 43537453.731032/5431.527330/43532022.203702/0.000004978
-114/200: 43537292.962426/5432.254472/43531860.707954/0.000003693
-115/200: 43537667.085137/5432.978995/43532234.106142/0.000008593
-116/200: 43537552.852773/5433.696080/43532119.156693/0.000002624
-117/200: 43538076.235398/5434.409980/43532641.825418/0.000012021
-118/200: 43537994.952680/5435.126204/43532559.826476/0.000001867
-119/200: 43538392.065244/5435.835584/43532956.229660/0.000009121
-120/200: 43538176.068724/5436.535392/43532739.533332/0.000004961
-121/200: 43538567.884081/5437.230782/43533130.653299/0.000008999
-122/200: 43538671.271025/5437.923427/43533233.347598/0.000002375
-123/200: 43538406.205108/5438.618943/43532967.586165/0.000006088
-124/200: 43538578.589198/5439.302606/43533139.286592/0.000003959
-125/200: 43538698.001587/5439.986170/43533258.015417/0.000002743
-126/200: 43538710.674491/5440.668470/43533270.006021/0.000000291
-127/200: 43538712.178933/5441.350362/43533270.828571/0.000000035
Start evaluating ...
  Columns 1 through 7

    0.0012    0.0022    0.0029    0.0040    0.0048    0.0054    0.0063

  Columns 8 through 10

    0.0070    0.0076    0.0086

   5.3644e-04

Elapsed time is 15528.453256 seconds.
