nohup: ignoring input

                            < M A T L A B (R) >
                  Copyright 1984-2016 The MathWorks, Inc.
                   R2016a (9.0.0.341360) 64-bit (glnxa64)
                             February 11, 2016

 
To get started, type one of these: helpwin, helpdesk, or demo.
For product information, visit www.mathworks.com.
 

	Academic License

Start learning ...
Init data [Dtype: delicious - Dspec: sp3/0550]
Init social model
Using adagrad ...
Params [lbd-U: 1.0000|lbd-V: 1.0000|lbd-N: 1.0000|lbd-Q: 0.1000]
Staring Sample 3 - Loc: save/ctrsmf/delicious-alg90-sp3-cold20170225114400715 
CTR-SMF Running ...

iter time likelihood converge
0001 000093 -5795493.32182 1.0000000000
0002 000193 -5627661.88846 0.0289589555
0003 000300 -5505564.08617 0.0216960089
0004 000407 -5468405.34294 0.0067493072
0005 000510 -5449244.46820 0.0035039236
0006 000604 -5433978.93576 0.0028014035
0007 000696 -5423427.90631 0.0019416765
0008 000785 -5416793.45229 0.0012232953
0009 000876 -5412200.24804 0.0008479563
0010 000964 -5408697.34671 0.0006472232
0011 001053 -5405819.28276 0.0005321178
0012 001143 -5403359.84015 0.0004549620
0013 001233 -5401217.49791 0.0003964834
0014 001321 -5399330.53952 0.0003493580
0015 001412 -5397655.81744 0.0003101722
0016 001501 -5396160.52678 0.0002770259
0017 001593 -5394818.37596 0.0002487233
0018 001684 -5393607.58505 0.0002244359
0019 001772 -5392509.80806 0.0002035330
0020 001864 -5391509.52911 0.0001854941
0021 001950 -5390593.66106 0.0001698723
0022 002038 -5389751.18761 0.0001562858
0023 002123 -5388972.76428 0.0001444266
0024 002212 -5388250.33787 0.0001340564
0025 002300 -5387576.90471 0.0001249818
0026 002390 -5386946.35944 0.0001170369
0027 002478 -5386353.34815 0.0001100830
0028 002565 -5385793.18956 0.0001039959
0029 002650 -5385261.92332 0.0000986422
0030 002736 -5384756.38221 0.0000938749
0031 002818 -5384274.17711 0.0000895500
0032 002904 -5383813.58019 0.0000855448
0033 002987 -5383373.34217 0.0000817707
0034 003070 -5382952.49265 0.0000781758
0035 003153 -5382550.17516 0.0000747392
0036 003232 -5382165.56368 0.0000714553
0037 003314 -5381797.87770 0.0000683156
0038 003396 -5381446.45642 0.0000652981
0039 003478 -5381110.81801 0.0000623696
0040 003562 -5380790.65401 0.0000594978
0041 003645 -5380485.77050 0.0000566615
0042 003727 -5380196.03849 0.0000538487
0043 003810 -5379921.39510 0.0000510471
0044 003895 -5379661.87133 0.0000482393
0045 003976 -5379417.57427 0.0000454112
0046 004059 -5379188.55695 0.0000425729
0047 004144 -5378974.68530 0.0000397591
0048 004228 -5378775.59662 0.0000370124
0049 004307 -5378590.68834 0.0000343774
0050 004389 -5378419.15141 0.0000318925
0051 004466 -5378260.06687 0.0000295783
0052 004541 -5378112.50170 0.0000274373
0053 004618 -5377975.56366 0.0000254621
0054 004698 -5377848.40640 0.0000236441
0055 004776 -5377730.23983 0.0000219728
0056 004850 -5377620.36029 0.0000204323
0057 004925 -5377518.15153 0.0000190063
0058 005003 -5377423.01686 0.0000176912
0059 005078 -5377334.34826 0.0000164891
0060 005152 -5377251.59834 0.0000153887
0061 005232 -5377174.34504 0.0000143667
0062 005310 -5377102.28768 0.0000134006
0063 005386 -5377035.20104 0.0000124764
0064 005460 -5376972.91240 0.0000115842
0065 005535 -5376915.25223 0.0000107235
0066 005608 -5376861.92271 0.0000099182
Start evaluating ...
  Columns 1 through 7

    0.0021    0.0029    0.0033    0.0035    0.0038    0.0041    0.0043

  Columns 8 through 10

    0.0047    0.0050    0.0054

   8.1238e-04

Elapsed time is 5712.736666 seconds.
