nohup: ignoring input

                            < M A T L A B (R) >
                  Copyright 1984-2016 The MathWorks, Inc.
                   R2016a (9.0.0.341360) 64-bit (glnxa64)
                             February 11, 2016

 
To get started, type one of these: helpwin, helpdesk, or demo.
For product information, visit www.mathworks.com.
 

	Academic License

Start learning ...
Init data [Dtype: delicious - Dspec: sp3/5050]
Init social model
Using adagrad ...
Params [lbd-U: 10.0000|lbd-V: 0.1000|lbd-N: 10.0000|lbd-Q: 0.0100]
Staring Sample 3 - Loc: save/ctrsmf/delicious-alg90-sp3-cold20170226203647439 
CTR-SMF Running ...

iter time likelihood converge
0001 000587 -51825130.19237 1.0000000000
0002 001202 -50569473.63825 0.0242287197
0003 001813 -49481552.98202 0.0215133870
0004 002427 -49162788.03961 0.0064420966
0005 003038 -49020967.29143 0.0028847174
0006 003657 -48925300.23166 0.0019515539
0007 004283 -48857862.32132 0.0013783852
0008 004905 -48808824.13965 0.0010036907
0009 005531 -48770073.76102 0.0007939216
0010 006164 -48737708.60141 0.0006636274
0011 006793 -48709743.82848 0.0005737810
0012 007421 -48685135.01597 0.0005052133
0013 008038 -48663248.52779 0.0004495518
0014 008658 -48643636.26082 0.0004030201
0015 009276 -48625956.10629 0.0003634628
0016 009902 -48609935.88938 0.0003294581
0017 010523 -48595353.26286 0.0002999927
0018 011148 -48582023.68490 0.0002742974
0019 011775 -48569792.21342 0.0002517695
0020 012400 -48558527.81238 0.0002319220
0021 013030 -48548119.06537 0.0002143547
0022 013646 -48538470.55046 0.0001987413
0023 014263 -48529499.79676 0.0001848174
0024 014871 -48521134.94096 0.0001723664
0025 015490 -48513313.03830 0.0001612061
0026 016106 -48505978.81353 0.0001511796
0027 016716 -48499083.20695 0.0001421599
0028 017313 -48492581.89591 0.0001340502
0029 017911 -48486434.53995 0.0001267690
0030 018508 -48480605.10189 0.0001202282
0031 019099 -48475062.35878 0.0001143291
0032 019689 -48469779.42437 0.0001089825
0033 020273 -48464733.78379 0.0001040987
0034 020862 -48459908.15089 0.0000995700
0035 021450 -48455290.75960 0.0000952827
0036 022025 -48450874.17732 0.0000911476
0037 022585 -48446654.30622 0.0000870959
0038 023142 -48442629.21577 0.0000830829
0039 023707 -48438796.43635 0.0000791200
0040 024271 -48435151.63900 0.0000752454
0041 024833 -48431689.01612 0.0000714899
0042 025394 -48428401.96008 0.0000678699
0043 025959 -48425283.36818 0.0000643959
0044 026520 -48422324.92975 0.0000610928
0045 027087 -48419517.65830 0.0000579747
0046 027636 -48416853.14950 0.0000550296
0047 028127 -48414322.81636 0.0000522614
0048 028621 -48411919.09434 0.0000496490
0049 029098 -48409637.64554 0.0000471258
0050 029566 -48407477.04115 0.0000446317
0051 030029 -48405435.99846 0.0000421638
0052 030496 -48403511.76961 0.0000397523
0053 030967 -48401700.11148 0.0000374282
0054 031435 -48399996.22744 0.0000352030
0055 031917 -48398395.87753 0.0000330651
0056 032381 -48396893.82114 0.0000310353
0057 032828 -48395483.48330 0.0000291411
0058 033276 -48394157.30220 0.0000274030
0059 033720 -48392906.95485 0.0000258367
0060 034170 -48391724.71888 0.0000244299
0061 034625 -48390605.06318 0.0000231373
0062 035077 -48389545.21898 0.0000219019
0063 035524 -48388544.28008 0.0000206850
0064 035972 -48387601.50993 0.0000194833
0065 036414 -48386714.81471 0.0000183248
0066 036778 -48385879.90789 0.0000172549
0067 037072 -48385090.90790 0.0000163064
0068 037359 -48384342.06804 0.0000154767
0069 037630 -48383629.17120 0.0000147340
0070 037832 -48382950.13432 0.0000140344
0071 038112 -48382304.23548 0.0000133497
0072 038393 -48381690.72805 0.0000126804
0073 038672 -48381108.43369 0.0000120354
0074 038951 -48380556.17635 0.0000114147
0075 039231 -48380033.16774 0.0000108103
0076 039479 -48379538.98172 0.0000102147
0077 039735 -48379073.42919 0.0000096229
Start evaluating ...
  Columns 1 through 7

    0.1229    0.1801    0.2049    0.2133    0.2177    0.2211    0.2233

  Columns 8 through 10

    0.2252    0.2266    0.2274

    0.0236

Elapsed time is 39833.774894 seconds.
