nohup: ignoring input

                            < M A T L A B (R) >
                  Copyright 1984-2016 The MathWorks, Inc.
                   R2016a (9.0.0.341360) 64-bit (glnxa64)
                             February 11, 2016

 
To get started, type one of these: helpwin, helpdesk, or demo.
For product information, visit www.mathworks.com.
 

	Academic License

Start learning ...
Init data [Dtype: delicious - Dspec: sp3/2550]
Init social model
Using adagrad ...
Params [lbd-U: 10.0000|lbd-V: 0.1000|lbd-N: 10.0000|lbd-Q: 0.0500]
Staring Sample 3 - Loc: save/ctr/delicious-alg80-sp3-cold20170226125821445 
CTR(chongwang) Running ...

iter time likelihood:[r:u:v] converge
0001 000191 -15925.00000:[0.00000:0.00000:-0.00000] 1.0000000000
0002 000379 -14943.89062:[2143.39720:-124.31940:-253.82204] 0.0616081242
0003 000565 -8786.01300:[16112.97070:-931.83775:-3205.24665] 0.4120665617
0004 000758 -6892.15234:[22138.93310:-2045.54508:-2741.82283] 0.2155540468
0005 001034 -6769.59805:[22956.45097:-2330.64197:-2571.32299] 0.0177817146
0006 001306 -6732.67966:[23213.10460:-2421.77473:-2507.90012] 0.0054535581
0007 001579 -6710.75842:[23316.06607:-2451.39350:-2482.24702] 0.0032559448
0008 001847 -6694.63435:[23365.33190:-2460.08550:-2470.26134] 0.0024027207
0009 002116 -6681.95848:[23393.53684:-2461.72668:-2463.63903] 0.0018934368
0010 002383 -6671.70486:[23412.35527:-2461.08852:-2459.34090] 0.0015345229
0011 002642 -6663.25092:[23426.31035:-2459.79507:-2456.18814] 0.0012671336
0012 002909 -6656.17281:[23437.35189:-2458.39366:-2453.69040] 0.0010622602
0013 003172 -6650.16922:[23446.43486:-2457.06151:-2451.62276] 0.0009019591
0014 003434 -6645.02036:[23454.09179:-2455.84785:-2449.86816] 0.0007742442
0015 003698 -6640.56244:[23460.65462:-2454.75793:-2448.35674] 0.0006708666
0016 003963 -6636.67084:[23466.34852:-2453.78271:-2447.04151] 0.0005860344
0017 004227 -6633.24900:[23471.33575:-2452.90941:-2445.88820] 0.0005155959
0018 004490 -6630.22085:[23475.73830:-2452.12527:-2444.87039] 0.0004565110
0019 004751 -6627.52562:[23479.65065:-2451.41877:-2443.96714] 0.0004065071
0020 005009 -6625.11417:[23483.14759:-2450.77991:-2443.16151] 0.0003638531
0021 005271 -6622.94638:[23486.28934:-2450.20007:-2442.43961] 0.0003272089
0022 005532 -6620.98914:[23489.12500:-2449.67195:-2441.79000] 0.0002955228
0023 005801 -6619.21498:[23491.69508:-2449.18931:-2441.20312] 0.0002679611
0024 006064 -6617.60083:[23494.03331:-2448.74681:-2440.67096] 0.0002438583
0025 006328 -6616.12723:[23496.16807:-2448.33991:-2440.18674] 0.0002226790
0026 006592 -6614.77762:[23498.12340:-2447.96468:-2439.74469] 0.0002039879
0027 006848 -6613.53783:[23499.91978:-2447.61774:-2439.33984] 0.0001874273
0028 007111 -6612.39567:[23501.57480:-2447.29615:-2438.96793] 0.0001726999
0029 007368 -6611.34062:[23503.10362:-2446.99736:-2438.62528] 0.0001595567
0030 007626 -6610.36353:[23504.51935:-2446.71914:-2438.30871] 0.0001477890
0031 007880 -6609.45645:[23505.83344:-2446.45952:-2438.01543] 0.0001372207
0032 008135 -6608.61241:[23507.05588:-2446.21678:-2437.74300] 0.0001277028
0033 008389 -6607.82527:[23508.19545:-2445.98940:-2437.48930] 0.0001191081
0034 008642 -6607.08964:[23509.25987:-2445.77601:-2437.25244] 0.0001113274
0035 008894 -6606.40073:[23510.25596:-2445.57542:-2437.03076] 0.0001042673
0036 009151 -6605.75431:[23511.18980:-2445.38654:-2436.82278] 0.0000978472
0037 009406 -6605.14660:[23512.06677:-2445.20840:-2436.62719] 0.0000919980
0038 009660 -6604.57420:[23512.89170:-2445.04014:-2436.44283] 0.0000866592
0039 009913 -6604.03411:[23513.66889:-2444.88098:-2436.26865] 0.0000817749
0040 010158 -6603.52366:[23514.40218:-2444.73022:-2436.10375] 0.0000772943
0041 010375 -6603.04046:[23515.09499:-2444.58723:-2435.94734] 0.0000731723
0042 010548 -6602.58242:[23515.75040:-2444.45144:-2435.79873] 0.0000693693
0043 010675 -6602.14762:[23516.37119:-2444.32234:-2435.65730] 0.0000658518
0044 010851 -6601.73438:[23516.95987:-2444.19947:-2435.52249] 0.0000625927
0045 011030 -6601.34111:[23517.51875:-2444.08242:-2435.39381] 0.0000595703
0046 011210 -6600.96638:[23518.04994:-2443.97079:-2435.27076] 0.0000567651
0047 011388 -6600.60889:[23518.55537:-2443.86425:-2435.15293] 0.0000541583
0048 011570 -6600.26743:[23519.03680:-2443.76246:-2435.03994] 0.0000517317
0049 011751 -6599.94092:[23519.49582:-2443.66512:-2434.93144] 0.0000494678
0050 011931 -6599.62842:[23519.93387:-2443.57197:-2434.82714] 0.0000473496
0051 012075 -6599.32905:[23520.35226:-2443.48276:-2434.72680] 0.0000453611
0052 012191 -6599.04206:[23520.75217:-2443.39727:-2434.63021] 0.0000434877
0053 012313 -6598.76676:[23521.13468:-2443.31527:-2434.53718] 0.0000417189
0054 012485 -6598.50250:[23521.50080:-2443.23659:-2434.44753] 0.0000400471
0055 012587 -6598.24868:[23521.85147:-2443.16104:-2434.36109] 0.0000384667
0056 012687 -6598.00472:[23522.18758:-2443.08847:-2434.27768] 0.0000369726
0057 012787 -6597.77009:[23522.50995:-2443.01870:-2434.19715] 0.0000355606
0058 012904 -6597.54427:[23522.81935:-2442.95160:-2434.11932] 0.0000342270
0059 013014 -6597.32676:[23523.11652:-2442.88702:-2434.04404] 0.0000329679
0060 013114 -6597.11711:[23523.40212:-2442.82482:-2433.97115] 0.0000317790
0061 013241 -6596.91487:[23523.67681:-2442.76488:-2433.90052] 0.0000306562
0062 013418 -6596.71963:[23523.94117:-2442.70708:-2433.83200] 0.0000295950
0063 013679 -6596.53102:[23524.19575:-2442.65131:-2433.76548] 0.0000285909
0064 014021 -6596.34870:[23524.44106:-2442.59746:-2433.70087] 0.0000276387
0065 014356 -6596.17236:[23524.67755:-2442.54545:-2433.63807] 0.0000267330
0066 014696 -6596.00173:[23524.90566:-2442.49517:-2433.57702] 0.0000258685
0067 015037 -6595.83656:[23525.12578:-2442.44656:-2433.51765] 0.0000250413
0068 015378 -6595.67662:[23525.33827:-2442.39954:-2433.45991] 0.0000242484
0069 015709 -6595.52170:[23525.54347:-2442.35404:-2433.40376] 0.0000234878
0070 016014 -6595.37160:[23525.74172:-2442.30999:-2433.34913] 0.0000227583
0071 016314 -6595.22612:[23525.93333:-2442.26733:-2433.29597] 0.0000220579
0072 016608 -6595.08508:[23526.11857:-2442.22601:-2433.24426] 0.0000213846
0073 016905 -6594.94832:[23526.29773:-2442.18596:-2433.19393] 0.0000207368
0074 017191 -6594.81567:[23526.47107:-2442.14713:-2433.14495] 0.0000201138
0075 017464 -6594.68697:[23526.63883:-2442.10949:-2433.09728] 0.0000195155
0076 017735 -6594.56205:[23526.80127:-2442.07297:-2433.05085] 0.0000189422
0077 018000 -6594.44075:[23526.95863:-2442.03753:-2433.00562] 0.0000183937
0078 018267 -6594.32292:[23527.11114:-2442.00313:-2432.96153] 0.0000178690
0079 018534 -6594.20840:[23527.25899:-2441.96972:-2432.91854] 0.0000173660
0080 018803 -6594.09707:[23527.40239:-2441.93726:-2432.87661] 0.0000168833
0081 019066 -6593.98879:[23527.54152:-2441.90572:-2432.83569] 0.0000164200
0082 019301 -6593.88345:[23527.67656:-2441.87505:-2432.79575] 0.0000159754
0083 019517 -6593.78093:[23527.80767:-2441.84523:-2432.75675] 0.0000155484
0084 019730 -6593.68111:[23527.93503:-2441.81622:-2432.71866] 0.0000151380
0085 019930 -6593.58389:[23528.05877:-2441.78799:-2432.68144] 0.0000147442
0086 020131 -6593.48916:[23528.17906:-2441.76051:-2432.64505] 0.0000143668
0087 020329 -6593.39682:[23528.29604:-2441.73376:-2432.60945] 0.0000140058
0088 020523 -6593.30675:[23528.40985:-2441.70769:-2432.57461] 0.0000136601
0089 020724 -6593.21888:[23528.52060:-2441.68230:-2432.54049] 0.0000133279
0090 020922 -6593.13312:[23528.62841:-2441.65754:-2432.50707] 0.0000130067
0091 021123 -6593.04942:[23528.73337:-2441.63340:-2432.47435] 0.0000126944
0092 021308 -6592.96773:[23528.83557:-2441.60985:-2432.44232] 0.0000123905
0093 021497 -6592.88799:[23528.93509:-2441.58688:-2432.41097] 0.0000120952
0094 021689 -6592.81014:[23529.03205:-2441.56447:-2432.38027] 0.0000118086
0095 021881 -6592.73411:[23529.12652:-2441.54261:-2432.35021] 0.0000115313
0096 022072 -6592.65985:[23529.21861:-2441.52127:-2432.32077] 0.0000112643
0097 022264 -6592.58728:[23529.30840:-2441.50043:-2432.29191] 0.0000110078
0098 022451 -6592.51633:[23529.39599:-2441.48008:-2432.26361] 0.0000107614
0099 022638 -6592.44695:[23529.48145:-2441.46020:-2432.23585] 0.0000105240
0100 022829 -6592.37909:[23529.56486:-2441.44077:-2432.20861] 0.0000102947
0101 023051 -6592.31268:[23529.64628:-2441.42178:-2432.18188] 0.0000100731
0102 023231 -6592.24769:[23529.72579:-2441.40321:-2432.15563] 0.0000098591
Start evaluating ...
  Columns 1 through 7

    0.0789    0.0954    0.1018    0.1065    0.1090    0.1103    0.1116

  Columns 8 through 10

    0.1126    0.1133    0.1139

    0.0149

Elapsed time is 23327.228716 seconds.
