nohup: ignoring input

                            < M A T L A B (R) >
                  Copyright 1984-2016 The MathWorks, Inc.
                   R2016a (9.0.0.341360) 64-bit (glnxa64)
                             February 11, 2016

 
To get started, type one of these: helpwin, helpdesk, or demo.
For product information, visit www.mathworks.com.
 

	Academic License

Start learning ...
Init data [Dtype: delicious - Dspec: sp3/2550]
Init social model
Using adagrad ...
Load pretrained shallow-model...
Params [lbd-U: 10.0000|lbd-V: 0.1000|lbd-N: 10.0000|lbd-Q: 0.0500]
Staring Sample 3 - Loc: save/bcdl/delicious-alg61-sp3-cold20170226125817710 
CTR(chongwang)-DAE(User graph) Running - Walks(1)...
-1/200: 4374501.380138/16691.569601/4357809.810537/1.000000000
-2/200: 4358952.737105/7191.264855/4351761.472250/0.003554381
-3/200: 4358471.900931/6589.540433/4351882.360498/0.000110310
-4/200: 4358425.370813/6520.177984/4351905.192829/0.000010676
-5/200: 4358287.837618/6493.232788/4351794.604830/0.000031556
-6/200: 4358279.094987/6477.288116/4351801.806871/0.000002006
-7/200: 4358493.009450/6466.389266/4352026.620184/0.000049082
-8/200: 4358533.058941/6458.557841/4352074.501100/0.000009189
-9/200: 4358493.774913/6452.824050/4352040.950863/0.000009013
-10/200: 4358526.659556/6448.546963/4352078.112593/0.000007545
-11/200: 4358452.424342/6445.354290/4352007.070052/0.000017032
-12/200: 4358388.257770/6443.004675/4351945.253095/0.000014722
-13/200: 4358509.364564/6441.283085/4352068.081479/0.000027787
-14/200: 4358570.076568/6440.055644/4352130.020924/0.000013930
-15/200: 4358483.358374/6439.240394/4352044.117980/0.000019896
-16/200: 4358491.801599/6438.719116/4352053.082483/0.000001937
-17/200: 4358574.031764/6438.443156/4352135.588608/0.000018867
-18/200: 4358717.352350/6438.362437/4352278.989913/0.000032882
-19/200: 4358623.197406/6438.468773/4352184.728633/0.000021602
-20/200: 4358661.779548/6438.701255/4352223.078293/0.000008852
-21/200: 4358540.434752/6439.068258/4352101.366494/0.000027840
-22/200: 4358692.984848/6439.524431/4352253.460417/0.000035000
-23/200: 4358746.301922/6440.065434/4352306.236488/0.000012232
-24/200: 4358814.160752/6440.671833/4352373.488919/0.000015568
-25/200: 4358704.809624/6441.345588/4352263.464036/0.000025087
-26/200: 4358720.482359/6442.074064/4352278.408295/0.000003596
-27/200: 4358672.658912/6442.830611/4352229.828301/0.000010972
-28/200: 4358883.300720/6443.608483/4352439.692237/0.000048327
-29/200: 4358862.774934/6444.417108/4352418.357826/0.000004709
-30/200: 4358802.252844/6445.259147/4352356.993697/0.000013885
-31/200: 4358801.753968/6446.101628/4352355.652340/0.000000114
-32/200: 4358884.547543/6446.969075/4352437.578468/0.000018995
-33/200: 4358646.343797/6447.844374/4352198.499423/0.000054648
-34/200: 4358886.385577/6448.731301/4352437.654276/0.000055073
-35/200: 4358701.110206/6449.617479/4352251.492727/0.000042505
-36/200: 4358854.370029/6450.513618/4352403.856411/0.000035162
-37/200: 4358875.333060/6451.409541/4352423.923519/0.000004809
-38/200: 4358828.681690/6452.304836/4352376.376854/0.000010703
-39/200: 4358896.448908/6453.202765/4352443.246143/0.000015547
-40/200: 4358864.804919/6454.097772/4352410.707147/0.000007260
-41/200: 4359002.445942/6454.995129/4352547.450813/0.000031577
-42/200: 4359021.981935/6455.886764/4352566.095171/0.000004482
-43/200: 4358992.423902/6456.770527/4352535.653375/0.000006781
-44/200: 4359012.840323/6457.637991/4352555.202332/0.000004684
-45/200: 4358993.071996/6458.505713/4352534.566283/0.000004535
-46/200: 4358990.546984/6459.374293/4352531.172691/0.000000579
-47/200: 4359063.386290/6460.229832/4352603.156458/0.000016710
-48/200: 4359057.228513/6461.078625/4352596.149888/0.000001413
-49/200: 4358949.083143/6461.926408/4352487.156735/0.000024809
-50/200: 4358999.173063/6462.762502/4352536.410561/0.000011491
-51/200: 4359002.863790/6463.584764/4352539.279026/0.000000847
-52/200: 4359152.234032/6464.398987/4352687.835045/0.000034267
-53/200: 4359003.448226/6465.212459/4352538.235767/0.000034132
-54/200: 4359075.425303/6466.021349/4352609.403954/0.000016512
-55/200: 4359067.176943/6466.815010/4352600.361933/0.000001892
-56/200: 4359068.418716/6467.600453/4352600.818263/0.000000285
-57/200: 4359109.565360/6468.391219/4352641.174141/0.000009439
-58/200: 4359163.650981/6469.173700/4352694.477281/0.000012407
-59/200: 4359134.571701/6469.946454/4352664.625247/0.000006671
-60/200: 4359148.095515/6470.701792/4352677.393723/0.000003102
-61/200: 4359069.355758/6471.449053/4352597.906705/0.000018063
-62/200: 4359210.953105/6472.193691/4352738.759414/0.000032483
-63/200: 4359143.108701/6472.930040/4352670.178661/0.000015563
-64/200: 4359288.643105/6473.655719/4352814.987386/0.000033386
-65/200: 4359293.884179/6474.381317/4352819.502862/0.000001202
-66/200: 4359278.506511/6475.101529/4352803.404982/0.000003528
-67/200: 4359180.086453/6475.809405/4352704.277048/0.000022577
-68/200: 4359192.406737/6476.506073/4352715.900664/0.000002826
-69/200: 4359217.099927/6477.196173/4352739.903754/0.000005665
-70/200: 4359211.029441/6477.876367/4352733.153074/0.000001393
-71/200: 4359308.343939/6478.553399/4352829.790540/0.000022324
-72/200: 4359259.553150/6479.216069/4352780.337081/0.000011192
-73/200: 4359364.370797/6479.877633/4352884.493164/0.000024045
-74/200: 4359320.422011/6480.532680/4352839.889331/0.000010081
-75/200: 4359286.639320/6481.178464/4352805.460856/0.000007750
-76/200: 4359386.064300/6481.815677/4352904.248623/0.000022808
-77/200: 4359406.526681/6482.449271/4352924.077410/0.000004694
-78/200: 4359404.773695/6483.065238/4352921.708457/0.000000402
-79/200: 4359301.938938/6483.679555/4352818.259383/0.000023589
-80/200: 4359319.682830/6484.283782/4352835.399048/0.000004070
-81/200: 4359377.320797/6484.882602/4352892.438195/0.000013222
-82/200: 4359449.391269/6485.474561/4352963.916708/0.000016532
-83/200: 4359384.935239/6486.059603/4352898.875636/0.000014785
-84/200: 4359368.351554/6486.632431/4352881.719123/0.000003804
-85/200: 4359439.592228/6487.204814/4352952.387414/0.000016342
-86/200: 4359443.823417/6487.763686/4352956.059731/0.000000971
-87/200: 4359455.833667/6488.320331/4352967.513336/0.000002755
-88/200: 4359496.208191/6488.872261/4353007.335930/0.000009261
-89/200: 4359460.423339/6489.413726/4352971.009613/0.000008208
-90/200: 4359496.616474/6489.948592/4353006.667882/0.000008302
-91/200: 4359487.798298/6490.472630/4352997.325668/0.000002023
-92/200: 4359530.062120/6490.992208/4353039.069912/0.000009695
-93/200: 4359508.055887/6491.503721/4353016.552166/0.000005048
-94/200: 4359578.413605/6492.011192/4353086.402413/0.000016139
-95/200: 4359551.605797/6492.511455/4353059.094342/0.000006149
-96/200: 4359511.937021/6493.009351/4353018.927670/0.000009099
-97/200: 4359560.631325/6493.500389/4353067.130936/0.000011170
-98/200: 4359591.597745/6493.982743/4353097.615002/0.000007103
-99/200: 4359606.892506/6494.462591/4353112.429915/0.000003508
Recall at EP-100 ...
  Columns 1 through 7

    0.0842    0.1054    0.1219    0.1395    0.1561    0.1705    0.1817

  Columns 8 through 10

    0.1906    0.1974    0.2037

Mrr at EP-100 ...
    0.0177

-100/200: 4359572.863339/6494.936330/4353077.927009/0.000007806
-101/200: 4359555.978481/6494.936330/4353061.042151/0.000003873
-102/200: 4359593.912395/6494.936330/4353098.976065/0.000008701
-103/200: 4359658.136977/6494.936330/4353163.200647/0.000014732
/bin/bash: fork: retry: No child processes
/bin/bash: fork: retry: No child processes
/bin/bash: fork: retry: No child processes
/bin/bash: fork: retry: No child processes
/bin/bash: fork: Resource temporarily unavailable
-export LD_LIBRARY_PATH=../gsldump/lib && ctr-part-bcdl/ctr --theta_opt --mult data/delicious/ctr-data/mult.dat --theta_init save/bcdl/delicious-alg61-sp3-cold20170226125817710/final-theta.dat --beta_init save/bcdl/delicious-alg61-sp3-cold20170226125817710/final-beta.dat --directory save/bcdl/delicious-alg61-sp3-cold20170226125817710 --user data/delicious/coldstart/ctr-data/sp3/2550/train-users.dat --item data/delicious/coldstart/ctr-data/sp3/2550/train-items.dat --max_iter 1 --num_factors 200 --lambda_v 0.100000 --lambda_u 10.000000 --save_lag 100 --random_seed 123 --delta_init save/bcdl/delicious-alg61-sp3-cold20170226125817710/final-delta.dat >> save/bcdl/delicious-alg61-sp3-cold20170226125817710/ctr-log: Signal 126
104/200: 4359593.057121/6494.936330/4353098.120791/0.000014928
-105/200: 4359645.032842/6494.936330/4353150.096512/0.000011922
-106/200: 4359602.129557/6494.936330/4353107.193227/0.000009841
-107/200: 4359637.731241/6494.936330/4353142.794911/0.000008166
-108/200: 4359687.382668/6498.882176/4353188.500492/0.000011389
-109/200: 4359654.373623/6499.286367/4353155.087256/0.000007571
-110/200: 4359644.540939/6499.687209/4353144.853730/0.000002255
-111/200: 4359725.162468/6500.090169/4353225.072299/0.000018493
-112/200: 4359719.670952/6500.490674/4353219.180278/0.000001260
-113/200: 4359699.213750/6500.884750/4353198.329000/0.000004692
-114/200: 4359683.032814/6501.273689/4353181.759125/0.000003711
-115/200: 4359720.354978/6501.659830/4353218.695148/0.000008561
-116/200: 4359710.386688/6502.038583/4353208.348105/0.000002286
-117/200: 4359764.413098/6502.414741/4353261.998357/0.000012392
-118/200: 4359755.215894/6502.789089/4353252.426805/0.000002110
-119/200: 4359795.328598/6503.156925/4353292.171673/0.000009201
-120/200: 4359774.466895/6503.514466/4353270.952429/0.000004785
-121/200: 4359814.848203/6503.870577/4353310.977626/0.000009262
-122/200: 4359824.549087/6504.222240/4353320.326847/0.000002225
-123/200: 4359799.357180/6504.571459/4353294.785721/0.000005778
-124/200: 4359816.015939/6504.914758/4353311.101181/0.000003821
-125/200: 4359827.623994/6505.252890/4353322.371104/0.000002663
-126/200: 4359829.803039/6505.591582/4353324.211457/0.000000500
-127/200: 4359829.661957/6505.926461/4353323.735496/0.000000032
Start evaluating ...
  Columns 1 through 7

    0.0834    0.1047    0.1211    0.1388    0.1559    0.1698    0.1811

  Columns 8 through 10

    0.1898    0.1966    0.2025

    0.0175

Elapsed time is 19058.756983 seconds.
