nohup: ignoring input

                            < M A T L A B (R) >
                  Copyright 1984-2016 The MathWorks, Inc.
                   R2016a (9.0.0.341360) 64-bit (glnxa64)
                             February 11, 2016

 
To get started, type one of these: helpwin, helpdesk, or demo.
For product information, visit www.mathworks.com.
 

	Academic License

Start learning ...
Init data [Dtype: delicious - Dspec: sp3/5050]
Init social model
Using adagrad ...
Load pretrained shallow-model...
Could not use CUDA
Params [lbd-U: 1.0000|lbd-V: 0.0100|lbd-N: 1.0000|lbd-Q: 0.0100]
Staring Sample 3 - Loc: save/bcdl/delicious-alg61-sp3-cold20170227105048737 
CTR(chongwang)-DAE(User graph) Running - Walks(1)...
-1/200: 448541.472072/12760.491018/435780.981054/1.000000000
-2/200: 440164.781693/5121.762101/435043.019592/0.018675398
-3/200: 439542.754998/4376.450214/435166.304784/0.001413168
-4/200: 439113.562730/3932.298088/435181.264642/0.000976452
-5/200: 438797.002179/3626.309344/435170.692835/0.000720908
-6/200: 438574.228250/3402.769581/435171.458669/0.000507692
-7/200: 438426.730457/3233.152956/435193.577501/0.000336312
-8/200: 438299.280940/3100.824659/435198.456281/0.000290697
-9/200: 438190.644410/2995.357292/435195.287118/0.000247859
-10/200: 438108.636606/2909.862323/435198.774283/0.000187151
-11/200: 438031.375578/2839.593760/435191.781818/0.000176351
-12/200: 437967.402962/2781.178097/435186.224865/0.000146046
-13/200: 437930.456170/2732.154372/435198.301798/0.000084360
-14/200: 437894.747625/2690.684286/435204.063339/0.000081539
-15/200: 437850.566596/2655.371165/435195.195431/0.000100894
-16/200: 437822.269342/2625.118620/435197.150722/0.000064628
-17/200: 437804.442436/2599.078128/435205.364308/0.000040717
-18/200: 437795.427354/2576.563407/435218.863947/0.000020592
-19/200: 437767.325026/2557.026584/435210.298442/0.000064191
-20/200: 437754.105227/2540.018031/435214.087196/0.000030198
-21/200: 437726.548859/2525.170658/435201.378201/0.000062949
-22/200: 437729.741802/2512.169910/435217.571892/0.000007294
-23/200: 437724.313117/2500.760843/435223.552274/0.000012402
-24/200: 437719.496996/2490.732528/435228.764468/0.000011003
-25/200: 437700.055858/2481.899392/435218.156466/0.000044415
-26/200: 437694.541064/2474.104426/435220.436638/0.000012599
-27/200: 437683.106371/2467.214818/435215.891553/0.000026125
-28/200: 437697.332538/2461.115567/435236.216971/0.000032503
-29/200: 437689.434140/2455.709815/435233.724325/0.000018045
-30/200: 437678.886796/2450.912086/435227.974710/0.000024098
-31/200: 437675.954529/2446.645550/435229.308979/0.000006700
-32/200: 437678.825199/2442.851519/435235.973680/0.000006559
-33/200: 437652.545336/2439.470874/435213.074462/0.000060044
-34/200: 437673.581639/2436.453425/435237.128214/0.000048066
-35/200: 437652.154065/2433.758746/435218.395319/0.000048958
-36/200: 437665.852007/2431.348992/435234.503015/0.000031299
-37/200: 437664.902212/2429.191877/435235.710335/0.000002170
-38/200: 437658.594308/2427.258263/435231.336045/0.000014413
-39/200: 437662.442284/2425.523214/435236.919070/0.000008792
-40/200: 437658.895539/2423.963827/435234.931712/0.000008104
-41/200: 437670.493184/2422.561278/435247.931906/0.000026499
-42/200: 437670.168158/2421.297724/435248.870434/0.000000743
-43/200: 437666.064695/2420.158539/435245.906156/0.000009376
-44/200: 437668.274062/2419.127933/435249.146129/0.000005048
-45/200: 437664.221923/2418.196113/435246.025810/0.000009258
-46/200: 437665.251225/2417.351099/435247.900126/0.000002352
-47/200: 437672.602679/2416.584116/435256.018563/0.000016797
-48/200: 437670.120506/2415.887585/435254.232921/0.000005671
-49/200: 437659.335918/2415.253768/435244.082150/0.000024641
-50/200: 437661.807923/2414.676699/435247.131224/0.000005648
-51/200: 437661.514813/2414.149764/435247.365049/0.000000670
-52/200: 437676.609328/2413.667401/435262.941927/0.000034489
-53/200: 437661.867882/2413.226032/435248.641850/0.000033681
-54/200: 437667.531640/2412.821641/435254.709999/0.000012941
-55/200: 437667.775858/2412.449304/435255.326554/0.000000558
-56/200: 437666.852774/2412.106321/435254.746453/0.000002109
-57/200: 437671.233745/2411.790435/435259.443310/0.000010010
-58/200: 437676.624238/2411.498861/435265.125377/0.000012316
-59/200: 437672.302767/2411.229316/435261.073451/0.000009874
-60/200: 437674.573800/2410.978589/435263.595211/0.000005189
-61/200: 437666.199497/2410.745967/435255.453530/0.000019134
-62/200: 437679.393689/2410.529921/435268.863768/0.000030147
-63/200: 437672.814224/2410.328879/435262.485345/0.000015033
-64/200: 437688.375516/2410.140559/435278.234957/0.000035555
-65/200: 437688.049785/2409.965144/435278.084641/0.000000744
-66/200: 437685.740317/2409.801218/435275.939099/0.000005277
-67/200: 437675.817010/2409.646966/435266.170044/0.000022672
-68/200: 437677.625756/2409.502501/435268.123255/0.000004133
-69/200: 437679.878693/2409.366556/435270.512137/0.000005147
-70/200: 437679.187396/2409.238104/435269.949292/0.000001579
-71/200: 437686.992990/2409.117663/435277.875327/0.000017834
-72/200: 437682.355541/2409.003583/435273.351958/0.000010595
-73/200: 437693.579893/2408.895625/435284.684268/0.000025645
-74/200: 437689.728211/2408.793502/435280.934709/0.000008800
-75/200: 437686.104216/2408.696781/435277.407435/0.000008280
-76/200: 437695.763334/2408.604781/435287.158553/0.000022069
-77/200: 437697.707805/2408.517663/435289.190142/0.000004443
-78/200: 437697.289459/2408.434222/435288.855237/0.000000956
-79/200: 437688.009889/2408.355107/435279.654782/0.000021201
-80/200: 437689.973386/2408.279206/435281.694180/0.000004486
-81/200: 437694.631853/2408.207254/435286.424599/0.000010643
-82/200: 437703.031859/2408.138413/435294.893446/0.000019191
-83/200: 437695.048017/2408.072677/435286.975340/0.000018240
-84/200: 437693.927797/2408.009408/435285.918389/0.000002559
-85/200: 437701.252948/2407.948912/435293.304036/0.000016736
-86/200: 437701.270024/2407.890638/435293.379386/0.000000039
-87/200: 437702.980242/2407.835131/435295.145111/0.000003907
-88/200: 437706.799224/2407.782277/435299.016947/0.000008725
-89/200: 437703.328504/2407.730978/435295.597526/0.000007929
-90/200: 437706.175062/2407.681531/435298.493531/0.000006503
-91/200: 437705.392288/2407.634520/435297.757768/0.000001788
-92/200: 437709.845902/2407.588781/435302.257121/0.000010175
-93/200: 437707.427583/2407.544742/435299.882841/0.000005525
-94/200: 437714.390761/2407.502497/435306.888264/0.000015908
-95/200: 437712.076742/2407.461671/435304.615071/0.000005287
-96/200: 437707.589751/2407.422551/435300.167200/0.000010251
-97/200: 437713.174854/2407.384510/435305.790344/0.000012760
-98/200: 437716.160685/2407.348084/435308.812601/0.000006821
-99/200: 437717.988700/2407.312866/435310.675834/0.000004176
Recall at EP-100 ...
  Columns 1 through 7

    0.1464    0.1913    0.2090    0.2171    0.2251    0.2338    0.2433

  Columns 8 through 10

    0.2548    0.2668    0.2780

Mrr at EP-100 ...
    0.0329

-100/200: 437714.513157/2407.278967/435307.234190/0.000007940
-101/200: 437711.783672/2407.245701/435304.537971/0.000006236
-102/200: 437716.495250/2407.214043/435309.281207/0.000010764
-103/200: 437722.638104/2407.183230/435315.454874/0.000014034
-104/200: 437717.146830/2407.153295/435309.993535/0.000012545
-105/200: 437722.980310/2407.124231/435315.856079/0.000013327
-106/200: 437719.424349/2407.096471/435312.327878/0.000008124
-107/200: 437723.492018/2407.069635/435316.422383/0.000009293
-108/200: 437728.286057/2407.043355/435321.242702/0.000010952
-109/200: 437723.460495/2407.017841/435316.442654/0.000011024
-110/200: 437721.979274/2406.993373/435314.985901/0.000003384
-111/200: 437730.314060/2406.969909/435323.344151/0.000019041
-112/200: 437729.578155/2406.947147/435322.631008/0.000001681
-113/200: 437727.272768/2406.925136/435320.347632/0.000005267
-114/200: 437725.390927/2406.903476/435318.487451/0.000004299
-115/200: 437729.088643/2406.882625/435322.206018/0.000008448
-116/200: 437728.506421/2406.862717/435321.643704/0.000001330
-117/200: 437734.223869/2406.842824/435327.381045/0.000013062
-118/200: 437733.082561/2406.823810/435326.258751/0.000002607
-119/200: 437737.226724/2406.805413/435330.421311/0.000009467
-120/200: 437735.067291/2406.787123/435328.280168/0.000004933
-121/200: 437739.112094/2406.769795/435332.342299/0.000009240
-122/200: 437740.232054/2406.752520/435333.479534/0.000002559
-123/200: 437737.391155/2406.735991/435330.655164/0.000006490
-124/200: 437739.812837/2406.719713/435333.093124/0.000005532
-125/200: 437740.329679/2406.704173/435333.625506/0.000001181
-126/200: 437740.159665/2406.689050/435333.470615/0.000000388
-127/200: 437740.820981/2406.674661/435334.146320/0.000001511
-128/200: 437741.520781/2406.660500/435334.860281/0.000001599
-129/200: 437741.993858/2406.646172/435335.347686/0.000001081
-130/200: 437747.940371/2406.632788/435341.307583/0.000013585
-131/200: 437742.687455/2406.619590/435336.067865/0.000012000
-132/200: 437748.015029/2406.606745/435341.408284/0.000012171
-133/200: 437749.738149/2406.594596/435343.143553/0.000003936
-134/200: 437753.662163/2406.582204/435347.079959/0.000008964
-135/200: 437746.228673/2406.570433/435339.658240/0.000016981
-136/200: 437748.791556/2406.558836/435342.232720/0.000005855
-137/200: 437754.822311/2406.547605/435348.274706/0.000013777
-138/200: 437753.096538/2406.536610/435346.559928/0.000003942
-139/200: 437752.404636/2406.525727/435345.878909/0.000001581
-140/200: 437755.700613/2406.515488/435349.185125/0.000007529
-141/200: 437757.319184/2406.505812/435350.813372/0.000003697
-142/200: 437754.560888/2406.495845/435348.065043/0.000006301
-143/200: 437758.094959/2406.486207/435351.608752/0.000008073
-144/200: 437759.920073/2406.476953/435353.443120/0.000004169
-145/200: 437761.834008/2406.467774/435355.366234/0.000004372
-146/200: 437760.836725/2406.458832/435354.377893/0.000002278
-147/200: 437762.519364/2406.450083/435356.069281/0.000003844
-148/200: 437759.011403/2406.441554/435352.569849/0.000008013
-149/200: 437762.850224/2406.433198/435356.417026/0.000008769
-150/200: 437764.492197/2406.425197/435358.067000/0.000003751
-151/200: 437764.837164/2406.417477/435358.419687/0.000000788
-152/200: 437765.829475/2406.409726/435359.419749/0.000002267
-153/200: 437766.252212/2406.402112/435359.850100/0.000000966
-154/200: 437767.659281/2406.394932/435361.264349/0.000003214
-155/200: 437767.450230/2406.387823/435361.062407/0.000000478
-156/200: 437768.833026/2406.380813/435362.452213/0.000003159
-157/200: 437773.058309/2406.374107/435366.684202/0.000009652
-158/200: 437772.262339/2406.367431/435365.894908/0.000001818
-159/200: 437773.854346/2406.361086/435367.493260/0.000003637
-160/200: 437774.633956/2406.354593/435368.279363/0.000001781
-161/200: 437771.302032/2406.348634/435364.953398/0.000007611
-162/200: 437773.844263/2406.342257/435367.502006/0.000005807
-163/200: 437778.803791/2406.336392/435372.467399/0.000011329
-164/200: 437774.751706/2406.330743/435368.420963/0.000009256
-165/200: 437779.967426/2406.325342/435373.642084/0.000011914
-166/200: 437778.492036/2406.319873/435372.172163/0.000003370
-167/200: 437778.671184/2406.314395/435372.356789/0.000000409
-168/200: 437781.163774/2406.309134/435374.854640/0.000005694
-169/200: 437780.750178/2406.303938/435374.446240/0.000000945
-170/200: 437782.362698/2406.298920/435376.063778/0.000003683
-171/200: 437783.081638/2406.293987/435376.787651/0.000001642
-172/200: 437785.960440/2406.288998/435379.671442/0.000006576
-173/200: 437782.691862/2406.284547/435376.407315/0.000007466
-174/200: 437790.067937/2406.279821/435383.788116/0.000016849
-175/200: 437785.208539/2406.275292/435378.933247/0.000011100
-176/200: 437789.789117/2406.271060/435383.518057/0.000010463
-177/200: 437791.614763/2406.266804/435385.347959/0.000004170
-178/200: 437790.093600/2406.262423/435383.831177/0.000003475
-179/200: 437791.285266/2406.258472/435385.026794/0.000002722
-180/200: 437789.343700/2406.254259/435383.089441/0.000004435
-181/200: 437794.309649/2406.250504/435388.059145/0.000011343
-182/200: 437793.580112/2406.246492/435387.333620/0.000001666
-183/200: 437796.013925/2406.242689/435389.771236/0.000005559
-184/200: 437797.174092/2406.239225/435390.934867/0.000002650
-185/200: 437798.985727/2406.235726/435392.750001/0.000004138
-186/200: 437797.367798/2406.232207/435391.135591/0.000003696
-187/200: 437798.251777/2406.228624/435392.023153/0.000002019
-188/200: 437800.707581/2406.225233/435394.482348/0.000005609
-189/200: 437801.941970/2406.221849/435395.720121/0.000002820
-190/200: 437802.012675/2406.218716/435395.793959/0.000000161
-191/200: 437803.666933/2406.215790/435397.451143/0.000003779
-192/200: 437805.494930/2406.212702/435399.282228/0.000004175
-193/200: 437804.649951/2406.209583/435398.440368/0.000001930
-194/200: 437804.311588/2406.206754/435398.104834/0.000000773
-195/200: 437807.420596/2406.204206/435401.216390/0.000007101
-196/200: 437805.624409/2406.200998/435399.423411/0.000004103
-197/200: 437806.584576/2406.198060/435400.386516/0.000002193
-198/200: 437805.306837/2406.194964/435399.111873/0.000002919
-199/200: 437810.902106/2406.192401/435404.709705/0.000012780
-200/200: 437808.380150/2406.181749/435402.198401/0.000005760
Start evaluating ...
  Columns 1 through 7

    0.1460    0.1920    0.2096    0.2181    0.2255    0.2356    0.2485

  Columns 8 through 10

    0.2604    0.2727    0.2838

    0.0333

Elapsed time is 58847.209235 seconds.
