nohup: ignoring input

                            < M A T L A B (R) >
                  Copyright 1984-2016 The MathWorks, Inc.
                   R2016a (9.0.0.341360) 64-bit (glnxa64)
                             February 11, 2016

 
To get started, type one of these: helpwin, helpdesk, or demo.
For product information, visit www.mathworks.com.
 

	Academic License

Start learning ...
Init data [Dtype: delicious - Dspec: sp3/0550]
Init social model
Using adagrad ...
Params [lbd-U: 0.0100|lbd-V: 1.0000|lbd-N: 0.0100|lbd-Q: 0.1000]
Staring Sample 3 - Loc: save/ctr/delicious-alg80-sp3-cold20170225114344219 
CTR(chongwang) Running ...

iter time likelihood:[r:u:v] converge
0001 000062 -2466.00000:[0.00000:0.00000:0.00000] 1.0000000000
0002 000149 -497.83425:[4478.37066:-254.34493:-75.17585] 0.7981207419
0003 000236 -452.77212:[4463.03774:-204.36819:-82.43013] 0.0905163400
0004 000324 -433.69062:[4449.12609:-182.32069:-86.60171] 0.0421437113
0005 000412 -421.20250:[4436.36562:-166.91603:-90.57964] 0.0287950041
0006 000500 -412.90105:[4425.19079:-155.49558:-94.34587] 0.0197089288
0007 000577 -407.13945:[4415.74095:-146.77090:-97.53939] 0.0139539397
0008 000653 -402.96935:[4407.88535:-140.06459:-100.12238] 0.0102424449
0009 000731 -399.87944:[4401.39614:-134.89002:-102.19442] 0.0076678482
0010 000807 -397.56034:[4396.05022:-130.87379:-103.86376] 0.0057994898
0011 000885 -395.80812:[4391.65288:-127.73848:-105.21882] 0.0044074346
0012 000962 -394.48122:[4388.03985:-125.27992:-106.32733] 0.0033523905
0013 001040 -393.47788:[4385.07408:-123.34652:-107.24068] 0.0025434379
0014 001117 -392.72346:[4382.64138:-121.82412:-107.99846] 0.0019172972
0015 001194 -392.16243:[4380.64672:-120.62554:-108.63169] 0.0014285852
0016 001270 -391.75289:[4379.01115:-119.68344:-109.16495] 0.0010442984
0017 001346 -391.46292:[4377.66930:-118.94528:-109.61788] 0.0007401940
0018 001426 -391.26786:[4376.56719:-118.36977:-110.00622] 0.0004982824
0019 001499 -391.14850:[4375.66044:-117.92425:-110.34260] 0.0003050641
0020 001577 -391.08971:[4374.91263:-117.58273:-110.63715] 0.0001503027
0021 001649 -391.07947:[4374.29401:-117.32448:-110.89800] 0.0000261694
0022 001723 -391.10816:[4373.78027:-117.13290:-111.13165] 0.0000733666
0023 001798 -391.16799:[4373.35168:-116.99462:-111.34326] 0.0001529745
0024 001874 -391.25259:[4372.99226:-116.89892:-111.53691] 0.0002162752
0025 001951 -391.35670:[4372.68907:-116.83712:-111.71577] 0.0002660864
0026 002023 -391.47592:[4372.43173:-116.80224:-111.88230] 0.0003046405
0027 002096 -391.60658:[4372.21188:-116.78860:-112.03835] 0.0003337592
0028 002167 -391.74559:[4372.02280:-116.79162:-112.18537] 0.0003549623
0029 002245 -391.89034:[4371.85910:-116.80759:-112.32444] 0.0003695150
0030 002318 -392.03865:[4371.71645:-116.83350:-112.45635] 0.0003784480
0031 002391 -392.18864:[4371.59139:-116.86690:-112.58169] 0.0003825847
0032 002467 -392.33869:[4371.48120:-116.90580:-112.70084] 0.0003825850
0033 002541 -392.48738:[4371.38372:-116.94861:-112.81405] 0.0003789954
0034 002609 -392.63351:[4371.29724:-116.99401:-112.92143] 0.0003723041
0035 002676 -392.77603:[4371.22041:-117.04095:-113.02308] 0.0003629862
0036 002747 -392.91409:[4371.15210:-117.08859:-113.11903] 0.0003515174
0037 002818 -393.04704:[4371.09137:-117.13622:-113.20937] 0.0003383561
0038 002885 -393.17435:[4371.03743:-117.18331:-113.29419] 0.0003239179
0039 002955 -393.29567:[4370.98959:-117.22943:-113.37358] 0.0003085531
0040 003025 -393.41072:[4370.94727:-117.27424:-113.44766] 0.0002925225
0041 003091 -393.51930:[4370.91000:-117.31748:-113.51653] 0.0002759980
0042 003159 -393.62126:[4370.87739:-117.35898:-113.58027] 0.0002591093
0043 003226 -393.71651:[4370.84912:-117.39858:-113.63896] 0.0002419884
0044 003294 -393.80500:[4370.82492:-117.43620:-113.69270] 0.0002247561
0045 003361 -393.88671:[4370.80457:-117.47177:-113.74155] 0.0002074803
0046 003429 -393.96162:[4370.78789:-117.50525:-113.78557] 0.0001901897
0047 003498 -394.02976:[4370.77475:-117.53665:-113.82483] 0.0001729400
0048 003570 -394.09117:[4370.76499:-117.56595:-113.85941] 0.0001558559
0049 003638 -394.14599:[4370.75843:-117.59319:-113.88943] 0.0001391085
0050 003704 -394.19442:[4370.75486:-117.61838:-113.91509] 0.0001228629
0051 003769 -394.23669:[4370.75406:-117.64158:-113.93658] 0.0001072412
0052 003835 -394.27308:[4370.75579:-117.66284:-113.95412] 0.0000923097
0053 003902 -394.30387:[4370.75987:-117.68223:-113.96793] 0.0000780925
0054 003971 -394.32934:[4370.76608:-117.69982:-113.97824] 0.0000646048
0055 004036 -394.34980:[4370.77423:-117.71568:-113.98525] 0.0000518755
0056 004104 -394.36556:[4370.78412:-117.72989:-113.98921] 0.0000399502
0057 004172 -394.37695:[4370.79554:-117.74254:-113.99037] 0.0000288820
0058 004239 -394.38433:[4370.80826:-117.75371:-113.98900] 0.0000187145
0059 004308 -394.38806:[4370.82207:-117.76348:-113.98535] 0.0000094564
Start evaluating ...
  Columns 1 through 7

    0.0008    0.0011    0.0015    0.0024    0.0033    0.0038    0.0047

  Columns 8 through 10

    0.0059    0.0064    0.0070

   5.5399e-04

Elapsed time is 4407.574430 seconds.
