nohup: ignoring input

                            < M A T L A B (R) >
                  Copyright 1984-2016 The MathWorks, Inc.
                   R2016a (9.0.0.341360) 64-bit (glnxa64)
                             February 11, 2016

 
To get started, type one of these: helpwin, helpdesk, or demo.
For product information, visit www.mathworks.com.
 

	Academic License

Start learning ...
Init data [Dtype: delicious - Dspec: sp3/1050]
Init social model
Using adagrad ...
Could not use CUDA
Params [lbd-U: 100.0000|lbd-V: 100.0000|lbd-N: 100.0000|lbd-Q: 0.1000]
Staring Sample 3 - Loc: save/ctrsmf/delicious-alg90-sp3-cold20170225114458983 
CTR-SMF Running ...

iter time likelihood converge
0001 000139 -10241317.05218 1.0000000000
0002 000277 -9970783.04830 0.0264159387
0003 000417 -9754822.10766 0.0216593762
0004 000538 -9689822.62131 0.0066633185
0005 000656 -9657917.98136 0.0032925928
0006 000779 -9633869.52961 0.0024900244
0007 000905 -9617268.38879 0.0017232059
0008 001019 -9606428.27890 0.0011271506
0009 001139 -9598623.96849 0.0008124050
0010 001257 -9592504.91429 0.0006374929
0011 001374 -9587395.72245 0.0005326233
0012 001492 -9582989.15474 0.0004596209
0013 001610 -9579126.18705 0.0004031068
0014 001729 -9575705.92205 0.0003570540
0015 001846 -9572655.65924 0.0003185418
0016 001957 -9569919.33698 0.0002858478
0017 002070 -9567451.92583 0.0002578299
0018 002192 -9565216.28584 0.0002336714
0019 002305 -9563181.10369 0.0002127691
0020 002424 -9561319.69033 0.0001946437
0021 002538 -9559609.37755 0.0001788783
0022 002648 -9558030.97811 0.0001651113
0023 002762 -9556568.13439 0.0001530486
0024 002869 -9555206.64137 0.0001424667
0025 002979 -9553933.91716 0.0001331969
0026 003090 -9552738.83737 0.0001250877
0027 003196 -9551611.87569 0.0001179726
0028 003302 -9550545.12008 0.0001116833
0029 003408 -9549532.30977 0.0001060474
0030 003517 -9548568.55956 0.0001009212
0031 003623 -9547650.04207 0.0000961943
0032 003728 -9546773.75149 0.0000917808
0033 003830 -9545937.19378 0.0000876273
0034 003934 -9545138.22566 0.0000836972
0035 004042 -9544375.07969 0.0000799513
0036 004146 -9543646.42785 0.0000763436
0037 004254 -9542951.37836 0.0000728285
0038 004360 -9542289.38948 0.0000693694
0039 004460 -9541660.11562 0.0000659458
0040 004555 -9541063.23651 0.0000625551
0041 004659 -9540498.27860 0.0000592133
0042 004750 -9539964.38262 0.0000559610
0043 004846 -9539460.13895 0.0000528559
0044 004945 -9538983.65437 0.0000499488
0045 005047 -9538532.78442 0.0000472660
0046 005144 -9538105.40307 0.0000448058
0047 005244 -9537699.63315 0.0000425420
0048 005341 -9537313.99893 0.0000404326
0049 005437 -9536947.47648 0.0000384304
0050 005540 -9536599.41413 0.0000364962
0051 005639 -9536269.34635 0.0000346106
0052 005730 -9535956.85467 0.0000327688
0053 005812 -9535661.56453 0.0000309660
0054 005889 -9535383.15880 0.0000291963
0055 005974 -9535121.31586 0.0000274601
0056 006056 -9534875.66687 0.0000257625
0057 006130 -9534645.86758 0.0000241009
0058 006217 -9534431.70246 0.0000224618
0059 006303 -9534233.08980 0.0000208311
0060 006351 -9534049.97200 0.0000192063
0061 006399 -9533882.14183 0.0000176032
0062 006447 -9533729.15308 0.0000160468
0063 006496 -9533590.35040 0.0000145591
0064 006544 -9533464.86416 0.0000131625
0065 006592 -9533351.61777 0.0000118788
0066 006640 -9533249.43251 0.0000107187
0067 006689 -9533157.16674 0.0000096783
Start evaluating ...
  Columns 1 through 7

    0.0030    0.0071    0.0103    0.0128    0.0150    0.0173    0.0188

  Columns 8 through 10

    0.0206    0.0222    0.0238

   9.4435e-04

Elapsed time is 6763.260358 seconds.
