nohup: ignoring input

                            < M A T L A B (R) >
                  Copyright 1984-2016 The MathWorks, Inc.
                   R2016a (9.0.0.341360) 64-bit (glnxa64)
                             February 11, 2016

 
To get started, type one of these: helpwin, helpdesk, or demo.
For product information, visit www.mathworks.com.
 

	Academic License

Start learning ...
Init data [Dtype: delicious - Dspec: sp3/0550]
Init social model
Using adagrad ...
Params [lbd-U: 100.0000|lbd-V: 0.0100|lbd-N: 100.0000|lbd-Q: 0.1000]
Staring Sample 3 - Loc: save/ctrsmf/delicious-alg90-sp3-cold20170225114400007 
CTR-SMF Running ...

iter time likelihood converge
0001 000101 -5799926.43467 1.0000000000
0002 000211 -5640588.98673 0.0274723222
0003 000321 -5517386.04630 0.0218422120
0004 000430 -5479655.82111 0.0068384240
0005 000530 -5459593.54618 0.0036612290
0006 000622 -5443659.14099 0.0029186065
0007 000713 -5432736.43562 0.0020065006
0008 000805 -5425908.94904 0.0012567307
0009 000900 -5421212.15676 0.0008656231
0010 000992 -5417641.78684 0.0006585925
0011 001080 -5414713.32853 0.0005405411
0012 001171 -5412215.72072 0.0004612632
0013 001261 -5410044.91934 0.0004010929
0014 001351 -5408136.12952 0.0003528233
0015 001443 -5406443.98954 0.0003128878
0016 001534 -5404934.41264 0.0002792181
0017 001623 -5403580.33773 0.0002505257
0018 001710 -5402359.47821 0.0002259353
0019 001800 -5401253.12974 0.0002047899
0020 001893 -5400245.51132 0.0001865527
0021 001981 -5399323.33187 0.0001707662
0022 002072 -5398475.40942 0.0001570424
0023 002157 -5397692.25745 0.0001450691
0024 002244 -5396965.70048 0.0001346051
0025 002329 -5396288.63404 0.0001254532
0026 002419 -5395654.87159 0.0001174441
0027 002510 -5395058.99158 0.0001104370
0028 002594 -5394496.25590 0.0001043058
0029 002678 -5393962.66092 0.0000989147
0030 002760 -5393455.01161 0.0000941144
0031 002847 -5392970.90318 0.0000897585
0032 002931 -5392508.59651 0.0000857239
0033 003012 -5392066.82600 0.0000819230
0034 003094 -5391644.59397 0.0000783062
0035 003174 -5391241.00605 0.0000748543
0036 003255 -5390855.19191 0.0000715631
0037 003338 -5390486.32530 0.0000684245
0038 003420 -5390133.70388 0.0000654155
0039 003504 -5389796.81699 0.0000625007
0040 003588 -5389475.34873 0.0000596439
0041 003668 -5389169.12026 0.0000568197
0042 003749 -5388878.03139 0.0000540137
0043 003831 -5388602.04791 0.0000512135
0044 003911 -5388341.22266 0.0000484031
0045 003992 -5388095.69144 0.0000455671
0046 004074 -5387865.57128 0.0000427090
0047 004156 -5387650.84006 0.0000398546
0048 004237 -5387451.26023 0.0000370439
0049 004321 -5387266.30951 0.0000343299
0050 004402 -5387095.19711 0.0000317624
0051 004484 -5386936.98424 0.0000293689
0052 004561 -5386790.69297 0.0000271567
0053 004636 -5386655.35712 0.0000251237
0054 004710 -5386530.03068 0.0000232661
0055 004787 -5386413.81481 0.0000215753
0056 004865 -5386305.90890 0.0000200330
0057 004944 -5386205.62750 0.0000186178
0058 005015 -5386112.33851 0.0000173200
0059 005090 -5386025.42828 0.0000161360
0060 005167 -5385944.36221 0.0000150512
0061 005244 -5385868.73533 0.0000140415
0062 005320 -5385798.25529 0.0000130861
0063 005395 -5385732.68813 0.0000121741
0064 005472 -5385671.84103 0.0000112978
0065 005548 -5385615.54550 0.0000104528
0066 005626 -5385563.52724 0.0000096587
Start evaluating ...
  Columns 1 through 7

    0.0015    0.0025    0.0029    0.0032    0.0034    0.0037    0.0039

  Columns 8 through 10

    0.0041    0.0042    0.0044

   5.2997e-04

Elapsed time is 5738.258941 seconds.
