nohup: ignoring input

                            < M A T L A B (R) >
                  Copyright 1984-2016 The MathWorks, Inc.
                   R2016a (9.0.0.341360) 64-bit (glnxa64)
                             February 11, 2016

 
To get started, type one of these: helpwin, helpdesk, or demo.
For product information, visit www.mathworks.com.
 

	Academic License

Start learning ...
Init data [Dtype: delicious - Dspec: sp3/5050]
Init social model
Using adagrad ...
Load pretrained shallow-model...
Could not use CUDA
Params [lbd-U: 1.0000|lbd-V: 10.0000|lbd-N: 1.0000|lbd-Q: 0.0100]
Staring Sample 3 - Loc: save/bcdl/delicious-alg61-sp3-cold20170227105048280 
CTR(chongwang)-DAE(User graph) Running - Walks(1)...
-1/200: 467876.246858/32095.265804/435780.981054/1.000000000
-2/200: 461441.993361/26398.973769/435043.019592/0.013752041
-3/200: 457260.251935/22159.812228/435100.439707/0.009062334
-4/200: 456543.306898/21390.833849/435152.473049/0.001567915
-5/200: 456428.964849/21270.296697/435158.668152/0.000250452
-6/200: 456357.849146/21194.423721/435163.425425/0.000155809
-7/200: 456321.665704/21135.679325/435185.986379/0.000079287
-8/200: 456280.375369/21089.680631/435190.694738/0.000090485
-9/200: 456241.427013/21054.046675/435187.380338/0.000085361
-10/200: 456217.816379/21026.789173/435191.027206/0.000051750
-11/200: 456190.460778/21006.230884/435184.229894/0.000059962
-12/200: 456169.076718/20990.977572/435178.099146/0.000046875
-13/200: 456169.990017/20979.896436/435190.093581/0.000002002
-14/200: 456168.117223/20972.093679/435196.023544/0.000004105
-15/200: 456154.303923/20966.871369/435187.432554/0.000030281
-16/200: 456152.432166/20963.664448/435188.767718/0.000004103
-17/200: 456159.052739/20962.031054/435197.021685/0.000014514
-18/200: 456171.978412/20961.623584/435210.354828/0.000028336
-19/200: 456163.626214/20962.174060/435201.452154/0.000018309
-20/200: 456168.821295/20963.446476/435205.374819/0.000011389
-21/200: 456158.652388/20965.273381/435193.379007/0.000022292
-22/200: 456176.176200/20967.499374/435208.676826/0.000038416
-23/200: 456183.864516/20970.010001/435213.854515/0.000016854
-24/200: 456192.707968/20972.704767/435220.003201/0.000019386
-25/200: 456184.764988/20975.513375/435209.251613/0.000017411
-26/200: 456189.441456/20978.367830/435211.073626/0.000010251
-27/200: 456187.641428/20981.214616/435206.426812/0.000003946
-28/200: 456210.632685/20984.006889/435226.625796/0.000050399
-29/200: 456211.705532/20986.717724/435224.987808/0.000002352
-30/200: 456207.724123/20989.322190/435218.401933/0.000008727
-31/200: 456210.624963/20991.791744/435218.833219/0.000006359
-32/200: 456220.879634/20994.120507/435226.759127/0.000022478
-33/200: 456199.770681/20996.289589/435203.481092/0.000046269
-34/200: 456225.290137/20998.296024/435226.994113/0.000055939
-35/200: 456208.923334/21000.131357/435208.791977/0.000035874
-36/200: 456225.718156/21001.800172/435223.917984/0.000036814
-37/200: 456229.093746/21003.302345/435225.791401/0.000007399
-38/200: 456225.722395/21004.635564/435221.086831/0.000007390
-39/200: 456233.487172/21005.813373/435227.673799/0.000017020
-40/200: 456231.408763/21006.835415/435224.573348/0.000004556
-41/200: 456245.742098/21007.715106/435238.026992/0.000031417
-42/200: 456248.130058/21008.454515/435239.675543/0.000005234
-43/200: 456246.059622/21009.062545/435236.997077/0.000004538
-44/200: 456248.731956/21009.544989/435239.186967/0.000005857
-45/200: 456246.983433/21009.916285/435237.067148/0.000003832
-46/200: 456247.160966/21010.187486/435236.973480/0.000000389
-47/200: 456254.431965/21010.362662/435244.069303/0.000015937
-48/200: 456253.869230/21010.454234/435243.414996/0.000001233
-49/200: 456243.378553/21010.474532/435232.904021/0.000022993
-50/200: 456247.810442/21010.429015/435237.381427/0.000009714
-51/200: 456248.289969/21010.326233/435237.963736/0.000001051
-52/200: 456263.230419/21010.175199/435253.055220/0.000032746
-53/200: 456247.888872/21009.987888/435237.900984/0.000033624
-54/200: 456254.403081/21009.771971/435244.631110/0.000014278
-55/200: 456253.842981/21009.526247/435244.316734/0.000001228
-56/200: 456253.740099/21009.260086/435244.480013/0.000000225
-57/200: 456257.310409/21008.989135/435248.321274/0.000007825
-58/200: 456262.339444/21008.710856/435253.628588/0.000011022
-59/200: 456258.892346/21008.428832/435250.463514/0.000007555
-60/200: 456260.357812/21008.142015/435252.215797/0.000003212
-61/200: 456252.062580/21007.861401/435244.201179/0.000018181
-62/200: 456265.662406/21007.589713/435258.072693/0.000029808
-63/200: 456259.246510/21007.324606/435251.921904/0.000014062
-64/200: 456273.586512/21007.068901/435266.517611/0.000031430
-65/200: 456273.277924/21006.830297/435266.447627/0.000000676
-66/200: 456271.569527/21006.605181/435264.964346/0.000003744
-67/200: 456261.525822/21006.390882/435255.134940/0.000022013
-68/200: 456262.422297/21006.188439/435256.233858/0.000001965
-69/200: 456264.805472/21005.999181/435258.806291/0.000005223
-70/200: 456264.236660/21005.823536/435258.413124/0.000001247
-71/200: 456272.877545/21005.665675/435267.211870/0.000018938
-72/200: 456268.308488/21005.513675/435262.794813/0.000010014
-73/200: 456279.116128/21005.378530/435273.737598/0.000023687
-74/200: 456274.318228/21005.255009/435269.063219/0.000010515
-75/200: 456270.624209/21005.143156/435265.481053/0.000008096
-76/200: 456280.356939/21005.040295/435275.316644/0.000021331
-77/200: 456282.621077/21004.949677/435277.671400/0.000004962
-78/200: 456282.366574/21004.861228/435277.505346/0.000000558
-79/200: 456271.900961/21004.787945/435267.113016/0.000022937
-80/200: 456273.818707/21004.720184/435269.098523/0.000004203
-81/200: 456279.407711/21004.658753/435274.748958/0.000012249
-82/200: 456287.023191/21004.608134/435282.415057/0.000016690
-83/200: 456279.617627/21004.563870/435275.053757/0.000016230
-84/200: 456277.969183/21004.522981/435273.446202/0.000003613
-85/200: 456285.150269/21004.491003/435280.659266/0.000015738
-86/200: 456285.321709/21004.461519/435280.860190/0.000000376
-87/200: 456287.026376/21004.440600/435282.585776/0.000003736
-88/200: 456290.977298/21004.427729/435286.549569/0.000008659
-89/200: 456287.204909/21004.415887/435282.789022/0.000008268
-90/200: 456290.803782/21004.409711/435286.394071/0.000007887
-91/200: 456290.716399/21004.405564/435286.310835/0.000000192
-92/200: 456294.065372/21004.407135/435289.658237/0.000007340
-93/200: 456292.004826/21004.411931/435287.592895/0.000004516
-94/200: 456299.946946/21004.421542/435295.525404/0.000017406
-95/200: 456296.855307/21004.433853/435292.421454/0.000006775
-96/200: 456292.625488/21004.453837/435288.171651/0.000009270
-97/200: 456298.065225/21004.476718/435293.588507/0.000011922
-98/200: 456300.846383/21004.501859/435296.344524/0.000006095
-99/200: 456302.364700/21004.530397/435297.834303/0.000003327
Recall at EP-100 ...
  Columns 1 through 7

    0.0766    0.1402    0.1746    0.1923    0.2033    0.2121    0.2198

  Columns 8 through 10

    0.2263    0.2320    0.2374

Mrr at EP-100 ...
    0.0158

-100/200: 456298.684003/21004.564089/435294.119914/0.000008066
-101/200: 456297.064575/21004.594251/435292.470324/0.000003549
-102/200: 456300.965954/21004.632672/435296.333282/0.000008550
-103/200: 456307.832426/21004.672817/435303.159609/0.000015048
-104/200: 456302.177393/21004.713922/435297.463471/0.000012393
-105/200: 456307.940926/21004.757062/435303.183864/0.000012631
-106/200: 456304.260082/21004.804972/435299.455110/0.000008067
-107/200: 456307.753987/21004.857056/435302.896931/0.000007657
-108/200: 456313.277976/21004.907395/435308.370581/0.000012106
-109/200: 456308.174059/21004.958794/435303.215265/0.000011185
-110/200: 456307.569790/21005.012968/435302.556822/0.000001324
-111/200: 456314.696623/21005.074508/435309.622115/0.000015618
-112/200: 456314.581807/21005.138374/435309.443433/0.000000252
-113/200: 456312.385822/21005.201757/435307.184065/0.000004812
-114/200: 456311.120808/21005.266798/435305.854010/0.000002772
-115/200: 456314.321299/21005.334303/435308.986996/0.000007014
-116/200: 456313.486716/21005.401158/435308.085558/0.000001829
-117/200: 456319.794566/21005.470646/435314.323920/0.000013824
-118/200: 456318.543257/21005.545395/435312.997862/0.000002742
-119/200: 456322.732131/21005.618888/435317.113243/0.000009180
-120/200: 456320.732448/21005.691125/435315.041323/0.000004382
-121/200: 456325.533365/21005.764922/435319.768443/0.000010521
-122/200: 456325.715286/21005.839131/435319.876155/0.000000399
-123/200: 456323.647720/21005.919321/435317.728399/0.000004531
-124/200: 456325.786346/21005.994798/435319.791548/0.000004687
-125/200: 456327.067018/21006.074336/435320.992682/0.000002806
-126/200: 456326.181278/21006.156612/435320.024666/0.000001941
-127/200: 456327.075101/21006.240690/435320.834411/0.000001959
-128/200: 456326.970566/21006.327819/435320.642747/0.000000229
-129/200: 456328.645468/21006.407193/435322.238275/0.000003670
-130/200: 456334.644687/21006.492252/435328.152435/0.000013147
-131/200: 456328.897255/21006.580052/435322.317203/0.000012595
-132/200: 456334.211689/21006.667997/435327.543692/0.000011646
-133/200: 456336.077809/21006.760480/435329.317329/0.000004089
-134/200: 456341.249662/21006.849235/435334.400427/0.000011333
-135/200: 456333.234846/21006.938888/435326.295958/0.000017563
-136/200: 456335.135491/21007.027910/435328.107581/0.000004165
-137/200: 456341.924085/21007.120816/435334.803269/0.000014876
-138/200: 456340.487401/21007.212163/435333.275238/0.000003148
-139/200: 456339.716781/21007.301834/435332.414947/0.000001689
-140/200: 456342.649427/21007.397470/435335.251957/0.000006426
-141/200: 456344.008886/21007.495606/435336.513280/0.000002979
-142/200: 456342.675883/21007.588718/435335.087165/0.000002921
-143/200: 456345.729812/21007.686798/435338.043014/0.000006692
-144/200: 456347.222036/21007.782949/435339.439087/0.000003270
-145/200: 456349.494032/21007.882968/435341.611064/0.000004979
-146/200: 456348.775056/21007.980006/435340.795050/0.000001575
-147/200: 456350.241555/21008.076163/435342.165392/0.000003214
-148/200: 456347.351926/21008.171452/435339.180474/0.000006332
-149/200: 456350.678653/21008.268871/435342.409782/0.000007290
-150/200: 456352.651279/21008.369048/435344.282231/0.000004323
-151/200: 456352.948435/21008.473038/435344.475397/0.000000651
-152/200: 456353.322134/21008.573241/435344.748893/0.000000819
-153/200: 456354.828339/21008.672485/435346.155854/0.000003301
-154/200: 456356.132827/21008.772168/435347.360659/0.000002858
-155/200: 456355.692935/21008.875278/435346.817657/0.000000964
-156/200: 456357.196881/21008.977130/435348.219751/0.000003296
-157/200: 456362.082639/21009.081743/435353.000896/0.000010706
-158/200: 456361.196971/21009.183184/435352.013787/0.000001941
-159/200: 456362.843820/21009.289037/435353.554783/0.000003609
-160/200: 456363.600374/21009.394367/435354.206007/0.000001658
-161/200: 456360.397577/21009.496891/435350.900686/0.000007018
-162/200: 456362.666237/21009.600050/435353.066187/0.000004971
-163/200: 456367.992858/21009.703840/435358.289018/0.000011672
-164/200: 456364.393841/21009.809577/435354.584264/0.000007886
-165/200: 456369.416983/21009.916128/435359.500855/0.000011007
-166/200: 456367.482894/21010.021787/435357.461107/0.000004238
-167/200: 456368.029007/21010.127240/435357.901767/0.000001197
-168/200: 456370.952529/21010.233599/435360.718930/0.000006406
-169/200: 456370.684506/21010.338462/435360.346044/0.000000587
-170/200: 456371.994865/21010.445821/435361.549044/0.000002871
-171/200: 456372.953047/21010.553126/435362.399921/0.000002100
-172/200: 456375.875235/21010.659165/435365.216070/0.000006403
-173/200: 456372.684907/21010.766409/435361.918498/0.000006991
-174/200: 456380.294443/21010.875369/435369.419074/0.000016674
-175/200: 456376.013925/21010.981985/435365.031940/0.000009379
-176/200: 456380.123313/21011.091286/435369.032027/0.000009004
-177/200: 456382.697289/21011.201964/435371.495325/0.000005640
-178/200: 456380.209372/21011.309649/435368.899723/0.000005451
-179/200: 456382.043379/21011.416827/435370.626552/0.000004019
-180/200: 456380.138880/21011.525279/435368.613601/0.000004173
-181/200: 456385.102554/21011.637433/435373.465121/0.000010876
-182/200: 456384.241430/21011.745566/435372.495864/0.000001887
-183/200: 456387.814786/21011.855801/435375.958985/0.000007830
-184/200: 456387.951519/21011.968807/435375.982712/0.000000300
-185/200: 456390.243157/21012.079871/435378.163286/0.000005021
-186/200: 456388.582496/21012.192032/435376.390464/0.000003639
-187/200: 456389.281339/21012.300012/435376.981327/0.000001531
-188/200: 456393.036061/21012.411481/435380.624580/0.000008227
-189/200: 456394.195207/21012.523281/435381.671926/0.000002540
-190/200: 456393.560111/21012.634096/435380.926015/0.000001392
-191/200: 456395.527417/21012.747044/435382.780373/0.000004311
-192/200: 456396.911189/21012.859053/435384.052136/0.000003032
-193/200: 456397.555948/21012.969976/435384.585972/0.000001413
-194/200: 456396.064391/21013.083431/435382.980960/0.000003268
-195/200: 456399.806511/21013.199459/435386.607052/0.000008199
-196/200: 456397.629769/21013.308357/435384.321412/0.000004769
-197/200: 456399.981710/21013.418242/435386.563468/0.000005153
-198/200: 456397.623405/21013.527406/435384.095999/0.000005167
-199/200: 456404.328113/21013.638612/435390.689501/0.000014690
-200/200: 456401.223371/21013.734247/435387.489124/0.000006803
Start evaluating ...
  Columns 1 through 7

    0.0744    0.1367    0.1664    0.1819    0.1923    0.2013    0.2080

  Columns 8 through 10

    0.2144    0.2205    0.2267

    0.0153

Elapsed time is 58982.200884 seconds.
