nohup: ignoring input

                            < M A T L A B (R) >
                  Copyright 1984-2016 The MathWorks, Inc.
                   R2016a (9.0.0.341360) 64-bit (glnxa64)
                             February 11, 2016

 
To get started, type one of these: helpwin, helpdesk, or demo.
For product information, visit www.mathworks.com.
 

	Academic License

Start learning ...
Init data [Dtype: delicious - Dspec: sp3/0550]
Init social model
Using adagrad ...
Params [lbd-U: 100.0000|lbd-V: 1.0000|lbd-N: 100.0000|lbd-Q: 0.1000]
Staring Sample 3 - Loc: save/ctrsmf/delicious-alg90-sp3-cold20170225114400761 
CTR-SMF Running ...

iter time likelihood converge
0001 000099 -5799928.32660 1.0000000000
0002 000212 -5640848.28205 0.0274279328
0003 000323 -5517883.09904 0.0217990587
0004 000439 -5480385.93395 0.0067955708
0005 000544 -5461026.11160 0.0035325655
0006 000648 -5445722.19258 0.0028023889
0007 000756 -5435186.33687 0.0019347031
0008 000863 -5428566.06662 0.0012180392
0009 000970 -5423981.42951 0.0008445392
0010 001076 -5420481.58968 0.0006452529
0011 001180 -5417601.58994 0.0005313181
0012 001283 -5415136.00759 0.0004551059
0013 001387 -5412984.23771 0.0003973621
0014 001484 -5411085.45186 0.0003507836
0015 001583 -5409397.32516 0.0003119756
0016 001679 -5407887.81060 0.0002790541
0017 001778 -5406531.23835 0.0002508507
0018 001879 -5405306.22898 0.0002265795
0019 001977 -5404194.65793 0.0002056444
0020 002072 -5403181.19645 0.0001875324
0021 002171 -5402253.00769 0.0001717856
0022 002270 -5401399.37054 0.0001580150
0023 002364 -5400611.19559 0.0001459205
0024 002460 -5399880.57023 0.0001352857
0025 002552 -5399200.49360 0.0001259429
0026 002645 -5398564.74941 0.0001177478
0027 002740 -5397967.80474 0.0001105747
0028 002830 -5397404.77503 0.0001043040
0029 002927 -5396871.50446 0.0000988013
0030 003017 -5396364.65557 0.0000939153
0031 003107 -5395881.69835 0.0000894968
0032 003196 -5395420.78939 0.0000854187
0033 003283 -5394980.58354 0.0000815888
0034 003373 -5394560.03193 0.0000779524
0035 003463 -5394158.21760 0.0000744851
0036 003553 -5393774.27104 0.0000711782
0037 003630 -5393407.38095 0.0000680210
0038 003714 -5393056.86331 0.0000649900
0039 003800 -5392722.21785 0.0000620512
0040 003885 -5392403.12114 0.0000591717
0041 003972 -5392099.36576 0.0000563302
0042 004060 -5391810.80874 0.0000535148
0043 004148 -5391537.37180 0.0000507134
0044 004234 -5391279.06872 0.0000479090
0045 004317 -5391035.98790 0.0000450878
0046 004400 -5390808.16526 0.0000422595
0047 004482 -5390595.45710 0.0000394576
0048 004566 -5390397.50058 0.0000367226
0049 004650 -5390213.69852 0.0000340981
0050 004736 -5390043.24878 0.0000316221
0051 004821 -5389885.23938 0.0000293151
0052 004902 -5389738.74196 0.0000271801
0053 004981 -5389602.86432 0.0000252104
0054 005058 -5389476.75734 0.0000233982
0055 005135 -5389359.62895 0.0000217328
0056 005213 -5389250.77481 0.0000201980
0057 005291 -5389149.57660 0.0000187778
0058 005371 -5389055.43202 0.0000174693
0059 005452 -5388967.72551 0.0000162749
0060 005530 -5388885.90120 0.0000151837
0061 005608 -5388809.52850 0.0000141723
0062 005691 -5388738.30005 0.0000132178
0063 005769 -5388671.98654 0.0000123059
0064 005837 -5388610.41489 0.0000114261
0065 005903 -5388553.42178 0.0000105766
0066 005968 -5388500.72168 0.0000097800
Start evaluating ...
  Columns 1 through 7

    0.0009    0.0012    0.0015    0.0016    0.0018    0.0019    0.0020

  Columns 8 through 10

    0.0021    0.0025    0.0026

   3.5509e-04

Elapsed time is 6052.832115 seconds.
