nohup: ignoring input

                            < M A T L A B (R) >
                  Copyright 1984-2016 The MathWorks, Inc.
                   R2016a (9.0.0.341360) 64-bit (glnxa64)
                             February 11, 2016

 
To get started, type one of these: helpwin, helpdesk, or demo.
For product information, visit www.mathworks.com.
 

	Academic License

Start learning ...
Init data [Dtype: delicious - Dspec: sp3/0550]
Init social model
Using adagrad ...
Load pretrained shallow-model...
Params [lbd-U: 100.0000|lbd-V: 10.0000|lbd-N: 100.0000|lbd-Q: 0.1000]
Staring Sample 3 - Loc: save/bcdl/delicious-alg61-sp3-cold20170224210012138 
CTR(chongwang)-DAE(User graph) Running - Walks(1)...
-1/200: 43580508.016413/2409.911043/43578098.105370/1.000000000
-2/200: 43522843.544544/2401.221459/43520442.323085/0.001323171
-3/200: 43521629.641763/2401.323027/43519228.318736/0.000027891
-4/200: 43521686.258018/2401.494844/43519284.763174/0.000001301
-5/200: 43520563.167038/2401.655809/43518161.511229/0.000025805
-6/200: 43520627.982509/2401.802638/43518226.179871/0.000001489
-7/200: 43522880.789318/2401.937932/43520478.851386/0.000051764
-8/200: 43523357.436713/2402.065066/43520955.371647/0.000010952
-9/200: 43523015.446359/2402.186685/43520613.259674/0.000007858
-10/200: 43523386.841942/2402.299588/43520984.542354/0.000008533
-11/200: 43522670.138187/2402.407180/43520267.731007/0.000016467
-12/200: 43522045.509219/2402.510870/43519642.998349/0.000014352
-13/200: 43523275.465409/2402.610003/43520872.855406/0.000028261
-14/200: 43523895.623172/2402.705024/43521492.918148/0.000014249
-15/200: 43523038.640927/2402.798161/43520635.842766/0.000019690
-16/200: 43523122.123679/2402.887161/43520719.236518/0.000001918
-17/200: 43523942.335801/2402.972641/43521539.363160/0.000018845
-18/200: 43525381.807241/2403.054872/43522978.752369/0.000033073
-19/200: 43524433.504766/2403.135887/43522030.368879/0.000021787
-20/200: 43524815.806707/2403.213634/43522412.593073/0.000008784
-21/200: 43523592.493981/2403.290505/43521189.203476/0.000028106
-22/200: 43525114.345238/2403.365171/43522710.980067/0.000034966
-23/200: 43525639.818314/2403.438311/43523236.380003/0.000012073
-24/200: 43526313.688555/2403.509130/43523910.179425/0.000015482
-25/200: 43525210.357763/2403.579118/43522806.778645/0.000025349
-26/200: 43525355.063189/2403.647947/43522951.415242/0.000003325
-27/200: 43524863.633463/2403.714956/43522459.918507/0.000011291
-28/200: 43526966.631760/2403.780101/43524562.851659/0.000048317
-29/200: 43526751.596252/2403.844040/43524347.752212/0.000004940
-30/200: 43526132.175581/2403.907014/43523728.268567/0.000014231
-31/200: 43526120.318402/2403.968549/43523716.349853/0.000000272
-32/200: 43526938.003156/2404.029343/43524533.973813/0.000018786
-33/200: 43524548.980973/2404.088936/43522144.892037/0.000054886
-34/200: 43526936.048150/2404.147590/43524531.900560/0.000054844
-35/200: 43525067.549718/2404.205139/43522663.344579/0.000042927
-36/200: 43526591.285633/2404.262068/43524187.023565/0.000035008
-37/200: 43526794.427926/2404.318195/43524390.109731/0.000004667
-38/200: 43526317.267608/2404.373065/43523912.894543/0.000010962
-39/200: 43526982.526418/2404.427630/43524578.098788/0.000015284
-40/200: 43526653.708073/2404.481087/43524249.226986/0.000007554
-41/200: 43528022.124904/2404.534068/43525617.590836/0.000031439
-42/200: 43528203.645705/2404.586237/43525799.059468/0.000004170
-43/200: 43527898.496005/2404.637691/43525493.858314/0.000007010
-44/200: 43528095.736115/2404.687965/43525691.048150/0.000004531
-45/200: 43527881.475270/2404.737858/43525476.737412/0.000004922
-46/200: 43527849.266041/2404.787198/43525444.478843/0.000000740
-47/200: 43528564.662095/2404.835729/43526159.826366/0.000016435
-48/200: 43528499.313453/2404.883538/43526094.429915/0.000001501
-49/200: 43527403.382353/2404.931202/43524998.451151/0.000025177
-50/200: 43527895.243481/2404.977922/43525490.265559/0.000011300
-51/200: 43527921.569620/2405.023979/43525516.545641/0.000000605
-52/200: 43529402.957840/2405.069374/43526997.888466/0.000034033
-53/200: 43527910.214942/2405.114699/43525505.100243/0.000034293
-54/200: 43528614.798429/2405.159563/43526209.638866/0.000016187
-55/200: 43528523.914463/2405.203434/43526118.711029/0.000002088
-56/200: 43528532.270993/2405.246851/43526127.024142/0.000000192
-57/200: 43528937.469021/2405.290591/43526532.178430/0.000009309
-58/200: 43529457.313810/2405.333712/43527051.980098/0.000011943
-59/200: 43529168.711748/2405.376260/43526763.335488/0.000006630
-60/200: 43529285.627443/2405.418042/43526880.209401/0.000002686
-61/200: 43528495.696385/2405.459495/43526090.236890/0.000018147
-62/200: 43529899.191478/2405.500637/43527493.690841/0.000032243
-63/200: 43529210.411424/2405.541206/43526804.870218/0.000015823
-64/200: 43530658.773996/2405.581559/43528253.192437/0.000033273
-65/200: 43530703.020859/2405.621745/43528297.399114/0.000001016
-66/200: 43530545.396482/2405.661729/43528139.734753/0.000003621
-67/200: 43529547.210233/2405.701097/43527141.509136/0.000022931
-68/200: 43529662.639079/2405.739964/43527256.899115/0.000002652
-69/200: 43529902.257025/2405.778384/43527496.478641/0.000005505
-70/200: 43529837.482004/2405.816677/43527431.665327/0.000001488
-71/200: 43530804.687181/2405.854716/43528398.832465/0.000022219
-72/200: 43530300.912711/2405.892102/43527895.020609/0.000011573
-73/200: 43531341.467081/2405.929510/43528935.537571/0.000023904
-74/200: 43530902.213785/2405.966668/43528496.247117/0.000010091
-75/200: 43530549.736397/2406.003340/43528143.733057/0.000008097
-76/200: 43531535.454169/2406.039735/43529129.414434/0.000022644
-77/200: 43531729.621790/2406.076038/43529323.545752/0.000004460
-78/200: 43531705.537682/2406.111602/43529299.426080/0.000000553
-79/200: 43530674.998265/2406.147204/43528268.851061/0.000023673
-80/200: 43530847.274259/2406.182374/43528441.091885/0.000003958
-81/200: 43531417.654499/2406.217261/43529011.437238/0.000013103
-82/200: 43532120.492891/2406.251887/43529714.241004/0.000016146
-83/200: 43531474.026383/2406.286422/43529067.739961/0.000014850
-84/200: 43531304.005555/2406.320365/43528897.685190/0.000003906
-85/200: 43532011.819947/2406.354279/43529605.465668/0.000016260
-86/200: 43532049.095437/2406.387818/43529642.707619/0.000000856
-87/200: 43532157.788965/2406.421251/43529751.367714/0.000002497
-88/200: 43532547.909309/2406.454416/43530141.454893/0.000008962
-89/200: 43532196.812960/2406.487372/43529790.325588/0.000008065
-90/200: 43532541.870533/2406.519954/43530135.350579/0.000007926
-91/200: 43532450.734041/2406.552138/43530044.181903/0.000002094
-92/200: 43532858.213458/2406.584263/43530451.629195/0.000009360
-93/200: 43532634.438426/2406.615994/43530227.822432/0.000005140
-94/200: 43533328.674791/2406.647595/43530922.027196/0.000015947
-95/200: 43533055.868781/2406.678989/43530649.189792/0.000006267
-96/200: 43532666.703602/2406.710375/43530259.993227/0.000008940
-97/200: 43533144.564832/2406.741592/43530737.823240/0.000010977
-98/200: 43533450.563676/2406.772368/43531043.791308/0.000007029
-99/200: 43533583.805629/2406.803025/43531177.002604/0.000003061
Recall at EP-100 ...
  Columns 1 through 7

    0.0023    0.0041    0.0058    0.0073    0.0084    0.0099    0.0111

  Columns 8 through 10

    0.0124    0.0136    0.0147

Mrr at EP-100 ...
   7.5577e-04

-100/200: 43533245.412322/2406.833709/43530838.578613/0.000007773
-101/200: 43533081.136873/2406.863700/43530674.273173/0.000003774
-102/200: 43533486.760638/2406.893861/43531079.866777/0.000009318
-103/200: 43534137.011712/2406.923805/43531730.087907/0.000014937
-104/200: 43533521.571146/2406.953327/43531114.617819/0.000014137
-105/200: 43534072.224251/2406.982739/43531665.241512/0.000012649
-106/200: 43533666.263063/2407.012173/43531259.250890/0.000009325
-107/200: 43534051.543047/2407.041507/43531644.501540/0.000008850
-108/200: 43534529.104065/2407.070309/43532122.033756/0.000010970
-109/200: 43534053.193542/2407.098964/43531646.094578/0.000010932
-110/200: 43533935.281292/2407.127444/43531528.153848/0.000002709
-111/200: 43534738.885875/2407.156180/43532331.729695/0.000018459
-112/200: 43534681.920127/2407.184714/43532274.735413/0.000001309
-113/200: 43534464.668319/2407.212991/43532057.455328/0.000004990
-114/200: 43534303.376211/2407.241092/43531896.135119/0.000003705
-115/200: 43534676.953484/2407.269078/43532269.684406/0.000008581
-116/200: 43534561.979035/2407.296784/43532154.682251/0.000002641
-117/200: 43535084.855830/2407.324349/43532677.531481/0.000012011
-118/200: 43535003.240994/2407.351993/43532595.889001/0.000001875
-119/200: 43535399.774689/2407.379373/43532992.395316/0.000009108
-120/200: 43535182.773708/2407.406345/43532775.367363/0.000004984
-121/200: 43535574.304017/2407.433156/43533166.870861/0.000008993
-122/200: 43535677.108589/2407.459852/43533269.648737/0.000002361
-123/200: 43535411.919296/2407.486680/43533004.432616/0.000006091
-124/200: 43535583.307306/2407.512998/43533175.794308/0.000003937
-125/200: 43535702.242847/2407.539315/43533294.703532/0.000002732
-126/200: 43535714.671524/2407.565608/43533307.105916/0.000000285
-127/200: 43535715.636198/2407.591854/43533308.044344/0.000000022
Start evaluating ...
  Columns 1 through 7

    0.0014    0.0026    0.0039    0.0051    0.0058    0.0066    0.0079

  Columns 8 through 10

    0.0089    0.0101    0.0109

   5.6763e-04

Elapsed time is 13017.584550 seconds.
