nohup: ignoring input

                            < M A T L A B (R) >
                  Copyright 1984-2016 The MathWorks, Inc.
                   R2016a (9.0.0.341360) 64-bit (glnxa64)
                             February 11, 2016

 
To get started, type one of these: helpwin, helpdesk, or demo.
For product information, visit www.mathworks.com.
 

	Academic License

Start learning ...
Init data [Dtype: delicious - Dspec: sp3/1050]
Init social model
Using adagrad ...
Could not use CUDA
Params [lbd-U: 10.0000|lbd-V: 100.0000|lbd-N: 10.0000|lbd-Q: 0.1000]
Staring Sample 3 - Loc: save/ctrsmf/delicious-alg90-sp3-cold20170225114500265 
CTR-SMF Running ...

iter time likelihood converge
0001 000151 -10239834.07650 1.0000000000
0002 000296 -9966117.24558 0.0267305924
0003 000442 -9750211.72742 0.0216639553
0004 000578 -9684136.38779 0.0067768107
0005 000717 -9651800.21795 0.0033390866
0006 000853 -9627616.88175 0.0025055778
0007 000988 -9610965.89756 0.0017295022
0008 001119 -9600107.12387 0.0011298317
0009 001252 -9592297.48021 0.0008134955
0010 001384 -9586180.68256 0.0006376781
0011 001514 -9581078.98687 0.0005321927
0012 001646 -9576683.72483 0.0004587440
0013 001771 -9572834.68334 0.0004019180
0014 001903 -9569429.92811 0.0003556684
0015 002037 -9566395.88327 0.0003170560
0016 002166 -9563675.77194 0.0002843402
0017 002292 -9561224.05716 0.0002563570
0018 002415 -9559003.36204 0.0002322605
0019 002539 -9556982.38231 0.0002114216
0020 002664 -9555134.56123 0.0001933478
0021 002784 -9553437.34725 0.0001776232
0022 002910 -9551871.56978 0.0001638968
0023 003033 -9550420.77523 0.0001518859
0024 003149 -9549070.59011 0.0001413744
0025 003265 -9547808.25315 0.0001321947
0026 003385 -9546622.50386 0.0001241907
0027 003507 -9545503.75235 0.0001171882
0028 003614 -9544444.09773 0.0001110109
0029 003726 -9543437.34899 0.0001054801
0030 003838 -9542478.72624 0.0001004484
0031 003948 -9541564.52199 0.0000958036
0032 004063 -9540691.85005 0.0000914600
0033 004172 -9539858.32737 0.0000873650
0034 004284 -9539061.90929 0.0000834832
0035 004396 -9538300.91282 0.0000797769
0036 004509 -9537574.07989 0.0000762015
0037 004618 -9536880.57552 0.0000727129
0038 004726 -9536219.90398 0.0000692754
0039 004830 -9535591.75737 0.0000658696
0040 004934 -9534995.84652 0.0000624933
0041 005039 -9534431.72317 0.0000591635
0042 005144 -9533898.54820 0.0000559210
0043 005248 -9533394.92869 0.0000528241
0044 005352 -9532918.98590 0.0000499237
0045 005454 -9532468.58718 0.0000472467
0046 005554 -9532041.61504 0.0000447914
0047 005659 -9531636.19826 0.0000425320
0048 005748 -9531250.86627 0.0000404266
0049 005838 -9530884.60102 0.0000384278
0050 005925 -9530536.75698 0.0000364965
0051 005999 -9530206.87359 0.0000346133
0052 006073 -9529894.53573 0.0000327735
0053 006129 -9529599.37108 0.0000309725
0054 006178 -9529321.06473 0.0000292044
0055 006226 -9529059.29897 0.0000274695
0056 006275 -9528813.71175 0.0000257725
0057 006323 -9528583.96688 0.0000241105
0058 006372 -9528369.85462 0.0000224705
0059 006421 -9528171.29477 0.0000208388
0060 006469 -9527988.22737 0.0000192133
0061 006518 -9527820.44114 0.0000176098
0062 006566 -9527667.48667 0.0000160535
0063 006615 -9527528.70782 0.0000145659
0064 006663 -9527403.23663 0.0000131693
0065 006715 -9527289.99940 0.0000118854
0066 006771 -9527187.81974 0.0000107249
0067 006822 -9527095.55735 0.0000096841
Start evaluating ...
  Columns 1 through 7

    0.0019    0.0051    0.0071    0.0088    0.0104    0.0118    0.0130

  Columns 8 through 10

    0.0144    0.0155    0.0167

   7.2851e-04

Elapsed time is 6892.442841 seconds.
