nohup: ignoring input

                            < M A T L A B (R) >
                  Copyright 1984-2016 The MathWorks, Inc.
                   R2016a (9.0.0.341360) 64-bit (glnxa64)
                             February 11, 2016

 
To get started, type one of these: helpwin, helpdesk, or demo.
For product information, visit www.mathworks.com.
 

	Academic License

Start learning ...
Init data [Dtype: delicious - Dspec: sp3/5050]
Init social model
Using adagrad ...
Params [lbd-U: 0.1000|lbd-V: 100.0000|lbd-N: 0.1000|lbd-Q: 0.0100]
Staring Sample 3 - Loc: save/ctrsmf/delicious-alg90-sp3-cold20170226203651304 
CTR-SMF Running ...

iter time likelihood converge
0001 000562 -51815649.86367 1.0000000000
0002 001216 -50560124.99405 0.0242306113
0003 001854 -49472390.46026 0.0215136836
0004 002489 -49154380.85302 0.0064280219
0005 003131 -49013328.29167 0.0028695827
0006 003748 -48918281.89305 0.0019391949
0007 004367 -48851205.34128 0.0013711960
0008 004984 -48802525.26338 0.0009964970
0009 005601 -48764186.00571 0.0007855999
0010 006216 -48732260.53615 0.0006546909
0011 006820 -48704736.10748 0.0005648092
0012 007417 -48680553.64974 0.0004965114
0013 008022 -48659074.84427 0.0004412194
0014 008626 -48639850.82819 0.0003950757
0015 009227 -48622540.31263 0.0003558916
0016 009830 -48606872.67402 0.0003222299
0017 010430 -48592627.08228 0.0002930777
0018 011031 -48579619.95528 0.0002676770
0019 011637 -48567696.87530 0.0002454338
0020 012245 -48556727.28111 0.0002258619
0021 012843 -48546600.37475 0.0002085583
0022 013448 -48537221.48874 0.0001931935
0023 014046 -48528509.04631 0.0001795002
0024 014650 -48520392.21561 0.0001672590
0025 015254 -48512808.92821 0.0001562907
0026 015856 -48505704.40271 0.0001464464
0027 016459 -48499029.88074 0.0001376028
0028 017059 -48492741.76159 0.0001296545
0029 017665 -48486801.37522 0.0001225005
0030 018265 -48481175.03807 0.0001160385
0031 018875 -48475833.55424 0.0001101765
0032 019476 -48470750.65373 0.0001048543
0033 020082 -48465902.35920 0.0001000252
0034 020684 -48461267.63971 0.0000956285
0035 021290 -48456828.74943 0.0000915967
0036 021898 -48452572.25691 0.0000878409
0037 022498 -48448491.41982 0.0000842233
0038 023107 -48444585.73300 0.0000806152
0039 023717 -48440857.84792 0.0000769515
0040 024325 -48437310.55333 0.0000732294
0041 024932 -48433944.24521 0.0000694982
0042 025538 -48430755.51108 0.0000658368
0043 026144 -48427736.91751 0.0000623280
0044 026745 -48424878.30539 0.0000590284
0045 027351 -48422169.34521 0.0000559415
0046 027862 -48419600.75541 0.0000530457
0047 028342 -48417163.76310 0.0000503307
0048 028813 -48414851.21083 0.0000477631
0049 029291 -48412658.68742 0.0000452862
0050 029749 -48410584.05849 0.0000428530
0051 030200 -48408626.57250 0.0000404351
0052 030631 -48406785.56521 0.0000380306
0053 031067 -48405058.87600 0.0000356704
0054 031503 -48403442.58823 0.0000333909
0055 031939 -48401930.64938 0.0000312362
0056 032376 -48400515.28101 0.0000292420
0057 032811 -48399188.45575 0.0000274135
0058 033251 -48397942.28635 0.0000257477
0059 033691 -48396769.18882 0.0000242386
0060 034132 -48395661.86687 0.0000228801
0061 034550 -48394613.51862 0.0000216620
0062 034963 -48393618.30849 0.0000205645
0063 035375 -48392671.31958 0.0000195685
0064 035789 -48391768.29317 0.0000186604
0065 036204 -48390905.60970 0.0000178271
0066 036586 -48390080.26983 0.0000170557
0067 036889 -48389290.06575 0.0000163299
0068 037174 -48388533.55342 0.0000156339
0069 037457 -48387809.39030 0.0000149656
0070 037741 -48387116.28491 0.0000143240
0071 038026 -48386452.50721 0.0000137181
0072 038308 -48385816.41662 0.0000131460
0073 038589 -48385207.49719 0.0000125847
0074 038871 -48384625.76260 0.0000120230
0075 039152 -48384071.19606 0.0000114616
0076 039433 -48383543.74891 0.0000109013
0077 039707 -48383042.93886 0.0000103508
0078 039883 -48382567.71940 0.0000098220
Start evaluating ...
  Columns 1 through 7

    0.1064    0.1706    0.2009    0.2115    0.2186    0.2231    0.2266

  Columns 8 through 10

    0.2293    0.2318    0.2338

    0.0206

Elapsed time is 39965.081121 seconds.
