nohup: ignoring input

                            < M A T L A B (R) >
                  Copyright 1984-2016 The MathWorks, Inc.
                   R2016a (9.0.0.341360) 64-bit (glnxa64)
                             February 11, 2016

 
To get started, type one of these: helpwin, helpdesk, or demo.
For product information, visit www.mathworks.com.
 

	Academic License

Start learning ...
Init data [Dtype: delicious - Dspec: sp3/0550]
Init social model
Using adagrad ...
Params [lbd-U: 0.1000|lbd-V: 100.0000|lbd-N: 0.1000|lbd-Q: 0.1000]
Staring Sample 3 - Loc: save/ctr/delicious-alg80-sp3-cold20170225114343004 
CTR(chongwang) Running ...

iter time likelihood:[r:u:v] converge
0001 000062 -2466.00000:[0.00000:0.00000:-0.00000] 1.0000000000
0002 000147 -2343.81782:[295.97344:-68.09891:-12.89943] 0.0495467092
0003 000234 -2236.47393:[518.73121:-148.25320:-34.48902] 0.0457987309
0004 000319 -2230.76314:[558.79724:-172.23422:-41.52462] 0.0025534821
0005 000407 -2239.13662:[546.50101:-169.58148:-41.50358] 0.0037536385
0006 000496 -2247.11777:[526.53366:-161.19305:-39.65155] 0.0035643898
0007 000575 -2254.06078:[507.39865:-152.63872:-37.57414] 0.0030897381
0008 000653 -2260.17939:[490.29542:-144.92950:-35.63060] 0.0027144847
0009 000731 -2265.65952:[475.02533:-138.05600:-33.85955] 0.0024246418
0010 000808 -2270.61637:[461.25181:-131.85956:-32.23592] 0.0021878183
0011 000884 -2275.12493:[448.71825:-126.21134:-30.73362] 0.0019856119
0012 000960 -2279.24020:[437.24591:-121.02486:-29.33479] 0.0018088106
0013 001039 -2283.00660:[426.70495:-116.24140:-28.02774] 0.0016524796
0014 001112 -2286.46119:[416.99432:-111.81738:-26.80410] 0.0015131768
0015 001190 -2289.63540:[408.03139:-107.71801:-25.65735] 0.0013882640
0016 001268 -2292.55621:[399.74646:-103.91422:-24.58201] 0.0012756662
0017 001342 -2295.24704:[392.07949:-100.38105:-23.57335] 0.0011737240
0018 001417 -2297.72839:[384.97812:-97.09671:-22.62715] 0.0010810792
0019 001492 -2300.01829:[378.39622:-94.04194:-21.73962] 0.0009965964
0020 001567 -2302.13273:[372.29290:-91.19961:-20.90731] 0.0009193114
0021 001642 -2304.08582:[366.63175:-88.55438:-20.12705] 0.0008483865
0022 001722 -2305.89013:[361.38028:-86.09250:-19.39594] 0.0007830882
0023 001796 -2307.55680:[356.50942:-83.80160:-18.71132] 0.0007227903
0024 001873 -2309.09588:[351.99302:-81.67054:-18.07076] 0.0006669712
0025 001945 -2310.51642:[347.80741:-79.68922:-17.47199] 0.0006151964
0026 002015 -2311.82671:[343.93098:-77.84843:-16.91291] 0.0005670979
0027 002087 -2313.03430:[340.34393:-76.13966:-16.39155] 0.0005223520
0028 002159 -2314.14609:[337.02805:-74.55510:-15.90604] 0.0004806623
0029 002233 -2315.16839:[333.96658:-73.08749:-15.45460] 0.0004417626
0030 002307 -2316.10704:[331.14403:-71.73012:-15.03559] 0.0004054333
0031 002376 -2316.96749:[328.54586:-70.47669:-14.64739] 0.0003715096
0032 002451 -2317.75497:[326.15830:-69.32124:-14.28847] 0.0003398742
0033 002525 -2318.47450:[323.96805:-68.25801:-13.95730] 0.0003104422
0034 002596 -2319.13096:[321.96214:-67.28135:-13.65236] 0.0002831427
0035 002662 -2319.72907:[320.12793:-66.38573:-13.37209] 0.0002579029
0036 002730 -2320.27337:[318.45309:-65.56568:-13.11494] 0.0002346396
0037 002803 -2320.76819:[316.92569:-64.81587:-12.87936] 0.0002132606
0038 002872 -2321.21765:[315.53425:-64.13110:-12.66381] 0.0001936672
0039 002943 -2321.62561:[314.26777:-63.50636:-12.46681] 0.0001757547
0040 003007 -2321.99571:[313.11587:-62.93688:-12.28689] 0.0001594103
0041 003075 -2322.33127:[312.06878:-62.41811:-12.12269] 0.0001445164
0042 003146 -2322.63540:[311.11744:-61.94582:-11.97291] 0.0001309560
0043 003213 -2322.91090:[310.25347:-61.51606:-11.83634] 0.0001186162
0044 003283 -2323.16036:[309.46920:-61.12521:-11.71188] 0.0001073936
0045 003350 -2323.38617:[308.75756:-60.76991:-11.59851] 0.0000971986
0046 003416 -2323.59054:[308.11202:-60.44709:-11.49527] 0.0000879593
0047 003485 -2323.77554:[307.52645:-60.15385:-11.40128] 0.0000796201
0048 003553 -2323.94315:[306.99512:-59.88747:-11.31572] 0.0000721290
0049 003623 -2324.09520:[306.51262:-59.64538:-11.23780] 0.0000654279
0050 003690 -2324.23337:[306.07396:-59.42517:-11.16677] 0.0000594500
0051 003760 -2324.35916:[305.67454:-59.22460:-11.10196] 0.0000541197
0052 003827 -2324.47388:[305.31028:-59.04166:-11.04273] 0.0000493561
0053 003894 -2324.57867:[304.97757:-58.87455:-10.98854] 0.0000450826
0054 003960 -2324.67453:[304.67325:-58.72168:-10.93889] 0.0000412352
0055 004030 -2324.76232:[304.39454:-58.58167:-10.89335] 0.0000377663
0056 004097 -2324.84286:[304.13897:-58.45330:-10.85154] 0.0000346447
0057 004167 -2324.91691:[303.90424:-58.33545:-10.81312] 0.0000318504
0058 004235 -2324.98518:[303.68820:-58.22708:-10.77776] 0.0000293657
0059 004303 -2325.04835:[303.48881:-58.12720:-10.74514] 0.0000271710
0060 004371 -2325.10705:[303.30417:-58.03487:-10.71496] 0.0000252446
0061 004437 -2325.16183:[303.13251:-57.94922:-10.68696] 0.0000235592
0062 004501 -2325.21316:[302.97227:-57.86947:-10.66086] 0.0000220799
0063 004564 -2325.26146:[302.82208:-57.79490:-10.63645] 0.0000207718
0064 004627 -2325.30708:[302.68078:-57.72491:-10.61352] 0.0000196164
0065 004693 -2325.35035:[302.54728:-57.65897:-10.59191] 0.0000186112
0066 004761 -2325.39161:[302.42061:-57.59659:-10.57146] 0.0000177428
0067 004826 -2325.43111:[302.29986:-57.53730:-10.55202] 0.0000169869
0068 004887 -2325.46907:[302.18429:-57.48072:-10.53345] 0.0000163225
0069 004949 -2325.50565:[302.07327:-57.42651:-10.51564] 0.0000157313
0070 005009 -2325.54099:[301.96631:-57.37441:-10.49850] 0.0000151940
0071 005073 -2325.57515:[301.86306:-57.32419:-10.48197] 0.0000146904
0072 005134 -2325.60818:[301.76329:-57.27573:-10.46599] 0.0000142021
0073 005198 -2325.64008:[301.66690:-57.22893:-10.45054] 0.0000137167
0074 005263 -2325.67085:[301.57383:-57.18376:-10.43561] 0.0000132303
0075 005325 -2325.70048:[301.48408:-57.14020:-10.42119] 0.0000127407
0076 005386 -2325.72895:[301.39768:-57.09824:-10.40730] 0.0000122431
0077 005447 -2325.75625:[301.31469:-57.05792:-10.39395] 0.0000117375
0078 005508 -2325.78238:[301.23515:-57.01925:-10.38116] 0.0000112344
0079 005569 -2325.80737:[301.15905:-56.98225:-10.36893] 0.0000107481
0080 005630 -2325.83131:[301.08627:-56.94688:-10.35726] 0.0000102912
0081 005691 -2325.85426:[301.01664:-56.91308:-10.34615] 0.0000098690
Start evaluating ...
  Columns 1 through 7

    0.0059    0.0113    0.0154    0.0196    0.0237    0.0265    0.0292

  Columns 8 through 10

    0.0321    0.0343    0.0365

    0.0017

Elapsed time is 5788.748641 seconds.
