nohup: ignoring input

                            < M A T L A B (R) >
                  Copyright 1984-2016 The MathWorks, Inc.
                   R2016a (9.0.0.341360) 64-bit (glnxa64)
                             February 11, 2016

 
To get started, type one of these: helpwin, helpdesk, or demo.
For product information, visit www.mathworks.com.
 

	Academic License

Start learning ...
Init data [Dtype: delicious - Dspec: sp3/1050]
Init social model
Using adagrad ...
Could not use CUDA
Params [lbd-U: 1.0000|lbd-V: 10.0000|lbd-N: 1.0000|lbd-Q: 0.1000]
Staring Sample 3 - Loc: save/ctr/delicious-alg80-sp3-cold20170225114426724 
CTR(chongwang) Running ...

iter time likelihood:[r:u:v] converge
0001 000100 -4397.00000:[0.00000:0.00000:-0.00000] 1.0000000000
0002 000203 -4276.78481:[266.54154:-72.91167:-23.00752] 0.0273402748
0003 000302 -4247.66513:[357.39570:-107.26476:-38.12686] 0.0068087786
0004 000400 -4239.21959:[408.15238:-131.73157:-53.65679] 0.0019882784
0005 000506 -4238.54918:[438.23572:-148.61449:-64.96172] 0.0001581443
0006 000598 -4240.09136:[453.28944:-157.96882:-71.56926] 0.0003638458
0007 000688 -4242.20024:[458.60184:-161.99093:-74.72531] 0.0004973657
0008 000781 -4244.37239:[458.06449:-162.68637:-75.66684] 0.0005120359
0009 000878 -4246.45061:[454.19618:-161.43486:-75.27230] 0.0004896406
0010 000969 -4248.38840:[448.53973:-159.10217:-74.10461] 0.0004563316
0011 001061 -4250.17753:[442.01461:-156.21123:-72.51073] 0.0004211320
0012 001145 -4251.82383:[435.15946:-153.07202:-70.70117] 0.0003873480
0013 001231 -4253.33801:[428.28458:-149.86569:-68.80255] 0.0003561252
0014 001322 -4254.73171:[421.56463:-146.69618:-66.89026] 0.0003276719
0015 001409 -4256.01592:[415.09416:-143.62151:-65.00862] 0.0003018315
0016 001500 -4257.20055:[408.92078:-140.67248:-63.18309] 0.0002783413
0017 001589 -4258.29436:[403.06463:-137.86392:-61.42770] 0.0002569309
0018 001685 -4259.30507:[397.53000:-135.20127:-59.74956] 0.0002373526
0019 001771 -4260.23951:[392.31216:-132.68452:-58.15155] 0.0002193873
0020 001861 -4261.10367:[387.40149:-130.31063:-56.63407] 0.0002028440
0021 001945 -4261.90288:[382.78594:-128.07489:-55.19603] 0.0001875574
0022 002032 -4262.64183:[378.45248:-125.97183:-53.83553] 0.0001733854
0023 002119 -4263.32474:[374.38794:-123.99571:-52.55023] 0.0001602084
0024 002204 -4263.95541:[370.57946:-122.14079:-51.33762] 0.0001479286
0025 002292 -4264.53729:[367.01467:-120.40153:-50.19510] 0.0001364652
0026 002376 -4265.07355:[363.68183:-118.77258:-49.12012] 0.0001257492
0027 002461 -4265.56711:[360.56977:-117.24885:-48.11018] 0.0001157210
0028 002542 -4266.02066:[357.66795:-115.82553:-47.16282] 0.0001063292
0029 002625 -4266.43674:[354.96633:-114.49800:-46.27569] 0.0000975330
0030 002710 -4266.81773:[352.45532:-113.26186:-45.44647] 0.0000892997
0031 002791 -4267.16590:[350.12567:-112.11287:-44.67291] 0.0000815998
0032 002876 -4267.48342:[347.96844:-111.04690:-43.95275] 0.0000744082
0033 002957 -4267.77234:[345.97492:-110.05994:-43.28378] 0.0000677039
0034 003037 -4268.03468:[344.13660:-109.14804:-42.66380] 0.0000614699
0035 003116 -4268.27238:[342.44509:-108.30734:-42.09058] 0.0000556916
0036 003195 -4268.48730:[340.89211:-107.53401:-41.56188] 0.0000503550
0037 003275 -4268.68129:[339.46946:-106.82423:-41.07545] 0.0000454450
0038 003350 -4268.85606:[338.16903:-106.17423:-40.62898] 0.0000409445
0039 003429 -4269.01330:[336.98281:-105.58026:-40.22018] 0.0000368326
0040 003510 -4269.15454:[335.90298:-105.03864:-39.84671] 0.0000330850
0041 003588 -4269.28123:[334.92193:-104.54574:-39.50629] 0.0000296773
0042 003665 -4269.39475:[334.03231:-104.09808:-39.19666] 0.0000265879
0043 003741 -4269.49634:[333.22703:-103.69225:-38.91562] 0.0000237967
0044 003819 -4269.58721:[332.49931:-103.32499:-38.66102] 0.0000212830
0045 003896 -4269.66843:[331.84268:-102.99318:-38.43080] 0.0000190231
0046 003972 -4269.74098:[331.25105:-102.69384:-38.22299] 0.0000169909
0047 004044 -4269.80570:[330.71880:-102.42421:-38.03572] 0.0000151596
0048 004117 -4269.86337:[330.24071:-102.18171:-37.86726] 0.0000135055
0049 004190 -4269.91465:[329.81204:-101.96399:-37.71601] 0.0000120107
0050 004267 -4269.96019:[329.42841:-101.76889:-37.58050] 0.0000106639
0051 004344 -4270.00057:[329.08575:-101.59441:-37.45937] 0.0000094570
Start evaluating ...
  Columns 1 through 7

    0.0012    0.0021    0.0026    0.0037    0.0046    0.0053    0.0062

  Columns 8 through 10

    0.0069    0.0076    0.0084

   5.2869e-04

Elapsed time is 4434.935403 seconds.
