nohup: ignoring input

                            < M A T L A B (R) >
                  Copyright 1984-2016 The MathWorks, Inc.
                   R2016a (9.0.0.341360) 64-bit (glnxa64)
                             February 11, 2016

 
To get started, type one of these: helpwin, helpdesk, or demo.
For product information, visit www.mathworks.com.
 

	Academic License

Start learning ...
Init data [Dtype: delicious - Dspec: sp3/2550]
Init social model
Using adagrad ...
Params [lbd-U: 0.1000|lbd-V: 10.0000|lbd-N: 0.1000|lbd-Q: 0.0500]
Staring Sample 3 - Loc: save/ctr/delicious-alg80-sp3-cold20170226125821298 
CTR(chongwang) Running ...

iter time likelihood:[r:u:v] converge
0001 000201 -15925.00000:[0.00000:0.00000:-0.00000] 1.0000000000
0002 000394 -11955.02066:[8537.96005:-279.61427:-2257.28657] 0.2492922661
0003 000588 -6911.27630:[22921.98973:-2347.88359:-2491.47477] 0.4218934041
0004 000800 -6792.90463:[23115.60257:-2359.18593:-2469.67670] 0.0171273240
0005 001083 -6715.91500:[23221.39243:-2358.69173:-2437.83651] 0.0113338310
0006 001354 -6657.28494:[23297.34272:-2358.19906:-2409.20589] 0.0087300184
0007 001620 -6611.32254:[23354.04930:-2357.83837:-2385.61529] 0.0069040754
0008 001885 -6575.23868:[23396.90008:-2357.60495:-2366.88847] 0.0054578879
0009 002150 -6547.08711:[23429.60375:-2357.59840:-2352.38143] 0.0042814523
0010 002420 -6525.29362:[23454.83467:-2357.88171:-2341.36580] 0.0033287306
0011 002699 -6508.55438:[23474.52153:-2358.45924:-2333.16259] 0.0025652862
0012 002975 -6495.80644:[23490.05130:-2359.29642:-2327.19080] 0.0019586436
0013 003251 -6486.19954:[23502.42393:-2360.34171:-2322.97553] 0.0014789379
0014 003528 -6479.06300:[23512.36627:-2361.54112:-2320.13822] 0.0011002653
0015 003801 -6473.87094:[23520.41384:-2362.84571:-2318.38008] 0.0008013605
0016 004080 -6470.21088:[23526.96774:-2364.21421:-2317.46556] 0.0005653579
0017 004360 -6467.75818:[23532.33324:-2365.61332:-2317.20836] 0.0003790763
0018 004634 -6466.25618:[23536.74595:-2367.01682:-2317.46059] 0.0002322291
0019 004906 -6465.50122:[23540.38968:-2368.40449:-2318.10454] 0.0001167532
0020 005182 -6465.33109:[23543.40925:-2369.76095:-2319.04629] 0.0000263130
0021 005457 -6465.61595:[23545.91982:-2371.07476:-2320.21061] 0.0000440583
0022 005727 -6466.25116:[23548.01395:-2372.33758:-2321.53693] 0.0000982448
0023 005991 -6467.15182:[23549.76686:-2373.54354:-2322.97619] 0.0001392870
0024 006261 -6468.24848:[23551.24037:-2374.68871:-2324.48837] 0.0001695737
0025 006530 -6469.48388:[23552.48574:-2375.77065:-2326.04058] 0.0001909948
0026 006797 -6470.81058:[23553.54582:-2376.78805:-2327.60569] 0.0002050697
0027 007067 -6472.18921:[23554.45647:-2377.74046:-2329.16135] 0.0002130534
0028 007336 -6473.58727:[23555.24762:-2378.62811:-2330.68930] 0.0002160104
0029 007603 -6474.97818:[23555.94412:-2379.45178:-2332.17487] 0.0002148593
0030 007872 -6476.34044:[23556.56657:-2380.21276:-2333.60644] 0.0002103893
0031 008142 -6477.65685:[23557.13202:-2380.91268:-2334.97498] 0.0002032632
0032 008412 -6478.91367:[23557.65471:-2381.55351:-2336.27353] 0.0001940240
0033 008685 -6480.10001:[23558.14658:-2382.13740:-2337.49675] 0.0001831083
0034 008954 -6481.20720:[23558.61774:-2382.66661:-2338.64058] 0.0001708602
0035 009222 -6482.22836:[23559.07678:-2383.14348:-2339.70197] 0.0001575569
0036 009495 -6483.15819:[23559.53090:-2383.57039:-2340.67880] 0.0001434437
0037 009764 -6483.99287:[23559.98597:-2383.94971:-2341.56983] 0.0001287453
0038 010042 -6484.72997:[23560.44664:-2384.28389:-2342.37466] 0.0001136807
0039 010270 -6485.36858:[23560.91623:-2384.57540:-2343.09385] 0.0000984787
0040 010462 -6485.90905:[23561.39708:-2384.82676:-2343.72875] 0.0000833357
0041 010640 -6486.35278:[23561.89078:-2385.04059:-2344.28139] 0.0000684147
0042 010750 -6486.70210:[23562.39833:-2385.21952:-2344.75438] 0.0000538559
0043 010906 -6486.96010:[23562.92029:-2385.36619:-2345.15077] 0.0000397727
0044 011021 -6487.13046:[23563.45676:-2385.48319:-2345.47397] 0.0000262617
0045 011188 -6487.21729:[23564.00750:-2385.57303:-2345.72759] 0.0000133849
0046 011367 -6487.22486:[23564.57210:-2385.63810:-2345.91536] 0.0000011677
Start evaluating ...
  Columns 1 through 7

    0.0834    0.0993    0.1045    0.1080    0.1101    0.1116    0.1127

  Columns 8 through 10

    0.1133    0.1141    0.1145

    0.0165

Elapsed time is 11456.626516 seconds.
