nohup: ignoring input

                            < M A T L A B (R) >
                  Copyright 1984-2016 The MathWorks, Inc.
                   R2016a (9.0.0.341360) 64-bit (glnxa64)
                             February 11, 2016

 
To get started, type one of these: helpwin, helpdesk, or demo.
For product information, visit www.mathworks.com.
 

	Academic License

Start learning ...
Init data [Dtype: delicious - Dspec: sp3/2550]
Init social model
Using adagrad ...
Params [lbd-U: 1.0000|lbd-V: 100.0000|lbd-N: 1.0000|lbd-Q: 0.0500]
Staring Sample 3 - Loc: save/ctr/delicious-alg80-sp3-cold20170226125821182 
CTR(chongwang) Running ...

iter time likelihood:[r:u:v] converge
0001 000198 -15925.00000:[0.00000:0.00000:-0.00000] 1.0000000000
0002 000394 -15250.62527:[1410.46699:-289.57850:-28.90450] 0.0423469219
0003 000586 -15177.35855:[1577.32926:-355.70157:-40.94348] 0.0048041781
0004 000800 -15176.31935:[1591.48141:-365.72743:-43.23483] 0.0000684702
0005 001082 -15182.53855:[1577.81495:-359.66886:-42.23239] 0.0004097962
0006 001364 -15188.01022:[1562.79375:-351.94054:-40.78610] 0.0003603926
0007 001640 -15192.77038:[1549.56250:-345.09318:-39.47531] 0.0003134152
0008 001916 -15196.99504:[1538.04492:-339.20159:-38.34075] 0.0002780707
0009 002192 -15200.78830:[1527.86760:-334.04426:-37.34594] 0.0002496060
0010 002460 -15204.21662:[1518.75582:-329.45132:-36.45935] 0.0002255356
0011 002722 -15207.32747:[1510.52997:-325.31570:-35.66048] 0.0002046042
0012 002989 -15210.15765:[1503.06696:-321.56792:-34.93595] 0.0001861063
0013 003254 -15212.73739:[1496.27529:-318.15884:-34.27634] 0.0001696063
0014 003521 -15215.09217:[1490.08200:-315.05047:-33.67443] 0.0001547901
0015 003792 -15217.24376:[1484.42645:-312.21168:-33.12428] 0.0001414118
0016 004058 -15219.21093:[1479.25711:-309.61624:-32.62091] 0.0001292722
0017 004321 -15221.00994:[1474.52963:-307.24163:-32.16006] 0.0001182069
0018 004588 -15222.65500:[1470.20558:-305.06841:-31.73804] 0.0001080782
0019 004856 -15224.15858:[1466.25139:-303.07963:-31.35165] 0.0000987723
0020 005124 -15225.53175:[1462.63749:-301.26043:-30.99807] 0.0000901966
0021 005397 -15226.78447:[1459.33750:-299.59760:-30.67480] 0.0000822778
0022 005662 -15227.92580:[1456.32762:-298.07930:-30.37960] 0.0000749554
0023 005932 -15228.96399:[1453.58622:-296.69476:-30.11041] 0.0000681767
0024 006202 -15229.90655:[1451.09363:-295.43417:-29.86536] 0.0000618926
0025 006466 -15230.76031:[1448.83194:-294.28862:-29.64276] 0.0000560582
0026 006729 -15231.53150:[1446.78487:-293.24999:-29.44106] 0.0000506336
0027 006999 -15232.22581:[1444.93754:-292.31087:-29.25883] 0.0000455838
0028 007269 -15232.84850:[1443.27631:-291.46446:-29.09480] 0.0000408796
0029 007524 -15233.40448:[1441.78852:-290.70452:-28.94776] 0.0000364987
0030 007781 -15233.89837:[1440.46233:-290.02519:-28.81662] 0.0000324221
0031 008035 -15234.33457:[1439.28658:-289.42097:-28.70032] 0.0000286329
0032 008290 -15234.71722:[1438.25068:-288.88668:-28.59788] 0.0000251180
0033 008548 -15235.05038:[1437.34447:-288.41734:-28.50834] 0.0000218686
0034 008810 -15235.33799:[1436.55805:-288.00815:-28.43077] 0.0000188780
0035 009067 -15235.58390:[1435.88174:-287.65441:-28.36425] 0.0000161410
0036 009319 -15235.79192:[1435.30601:-287.35149:-28.30785] 0.0000136536
0037 009581 -15235.96577:[1434.82149:-287.09486:-28.26067] 0.0000114106
0038 009835 -15236.10911:[1434.41899:-286.88004:-28.22180] 0.0000094080
Start evaluating ...
  Columns 1 through 7

    0.0015    0.0039    0.0052    0.0065    0.0075    0.0088    0.0097

  Columns 8 through 10

    0.0106    0.0115    0.0122

   5.0696e-04

Elapsed time is 9969.577245 seconds.
