nohup: ignoring input

                            < M A T L A B (R) >
                  Copyright 1984-2016 The MathWorks, Inc.
                   R2016a (9.0.0.341360) 64-bit (glnxa64)
                             February 11, 2016

 
To get started, type one of these: helpwin, helpdesk, or demo.
For product information, visit www.mathworks.com.
 

	Academic License

Start learning ...
Init data [Dtype: delicious - Dspec: sp3/0550]
Init social model
Using adagrad ...
Params [lbd-U: 10.0000|lbd-V: 0.1000|lbd-N: 10.0000|lbd-Q: 0.1000]
Staring Sample 3 - Loc: save/ctrsmf/delicious-alg90-sp3-cold20170225114400002 
CTR-SMF Running ...

iter time likelihood converge
0001 000101 -5799279.69782 1.0000000000
0002 000214 -5635595.26447 0.0282249593
0003 000329 -5511144.88270 0.0220829169
0004 000448 -5471604.19147 0.0071746782
0005 000554 -5452016.07742 0.0035799582
0006 000654 -5436653.97814 0.0028176915
0007 000759 -5426065.44451 0.0019476196
0008 000864 -5419408.67662 0.0012268130
0009 000970 -5414799.37376 0.0008505177
0010 001075 -5411283.83792 0.0006492458
0011 001179 -5408395.41234 0.0005337782
0012 001280 -5405927.25156 0.0004563573
0013 001383 -5403777.45804 0.0003976734
0014 001483 -5401884.07247 0.0003503819
0015 001583 -5400203.77653 0.0003110574
0016 001683 -5398703.63593 0.0002777933
0017 001782 -5397357.25543 0.0002493896
0018 001882 -5396142.76907 0.0002250150
0019 001983 -5395041.75977 0.0002040364
0020 002083 -5394038.65390 0.0001859311
0021 002178 -5393120.31606 0.0001702505
0022 002277 -5392275.68436 0.0001566128
0023 002370 -5391495.36655 0.0001447103
0024 002468 -5390771.26194 0.0001343050
0025 002559 -5390096.32603 0.0001252021
0026 002655 -5389464.42093 0.0001172345
0027 002750 -5388870.16502 0.0001102625
0028 002842 -5388308.85340 0.0001041613
0029 002938 -5387776.51008 0.0000987960
0030 003027 -5387269.96275 0.0000940179
0031 003123 -5386786.82552 0.0000896813
0032 003213 -5386325.37557 0.0000856633
0033 003301 -5385884.36208 0.0000818765
0034 003389 -5385462.80087 0.0000782715
0035 003478 -5385059.80926 0.0000748295
0036 003573 -5384674.52647 0.0000715466
0037 003658 -5384306.13371 0.0000684150
0038 003743 -5383953.93466 0.0000654122
0039 003833 -5383617.42419 0.0000625025
0040 003915 -5383296.29195 0.0000596499
0041 004000 -5382990.36495 0.0000568289
0042 004085 -5382699.54925 0.0000540249
0043 004169 -5382423.81721 0.0000512256
0044 004257 -5382163.22791 0.0000484149
0045 004340 -5381917.92122 0.0000455777
0046 004425 -5381688.01273 0.0000427187
0047 004513 -5381473.46991 0.0000398653
0048 004601 -5381274.03807 0.0000370590
0049 004682 -5381089.18308 0.0000343515
0050 004764 -5380918.12074 0.0000317895
0051 004849 -5380759.93536 0.0000293975
0052 004927 -5380613.67161 0.0000271827
0053 005005 -5380478.37261 0.0000251456
0054 005085 -5380353.08970 0.0000232847
0055 005164 -5380236.91757 0.0000215919
0056 005242 -5380129.05090 0.0000200487
0057 005324 -5380028.80275 0.0000186330
0058 005401 -5379935.54209 0.0000173346
0059 005479 -5379848.65749 0.0000161497
0060 005561 -5379767.61674 0.0000150638
0061 005639 -5379692.01681 0.0000140526
0062 005725 -5379621.56674 0.0000130956
0063 005800 -5379556.03332 0.0000121818
0064 005866 -5379495.22395 0.0000113038
0065 005934 -5379438.96841 0.0000104574
0066 006001 -5379386.98853 0.0000096627
Start evaluating ...
  Columns 1 through 7

    0.0021    0.0027    0.0030    0.0032    0.0034    0.0037    0.0039

  Columns 8 through 10

    0.0040    0.0042    0.0044

   6.6462e-04

Elapsed time is 6089.356454 seconds.
