nohup: ignoring input

                            < M A T L A B (R) >
                  Copyright 1984-2016 The MathWorks, Inc.
                   R2016a (9.0.0.341360) 64-bit (glnxa64)
                             February 11, 2016

 
To get started, type one of these: helpwin, helpdesk, or demo.
For product information, visit www.mathworks.com.
 

	Academic License

Start learning ...
Init data [Dtype: delicious - Dspec: sp3/1050]
Init social model
Using adagrad ...
Load pretrained shallow-model...
Params [lbd-U: 10.0000|lbd-V: 1.0000|lbd-N: 10.0000|lbd-Q: 0.1000]
Staring Sample 3 - Loc: save/bcdl/delicious-alg61-sp3-cold20170225114412551 
CTR(chongwang)-DAE(User graph) Running - Walks(1)...
-1/200: 4362215.805525/4405.994988/4357809.810537/1.000000000
-2/200: 4356089.984387/4142.425331/4351947.559056/0.001404291
-3/200: 4356049.202597/4138.528769/4351910.673828/0.000009362
-4/200: 4356058.966390/4137.199505/4351921.766885/0.000002241
-5/200: 4355947.027042/4136.993153/4351810.033889/0.000025697
-6/200: 4355953.962279/4137.197660/4351816.764619/0.000001592
-7/200: 4356179.756710/4137.567514/4352042.189196/0.000051836
-8/200: 4356227.857590/4138.002199/4352089.855391/0.000011042
-9/200: 4356194.116430/4138.457584/4352055.658846/0.000007745
-10/200: 4356231.789272/4138.905564/4352092.883708/0.000008648
-11/200: 4356160.644097/4139.338777/4352021.305320/0.000016332
-12/200: 4356098.572050/4139.756087/4351958.815963/0.000014249
-13/200: 4356221.957431/4140.153201/4352081.804230/0.000028325
-14/200: 4356284.355599/4140.530462/4352143.825137/0.000014324
-15/200: 4356198.897657/4140.892055/4352058.005602/0.000019617
-16/200: 4356207.701302/4141.232979/4352066.468323/0.000002021
-17/200: 4356290.028698/4141.556942/4352148.471756/0.000018899
-18/200: 4356434.336604/4141.864070/4352292.472534/0.000033126
-19/200: 4356339.693735/4142.158583/4352197.535152/0.000021725
-20/200: 4356378.235312/4142.437192/4352235.798120/0.000008847
-21/200: 4356256.166926/4142.706287/4352113.460639/0.000028021
-22/200: 4356408.537173/4142.960894/4352265.576279/0.000034977
-23/200: 4356461.361345/4143.205124/4352318.156221/0.000012126
-24/200: 4356528.983609/4143.437635/4352385.545974/0.000015522
-25/200: 4356418.861862/4143.661797/4352275.200065/0.000025277
-26/200: 4356433.376591/4143.876687/4352289.499904/0.000003332
-27/200: 4356384.532577/4144.081017/4352240.451560/0.000011212
-28/200: 4356595.144061/4144.276350/4352450.867711/0.000048345
-29/200: 4356573.725284/4144.464146/4352429.261138/0.000004916
-30/200: 4356511.931632/4144.645297/4352367.286335/0.000014184
-31/200: 4356510.924345/4144.817968/4352366.106377/0.000000231
-32/200: 4356592.808898/4144.984835/4352447.824063/0.000018796
-33/200: 4356354.033597/4145.145005/4352208.888592/0.000054808
-34/200: 4356592.948846/4145.300047/4352447.648799/0.000054843
-35/200: 4356406.224362/4145.448587/4352260.775775/0.000042860
-36/200: 4356558.665250/4145.593112/4352413.072138/0.000034992
-37/200: 4356579.142253/4145.732435/4352433.409818/0.000004700
-38/200: 4356531.511995/4145.866734/4352385.645261/0.000010933
-39/200: 4356598.153767/4145.997176/4352452.156591/0.000015297
-40/200: 4356565.379656/4146.123506/4352419.256150/0.000007523
-41/200: 4356702.362638/4146.246617/4352556.116021/0.000031443
-42/200: 4356720.615341/4146.365549/4352574.249792/0.000004190
-43/200: 4356690.206186/4146.480938/4352543.725248/0.000006980
-44/200: 4356710.056259/4146.591864/4352563.464395/0.000004556
-45/200: 4356688.722602/4146.700103/4352542.022499/0.000004897
-46/200: 4356685.624659/4146.806316/4352538.818343/0.000000711
-47/200: 4356757.257471/4146.908970/4352610.348501/0.000016442
-48/200: 4356750.762628/4147.008794/4352603.753834/0.000001491
-49/200: 4356641.225983/4147.106657/4352494.119326/0.000025142
-50/200: 4356690.561826/4147.201477/4352543.360349/0.000011324
-51/200: 4356693.272472/4147.293578/4352545.978894/0.000000622
-52/200: 4356841.518044/4147.383531/4352694.134513/0.000034027
-53/200: 4356692.180382/4147.472102/4352544.708280/0.000034277
-54/200: 4356762.844284/4147.558839/4352615.285445/0.000016220
-55/200: 4356753.817936/4147.642679/4352606.175257/0.000002072
-56/200: 4356754.701548/4147.724424/4352606.977124/0.000000203
-57/200: 4356795.187660/4147.805760/4352647.381900/0.000009293
-58/200: 4356847.282393/4147.885021/4352699.397372/0.000011957
-59/200: 4356818.492491/4147.962325/4352670.530166/0.000006608
-60/200: 4356830.284887/4148.037581/4352682.247306/0.000002707
-61/200: 4356751.342268/4148.111387/4352603.230881/0.000018119
-62/200: 4356891.808305/4148.183766/4352743.624539/0.000032241
-63/200: 4356822.896412/4148.254383/4352674.642029/0.000015817
-64/200: 4356967.842570/4148.323760/4352819.518810/0.000033269
-65/200: 4356972.313345/4148.391733/4352823.921612/0.000001026
-66/200: 4356956.533806/4148.458978/4352808.074828/0.000003622
-67/200: 4356856.819071/4148.524186/4352708.294885/0.000022886
-68/200: 4356868.379949/4148.587962/4352719.791987/0.000002653
-69/200: 4356892.460136/4148.650163/4352743.809973/0.000005527
-70/200: 4356885.956684/4148.711367/4352737.245317/0.000001493
-71/200: 4356982.702442/4148.771480/4352833.930962/0.000022205
-72/200: 4356932.482090/4148.829602/4352783.652488/0.000011526
-73/200: 4357036.485914/4148.887077/4352887.598837/0.000023871
-74/200: 4356992.602128/4148.943628/4352843.658500/0.000010072
-75/200: 4356957.444537/4148.998671/4352808.445866/0.000008069
-76/200: 4357056.044964/4149.052639/4352906.992325/0.000022631
-77/200: 4357075.511081/4149.105687/4352926.405394/0.000004468
-78/200: 4357073.146729/4149.157222/4352923.989507/0.000000543
-79/200: 4356970.142978/4149.207867/4352820.935111/0.000023641
-80/200: 4356987.364013/4149.257265/4352838.106748/0.000003953
-81/200: 4357044.520897/4149.305818/4352895.215079/0.000013118
-82/200: 4357114.785216/4149.353334/4352965.431882/0.000016127
-83/200: 4357050.196122/4149.400025/4352900.796097/0.000014824
-84/200: 4357033.175071/4149.445243/4352883.729828/0.000003907
-85/200: 4357104.000145/4149.489980/4352954.510165/0.000016255
-86/200: 4357107.798417/4149.533571/4352958.264846/0.000000872
-87/200: 4357118.689310/4149.576406/4352969.112904/0.000002500
-88/200: 4357157.724659/4149.618479/4353008.106180/0.000008959
-89/200: 4357122.584354/4149.659774/4352972.924580/0.000008065
-90/200: 4357157.166067/4149.699948/4353007.466119/0.000007937
-91/200: 4357148.087127/4149.739126/4352998.348001/0.000002084
-92/200: 4357188.902489/4149.777662/4353039.124827/0.000009367
-93/200: 4357166.573716/4149.815266/4353016.758450/0.000005125
-94/200: 4357235.939783/4149.852277/4353086.087506/0.000015920
-95/200: 4357208.682796/4149.888426/4353058.794370/0.000006256
-96/200: 4357169.817736/4149.924139/4353019.893597/0.000008920
-97/200: 4357217.572315/4149.959095/4353067.613220/0.000010960
-98/200: 4357248.242491/4149.993177/4353098.249314/0.000007039
-99/200: 4357261.529815/4150.026764/4353111.503051/0.000003049
Recall at EP-100 ...
  Columns 1 through 7

    0.0058    0.0100    0.0129    0.0153    0.0175    0.0196    0.0217

  Columns 8 through 10

    0.0231    0.0245    0.0259

Mrr at EP-100 ...
    0.0016

-100/200: 4357227.681597/4150.059808/4353077.621789/0.000007768
-101/200: 4357211.349296/4150.091772/4353061.257524/0.000003748
-102/200: 4357251.920113/4150.123407/4353101.796706/0.000009311
-103/200: 4357317.018868/4150.154369/4353166.864499/0.000014940
-104/200: 4357255.517088/4150.184434/4353105.332654/0.000014115
-105/200: 4357310.533449/4150.214075/4353160.319374/0.000012626
-106/200: 4357269.916350/4150.243328/4353119.673022/0.000009322
-107/200: 4357308.420795/4150.272129/4353158.148666/0.000008837
-108/200: 4357356.347885/4150.299984/4353206.047901/0.000010999
-109/200: 4357308.661214/4150.327420/4353158.333794/0.000010944
-110/200: 4357296.938570/4150.354291/4353146.584279/0.000002690
-111/200: 4357377.228941/4150.380999/4353226.847942/0.000018427
-112/200: 4357371.530659/4150.407092/4353221.123567/0.000001308
-113/200: 4357349.850263/4150.432640/4353199.417623/0.000004976
-114/200: 4357333.705311/4150.457729/4353183.247582/0.000003705
-115/200: 4357371.117416/4150.482331/4353220.635085/0.000008586
-116/200: 4357359.645386/4150.506391/4353209.138995/0.000002633
-117/200: 4357411.999237/4150.529898/4353261.469339/0.000012015
-118/200: 4357403.732346/4150.553302/4353253.179044/0.000001897
-119/200: 4357443.389508/4150.576076/4353292.813432/0.000009101
-120/200: 4357421.781278/4150.598161/4353271.183117/0.000004959
-121/200: 4357460.946170/4150.619869/4353310.326301/0.000008988
-122/200: 4357471.191123/4150.641169/4353320.549954/0.000002351
-123/200: 4357444.684034/4150.662245/4353294.021789/0.000006083
-124/200: 4357461.851974/4150.682698/4353311.169276/0.000003940
-125/200: 4357473.778053/4150.702828/4353323.075225/0.000002737
-126/200: 4357474.950786/4150.722705/4353324.228081/0.000000269
-127/200: 4357475.124570/4150.742222/4353324.382348/0.000000040
Start evaluating ...
  Columns 1 through 7

    0.0049    0.0081    0.0107    0.0128    0.0147    0.0163    0.0179

  Columns 8 through 10

    0.0194    0.0208    0.0220

    0.0014

Elapsed time is 15488.223483 seconds.
