nohup: ignoring input

                            < M A T L A B (R) >
                  Copyright 1984-2016 The MathWorks, Inc.
                   R2016a (9.0.0.341360) 64-bit (glnxa64)
                             February 11, 2016

 
To get started, type one of these: helpwin, helpdesk, or demo.
For product information, visit www.mathworks.com.
 

	Academic License

Start learning ...
Init data [Dtype: delicious - Dspec: sp3/2550]
Init social model
Using adagrad ...
Load pretrained shallow-model...
Params [lbd-U: 0.1000|lbd-V: 0.0100|lbd-N: 0.1000|lbd-Q: 0.0500]
Staring Sample 3 - Loc: save/bcdl/delicious-alg61-sp3-cold20170226125817297 
CTR(chongwang)-DAE(User graph) Running - Walks(1)...
-1/200: 46116.763340/2538.665235/43578.098105/1.000000000
-2/200: 44815.097749/1316.829002/43498.268747/0.028225433
-3/200: 44798.131184/1282.696700/43515.434484/0.000378590
-4/200: 44780.809558/1262.997263/43517.812295/0.000386660
-5/200: 44765.331462/1248.578247/43516.753215/0.000345641
-6/200: 44754.391295/1237.568448/43516.822847/0.000244389
-7/200: 44747.958188/1228.901370/43519.056818/0.000143742
-8/200: 44741.419634/1221.906772/43519.512862/0.000146120
-9/200: 44735.281152/1216.140543/43519.140609/0.000137199
-10/200: 44730.837312/1211.298188/43519.539124/0.000099336
-11/200: 44726.028309/1207.167117/43518.861192/0.000107510
-12/200: 44721.881095/1203.595305/43518.285790/0.000092725
-13/200: 44719.893650/1200.471844/43519.421806/0.000044440
-14/200: 44717.805909/1197.713946/43520.091963/0.000046685
-15/200: 44714.439357/1195.259142/43519.180215/0.000075284
-16/200: 44712.456504/1193.058741/43519.397763/0.000044345
-17/200: 44711.299292/1191.074820/43520.224472/0.000025881
-18/200: 44710.851384/1189.276878/43521.574506/0.000010018
-19/200: 44708.364014/1187.640272/43520.723742/0.000055632
-20/200: 44707.213465/1186.144711/43521.068754/0.000025735
-21/200: 44704.634939/1184.773393/43519.861546/0.000057676
-22/200: 44704.911279/1183.512110/43521.399169/0.000006181
-23/200: 44704.189679/1182.348940/43521.840739/0.000016141
-24/200: 44703.760549/1181.273676/43522.486873/0.000009599
-25/200: 44701.751567/1180.277287/43521.474280/0.000044940
-26/200: 44701.092892/1179.352260/43521.740632/0.000014735
-27/200: 44699.699849/1178.492002/43521.207847/0.000031164
-28/200: 44700.936679/1177.690396/43523.246283/0.000027670
-29/200: 44699.955409/1176.942515/43523.012894/0.000021952
-30/200: 44698.745902/1176.243653/43522.502249/0.000027058
-31/200: 44698.082828/1175.589844/43522.492984/0.000014834
-32/200: 44698.342656/1174.977369/43523.365287/0.000005813
-33/200: 44695.424021/1174.402881/43521.021140/0.000065296
-34/200: 44697.226353/1173.863559/43523.362794/0.000040325
-35/200: 44694.858693/1173.356723/43521.501970/0.000052971
-36/200: 44695.926616/1172.879953/43523.046663/0.000023894
-37/200: 44695.663344/1172.430983/43523.232361/0.000005890
-38/200: 44694.798578/1172.007856/43522.790722/0.000019348
-39/200: 44695.133738/1171.608815/43523.524923/0.000007499
-40/200: 44694.378667/1171.232197/43523.146470/0.000016894
-41/200: 44695.415161/1170.876391/43524.538770/0.000023191
-42/200: 44695.198605/1170.540220/43524.658385/0.000004845
-43/200: 44694.712383/1170.222159/43524.490224/0.000010879
-44/200: 44694.542043/1169.921052/43524.620991/0.000003811
-45/200: 44694.081956/1169.635884/43524.446072/0.000010294
-46/200: 44693.798304/1169.365661/43524.432643/0.000006347
-47/200: 44694.255853/1169.109364/43525.146489/0.000010237
-48/200: 44693.888362/1168.866239/43525.022123/0.000008222
-49/200: 44692.651464/1168.635460/43524.016004/0.000027675
-50/200: 44692.985685/1168.416190/43524.569495/0.000007478
-51/200: 44692.758286/1168.207807/43524.550479/0.000005088
-52/200: 44694.137589/1168.009673/43526.127916/0.000030862
-53/200: 44692.417128/1167.821175/43524.595953/0.000038494
-54/200: 44692.907821/1167.641834/43525.265987/0.000010979
-55/200: 44692.795643/1167.470989/43525.324654/0.000002510
-56/200: 44692.637450/1167.308168/43525.329282/0.000003540
-57/200: 44692.787233/1167.153113/43525.634120/0.000003351
-58/200: 44693.221928/1167.005176/43526.216752/0.000009726
-59/200: 44692.797992/1166.864007/43525.933985/0.000009485
-60/200: 44692.801654/1166.729268/43526.072386/0.000000082
-61/200: 44691.932149/1166.600590/43525.331559/0.000019455
-62/200: 44693.228134/1166.477673/43526.750461/0.000028998
-63/200: 44692.393372/1166.360205/43526.033167/0.000018678
-64/200: 44693.748093/1166.247889/43527.500204/0.000030312
-65/200: 44693.708694/1166.140531/43527.568163/0.000000882
-66/200: 44693.383404/1166.037855/43527.345549/0.000007278
-67/200: 44692.416878/1165.939415/43526.477463/0.000021626
-68/200: 44692.421626/1165.845223/43526.576403/0.000000106
-69/200: 44692.559758/1165.754995/43526.804763/0.000003091
-70/200: 44692.385260/1165.668496/43526.716764/0.000003904
-71/200: 44693.332876/1165.585566/43527.747310/0.000021203
-72/200: 44692.746215/1165.506024/43527.240191/0.000013126
-73/200: 44693.683664/1165.429730/43528.253934/0.000020975
-74/200: 44693.222309/1165.356466/43527.865843/0.000010323
-75/200: 44692.842321/1165.286187/43527.556134/0.000008502
-76/200: 44693.807936/1165.218633/43528.589303/0.000021606
-77/200: 44693.915329/1165.153754/43528.761575/0.000002403
-78/200: 44693.882886/1165.091290/43528.791596/0.000000726
-79/200: 44692.722958/1165.031355/43527.691603/0.000025953
-80/200: 44692.839974/1164.973664/43527.866310/0.000002618
-81/200: 44693.360474/1164.918151/43528.442323/0.000011646
-82/200: 44694.103782/1164.864645/43529.239137/0.000016631
-83/200: 44693.411023/1164.813151/43528.597872/0.000015500
-84/200: 44693.178077/1164.763506/43528.414571/0.000005212
-85/200: 44693.863545/1164.715678/43529.147867/0.000015337
-86/200: 44693.864465/1164.669514/43529.194951/0.000000021
-87/200: 44693.946422/1164.625008/43529.321414/0.000001834
-88/200: 44694.324016/1164.582141/43529.741875/0.000008448
-89/200: 44693.890896/1164.540722/43529.350174/0.000009691
-90/200: 44694.233451/1164.500741/43529.732710/0.000007664
-91/200: 44694.204534/1164.462073/43529.742461/0.000000647
-92/200: 44694.517211/1164.424726/43530.092485/0.000006996
-93/200: 44694.276446/1164.388665/43529.887781/0.000005387
-94/200: 44694.972176/1164.353729/43530.618447/0.000015566
-95/200: 44694.669764/1164.320007/43530.349757/0.000006766
-96/200: 44694.228432/1164.287365/43529.941067/0.000009874
-97/200: 44694.709340/1164.255827/43530.453513/0.000010760
-98/200: 44694.997977/1164.225237/43530.772740/0.000006458
-99/200: 44695.086895/1164.195614/43530.891281/0.000001989
Recall at EP-100 ...
  Columns 1 through 7

    0.0839    0.1029    0.1134    0.1204    0.1274    0.1353    0.1446

  Columns 8 through 10

    0.1558    0.1682    0.1801

Mrr at EP-100 ...
    0.0199

-100/200: 44694.746707/1164.166962/43530.579745/0.000007611
-101/200: 44694.553461/1164.139113/43530.414348/0.000004324
-102/200: 44694.941484/1164.112174/43530.829310/0.000008682
-103/200: 44695.660774/1164.085981/43531.574793/0.000016093
-104/200: 44694.947144/1164.060609/43530.886535/0.000015966
-105/200: 44695.539395/1164.035958/43531.503437/0.000013251
-106/200: 44695.083319/1164.012114/43531.071205/0.000010204
-107/200: 44695.456786/1163.988960/43531.467826/0.000008356
-108/200: 44695.948494/1163.966395/43531.982099/0.000011001
-109/200: 44695.419050/1163.944502/43531.474548/0.000011845
-110/200: 44695.333468/1163.923219/43531.410249/0.000001915
-111/200: 44696.112124/1163.902564/43532.209560/0.000017421
-112/200: 44696.061977/1163.882492/43532.179485/0.000001122
-113/200: 44695.850443/1163.862928/43531.987515/0.000004733
-114/200: 44695.652910/1163.843874/43531.809036/0.000004420
-115/200: 44695.980135/1163.825404/43532.154731/0.000007321
-116/200: 44695.876974/1163.807348/43532.069626/0.000002308
-117/200: 44696.465523/1163.789791/43532.675732/0.000013168
-118/200: 44696.356895/1163.772708/43532.584187/0.000002430
-119/200: 44696.755493/1163.756041/43532.999452/0.000008918
-120/200: 44696.569977/1163.739753/43532.830224/0.000004151
-121/200: 44696.963201/1163.723912/43533.239289/0.000008798
-122/200: 44697.011591/1163.708443/43533.303148/0.000001083
-123/200: 44696.721498/1163.693376/43533.028122/0.000006490
-124/200: 44696.910546/1163.678638/43533.231908/0.000004230
-125/200: 44697.037488/1163.664286/43533.373202/0.000002840
-126/200: 44697.055620/1163.650243/43533.405377/0.000000406
-127/200: 44696.993435/1163.636637/43533.356798/0.000001391
-128/200: 44697.061946/1163.623297/43533.438649/0.000001533
-129/200: 44697.128281/1163.610219/43533.518062/0.000001484
-130/200: 44697.732662/1163.597465/43534.135197/0.000013522
-131/200: 44697.166689/1163.585032/43533.581657/0.000012662
-132/200: 44697.702570/1163.572872/43534.129698/0.000011989
-133/200: 44697.816617/1163.560990/43534.255627/0.000002552
-134/200: 44698.277646/1163.549304/43534.728342/0.000010314
-135/200: 44697.527844/1163.537920/43533.989924/0.000016775
-136/200: 44697.733102/1163.526741/43534.206361/0.000004592
-137/200: 44698.356093/1163.515829/43534.840264/0.000013938
-138/200: 44698.178117/1163.505163/43534.672954/0.000003982
-139/200: 44698.047497/1163.494702/43534.552795/0.000002922
-140/200: 44698.431861/1163.484455/43534.947406/0.000008599
-141/200: 44698.548006/1163.474462/43535.073544/0.000002598
-142/200: 44698.264094/1163.464637/43534.799457/0.000006352
-143/200: 44698.577987/1163.455015/43535.122972/0.000007022
-144/200: 44698.738600/1163.445568/43535.293032/0.000003593
-145/200: 44698.994195/1163.436399/43535.557796/0.000005718
-146/200: 44698.908505/1163.427297/43535.481208/0.000001917
-147/200: 44699.061815/1163.418438/43535.643377/0.000003430
-148/200: 44698.749750/1163.409684/43535.340066/0.000006981
-149/200: 44699.086212/1163.401156/43535.685056/0.000007527
-150/200: 44699.255361/1163.392792/43535.862569/0.000003784
-151/200: 44699.391824/1163.384579/43536.007245/0.000003053
-152/200: 44699.307429/1163.376507/43535.930922/0.000001888
-153/200: 44699.430781/1163.368581/43536.062200/0.000002760
-154/200: 44699.573518/1163.360817/43536.212701/0.000003193
-155/200: 44699.525139/1163.353168/43536.171971/0.000001082
-156/200: 44699.592161/1163.345730/43536.246431/0.000001499
-157/200: 44700.093159/1163.338325/43536.754834/0.000011208
-158/200: 44699.986936/1163.331120/43536.655816/0.000002376
-159/200: 44700.133312/1163.324036/43536.809276/0.000003275
-160/200: 44700.208397/1163.317086/43536.891311/0.000001680
/bin/bash: fork: retry: No child processes
/bin/bash: fork: retry: No child processes
/bin/bash: fork: retry: No child processes
/bin/bash: fork: retry: No child processes
/bin/bash: fork: Resource temporarily unavailable
-export LD_LIBRARY_PATH=../gsldump/lib && ctr-part-bcdl/ctr --theta_opt --mult data/delicious/ctr-data/mult.dat --theta_init save/bcdl/delicious-alg61-sp3-cold20170226125817297/final-theta.dat --beta_init save/bcdl/delicious-alg61-sp3-cold20170226125817297/final-beta.dat --directory save/bcdl/delicious-alg61-sp3-cold20170226125817297 --user data/delicious/coldstart/ctr-data/sp3/2550/train-users.dat --item data/delicious/coldstart/ctr-data/sp3/2550/train-items.dat --max_iter 1 --num_factors 200 --lambda_v 0.010000 --lambda_u 0.100000 --save_lag 100 --random_seed 123 --delta_init save/bcdl/delicious-alg61-sp3-cold20170226125817297/final-delta.dat >> save/bcdl/delicious-alg61-sp3-cold20170226125817297/ctr-log: Signal 126
161/200: 44699.854040/1163.317086/43536.536954/0.000007927
-162/200: 44700.121697/1163.317086/43536.804611/0.000005988
-163/200: 44700.633977/1163.317086/43537.316891/0.000011460
/bin/bash: fork: retry: No child processes
/bin/bash: fork: retry: No child processes
/bin/bash: fork: retry: No child processes
-164/200: 44700.189684/1163.310432/43536.879252/0.000009939
-165/200: 44700.763585/1163.303717/43537.459868/0.000012839
-166/200: 44700.607670/1163.297082/43537.310588/0.000003488
-167/200: 44700.589670/1163.290563/43537.299107/0.000000403
-168/200: 44700.876426/1163.284195/43537.592231/0.000006415
-169/200: 44700.845179/1163.277901/43537.567278/0.000000699
-170/200: 44700.922701/1163.271728/43537.650973/0.000001734
-171/200: 44700.996705/1163.265660/43537.731045/0.000001656
-172/200: 44701.289160/1163.259658/43538.029502/0.000006542
-173/200: 44701.048192/1163.253795/43537.794397/0.000005391
-174/200: 44701.752502/1163.248054/43538.504448/0.000015756
-175/200: 44701.223864/1163.242372/43537.981492/0.000011826
-176/200: 44701.726092/1163.236804/43538.489288/0.000011235
-177/200: 44701.902840/1163.231346/43538.671494/0.000003954
-178/200: 44701.717880/1163.225881/43538.491999/0.000004138
-179/200: 44701.866470/1163.220560/43538.645910/0.000003324
-180/200: 44701.636845/1163.215302/43538.421543/0.000005137
-181/200: 44702.201725/1163.210136/43538.991589/0.000012637
-182/200: 44702.076818/1163.205019/43538.871799/0.000002794
-183/200: 44702.306313/1163.200035/43539.106278/0.000005134
-184/200: 44702.414651/1163.195116/43539.219535/0.000002424
-185/200: 44702.614266/1163.190279/43539.423987/0.000004465
-186/200: 44702.474625/1163.185523/43539.289102/0.000003124
-187/200: 44702.502148/1163.180847/43539.321301/0.000000616
-188/200: 44702.794895/1163.176173/43539.618722/0.000006549
-189/200: 44702.914092/1163.171683/43539.742409/0.000002666
-190/200: 44702.914058/1163.167184/43539.746874/0.000000001
Start evaluating ...
  Columns 1 through 7

    0.0826    0.1020    0.1126    0.1188    0.1260    0.1345    0.1445

  Columns 8 through 10

    0.1572    0.1704    0.1819

    0.0202

Elapsed time is 34094.814585 seconds.
