nohup: ignoring input

                            < M A T L A B (R) >
                  Copyright 1984-2016 The MathWorks, Inc.
                   R2016a (9.0.0.341360) 64-bit (glnxa64)
                             February 11, 2016

 
To get started, type one of these: helpwin, helpdesk, or demo.
For product information, visit www.mathworks.com.
 

	Academic License

Start learning ...
Init data [Dtype: delicious - Dspec: sp3/1050]
Init social model
Using adagrad ...
Load pretrained shallow-model...
Params [lbd-U: 0.0100|lbd-V: 0.0100|lbd-N: 0.0100|lbd-Q: 0.1000]
Staring Sample 3 - Loc: save/bcdl/delicious-alg61-sp3-cold20170225114414882 
CTR(chongwang)-DAE(User graph) Running - Walks(1)...
-1/200: 5192.869577/835.059766/4357.809811/1.000000000
-2/200: 4929.485982/579.883144/4349.602838/0.050720241
-3/200: 4884.468097/533.176867/4351.291230/0.009132369
-4/200: 4853.595980/501.841723/4351.754257/0.006320466
-5/200: 4829.023939/477.364944/4351.658995/0.005062647
-6/200: 4809.349944/457.681051/4351.668893/0.004074114
-7/200: 4793.389782/441.498017/4351.891765/0.003318570
-8/200: 4779.890245/427.956565/4351.933680/0.002816282
-9/200: 4768.365614/416.459996/4351.905618/0.002411066
-10/200: 4758.516509/406.579986/4351.936523/0.002065510
-11/200: 4749.873526/398.000511/4351.873015/0.001816319
-12/200: 4742.291956/390.483263/4351.808693/0.001596163
-13/200: 4735.771342/383.844938/4351.926404/0.001374992
-14/200: 4729.927646/377.942175/4351.985471/0.001233948
-15/200: 4724.563969/372.661276/4351.902693/0.001133987
-16/200: 4719.822328/367.910893/4351.911435/0.001003615
-17/200: 4715.621697/363.616748/4352.004949/0.000889998
-18/200: 4711.853474/359.717830/4352.135644/0.000799093
-19/200: 4708.209203/356.163624/4352.045579/0.000773426
-20/200: 4704.998067/352.911877/4352.086190/0.000682029
-21/200: 4701.891350/349.926943/4351.964407/0.000660301
-22/200: 4699.300051/347.178614/4352.121437/0.000551119
-23/200: 4696.800552/344.641080/4352.159472/0.000531887
-24/200: 4694.521330/342.292150/4352.229180/0.000485271
-25/200: 4692.244155/340.112633/4352.131522/0.000485071
-26/200: 4690.232005/338.085880/4352.146125/0.000428824
-27/200: 4688.296186/336.197340/4352.098846/0.000412734
-28/200: 4686.739247/334.434219/4352.305028/0.000332090
-29/200: 4685.072749/332.785306/4352.287443/0.000355577
-30/200: 4683.470023/331.240652/4352.229371/0.000342092
-31/200: 4682.022384/329.791423/4352.230961/0.000309095
-32/200: 4680.740732/328.429772/4352.310960/0.000273739
-33/200: 4679.226910/327.148642/4352.078268/0.000323415
-34/200: 4678.246022/325.941755/4352.304267/0.000209626
-35/200: 4676.934950/324.803427/4352.131523/0.000280249
-36/200: 4676.004333/323.728546/4352.275787/0.000198980
-37/200: 4675.010997/322.712483/4352.298514/0.000212433
-38/200: 4674.013983/321.751041/4352.262942/0.000213265
-39/200: 4673.169444/320.840408/4352.329036/0.000180688
-40/200: 4672.263490/319.977136/4352.286354/0.000193863
-41/200: 4671.583986/319.158053/4352.425933/0.000145433
-42/200: 4670.824355/318.380258/4352.444097/0.000162607
-43/200: 4670.061620/317.641088/4352.420532/0.000163298
-44/200: 4669.376998/316.938107/4352.438891/0.000146598
-45/200: 4668.683394/316.269092/4352.414302/0.000148543
-46/200: 4668.046248/315.631958/4352.414290/0.000136472
-47/200: 4667.511828/315.024800/4352.487028/0.000114485
-48/200: 4666.921579/314.445857/4352.475722/0.000126459
-49/200: 4666.269539/313.893519/4352.376020/0.000139715
-50/200: 4665.793038/313.366247/4352.426791/0.000102116
-51/200: 4665.288554/312.862646/4352.425908/0.000108124
-52/200: 4664.961789/312.381407/4352.580382/0.000070042
-53/200: 4664.358955/311.921329/4352.437626/0.000129226
-54/200: 4663.987426/311.481280/4352.506146/0.000079653
-55/200: 4663.573408/311.060170/4352.513238/0.000088769
-56/200: 4663.162352/310.657047/4352.505305/0.000088142
-57/200: 4662.808583/310.270996/4352.537587/0.000075865
-58/200: 4662.489746/309.901128/4352.588618/0.000068379
-59/200: 4662.115736/309.546642/4352.569094/0.000080217
-60/200: 4661.794241/309.206752/4352.587489/0.000068959
-61/200: 4661.388241/308.880774/4352.507467/0.000087091
-62/200: 4661.218781/308.568028/4352.650753/0.000036354
-63/200: 4660.848383/308.267896/4352.580487/0.000079464
-64/200: 4660.699498/307.979766/4352.719732/0.000031944
-65/200: 4660.427773/307.703092/4352.724681/0.000058301
-66/200: 4660.154631/307.437342/4352.717289/0.000058609
-67/200: 4659.794989/307.182014/4352.612975/0.000077174
-68/200: 4659.568661/306.936628/4352.632033/0.000048570
-69/200: 4659.365643/306.700738/4352.664905/0.000043570
-70/200: 4659.129721/306.473929/4352.655792/0.000050634
-71/200: 4659.017179/306.255814/4352.761365/0.000024155
-72/200: 4658.751270/306.046007/4352.705263/0.000057074
-73/200: 4658.640950/305.844156/4352.796794/0.000023680
-74/200: 4658.407492/305.649913/4352.757579/0.000050113
-75/200: 4658.187056/305.462948/4352.724108/0.000047320
-76/200: 4658.122089/305.282950/4352.839139/0.000013947
-77/200: 4657.962348/305.109651/4352.852697/0.000034293
-78/200: 4657.802879/304.942756/4352.860123/0.000034236
-79/200: 4657.533955/304.782007/4352.751948/0.000057736
-80/200: 4657.394565/304.627155/4352.767410/0.000029928
-81/200: 4657.307284/304.477956/4352.829328/0.000018740
-82/200: 4657.233533/304.334189/4352.899344/0.000015836
-83/200: 4657.024947/304.195636/4352.829311/0.000044788
-84/200: 4656.885927/304.062076/4352.823851/0.000029852
-85/200: 4656.826217/303.933330/4352.892887/0.000012822
-86/200: 4656.696282/303.809199/4352.887083/0.000027902
-87/200: 4656.592416/303.689506/4352.902910/0.000022305
-88/200: 4656.520889/303.574089/4352.946800/0.000015360
-89/200: 4656.381474/303.462760/4352.918714/0.000029940
-90/200: 4656.305592/303.355364/4352.950228/0.000016296
-91/200: 4656.207551/303.251751/4352.955800/0.000021056
-92/200: 4656.129174/303.151810/4352.977364/0.000016833
-93/200: 4656.015425/303.055363/4352.960062/0.000024430
-94/200: 4656.006747/302.962294/4353.044453/0.000001864
-95/200: 4655.888531/302.872474/4353.016057/0.000025390
-96/200: 4655.756756/302.785801/4352.970955/0.000028303
-97/200: 4655.723738/302.702136/4353.021602/0.000007092
-98/200: 4655.674090/302.621365/4353.052725/0.000010664
-99/200: 4655.608909/302.543392/4353.065517/0.000014000
Recall at EP-100 ...
  Columns 1 through 7

    0.0280    0.0426    0.0527    0.0601    0.0669    0.0719    0.0763

  Columns 8 through 10

    0.0800    0.0843    0.0882

Mrr at EP-100 ...
    0.0084

-100/200: 4655.508335/302.468123/4353.040212/0.000021603
-101/200: 4655.420349/302.395428/4353.024921/0.000018900
-102/200: 4655.389754/302.325244/4353.064510/0.000006572
-103/200: 4655.404591/302.257474/4353.147117/0.000003187
-104/200: 4655.265226/302.192012/4353.073214/0.000029936
-105/200: 4655.260345/302.128798/4353.131547/0.000001048
-106/200: 4655.157338/302.067745/4353.089593/0.000022127
-107/200: 4655.141830/302.008772/4353.133058/0.000003331
-108/200: 4655.129218/301.951807/4353.177411/0.000002709
-109/200: 4655.023788/301.896774/4353.127014/0.000022648
-110/200: 4654.965827/301.843613/4353.122214/0.000012451
-111/200: 4655.003555/301.792269/4353.211286/0.000008105
-112/200: 4654.945875/301.742653/4353.203222/0.000012391
-113/200: 4654.868134/301.694719/4353.173415/0.000016701
-114/200: 4654.815324/301.648406/4353.166918/0.000011345
-115/200: 4654.800660/301.603653/4353.197007/0.000003150
-116/200: 4654.748975/301.560397/4353.188578/0.000011104
-117/200: 4654.768367/301.518605/4353.249762/0.000004166
-118/200: 4654.712008/301.478214/4353.233794/0.000012108
-119/200: 4654.725571/301.439182/4353.286389/0.000002914
-120/200: 4654.672087/301.401447/4353.270640/0.000011490
-121/200: 4654.668387/301.364978/4353.303409/0.000000795
-122/200: 4654.645241/301.329726/4353.315515/0.000004973
-123/200: 4654.583560/301.295668/4353.287892/0.000013252
-124/200: 4654.564481/301.262735/4353.301746/0.000004099
-125/200: 4654.551397/301.230907/4353.320490/0.000002811
-126/200: 4654.530849/301.200137/4353.330712/0.000004415
-127/200: 4654.483257/301.170403/4353.312854/0.000010225
-128/200: 4654.465570/301.141663/4353.323907/0.000003800
-129/200: 4654.443148/301.113862/4353.329286/0.000004818
-130/200: 4654.483387/301.086998/4353.396389/0.000008645
-131/200: 4654.398492/301.061026/4353.337466/0.000018239
-132/200: 4654.435589/301.035926/4353.399663/0.000007970
-133/200: 4654.417257/301.011661/4353.405596/0.000003939
-134/200: 4654.451027/300.988185/4353.462842/0.000007256
-135/200: 4654.341761/300.965493/4353.376268/0.000023476
-136/200: 4654.356690/300.943551/4353.413139/0.000003207
-137/200: 4654.389446/300.922343/4353.467103/0.000007038
-138/200: 4654.356545/300.901826/4353.454719/0.000007069
-139/200: 4654.316852/300.881993/4353.434859/0.000008528
-140/200: 4654.348901/300.862823/4353.486078/0.000006886
-141/200: 4654.341150/300.844293/4353.496857/0.000001665
-142/200: 4654.289988/300.826367/4353.463621/0.000010992
-143/200: 4654.306822/300.809045/4353.497777/0.000003617
-144/200: 4654.310427/300.792283/4353.518144/0.000000775
-145/200: 4654.309722/300.776093/4353.533629/0.000000151
-146/200: 4654.292658/300.760427/4353.532231/0.000003666
-147/200: 4654.288254/300.745277/4353.542977/0.000000946
-148/200: 4654.254161/300.730625/4353.523536/0.000007325
-149/200: 4654.280621/300.716457/4353.564164/0.000005685
-150/200: 4654.281509/300.702767/4353.578742/0.000000191
-151/200: 4654.276696/300.689526/4353.587170/0.000001034
-152/200: 4654.252621/300.676726/4353.575895/0.000005173
-153/200: 4654.254889/300.664344/4353.590545/0.000000487
-154/200: 4654.260507/300.652371/4353.608136/0.000001207
-155/200: 4654.244759/300.640793/4353.603966/0.000003384
-156/200: 4654.246042/300.629595/4353.616447/0.000000276
-157/200: 4654.287973/300.618775/4353.669198/0.000009009
-158/200: 4654.264039/300.608311/4353.655728/0.000005142
-159/200: 4654.274025/300.598192/4353.675833/0.000002145
-160/200: 4654.269201/300.588411/4353.680790/0.000001036
-161/200: 4654.219194/300.578952/4353.640242/0.000010744
-162/200: 4654.243667/300.569804/4353.673863/0.000005258
-163/200: 4654.281380/300.560963/4353.720417/0.000008103
-164/200: 4654.233533/300.552413/4353.681120/0.000010280
-165/200: 4654.280705/300.544151/4353.736554/0.000010135
-166/200: 4654.258241/300.536157/4353.722084/0.000004827
-167/200: 4654.252103/300.528425/4353.723678/0.000001319
-168/200: 4654.273654/300.520952/4353.752702/0.000004630
-169/200: 4654.264264/300.513723/4353.750541/0.000002017
-170/200: 4654.267653/300.506739/4353.760914/0.000000728
-171/200: 4654.258223/300.499990/4353.758233/0.000002026
-172/200: 4654.289054/300.493457/4353.795597/0.000006624
-173/200: 4654.253560/300.487149/4353.766411/0.000007626
-174/200: 4654.320876/300.481052/4353.839824/0.000014463
-175/200: 4654.266047/300.475147/4353.790900/0.000011780
-176/200: 4654.314394/300.469453/4353.844941/0.000010388
-177/200: 4654.318716/300.463944/4353.854772/0.000000929
-178/200: 4654.301612/300.458618/4353.842994/0.000003675
-179/200: 4654.308699/300.453464/4353.855235/0.000001523
-180/200: 4654.279638/300.448486/4353.831152/0.000006244
-181/200: 4654.336351/300.443679/4353.892672/0.000012185
-182/200: 4654.318377/300.439027/4353.879350/0.000003862
-183/200: 4654.335789/300.434536/4353.901253/0.000003741
-184/200: 4654.347262/300.430194/4353.917068/0.000002465
-185/200: 4654.363734/300.425998/4353.937736/0.000003539
-186/200: 4654.345756/300.421943/4353.923813/0.000003863
-187/200: 4654.339582/300.418024/4353.921558/0.000001326
-188/200: 4654.371676/300.414234/4353.957442/0.000006896
-189/200: 4654.377713/300.410578/4353.967135/0.000001297
-190/200: 4654.377275/300.407041/4353.970234/0.000000094
Start evaluating ...
  Columns 1 through 7

    0.0281    0.0427    0.0530    0.0606    0.0669    0.0719    0.0769

  Columns 8 through 10

    0.0809    0.0852    0.0887

    0.0083

Elapsed time is 20716.510004 seconds.
