nohup: ignoring input

                            < M A T L A B (R) >
                  Copyright 1984-2016 The MathWorks, Inc.
                   R2016a (9.0.0.341360) 64-bit (glnxa64)
                             February 11, 2016

 
To get started, type one of these: helpwin, helpdesk, or demo.
For product information, visit www.mathworks.com.
 

	Academic License

Start learning ...
Init data [Dtype: delicious - Dspec: sp3/5050]
Init social model
Using adagrad ...
Params [lbd-U: 10.0000|lbd-V: 0.1000|lbd-N: 10.0000|lbd-Q: 0.0100]
Staring Sample 3 - Loc: save/ctr/delicious-alg80-sp3-cold20170226164404533 
CTR(chongwang) Running ...

iter time likelihood:[r:u:v] converge
0001 000517 -28125.00000:[0.00000:0.00000:-0.00000] 1.0000000000
0002 001036 -25823.58332:[5184.64494:-331.22626:-337.82076] 0.0818281487
0003 001543 -10263.80387:[42667.12988:-3474.80561:-3407.55643] 0.6025414542
0004 002050 -9491.44547:[44354.12483:-3551.24477:-3429.80543] 0.0752506976
0005 002535 -9401.62590:[44466.75594:-3517.61513:-3442.49175] 0.0094632134
0006 003012 -9356.75481:[44498.49491:-3488.88345:-3447.73193] 0.0047726945
0007 003485 -9324.96869:[44523.17792:-3469.83928:-3447.96599] 0.0033971314
0008 003970 -9300.20931:[44547.39158:-3457.61634:-3445.53569] 0.0026551702
0009 004466 -9280.17860:[44570.46386:-3449.53171:-3441.98864] 0.0021537906
0010 004936 -9263.61907:[44591.59234:-3443.90625:-3438.17903] 0.0017843976
0011 005374 -9249.72481:[44610.46519:-3439.77267:-3434.51442] 0.0014998745
0012 005759 -9237.93257:[44627.10261:-3436.57938:-3431.15884] 0.0012748744
0013 006093 -9227.82864:[44641.68632:-3434.00785:-3428.15599] 0.0010937435
0014 006405 -9219.09964:[44654.45491:-3431.86900:-3425.49527] 0.0009459435
0015 006714 -9211.50310:[44665.65071:-3430.04634:-3423.14489] 0.0008240000
0016 007021 -9204.84841:[44675.49650:-3428.46495:-3421.06744] 0.0007224325
0017 007327 -9198.98375:[44684.18765:-3427.07444:-3419.22671] 0.0006371271
0018 007634 -9193.78688:[44691.89138:-3425.83940:-3417.59024] 0.0005649400
0019 007930 -9189.15841:[44698.74908:-3424.73389:-3416.12993] 0.0005034340
0020 008228 -9185.01689:[44704.87962:-3423.73823:-3414.82187] 0.0004506969
0021 008517 -9181.29501:[44710.38277:-3422.83699:-3413.64583] 0.0004052120
0022 008808 -9177.93682:[44715.34228:-3422.01773:-3412.58473] 0.0003657648
0023 009103 -9174.89548:[44719.82860:-3421.27028:-3411.62412] 0.0003313743
0024 009398 -9172.13159:[44723.90122:-3420.58611:-3410.75177] 0.0003012446
0025 009688 -9169.61176:[44727.61055:-3419.95804:-3409.95723] 0.0002747271
0026 009962 -9167.30752:[44730.99954:-3419.37993:-3409.23153] 0.0002512914
0027 010235 -9165.19445:[44734.10494:-3418.84647:-3408.56693] 0.0002305005
0028 010507 -9163.25151:[44736.95836:-3418.35308:-3407.95671] 0.0002119908
0029 010779 -9161.46050:[44739.58705:-3417.89574:-3407.39502] 0.0001954562
0030 011051 -9159.80558:[44742.01464:-3417.47094:-3406.87678] 0.0001806391
0031 011323 -9158.27293:[44744.26169:-3417.07557:-3406.39751] 0.0001673229
0032 011596 -9156.85042:[44746.34619:-3416.70689:-3405.95326] 0.0001553253
0033 011867 -9155.52733:[44748.28395:-3416.36248:-3405.54054] 0.0001444915
0034 012138 -9154.29419:[44750.08890:-3416.04016:-3405.15622] 0.0001346883
0035 012408 -9153.14259:[44751.77337:-3415.73799:-3404.79751] 0.0001257997
0036 012678 -9152.06506:[44753.34824:-3415.45426:-3404.46197] 0.0001177219
0037 012947 -9151.05502:[44754.82314:-3415.18739:-3404.14746] 0.0001103616
0038 013218 -9150.10664:[44756.20664:-3414.93601:-3403.85209] 0.0001036363
0039 013472 -9149.21473:[44757.50634:-3414.69888:-3403.57421] 0.0000974752
0040 013740 -9148.37466:[44758.72908:-3414.47488:-3403.31235] 0.0000918185
0041 013973 -9147.58228:[44759.88099:-3414.26301:-3403.06517] 0.0000866147
0042 014522 -9146.83384:[44760.96759:-3414.06237:-3402.83149] 0.0000818187
0043 015113 -9146.12597:[44761.99386:-3413.87213:-3402.61024] 0.0000773899
0044 015700 -9145.45563:[44762.96430:-3413.69154:-3402.40044] 0.0000732922
0045 016288 -9144.82007:[44763.88299:-3413.51994:-3402.20125] 0.0000694946
0046 016877 -9144.21678:[44764.75363:-3413.35670:-3402.01186] 0.0000659698
0047 017477 -9143.64350:[44765.57963:-3413.20126:-3401.83157] 0.0000626940
0048 018082 -9143.09811:[44766.36409:-3413.05310:-3401.65971] 0.0000596469
0049 018687 -9142.57868:[44767.10987:-3412.91175:-3401.49567] 0.0000568107
0050 019287 -9142.08344:[44767.81959:-3412.77678:-3401.33888] 0.0000541684
0051 019892 -9141.61076:[44768.49565:-3412.64778:-3401.18884] 0.0000517038
0052 020485 -9141.15916:[44769.14025:-3412.52439:-3401.04507] 0.0000494011
0053 021074 -9140.72728:[44769.75541:-3412.40627:-3400.90719] 0.0000472449
0054 021660 -9140.31393:[44770.34296:-3412.29311:-3400.77483] 0.0000452211
0055 022255 -9139.91799:[44770.90456:-3412.18463:-3400.64768] 0.0000433175
0056 022839 -9139.53846:[44771.44179:-3412.08057:-3400.52546] 0.0000415244
0057 023432 -9139.17440:[44771.95609:-3411.98070:-3400.40789] 0.0000398342
0058 024027 -9138.82492:[44772.44879:-3411.88478:-3400.29471] 0.0000382401
0059 024616 -9138.48920:[44772.92113:-3411.79262:-3400.18568] 0.0000367347
0060 025208 -9138.16651:[44773.37426:-3411.70400:-3400.08056] 0.0000353118
0061 025792 -9137.85612:[44773.80922:-3411.61874:-3399.97915] 0.0000339661
0062 026377 -9137.55737:[44774.22703:-3411.53666:-3399.88124] 0.0000326930
0063 026963 -9137.26964:[44774.62859:-3411.45758:-3399.78663] 0.0000314888
0064 027543 -9136.99234:[44775.01478:-3411.38136:-3399.69513] 0.0000303492
0065 028110 -9136.72490:[44775.38642:-3411.30783:-3399.60657] 0.0000292701
0066 028684 -9136.46680:[44775.74426:-3411.23687:-3399.52079] 0.0000282478
0067 029261 -9136.21756:[44776.08903:-3411.16834:-3399.43763] 0.0000272796
0068 029841 -9135.97670:[44776.42140:-3411.10211:-3399.35693] 0.0000263636
0069 030410 -9135.74376:[44776.74204:-3411.03807:-3399.27855] 0.0000254970
0070 030977 -9135.51833:[44777.05152:-3410.97611:-3399.20234] 0.0000246757
0071 031549 -9135.30004:[44777.35039:-3410.91613:-3399.12820] 0.0000238948
0072 032102 -9135.08856:[44777.63915:-3410.85802:-3399.05606] 0.0000231500
0073 032660 -9134.88358:[44777.91826:-3410.80170:-3398.98582] 0.0000224386
0074 033210 -9134.68482:[44778.18815:-3410.74710:-3398.91742] 0.0000217584
0075 033768 -9134.49201:[44778.44926:-3410.69413:-3398.85078] 0.0000211071
0076 034315 -9134.30491:[44778.70196:-3410.64274:-3398.78585] 0.0000204827
0077 034873 -9134.12329:[44778.94662:-3410.59285:-3398.72258] 0.0000198834
0078 035427 -9133.94693:[44779.18358:-3410.54441:-3398.66091] 0.0000193077
0079 035971 -9133.77563:[44779.41318:-3410.49737:-3398.60079] 0.0000187544
0080 036506 -9133.60919:[44779.63573:-3410.45166:-3398.54217] 0.0000182224
0081 037037 -9133.44742:[44779.85152:-3410.40725:-3398.48499] 0.0000177111
0082 037572 -9133.29015:[44780.06083:-3410.36408:-3398.42922] 0.0000172194
0083 038105 -9133.13721:[44780.26392:-3410.32210:-3398.37481] 0.0000167449
0084 038634 -9132.98847:[44780.46103:-3410.28127:-3398.32173] 0.0000162863
0085 039162 -9132.84376:[44780.65239:-3410.24156:-3398.26994] 0.0000158447
0086 039695 -9132.70294:[44780.83824:-3410.20291:-3398.21938] 0.0000154196
0087 040226 -9132.56586:[44781.01880:-3410.16530:-3398.17003] 0.0000150098
0088 040758 -9132.43239:[44781.19426:-3410.12869:-3398.12185] 0.0000146140
0089 041287 -9132.30242:[44781.36481:-3410.09303:-3398.07482] 0.0000142316
0090 041787 -9132.17582:[44781.53064:-3410.05830:-3398.02888] 0.0000138631
0091 042253 -9132.05246:[44781.69194:-3410.02446:-3397.98401] 0.0000135085
0092 042712 -9131.93222:[44781.84887:-3409.99148:-3397.94015] 0.0000131668
0093 043149 -9131.81499:[44782.00162:-3409.95933:-3397.89729] 0.0000128374
0094 043587 -9131.70066:[44782.15032:-3409.92799:-3397.85537] 0.0000125201
0095 044035 -9131.58912:[44782.29515:-3409.89741:-3397.81437] 0.0000122146
0096 044474 -9131.48027:[44782.43624:-3409.86758:-3397.77425] 0.0000119204
0097 044921 -9131.37401:[44782.57373:-3409.83847:-3397.73498] 0.0000116363
0098 045363 -9131.27027:[44782.70773:-3409.81006:-3397.69655] 0.0000113609
0099 045806 -9131.16897:[44782.83835:-3409.78231:-3397.65893] 0.0000110938
0100 046244 -9131.07002:[44782.96572:-3409.75520:-3397.62209] 0.0000108359
0101 046710 -9130.97335:[44783.08995:-3409.72873:-3397.58601] 0.0000105878
0102 047133 -9130.87885:[44783.21117:-3409.70286:-3397.55064] 0.0000103491
0103 047550 -9130.78646:[44783.32947:-3409.67757:-3397.51597] 0.0000101185
0104 047972 -9130.69610:[44783.44497:-3409.65285:-3397.48197] 0.0000098963
Start evaluating ...
  Columns 1 through 7

    0.1207    0.1788    0.2033    0.2122    0.2158    0.2185    0.2207

  Columns 8 through 10

    0.2224    0.2235    0.2246

    0.0227

Elapsed time is 48130.394599 seconds.
