nohup: ignoring input

                            < M A T L A B (R) >
                  Copyright 1984-2016 The MathWorks, Inc.
                   R2016a (9.0.0.341360) 64-bit (glnxa64)
                             February 11, 2016

 
To get started, type one of these: helpwin, helpdesk, or demo.
For product information, visit www.mathworks.com.
 

	Academic License

Start learning ...
Init data [Dtype: delicious - Dspec: sp3/1050]
Init social model
Using adagrad ...
Load pretrained shallow-model...
Params [lbd-U: 0.1000|lbd-V: 100.0000|lbd-N: 0.1000|lbd-Q: 0.1000]
Staring Sample 3 - Loc: save/bcdl/delicious-alg61-sp3-cold20170225114414200 
CTR(chongwang)-DAE(User graph) Running - Walks(1)...
-1/200: 48661.174858/5083.076753/43578.098105/1.000000000
-2/200: 48590.096445/5089.601246/43500.495199/0.001460680
-3/200: 48379.254154/4880.566168/43498.687986/0.004339203
-4/200: 48328.858767/4830.501513/43498.357254/0.001041673
-5/200: 48323.220476/4826.536419/43496.684057/0.000116665
-6/200: 48326.691022/4830.703297/43495.987725/0.000071819
-7/200: 48334.212929/4836.825545/43497.387384/0.000155647
-8/200: 48340.417560/4843.457004/43496.960556/0.000128369
-9/200: 48345.753937/4850.053880/43495.700057/0.000110392
-10/200: 48351.505250/4856.330734/43495.174516/0.000118962
-11/200: 48355.891051/4862.204418/43493.686633/0.000090707
-12/200: 48359.707995/4867.645620/43492.062375/0.000078934
-13/200: 48365.032540/4872.627090/43492.405450/0.000110103
-14/200: 48369.155365/4877.149076/43492.006289/0.000085244
-15/200: 48371.221010/4881.244878/43489.976132/0.000042706
-16/200: 48374.348141/4884.900527/43489.447614/0.000064649
-17/200: 48377.559171/4888.129737/43489.429434/0.000066379
-18/200: 48380.829715/4890.949226/43489.880489/0.000067605
-19/200: 48381.394827/4893.393385/43488.001442/0.000011680
-20/200: 48383.065473/4895.454542/43487.610931/0.000034531
-21/200: 48382.634991/4897.173122/43485.461869/0.000008897
-22/200: 48384.416219/4898.555229/43485.860990/0.000036815
-23/200: 48385.137928/4899.614603/43485.523325/0.000014916
-24/200: 48385.533536/4900.364645/43485.168891/0.000008176
-25/200: 48383.946664/4900.842918/43483.103746/0.000032796
-26/200: 48383.259001/4901.053426/43482.205575/0.000014213
-27/200: 48382.143527/4901.013044/43481.130483/0.000023055
-28/200: 48382.903014/4900.741234/43482.161780/0.000015698
-29/200: 48381.442039/4900.253989/43481.188050/0.000030196
-30/200: 48379.091374/4899.572885/43479.518489/0.000048586
-31/200: 48377.616574/4898.711818/43478.904756/0.000030484
-32/200: 48376.139884/4897.689944/43478.449940/0.000030524
-33/200: 48372.046313/4896.523992/43475.522321/0.000084620
-34/200: 48372.003932/4895.219741/43476.784191/0.000000876
-35/200: 48368.197971/4893.801806/43474.396165/0.000078681
-36/200: 48366.969515/4892.278126/43474.691389/0.000025398
-37/200: 48364.639637/4890.669401/43473.970236/0.000048171
-38/200: 48361.647053/4888.971001/43472.676052/0.000061875
-39/200: 48359.609055/4887.209945/43472.399110/0.000042141
-40/200: 48356.551413/4885.386171/43471.165242/0.000063227
-41/200: 48354.934187/4883.516449/43471.417738/0.000033444
-42/200: 48352.305967/4881.603002/43470.702965/0.000054353
-43/200: 48349.543603/4879.657604/43469.885999/0.000057130
-44/200: 48346.805066/4877.677882/43469.127184/0.000056640
-45/200: 48343.628176/4875.686319/43467.941857/0.000065710
-46/200: 48340.923687/4873.672850/43467.250837/0.000055943
-47/200: 48338.647040/4871.651197/43466.995843/0.000047096
-48/200: 48335.679678/4869.622444/43466.057234/0.000061387
-49/200: 48331.750547/4867.595189/43464.155358/0.000081288
-50/200: 48329.325762/4865.570029/43463.755733/0.000050170
-51/200: 48326.727967/4863.549915/43463.178052/0.000053752
-52/200: 48325.159271/4861.533637/43463.625634/0.000032460
-53/200: 48320.838645/4859.535055/43461.303590/0.000089407
-54/200: 48318.348334/4857.547517/43460.800817/0.000051537
-55/200: 48315.781385/4855.571080/43460.210305/0.000053126
-56/200: 48313.025455/4853.612021/43459.413434/0.000057040
-57/200: 48310.117974/4851.671729/43458.446245/0.000060180
-58/200: 48307.747627/4849.747065/43458.000562/0.000049065
-59/200: 48304.635369/4847.844685/43456.790684/0.000064426
-60/200: 48302.652814/4845.950097/43456.702717/0.000041043
-61/200: 48299.104448/4844.074960/43455.029488/0.000073461
-62/200: 48297.638439/4842.219743/43455.418696/0.000030353
-63/200: 48294.238322/4840.378379/43453.859943/0.000070399
-64/200: 48293.150963/4838.557836/43454.593127/0.000022515
-65/200: 48290.084944/4836.756862/43453.328082/0.000063488
-66/200: 48286.987891/4834.968580/43452.019311/0.000064134
-67/200: 48283.622035/4833.199811/43450.422224/0.000069705
-68/200: 48281.547750/4831.442979/43450.104771/0.000042960
-69/200: 48279.019513/4829.702042/43449.317471/0.000052364
-70/200: 48276.292792/4827.977452/43448.315340/0.000056478
-71/200: 48274.492745/4826.268933/43448.223812/0.000037286
-72/200: 48271.999911/4824.572302/43447.427609/0.000051639
-73/200: 48269.721875/4822.891379/43446.830496/0.000047192
-74/200: 48266.898467/4821.227717/43445.670750/0.000058492
-75/200: 48264.168521/4819.575076/43444.593445/0.000056559
-76/200: 48262.659544/4817.934768/43444.724776/0.000031265
-77/200: 48260.049187/4816.311359/43443.737828/0.000054086
-78/200: 48258.386918/4814.695134/43443.691784/0.000034444
-79/200: 48254.431546/4813.094753/43441.336793/0.000081962
-80/200: 48252.036245/4811.507944/43440.528301/0.000049639
-81/200: 48250.455151/4809.930731/43440.524420/0.000032767
-82/200: 48248.513945/4808.367547/43440.146398/0.000040232
-83/200: 48245.477360/4806.814887/43438.662473/0.000062936
-84/200: 48243.202202/4805.274443/43437.927759/0.000047158
-85/200: 48241.152252/4803.745430/43437.406822/0.000042492
-86/200: 48239.119481/4802.227682/43436.891799/0.000042138
-87/200: 48236.791208/4800.720543/43436.070665/0.000048265
-88/200: 48234.723928/4799.224033/43435.499895/0.000042857
-89/200: 48231.842658/4797.739833/43434.102825/0.000059734
-90/200: 48230.013828/4796.264949/43433.748879/0.000037917
-91/200: 48228.340421/4794.797856/43433.542565/0.000034696
-92/200: 48226.022872/4793.342940/43432.679932/0.000048054
-93/200: 48223.486512/4791.896215/43431.590297/0.000052593
-94/200: 48221.998374/4790.461061/43431.537313/0.000030859
-95/200: 48219.396297/4789.034023/43430.362274/0.000053960
-96/200: 48216.560230/4787.618687/43428.941543/0.000058816
-97/200: 48214.413415/4786.215097/43428.198318/0.000044524
-98/200: 48212.753310/4784.817478/43427.935832/0.000034432
-99/200: 48210.752596/4783.429309/43427.323287/0.000041498
Recall at EP-100 ...
  Columns 1 through 7

    0.0004    0.0008    0.0019    0.0065    0.0097    0.0125    0.0148

  Columns 8 through 10

    0.0168    0.0184    0.0203

Mrr at EP-100 ...
   4.9334e-04

-100/200: 48207.746868/4782.051063/43425.695805/0.000062346
-101/200: 48206.212384/4780.678419/43425.533965/0.000031831
-102/200: 48203.817572/4779.317583/43424.499989/0.000049678
-103/200: 48202.326343/4777.965258/43424.361085/0.000030936
-104/200: 48200.007433/4776.620009/43423.387424/0.000048108
-105/200: 48198.227854/4775.282256/43422.945598/0.000036921
-106/200: 48195.141745/4773.956248/43421.185497/0.000064030
-107/200: 48193.261462/4772.637042/43420.624420/0.000039014
-108/200: 48192.538334/4771.323629/43421.214705/0.000015005
-109/200: 48189.788453/4770.018566/43419.769887/0.000057060
-110/200: 48187.457812/4768.719927/43418.737885/0.000048364
-111/200: 48185.009463/4767.434983/43417.574480/0.000050809
-112/200: 48183.137742/4766.154869/43416.982873/0.000038844
-113/200: 48180.980564/4764.881771/43416.098793/0.000044770
-114/200: 48178.597904/4763.617180/43414.980724/0.000049452
-115/200: 48176.476450/4762.361217/43414.115233/0.000044033
-116/200: 48174.948322/4761.109225/43413.839097/0.000031719
-117/200: 48173.366978/4759.865234/43413.501744/0.000032825
-118/200: 48170.721614/4758.628208/43412.093406/0.000054913
-119/200: 48168.984926/4757.400405/43411.584521/0.000036053
-120/200: 48167.652837/4756.175201/43411.477636/0.000027655
-121/200: 48165.848498/4754.957825/43410.890673/0.000037460
-122/200: 48163.946033/4753.746839/43410.199194/0.000039498
-123/200: 48160.890897/4752.543848/43408.347049/0.000063432
-124/200: 48159.933087/4751.346077/43408.587010/0.000019888
-125/200: 48157.732152/4750.155645/43407.576507/0.000045701
-126/200: 48155.318048/4748.970797/43406.347251/0.000050129
-127/200: 48153.082661/4747.794407/43405.288254/0.000046420
-128/200: 48150.836130/4746.624697/43404.211433/0.000046654
-129/200: 48150.377947/4745.456817/43404.921130/0.000009516
-130/200: 48148.204104/4744.296188/43403.907916/0.000045147
-131/200: 48145.277181/4743.144150/43402.133031/0.000060790
-132/200: 48143.605100/4741.997449/43401.607651/0.000034730
-133/200: 48141.340792/4740.858598/43400.482194/0.000047032
-134/200: 48140.442908/4739.723857/43400.719051/0.000018651
-135/200: 48137.664248/4738.595740/43399.068508/0.000057720
-136/200: 48136.275326/4737.470226/43398.805100/0.000028853
-137/200: 48134.566519/4736.351832/43398.214687/0.000035499
-138/200: 48132.803271/4735.239311/43397.563960/0.000036632
-139/200: 48131.139685/4734.130552/43397.009133/0.000034562
-140/200: 48128.907096/4733.027299/43395.879797/0.000046386
-141/200: 48126.176724/4731.934118/43394.242606/0.000056730
-142/200: 48125.076630/4730.842475/43394.234155/0.000022859
-143/200: 48122.720765/4729.757870/43392.962895/0.000048953
-144/200: 48121.984523/4728.675698/43393.308825/0.000015299
-145/200: 48119.081619/4727.602660/43391.478959/0.000060324
-146/200: 48118.165282/4726.531520/43391.633762/0.000019043
-147/200: 48116.318084/4725.465479/43390.852605/0.000038389
-148/200: 48114.568745/4724.403820/43390.164925/0.000036356
-149/200: 48112.544602/4723.347506/43389.197096/0.000042069
-150/200: 48110.212933/4722.297657/43387.915276/0.000048463
-151/200: 48108.320172/4721.252211/43387.067961/0.000039342
-152/200: 48106.878388/4720.211780/43386.666608/0.000029970
-153/200: 48105.475633/4719.175669/43386.299964/0.000029159
-154/200: 48103.657912/4718.142590/43385.515322/0.000037786
-155/200: 48101.427828/4717.115541/43384.312287/0.000046360
-156/200: 48099.599961/4716.093794/43383.506167/0.000038000
-157/200: 48098.086348/4715.076597/43383.009751/0.000031468
-158/200: 48096.740673/4714.063100/43382.677573/0.000027978
-159/200: 48094.083009/4713.055552/43381.027457/0.000055257
-160/200: 48092.287718/4712.052475/43380.235243/0.000037329
-161/200: 48091.606598/4711.051428/43380.555170/0.000014163
-162/200: 48089.683002/4710.055772/43379.627230/0.000039999
-163/200: 48088.083622/4709.063698/43379.019924/0.000033258
-164/200: 48084.830515/4708.078380/43376.752135/0.000067649
-165/200: 48084.247390/4707.095792/43377.151598/0.000012127
-166/200: 48082.020278/4706.118548/43375.901730/0.000046317
-167/200: 48080.895935/4705.141431/43375.754504/0.000023384
-168/200: 48079.155409/4704.171384/43374.984025/0.000036200
-169/200: 48077.114427/4703.206102/43373.908325/0.000042450
-170/200: 48075.120968/4702.242964/43372.878004/0.000041464
-171/200: 48073.109021/4701.287052/43371.821969/0.000041850
-172/200: 48072.470648/4700.333209/43372.137439/0.000013279
-173/200: 48069.807124/4699.382737/43370.424387/0.000055406
-174/200: 48068.128302/4698.438995/43369.689307/0.000034925
-175/200: 48067.198845/4697.496035/43369.702810/0.000019336
-176/200: 48064.366238/4696.559440/43367.806798/0.000058930
-177/200: 48063.067427/4695.626115/43367.441312/0.000027022
-178/200: 48062.463337/4694.695467/43367.767870/0.000012569
-179/200: 48060.260616/4693.767058/43366.493558/0.000045830
-180/200: 48058.115205/4692.844984/43365.270221/0.000044640
-181/200: 48056.158875/4691.927916/43364.230959/0.000040708
-182/200: 48055.671066/4691.009975/43364.661091/0.000010151
-183/200: 48052.772075/4690.099134/43362.672941/0.000060326
-184/200: 48051.348732/4689.192632/43362.156100/0.000029620
-185/200: 48049.880384/4688.287748/43361.592636/0.000030558
-186/200: 48047.966264/4687.386667/43360.579597/0.000039836
-187/200: 48047.180896/4686.488400/43360.692496/0.000016346
-188/200: 48045.091552/4685.596851/43359.494701/0.000043485
-189/200: 48042.986602/4684.705145/43358.281457/0.000043812
-190/200: 48041.565591/4683.817922/43357.747669/0.000029578
-191/200: 48039.526689/4682.935849/43356.590840/0.000042440
-192/200: 48038.432558/4682.055996/43356.376562/0.000022776
-193/200: 48036.610667/4681.178065/43355.432602/0.000037926
-194/200: 48034.929212/4680.304822/43354.624390/0.000035004
-195/200: 48032.468974/4679.437790/43353.031184/0.000051218
-196/200: 48032.128858/4678.570543/43353.558315/0.000007081
-197/200: 48030.924118/4677.703859/43353.220259/0.000025082
-198/200: 48029.009569/4676.844225/43352.165344/0.000039861
-199/200: 48027.389226/4675.985208/43351.404018/0.000033737
-200/200: 48025.800174/4675.149645/43350.650529/0.000033086
Start evaluating ...
  Columns 1 through 7

    0.0004    0.0008    0.0014    0.0015    0.0016    0.0019    0.0025

  Columns 8 through 10

    0.0032    0.0040    0.0043

   2.8113e-04

Elapsed time is 21394.479071 seconds.
