nohup: ignoring input

                            < M A T L A B (R) >
                  Copyright 1984-2016 The MathWorks, Inc.
                   R2016a (9.0.0.341360) 64-bit (glnxa64)
                             February 11, 2016

 
To get started, type one of these: helpwin, helpdesk, or demo.
For product information, visit www.mathworks.com.
 

	Academic License

Start learning ...
Init data [Dtype: delicious - Dspec: sp3/5050]
Init social model
Using adagrad ...
Load pretrained shallow-model...
Could not use CUDA
Params [lbd-U: 100.0000|lbd-V: 100.0000|lbd-N: 100.0000|lbd-Q: 0.0100]
Staring Sample 3 - Loc: save/bcdl/delicious-alg61-sp3-cold20170227105048740 
CTR(chongwang)-DAE(User graph) Running - Walks(1)...
-1/200: 43610248.015733/32149.910363/43578098.105370/1.000000000
-2/200: 43551595.277809/31607.721649/43519987.556160/0.001344930
-3/200: 43550770.628155/31632.141822/43519138.486333/0.000018935
-4/200: 43550872.460049/31653.740210/43519218.719839/0.000002338
-5/200: 43549769.995443/31673.005765/43518096.989678/0.000025314
-6/200: 43549852.160416/31690.448556/43518161.711860/0.000001887
-7/200: 43552120.474781/31706.492059/43520413.982722/0.000052085
-8/200: 43552610.810686/31721.572001/43520889.238685/0.000011259
-9/200: 43552281.575950/31735.953210/43520545.622740/0.000007559
-10/200: 43552665.624598/31749.316086/43520916.308512/0.000008818
-11/200: 43551960.885364/31762.019547/43520198.865817/0.000016181
-12/200: 43551346.936006/31774.295400/43519572.640606/0.000014097
-13/200: 43552587.227602/31786.019579/43520801.208023/0.000028479
-14/200: 43553217.469599/31797.304122/43521420.165477/0.000014471
-15/200: 43552369.484961/31808.360125/43520561.124836/0.000019470
-16/200: 43552463.084693/31818.959454/43520644.125239/0.000002149
-17/200: 43553292.178407/31829.140225/43521463.038182/0.000019037
-18/200: 43554740.746162/31838.961794/43522901.784368/0.000033260
-19/200: 43553800.013025/31848.638361/43521951.374664/0.000021599
-20/200: 43554190.706842/31857.968998/43522332.737844/0.000008970
-21/200: 43552975.061438/31867.190074/43521107.871364/0.000027911
-22/200: 43554504.589372/31876.175726/43522628.413646/0.000035119
-23/200: 43555037.573287/31884.986851/43523152.586436/0.000012237
-24/200: 43555718.711073/31893.555723/43523825.155350/0.000015639
-25/200: 43554622.623325/31902.033980/43522720.589345/0.000025165
-26/200: 43554773.340555/31910.381955/43522862.958600/0.000003460
-27/200: 43554289.785331/31918.515108/43522371.270223/0.000011102
-28/200: 43556400.011688/31926.449324/43524473.562364/0.000048450
-29/200: 43556191.090380/31934.250497/43524256.839883/0.000004797
-30/200: 43555578.122743/31941.949202/43523636.173541/0.000014073
-31/200: 43555573.085115/31949.462535/43523623.622580/0.000000116
-32/200: 43556396.232080/31956.913446/43524439.318634/0.000018899
-33/200: 43554013.931341/31964.231171/43522049.700170/0.000054695
-34/200: 43556406.875944/31971.426030/43524435.449914/0.000054942
-35/200: 43554544.436659/31978.511448/43522565.925211/0.000042759
-36/200: 43556073.746810/31985.521836/43524088.224974/0.000035113
-37/200: 43556282.802914/31992.437295/43524290.365619/0.000004800
-38/200: 43555811.316170/31999.210754/43523812.105416/0.000010825
-39/200: 43556481.949512/32005.939347/43524476.010165/0.000015397
-40/200: 43556158.450090/32012.551969/43524145.898121/0.000007427
-41/200: 43557532.382045/32019.103253/43525513.278792/0.000031544
-42/200: 43557719.134303/32025.567960/43525693.566343/0.000004287
-43/200: 43557419.927372/32031.934930/43525387.992442/0.000006869
-44/200: 43557622.417693/32038.171946/43525584.245747/0.000004649
-45/200: 43557413.305267/32044.366248/43525368.939019/0.000004801
-46/200: 43557386.229067/32050.497101/43525335.731966/0.000000622
-47/200: 43558106.933207/32056.534570/43526050.398637/0.000016546
-48/200: 43558046.293021/32062.492814/43525983.800207/0.000001392
-49/200: 43556954.972934/32068.420491/43524886.552443/0.000025054
-50/200: 43557452.006228/32074.255792/43525377.750436/0.000011411
-51/200: 43557483.285484/32080.005996/43525403.279488/0.000000718
-52/200: 43558969.682444/32085.668001/43526884.014443/0.000034125
-53/200: 43557480.781898/32091.330570/43525389.451328/0.000034181
-54/200: 43558190.088383/32096.939340/43526093.149043/0.000016284
-55/200: 43558104.438286/32102.436408/43526002.001878/0.000001966
-56/200: 43558117.467009/32107.887029/43526009.579980/0.000000299
-57/200: 43558526.114178/32113.362372/43526412.751806/0.000009382
-58/200: 43559049.911714/32118.767674/43526931.144040/0.000012025
-59/200: 43558765.897497/32124.122023/43526641.775474/0.000006520
-60/200: 43558888.302522/32129.361415/43526758.941107/0.000002810
-61/200: 43558102.444271/32134.569490/43525967.874781/0.000018041
-62/200: 43559510.606636/32139.748681/43527370.857955/0.000032328
-63/200: 43558825.049111/32144.867691/43526680.181420/0.000015738
-64/200: 43560278.469101/32149.933044/43528128.536057/0.000033367
-65/200: 43560325.517115/32155.009310/43528170.507805/0.000001080
-66/200: 43560171.672125/32160.038095/43528011.634030/0.000003532
-67/200: 43559177.984437/32165.015601/43527012.968836/0.000022812
-68/200: 43559298.490392/32169.920170/43527128.570222/0.000002766
-69/200: 43559541.768490/32174.777778/43527366.990712/0.000005585
-70/200: 43559480.190330/32179.610584/43527300.579746/0.000001414
-71/200: 43560451.029850/32184.425155/43528266.604695/0.000022288
-72/200: 43559952.514696/32189.160710/43527763.353986/0.000011444
-73/200: 43560995.789424/32193.894675/43528801.894749/0.000023950
-74/200: 43560559.893530/32198.599379/43528361.294151/0.000010007
-75/200: 43560211.939665/32203.254300/43528008.685365/0.000007988
-76/200: 43561201.643958/32207.867345/43528993.776613/0.000022720
-77/200: 43561399.235563/32212.473754/43529186.761809/0.000004536
-78/200: 43561379.778748/32216.979809/43529162.798939/0.000000447
-79/200: 43560352.081627/32221.511800/43528130.569827/0.000023592
-80/200: 43560528.239663/32225.981843/43528302.257820/0.000004044
-81/200: 43561103.321213/32230.413223/43528872.907990/0.000013202
-82/200: 43561808.121757/32234.824992/43529573.296765/0.000016180
-83/200: 43561166.443300/32239.216700/43528927.226600/0.000014730
-84/200: 43560999.585236/32243.546017/43528756.039219/0.000003830
-85/200: 43561710.880029/32247.869177/43529463.010852/0.000016329
-86/200: 43561752.029684/32252.141530/43529499.888154/0.000000945
-87/200: 43561863.792891/32256.409020/43529607.383871/0.000002566
-88/200: 43562256.673946/32260.643766/43529996.030180/0.000009019
-89/200: 43561909.320209/32264.847275/43529644.472934/0.000007974
-90/200: 43562257.911627/32269.014524/43529988.897103/0.000008002
-91/200: 43562171.428606/32273.124954/43529898.303652/0.000001985
-92/200: 43562581.712910/32277.231486/43530304.481424/0.000009418
-93/200: 43562361.226323/32281.293409/43530079.932914/0.000005061
-94/200: 43563058.482790/32285.336132/43530773.146658/0.000016006
-95/200: 43562788.443192/32289.356127/43530499.087065/0.000006199
-96/200: 43562403.216171/32293.376672/43530109.839499/0.000008843
-97/200: 43562882.979352/32297.380132/43530585.599220/0.000011013
-98/200: 43563193.254387/32301.322378/43530891.932009/0.000007122
-99/200: 43563328.369294/32305.257136/43531023.112158/0.000003102
Recall at EP-100 ...
  Columns 1 through 7

    0.0012    0.0016    0.0022    0.0028    0.0032    0.0038    0.0042

  Columns 8 through 10

    0.0047    0.0052    0.0057

Mrr at EP-100 ...
   4.6787e-04

-100/200: 43562993.074154/32309.190766/43530683.883388/0.000007697
-101/200: 43562833.696091/32313.039762/43530520.656329/0.000003659
-102/200: 43563242.184802/32316.913417/43530925.271385/0.000009377
-103/200: 43563894.951702/32320.758110/43531574.193592/0.000014984
-104/200: 43563283.559237/32324.553606/43530959.005631/0.000014034
-105/200: 43563837.532803/32328.336089/43531509.196714/0.000012717
-106/200: 43563433.414737/32332.122817/43531101.291920/0.000009276
-107/200: 43563821.044360/32335.893348/43531485.151012/0.000008898
-108/200: 43564303.600834/32339.602403/43531963.998431/0.000011077
-109/200: 43563830.931836/32343.293886/43531487.637950/0.000010850
-110/200: 43563715.123169/32346.964709/43531368.158460/0.000002658
-111/200: 43564520.634974/32350.667380/43532169.967594/0.000018490
-112/200: 43564466.717552/32354.345151/43532112.372401/0.000001238
-113/200: 43564252.245152/32357.991827/43531894.253325/0.000004923
-114/200: 43564093.961513/32361.618277/43531732.343236/0.000003633
-115/200: 43564470.496403/32365.230237/43532105.266166/0.000008643
-116/200: 43564359.131602/32368.805193/43531990.326409/0.000002556
-117/200: 43564884.946288/32372.363888/43532512.582400/0.000012070
-118/200: 43564805.134801/32375.937082/43532429.197719/0.000001832
-119/200: 43565204.800570/32379.474094/43532825.326476/0.000009174
-120/200: 43564992.842955/32382.962790/43532609.880165/0.000004865
-121/200: 43565386.067414/32386.431041/43532999.636373/0.000009026
-122/200: 43565491.890130/32389.883993/43533102.006137/0.000002429
-123/200: 43565227.719941/32393.353314/43532834.366627/0.000006064
-124/200: 43565404.001348/32396.761369/43533007.239979/0.000004046
-125/200: 43565525.705311/32400.169760/43533125.535551/0.000002794
-126/200: 43565539.527485/32403.572767/43533135.954718/0.000000317
-127/200: 43565543.492228/32406.973268/43533136.518960/0.000000091
Start evaluating ...
  Columns 1 through 7

    0.0012    0.0016    0.0023    0.0027    0.0032    0.0036    0.0041

  Columns 8 through 10

    0.0046    0.0051    0.0056

   4.6312e-04

Elapsed time is 43394.156632 seconds.
