nohup: ignoring input

                            < M A T L A B (R) >
                  Copyright 1984-2016 The MathWorks, Inc.
                   R2016a (9.0.0.341360) 64-bit (glnxa64)
                             February 11, 2016

 
To get started, type one of these: helpwin, helpdesk, or demo.
For product information, visit www.mathworks.com.
 

	Academic License

Start learning ...
Init data [Dtype: delicious - Dspec: sp3/0550]
Init social model
Using adagrad ...
Params [lbd-U: 1.0000|lbd-V: 10.0000|lbd-N: 1.0000|lbd-Q: 0.1000]
Staring Sample 3 - Loc: save/ctrsmf/delicious-alg90-sp3-cold20170225114400966 
CTR-SMF Running ...

iter time likelihood converge
0001 000099 -5795544.13290 1.0000000000
0002 000210 -5628273.49081 0.0288619391
0003 000319 -5506520.35811 0.0216324123
0004 000437 -5469493.94555 0.0067241035
0005 000543 -5450401.00012 0.0034908066
0006 000650 -5435180.34448 0.0027925754
0007 000758 -5424663.05918 0.0019350389
0008 000865 -5418054.31871 0.0012182767
0009 000976 -5413480.01215 0.0008442711
0010 001081 -5409992.41991 0.0006442422
0011 001185 -5407127.05724 0.0005296426
0012 001289 -5404678.38718 0.0004528597
0013 001390 -5402545.89986 0.0003945632
0014 001486 -5400668.43935 0.0003475140
0015 001583 -5399002.80382 0.0003084128
0016 001681 -5397516.05682 0.0002753744
0017 001779 -5396181.86397 0.0002471865
0018 001881 -5394978.46372 0.0002230096
0019 001979 -5393887.55584 0.0002022080
0020 002080 -5392893.67819 0.0001842600
0021 002177 -5391983.80062 0.0001687179
0022 002271 -5391146.96639 0.0001551997
0023 002367 -5390373.88718 0.0001433979
0024 002459 -5389656.55235 0.0001330770
0025 002549 -5388987.98355 0.0001240466
0026 002643 -5388362.08967 0.0001161431
0027 002731 -5387773.52548 0.0001092288
0028 002824 -5387217.61543 0.0001031799
0029 002920 -5386690.41254 0.0000978618
0030 003009 -5386188.78256 0.0000931240
0031 003101 -5385710.38273 0.0000888197
0032 003192 -5385253.52857 0.0000848271
0033 003279 -5384817.00422 0.0000810592
0034 003368 -5384399.86541 0.0000774657
0035 003461 -5384001.27793 0.0000740264
0036 003549 -5383620.43485 0.0000707361
0037 003634 -5383256.56617 0.0000675881
0038 003719 -5382908.99539 0.0000645652
0039 003801 -5382577.17496 0.0000616433
0040 003887 -5382260.67204 0.0000588014
0041 003973 -5381959.13109 0.0000560250
0042 004057 -5381672.27179 0.0000533002
0043 004139 -5381399.94702 0.0000506023
0044 004226 -5381142.21394 0.0000478933
0045 004308 -5380899.32090 0.0000451378
0046 004394 -5380671.53193 0.0000423329
0047 004479 -5380458.90893 0.0000395161
0048 004561 -5380261.18593 0.0000367484
0049 004643 -5380077.73735 0.0000340966
0050 004726 -5379907.67051 0.0000316105
0051 004807 -5379749.99162 0.0000293088
0052 004888 -5379603.72138 0.0000271890
0053 004965 -5379467.93593 0.0000252408
0054 005044 -5379341.76891 0.0000234534
0055 005123 -5379224.43402 0.0000218121
0056 005202 -5379115.25039 0.0000202973
0057 005281 -5379013.61924 0.0000188937
0058 005357 -5378918.94582 0.0000176005
0059 005434 -5378830.62263 0.0000164202
0060 005510 -5378748.12338 0.0000153378
0061 005589 -5378671.08044 0.0000143236
0062 005665 -5378599.27405 0.0000133502
0063 005749 -5378532.54556 0.0000124063
0064 005815 -5378470.71283 0.0000114962
0065 005884 -5378413.54223 0.0000106295
0066 005952 -5378360.68517 0.0000098276
Start evaluating ...
  Columns 1 through 7

    0.0020    0.0032    0.0041    0.0048    0.0062    0.0068    0.0074

  Columns 8 through 10

    0.0081    0.0085    0.0089

   7.7767e-04

Elapsed time is 6041.669477 seconds.
