nohup: ignoring input

                            < M A T L A B (R) >
                  Copyright 1984-2016 The MathWorks, Inc.
                   R2016a (9.0.0.341360) 64-bit (glnxa64)
                             February 11, 2016

 
To get started, type one of these: helpwin, helpdesk, or demo.
For product information, visit www.mathworks.com.
 

	Academic License

Start learning ...
Init data [Dtype: delicious - Dspec: sp3/1050]
Init social model
Using adagrad ...
Load pretrained shallow-model...
Params [lbd-U: 0.1000|lbd-V: 0.0100|lbd-N: 0.1000|lbd-Q: 0.1000]
Staring Sample 3 - Loc: save/bcdl/delicious-alg61-sp3-cold20170225114412594 
CTR(chongwang)-DAE(User graph) Running - Walks(1)...
-1/200: 44922.674082/1344.575977/43578.098105/1.000000000
-2/200: 43882.573345/382.078146/43500.495199/0.023153135
-3/200: 43895.851806/378.927061/43516.924745/0.000302591
-4/200: 43895.369103/377.297657/43518.071446/0.000010997
-5/200: 43893.209729/376.254743/43516.954986/0.000049194
-6/200: 43892.518280/375.505574/43517.012706/0.000015753
-7/200: 43894.172411/374.933173/43519.239238/0.000037686
-8/200: 43894.171208/374.481912/43519.689296/0.000000027
-9/200: 43893.535324/374.119295/43519.416029/0.000014487
-10/200: 43893.554811/373.824005/43519.730806/0.000000444
-11/200: 43892.648965/373.580581/43519.068384/0.000020637
-12/200: 43891.868927/373.377869/43518.491058/0.000017771
-13/200: 43892.869391/373.207681/43519.661710/0.000022794
-14/200: 43893.318787/373.063528/43520.255259/0.000010238
-15/200: 43892.333826/372.940532/43519.393294/0.000022440
-16/200: 43892.359482/372.834844/43519.524638/0.000000585
-17/200: 43893.161378/372.743437/43520.417941/0.000018270
-18/200: 43894.393394/372.663949/43521.729445/0.000028069
-19/200: 43893.445804/372.594483/43520.851321/0.000021588
-20/200: 43893.801362/372.533520/43521.267842/0.000008100
-21/200: 43892.558012/372.479701/43520.078311/0.000028326
-22/200: 43894.032548/372.432006/43521.600542/0.000033594
-23/200: 43894.478831/372.389585/43522.089246/0.000010167
-24/200: 43895.083240/372.351749/43522.731491/0.000013770
-25/200: 43894.003989/372.317881/43521.686108/0.000024587
-26/200: 43894.185837/372.287474/43521.898363/0.000004143
-27/200: 43893.675280/372.260065/43521.415215/0.000011632
-28/200: 43895.683246/372.235290/43523.447956/0.000045746
-29/200: 43895.498744/372.212826/43523.285918/0.000004203
-30/200: 43894.863901/372.192554/43522.671347/0.000014463
-31/200: 43894.876948/372.174064/43522.702884/0.000000297
-32/200: 43895.689678/372.157304/43523.532374/0.000018515
-33/200: 43893.354431/372.141952/43521.212479/0.000053200
-34/200: 43895.652596/372.127980/43523.524616/0.000052358
-35/200: 43893.823295/372.115203/43521.708092/0.000041674
-36/200: 43895.330105/372.103534/43523.226571/0.000034329
-37/200: 43895.516042/372.092810/43523.423232/0.000004236
-38/200: 43895.066369/372.082938/43522.983431/0.000010244
-39/200: 43895.737841/372.073843/43523.663998/0.000015297
-40/200: 43895.396426/372.065515/43523.330911/0.000007778
-41/200: 43896.734138/372.057849/43524.676289/0.000030475
-42/200: 43896.898490/372.050793/43524.847697/0.000003744
-43/200: 43896.657952/372.044258/43524.613694/0.000005480
-44/200: 43896.841931/372.038158/43524.803773/0.000004191
-45/200: 43896.621866/372.032558/43524.589308/0.000005013
-46/200: 43896.624068/372.027398/43524.596670/0.000000050
-47/200: 43897.335060/372.022570/43525.312490/0.000016197
-48/200: 43897.268181/372.018107/43525.250074/0.000001524
-49/200: 43896.217633/372.013996/43524.203637/0.000023932
-50/200: 43896.684660/372.010172/43524.674488/0.000010639
-51/200: 43896.742888/372.006583/43524.736305/0.000001326
-52/200: 43898.213816/372.003267/43526.210549/0.000033509
-53/200: 43896.778483/372.000228/43524.778255/0.000032697
-54/200: 43897.460384/371.997488/43525.462896/0.000015534
-55/200: 43897.457028/371.994852/43525.462176/0.000000076
-56/200: 43897.403520/371.992476/43525.411044/0.000001219
-57/200: 43897.832288/371.990318/43525.841970/0.000009768
-58/200: 43898.356049/371.988394/43526.367655/0.000011931
-59/200: 43898.071565/371.986614/43526.084951/0.000006481
-60/200: 43898.228955/371.984928/43526.244027/0.000003585
-61/200: 43897.445636/371.983435/43525.462201/0.000017844
-62/200: 43898.850068/371.982103/43526.867965/0.000031993
-63/200: 43898.200069/371.980931/43526.219138/0.000014807
-64/200: 43899.619191/371.979917/43527.639274/0.000032328
-65/200: 43899.669843/371.979033/43527.690810/0.000001154
-66/200: 43899.537580/371.978339/43527.559241/0.000003013
-67/200: 43898.542404/371.977743/43526.564661/0.000022669
-68/200: 43898.696500/371.977226/43526.719274/0.000003510
-69/200: 43898.942621/371.976825/43526.965796/0.000005607
-70/200: 43898.886044/371.976528/43526.909516/0.000001289
-71/200: 43899.877116/371.976391/43527.900725/0.000022576
-72/200: 43899.374083/371.976326/43527.397757/0.000011459
-73/200: 43900.407702/371.976361/43528.431341/0.000023545
-74/200: 43899.989329/371.976539/43528.012790/0.000009530
-75/200: 43899.639936/371.976725/43527.663211/0.000007959
-76/200: 43900.674136/371.977050/43528.697086/0.000023558
-77/200: 43900.859165/371.977471/43528.881694/0.000004215
-78/200: 43900.870342/371.977908/43528.892434/0.000000255
-79/200: 43899.866116/371.978463/43527.887653/0.000022875
-80/200: 43900.007826/371.979062/43528.028764/0.000003228
-81/200: 43900.587577/371.979731/43528.607846/0.000013206
-82/200: 43901.348179/371.980472/43529.367707/0.000017326
-83/200: 43900.674454/371.981310/43528.693144/0.000015346
-84/200: 43900.520976/371.982161/43528.538815/0.000003496
-85/200: 43901.260554/371.983094/43529.277460/0.000016847
-86/200: 43901.291481/371.984063/43529.307418/0.000000704
-87/200: 43901.422930/371.985091/43529.437839/0.000002994
-88/200: 43901.842147/371.986235/43529.855912/0.000009549
-89/200: 43901.488847/371.987371/43529.501476/0.000008048
-90/200: 43901.823677/371.988542/43529.835135/0.000007627
-91/200: 43901.790796/371.989748/43529.801048/0.000000749
-92/200: 43902.190913/371.991023/43530.199890/0.000009114
-93/200: 43901.979635/371.992290/43529.987345/0.000004812
-94/200: 43902.717716/371.993626/43530.724090/0.000016812
-95/200: 43902.452650/371.994967/43530.457683/0.000006038
-96/200: 43902.051596/371.996429/43530.055167/0.000009135
-97/200: 43902.545650/371.997873/43530.547777/0.000011254
-98/200: 43902.866172/371.999356/43530.866816/0.000007301
-99/200: 43903.016234/372.000876/43531.015358/0.000003418
Recall at EP-100 ...
  Columns 1 through 7

    0.0282    0.0430    0.0531    0.0616    0.0673    0.0729    0.0777

  Columns 8 through 10

    0.0819    0.0858    0.0890

Mrr at EP-100 ...
    0.0084

-100/200: 43902.684081/372.002438/43530.681643/0.000007566
-101/200: 43902.526565/372.003971/43530.522594/0.000003588
-102/200: 43902.952669/372.005595/43530.947074/0.000009706
-103/200: 43903.649112/372.007223/43531.641889/0.000015863
-104/200: 43903.002519/372.008846/43530.993673/0.000014728
-105/200: 43903.608669/372.010506/43531.598163/0.000013807
-106/200: 43903.186592/372.012186/43531.174406/0.000009614
-107/200: 43903.596322/372.013928/43531.582394/0.000009333
-108/200: 43904.125410/372.015617/43532.109793/0.000012051
-109/200: 43903.600746/372.017367/43531.583379/0.000011950
-110/200: 43903.524367/372.019127/43531.505240/0.000001740
-111/200: 43904.340955/372.020982/43532.319973/0.000018600
-112/200: 43904.308283/372.022806/43532.285477/0.000000744
-113/200: 43904.085896/372.024663/43532.061233/0.000005065
-114/200: 43903.927592/372.026528/43531.901064/0.000003606
-115/200: 43904.291963/372.028423/43532.263540/0.000008299
-116/200: 43904.198946/372.030303/43532.168643/0.000002119
-117/200: 43904.786643/372.032151/43532.754492/0.000013386
-118/200: 43904.667433/372.034096/43532.633337/0.000002715
-119/200: 43905.099809/372.036036/43533.063773/0.000009848
-120/200: 43904.935036/372.037898/43532.897138/0.000003753
-121/200: 43905.326138/372.039794/43533.286344/0.000008908
-122/200: 43905.405591/372.041662/43533.363929/0.000001810
-123/200: 43905.168941/372.043614/43533.125327/0.000005390
-124/200: 43905.370288/372.045475/43533.324813/0.000004586
-125/200: 43905.487776/372.047399/43533.440377/0.000002676
-126/200: 43905.512110/372.049328/43533.462782/0.000000554
-127/200: 43905.513477/372.051306/43533.462171/0.000000031
Start evaluating ...
  Columns 1 through 7

    0.0283    0.0433    0.0535    0.0619    0.0675    0.0731    0.0781

  Columns 8 through 10

    0.0820    0.0858    0.0894

    0.0084

Elapsed time is 15633.779277 seconds.
