nohup: ignoring input

                            < M A T L A B (R) >
                  Copyright 1984-2016 The MathWorks, Inc.
                   R2016a (9.0.0.341360) 64-bit (glnxa64)
                             February 11, 2016

 
To get started, type one of these: helpwin, helpdesk, or demo.
For product information, visit www.mathworks.com.
 

	Academic License

Start learning ...
Init data [Dtype: delicious - Dspec: sp3/1050]
Init social model
Using adagrad ...
Could not use CUDA
Params [lbd-U: 0.1000|lbd-V: 0.1000|lbd-N: 0.1000|lbd-Q: 0.1000]
Staring Sample 3 - Loc: save/ctrsmf/delicious-alg90-sp3-cold20170225114459511 
CTR-SMF Running ...

iter time likelihood converge
0001 000157 -10227120.58996 1.0000000000
0002 000308 -9957184.72535 0.0263941216
0003 000457 -9742021.43534 0.0216088479
0004 000596 -9676937.20774 0.0066807724
0005 000736 -9644749.01153 0.0033262793
0006 000873 -9620419.71172 0.0025225436
0007 001012 -9603692.77675 0.0017386908
0008 001146 -9592757.95404 0.0011386061
0009 001279 -9584853.64223 0.0008239874
0010 001410 -9578634.72358 0.0006488277
0011 001545 -9573431.62315 0.0005431985
0012 001673 -9568940.69159 0.0004691036
0013 001803 -9565002.19770 0.0004115914
0014 001933 -9561513.58501 0.0003647268
0015 002063 -9558400.73340 0.0003255605
0016 002189 -9555606.34844 0.0002923486
0017 002315 -9553084.44591 0.0002639186
0018 002440 -9550797.25012 0.0002394196
0019 002559 -9548713.02198 0.0002182256
0020 002677 -9546804.70524 0.0001998507
0021 002800 -9545049.23671 0.0001838802
0022 002925 -9543426.99713 0.0001699561
0023 003047 -9541921.20425 0.0001577832
0024 003166 -9540517.33449 0.0001471265
0025 003281 -9539202.69913 0.0001377950
0026 003394 -9537966.24206 0.0001296185
0027 003510 -9536798.57441 0.0001224231
0028 003621 -9535692.19656 0.0001160115
0029 003733 -9534641.52125 0.0001101834
0030 003844 -9533642.28104 0.0001048010
0031 003955 -9532690.97274 0.0000997844
0032 004063 -9531784.60727 0.0000950797
0033 004174 -9530920.51769 0.0000906535
0034 004284 -9530096.27092 0.0000864813
0035 004395 -9529309.69531 0.0000825360
0036 004503 -9528558.93350 0.0000787845
0037 004615 -9527842.46383 0.0000751918
0038 004723 -9527159.09667 0.0000717232
0039 004825 -9526507.96839 0.0000683444
0040 004926 -9525888.53896 0.0000650217
0041 005027 -9525300.52717 0.0000617278
0042 005129 -9524743.69100 0.0000584586
0043 005236 -9524217.52883 0.0000552416
0044 005336 -9523721.14408 0.0000521182
0045 005438 -9523253.30344 0.0000491237
0046 005541 -9522812.55255 0.0000462815
0047 005650 -9522397.32669 0.0000436033
0048 005748 -9522006.06888 0.0000410882
0049 005836 -9521637.36872 0.0000387208
0050 005923 -9521290.07672 0.0000364740
0051 006011 -9520963.33125 0.0000343174
0052 006084 -9520656.49339 0.0000322276
0053 006134 -9520369.00895 0.0000301959
0054 006188 -9520100.23057 0.0000282319
0055 006242 -9519849.30344 0.0000263576
0056 006291 -9519615.19217 0.0000245919
0057 006357 -9519396.83256 0.0000229379
0058 006410 -9519193.29835 0.0000213810
0059 006459 -9519003.84947 0.0000199018
0060 006507 -9518827.86877 0.0000184873
0061 006556 -9518664.76478 0.0000171349
0062 006608 -9518513.92685 0.0000158465
0063 006694 -9518374.74441 0.0000146223
0064 006754 -9518246.62285 0.0000134604
0065 006810 -9518128.96852 0.0000123609
0066 006858 -9518021.17089 0.0000113255
0067 006908 -9517922.60361 0.0000103559
0068 006957 -9517832.61658 0.0000094545
Start evaluating ...
  Columns 1 through 7

    0.0104    0.0110    0.0118    0.0121    0.0124    0.0126    0.0128

  Columns 8 through 10

    0.0132    0.0134    0.0135

    0.0037

Elapsed time is 7023.650860 seconds.
