nohup: ignoring input

                            < M A T L A B (R) >
                  Copyright 1984-2016 The MathWorks, Inc.
                   R2016a (9.0.0.341360) 64-bit (glnxa64)
                             February 11, 2016

 
To get started, type one of these: helpwin, helpdesk, or demo.
For product information, visit www.mathworks.com.
 

	Academic License

Start learning ...
Init data [Dtype: delicious - Dspec: sp3/0550]
Init social model
Using adagrad ...
Params [lbd-U: 10.0000|lbd-V: 10.0000|lbd-N: 10.0000|lbd-Q: 0.1000]
Staring Sample 3 - Loc: save/ctr/delicious-alg80-sp3-cold20170225114343781 
CTR(chongwang) Running ...

iter time likelihood:[r:u:v] converge
0001 000057 -2466.00000:[0.00000:0.00000:-0.00000] 1.0000000000
0002 000140 -2461.70418:[9.14633:-4.55625:-0.17738] 0.0017420177
0003 000224 -2460.50778:[11.77490:-5.92367:-0.22773] 0.0004860072
0004 000310 -2460.51696:[11.59867:-5.76196:-0.22248] 0.0000037335
Start evaluating ...
  Columns 1 through 7

    0.0002    0.0003    0.0005    0.0011    0.0018    0.0019    0.0021

  Columns 8 through 10

    0.0023    0.0025    0.0027

   1.4721e-04

Elapsed time is 435.943119 seconds.
