nohup: ignoring input

                            < M A T L A B (R) >
                  Copyright 1984-2016 The MathWorks, Inc.
                   R2016a (9.0.0.341360) 64-bit (glnxa64)
                             February 11, 2016

 
To get started, type one of these: helpwin, helpdesk, or demo.
For product information, visit www.mathworks.com.
 

	Academic License

Start learning ...
Init data [Dtype: delicious - Dspec: sp3/2550]
Init social model
Using adagrad ...
Params [lbd-U: 10.0000|lbd-V: 1.0000|lbd-N: 10.0000|lbd-Q: 0.0500]
Staring Sample 3 - Loc: save/ctrsmf/delicious-alg90-sp3-cold20170226125836411 
CTR-SMF Running ...

iter time likelihood converge
0001 000210 -32157503.24344 1.0000000000
0002 000415 -31349445.78972 0.0251281154
0003 000621 -30676043.08620 0.0214805298
0004 000880 -30474217.22092 0.0065792666
0005 001175 -30380191.14545 0.0030854304
0006 001464 -30315660.46129 0.0021241040
0007 001753 -30271092.37542 0.0014701341
0008 002044 -30239834.70823 0.0010325913
0009 002335 -30215782.03014 0.0007953971
0010 002629 -30196035.92918 0.0006535029
0011 002923 -30179140.08978 0.0005595383
0012 003216 -30164360.97648 0.0004897129
0013 003508 -30151274.92666 0.0004338249
0014 003798 -30139590.32899 0.0003875325
0015 004090 -30129087.86806 0.0003484606
0016 004382 -30119594.91263 0.0003150761
0017 004677 -30110971.12560 0.0002863182
0018 004969 -30103099.95548 0.0002614054
0019 005261 -30095883.44128 0.0002397266
0020 005553 -30089238.92291 0.0002207783
0021 005837 -30083096.43785 0.0002041423
0022 006118 -30077396.29947 0.0001894798
0023 006400 -30072087.00731 0.0001765210
0024 006680 -30067123.67958 0.0001650477
0025 006961 -30062467.00699 0.0001548759
0026 007248 -30058082.69366 0.0001458401
0027 007523 -30053941.06853 0.0001377874
0028 007796 -30050016.77551 0.0001305750
0029 008074 -30046288.47903 0.0001240697
0030 008353 -30042738.02311 0.0001181662
0031 008631 -30039349.39868 0.0001127935
0032 008905 -30036108.05590 0.0001079032
0033 009180 -30033000.85765 0.0001034488
0034 009457 -30030016.63304 0.0000993648
0035 009737 -30027147.10216 0.0000955554
0036 010027 -30024387.41200 0.0000919065
0037 010277 -30021735.45509 0.0000883268
0038 010468 -30019191.47863 0.0000847378
0039 010659 -30016757.68393 0.0000810746
0040 010849 -30014436.52181 0.0000773289
0041 011039 -30012229.41236 0.0000735349
0042 011229 -30010135.71302 0.0000697615
0043 011417 -30008152.76558 0.0000660759
0044 011603 -30006277.10822 0.0000625049
0045 011793 -30004504.95654 0.0000590594
0046 011981 -30002833.16583 0.0000557180
0047 012169 -30001259.93242 0.0000524362
0048 012356 -29999783.65262 0.0000492073
0049 012543 -29998401.33882 0.0000460775
0050 012731 -29997108.12300 0.0000431095
0051 012918 -29995898.24415 0.0000403332
0052 013106 -29994765.54740 0.0000377617
0053 013294 -29993703.23671 0.0000354165
0054 013481 -29992704.47935 0.0000332989
0055 013837 -29991763.18352 0.0000313842
0056 014199 -29990874.38764 0.0000296347
0057 014563 -29990034.19664 0.0000280149
0058 014924 -29989239.49801 0.0000264988
0059 015282 -29988487.81388 0.0000250651
0060 015648 -29987777.17743 0.0000236970
0061 015984 -29987106.04908 0.0000223801
0062 016315 -29986473.43421 0.0000210962
0063 016635 -29985879.10887 0.0000198198
0064 016949 -29985323.53759 0.0000185278
0065 017269 -29984806.99487 0.0000172265
0066 017564 -29984328.75390 0.0000159494
0067 017858 -29983887.19678 0.0000147263
0068 018150 -29983480.01206 0.0000135801
0069 018442 -29983104.17433 0.0000125348
0070 018738 -29982756.31479 0.0000116019
0071 019031 -29982433.13237 0.0000107789
0072 019285 -29982131.35195 0.0000100652
0073 019526 -29981847.68763 0.0000094611
Start evaluating ...
  Columns 1 through 7

    0.0673    0.0874    0.0946    0.0995    0.1035    0.1066    0.1097

  Columns 8 through 10

    0.1120    0.1139    0.1155

    0.0122

Elapsed time is 19649.943787 seconds.
