nohup: ignoring input

                            < M A T L A B (R) >
                  Copyright 1984-2016 The MathWorks, Inc.
                   R2016a (9.0.0.341360) 64-bit (glnxa64)
                             February 11, 2016

 
To get started, type one of these: helpwin, helpdesk, or demo.
For product information, visit www.mathworks.com.
 

	Academic License

Start learning ...
Init data [Dtype: delicious - Dspec: sp3/2550]
Init social model
Using adagrad ...
Params [lbd-U: 1.0000|lbd-V: 1.0000|lbd-N: 1.0000|lbd-Q: 0.0500]
Staring Sample 3 - Loc: save/ctrsmf/delicious-alg90-sp3-cold20170226125835794 
CTR-SMF Running ...

iter time likelihood converge
0001 000208 -32154253.40806 1.0000000000
0002 000416 -31332963.79110 0.0255421765
0003 000618 -30660014.37256 0.0214773624
0004 000875 -30460692.40897 0.0065010395
0005 001168 -30369044.38313 0.0030087309
0006 001454 -30305397.64495 0.0020957768
0007 001739 -30261055.50515 0.0014631763
0008 002025 -30229858.49410 0.0010309294
0009 002312 -30205821.42881 0.0007951432
0010 002606 -30186076.73154 0.0006536719
0011 002898 -30169177.52952 0.0005598343
0012 003191 -30154393.57952 0.0004900349
0013 003480 -30141302.46603 0.0004341362
0014 003773 -30129613.06434 0.0003878201
0015 004061 -30119106.23829 0.0003487209
0016 004352 -30109609.40442 0.0003153093
0017 004646 -30100982.21622 0.0002865261
0018 004937 -30093108.08897 0.0002615904
0019 005226 -30085889.02026 0.0002398911
0020 005511 -30079242.30709 0.0002209246
0021 005794 -30073097.94541 0.0002042725
0022 006076 -30067396.20955 0.0001895959
0023 006360 -30062085.56332 0.0001766247
0024 006645 -30057121.09361 0.0001651406
0025 006926 -30052463.46466 0.0001549593
0026 007208 -30048078.35785 0.0001459151
0027 007492 -30043936.08272 0.0001378549
0028 007777 -30040011.26553 0.0001306359
0029 008058 -30036282.55459 0.0001241248
0030 008340 -30032731.77932 0.0001182162
0031 008620 -30029342.91596 0.0001128390
0032 008903 -30026101.40045 0.0001079449
0033 009188 -30022994.08500 0.0001034871
0034 009473 -30020009.79443 0.0000994002
0035 009756 -30017140.24729 0.0000955878
0036 010046 -30014380.58729 0.0000919361
0037 010289 -30011728.70251 0.0000883538
0038 010481 -30009184.83811 0.0000847623
0039 010633 -30006751.19015 0.0000810968
0040 010773 -30004430.19864 0.0000773490
0041 010926 -30002223.27626 0.0000735532
0042 011083 -30000129.77154 0.0000697783
0043 011214 -29998147.00753 0.0000660918
0044 011381 -29996271.50233 0.0000625207
0045 011514 -29994499.45232 0.0000590757
0046 011640 -29992827.70535 0.0000557351
0047 011785 -29991254.47416 0.0000524536
0048 011892 -29989778.19114 0.0000492238
0049 011993 -29988395.90935 0.0000460918
0050 012104 -29987102.79135 0.0000431206
0051 012219 -29985893.08362 0.0000403409
0052 012346 -29984760.61108 0.0000377668
0053 012449 -29983698.54439 0.0000354202
0054 012550 -29982700.03514 0.0000333017
0055 012661 -29981758.99469 0.0000313861
0056 012773 -29980870.46011 0.0000296358
0057 012917 -29980030.52056 0.0000280158
0058 013094 -29979236.04196 0.0000265003
0059 013255 -29978484.53279 0.0000250677
0060 013364 -29977774.02457 0.0000237006
0061 013600 -29977102.98429 0.0000223846
0062 013956 -29976470.43148 0.0000211012
0063 014316 -29975876.15443 0.0000198248
0064 014676 -29975320.62151 0.0000185327
0065 015045 -29974804.10748 0.0000172313
0066 015402 -29974325.89322 0.0000159539
0067 015761 -29973884.38423 0.0000147296
0068 016093 -29973477.31283 0.0000135809
0069 016414 -29973101.72437 0.0000125307
0070 016735 -29972754.35066 0.0000115895
0071 017054 -29972432.00304 0.0000107547
0072 017365 -29972131.49224 0.0000100262
0073 017660 -29971849.55364 0.0000094067
Start evaluating ...
  Columns 1 through 7

    0.0834    0.0993    0.1073    0.1118    0.1146    0.1163    0.1174

  Columns 8 through 10

    0.1182    0.1194    0.1202

    0.0165

Elapsed time is 17800.932975 seconds.
