nohup: ignoring input

                            < M A T L A B (R) >
                  Copyright 1984-2016 The MathWorks, Inc.
                   R2016a (9.0.0.341360) 64-bit (glnxa64)
                             February 11, 2016

 
To get started, type one of these: helpwin, helpdesk, or demo.
For product information, visit www.mathworks.com.
 

	Academic License

Start learning ...
Init data [Dtype: delicious - Dspec: sp3/5050]
Init social model
Using adagrad ...
Params [lbd-U: 100.0000|lbd-V: 10.0000|lbd-N: 100.0000|lbd-Q: 0.0100]
Staring Sample 3 - Loc: save/ctrsmf/delicious-alg90-sp3-cold20170226203649014 
CTR-SMF Running ...

iter time likelihood converge
0001 000558 -51830237.60388 1.0000000000
0002 001201 -50591000.15651 0.0239095459
0003 001841 -49503719.39561 0.0214915846
0004 002482 -49185367.73574 0.0064308635
0005 003119 -49043835.43159 0.0028775286
0006 003742 -48948393.64388 0.0019460506
0007 004375 -48881122.59035 0.0013743261
0008 005003 -48832225.98405 0.0010003168
0009 005632 -48793599.82905 0.0007909972
0010 006269 -48761343.12902 0.0006610847
0011 006905 -48733473.90863 0.0005715433
0012 007539 -48708950.23075 0.0005032204
0013 008172 -48687140.13405 0.0004477636
0014 008804 -48667596.89709 0.0004014045
0015 009440 -48649979.55343 0.0003619933
0016 010073 -48634016.87259 0.0003281128
0017 010707 -48619487.30927 0.0002987531
0018 011340 -48606207.02774 0.0002731473
0019 011967 -48594021.74045 0.0002506941
0020 012604 -48582801.01976 0.0002309074
0021 013233 -48572433.96667 0.0002133894
0022 013859 -48562825.52447 0.0001978168
0023 014479 -48553893.40270 0.0001839292
0024 015101 -48545565.74977 0.0001715136
0025 015707 -48537779.52179 0.0001603901
0026 016321 -48530479.33941 0.0001504021
0027 016925 -48523616.21676 0.0001414188
0028 017532 -48517146.13544 0.0001333388
0029 018142 -48511029.11942 0.0001260795
0030 018740 -48505229.51801 0.0001195522
0031 019337 -48499716.61052 0.0001136559
0032 019942 -48494464.10298 0.0001082998
0033 020534 -48489449.89372 0.0001033976
0034 021127 -48484656.61740 0.0000988519
0035 021718 -48480071.72813 0.0000945637
0036 022289 -48475686.25779 0.0000904592
0037 022861 -48471494.08976 0.0000864798
0038 023429 -48467491.50550 0.0000825760
0039 024002 -48463675.22272 0.0000787390
0040 024574 -48460041.46543 0.0000749790
0041 025145 -48456586.24374 0.0000713004
0042 025716 -48453305.44978 0.0000677058
0043 026291 -48450194.35987 0.0000642080
0044 026865 -48447246.10250 0.0000608513
0045 027441 -48444451.63634 0.0000576806
0046 027951 -48441801.21802 0.0000547105
0047 028455 -48439284.24332 0.0000519587
0048 028946 -48436891.25269 0.0000494019
0049 029419 -48434616.89718 0.0000469550
0050 029895 -48432459.80574 0.0000445362
0051 030380 -48430419.51947 0.0000421264
0052 030863 -48428494.40097 0.0000397502
0053 031343 -48426681.23330 0.0000374401
0054 031822 -48424975.78868 0.0000352170
0055 032304 -48423373.73610 0.0000330832
0056 032770 -48421869.38945 0.0000310665
0057 033223 -48420456.21113 0.0000291847
0058 033679 -48419127.84704 0.0000274339
0059 034127 -48417878.02449 0.0000258126
0060 034586 -48416700.50242 0.0000243200
0061 035036 -48415589.10830 0.0000229548
0062 035494 -48414537.94122 0.0000217113
0063 035949 -48413541.64863 0.0000205784
0064 036402 -48412595.62335 0.0000195405
0065 036776 -48411696.06786 0.0000185810
0066 037081 -48410839.77676 0.0000176877
0067 037373 -48410024.02910 0.0000168505
0068 037657 -48409247.04532 0.0000160501
0069 037942 -48408508.58007 0.0000152546
0070 038226 -48407810.00675 0.0000144308
0071 038511 -48407152.90017 0.0000135744
0072 038795 -48406537.14517 0.0000127203
0073 039079 -48405960.88277 0.0000119046
0074 039363 -48405421.66930 0.0000111394
0075 039603 -48404917.21638 0.0000104214
0076 039783 -48404445.25092 0.0000097504
Start evaluating ...
  Columns 1 through 7

    0.0017    0.0036    0.0051    0.0065    0.0078    0.0089    0.0098

  Columns 8 through 10

    0.0107    0.0118    0.0128

   5.3837e-04

Elapsed time is 39865.911612 seconds.
