nohup: ignoring input

                            < M A T L A B (R) >
                  Copyright 1984-2016 The MathWorks, Inc.
                   R2016a (9.0.0.341360) 64-bit (glnxa64)
                             February 11, 2016

 
To get started, type one of these: helpwin, helpdesk, or demo.
For product information, visit www.mathworks.com.
 

	Academic License

Start learning ...
Init data [Dtype: delicious - Dspec: sp3/5050]
Init social model
Using adagrad ...
Params [lbd-U: 1.0000|lbd-V: 100.0000|lbd-N: 1.0000|lbd-Q: 0.0100]
Staring Sample 3 - Loc: save/ctr/delicious-alg80-sp3-cold20170226164405757 
CTR(chongwang) Running ...

iter time likelihood:[r:u:v] converge
0001 000527 -28125.00000:[0.00000:0.00000:-0.00000] 1.0000000000
0002 001043 -26557.04902:[3274.76060:-482.30916:-86.64786] 0.0557493681
0003 001556 -26420.19408:[3630.40893:-606.72612:-127.63728] 0.0051532435
0004 002062 -26408.91871:[3724.08511:-661.70501:-148.95656] 0.0004267709
0005 002544 -26419.42704:[3729.06069:-672.00556:-154.49518] 0.0003979084
0006 003008 -26430.42854:[3708.30468:-664.76432:-152.97128] 0.0004164170
0007 003470 -26440.30909:[3681.20697:-652.38331:-149.05197] 0.0003738323
0008 003905 -26449.17576:[3653.78448:-639.14003:-144.52998] 0.0003353466
0009 004330 -26457.18765:[3627.82616:-626.37235:-140.03340] 0.0003029167
0010 004745 -26464.45925:[3603.78463:-614.45771:-135.77121] 0.0002748440
0011 005162 -26471.07761:[3581.68631:-603.46451:-131.80343] 0.0002500849
0012 005568 -26477.11299:[3561.42494:-593.36197:-128.13636] 0.0002279992
0013 005918 -26482.62391:[3542.86011:-584.08999:-124.75732] 0.0002081390
0014 006241 -26487.65985:[3525.85079:-575.58309:-121.64755] 0.0001901599
0015 006555 -26492.26319:[3510.26625:-567.77864:-118.78731] 0.0001737920
0016 006862 -26496.47069:[3495.98875:-560.61946:-116.15773] 0.0001588200
0017 007167 -26500.31444:[3482.91343:-554.05419:-113.74152] 0.0001450665
0018 007468 -26503.82266:[3470.94719:-548.03704:-111.52307] 0.0001323839
0019 007766 -26507.02028:[3460.00748:-542.52728:-109.48843] 0.0001206477
0020 008066 -26509.92950:[3450.02097:-537.48872:-107.62520] 0.0001097529
0021 008361 -26512.57024:[3440.92220:-532.88907:-105.92230] 0.0000996132
0022 008658 -26514.96066:[3432.65218:-528.69934:-104.36981] 0.0000901616
0023 008955 -26517.11762:[3425.15692:-524.89317:-102.95868] 0.0000813489
0024 009249 -26519.05700:[3418.38624:-521.44617:-101.68054] 0.0000731368
0025 009541 -26520.79374:[3412.29305:-518.33549:-100.52750] 0.0000654904
0026 009820 -26522.34183:[3406.83306:-515.53954:-99.49208] 0.0000583726
0027 010098 -26523.71419:[3401.96485:-513.03804:-98.56722] 0.0000517435
0028 010366 -26524.92265:[3397.65004:-510.81204:-97.74628] 0.0000455613
0029 010635 -26525.97795:[3393.85342:-508.84405:-97.02317] 0.0000397853
0030 010903 -26526.89006:[3390.54265:-507.11807:-96.39227] 0.0000343858
0031 011171 -26527.66862:[3387.68731:-505.61923:-95.84838] 0.0000293498
0032 011440 -26528.32311:[3385.25789:-504.33329:-95.38639] 0.0000246719
0033 011708 -26528.86269:[3383.22556:-503.24629:-95.00122] 0.0000203396
0034 011978 -26529.29608:[3381.56223:-502.34457:-94.68778] 0.0000163368
0035 012223 -26529.63188:[3380.24050:-501.61486:-94.44106] 0.0000126576
0036 012459 -26529.87877:[3379.23299:-501.04403:-94.25605] 0.0000093062
Start evaluating ...
  Columns 1 through 7

    0.0018    0.0037    0.0053    0.0070    0.0083    0.0095    0.0105

  Columns 8 through 10

    0.0116    0.0127    0.0139

   5.8584e-04

Elapsed time is 12568.355513 seconds.
