nohup: ignoring input

                            < M A T L A B (R) >
                  Copyright 1984-2016 The MathWorks, Inc.
                   R2016a (9.0.0.341360) 64-bit (glnxa64)
                             February 11, 2016

 
To get started, type one of these: helpwin, helpdesk, or demo.
For product information, visit www.mathworks.com.
 

	Academic License

Start learning ...
Init data [Dtype: delicious - Dspec: sp3/5050]
Init social model
Using adagrad ...
Params [lbd-U: 100.0000|lbd-V: 0.0100|lbd-N: 100.0000|lbd-Q: 0.0100]
Staring Sample 3 - Loc: save/ctr/delicious-alg80-sp3-cold20170226164404702 
CTR(chongwang) Running ...

iter time likelihood:[r:u:v] converge
0001 000513 -28125.00000:[0.00000:0.00000:-0.00000] 1.0000000000
0002 001024 -26673.10985:[2953.62541:-48.11700:-663.72031] 0.0516227609
0003 001538 -16520.16098:[24512.37575:-662.05679:-5553.29418] 0.3806436117
0004 002038 -9957.31406:[41159.46475:-2416.35867:-4410.18086] 0.3972628914
0005 002520 -9523.32728:[43062.30130:-2933.40916:-3917.14408] 0.0435847239
0006 002984 -9402.60488:[43820.97863:-3191.78739:-3687.10943] 0.0126764940
0007 003445 -9350.97505:[44183.80618:-3321.49930:-3573.86425] 0.0054910130
0008 003874 -9320.62940:[44372.09838:-3385.30929:-3515.57045] 0.0032451856
0009 004295 -9298.92569:[44476.66171:-3415.93276:-3484.22400] 0.0023285671
0010 004707 -9281.87120:[44538.79670:-3430.00411:-3466.44974] 0.0018340281
0011 005119 -9267.85574:[44578.46931:-3435.88509:-3455.71286] 0.0015099821
0012 005527 -9256.06181:[44605.74126:-3437.78418:-3448.75345] 0.0012725630
0013 005895 -9245.99115:[44625.81489:-3437.80240:-3443.90590] 0.0010880073
0014 006227 -9237.30028:[44641.45941:-3436.98041:-3440.30022] 0.0009399605
0015 006540 -9229.73614:[44654.20106:-3435.82845:-3437.46978] 0.0008188691
0016 006855 -9223.10497:[44664.91649:-3434.59148:-3435.15543] 0.0007184572
0017 007171 -9217.25477:[44674.13438:-3433.38238:-3433.20679] 0.0006342981
0018 007484 -9212.06429:[44682.19135:-3432.24870:-3431.53179] 0.0005631267
0019 007799 -9207.43553:[44689.31387:-3431.20617:-3430.07046] 0.0005024670
0020 008109 -9203.28845:[44695.66253:-3430.25547:-3428.78128] 0.0004504059
0021 008410 -9199.55703:[44701.35659:-3429.39060:-3427.63389] 0.0004054441
0022 008716 -9196.18639:[44706.48823:-3428.60309:-3426.60510] 0.0003663921
0023 009021 -9193.13053:[44711.13104:-3427.88403:-3425.67669] 0.0003322963
0024 009323 -9190.35066:[44715.34545:-3427.22506:-3424.83408] 0.0003023853
0025 009609 -9187.81385:[44719.18213:-3426.61879:-3424.06549] 0.0002760298
0026 009888 -9185.49198:[44722.68431:-3426.05889:-3423.36134] 0.0002527122
0027 010161 -9183.36091:[44725.88930:-3425.54002:-3422.71375] 0.0002320037
0028 010432 -9181.39984:[44728.82956:-3425.05775:-3422.11623] 0.0002135460
0029 010703 -9179.59075:[44731.53348:-3424.60837:-3421.56338] 0.0001970381
0030 010974 -9177.91800:[44734.02593:-3424.18877:-3421.05063] 0.0001822257
0031 011244 -9176.36790:[44736.32873:-3423.79628:-3420.57409] 0.0001688940
0032 011516 -9174.92849:[44738.46109:-3423.42861:-3420.13038] 0.0001568609
0033 011787 -9173.58921:[44740.43989:-3423.08374:-3419.71655] 0.0001459712
0034 012060 -9172.34076:[44742.28002:-3422.75988:-3419.32996] 0.0001360920
0035 012328 -9171.17488:[44743.99460:-3422.45541:-3418.96829] 0.0001271085
0036 012566 -9170.08424:[44745.59523:-3422.16886:-3418.62943] 0.0001189202
0037 012837 -9169.06233:[44747.09216:-3421.89890:-3418.31152] 0.0001114392
0038 013102 -9168.10335:[44748.49449:-3421.64432:-3418.01289] 0.0001045886
0039 013276 -9167.20211:[44749.81030:-3421.40399:-3417.73201] 0.0000983017
0040 013494 -9166.35396:[44751.04683:-3421.17690:-3417.46751] 0.0000925206
0041 013762 -9165.55470:[44752.21053:-3420.96211:-3417.21816] 0.0000871951
0042 014150 -9164.80055:[44753.30720:-3420.75876:-3416.98280] 0.0000822804
0043 014729 -9164.08811:[44754.34205:-3420.56606:-3416.76042] 0.0000777372
0044 015325 -9163.41427:[44755.31979:-3420.38328:-3416.55005] 0.0000735303
0045 015919 -9162.77623:[44756.24467:-3420.20974:-3416.35086] 0.0000696287
0046 016523 -9162.17144:[44757.12055:-3420.04483:-3416.16204] 0.0000660050
0047 017122 -9161.59757:[44757.95091:-3419.88799:-3415.98287] 0.0000626350
0048 017728 -9161.05248:[44758.73897:-3419.73868:-3415.81270] 0.0000594973
0049 018332 -9160.53421:[44759.48765:-3419.59643:-3415.65090] 0.0000565730
0050 018936 -9160.04097:[44760.19960:-3419.46079:-3415.49691] 0.0000538446
0051 019553 -9159.57109:[44760.87730:-3419.33134:-3415.35020] 0.0000512959
0052 020160 -9159.12308:[44761.52296:-3419.20770:-3415.21030] 0.0000489120
0053 020771 -9158.69554:[44762.13865:-3419.08953:-3415.07678] 0.0000466788
0054 021377 -9158.28722:[44762.72624:-3418.97649:-3414.94924] 0.0000445835
0055 021988 -9157.89694:[44763.28747:-3418.86828:-3414.82733] 0.0000426150
0056 022601 -9157.52363:[44763.82392:-3418.76463:-3414.71072] 0.0000407634
0057 023214 -9157.16630:[44764.33709:-3418.66529:-3414.59909] 0.0000390204
0058 023823 -9156.82402:[44764.82833:-3418.57000:-3414.49216] 0.0000373783
0059 024420 -9156.49593:[44765.29893:-3418.47856:-3414.38966] 0.0000358300
0060 025026 -9156.18123:[44765.75005:-3418.39073:-3414.29133] 0.0000343691
0061 025637 -9155.87917:[44766.18280:-3418.30634:-3414.19693] 0.0000329899
0062 026245 -9155.58905:[44766.59818:-3418.22520:-3414.10624] 0.0000316868
0063 026847 -9155.31022:[44766.99716:-3418.14712:-3414.01905] 0.0000304547
0064 027449 -9155.04207:[44767.38061:-3418.07196:-3413.93516] 0.0000292888
0065 028029 -9154.78404:[44767.74935:-3417.99957:-3413.85441] 0.0000281845
0066 028619 -9154.53560:[44768.10415:-3417.92979:-3413.77661] 0.0000271378
0067 029202 -9154.29625:[44768.44573:-3417.86250:-3413.70162] 0.0000261449
0068 029787 -9154.06554:[44768.77476:-3417.79757:-3413.62929] 0.0000252029
0069 030371 -9153.84301:[44769.09189:-3417.73489:-3413.55948] 0.0000243087
0070 030949 -9153.62827:[44769.39769:-3417.67435:-3413.49205] 0.0000234591
0071 031520 -9153.42094:[44769.69272:-3417.61585:-3413.42688] 0.0000226510
0072 032094 -9153.22064:[44769.97751:-3417.55929:-3413.36388] 0.0000218816
0073 032660 -9153.02707:[44770.25252:-3417.50458:-3413.30294] 0.0000211483
0074 033226 -9152.83990:[44770.51823:-3417.45163:-3413.24396] 0.0000204486
0075 033791 -9152.65885:[44770.77505:-3417.40038:-3413.18686] 0.0000197805
0076 034355 -9152.48365:[44771.02338:-3417.35074:-3413.13156] 0.0000191419
0077 034922 -9152.31405:[44771.26361:-3417.30264:-3413.07799] 0.0000185311
0078 035487 -9152.14980:[44771.49609:-3417.25603:-3413.02606] 0.0000179465
0079 036038 -9151.99067:[44771.72115:-3417.21083:-3412.97573] 0.0000173866
0080 036576 -9151.83646:[44771.93912:-3417.16699:-3412.92691] 0.0000168502
0081 037119 -9151.68695:[44772.15030:-3417.12446:-3412.87956] 0.0000163361
0082 037658 -9151.54196:[44772.35498:-3417.08318:-3412.83361] 0.0000158430
0083 038203 -9151.40130:[44772.55341:-3417.04310:-3412.78900] 0.0000153699
0084 038747 -9151.26481:[44772.74587:-3417.00418:-3412.74569] 0.0000149157
0085 039291 -9151.13230:[44772.93259:-3416.96637:-3412.70362] 0.0000144796
0086 039834 -9151.00363:[44773.11381:-3416.92962:-3412.66274] 0.0000140607
0087 040373 -9150.87864:[44773.28975:-3416.89391:-3412.62302] 0.0000136581
0088 040914 -9150.75720:[44773.46060:-3416.85918:-3412.58440] 0.0000132708
0089 041449 -9150.63917:[44773.62657:-3416.82540:-3412.54685] 0.0000128982
0090 041913 -9150.52443:[44773.78785:-3416.79253:-3412.51033] 0.0000125398
0091 042398 -9150.41284:[44773.94462:-3416.76055:-3412.47480] 0.0000121951
0092 042855 -9150.30428:[44774.09705:-3416.72942:-3412.44022] 0.0000118632
0093 043299 -9150.19866:[44774.24530:-3416.69910:-3412.40655] 0.0000115434
0094 043749 -9150.09585:[44774.38953:-3416.66958:-3412.37377] 0.0000112354
0095 044202 -9149.99576:[44774.52988:-3416.64082:-3412.34184] 0.0000109387
0096 044651 -9149.89829:[44774.66651:-3416.61279:-3412.31074] 0.0000106528
0097 045100 -9149.80334:[44774.79954:-3416.58547:-3412.28042] 0.0000103769
0098 045545 -9149.71083:[44774.92910:-3416.55884:-3412.25087] 0.0000101101
0099 045996 -9149.62069:[44775.05529:-3416.53287:-3412.22207] 0.0000098518
Start evaluating ...
  Columns 1 through 7

    0.1207    0.1786    0.2030    0.2120    0.2159    0.2184    0.2206

  Columns 8 through 10

    0.2222    0.2235    0.2246

    0.0226

Elapsed time is 46165.333903 seconds.
