nohup: ignoring input

                            < M A T L A B (R) >
                  Copyright 1984-2016 The MathWorks, Inc.
                   R2016a (9.0.0.341360) 64-bit (glnxa64)
                             February 11, 2016

 
To get started, type one of these: helpwin, helpdesk, or demo.
For product information, visit www.mathworks.com.
 

	Academic License

Start learning ...
Init data [Dtype: delicious - Dspec: sp3/5050]
Init social model
Using adagrad ...
Params [lbd-U: 0.0100|lbd-V: 100.0000|lbd-N: 0.0100|lbd-Q: 0.0100]
Staring Sample 3 - Loc: save/ctrsmf/delicious-alg90-sp3-cold20170226203648682 
CTR-SMF Running ...

iter time likelihood converge
0001 000572 -51799479.28360 1.0000000000
0002 001216 -50549497.91064 0.0241311571
0003 001853 -49462068.09478 0.0215121784
0004 002489 -49143968.79225 0.0064311768
0005 003129 -49002796.28433 0.0028726314
0006 003746 -48907618.29586 0.0019422971
0007 004364 -48840402.45313 0.0013743430
0008 004978 -48791583.87500 0.0009995532
0009 005593 -48753113.11281 0.0007884713
0010 006208 -48721064.40108 0.0006573675
0011 006809 -48693425.97777 0.0005672787
0012 007411 -48669138.96198 0.0004987740
0013 008020 -48647564.79056 0.0004432824
0014 008624 -48628254.23780 0.0003969480
0015 009231 -48610865.60053 0.0003575830
0016 009832 -48595127.81319 0.0003237504
0017 010435 -48580819.59143 0.0002944374
0018 011038 -48567756.91535 0.0002688855
0019 011644 -48555784.97568 0.0002464997
0020 012249 -48544772.87616 0.0002267927
0021 012853 -48534609.53540 0.0002093601
0022 013458 -48525200.03633 0.0001938719
0023 014057 -48516462.54788 0.0001800608
0024 014656 -48508325.93623 0.0001677083
0025 015258 -48500727.77348 0.0001566363
0026 015859 -48493612.89459 0.0001466963
0027 016463 -48486932.18305 0.0001377648
0028 017066 -48480641.69062 0.0001297358
0029 017667 -48474702.29402 0.0001225107
0030 018265 -48469079.65279 0.0001159912
0031 018868 -48463743.66794 0.0001100905
0032 019468 -48458667.08596 0.0001047501
0033 020072 -48453825.29752 0.0000999158
0034 020671 -48449197.38591 0.0000955118
0035 021277 -48444766.23976 0.0000914596
0036 021876 -48440519.23679 0.0000876669
0037 022482 -48436450.48869 0.0000839947
0038 023091 -48432560.07640 0.0000803199
0039 023691 -48428850.74438 0.0000765876
0040 024290 -48425324.90786 0.0000728045
0041 024893 -48421982.37092 0.0000690246
0042 025501 -48418819.23190 0.0000653244
0043 026099 -48415827.78352 0.0000617828
0044 026702 -48412997.64361 0.0000584548
0045 027309 -48410318.08478 0.0000553479
0046 027823 -48407778.99434 0.0000524494
0047 028306 -48405370.32087 0.0000497580
0048 028783 -48403083.51417 0.0000472428
0049 029269 -48400913.20837 0.0000448382
0050 029719 -48398857.30088 0.0000424766
0051 030164 -48396916.08699 0.0000401087
0052 030604 -48395090.21893 0.0000377270
0053 031038 -48393378.10619 0.0000353778
0054 031473 -48391775.29618 0.0000331204
0055 031909 -48390274.60483 0.0000310113
0056 032343 -48388867.18254 0.0000290848
0057 032775 -48387544.16702 0.0000273413
0058 033215 -48386297.48933 0.0000257644
0059 033649 -48385120.33265 0.0000243283
0060 034084 -48384006.90692 0.0000230117
0061 034498 -48382952.12701 0.0000218002
0062 034904 -48381951.60312 0.0000206793
0063 035315 -48381001.31624 0.0000196414
0064 035725 -48380097.22141 0.0000186870
0065 036130 -48379235.27159 0.0000178162
0066 036524 -48378411.48348 0.0000170277
0067 036842 -48377622.28190 0.0000163131
0068 037127 -48376864.89825 0.0000156557
0069 037410 -48376137.26614 0.0000150409
0070 037693 -48375438.76345 0.0000144390
0071 037975 -48374769.86237 0.0000138273
0072 038255 -48374131.64222 0.0000131932
0073 038536 -48373525.98621 0.0000125202
0074 038816 -48372954.36931 0.0000118167
0075 039096 -48372416.71995 0.0000111147
0076 039377 -48371911.60269 0.0000104423
0077 039635 -48371436.62310 0.0000098193
Start evaluating ...
  Columns 1 through 7

    0.1478    0.1978    0.2163    0.2243    0.2287    0.2319    0.2350

  Columns 8 through 10

    0.2375    0.2396    0.2413

    0.0317

Elapsed time is 39728.196960 seconds.
