nohup: ignoring input

                            < M A T L A B (R) >
                  Copyright 1984-2016 The MathWorks, Inc.
                   R2016a (9.0.0.341360) 64-bit (glnxa64)
                             February 11, 2016

 
To get started, type one of these: helpwin, helpdesk, or demo.
For product information, visit www.mathworks.com.
 

	Academic License

Start learning ...
Init data [Dtype: delicious - Dspec: sp3/1050]
Init social model
Using adagrad ...
Load pretrained shallow-model...
Params [lbd-U: 0.0100|lbd-V: 1.0000|lbd-N: 0.0100|lbd-Q: 0.1000]
Staring Sample 3 - Loc: save/bcdl/delicious-alg61-sp3-cold20170225114414996 
CTR(chongwang)-DAE(User graph) Running - Walks(1)...
-1/200: 5272.809078/914.999267/4357.809811/1.000000000
-2/200: 5098.048523/748.445685/4349.602838/0.033143729
-3/200: 5036.708860/686.295364/4350.413496/0.012031989
-4/200: 5018.534723/666.968626/4351.566097/0.003608336
-5/200: 5004.787776/653.204815/4351.582961/0.002739235
-6/200: 4994.513448/642.912079/4351.601369/0.002052900
-7/200: 4986.869744/635.045536/4351.824208/0.001530420
-8/200: 4980.840459/628.977244/4351.863215/0.001209032
-9/200: 4976.117247/624.280550/4351.836697/0.000948276
-10/200: 4972.505569/620.642995/4351.862574/0.000725802
-11/200: 4969.626588/617.828562/4351.798026/0.000578980
-12/200: 4967.391501/615.657104/4351.734397/0.000449749
-13/200: 4965.838335/613.990722/4351.847613/0.000312672
-14/200: 4964.628670/612.723366/4351.905304/0.000243597
-15/200: 4963.593216/611.773159/4351.820057/0.000208566
-16/200: 4962.905010/611.076363/4351.828647/0.000138651
-17/200: 4962.506133/610.583087/4351.923046/0.000080372
-18/200: 4962.303585/610.253899/4352.049686/0.000040816
-19/200: 4962.014332/610.057501/4351.956831/0.000058290
-20/200: 4961.968501/609.968628/4351.999873/0.000009236
-21/200: 4961.844460/609.966831/4351.877629/0.000024998
-22/200: 4962.067584/610.035288/4352.032296/0.000044968
-23/200: 4962.233073/610.160087/4352.072986/0.000033351
-24/200: 4962.465797/610.329571/4352.136226/0.000046899
-25/200: 4962.571249/610.533956/4352.037293/0.000021250
-26/200: 4962.816075/610.764905/4352.051170/0.000049335
-27/200: 4963.018240/611.015277/4352.002963/0.000040736
-28/200: 4963.489271/611.279065/4352.210206/0.000094908
-29/200: 4963.742315/611.551188/4352.191127/0.000050981
-30/200: 4963.959104/611.827305/4352.131799/0.000043674
-31/200: 4964.237258/612.103671/4352.133587/0.000056035
-32/200: 4964.589491/612.377238/4352.212253/0.000070954
-33/200: 4964.624790/612.645323/4351.979467/0.000007110
-34/200: 4965.110724/612.905757/4352.204967/0.000097879
-35/200: 4965.187131/613.156787/4352.030344/0.000015389
-36/200: 4965.571839/613.396999/4352.174840/0.000077481
-37/200: 4965.819143/613.625403/4352.193740/0.000049804
-38/200: 4965.992475/613.841222/4352.151253/0.000034905
-39/200: 4966.262975/614.044011/4352.218964/0.000054470
-40/200: 4966.413309/614.233489/4352.179820/0.000030271
-41/200: 4966.725935/614.409634/4352.316301/0.000062948
-42/200: 4966.901760/614.572404/4352.329356/0.000035401
-43/200: 4967.032427/614.721907/4352.310520/0.000026307
-44/200: 4967.185904/614.858343/4352.327561/0.000030899
-45/200: 4967.286408/614.982019/4352.304389/0.000020233
-46/200: 4967.394964/615.093325/4352.301639/0.000021854
-47/200: 4967.563912/615.192692/4352.371220/0.000034011
-48/200: 4967.643927/615.280672/4352.363255/0.000016107
-49/200: 4967.620072/615.357958/4352.262114/0.000004802
-50/200: 4967.730484/615.425146/4352.305338/0.000022226
-51/200: 4967.796190/615.482882/4352.313308/0.000013227
-52/200: 4967.992209/615.531923/4352.460286/0.000039458
-53/200: 4967.891959/615.573028/4352.318931/0.000020179
-54/200: 4967.992792/615.606949/4352.385843/0.000020297
-55/200: 4968.028405/615.634342/4352.394063/0.000007169
-56/200: 4968.034164/615.656042/4352.378122/0.000001159
-57/200: 4968.087293/615.672788/4352.414505/0.000010694
-58/200: 4968.147476/615.685197/4352.462279/0.000012114
-59/200: 4968.134087/615.693901/4352.440186/0.000002695
-60/200: 4968.158047/615.699502/4352.458545/0.000004823
-61/200: 4968.074093/615.702636/4352.371457/0.000016898
-62/200: 4968.227546/615.703795/4352.523751/0.000030888
-63/200: 4968.157806/615.703410/4352.454396/0.000014037
-64/200: 4968.300976/615.701885/4352.599091/0.000028818
-65/200: 4968.297117/615.699588/4352.597529/0.000000777
-66/200: 4968.283687/615.696718/4352.586969/0.000002703
-67/200: 4968.175012/615.693433/4352.481579/0.000021874
-68/200: 4968.184241/615.689932/4352.494309/0.000001858
-69/200: 4968.211227/615.686270/4352.524957/0.000005432
-70/200: 4968.198324/615.682548/4352.515776/0.000002597
-71/200: 4968.299625/615.678858/4352.620767/0.000020390
-72/200: 4968.243640/615.675154/4352.568486/0.000011268
-73/200: 4968.334910/615.671555/4352.663355/0.000018371
-74/200: 4968.295068/615.668016/4352.627052/0.000008019
-75/200: 4968.249645/615.664537/4352.585108/0.000009143
-76/200: 4968.351409/615.661156/4352.690253/0.000020483
-77/200: 4968.369903/615.657850/4352.712053/0.000003722
-78/200: 4968.370703/615.654541/4352.716162/0.000000161
-79/200: 4968.260604/615.651373/4352.609231/0.000022160
-80/200: 4968.272358/615.648247/4352.624111/0.000002366
-81/200: 4968.329078/615.645171/4352.683907/0.000011416
-82/200: 4968.394869/615.642188/4352.752681/0.000013242
-83/200: 4968.326333/615.639275/4352.687058/0.000013794
-84/200: 4968.308659/615.636357/4352.672302/0.000003558
-85/200: 4968.379973/615.633559/4352.746414/0.000014354
-86/200: 4968.372933/615.630748/4352.742185/0.000001417
-87/200: 4968.389666/615.628029/4352.761637/0.000003368
-88/200: 4968.432844/615.625370/4352.807474/0.000008690
-89/200: 4968.384994/615.622744/4352.762250/0.000009631
-90/200: 4968.416762/615.620156/4352.796606/0.000006394
-91/200: 4968.428151/615.617564/4352.810587/0.000002292
-92/200: 4968.445303/615.615053/4352.830250/0.000003452
-93/200: 4968.423693/615.612554/4352.811139/0.000004349
-94/200: 4968.502695/615.610120/4352.892575/0.000015901
-95/200: 4968.466734/615.607709/4352.859025/0.000007238
-96/200: 4968.429235/615.605391/4352.823844/0.000007547
-97/200: 4968.467934/615.603077/4352.864857/0.000007789
-98/200: 4968.503072/615.600778/4352.902294/0.000007072
-99/200: 4968.509933/615.598545/4352.911388/0.000001381
Recall at EP-100 ...
  Columns 1 through 7

    0.0272    0.0416    0.0522    0.0591    0.0651    0.0704    0.0749

  Columns 8 through 10

    0.0787    0.0827    0.0868

Mrr at EP-100 ...
    0.0074

-100/200: 4968.475631/615.596372/4352.879259/0.000006904
-101/200: 4968.455409/615.594157/4352.861252/0.000004070
-102/200: 4968.503096/615.592004/4352.911092/0.000009598
-103/200: 4968.568052/615.589888/4352.978164/0.000013074
-104/200: 4968.490442/615.587762/4352.902680/0.000015620
-105/200: 4968.556562/615.585669/4352.970893/0.000013308
-106/200: 4968.508723/615.583625/4352.925098/0.000009628
-107/200: 4968.543578/615.581628/4352.961950/0.000007015
-108/200: 4968.608093/615.579585/4353.028508/0.000012985
-109/200: 4968.535768/615.577599/4352.958169/0.000014556
-110/200: 4968.527928/615.575649/4352.952279/0.000001578
-111/200: 4968.617435/615.573766/4353.043669/0.000018015
-112/200: 4968.613498/615.571905/4353.041593/0.000000792
-113/200: 4968.577345/615.570056/4353.007289/0.000007276
-114/200: 4968.564712/615.568231/4352.996481/0.000002542
-115/200: 4968.592935/615.566435/4353.026500/0.000005680
-116/200: 4968.574317/615.564637/4353.009680/0.000003747
-117/200: 4968.644976/615.562866/4353.082110/0.000014221
-118/200: 4968.631179/615.561142/4353.070037/0.000002777
-119/200: 4968.672983/615.559398/4353.113585/0.000008414
-120/200: 4968.660445/615.557636/4353.102809/0.000002523
-121/200: 4968.691999/615.555907/4353.136092/0.000006350
-122/200: 4968.692276/615.554182/4353.138094/0.000000056
Start evaluating ...
  Columns 1 through 7

    0.0274    0.0421    0.0522    0.0596    0.0655    0.0707    0.0752

  Columns 8 through 10

    0.0793    0.0835    0.0873

    0.0075

Elapsed time is 15041.649521 seconds.
