nohup: ignoring input

                            < M A T L A B (R) >
                  Copyright 1984-2016 The MathWorks, Inc.
                   R2016a (9.0.0.341360) 64-bit (glnxa64)
                             February 11, 2016

 
To get started, type one of these: helpwin, helpdesk, or demo.
For product information, visit www.mathworks.com.
 

	Academic License

Start learning ...
Init data [Dtype: delicious - Dspec: sp3/5050]
Init social model
Using adagrad ...
Params [lbd-U: 1.0000|lbd-V: 10.0000|lbd-N: 1.0000|lbd-Q: 0.0100]
Staring Sample 3 - Loc: save/ctr/delicious-alg80-sp3-cold20170226164407821 
CTR(chongwang) Running ...

iter time likelihood:[r:u:v] converge
0001 000513 -28125.00000:[0.00000:0.00000:-0.00000] 1.0000000000
0002 001030 -26102.14521:[4561.36323:-482.30916:-322.18398] 0.0719237258
0003 001549 -24538.99330:[8779.95523:-1052.30795:-2022.73658] 0.0598859558
0004 002065 -20987.08842:[22554.30451:-4323.23484:-5201.42385] 0.1447453381
0005 002536 -20530.28291:[26371.91952:-5803.94439:-5652.25818] 0.0217660259
0006 003002 -20445.32575:[26770.30746:-5928.46754:-5720.84962] 0.0041381387
0007 003468 -20390.11378:[26932.26048:-5957.52865:-5741.05596] 0.0027004691
0008 003902 -20349.83292:[27035.64791:-5970.46806:-5749.64810] 0.0019755091
0009 004317 -20320.05059:[27108.58932:-5977.62682:-5754.70525] 0.0014635177
0010 004729 -20298.13169:[27162.35326:-5982.13677:-5758.66173] 0.0010786831
0011 005142 -20282.17222:[27203.02489:-5985.26246:-5762.36414] 0.0007862531
0012 005554 -20270.73586:[27234.34506:-5987.58702:-5766.10188] 0.0005638629
0013 005911 -20262.73348:[27258.78727:-5989.40535:-5769.94867] 0.0003947749
0014 006235 -20257.34020:[27278.06231:-5990.87820:-5773.89498] 0.0002661676
0015 006546 -20253.93048:[27293.39097:-5992.09911:-5777.90262] 0.0001683199
0016 006853 -20252.02783:[27305.66570:-5993.12599:-5781.92727] 0.0000939400
0017 007159 -20251.26686:[27315.55221:-5993.99689:-5785.92739] 0.0000375749
0018 007464 -20251.36542:[27323.55576:-5994.73837:-5789.86745] 0.0000048667
Start evaluating ...
  Columns 1 through 7

    0.0982    0.1620    0.1911    0.2048    0.2100    0.2128    0.2151

  Columns 8 through 10

    0.2174    0.2189    0.2209

    0.0174

Elapsed time is 7586.995483 seconds.
