nohup: ignoring input

                            < M A T L A B (R) >
                  Copyright 1984-2016 The MathWorks, Inc.
                   R2016a (9.0.0.341360) 64-bit (glnxa64)
                             February 11, 2016

 
To get started, type one of these: helpwin, helpdesk, or demo.
For product information, visit www.mathworks.com.
 

	Academic License

Start learning ...
Init data [Dtype: delicious - Dspec: sp3/0550]
Init social model
Using adagrad ...
Params [lbd-U: 100.0000|lbd-V: 100.0000|lbd-N: 100.0000|lbd-Q: 0.1000]
Staring Sample 3 - Loc: save/ctr/delicious-alg80-sp3-cold20170225114343315 
CTR(chongwang) Running ...

iter time likelihood:[r:u:v] converge
0001 000066 -2466.00000:[0.00000:0.00000:-0.00000] 1.0000000000
0002 000160 -2465.57743:[0.89952:-0.47561:-0.00019] 0.0001713566
0003 000248 -2465.46489:[1.11369:-0.57716:-0.00023] 0.0000456449
0004 000338 -2465.46533:[1.08787:-0.55179:-0.00022] 0.0000001766
Start evaluating ...
  Columns 1 through 7

    0.0002    0.0003    0.0004    0.0011    0.0017    0.0019    0.0019

  Columns 8 through 10

    0.0022    0.0025    0.0026

   1.8022e-04

Elapsed time is 479.368316 seconds.
