nohup: ignoring input

                            < M A T L A B (R) >
                  Copyright 1984-2016 The MathWorks, Inc.
                   R2016a (9.0.0.341360) 64-bit (glnxa64)
                             February 11, 2016

 
To get started, type one of these: helpwin, helpdesk, or demo.
For product information, visit www.mathworks.com.
 

	Academic License

Start learning ...
Init data [Dtype: delicious - Dspec: sp3/1050]
Init social model
Using adagrad ...
Could not use CUDA
Params [lbd-U: 0.1000|lbd-V: 0.1000|lbd-N: 0.1000|lbd-Q: 0.1000]
Staring Sample 3 - Loc: save/ctr/delicious-alg80-sp3-cold20170225114427726 
CTR(chongwang) Running ...

iter time likelihood:[r:u:v] converge
0001 000103 -4397.00000:[0.00000:0.00000:-0.00000] 1.0000000000
0002 000202 -815.99729:[7374.02181:-105.61410:-360.94779] 0.8144195391
0003 000295 -690.07220:[7569.76530:-77.73460:-309.70765] 0.1543204769
0004 000391 -660.61310:[7651.16977:-88.67808:-278.12313] 0.0426898830
0005 000488 -641.89262:[7707.65232:-98.14869:-254.78952] 0.0283380268
0006 000584 -629.12844:[7749.69821:-106.46884:-236.97235] 0.0198852371
0007 000669 -620.17568:[7782.02724:-113.78747:-223.04995] 0.0142304095
0008 000760 -613.78113:[7807.41366:-120.20818:-211.99009] 0.0103108746
0009 000853 -609.15544:[7827.64946:-125.82199:-203.09671] 0.0075363816
0010 000943 -605.77624:[7843.96343:-130.71350:-195.87779] 0.0055473470
0011 001037 -603.28689:[7857.23318:-134.96198:-189.97373] 0.0041093580
0012 001121 -601.43887:[7868.10440:-138.64121:-185.11510] 0.0030632585
0013 001212 -600.05658:[7877.06306:-141.81919:-181.09616] 0.0022983019
0014 001299 -599.01481:[7884.48158:-144.55793:-177.75744] 0.0017361257
0015 001388 -598.22361:[7890.64964:-146.91344:-174.97378] 0.0013208216
0016 001477 -597.61802:[7895.79540:-148.93584:-172.64587] 0.0010123159
0017 001563 -597.15082:[7900.10055:-150.66966:-170.69417] 0.0007817816
0018 001652 -596.78750:[7903.71110:-152.15420:-169.05442] 0.0006084136
0019 001735 -596.50275:[7906.74531:-153.42395:-167.67434] 0.0004771453
0020 001823 -596.27785:[7909.29964:-154.50901:-166.51112] 0.0003770292
0021 001907 -596.09891:[7911.45321:-155.43559:-165.52950] 0.0003000836
0022 001998 -595.95557:[7913.27126:-156.22635:-164.70031] 0.0002404678
0023 002083 -595.84002:[7914.80777:-156.90091:-163.99932] 0.0001938909
0024 002163 -595.74636:[7916.10763:-157.47615:-163.40634] 0.0001571881
0025 002247 -595.67010:[7917.20823:-157.96657:-162.90449] 0.0001280177
0026 002335 -595.60776:[7918.14084:-158.38463:-162.47961] 0.0001046417
0027 002419 -595.55668:[7918.93165:-158.74100:-162.11980] 0.0000857654
0028 002497 -595.51474:[7919.60265:-159.04479:-161.81505] 0.0000704172
0029 002584 -595.48029:[7920.17235:-159.30380:-161.55692] 0.0000578638
0030 002663 -595.45197:[7920.65632:-159.52467:-161.33825] 0.0000475485
0031 002745 -595.42872:[7921.06771:-159.71308:-161.15301] 0.0000390448
0032 002828 -595.40965:[7921.41763:-159.87385:-160.99610] 0.0000320244
0033 002910 -595.39403:[7921.71546:-160.01110:-160.86316] 0.0000262333
0034 002993 -595.38125:[7921.96915:-160.12832:-160.75051] 0.0000214710
0035 003070 -595.37079:[7922.18541:-160.22850:-160.65502] 0.0000175761
0036 003148 -595.36220:[7922.36996:-160.31415:-160.57405] 0.0000144158
0037 003224 -595.35513:[7922.52761:-160.38743:-160.50532] 0.0000118800
0038 003303 -595.34925:[7922.66247:-160.45017:-160.44692] 0.0000098756
Start evaluating ...
  Columns 1 through 7

    0.0093    0.0094    0.0095    0.0101    0.0107    0.0108    0.0110

  Columns 8 through 10

    0.0111    0.0112    0.0112

    0.0037

Elapsed time is 3401.650209 seconds.
