nohup: ignoring input

                            < M A T L A B (R) >
                  Copyright 1984-2016 The MathWorks, Inc.
                   R2016a (9.0.0.341360) 64-bit (glnxa64)
                             February 11, 2016

 
To get started, type one of these: helpwin, helpdesk, or demo.
For product information, visit www.mathworks.com.
 

	Academic License

Start learning ...
Init data [Dtype: delicious - Dspec: sp3/5050]
Init social model
Using adagrad ...
Load pretrained shallow-model...
Could not use CUDA
Params [lbd-U: 10.0000|lbd-V: 0.1000|lbd-N: 10.0000|lbd-Q: 0.0100]
Staring Sample 3 - Loc: save/bcdl/delicious-alg61-sp3-cold20170227105047992 
CTR(chongwang)-DAE(User graph) Running - Walks(1)...
-1/200: 4387830.700559/30020.890022/4357809.810537/1.000000000
-2/200: 4361630.745681/10008.888515/4351621.857166/0.005971050
-3/200: 4361126.804296/9271.341694/4351855.462602/0.000115540
-4/200: 4361044.512161/9150.563827/4351893.948334/0.000018869
-5/200: 4360886.084316/9102.643238/4351783.441078/0.000036328
-6/200: 4360864.817482/9074.544628/4351790.272854/0.000004877
-7/200: 4361068.728955/9054.916202/4352013.812753/0.000046759
-8/200: 4361101.862130/9040.149672/4352061.712458/0.000007597
-9/200: 4361057.142547/9028.668616/4352028.473931/0.000010254
-10/200: 4361085.157932/9019.544929/4352065.613003/0.000006424
-11/200: 4361007.389828/9012.219639/4351995.170189/0.000017832
-12/200: 4360939.806078/9006.327891/4351933.478187/0.000015497
-13/200: 4361057.892449/9001.543304/4352056.349145/0.000027078
-14/200: 4361115.649493/8997.655955/4352117.993538/0.000013244
-15/200: 4361026.921511/8994.521723/4352032.399788/0.000020345
-16/200: 4361033.751589/8991.961897/4352041.789692/0.000001566
-17/200: 4361114.413644/8989.887708/4352124.525936/0.000018496
-18/200: 4361254.719905/8988.212263/4352266.507642/0.000032172
-19/200: 4361160.362066/8986.898149/4352173.463917/0.000021635
-20/200: 4361197.955796/8985.858636/4352212.097160/0.000008620
-21/200: 4361075.768817/8985.086615/4352090.682202/0.000028017
-22/200: 4361227.430847/8984.515390/4352242.915457/0.000034776
-23/200: 4361279.804522/8984.128469/4352295.676053/0.000012009
-24/200: 4361346.582702/8983.888610/4352362.694092/0.000015312
-25/200: 4361236.843476/8983.797493/4352253.045983/0.000025162
-26/200: 4361252.477463/8983.826868/4352268.650595/0.000003585
-27/200: 4361204.104361/8983.941458/4352220.162903/0.000011092
-28/200: 4361413.713431/8984.133942/4352429.579489/0.000048062
-29/200: 4361393.154346/8984.402128/4352408.752218/0.000004714
-30/200: 4361331.704612/8984.743954/4352346.960658/0.000014089
-31/200: 4361331.429556/8985.126134/4352346.303422/0.000000063
-32/200: 4361413.935009/8985.568105/4352428.366904/0.000018917
-33/200: 4361176.012651/8986.045242/4352189.967409/0.000054552
-34/200: 4361415.299769/8986.567105/4352428.732664/0.000054868
-35/200: 4361230.309611/8987.109783/4352243.199828/0.000042415
-36/200: 4361383.150666/8987.690253/4352395.460413/0.000035045
-37/200: 4361403.797778/8988.287526/4352415.510252/0.000004734
-38/200: 4361357.026687/8988.902431/4352368.124256/0.000010724
-39/200: 4361424.956108/8989.538460/4352435.417648/0.000015575
-40/200: 4361393.085221/8990.191118/4352402.894103/0.000007307
-41/200: 4361530.482851/8990.858177/4352539.624674/0.000031503
-42/200: 4361550.165913/8991.535955/4352558.629958/0.000004513
-43/200: 4361520.327901/8992.216910/4352528.110991/0.000006841
-44/200: 4361540.909693/8992.895543/4352548.014150/0.000004719
-45/200: 4361521.294751/8993.580917/4352527.713834/0.000004497
-46/200: 4361518.613943/8994.278729/4352524.335214/0.000000615
-47/200: 4361591.035916/8994.972681/4352596.063235/0.000016605
-48/200: 4361585.312413/8995.672294/4352589.640119/0.000001312
-49/200: 4361477.356624/8996.372196/4352480.984428/0.000024752
-50/200: 4361527.189908/8997.069754/4352530.120154/0.000011426
-51/200: 4361530.854731/8997.761564/4352533.093167/0.000000840
-52/200: 4361680.302339/8998.450581/4352681.851758/0.000034265
-53/200: 4361531.696609/8999.145140/4352532.551469/0.000034071
-54/200: 4361603.180353/8999.844661/4352603.335692/0.000016390
-55/200: 4361595.175800/9000.527683/4352594.648117/0.000001835
-56/200: 4361596.996579/9001.209724/4352595.786855/0.000000417
-57/200: 4361637.909243/9001.903254/4352636.005989/0.000009380
-58/200: 4361691.954599/9002.590077/4352689.364522/0.000012391
-59/200: 4361662.788341/9003.273794/4352659.514547/0.000006687
-60/200: 4361676.241470/9003.941370/4352672.300100/0.000003084
-61/200: 4361598.110861/9004.607713/4352593.503148/0.000017913
-62/200: 4361738.975850/9005.271566/4352733.704284/0.000032297
-63/200: 4361671.942335/9005.929262/4352666.013073/0.000015369
-64/200: 4361817.188378/9006.581627/4352810.606751/0.000033301
-65/200: 4361822.863080/9007.237594/4352815.625486/0.000001301
-66/200: 4361807.367321/9007.890364/4352799.476957/0.000003553
-67/200: 4361708.728307/9008.534323/4352700.193984/0.000022614
-68/200: 4361721.305777/9009.168334/4352712.137443/0.000002884
-69/200: 4361746.012049/9009.795638/4352736.216411/0.000005664
-70/200: 4361740.131253/9010.416311/4352729.714942/0.000001348
-71/200: 4361837.426020/9011.039360/4352826.386660/0.000022306
-72/200: 4361788.550609/9011.647894/4352776.902715/0.000011205
-73/200: 4361893.813526/9012.255995/4352881.557531/0.000024133
-74/200: 4361849.668322/9012.861797/4352836.806525/0.000010121
-75/200: 4361815.893682/9013.456931/4352802.436751/0.000007743
-76/200: 4361915.280372/9014.046825/4352901.233547/0.000022786
-77/200: 4361935.871496/9014.635504/4352921.235992/0.000004721
-78/200: 4361934.274784/9015.207652/4352919.067132/0.000000366
-79/200: 4361831.494267/9015.780065/4352815.714202/0.000023563
-80/200: 4361848.808377/9016.340829/4352832.467548/0.000003969
-81/200: 4361907.041923/9016.899770/4352890.142153/0.000013351
-82/200: 4361980.073032/9017.453311/4352962.619721/0.000016743
-83/200: 4361914.324168/9018.000054/4352896.324114/0.000015073
-84/200: 4361898.362053/9018.537247/4352879.824806/0.000003659
-85/200: 4361969.772273/9019.073569/4352950.698704/0.000016371
-86/200: 4361974.298594/9019.599350/4352954.699244/0.000001038
-87/200: 4361986.107000/9020.121296/4352965.985704/0.000002707
-88/200: 4362026.369875/9020.640951/4353005.728924/0.000009230
-89/200: 4361990.464402/9021.151372/4352969.313030/0.000008231
-90/200: 4362026.055190/9021.657811/4353004.397379/0.000008159
-91/200: 4362018.855473/9022.150307/4352996.705166/0.000001651
-92/200: 4362060.165319/9022.642157/4353037.523162/0.000009470
-93/200: 4362038.652561/9023.125509/4353015.527052/0.000004932
-94/200: 4362109.650303/9023.605326/4353086.044977/0.000016276
-95/200: 4362082.699398/9024.080242/4353058.619156/0.000006178
-96/200: 4362043.066829/9024.552565/4353018.514264/0.000009086
-97/200: 4362092.197000/9025.021016/4353067.175984/0.000011263
-98/200: 4362122.972394/9025.479050/4353097.493344/0.000007055
-99/200: 4362138.177511/9025.935623/4353112.241888/0.000003486
Recall at EP-100 ...
  Columns 1 through 7

    0.1257    0.1803    0.2075    0.2238    0.2390    0.2535    0.2662

  Columns 8 through 10

    0.2779    0.2870    0.2947

Mrr at EP-100 ...
    0.0244

-100/200: 4362104.009009/9026.388007/4353077.621002/0.000007833
-101/200: 4362088.407653/9026.824619/4353061.583034/0.000003577
-102/200: 4362128.441620/9027.266946/4353101.174674/0.000009178
-103/200: 4362195.846316/9027.700472/4353168.145844/0.000015452
-104/200: 4362134.068996/9028.127739/4353105.941257/0.000014162
-105/200: 4362189.620648/9028.549327/4353161.071321/0.000012735
-106/200: 4362150.187660/9028.973381/4353121.214279/0.000009040
-107/200: 4362189.298809/9029.391284/4353159.907525/0.000008966
-108/200: 4362238.746353/9029.798687/4353208.947666/0.000011335
-109/200: 4362189.550674/9030.202453/4353159.348221/0.000011278
-110/200: 4362179.298655/9030.600745/4353148.697910/0.000002350
-111/200: 4362259.290418/9031.003853/4353228.286565/0.000018338
-112/200: 4362253.547757/9031.401954/4353222.145803/0.000001316
-113/200: 4362234.256223/9031.790096/4353202.466127/0.000004422
-114/200: 4362218.057591/9032.178086/4353185.879505/0.000003713
-115/200: 4362255.322880/9032.559626/4353222.763254/0.000008543
-116/200: 4362245.101384/9032.934033/4353212.167351/0.000002343
-117/200: 4362299.204539/9033.304942/4353265.899597/0.000012403
-118/200: 4362290.122793/9033.677993/4353256.444800/0.000002082
-119/200: 4362330.403776/9034.041959/4353296.361817/0.000009234
-120/200: 4362309.473886/9034.396899/4353275.076987/0.000004798
-121/200: 4362350.711831/9034.748983/4353315.962848/0.000009453
-122/200: 4362359.618699/9035.096381/4353324.522318/0.000002042
-123/200: 4362334.605138/9035.443195/4353299.161943/0.000005734
-124/200: 4362352.063931/9035.779309/4353316.284622/0.000004002
-125/200: 4362363.454401/9036.113955/4353327.340446/0.000002611
-126/200: 4362364.668272/9036.446308/4353328.221964/0.000000278
-127/200: 4362365.711428/9036.779768/4353328.931660/0.000000239
-128/200: 4362370.302409/9037.108393/4353333.194016/0.000001052
-129/200: 4362373.868368/9037.421860/4353336.446508/0.000000817
-130/200: 4362434.605896/9037.739074/4353396.866822/0.000013923
-131/200: 4362382.296670/9038.051601/4353344.245069/0.000011991
-132/200: 4362435.094866/9038.363352/4353396.731514/0.000012103
-133/200: 4362450.033924/9038.675182/4353411.358742/0.000003424
-134/200: 4362492.391545/9038.976667/4353453.414878/0.000009710
-135/200: 4362417.536547/9039.277782/4353378.258765/0.000017159
-136/200: 4362441.110708/9039.568985/4353401.541723/0.000005404
-137/200: 4362499.882138/9039.861024/4353460.021114/0.000013472
-138/200: 4362485.747813/9040.146761/4353445.601052/0.000003240
-139/200: 4362473.598954/9040.429058/4353433.169896/0.000002785
-140/200: 4362510.226825/9040.709709/4353469.517116/0.000008396
-141/200: 4362522.569420/9040.991613/4353481.577807/0.000002829
-142/200: 4362497.085191/9041.263409/4353455.821782/0.000005842
-143/200: 4362528.980243/9041.533064/4353487.447179/0.000007311
-144/200: 4362543.617726/9041.799725/4353501.818001/0.000003355
-145/200: 4362565.823889/9042.066533/4353523.757356/0.000005090
-146/200: 4362557.266829/9042.326090/4353514.940739/0.000001961
-147/200: 4362571.374004/9042.581076/4353528.792928/0.000003234
-148/200: 4362540.679823/9042.832540/4353497.847283/0.000007036
-149/200: 4362576.423501/9043.081051/4353533.342450/0.000008193
-150/200: 4362593.715964/9043.329941/4353550.386023/0.000003964
-151/200: 4362601.209820/9043.577199/4353557.632621/0.000001718
-152/200: 4362598.583996/9043.817831/4353554.766165/0.000000602
-153/200: 4362608.811203/9044.052815/4353564.758388/0.000002344
-154/200: 4362626.095048/9044.288358/4353581.806690/0.000003962
-155/200: 4362618.414538/9044.518909/4353573.895629/0.000001761
-156/200: 4362632.594509/9044.748700/4353587.845809/0.000003250
-157/200: 4362674.741080/9044.977009/4353629.764071/0.000009661
-158/200: 4362665.267270/9045.199080/4353620.068190/0.000002172
-159/200: 4362680.194402/9045.423496/4353634.770906/0.000003422
-160/200: 4362688.208753/9045.642502/4353642.566251/0.000001837
-161/200: 4362656.553205/9045.855253/4353610.697952/0.000007256
-162/200: 4362678.346285/9046.067608/4353632.278677/0.000004995
-163/200: 4362722.503127/9046.275891/4353676.227236/0.000010121
-164/200: 4362692.272768/9046.484764/4353645.788004/0.000006929
-165/200: 4362739.707908/9046.689511/4353693.018397/0.000010873
-166/200: 4362725.023537/9046.891510/4353678.132027/0.000003366
-167/200: 4362724.615385/9047.090979/4353677.524406/0.000000094
Start evaluating ...
  Columns 1 through 7

    0.1241    0.1785    0.2061    0.2223    0.2389    0.2532    0.2650

  Columns 8 through 10

    0.2754    0.2846    0.2923

    0.0239

Elapsed time is 53030.553602 seconds.
