nohup: ignoring input

                            < M A T L A B (R) >
                  Copyright 1984-2016 The MathWorks, Inc.
                   R2016a (9.0.0.341360) 64-bit (glnxa64)
                             February 11, 2016

 
To get started, type one of these: helpwin, helpdesk, or demo.
For product information, visit www.mathworks.com.
 

	Academic License

Start learning ...
Init data [Dtype: delicious - Dspec: sp3/1050]
Init social model
Using adagrad ...
Could not use CUDA
Params [lbd-U: 100.0000|lbd-V: 0.0100|lbd-N: 100.0000|lbd-Q: 0.1000]
Staring Sample 3 - Loc: save/ctrsmf/delicious-alg90-sp3-cold20170225114500305 
CTR-SMF Running ...

iter time likelihood converge
0001 000157 -10241306.66999 1.0000000000
0002 000309 -9972825.06510 0.0262155615
0003 000453 -9756412.41641 0.0217002351
0004 000591 -9689613.20418 0.0068466983
0005 000730 -9656669.38210 0.0033999110
0006 000866 -9631943.91871 0.0025604546
0007 001005 -9615024.44861 0.0017565997
0008 001145 -9603985.74140 0.0011480686
0009 001280 -9596019.02433 0.0008295220
0010 001411 -9589757.62924 0.0006524992
0011 001537 -9584521.86829 0.0005459743
0012 001669 -9580004.25072 0.0004713451
0013 001796 -9576044.55501 0.0004133292
0014 001923 -9572539.56923 0.0003660160
0015 002051 -9569413.71070 0.0003265443
0016 002177 -9566608.49077 0.0002931444
0017 002300 -9564077.23004 0.0002645933
0018 002420 -9561781.76022 0.0002400095
0019 002542 -9559690.09980 0.0002187522
0020 002665 -9557775.02756 0.0002003279
0021 002787 -9556013.36098 0.0001843176
0022 002906 -9554385.39232 0.0001703607
0023 003029 -9552874.27396 0.0001581597
0024 003145 -9551465.43467 0.0001474781
0025 003262 -9550146.15035 0.0001381238
0026 003379 -9548905.33636 0.0001299262
0027 003497 -9547733.57864 0.0001227112
0028 003604 -9546623.35488 0.0001162814
0029 003714 -9545569.05744 0.0001104367
0030 003822 -9544566.39985 0.0001050391
0031 003930 -9543611.86183 0.0001000085
0032 004042 -9542702.44025 0.0000952911
0033 004149 -9541835.45806 0.0000908529
0034 004263 -9541008.47745 0.0000866689
0035 004375 -9540219.32798 0.0000827113
0036 004486 -9539466.15704 0.0000789469
0037 004594 -9538747.44508 0.0000753409
0038 004699 -9538061.99700 0.0000718593
0039 004810 -9537408.93824 0.0000684687
0040 004914 -9536787.71789 0.0000651351
0041 005020 -9536198.04538 0.0000618314
0042 005121 -9535639.66810 0.0000585534
0043 005224 -9535112.07107 0.0000553290
0044 005325 -9534614.34369 0.0000521994
0045 005425 -9534145.24116 0.0000491999
0046 005524 -9533703.30120 0.0000463534
0047 005626 -9533286.95345 0.0000436711
0048 005729 -9532894.63579 0.0000411524
0049 005814 -9532524.93248 0.0000387819
0050 005884 -9532176.68910 0.0000365321
0051 005971 -9531849.04006 0.0000343730
0052 006054 -9531541.34291 0.0000322810
0053 006113 -9531253.03957 0.0000302473
0054 006161 -9530983.47893 0.0000282818
0055 006209 -9530731.80316 0.0000264061
0056 006257 -9530496.97419 0.0000246391
0057 006305 -9530277.92484 0.0000229840
0058 006353 -9530073.72561 0.0000214264
0059 006426 -9529883.63307 0.0000199466
0060 006507 -9529707.02658 0.0000185319
0061 006555 -9529543.31185 0.0000171794
0062 006604 -9529391.87718 0.0000158911
0063 006652 -9529252.11321 0.0000146666
0064 006706 -9529123.42847 0.0000135042
0065 006756 -9529005.23336 0.0000124036
0066 006810 -9528896.92122 0.0000113666
0067 006858 -9528797.86837 0.0000103950
0068 006911 -9528707.42543 0.0000094915
Start evaluating ...
  Columns 1 through 7

    0.0101    0.0115    0.0122    0.0127    0.0128    0.0129    0.0131

  Columns 8 through 10

    0.0133    0.0134    0.0135

    0.0033

Elapsed time is 6978.969473 seconds.
