nohup: ignoring input

                            < M A T L A B (R) >
                  Copyright 1984-2016 The MathWorks, Inc.
                   R2016a (9.0.0.341360) 64-bit (glnxa64)
                             February 11, 2016

 
To get started, type one of these: helpwin, helpdesk, or demo.
For product information, visit www.mathworks.com.
 

	Academic License

Start learning ...
Init data [Dtype: delicious - Dspec: sp3/1050]
Init social model
Using adagrad ...
Load pretrained shallow-model...
Params [lbd-U: 0.0100|lbd-V: 100.0000|lbd-N: 0.0100|lbd-Q: 0.1000]
Staring Sample 3 - Loc: save/bcdl/delicious-alg61-sp3-cold20170225114414982 
CTR(chongwang)-DAE(User graph) Running - Walks(1)...
-1/200: 7064.059225/2706.249414/4357.809811/1.000000000
-2/200: 7357.873459/3008.270621/4349.602838/0.041592833
-3/200: 7077.894299/2728.858148/4349.036151/0.038051641
-4/200: 6864.797546/2515.936575/4348.860971/0.030107366
-5/200: 6776.044689/2427.454372/4348.590317/0.012928693
-6/200: 6747.069740/2398.643121/4348.426619/0.004276086
-7/200: 6746.083382/2397.596083/4348.487299/0.000146191
-8/200: 6757.982161/2409.618573/4348.363588/0.001763805
-9/200: 6775.915199/2427.755638/4348.159561/0.002653608
-10/200: 6796.698890/2448.653219/4348.045671/0.003067289
-11/200: 6818.518858/2470.685591/4347.833267/0.003210377
-12/200: 6840.650023/2493.054744/4347.595279/0.003245744
-13/200: 6862.927681/2515.359774/4347.567907/0.003256658
-14/200: 6884.855325/2537.394406/4347.460919/0.003195086
-15/200: 6906.236859/2559.051175/4347.185684/0.003105589
-16/200: 6927.338660/2580.263248/4347.075412/0.003055470
-17/200: 6948.003623/2600.990683/4347.012940/0.002983103
-18/200: 6968.208549/2621.206141/4347.002408/0.002908019
-19/200: 6987.637067/2640.890321/4346.746746/0.002788165
-20/200: 7006.668989/2660.021691/4346.647298/0.002723656
-21/200: 7024.943681/2678.585320/4346.358361/0.002608185
-22/200: 7042.903570/2696.562735/4346.340835/0.002556588
-23/200: 7060.176731/2713.935449/4346.241282/0.002452563
-24/200: 7076.835044/2730.686880/4346.148164/0.002359475
-25/200: 7092.680185/2746.804280/4345.875905/0.002239015
-26/200: 7107.974237/2762.272796/4345.701441/0.002156315
-27/200: 7122.635850/2777.082299/4345.553551/0.002062699
-28/200: 7136.829730/2791.225595/4345.604135/0.001992785
-29/200: 7150.144134/2804.697442/4345.446692/0.001865591
-30/200: 7162.704672/2817.496657/4345.208015/0.001756683
-31/200: 7174.714074/2829.622926/4345.091148/0.001676657
-32/200: 7186.056503/2841.078343/4344.978160/0.001580889
-33/200: 7196.503343/2851.867813/4344.635530/0.001453765
-34/200: 7206.689179/2861.997037/4344.692142/0.001415387
-35/200: 7215.876048/2871.477161/4344.398887/0.001274770
-36/200: 7224.679637/2880.319159/4344.360478/0.001220030
-37/200: 7232.758760/2888.538006/4344.220754/0.001118267
-38/200: 7240.188614/2896.145526/4344.043088/0.001027250
-39/200: 7247.108552/2903.159606/4343.948946/0.000955768
-40/200: 7253.369034/2909.596508/4343.772526/0.000863859
-41/200: 7259.212582/2915.475373/4343.737209/0.000805632
-42/200: 7264.413644/2920.814680/4343.598964/0.000716477
-43/200: 7269.127298/2925.635228/4343.492070/0.000648869
-44/200: 7273.299977/2929.956801/4343.343176/0.000574027
-45/200: 7276.967179/2933.803912/4343.163267/0.000504201
-46/200: 7280.227510/2937.197614/4343.029896/0.000448034
-47/200: 7283.114083/2940.165177/4342.948906/0.000396495
-48/200: 7285.542631/2942.733191/4342.809440/0.000333449
-49/200: 7287.462007/2944.930290/4342.531717/0.000263450
-50/200: 7289.220130/2946.784924/4342.435206/0.000241253
-51/200: 7290.654343/2948.325578/4342.328765/0.000196758
-52/200: 7291.913324/2949.579769/4342.333555/0.000172684
-53/200: 7292.626503/2950.578402/4342.048101/0.000097804
-54/200: 7293.238346/2951.350324/4341.888022/0.000083899
-55/200: 7293.733057/2951.924500/4341.808557/0.000067831
-56/200: 7293.996229/2952.329973/4341.666256/0.000036082
-57/200: 7294.087667/2952.591114/4341.496553/0.000012536
-58/200: 7294.111703/2952.731303/4341.380400/0.000003295
-59/200: 7293.980590/2952.771899/4341.208691/0.000017975
-60/200: 7293.917940/2952.728632/4341.189308/0.000008589
-61/200: 7293.547192/2952.619025/4340.928167/0.000050830
-62/200: 7293.406785/2952.456957/4340.949828/0.000019251
-63/200: 7292.942351/2952.253522/4340.688829/0.000063679
-64/200: 7292.777281/2952.019751/4340.757530/0.000022634
-65/200: 7292.274720/2951.763481/4340.511239/0.000068912
-66/200: 7291.819247/2951.490734/4340.328513/0.000062460
-67/200: 7291.310667/2951.209039/4340.101628/0.000069747
-68/200: 7290.946906/2950.921135/4340.025771/0.000049890
-69/200: 7290.540045/2950.630570/4339.909475/0.000055804
-70/200: 7290.073096/2950.339751/4339.733345/0.000064049
-71/200: 7289.701599/2950.049604/4339.651995/0.000050959
-72/200: 7289.323179/2949.760679/4339.562500/0.000051912
-73/200: 7288.851341/2949.474204/4339.377137/0.000064730
-74/200: 7288.424160/2949.190460/4339.233700/0.000058608
-75/200: 7287.985080/2948.908828/4339.076252/0.000060243
-76/200: 7287.651142/2948.629643/4339.021499/0.000045820
-77/200: 7287.227627/2948.353571/4338.874056/0.000058114
-78/200: 7286.946129/2948.079283/4338.866846/0.000038629
-79/200: 7286.292640/2947.807918/4338.484722/0.000089679
-80/200: 7285.915909/2947.539487/4338.376422/0.000051704
-81/200: 7285.595559/2947.272359/4338.323200/0.000043968
-82/200: 7285.192203/2947.008318/4338.183885/0.000055364
-83/200: 7284.756136/2946.746043/4338.010093/0.000059857
-84/200: 7284.369447/2946.486522/4337.882925/0.000053082
-85/200: 7284.024664/2946.228873/4337.795791/0.000047332
-86/200: 7283.633554/2945.973757/4337.659797/0.000053694
-87/200: 7283.275091/2945.720032/4337.555059/0.000049215
-88/200: 7282.898853/2945.468341/4337.430512/0.000051658
-89/200: 7282.427511/2945.219232/4337.208279/0.000064719
-90/200: 7282.121459/2944.971603/4337.149856/0.000042026
-91/200: 7281.871084/2944.725582/4337.145502/0.000034382
-92/200: 7281.414771/2944.481620/4336.933151/0.000062664
-93/200: 7280.998825/2944.239243/4336.759582/0.000057124
-94/200: 7280.705270/2943.999204/4336.706066/0.000040318
-95/200: 7280.268844/2943.760428/4336.508416/0.000059943
-96/200: 7279.850881/2943.523513/4336.327368/0.000057410
-97/200: 7279.450094/2943.288724/4336.161370/0.000055054
-98/200: 7279.181691/2943.055328/4336.126363/0.000036871
-99/200: 7278.819002/2942.823457/4335.995545/0.000049825
Recall at EP-100 ...
  Columns 1 through 7

    0.0092    0.0093    0.0099    0.0100    0.0102    0.0104    0.0108

  Columns 8 through 10

    0.0110    0.0111    0.0111

Mrr at EP-100 ...
    0.0037

-100/200: 7278.331973/2942.593206/4335.738767/0.000066910
-101/200: 7278.098645/2942.363918/4335.734727/0.000032058
-102/200: 7277.673444/2942.136695/4335.536749/0.000058422
-103/200: 7277.402041/2941.911003/4335.491038/0.000037292
-104/200: 7277.090840/2941.686495/4335.404345/0.000042763
-105/200: 7276.696722/2941.462952/4335.233770/0.000054159
-106/200: 7276.188645/2941.241557/4334.947088/0.000069822
-107/200: 7275.843867/2941.020968/4334.822899/0.000047384
-108/200: 7275.727860/2940.801885/4334.925975/0.000015944
-109/200: 7275.277494/2940.583943/4334.693551/0.000061900
-110/200: 7274.868072/2940.366914/4334.501158/0.000056276
-111/200: 7274.449765/2940.152283/4334.297482/0.000057500
-112/200: 7274.169266/2939.938346/4334.230920/0.000038559
-113/200: 7273.781494/2939.725407/4334.056087/0.000053308
-114/200: 7273.437182/2939.514164/4333.923018/0.000047336
-115/200: 7273.032330/2939.304351/4333.727979/0.000055662
-116/200: 7272.740544/2939.094974/4333.645570/0.000040119
-117/200: 7272.465152/2938.887118/4333.578034/0.000037866
-118/200: 7272.089984/2938.679862/4333.410122/0.000051587
-119/200: 7271.762834/2938.474640/4333.288194/0.000044987
-120/200: 7271.506941/2938.269789/4333.237152/0.000035190
-121/200: 7271.260700/2938.066184/4333.194516/0.000033864
-122/200: 7270.902416/2937.863553/4333.038863/0.000049274
-123/200: 7270.379932/2937.661890/4332.718042/0.000071860
-124/200: 7270.199778/2937.461653/4332.738125/0.000024779
-125/200: 7269.844869/2937.262591/4332.582278/0.000048817
-126/200: 7269.471052/2937.063608/4332.407444/0.000051420
-127/200: 7269.074007/2936.866763/4332.207244/0.000054618
-128/200: 7268.686829/2936.670824/4332.016005/0.000053264
-129/200: 7268.644710/2936.475280/4332.169430/0.000005795
-130/200: 7268.246897/2936.280435/4331.966462/0.000054730
-131/200: 7267.767423/2936.087296/4331.680127/0.000065968
-132/200: 7267.419539/2935.894763/4331.524776/0.000047867
-133/200: 7267.036266/2935.703667/4331.332599/0.000052739
-134/200: 7266.887474/2935.513217/4331.374257/0.000020475
-135/200: 7266.451498/2935.324020/4331.127478/0.000059995
-136/200: 7266.215353/2935.135120/4331.080233/0.000032498
-137/200: 7265.946236/2934.946917/4330.999319/0.000037037
-138/200: 7265.646344/2934.760158/4330.886186/0.000041274
-139/200: 7265.355674/2934.573854/4330.781820/0.000040006
-140/200: 7264.984219/2934.388130/4330.596089/0.000051127
-141/200: 7264.505533/2934.203954/4330.301579/0.000065890
-142/200: 7264.253238/2934.020677/4330.232561/0.000034730
-143/200: 7263.873694/2933.838179/4330.035515/0.000052248
-144/200: 7263.786766/2933.655869/4330.130897/0.000011967
-145/200: 7263.313589/2933.475225/4329.838364/0.000065142
-146/200: 7263.146331/2933.294563/4329.851768/0.000023028
-147/200: 7262.814420/2933.114930/4329.699490/0.000045698
-148/200: 7262.546546/2932.935925/4329.610621/0.000036883
-149/200: 7262.186929/2932.758023/4329.428906/0.000049517
-150/200: 7261.817855/2932.580737/4329.237118/0.000050821
-151/200: 7261.436464/2932.404159/4329.032305/0.000052520
-152/200: 7261.224195/2932.228425/4328.995770/0.000029232
-153/200: 7261.009176/2932.053714/4328.955462/0.000029612
-154/200: 7260.699687/2931.878873/4328.820814/0.000042623
-155/200: 7260.274533/2931.705167/4328.569366/0.000058556
-156/200: 7260.030645/2931.532403/4328.498242/0.000033592
-157/200: 7259.705075/2931.360499/4328.344576/0.000044844
-158/200: 7259.505076/2931.189008/4328.316068/0.000027549
-159/200: 7259.015710/2931.018335/4327.997375/0.000067410
-160/200: 7258.722771/2930.848065/4327.874706/0.000040355
-161/200: 7258.548083/2930.679017/4327.869066/0.000024066
-162/200: 7258.305035/2930.510358/4327.794677/0.000033484
-163/200: 7258.011508/2930.342024/4327.669484/0.000040440
-164/200: 7257.453103/2930.174796/4327.278307/0.000076936
-165/200: 7257.392086/2930.007808/4327.384278/0.000008407
-166/200: 7256.963928/2929.842106/4327.121822/0.000058996
-167/200: 7256.771959/2929.675597/4327.096362/0.000026453
-168/200: 7256.497524/2929.510726/4326.986798/0.000037818
-169/200: 7256.120968/2929.346511/4326.774457/0.000051892
-170/200: 7255.779426/2929.182218/4326.597208/0.000047069
-171/200: 7255.476954/2929.019401/4326.457553/0.000041687
-172/200: 7255.274599/2928.856749/4326.417850/0.000027890
-173/200: 7254.896253/2928.694527/4326.201726/0.000052148
-174/200: 7254.605690/2928.533544/4326.072146/0.000040051
-175/200: 7254.516247/2928.372496/4326.143751/0.000012329
-176/200: 7253.928074/2928.212495/4325.715579/0.000081077
-177/200: 7253.721831/2928.052730/4325.669101/0.000028432
-178/200: 7253.614661/2927.893772/4325.720889/0.000014774
-179/200: 7253.282707/2927.734524/4325.548183/0.000045764
-180/200: 7252.926954/2927.576741/4325.350213/0.000049047
-181/200: 7252.540090/2927.419796/4325.120294/0.000053339
-182/200: 7252.529780/2927.262262/4325.267518/0.000001422
-183/200: 7251.989267/2927.105643/4324.883624/0.000074527
-184/200: 7251.753617/2926.950519/4324.803098/0.000032495
-185/200: 7251.527155/2926.794625/4324.732530/0.000031229
-186/200: 7251.171219/2926.639933/4324.531286/0.000049084
-187/200: 7251.054633/2926.485405/4324.569228/0.000016078
-188/200: 7250.684014/2926.332241/4324.351773/0.000051112
-189/200: 7250.235499/2926.178440/4324.057059/0.000061858
-190/200: 7250.040751/2926.025817/4324.014934/0.000026861
-191/200: 7249.748782/2925.873323/4323.875459/0.000040271
-192/200: 7249.529781/2925.721926/4323.807855/0.000030208
-193/200: 7249.247021/2925.569917/4323.677104/0.000039004
-194/200: 7248.889372/2925.419035/4323.470337/0.000049336
-195/200: 7248.497167/2925.269342/4323.227825/0.000054106
-196/200: 7248.361557/2925.119395/4323.242162/0.000018709
-197/200: 7248.163542/2924.969040/4323.194502/0.000027319
-198/200: 7247.920072/2924.820674/4323.099398/0.000033590
-199/200: 7247.644358/2924.671667/4322.972691/0.000038041
-200/200: 7247.309158/2924.518875/4322.790283/0.000046249
Start evaluating ...
  Columns 1 through 7

    0.0094    0.0098    0.0100    0.0107    0.0110    0.0112    0.0113

  Columns 8 through 10

    0.0115    0.0117    0.0119

    0.0037

Elapsed time is 21362.510731 seconds.
