nohup: ignoring input

                            < M A T L A B (R) >
                  Copyright 1984-2016 The MathWorks, Inc.
                   R2016a (9.0.0.341360) 64-bit (glnxa64)
                             February 11, 2016

 
To get started, type one of these: helpwin, helpdesk, or demo.
For product information, visit www.mathworks.com.
 

	Academic License

Start learning ...
Init data [Dtype: delicious - Dspec: sp3/1050]
Init social model
Using adagrad ...
Could not use CUDA
Params [lbd-U: 10.0000|lbd-V: 0.1000|lbd-N: 10.0000|lbd-Q: 0.1000]
Staring Sample 3 - Loc: save/ctr/delicious-alg80-sp3-cold20170225114426139 
CTR(chongwang) Running ...

iter time likelihood:[r:u:v] converge
0001 000103 -4397.00000:[0.00000:0.00000:-0.00000] 1.0000000000
0002 000209 -4311.21417:[178.28095:-13.65515:-57.24173] 0.0195100824
0003 000312 -4068.98555:[854.09564:-110.60503:-236.03242] 0.0561857072
0004 000411 -3020.95544:[4058.93295:-661.80621:-877.06280] 0.2575654539
0005 000519 -2903.97951:[4776.50208:-902.53906:-917.68028] 0.0387215028
0006 000604 -2890.80859:[4867.86022:-934.85120:-932.85603] 0.0045354710
0007 000690 -2887.55452:[4887.63481:-941.41378:-935.66994] 0.0011256606
0008 000785 -2885.65929:[4894.44498:-942.91508:-936.50492] 0.0006563453
0009 000875 -2884.42520:[4897.94219:-943.44069:-936.74470] 0.0004276625
0010 000961 -2883.57260:[4899.93533:-943.59691:-936.75877] 0.0002955869
0011 001052 -2882.96634:[4901.15725:-943.60693:-936.69621] 0.0002102471
0012 001146 -2882.53005:[4901.94597:-943.56057:-936.61514] 0.0001513320
0013 001236 -2882.21568:[4902.47033:-943.49404:-936.53781] 0.0001090624
0014 001326 -2881.99134:[4902.82249:-943.42250:-936.47221] 0.0000778371
0015 001424 -2881.83504:[4903.05678:-943.35243:-936.42048] 0.0000542323
0016 001518 -2881.73107:[4903.20729:-943.28655:-936.38233] 0.0000360758
0017 001602 -2881.66786:[4903.29662:-943.22578:-936.35652] 0.0000219370
0018 001692 -2881.63663:[4903.34039:-943.17028:-936.34150] 0.0000108350
0019 001778 -2881.63066:[4903.34980:-943.11983:-936.33572] 0.0000020729
Start evaluating ...
  Columns 1 through 7

    0.0094    0.0095    0.0096    0.0102    0.0108    0.0110    0.0110

  Columns 8 through 10

    0.0111    0.0112    0.0113

    0.0035

Elapsed time is 1884.439006 seconds.
