nohup: ignoring input

                            < M A T L A B (R) >
                  Copyright 1984-2016 The MathWorks, Inc.
                   R2016a (9.0.0.341360) 64-bit (glnxa64)
                             February 11, 2016

 
To get started, type one of these: helpwin, helpdesk, or demo.
For product information, visit www.mathworks.com.
 

	Academic License

Start learning ...
Init data [Dtype: delicious - Dspec: sp3/5050]
Init social model
Using adagrad ...
Params [lbd-U: 10.0000|lbd-V: 0.0100|lbd-N: 10.0000|lbd-Q: 0.0100]
Staring Sample 3 - Loc: save/ctrsmf/delicious-alg90-sp3-cold20170226203649298 
CTR-SMF Running ...

iter time likelihood converge
0001 000573 -51823750.40661 1.0000000000
0002 001230 -50566594.13731 0.0242583036
0003 001863 -49478977.36707 0.0215086024
0004 002504 -49160321.24950 0.0064402325
0005 003140 -49018539.03412 0.0028840783
0006 003757 -48922898.96374 0.0019511000
0007 004376 -48855483.69510 0.0013779901
0008 004992 -48806464.56965 0.0010033495
0009 005603 -48767729.91275 0.0007936378
0010 006218 -48735377.50124 0.0006633979
0011 006816 -48707422.92886 0.0005735992
0012 007420 -48682822.18588 0.0005050717
0013 008021 -48660942.00508 0.0004494436
0014 008622 -48641334.59805 0.0004029393
0015 009232 -48623658.11907 0.0003634045
0016 009837 -48607640.61124 0.0003294180
0017 010440 -48593059.90752 0.0002999673
0018 011043 -48579731.61478 0.0002742839
0019 011647 -48567500.91416 0.0002517655
0020 012253 -48556236.87396 0.0002319255
0021 012854 -48545828.17006 0.0002143639
0022 013461 -48536179.46501 0.0001987546
0023 014065 -48527208.36441 0.0001848333
0024 014670 -48518843.06761 0.0001723836
0025 015267 -48511020.66851 0.0001612239
0026 015871 -48503685.89958 0.0001511980
0027 016474 -48496789.68345 0.0001421792
0028 017079 -48490287.67059 0.0001340710
0029 017690 -48484139.49782 0.0001267918
0030 018302 -48478309.11075 0.0001202535
0031 018905 -48472765.26888 0.0001143572
0032 019503 -48467481.06140 0.0001090139
0033 020101 -48462433.93796 0.0001041342
0034 020710 -48457606.56498 0.0000996106
0035 021317 -48452987.11203 0.0000953298
0036 021928 -48448568.06049 0.0000912029
0037 022533 -48444345.20493 0.0000871616
0038 023137 -48440316.49421 0.0000831616
0039 023741 -48436479.35225 0.0000792138
0040 024347 -48432829.42507 0.0000753549
0041 024955 -48429361.07512 0.0000716115
0042 025562 -48426068.14940 0.0000679944
0043 026166 -48422944.24127 0.0000645088
0044 026773 -48419981.76034 0.0000611793
0045 027386 -48417172.18743 0.0000580251
0046 027887 -48414507.19558 0.0000550423
0047 028372 -48411977.91478 0.0000522422
0048 028857 -48409576.23913 0.0000496091
0049 029330 -48407297.12350 0.0000470799
0050 029783 -48405138.33441 0.0000445964
0051 030228 -48403097.83669 0.0000421546
0052 030657 -48401172.47103 0.0000397777
0053 031094 -48399358.21366 0.0000374837
0054 031530 -48397651.13186 0.0000352708
0055 031966 -48396048.14765 0.0000331211
0056 032399 -48394544.98967 0.0000310595
0057 032835 -48393135.52782 0.0000291244
0058 033272 -48391812.09238 0.0000273476
0059 033710 -48390565.85731 0.0000257530
0060 034142 -48389388.38469 0.0000243327
0061 034553 -48388273.38550 0.0000230422
0062 034965 -48387217.48409 0.0000218214
0063 035373 -48386219.49969 0.0000206250
0064 035786 -48385278.82229 0.0000194410
0065 036202 -48384393.79743 0.0000182912
0066 036595 -48383560.67702 0.0000172188
0067 036901 -48382773.99041 0.0000162594
0068 037183 -48382028.17733 0.0000154148
0069 037467 -48381319.02643 0.0000146573
0070 037751 -48380644.20452 0.0000139480
0071 038032 -48380002.43190 0.0000132651
0072 038314 -48379392.19643 0.0000126134
0073 038595 -48378811.63314 0.0000120002
0074 038876 -48378259.31173 0.0000114166
0075 039157 -48377734.70021 0.0000108440
0076 039425 -48377237.88151 0.0000102696
0077 039628 -48376769.08739 0.0000096904
Start evaluating ...
  Columns 1 through 7

    0.1414    0.1890    0.2091    0.2154    0.2196    0.2225    0.2249

  Columns 8 through 10

    0.2265    0.2275    0.2288

    0.0294

Elapsed time is 39714.857367 seconds.
