nohup: ignoring input

                            < M A T L A B (R) >
                  Copyright 1984-2016 The MathWorks, Inc.
                   R2016a (9.0.0.341360) 64-bit (glnxa64)
                             February 11, 2016

 
To get started, type one of these: helpwin, helpdesk, or demo.
For product information, visit www.mathworks.com.
 

	Academic License

Start learning ...
Init data [Dtype: delicious - Dspec: sp3/1050]
Init social model
Using adagrad ...
Load pretrained shallow-model...
Params [lbd-U: 100.0000|lbd-V: 0.1000|lbd-N: 100.0000|lbd-Q: 0.1000]
Staring Sample 3 - Loc: save/bcdl/delicious-alg61-sp3-cold20170225114414475 
CTR(chongwang)-DAE(User graph) Running - Walks(1)...
-1/200: 43582223.441708/4125.336338/43578098.105370/1.000000000
-2/200: 43524459.374611/4063.415317/43520395.959294/0.001325404
-3/200: 43523277.374505/4054.294795/43519223.079710/0.000027157
-4/200: 43523335.205768/4052.987502/43519282.218266/0.000001329
-5/200: 43522213.171468/4053.890088/43518159.281380/0.000025780
-6/200: 43522279.597104/4055.366617/43518224.230487/0.000001526
-7/200: 43524534.070637/4056.980373/43520477.090264/0.000051800
-8/200: 43525012.317290/4058.617464/43520953.699826/0.000010988
-9/200: 43524671.830498/4060.254063/43520611.576435/0.000007823
-10/200: 43525044.883217/4061.846701/43520983.036515/0.000008571
-11/200: 43524329.698606/4063.405086/43520266.293520/0.000016432
-12/200: 43523706.576023/4064.950212/43519641.625811/0.000014317
-13/200: 43524938.023040/4066.459714/43520871.563326/0.000028294
-14/200: 43525559.601711/4067.937617/43521491.664094/0.000014281
-15/200: 43524703.892397/4069.404153/43520634.488244/0.000019660
-16/200: 43524788.806389/4070.821325/43520717.985064/0.000001951
-17/200: 43525610.397546/4072.206065/43521538.191481/0.000018876
-18/200: 43527051.358537/4073.553996/43522977.804541/0.000033106
-19/200: 43526104.234815/4074.885939/43522029.348876/0.000021759
-20/200: 43526487.817278/4076.178888/43522411.638390/0.000008813
-21/200: 43525265.799358/4077.464332/43521188.335026/0.000028075
-22/200: 43526788.713724/4078.711115/43522710.002609/0.000034989
-23/200: 43527315.600219/4079.938022/43523235.662197/0.000012105
-24/200: 43527990.743262/4081.136847/43523909.606415/0.000015511
-25/200: 43526888.565439/4082.323451/43522806.241988/0.000025321
-26/200: 43527034.205442/4083.487292/43522950.718150/0.000003346
-27/200: 43526543.984667/4084.617673/43522459.366994/0.000011262
-28/200: 43528648.276343/4085.720966/43524562.555377/0.000048345
-29/200: 43528434.170379/4086.803772/43524347.366607/0.000004919
-30/200: 43527815.689862/4087.872869/43523727.816993/0.000014209
-31/200: 43527804.814711/4088.908126/43523715.906585/0.000000250
-32/200: 43528623.599314/4089.929263/43524533.670051/0.000018811
-33/200: 43526235.255120/4090.925595/43522144.329525/0.000054868
-34/200: 43528623.718612/4091.907414/43524531.811198/0.000054874
-35/200: 43526756.213703/4092.861743/43522663.351960/0.000042903
-36/200: 43528280.557385/4093.803135/43524186.754250/0.000035021
-37/200: 43528484.681821/4094.723577/43524389.958244/0.000004689
-38/200: 43528008.232511/4095.623374/43523912.609137/0.000010946
-39/200: 43528674.548150/4096.506821/43524578.041329/0.000015308
-40/200: 43528346.547515/4097.373283/43524249.174232/0.000007535
-41/200: 43529715.886559/4098.225780/43525617.660779/0.000031459
-42/200: 43529898.358624/4099.057978/43525799.300646/0.000004192
-43/200: 43529593.698804/4099.871317/43525493.827487/0.000006999
-44/200: 43529791.728792/4100.660766/43525691.068026/0.000004549
-45/200: 43529578.492120/4101.438478/43525477.053642/0.000004899
-46/200: 43529547.089086/4102.205552/43525444.883534/0.000000721
-47/200: 43530263.061350/4102.951395/43526160.109955/0.000016448
-48/200: 43530198.269219/4103.682442/43526094.586777/0.000001488
-49/200: 43529103.289817/4104.401095/43524998.888722/0.000025154
-50/200: 43529595.915676/4105.102845/43525490.812831/0.000011317
-51/200: 43529622.879695/4105.786361/43525517.093334/0.000000619
-52/200: 43531104.912550/4106.455469/43526998.457081/0.000034047
-53/200: 43529612.290959/4107.116137/43525505.174822/0.000034289
-54/200: 43530318.185355/4107.764621/43526210.420734/0.000016216
-55/200: 43530227.719748/4108.394071/43526119.325677/0.000002078
-56/200: 43530236.546892/4109.009202/43526127.537690/0.000000203
-57/200: 43530641.946189/4109.620516/43526532.325673/0.000009313
-58/200: 43531162.941502/4110.219417/43527052.722085/0.000011968
-59/200: 43530874.746425/4110.803970/43526763.942455/0.000006620
-60/200: 43530992.231198/4111.372602/43526880.858596/0.000002699
-61/200: 43530202.744123/4111.929586/43526090.814537/0.000018136
-62/200: 43531606.924827/4112.479272/43527494.445555/0.000032258
-63/200: 43530918.506207/4113.015034/43526805.491173/0.000015814
-64/200: 43532367.247776/4113.540129/43528253.707647/0.000033281
-65/200: 43532412.415252/4114.055653/43528298.359599/0.000001038
-66/200: 43532255.014168/4114.564707/43528140.449461/0.000003616
-67/200: 43531257.549215/4115.060321/43527142.488894/0.000022913
-68/200: 43531372.924020/4115.544011/43527257.380009/0.000002650
-69/200: 43531613.472281/4116.017528/43527497.454753/0.000005526
-70/200: 43531548.937322/4116.480231/43527432.457091/0.000001482
-71/200: 43532516.397315/4116.937101/43528399.460214/0.000022224
-72/200: 43532013.438112/4117.379384/43527896.058728/0.000011554
-73/200: 43533054.244822/4117.815562/43528936.429260/0.000023909
-74/200: 43532615.398520/4118.245535/43528497.152985/0.000010081
-75/200: 43532263.474274/4118.664235/43528144.810039/0.000008084
-76/200: 43533249.449772/4119.074291/43529130.375481/0.000022649
-77/200: 43533444.142775/4119.476871/43529324.665904/0.000004472
-78/200: 43533420.207705/4119.867751/43529300.339954/0.000000550
-79/200: 43532390.408318/4120.253690/43528270.154628/0.000023655
-80/200: 43532562.602472/4120.628775/43528441.973697/0.000003956
-81/200: 43533133.341326/4120.997693/43529012.343633/0.000013111
-82/200: 43533837.011134/4121.358037/43529715.653097/0.000016164
-83/200: 43533190.381517/4121.712572/43529068.668945/0.000014853
-84/200: 43533020.408618/4122.056337/43528898.352281/0.000003904
-85/200: 43533728.767951/4122.395862/43529606.372089/0.000016272
-86/200: 43533766.459313/4122.726008/43529643.733305/0.000000866
-87/200: 43533875.502462/4123.050910/43529752.451552/0.000002505
-88/200: 43534266.231708/4123.369984/43530142.861724/0.000008975
-89/200: 43533914.772215/4123.681914/43529791.090301/0.000008073
-90/200: 43534260.504312/4123.986219/43530136.518093/0.000007942
-91/200: 43534169.200192/4124.282527/43530044.917665/0.000002097
-92/200: 43534577.470330/4124.573547/43530452.896783/0.000009378
-93/200: 43534354.053635/4124.858249/43530229.195386/0.000005132
-94/200: 43535048.259288/4125.136479/43530923.122809/0.000015946
-95/200: 43534775.684893/4125.409610/43530650.275283/0.000006261
-96/200: 43534386.725946/4125.678887/43530261.047059/0.000008934
-97/200: 43534864.816212/4125.941945/43530738.874267/0.000010982
-98/200: 43535171.108496/4126.197966/43531044.910530/0.000007036
-99/200: 43535304.722066/4126.450440/43531178.271626/0.000003069
Recall at EP-100 ...
  Columns 1 through 7

    0.0061    0.0104    0.0136    0.0162    0.0187    0.0208    0.0230

  Columns 8 through 10

    0.0247    0.0263    0.0279

Mrr at EP-100 ...
    0.0018

-100/200: 43534966.308714/4126.698075/43530839.610639/0.000007773
-101/200: 43534802.198226/4126.937028/43530675.261198/0.000003770
-102/200: 43535208.043190/4127.173901/43531080.869289/0.000009322
-103/200: 43535859.071050/4127.404799/43531731.666251/0.000014954
-104/200: 43535243.677083/4127.630206/43531116.046877/0.000014135
-105/200: 43535794.158536/4127.850729/43531666.307807/0.000012645
-106/200: 43535388.437279/4128.067696/43531260.369583/0.000009319
-107/200: 43535773.819766/4128.281405/43531645.538361/0.000008852
-108/200: 43536252.084319/4128.488590/43532123.595729/0.000010986
-109/200: 43535775.494211/4128.691594/43531646.802617/0.000010947
-110/200: 43535658.350502/4128.891260/43531529.459242/0.000002691
-111/200: 43536461.786806/4129.087575/43532332.699231/0.000018455
-112/200: 43536404.859095/4129.280479/43532275.578616/0.000001308
-113/200: 43536188.200585/4129.467877/43532058.732708/0.000004976
-114/200: 43536026.613736/4129.652289/43531896.961447/0.000003712
-115/200: 43536400.554216/4129.832434/43532270.721782/0.000008589
-116/200: 43536285.892668/4130.008105/43532155.884563/0.000002634
-117/200: 43536809.136307/4130.180091/43532678.956216/0.000012019
-118/200: 43536727.315463/4130.350567/43532596.964896/0.000001879
-119/200: 43537123.723375/4130.515441/43532993.207934/0.000009105
-120/200: 43536907.050443/4130.676077/43532776.374366/0.000004977
-121/200: 43537298.876499/4130.833065/43533168.043434/0.000009000
-122/200: 43537401.456992/4130.986729/43533270.470263/0.000002356
-123/200: 43537136.914104/4131.137789/43533005.776315/0.000006076
-124/200: 43537307.944829/4131.284307/43533176.660522/0.000003928
-125/200: 43537427.041199/4131.428159/43533295.613040/0.000002736
-126/200: 43537439.467407/4131.569525/43533307.897882/0.000000285
-127/200: 43537440.808429/4131.708781/43533309.099648/0.000000031
Start evaluating ...
  Columns 1 through 7

    0.0050    0.0081    0.0105    0.0131    0.0154    0.0173    0.0189

  Columns 8 through 10

    0.0205    0.0218    0.0234

    0.0015

Elapsed time is 15632.816079 seconds.
