nohup: ignoring input

                            < M A T L A B (R) >
                  Copyright 1984-2016 The MathWorks, Inc.
                   R2016a (9.0.0.341360) 64-bit (glnxa64)
                             February 11, 2016

 
To get started, type one of these: helpwin, helpdesk, or demo.
For product information, visit www.mathworks.com.
 

	Academic License

Start learning ...
Init data [Dtype: delicious - Dspec: sp3/0550]
Init social model
Using adagrad ...
Params [lbd-U: 0.1000|lbd-V: 10.0000|lbd-N: 0.1000|lbd-Q: 0.1000]
Staring Sample 3 - Loc: save/ctr/delicious-alg80-sp3-cold20170225114343005 
CTR(chongwang) Running ...

iter time likelihood:[r:u:v] converge
0001 000065 -2466.00000:[0.00000:0.00000:-0.00000] 1.0000000000
0002 000152 -2241.82243:[531.23537:-68.09891:-103.04773] 0.0909073684
0003 000236 -1865.51963:[1774.46066:-342.35885:-404.71405] 0.1678557553
0004 000323 -1798.49519:[2218.84428:-513.43015:-448.17830] 0.0359280283
0005 000410 -1783.84137:[2258.46387:-525.60794:-447.73428] 0.0081478235
0006 000498 -1775.42821:[2270.97079:-527.16677:-445.10093] 0.0047163155
0007 000578 -1771.15738:[2276.34584:-527.39461:-443.37917] 0.0024055227
0008 000655 -1769.78727:[2277.72909:-527.23721:-442.64083] 0.0007735652
0009 000734 -1770.42435:[2276.56716:-526.92469:-442.66527] 0.0003599769
0010 000807 -1772.41422:[2273.76054:-526.54095:-443.23107] 0.0011239481
0011 000884 -1775.27997:[2269.91394:-526.12160:-444.15759] 0.0016168635
0012 000964 -1778.68174:[2265.43987:-525.68369:-445.30922] 0.0019161888
0013 001041 -1782.38416:[2260.61779:-525.23664:-446.58966] 0.0020815515
0014 001114 -1786.22814:[2255.63460:-524.78624:-447.93299] 0.0021566517
0015 001190 -1790.10804:[2250.61397:-524.33638:-449.29523] 0.0021721192
0016 001267 -1793.95474:[2245.63693:-523.88980:-450.64760] 0.0021488619
0017 001344 -1797.72386:[2240.75581:-523.44852:-451.97169] 0.0021010109
0018 001421 -1801.38781:[2236.00342:-523.01397:-453.25612] 0.0020381081
0019 001497 -1804.93039:[2231.39934:-522.58720:-454.49429] 0.0019665840
0020 001572 -1808.34300:[2226.95422:-522.16892:-455.68277] 0.0018907145
0021 001648 -1811.62198:[2222.67291:-521.75963:-456.82022] 0.0018132493
0022 001724 -1814.76668:[2218.55665:-521.35970:-457.90652] 0.0017358503
0023 001795 -1817.77816:[2214.60460:-520.96934:-458.94222] 0.0016594325
0024 001871 -1820.65832:[2210.81480:-520.58870:-459.92816] 0.0015844364
0025 001947 -1823.40941:[2207.18480:-520.21788:-460.86534] 0.0015110431
0026 002019 -1826.03390:[2203.71189:-519.85696:-461.75483] 0.0014393281
0027 002097 -1828.53436:[2200.39329:-519.50609:-462.59780] 0.0013693391
0028 002168 -1830.91345:[2197.22622:-519.16544:-463.39552] 0.0013010923
0029 002240 -1833.17377:[2194.20807:-518.83525:-464.14929] 0.0012345329
0030 002317 -1835.31771:[2191.33661:-518.51587:-464.86040] 0.0011695231
0031 002389 -1837.34737:[2188.61002:-518.20771:-465.53007] 0.0011058889
0032 002462 -1839.26461:[2186.02688:-517.91124:-466.15943] 0.0010434857
0033 002535 -1841.07121:[2183.58589:-517.62697:-466.74960] 0.0009822393
0034 002605 -1842.76899:[2181.28571:-517.35539:-467.30171] 0.0009221699
0035 002677 -1844.36005:[2179.12464:-517.09698:-467.81698] 0.0008634057
0036 002749 -1845.84693:[2177.10043:-516.85212:-468.29676] 0.0008061781
0037 002819 -1847.23276:[2175.20999:-516.62108:-468.74255] 0.0007507842
0038 002888 -1848.52124:[2173.44940:-516.40396:-469.15599] 0.0006975179
0039 002955 -1849.71647:[2171.81399:-516.20070:-469.53878] 0.0006465847
0040 003022 -1850.82267:[2170.29873:-516.01111:-469.89258] 0.0005980390
0041 003090 -1851.84396:[2168.89858:-515.83491:-470.21897] 0.0005518016
0042 003160 -1852.78424:[2167.60864:-515.67177:-470.51940] 0.0005077572
0043 003227 -1853.64735:[2166.42411:-515.52136:-470.79526] 0.0004658409
0044 003296 -1854.43705:[2165.34017:-515.38331:-471.04793] 0.0004260287
0045 003363 -1855.15710:[2164.35202:-515.25722:-471.27872] 0.0003882827
0046 003432 -1855.81112:[2163.45493:-515.14266:-471.48892] 0.0003525438
0047 003501 -1856.40271:[2162.64423:-515.03919:-471.67975] 0.0003187741
0048 003574 -1856.93548:[2161.91519:-514.94637:-471.85246] 0.0002869889
0049 003642 -1857.41314:[2161.26290:-514.86365:-472.00825] 0.0002572320
0050 003710 -1857.83945:[2160.68226:-514.79045:-472.14825] 0.0002295187
0051 003781 -1858.21806:[2160.16815:-514.72607:-472.27352] 0.0002037920
0052 003848 -1858.55239:[2159.71562:-514.66980:-472.38498] 0.0001799184
0053 003915 -1858.84554:[2159.32003:-514.62091:-472.48343] 0.0001577318
0054 003983 -1859.10037:[2158.97706:-514.57871:-472.56957] 0.0001370883
0055 004049 -1859.31955:[2158.68265:-514.54254:-472.64408] 0.0001178958
0056 004117 -1859.50572:[2158.43285:-514.51179:-472.70763] 0.0001001298
0057 004183 -1859.66162:[2158.22372:-514.48591:-472.76101] 0.0000838407
0058 004248 -1859.79016:[2158.05120:-514.46437:-472.80511] 0.0000691198
0059 004316 -1859.89435:[2157.91123:-514.44668:-472.84092] 0.0000560198
0060 004385 -1859.97712:[2157.79986:-514.43239:-472.86943] 0.0000445012
0061 004454 -1860.04116:[2157.71350:-514.42107:-472.89156] 0.0000344330
0062 004518 -1860.08883:[2157.64898:-514.41237:-472.90810] 0.0000256302
0063 004584 -1860.12214:[2157.60361:-514.40595:-472.91971] 0.0000179066
0064 004647 -1860.14284:[2157.57501:-514.40154:-472.92699] 0.0000111273
0065 004716 -1860.15259:[2157.56098:-514.39888:-472.93051] 0.0000052438
Start evaluating ...
  Columns 1 through 7

    0.0013    0.0018    0.0023    0.0045    0.0059    0.0067    0.0078

  Columns 8 through 10

    0.0088    0.0097    0.0112

   9.4222e-04

Elapsed time is 4815.244350 seconds.
