nohup: ignoring input

                            < M A T L A B (R) >
                  Copyright 1984-2016 The MathWorks, Inc.
                   R2016a (9.0.0.341360) 64-bit (glnxa64)
                             February 11, 2016

 
To get started, type one of these: helpwin, helpdesk, or demo.
For product information, visit www.mathworks.com.
 

	Academic License

Start learning ...
Init data [Dtype: delicious - Dspec: sp3/5050]
Init social model
Using adagrad ...
Params [lbd-U: 100.0000|lbd-V: 100.0000|lbd-N: 100.0000|lbd-Q: 0.0100]
Staring Sample 3 - Loc: save/ctrsmf/delicious-alg90-sp3-cold20170226203645966 
CTR-SMF Running ...

iter time likelihood converge
0001 000559 -51830240.30766 1.0000000000
0002 001198 -50579324.88237 0.0241348568
0003 001832 -49492709.39514 0.0214833925
0004 002466 -49175373.27102 0.0064117751
0005 003107 -49034745.84208 0.0028597125
0006 003717 -48939970.90391 0.0019328119
0007 004329 -48873064.63703 0.0013671088
0008 004947 -48824478.91363 0.0009941207
0009 005559 -48786179.97944 0.0007844207
0010 006170 -48754259.87217 0.0006542859
0011 006765 -48726719.27798 0.0005648859
0012 007360 -48702507.82940 0.0004968824
0013 007962 -48680992.72988 0.0004417657
0014 008559 -48661728.66791 0.0003957204
0015 009158 -48644376.67241 0.0003565840
0016 009756 -48628667.65199 0.0003229360
0017 010355 -48614381.80470 0.0002937742
0018 010956 -48601336.24869 0.0002683477
0019 011556 -48589377.04745 0.0002460673
0020 012154 -48578373.95815 0.0002264505
0021 012754 -48568216.35880 0.0002090971
0022 013353 -48558809.62888 0.0001936808
0023 013952 -48550072.12730 0.0001799365
0024 014548 -48541932.90806 0.0001676459
0025 015149 -48534329.79717 0.0001566298
0026 015749 -48527207.90784 0.0001467392
0027 016354 -48520518.42569 0.0001378501
0028 016954 -48514217.76039 0.0001298557
0029 017549 -48508267.28911 0.0001226542
0030 018152 -48502633.38116 0.0001161433
0031 018760 -48497286.87461 0.0001102313
0032 019361 -48492201.41565 0.0001048607
0033 019963 -48487352.64700 0.0000999907
0034 020559 -48482719.01782 0.0000955637
0035 021161 -48478282.44123 0.0000915084
0036 021760 -48474029.02707 0.0000877385
0037 022363 -48469951.38010 0.0000841202
0038 022963 -48466048.52204 0.0000805212
0039 023561 -48462322.89928 0.0000768708
0040 024168 -48458777.40678 0.0000731598
0041 024766 -48455412.93996 0.0000694295
0042 025367 -48452227.07784 0.0000657483
0043 025970 -48449213.89568 0.0000621887
0044 026568 -48446364.64890 0.0000588089
0045 027171 -48443669.67280 0.0000556280
0046 027716 -48441119.71439 0.0000526376
0047 028197 -48438705.73072 0.0000498334
0048 028675 -48436419.56059 0.0000471972
0049 029158 -48434255.02733 0.0000446881
0050 029607 -48432207.96917 0.0000422647
0051 030047 -48430275.37141 0.0000399032
0052 030480 -48428454.38834 0.0000376001
0053 030912 -48426741.27387 0.0000353741
0054 031344 -48425131.73435 0.0000332366
0055 031785 -48423621.09167 0.0000311954
0056 032225 -48422203.41420 0.0000292766
0057 032659 -48420871.92610 0.0000274975
0058 033091 -48419619.39420 0.0000258676
0059 033524 -48418438.46798 0.0000243894
0060 033960 -48417321.87818 0.0000230613
0061 034388 -48416262.68603 0.0000218763
0062 034789 -48415254.91859 0.0000208146
0063 035194 -48414293.96791 0.0000198481
0064 035607 -48413376.54990 0.0000189493
0065 036012 -48412500.67122 0.0000180917
0066 036426 -48411665.43282 0.0000172525
0067 036785 -48410870.48675 0.0000164205
0068 037081 -48410115.45935 0.0000155962
0069 037371 -48409399.18911 0.0000147959
0070 037656 -48408719.81833 0.0000140339
0071 037943 -48408075.77014 0.0000133044
0072 038226 -48407465.60352 0.0000126046
0073 038510 -48406887.98411 0.0000119324
0074 038793 -48406341.89640 0.0000112812
0075 039077 -48405826.44080 0.0000106485
0076 039361 -48405340.09983 0.0000100472
0077 039647 -48404880.41673 0.0000094965
Start evaluating ...
  Columns 1 through 7

    0.0072    0.0121    0.0159    0.0200    0.0234    0.0259    0.0282

  Columns 8 through 10

    0.0304    0.0329    0.0355

    0.0018

Elapsed time is 39746.537209 seconds.
