nohup: ignoring input

                            < M A T L A B (R) >
                  Copyright 1984-2016 The MathWorks, Inc.
                   R2016a (9.0.0.341360) 64-bit (glnxa64)
                             February 11, 2016

 
To get started, type one of these: helpwin, helpdesk, or demo.
For product information, visit www.mathworks.com.
 

	Academic License

Start learning ...
Init data [Dtype: delicious - Dspec: sp3/5050]
Init social model
Using adagrad ...
Load pretrained shallow-model...
Could not use CUDA
Params [lbd-U: 0.1000|lbd-V: 1.0000|lbd-N: 0.1000|lbd-Q: 0.0100]
Staring Sample 3 - Loc: save/bcdl/delicious-alg61-sp3-cold20170227105048697 
CTR(chongwang)-DAE(User graph) Running - Walks(1)...
-1/200: 51446.161376/7868.063271/43578.098105/1.000000000
-2/200: 49789.823783/6291.713954/43498.109829/0.032195553
-3/200: 48838.548396/5337.903138/43500.645258/0.019105820
-4/200: 48472.222890/4961.371576/43510.851314/0.007500745
-5/200: 48266.082185/4751.934155/43514.148030/0.004252759
-6/200: 48129.799377/4614.829718/43514.969659/0.002823573
-7/200: 48039.044696/4521.763993/43517.280703/0.001885624
-8/200: 47974.749406/4456.876999/43517.872407/0.001338397
-9/200: 47928.114401/4410.558738/43517.555663/0.000972074
-10/200: 47894.687044/4376.748517/43517.938527/0.000697448
-11/200: 47868.808816/4351.525046/43517.283770/0.000540315
-12/200: 47848.972001/4332.302816/43516.669185/0.000414400
-13/200: 47835.300600/4317.348000/43517.952600/0.000285720
-14/200: 47824.011320/4305.483786/43518.527534/0.000236003
-15/200: 47813.385735/4295.898341/43517.487394/0.000222181
-16/200: 47805.838639/4288.023489/43517.815150/0.000157845
-17/200: 47800.169097/4281.457070/43518.712027/0.000118595
-18/200: 47795.927174/4275.909235/43520.017939/0.000088743
-19/200: 47790.344934/4271.169219/43519.175715/0.000116793
-20/200: 47786.608957/4267.079479/43519.529478/0.000078174
-21/200: 47781.645285/4263.522345/43518.122940/0.000103872
-22/200: 47780.363712/4260.406265/43519.957447/0.000026821
-23/200: 47778.250976/4257.660694/43520.590282/0.000044218
-24/200: 47776.037987/4255.229075/43520.808912/0.000046318
-25/200: 47773.039407/4253.066412/43519.972995/0.000062763
-26/200: 47771.309601/4251.135338/43520.174263/0.000036209
-27/200: 47769.237797/4249.404763/43519.833034/0.000043369
-28/200: 47769.677336/4247.848373/43521.828963/0.000009201
-29/200: 47767.848650/4246.444443/43521.404207/0.000038281
-30/200: 47766.128951/4245.174365/43520.954586/0.000036001
-31/200: 47765.246144/4244.021392/43521.224752/0.000018482
-32/200: 47764.699449/4242.971951/43521.727498/0.000011445
-33/200: 47761.528819/4242.013263/43519.515556/0.000066380
-34/200: 47762.980338/4241.134750/43521.845588/0.000030391
-35/200: 47760.324927/4240.327083/43519.997844/0.000055596
-36/200: 47761.238937/4239.582199/43521.656738/0.000019137
-37/200: 47760.689704/4238.892738/43521.796966/0.000011500
-38/200: 47759.586935/4238.252355/43521.334580/0.000023089
-39/200: 47759.499611/4237.655592/43521.844019/0.000001828
-40/200: 47758.744290/4237.097718/43521.646572/0.000015815
-41/200: 47759.428011/4236.574298/43522.853713/0.000014316
-42/200: 47759.038568/4236.081947/43522.956621/0.000008154
-43/200: 47758.301656/4235.617179/43522.684477/0.000015430
-44/200: 47758.137752/4235.177056/43522.960696/0.000003432
-45/200: 47757.436755/4234.759151/43522.677604/0.000014678
-46/200: 47757.397571/4234.361359/43523.036212/0.000000820
-47/200: 47757.815678/4233.981814/43523.833864/0.000008755
-48/200: 47757.256490/4233.618692/43523.637798/0.000011709
-49/200: 47755.856049/4233.270799/43522.585250/0.000029324
-50/200: 47755.769889/4232.936778/43522.833111/0.000001804
-51/200: 47755.426051/4232.615723/43522.810328/0.000007200
-52/200: 47756.876147/4232.306607/43524.569540/0.000030365
-53/200: 47755.035823/4232.009094/43523.026729/0.000038535
-54/200: 47755.299637/4231.722808/43523.576829/0.000005524
-55/200: 47755.198577/4231.446358/43523.752219/0.000002116
-56/200: 47754.910757/4231.179565/43523.731192/0.000006027
-57/200: 47755.091563/4230.922831/43524.168732/0.000003786
-58/200: 47755.405032/4230.675142/43524.729890/0.000006564
-59/200: 47754.630077/4230.436271/43524.193806/0.000016228
-60/200: 47754.806084/4230.205080/43524.601004/0.000003686
-61/200: 47753.680558/4229.982358/43523.698200/0.000023569
-62/200: 47754.791763/4229.767322/43525.024441/0.000023270
-63/200: 47753.952123/4229.559636/43524.392487/0.000017582
-64/200: 47755.475302/4229.358878/43526.116424/0.000031896
-65/200: 47755.215543/4229.165634/43526.049909/0.000005439
-66/200: 47754.710807/4228.978829/43525.731978/0.000010569
-67/200: 47753.665223/4228.798293/43524.866930/0.000021895
-68/200: 47753.585341/4228.623845/43524.961496/0.000001673
-69/200: 47753.712087/4228.455041/43525.257046/0.000002654
-70/200: 47753.539700/4228.291808/43525.247892/0.000003610
-71/200: 47753.982699/4228.134500/43525.848199/0.000009277
-72/200: 47753.412487/4227.981864/43525.430623/0.000011941
-73/200: 47754.440142/4227.834383/43526.605759/0.000021520
-74/200: 47754.036775/4227.691418/43526.345357/0.000008447
-75/200: 47753.522981/4227.553150/43525.969831/0.000010759
-76/200: 47754.344973/4227.419122/43526.925851/0.000017213
-77/200: 47754.447366/4227.289368/43527.157998/0.000002144
-78/200: 47754.159630/4227.162937/43526.996693/0.000006025
-79/200: 47753.227337/4227.040810/43526.186527/0.000019523
-80/200: 47753.330569/4226.921805/43526.408764/0.000002162
-81/200: 47753.760248/4226.806456/43526.953792/0.000008998
-82/200: 47754.537667/4226.694447/43527.843220/0.000016280
-83/200: 47753.447549/4226.585515/43526.862034/0.000022828
-84/200: 47753.275937/4226.479530/43526.796407/0.000003594
-85/200: 47753.885103/4226.376539/43527.508564/0.000012757
-86/200: 47753.783417/4226.276003/43527.507414/0.000002129
-87/200: 47754.021897/4226.178379/43527.843518/0.000004994
-88/200: 47754.215013/4226.083772/43528.131241/0.000004044
-89/200: 47753.779892/4225.991266/43527.788626/0.000009112
-90/200: 47753.966028/4225.901030/43528.064998/0.000003898
-91/200: 47753.940828/4225.812934/43528.127894/0.000000528
-92/200: 47754.199768/4225.727197/43528.472571/0.000005422
-93/200: 47753.912779/4225.643544/43528.269235/0.000006010
-94/200: 47754.538336/4225.562049/43528.976287/0.000013100
-95/200: 47754.217408/4225.482332/43528.735076/0.000006720
-96/200: 47753.763439/4225.405059/43528.358380/0.000009506
-97/200: 47754.180576/4225.329424/43528.851152/0.000008735
-98/200: 47754.384735/4225.255479/43529.129256/0.000004275
-99/200: 47754.608062/4225.183425/43529.424637/0.000004677
Recall at EP-100 ...
  Columns 1 through 7

    0.1418    0.1905    0.2085    0.2162    0.2227    0.2308    0.2398

  Columns 8 through 10

    0.2510    0.2624    0.2735

Mrr at EP-100 ...
    0.0304

-100/200: 47754.138596/4225.113217/43529.025379/0.000009831
-101/200: 47753.763737/4225.044072/43528.719665/0.000007850
-102/200: 47754.239043/4224.976755/43529.262288/0.000009953
-103/200: 47754.701146/4224.911041/43529.790105/0.000009677
-104/200: 47754.140070/4224.846459/43529.293611/0.000011749
-105/200: 47754.710492/4224.783256/43529.927236/0.000011945
-106/200: 47754.275686/4224.721681/43529.554005/0.000009105
-107/200: 47754.774553/4224.661666/43530.112887/0.000010447
-108/200: 47755.097914/4224.602343/43530.495571/0.000006771
-109/200: 47754.609841/4224.544340/43530.065501/0.000010220
-110/200: 47754.385078/4224.487641/43529.897437/0.000004707
-111/200: 47755.209484/4224.432696/43530.776788/0.000017263
-112/200: 47754.907028/4224.378940/43530.528088/0.000006333
-113/200: 47754.674025/4224.326121/43530.347904/0.000004879
-114/200: 47754.484945/4224.274302/43530.210643/0.000003959
-115/200: 47754.756235/4224.223665/43530.532570/0.000005681
-116/200: 47754.700515/4224.173818/43530.526697/0.000001167
-117/200: 47755.232923/4224.125024/43531.107899/0.000011149
-118/200: 47755.134532/4224.077457/43531.057075/0.000002060
-119/200: 47755.463153/4224.030622/43531.432531/0.000006881
-120/200: 47755.205367/4223.984538/43531.220829/0.000005398
-121/200: 47755.614791/4223.939224/43531.675567/0.000008573
-122/200: 47755.620179/4223.894716/43531.725463/0.000000113
-123/200: 47755.282631/4223.851511/43531.431120/0.000007068
-124/200: 47755.643923/4223.808682/43531.835241/0.000007565
-125/200: 47755.508894/4223.766926/43531.741968/0.000002827
-126/200: 47755.336053/4223.725991/43531.610062/0.000003619
-127/200: 47755.473032/4223.686017/43531.787015/0.000002868
-128/200: 47755.529619/4223.646876/43531.882743/0.000001185
-129/200: 47755.637817/4223.607774/43532.030043/0.000002266
-130/200: 47756.129699/4223.569691/43532.560008/0.000010300
-131/200: 47755.549689/4223.532500/43532.017189/0.000012145
-132/200: 47756.115790/4223.495993/43532.619797/0.000011854
-133/200: 47756.237473/4223.460375/43532.777098/0.000002548
-134/200: 47756.643547/4223.425009/43533.218538/0.000008503
-135/200: 47755.811204/4223.390447/43532.420757/0.000017429
-136/200: 47755.999824/4223.356222/43532.643602/0.000003950
-137/200: 47756.678037/4223.322892/43533.355145/0.000014202
-138/200: 47756.399966/4223.289880/43533.110086/0.000005823
-139/200: 47756.385797/4223.257250/43533.128547/0.000000297
-140/200: 47756.566224/4223.225689/43533.340535/0.000003778
-141/200: 47756.763080/4223.194929/43533.568151/0.000004122
-142/200: 47756.432148/4223.164101/43533.268047/0.000006930
-143/200: 47756.896557/4223.134369/43533.762188/0.000009725
-144/200: 47756.991910/4223.104796/43533.887114/0.000001997
-145/200: 47757.134235/4223.075917/43534.058318/0.000002980
-146/200: 47757.001226/4223.047190/43533.954036/0.000002785
-147/200: 47757.165726/4223.019071/43534.146655/0.000003445
-148/200: 47756.814804/4222.991029/43533.823775/0.000007348
-149/200: 47757.180481/4222.963865/43534.216616/0.000007657
-150/200: 47757.317346/4222.937126/43534.380220/0.000002866
-151/200: 47757.192266/4222.911284/43534.280982/0.000002619
-152/200: 47757.412813/4222.885494/43534.527319/0.000004618
-153/200: 47757.359454/4222.859974/43534.499480/0.000001117
-154/200: 47757.487067/4222.834957/43534.652110/0.000002672
-155/200: 47757.542611/4222.810559/43534.732052/0.000001163
-156/200: 47757.638958/4222.786507/43534.852451/0.000002017
-157/200: 47758.117063/4222.762828/43535.354235/0.000010011
-158/200: 47757.940194/4222.739418/43535.200776/0.000003703
-159/200: 47758.094147/4222.716989/43535.377158/0.000003224
-160/200: 47758.193272/4222.694680/43535.498592/0.000002076
-161/200: 47757.748320/4222.672393/43535.075927/0.000009317
-162/200: 47758.057326/4222.650300/43535.407026/0.000006470
-163/200: 47758.584674/4222.628867/43535.955807/0.000011042
-164/200: 47758.045749/4222.607763/43535.437986/0.000011284
-165/200: 47758.620705/4222.587273/43536.033432/0.000012039
-166/200: 47758.409079/4222.566917/43535.842162/0.000004431
-167/200: 47758.401961/4222.546801/43535.855160/0.000000149
-168/200: 47758.724768/4222.527157/43536.197611/0.000006759
-169/200: 47758.554947/4222.507491/43536.047456/0.000003556
-170/200: 47758.658131/4222.488645/43536.169486/0.000002161
-171/200: 47758.901931/4222.469804/43536.432127/0.000005105
-172/200: 47759.194422/4222.451105/43536.743317/0.000006124
-173/200: 47758.672198/4222.432874/43536.239324/0.000010935
-174/200: 47759.546091/4222.415036/43537.131055/0.000018298
-175/200: 47759.099366/4222.397235/43536.702131/0.000009354
-176/200: 47759.522137/4222.380117/43537.142020/0.000008852
-177/200: 47759.549699/4222.363193/43537.186506/0.000000577
-178/200: 47759.361101/4222.346285/43537.014816/0.000003949
-179/200: 47759.504125/4222.329587/43537.174538/0.000002995
-180/200: 47759.372170/4222.313298/43537.058872/0.000002763
-181/200: 47759.826276/4222.297518/43537.528758/0.000009508
-182/200: 47759.690181/4222.281804/43537.408377/0.000002850
-183/200: 47760.035413/4222.266369/43537.769044/0.000007229
-184/200: 47760.083108/4222.251469/43537.831639/0.000000999
-185/200: 47760.292967/4222.236663/43538.056304/0.000004394
-186/200: 47760.106065/4222.222157/43537.883908/0.000003913
-187/200: 47760.157646/4222.207587/43537.950059/0.000001080
-188/200: 47760.598962/4222.193438/43538.405524/0.000009240
-189/200: 47760.497730/4222.179531/43538.318199/0.000002120
-190/200: 47760.525651/4222.166050/43538.359601/0.000000585
-191/200: 47760.726590/4222.152629/43538.573961/0.000004207
-192/200: 47760.988689/4222.139658/43538.849031/0.000005488
-193/200: 47760.819764/4222.126527/43538.693237/0.000003537
-194/200: 47760.669593/4222.114007/43538.555586/0.000003144
-195/200: 47761.092246/4222.101814/43538.990432/0.000008849
-196/200: 47760.787092/4222.089241/43538.697851/0.000006389
-197/200: 47761.005337/4222.076765/43538.928572/0.000004570
-198/200: 47760.762296/4222.064335/43538.697961/0.000005089
-199/200: 47761.425494/4222.052369/43539.373125/0.000013886
-200/200: 47761.197438/4222.031519/43539.165919/0.000004775
Start evaluating ...
  Columns 1 through 7

    0.1409    0.1895    0.2087    0.2169    0.2231    0.2313    0.2414

  Columns 8 through 10

    0.2537    0.2656    0.2774

    0.0303

Elapsed time is 58908.704015 seconds.
