nohup: ignoring input

                            < M A T L A B (R) >
                  Copyright 1984-2016 The MathWorks, Inc.
                   R2016a (9.0.0.341360) 64-bit (glnxa64)
                             February 11, 2016

 
To get started, type one of these: helpwin, helpdesk, or demo.
For product information, visit www.mathworks.com.
 

	Academic License

Start learning ...
Init data [Dtype: delicious - Dspec: sp3/5050]
Init social model
Using adagrad ...
Params [lbd-U: 100.0000|lbd-V: 10.0000|lbd-N: 100.0000|lbd-Q: 0.0100]
Staring Sample 3 - Loc: save/ctr/delicious-alg80-sp3-cold20170226164406615 
CTR(chongwang) Running ...

iter time likelihood:[r:u:v] converge
0001 000513 -28125.00000:[0.00000:0.00000:-0.00000] 1.0000000000
0002 001023 -28073.36960:[103.97962:-48.11700:-3.00111] 0.0018357475
0003 001539 -28071.81988:[113.24212:-55.21741:-3.44791] 0.0000552025
0004 002044 -28071.83136:[113.46369:-55.41829:-3.46964] 0.0000004089
Start evaluating ...
  Columns 1 through 7

    0.0015    0.0033    0.0047    0.0058    0.0072    0.0082    0.0091

  Columns 8 through 10

    0.0101    0.0110    0.0120

   5.0804e-04

Elapsed time is 2218.621025 seconds.
