nohup: ignoring input

                            < M A T L A B (R) >
                  Copyright 1984-2016 The MathWorks, Inc.
                   R2016a (9.0.0.341360) 64-bit (glnxa64)
                             February 11, 2016

 
To get started, type one of these: helpwin, helpdesk, or demo.
For product information, visit www.mathworks.com.
 

	Academic License

Start learning ...
Init data [Dtype: delicious - Dspec: sp3/5050]
Init social model
Using adagrad ...
Params [lbd-U: 1.0000|lbd-V: 1.0000|lbd-N: 1.0000|lbd-Q: 0.0100]
Staring Sample 3 - Loc: save/ctrsmf/delicious-alg90-sp3-cold20170226203651117 
CTR-SMF Running ...

iter time likelihood converge
0001 000564 -51821718.86280 1.0000000000
0002 001207 -50562769.69453 0.0242938520
0003 001848 -49474557.04194 0.0215220143
0004 002489 -49155932.50625 0.0064401695
0005 003129 -49014224.75007 0.0028828210
0006 003739 -48918642.92052 0.0019500835
0007 004357 -48851264.35333 0.0013773597
0008 004970 -48802272.66416 0.0010028745
0009 005586 -48763561.75243 0.0007932194
0010 006203 -48731230.56055 0.0006630195
0011 006803 -48703295.49099 0.0005732478
0012 007405 -48678713.04022 0.0005047390
0013 007999 -48656850.21700 0.0004491249
0014 008597 -48637259.38102 0.0004026326
0015 009201 -48619598.77507 0.0003631086
0016 009802 -48603596.50436 0.0003291321
0017 010401 -48589030.45572 0.0002996908
0018 011000 -48575716.30000 0.0002740157
0019 011605 -48563499.30673 0.0002515041
0020 012206 -48552248.65712 0.0002316688
0021 012810 -48541853.14861 0.0002141097
0022 013418 -48532217.55587 0.0001985007
0023 014025 -48523259.58364 0.0001845778
0024 014632 -48514907.53166 0.0001721247
0025 015233 -48507098.61515 0.0001609591
0026 015835 -48499777.71360 0.0001509243
0027 016439 -48492895.89527 0.0001418938
0028 017041 -48486408.87633 0.0001337726
0029 017640 -48480276.20648 0.0001264822
0030 018241 -48474461.67026 0.0001199361
0031 018850 -48468934.01299 0.0001140324
0032 019456 -48463666.59277 0.0001086762
0033 020061 -48458637.22583 0.0001037760
0034 020666 -48453828.62736 0.0000992310
0035 021267 -48449228.39808 0.0000949405
0036 021872 -48444827.80298 0.0000908290
0037 022476 -48440620.99853 0.0000868370
0038 023082 -48436604.36475 0.0000829187
0039 023677 -48432774.43116 0.0000790711
0040 024281 -48429127.01221 0.0000753089
0041 024887 -48425657.56371 0.0000716397
0042 025482 -48422361.34605 0.0000680676
0043 026078 -48419233.05218 0.0000646043
0044 026681 -48416265.63129 0.0000612860
0045 027285 -48413450.69357 0.0000581403
0046 027807 -48410779.91739 0.0000551660
0047 028287 -48408244.46396 0.0000523737
0048 028771 -48405836.26476 0.0000497477
0049 029260 -48403550.40402 0.0000472228
0050 029714 -48401385.05312 0.0000447354
0051 030167 -48399338.92673 0.0000422741
0052 030607 -48397409.72088 0.0000398602
0053 031047 -48395593.98067 0.0000375173
0054 031477 -48393887.87940 0.0000352532
0055 031917 -48392288.06869 0.0000330581
0056 032358 -48390789.81838 0.0000309605
0057 032798 -48389386.54338 0.0000289988
0058 033231 -48388070.18976 0.0000272034
0059 033669 -48386831.57858 0.0000255974
0060 034108 -48385661.88841 0.0000241737
0061 034524 -48384554.37512 0.0000228893
0062 034938 -48383505.08926 0.0000216864
0063 035354 -48382512.12833 0.0000205227
0064 035768 -48381574.07253 0.0000193883
0065 036189 -48380688.52184 0.0000183035
0066 036576 -48379851.31198 0.0000173046
0067 036885 -48379057.15055 0.0000164151
0068 037174 -48378301.31020 0.0000156233
0069 037455 -48377580.92809 0.0000148906
0070 037736 -48376895.40918 0.0000141702
0071 038018 -48376245.43133 0.0000134357
0072 038298 -48375631.27997 0.0000126953
0073 038578 -48375052.16312 0.0000119713
0074 038857 -48374506.54699 0.0000112789
0075 039137 -48373992.64438 0.0000106234
0076 039403 -48373508.67894 0.0000100047
0077 039661 -48373053.13043 0.0000094173
Start evaluating ...
  Columns 1 through 7

    0.1249    0.1812    0.2059    0.2132    0.2176    0.2209    0.2236

  Columns 8 through 10

    0.2254    0.2269    0.2279

    0.0238

Elapsed time is 39767.483212 seconds.
