nohup: ignoring input

                            < M A T L A B (R) >
                  Copyright 1984-2016 The MathWorks, Inc.
                   R2016a (9.0.0.341360) 64-bit (glnxa64)
                             February 11, 2016

 
To get started, type one of these: helpwin, helpdesk, or demo.
For product information, visit www.mathworks.com.
 

	Academic License

Start learning ...
Init data [Dtype: delicious - Dspec: sp3/5050]
Init social model
Using adagrad ...
Params [lbd-U: 100.0000|lbd-V: 0.0100|lbd-N: 100.0000|lbd-Q: 0.0100]
Staring Sample 3 - Loc: save/ctrsmf/delicious-alg90-sp3-cold20170226203649641 
CTR-SMF Running ...

iter time likelihood converge
0001 000576 -51828837.37443 1.0000000000
0002 001188 -50580269.57432 0.0240902143
0003 001802 -49486421.58348 0.0216259818
0004 002411 -49167401.68718 0.0064466148
0005 003020 -49025579.86349 0.0028844685
0006 003653 -48929964.50687 0.0019503157
0007 004267 -48862586.40605 0.0013770315
0008 004882 -48813604.13301 0.0010024495
0009 005502 -48774903.07003 0.0007928335
0010 006126 -48742580.67485 0.0006626850
0011 006755 -48714652.91336 0.0005729644
0012 007377 -48690076.27063 0.0005045021
0013 007994 -48668217.92812 0.0004489281
0014 008614 -48648630.46418 0.0004024693
0015 009239 -48630972.32257 0.0003629730
0016 009865 -48614971.77348 0.0003290197
0017 010485 -48600406.82954 0.0002995979
0018 011107 -48587093.24190 0.0002739398
0019 011725 -48574876.30946 0.0002514440
0020 012345 -48563625.19817 0.0002316241
0021 012969 -48553228.66609 0.0002140806
0022 013592 -48543591.44599 0.0001984877
0023 014201 -48534631.20428 0.0001845814
0024 014809 -48526276.19349 0.0001721453
0025 015423 -48518463.55425 0.0001609981
0026 016031 -48511138.06015 0.0001509836
0027 016637 -48504250.67007 0.0001419754
0028 017244 -48497757.06657 0.0001338770
0029 017845 -48491616.91511 0.0001266069
0030 018446 -48485794.18711 0.0001200770
0031 019035 -48480257.66551 0.0001141885
0032 019614 -48474980.46110 0.0001088526
0033 020204 -48469940.04370 0.0001039798
0034 020786 -48465119.09835 0.0000994626
0035 021382 -48460505.81207 0.0000951878
0036 021959 -48456092.68273 0.0000910665
0037 022524 -48451875.52026 0.0000870306
0038 023089 -48447852.28699 0.0000830357
0039 023655 -48444020.41813 0.0000790926
0040 024219 -48440375.56934 0.0000752384
0041 024786 -48436912.11206 0.0000714994
0042 025352 -48433623.90254 0.0000678864
0043 025915 -48430504.54362 0.0000644048
0044 026480 -48427546.45400 0.0000610791
0045 027052 -48424741.12273 0.0000579284
0046 027590 -48422080.22930 0.0000549490
0047 028087 -48419554.90963 0.0000521522
0048 028579 -48417157.06430 0.0000495223
0049 029050 -48414881.65484 0.0000469959
0050 029520 -48412726.45474 0.0000445152
0051 029988 -48410689.43548 0.0000420761
0052 030461 -48408767.44425 0.0000397018
0053 030927 -48406956.46368 0.0000374102
0054 031402 -48405252.56709 0.0000351994
0055 031876 -48403652.68067 0.0000330519
0056 032340 -48402152.53501 0.0000309924
0057 032789 -48400746.00159 0.0000290593
0058 033242 -48399425.41185 0.0000272845
0059 033687 -48398181.93755 0.0000256919
0060 034133 -48397007.13413 0.0000242737
0061 034589 -48395894.70463 0.0000229855
0062 035036 -48394841.26981 0.0000217670
0063 035480 -48393845.65403 0.0000205728
0064 035923 -48392907.26029 0.0000193908
0065 036370 -48392024.44915 0.0000182426
0066 036742 -48391193.48426 0.0000171715
0067 037046 -48390408.90264 0.0000162133
0068 037335 -48389665.14999 0.0000153698
0069 037616 -48388958.02029 0.0000146132
0070 037905 -48388285.18305 0.0000139048
0071 038181 -48387645.35810 0.0000132227
0072 038449 -48387037.03349 0.0000125719
0073 038727 -48386458.34692 0.0000119595
0074 039004 -48385907.86925 0.0000113767
0075 039259 -48385385.06571 0.0000108049
0076 039511 -48384890.01527 0.0000102314
0077 039730 -48384422.94993 0.0000096531
Start evaluating ...
  Columns 1 through 7

    0.1211    0.1790    0.2037    0.2124    0.2165    0.2193    0.2217

  Columns 8 through 10

    0.2234    0.2246    0.2257

    0.0232

Elapsed time is 39819.586051 seconds.
