nohup: ignoring input

                            < M A T L A B (R) >
                  Copyright 1984-2016 The MathWorks, Inc.
                   R2016a (9.0.0.341360) 64-bit (glnxa64)
                             February 11, 2016

 
To get started, type one of these: helpwin, helpdesk, or demo.
For product information, visit www.mathworks.com.
 

	Academic License

Start learning ...
Init data [Dtype: delicious - Dspec: sp3/2550]
Init social model
Using adagrad ...
Params [lbd-U: 1.0000|lbd-V: 0.0100|lbd-N: 1.0000|lbd-Q: 0.0500]
Staring Sample 3 - Loc: save/ctrsmf/delicious-alg90-sp3-cold20170226125836441 
CTR-SMF Running ...

iter time likelihood converge
0001 000207 -32144622.80002 1.0000000000
0002 000409 -31334575.31449 0.0252000930
0003 000610 -30661219.62025 0.0214892236
0004 000862 -30461148.85100 0.0065252058
0005 001156 -30368826.41457 0.0030308258
0006 001443 -30304622.33778 0.0021141442
0007 001729 -30259829.00921 0.0014781022
0008 002011 -30228265.35277 0.0010430877
0009 002293 -30203927.78885 0.0008051261
0010 002593 -30183934.47352 0.0006619442
0011 002881 -30166827.64580 0.0005667527
0012 003172 -30151868.77272 0.0004958716
0013 003461 -30138629.08580 0.0004391000
0014 003757 -30126812.54881 0.0003920728
0015 004051 -30116196.19153 0.0003523890
0016 004343 -30106604.40629 0.0003184926
0017 004632 -30097894.43905 0.0002893042
0018 004925 -30089947.77236 0.0002640273
0019 005216 -30082664.83770 0.0002420388
0020 005502 -30075961.64655 0.0002228257
0021 005785 -30069767.12211 0.0002059626
0022 006070 -30064020.63168 0.0001911053
0023 006353 -30058669.86953 0.0001779789
0024 006636 -30053669.27070 0.0001663613
0025 006924 -30048978.94169 0.0001560651
0026 007210 -30044564.06970 0.0001469225
0027 007498 -30040394.50562 0.0001387793
0028 007782 -30036444.43713 0.0001314919
0029 008064 -30032692.08775 0.0001249266
0030 008347 -30029118.87247 0.0001189775
0031 008635 -30025708.36478 0.0001135734
0032 008918 -30022445.62372 0.0001086649
0033 009202 -30019317.18989 0.0001042032
0034 009488 -30016311.71502 0.0001001180
0035 009771 -30013420.98940 0.0000963052
0036 010060 -30010640.56136 0.0000926395
0037 010309 -30007969.02121 0.0000890198
0038 010455 -30005407.41426 0.0000853642
0039 010562 -30002958.57069 0.0000816134
0040 010693 -30000625.18766 0.0000777718
0041 010882 -29998408.48315 0.0000738886
0042 011069 -29996307.23516 0.0000700453
0043 011243 -29994317.99005 0.0000663163
0044 011432 -29992436.46002 0.0000627295
0045 011621 -29990658.18086 0.0000592909
0046 011809 -29988979.62775 0.0000559692
0047 011997 -29987399.00520 0.0000527068
0048 012176 -29985915.12884 0.0000494833
0049 012277 -29984525.74511 0.0000463345
0050 012378 -29983226.80659 0.0000433203
0051 012491 -29982013.28683 0.0000404733
0052 012677 -29980879.56365 0.0000378134
0053 012862 -29979818.99293 0.0000353749
0054 013038 -29978824.51387 0.0000331716
0055 013223 -29977889.63435 0.0000311847
0056 013410 -29977008.97363 0.0000293770
0057 013691 -29976178.26048 0.0000277117
0058 014059 -29975393.98785 0.0000261632
0059 014414 -29974653.12263 0.0000247158
0060 014781 -29973952.89279 0.0000233607
0061 015154 -29973290.85642 0.0000220871
0062 015518 -29972665.40813 0.0000208669
0063 015860 -29972076.21564 0.0000196577
0064 016197 -29971524.06705 0.0000184221
0065 016524 -29971009.81037 0.0000171582
0066 016844 -29970533.30477 0.0000158989
0067 017164 -29970093.31329 0.0000146808
0068 017462 -29969687.68474 0.0000135344
0069 017761 -29969313.47053 0.0000124864
0070 018052 -29968967.37091 0.0000115485
0071 018348 -29968646.24791 0.0000107152
0072 018637 -29968347.16210 0.0000099800
Start evaluating ...
  Columns 1 through 7

    0.0832    0.1011    0.1085    0.1131    0.1164    0.1186    0.1195

  Columns 8 through 10

    0.1208    0.1214    0.1226

    0.0195

Elapsed time is 18776.450458 seconds.
