nohup: ignoring input

                            < M A T L A B (R) >
                  Copyright 1984-2016 The MathWorks, Inc.
                   R2016a (9.0.0.341360) 64-bit (glnxa64)
                             February 11, 2016

 
To get started, type one of these: helpwin, helpdesk, or demo.
For product information, visit www.mathworks.com.
 

	Academic License

Start learning ...
Init data [Dtype: delicious - Dspec: sp3/1050]
Init social model
Using adagrad ...
Could not use CUDA
Params [lbd-U: 1.0000|lbd-V: 0.1000|lbd-N: 1.0000|lbd-Q: 0.1000]
Staring Sample 3 - Loc: save/ctr/delicious-alg80-sp3-cold20170225114426893 
CTR(chongwang) Running ...

iter time likelihood:[r:u:v] converge
0001 000100 -4397.00000:[0.00000:0.00000:-0.00000] 1.0000000000
0002 000198 -3799.35823:[1329.77129:-72.91167:-319.19919] 0.1359203483
0003 000293 -1303.56609:[7288.45900:-551.43910:-397.73133] 0.6568983463
0004 000401 -1271.46816:[7267.20988:-508.42461:-427.16237] 0.0246231724
0005 000505 -1266.13332:[7229.73808:-484.41780:-441.75714] 0.0041958095
0006 000605 -1263.86506:[7209.89688:-472.39411:-449.33692] 0.0017914868
0007 000699 -1262.45223:[7199.57331:-466.02404:-453.22756] 0.0011178672
0008 000788 -1261.37829:[7194.32220:-462.53847:-455.15963] 0.0008506732
0009 000880 -1260.49870:[7191.76214:-460.58473:-456.05493] 0.0006973270
0010 000968 -1259.76231:[7190.61876:-459.46568:-456.40775] 0.0005842025
0011 001067 -1259.14287:[7190.20926:-458.81021:-456.48362] 0.0004917129
0012 001156 -1258.62160:[7190.16835:-458.41649:-456.42469] 0.0004139898
0013 001241 -1258.18295:[7190.30168:-458.17301:-456.30637] 0.0003485162
0014 001335 -1257.81375:[7190.50707:-458.01732:-456.16801] 0.0002934393
0015 001424 -1257.50292:[7190.73195:-457.91403:-456.02959] 0.0002471165
0016 001513 -1257.24123:[7190.95043:-457.84281:-455.90063] 0.0002081030
0017 001605 -1257.02100:[7191.15082:-457.79186:-455.78512] 0.0001751687
0018 001693 -1256.83585:[7191.32887:-457.75418:-455.68414] 0.0001472906
0019 001779 -1256.68047:[7191.48411:-457.72556:-455.59734] 0.0001236285
0020 001865 -1256.55041:[7191.61788:-457.70340:-455.52367] 0.0001034958
0021 001952 -1256.44193:[7191.73225:-457.68604:-455.46181] 0.0000863321
0022 002036 -1256.35187:[7191.82951:-457.67238:-455.41039] 0.0000716782
0023 002123 -1256.27755:[7191.91191:-457.66165:-455.36811] 0.0000591545
0024 002206 -1256.21669:[7191.98147:-457.65330:-455.33375] 0.0000484462
0025 002288 -1256.16733:[7192.04004:-457.64691:-455.30623] 0.0000392913
0026 002367 -1256.12780:[7192.08919:-457.64216:-455.28459] 0.0000314734
0027 002450 -1256.09663:[7192.13032:-457.63877:-455.26796] 0.0000248127
0028 002529 -1256.07257:[7192.16463:-457.63653:-455.25558] 0.0000191576
0029 002610 -1256.05451:[7192.19315:-457.63524:-455.24679] 0.0000143787
0030 002692 -1256.04149:[7192.21678:-457.63473:-455.24100] 0.0000103657
0031 002771 -1256.03266:[7192.23629:-457.63488:-455.23769] 0.0000070237
Start evaluating ...
  Columns 1 through 7

    0.0093    0.0093    0.0094    0.0101    0.0107    0.0110    0.0110

  Columns 8 through 10

    0.0110    0.0112    0.0112

    0.0036

Elapsed time is 2874.871268 seconds.
