nohup: ignoring input

                            < M A T L A B (R) >
                  Copyright 1984-2016 The MathWorks, Inc.
                   R2016a (9.0.0.341360) 64-bit (glnxa64)
                             February 11, 2016

 
To get started, type one of these: helpwin, helpdesk, or demo.
For product information, visit www.mathworks.com.
 

	Academic License

Start learning ...
Init data [Dtype: delicious - Dspec: sp3/2550]
Init social model
Using adagrad ...
Load pretrained shallow-model...
Params [lbd-U: 0.0100|lbd-V: 100.0000|lbd-N: 0.0100|lbd-Q: 0.0500]
Staring Sample 3 - Loc: save/bcdl/delicious-alg61-sp3-cold20170226125817568 
CTR(chongwang)-DAE(User graph) Running - Walks(1)...
-1/200: 11557.938870/7200.129059/4357.809811/1.000000000
-2/200: 12350.290544/8000.656529/4349.634015/0.068554756
-3/200: 11954.313733/7605.362774/4348.950959/0.032062145
-4/200: 11518.105240/7169.319930/4348.785310/0.036489631
-5/200: 11228.652091/6880.139500/4348.512591/0.025130275
-6/200: 11037.275756/6688.926844/4348.348912/0.017043572
-7/200: 10911.764465/6563.355078/4348.409387/0.011371582
-8/200: 10830.330209/6482.054251/4348.275958/0.007462978
-9/200: 10778.356971/6430.304954/4348.052017/0.004798860
-10/200: 10746.115939/6398.173527/4347.942412/0.002991275
-11/200: 10726.872971/6379.153145/4347.719826/0.001790691
-12/200: 10716.503119/6369.043338/4347.459781/0.000966717
-13/200: 10712.543315/6365.131010/4347.412305/0.000369505
-14/200: 10712.947084/6365.644685/4347.302399/0.000037691
-15/200: 10716.441357/6369.405399/4347.035958/0.000326173
-16/200: 10722.495438/6375.598394/4346.897044/0.000564934
-17/200: 10730.464220/6383.648497/4346.815723/0.000743184
-18/200: 10739.922549/6393.133927/4346.788622/0.000881446
-19/200: 10750.257368/6403.736101/4346.521267/0.000962281
-20/200: 10761.595006/6415.198600/4346.396406/0.001054639
-21/200: 10773.421990/6427.315939/4346.106051/0.001098999
-22/200: 10785.998241/6439.909255/4346.088986/0.001167340
-23/200: 10798.775405/6452.822291/4345.953114/0.001184606
-24/200: 10811.769123/6465.916975/4345.852148/0.001203258
-25/200: 10824.661927/6479.073628/4345.588299/0.001192479
-26/200: 10837.566280/6492.180766/4345.385514/0.001192125
-27/200: 10850.361050/6505.141509/4345.219541/0.001180594
-28/200: 10863.109587/6517.868753/4345.240834/0.001174941
-29/200: 10875.373216/6530.284621/4345.088595/0.001128924
-30/200: 10887.132090/6542.323135/4344.808955/0.001081239
-31/200: 10898.657753/6553.924134/4344.733619/0.001058650
-32/200: 10909.635168/6565.036316/4344.598852/0.001007226
-33/200: 10919.873302/6575.617160/4344.256142/0.000938449
-34/200: 10929.890806/6585.630727/4344.260079/0.000917364
-35/200: 10939.033983/6595.052774/4343.981209/0.000836530
-36/200: 10947.815337/6603.866210/4343.949127/0.000802754
-37/200: 10955.849956/6612.062544/4343.787412/0.000733902
-38/200: 10963.235203/6619.635949/4343.599254/0.000674092
-39/200: 10970.082370/6626.589754/4343.492616/0.000624557
-40/200: 10976.219325/6632.929423/4343.289902/0.000559426
-41/200: 10981.935350/6638.665259/4343.270091/0.000520764
-42/200: 10986.915978/6643.811088/4343.104890/0.000453529
-43/200: 10991.356405/6648.385171/4342.971234/0.000404156
-44/200: 10995.261011/6652.406410/4342.854601/0.000355243
-45/200: 10998.591372/6655.900606/4342.690766/0.000302891
-46/200: 11001.392678/6658.891614/4342.501064/0.000254697
-47/200: 11003.859946/6661.409397/4342.450549/0.000224269
-48/200: 11005.722005/6663.485073/4342.236932/0.000169219
-49/200: 11007.207274/6665.151451/4342.055823/0.000134954
-50/200: 11008.319412/6666.441607/4341.877805/0.000101037
-51/200: 11009.174710/6667.390360/4341.784350/0.000077696
-52/200: 11009.794769/6668.030618/4341.764151/0.000056322
-53/200: 11009.869261/6668.399257/4341.470004/0.000006766
-54/200: 11009.877549/6668.532178/4341.345371/0.000000753
-55/200: 11009.749516/6668.463987/4341.285529/0.000011629
-56/200: 11009.344276/6668.229101/4341.115175/0.000036807
-57/200: 11008.811457/6667.858883/4340.952574/0.000048397
-58/200: 11008.126711/6667.380914/4340.745797/0.000062200
-59/200: 11007.434237/6666.819994/4340.614243/0.000062906
-60/200: 11006.799082/6666.195251/4340.603831/0.000057702
-61/200: 11005.865644/6665.523720/4340.341924/0.000084806
-62/200: 11005.214310/6664.820150/4340.394160/0.000059181
-63/200: 11004.244634/6664.095265/4340.149369/0.000088111
-64/200: 11003.548129/6663.359589/4340.188540/0.000063294
-65/200: 11002.469416/6662.621024/4339.848392/0.000098033
-66/200: 11001.577967/6661.885468/4339.692499/0.000081023
-67/200: 11000.656011/6661.159550/4339.496461/0.000083802
-68/200: 10999.761036/6660.445787/4339.315249/0.000081357
-69/200: 10998.992930/6659.747801/4339.245129/0.000069829
-70/200: 10998.209138/6659.067646/4339.141492/0.000071260
-71/200: 10997.389099/6658.406272/4338.982827/0.000074561
-72/200: 10996.692584/6657.762570/4338.930014/0.000063335
-73/200: 10995.933226/6657.138227/4338.794999/0.000069053
-74/200: 10995.155111/6656.531064/4338.624047/0.000070764
-75/200: 10994.356044/6655.941139/4338.414905/0.000072674
-76/200: 10993.726283/6655.366763/4338.359520/0.000057280
-77/200: 10993.002856/6654.808378/4338.194478/0.000065804
-78/200: 10992.492517/6654.262967/4338.229550/0.000046424
-79/200: 10991.716359/6653.731688/4337.984671/0.000070608
-80/200: 10990.973368/6653.213162/4337.760206/0.000067595
-81/200: 10990.408554/6652.706013/4337.702541/0.000051389
-82/200: 10989.764952/6652.210958/4337.553994/0.000058560
-83/200: 10989.031012/6651.726237/4337.304775/0.000066784
-84/200: 10988.411819/6651.252089/4337.159730/0.000056346
-85/200: 10987.880294/6650.787403/4337.092891/0.000048371
-86/200: 10987.320628/6650.332363/4336.988265/0.000050935
-87/200: 10986.714190/6649.885460/4336.828730/0.000055194
-88/200: 10986.183744/6649.447508/4336.736236/0.000048281
-89/200: 10985.656054/6649.017745/4336.638309/0.000048032
-90/200: 10985.111512/6648.595148/4336.516364/0.000049568
-91/200: 10984.667973/6648.179709/4336.488264/0.000040376
-92/200: 10983.989048/6647.771474/4336.217574/0.000061807
-93/200: 10983.397017/6647.369973/4336.027044/0.000053899
-94/200: 10983.105054/6646.975193/4336.129861/0.000026582
-95/200: 10982.442085/6646.586866/4335.855219/0.000060363
-96/200: 10981.886854/6646.203906/4335.682948/0.000050556
-97/200: 10981.403321/6645.827512/4335.575809/0.000044030
-98/200: 10980.936757/6645.456350/4335.480407/0.000042487
-99/200: 10980.465269/6645.090799/4335.374470/0.000042937
Recall at EP-100 ...
  Columns 1 through 7

    0.0804    0.0965    0.1030    0.1064    0.1092    0.1106    0.1120

  Columns 8 through 10

    0.1128    0.1137    0.1143

Mrr at EP-100 ...
    0.0154

-100/200: 10979.803652/6644.729939/4335.073713/0.000060254
-101/200: 10979.526716/6644.373918/4335.152798/0.000025222
-102/200: 10979.271943/6644.373918/4334.898025/0.000023204
-103/200: 10979.184376/6644.373918/4334.810458/0.000007976
-104/200: 10979.063153/6644.373918/4334.689235/0.000011041
-105/200: 10978.975677/6644.373918/4334.601759/0.000007968
-106/200: 10978.756902/6644.373918/4334.382984/0.000019927
-107/200: 10978.573528/6644.373918/4334.199610/0.000016703
-108/200: 10978.693638/6644.373918/4334.319720/0.000010940
-109/200: 10978.472017/6644.373918/4334.098099/0.000020186
/bin/bash: fork: retry: No child processes
/bin/bash: fork: retry: No child processes
/bin/bash: fork: retry: No child processes
/bin/bash: fork: retry: No child processes
/bin/bash: fork: Resource temporarily unavailable
-export LD_LIBRARY_PATH=../gsldump/lib && ctr-part-bcdl/ctr --theta_opt --mult data/delicious/ctr-data/mult.dat --theta_init save/bcdl/delicious-alg61-sp3-cold20170226125817568/final-theta.dat --beta_init save/bcdl/delicious-alg61-sp3-cold20170226125817568/final-beta.dat --directory save/bcdl/delicious-alg61-sp3-cold20170226125817568 --user data/delicious/coldstart/ctr-data/sp3/2550/train-users.dat --item data/delicious/coldstart/ctr-data/sp3/2550/train-items.dat --max_iter 1 --num_factors 200 --lambda_v 100.000000 --lambda_u 0.010000 --save_lag 100 --random_seed 123 --delta_init save/bcdl/delicious-alg61-sp3-cold20170226125817568/final-delta.dat >> save/bcdl/delicious-alg61-sp3-cold20170226125817568/ctr-log: Signal 126
110/200: 10978.200956/6644.373918/4333.827038/0.000024690
-111/200: 10977.996985/6644.373918/4333.623067/0.000018580
-112/200: 10977.967049/6644.373918/4333.593131/0.000002727
-113/200: 10977.818856/6644.373918/4333.444938/0.000013499
-114/200: 10977.652490/6644.373918/4333.278572/0.000015155
-115/200: 10977.444686/6644.373918/4333.070768/0.000018930
-116/200: 10973.636329/6640.553904/4333.082425/0.000346926
-117/200: 10973.145137/6640.227383/4332.917754/0.000044761
-118/200: 10972.650399/6639.904179/4332.746220/0.000045086
-119/200: 10972.187144/6639.586070/4332.601074/0.000042219
-120/200: 10971.887605/6639.270802/4332.616803/0.000027300
-121/200: 10971.518593/6638.959233/4332.559360/0.000033633
-122/200: 10971.042495/6638.650852/4332.391643/0.000043394
-123/200: 10970.416274/6638.346856/4332.069418/0.000057079
-124/200: 10970.237631/6638.046423/4332.191208/0.000016284
-125/200: 10969.685200/6637.748876/4331.936324/0.000050357
-126/200: 10969.242169/6637.454024/4331.788145/0.000040387
-127/200: 10968.761238/6637.163537/4331.597701/0.000043844
-128/200: 10968.297785/6636.875656/4331.422129/0.000042252
-129/200: 10968.181020/6636.589648/4331.591372/0.000010646
-130/200: 10967.674271/6636.307002/4331.367269/0.000046202
-131/200: 10967.112068/6636.027442/4331.084626/0.000051260
-132/200: 10966.641743/6635.750488/4330.891255/0.000042885
-133/200: 10966.195297/6635.476870/4330.718427/0.000040709
-134/200: 10965.957176/6635.204967/4330.752209/0.000021714
-135/200: 10965.598206/6634.935853/4330.662353/0.000032735
-136/200: 10965.173241/6634.668713/4330.504528/0.000038754
-137/200: 10964.773451/6634.404382/4330.369069/0.000036460
-138/200: 10964.415454/6634.142201/4330.273253/0.000032650
-139/200: 10964.068954/6633.882120/4330.186834/0.000031602
-140/200: 10963.640376/6633.624251/4330.016125/0.000039089
-141/200: 10963.048875/6633.369073/4329.679802/0.000053951
-142/200: 10962.895956/6633.115365/4329.780591/0.000013949
-143/200: 10962.329779/6632.864257/4329.465522/0.000051645
-144/200: 10962.155978/6632.614300/4329.541678/0.000015854
-145/200: 10961.679677/6632.367449/4329.312228/0.000043450
-146/200: 10961.463722/6632.121358/4329.342364/0.000019701
-147/200: 10961.033282/6631.877203/4329.156079/0.000039269
-148/200: 10960.710781/6631.635460/4329.075321/0.000029422
-149/200: 10960.298838/6631.394990/4328.903848/0.000037584
-150/200: 10959.826096/6631.156609/4328.669487/0.000043132
-151/200: 10959.556326/6630.920203/4328.636123/0.000024614
-152/200: 10959.163227/6630.685464/4328.477763/0.000035868
-153/200: 10958.924650/6630.452573/4328.472077/0.000021770
-154/200: 10958.563845/6630.220001/4328.343844/0.000032923
-155/200: 10958.016478/6629.989938/4328.026540/0.000049949
-156/200: 10957.639867/6629.761605/4327.878262/0.000034368
-157/200: 10957.406856/6629.534757/4327.872099/0.000021265
-158/200: 10957.125688/6629.309468/4327.816220/0.000025660
-159/200: 10956.642126/6629.086138/4327.555988/0.000044132
-160/200: 10956.192392/6628.863693/4327.328699/0.000041047
-161/200: 10956.041581/6628.643175/4327.398406/0.000013765
-162/200: 10955.752469/6628.423473/4327.328996/0.000026388
-163/200: 10955.318788/6628.204802/4327.113986/0.000039585
-164/200: 10954.752670/6627.987981/4326.764689/0.000051675
-165/200: 10954.591298/6627.772443/4326.818855/0.000014731
-166/200: 10954.194481/6627.557882/4326.636599/0.000036224
-167/200: 10953.985882/6627.343828/4326.642054/0.000019043
-168/200: 10953.719098/6627.131789/4326.587309/0.000024355
-169/200: 10953.228203/6626.920956/4326.307247/0.000044815
-170/200: 10952.892113/6626.711357/4326.180756/0.000030684
-171/200: 10952.412918/6626.502650/4325.910268/0.000043751
-172/200: 10952.407850/6626.295637/4326.112213/0.000000463
-173/200: 10951.915516/6626.089106/4325.826410/0.000044952
-174/200: 10951.494003/6625.884927/4325.609076/0.000038488
-175/200: 10951.378361/6625.680894/4325.697467/0.000010559
-176/200: 10950.795015/6625.478370/4325.316645/0.000053267
-177/200: 10950.587914/6625.276400/4325.311514/0.000018912
-178/200: 10950.375870/6625.075813/4325.300057/0.000019364
-179/200: 10949.927903/6624.875797/4325.052106/0.000040909
-180/200: 10949.575969/6624.677257/4324.898712/0.000032140
-181/200: 10949.207276/6624.480331/4324.726945/0.000033672
-182/200: 10949.103312/6624.283020/4324.820292/0.000009495
-183/200: 10948.508457/6624.087755/4324.420702/0.000054329
-184/200: 10948.134805/6623.893531/4324.241274/0.000034128
-185/200: 10948.040471/6623.699343/4324.341128/0.000008616
-186/200: 10947.558479/6623.507024/4324.051455/0.000044025
-187/200: 10947.488118/6623.314982/4324.173136/0.000006427
-188/200: 10947.105575/6623.125004/4323.980571/0.000034944
-189/200: 10946.748957/6622.935051/4323.813906/0.000032576
-190/200: 10946.459921/6622.745718/4323.714203/0.000026404
-191/200: 10946.092923/6622.557731/4323.535192/0.000033527
-192/200: 10945.866489/6622.370603/4323.495886/0.000020686
-193/200: 10945.542878/6622.183777/4323.359101/0.000029565
-194/200: 10945.090875/6621.998646/4323.092229/0.000041296
-195/200: 10944.749974/6621.814613/4322.935361/0.000031146
-196/200: 10944.582139/6621.630490/4322.951649/0.000015335
-197/200: 10944.338757/6621.446857/4322.891900/0.000022238
-198/200: 10944.162466/6621.264713/4322.897753/0.000016108
-199/200: 10943.776443/6621.083260/4322.693183/0.000035272
-200/200: 10943.274671/6620.888030/4322.386641/0.000045850
Start evaluating ...
  Columns 1 through 7

    0.0805    0.0968    0.1044    0.1080    0.1103    0.1119    0.1135

  Columns 8 through 10

    0.1142    0.1152    0.1157

    0.0156

Elapsed time is 34161.807205 seconds.
