nohup: ignoring input

                            < M A T L A B (R) >
                  Copyright 1984-2016 The MathWorks, Inc.
                   R2016a (9.0.0.341360) 64-bit (glnxa64)
                             February 11, 2016

 
To get started, type one of these: helpwin, helpdesk, or demo.
For product information, visit www.mathworks.com.
 

	Academic License

Start learning ...
Init data [Dtype: delicious - Dspec: sp3/0550]
Init social model
Using adagrad ...
Load pretrained shallow-model...
Params [lbd-U: 0.0100|lbd-V: 0.0100|lbd-N: 0.0100|lbd-Q: 0.1000]
Staring Sample 3 - Loc: save/bcdl/delicious-alg61-sp3-cold20170224210011794 
CTR(chongwang)-DAE(User graph) Running - Walks(1)...
-1/200: 4898.573763/540.763952/4357.809811/1.000000000
-2/200: 4685.326501/335.686117/4349.640384/0.043532520
-3/200: 4660.500021/309.035852/4351.464169/0.005298773
-4/200: 4642.370501/290.598899/4351.771602/0.003890037
-5/200: 4627.990411/276.322112/4351.668299/0.003097575
-6/200: 4616.596249/264.920848/4351.675401/0.002462011
-7/200: 4607.498173/255.600446/4351.897727/0.001970732
-8/200: 4599.781261/247.838642/4351.942619/0.001674859
-9/200: 4593.189595/241.276409/4351.913186/0.001433039
-10/200: 4587.600063/235.658189/4351.941874/0.001216917
-11/200: 4582.677885/230.796804/4351.881081/0.001072931
-12/200: 4578.367950/226.551891/4351.816059/0.000940484
-13/200: 4574.752785/222.815980/4351.936805/0.000789619
-14/200: 4571.498820/219.505329/4351.993491/0.000711288
-15/200: 4568.466355/216.553678/4351.912677/0.000663342
-16/200: 4565.826398/213.907950/4351.918448/0.000577865
-17/200: 4563.537291/211.524988/4352.012303/0.000501357
-18/200: 4561.514603/209.369460/4352.145143/0.000443228
-19/200: 4559.470127/207.412077/4352.058050/0.000448201
-20/200: 4557.726189/205.628403/4352.097786/0.000382487
-21/200: 4555.972275/203.997815/4351.974460/0.000384822
-22/200: 4554.635212/202.502821/4352.132391/0.000293475
-23/200: 4553.302290/201.128500/4352.173790/0.000292652
-24/200: 4552.107551/199.862017/4352.245534/0.000262389
-25/200: 4550.832073/198.692282/4352.139791/0.000280195
-26/200: 4549.767648/197.609682/4352.157966/0.000233897
-27/200: 4548.717163/196.605794/4352.111369/0.000230888
-28/200: 4547.986303/195.673215/4352.313088/0.000160674
-29/200: 4547.104558/194.805483/4352.299075/0.000193876
-30/200: 4546.232983/193.996862/4352.236121/0.000191677
-31/200: 4545.484736/193.242199/4352.242537/0.000164586
-32/200: 4544.855230/192.536998/4352.318232/0.000138490
-33/200: 4543.970815/191.877171/4352.093644/0.000194597
-34/200: 4543.574537/191.259104/4352.315433/0.000087210
-35/200: 4542.822236/190.679501/4352.142735/0.000165575
-36/200: 4542.422486/190.135423/4352.287063/0.000087996
-37/200: 4541.941073/189.624197/4352.316876/0.000105981
-38/200: 4541.415037/189.143392/4352.271645/0.000115818
-39/200: 4541.030260/188.690818/4352.339442/0.000084726
-40/200: 4540.562875/188.264493/4352.298382/0.000102925
-41/200: 4540.299336/187.862579/4352.436757/0.000058041
-42/200: 4539.939956/187.483397/4352.456559/0.000079153
-43/200: 4539.556517/187.125426/4352.431091/0.000084459
-44/200: 4539.236288/186.787255/4352.449033/0.000070542
-45/200: 4538.891948/186.467615/4352.424333/0.000075859
-46/200: 4538.596168/186.165307/4352.430861/0.000065166
-47/200: 4538.379818/185.879221/4352.500597/0.000047669
-48/200: 4538.095118/185.608377/4352.486741/0.000062732
-49/200: 4537.742520/185.351812/4352.390708/0.000077698
-50/200: 4537.548786/185.108674/4352.440112/0.000042694
-51/200: 4537.320811/184.878156/4352.442655/0.000050242
-52/200: 4537.250043/184.659499/4352.590544/0.000015597
-53/200: 4536.901020/184.452036/4352.448984/0.000076924
-54/200: 4536.776410/184.255116/4352.521294/0.000027466
-55/200: 4536.585978/184.068115/4352.517863/0.000041975
-56/200: 4536.406289/183.890488/4352.515801/0.000039609
-57/200: 4536.276504/183.721722/4352.554782/0.000028610
-58/200: 4536.165864/183.561313/4352.604551/0.000024390
-59/200: 4535.994025/183.408811/4352.585214/0.000037882
-60/200: 4535.863368/183.263763/4352.599605/0.000028805
-61/200: 4535.646693/183.125784/4352.520909/0.000047769
-62/200: 4535.655450/182.994512/4352.660938/0.000001931
-63/200: 4535.463907/182.869569/4352.594338/0.000042230
-64/200: 4535.483898/182.750647/4352.733251/0.000004408
-65/200: 4535.380062/182.637414/4352.742648/0.000022894
-66/200: 4535.261709/182.529577/4352.732132/0.000026095
-67/200: 4535.053461/182.426868/4352.626593/0.000045917
-68/200: 4534.975440/182.329013/4352.646427/0.000017204
-69/200: 4534.907535/182.235772/4352.671763/0.000014974
-70/200: 4534.816270/182.146908/4352.669362/0.000020125
-71/200: 4534.832580/182.062216/4352.770364/0.000003597
-72/200: 4534.694424/181.981479/4352.712945/0.000030465
-73/200: 4534.717494/181.904507/4352.812987/0.000005088
-74/200: 4534.603211/181.831108/4352.772103/0.000025202
-75/200: 4534.499751/181.761108/4352.738643/0.000022816
-76/200: 4534.543509/181.694340/4352.849169/0.000009650
-77/200: 4534.491317/181.630655/4352.860662/0.000011510
-78/200: 4534.441068/181.569887/4352.871181/0.000011082
-79/200: 4534.274662/181.511922/4352.762740/0.000036698
-80/200: 4534.235192/181.456607/4352.778585/0.000008705
-81/200: 4534.243510/181.403814/4352.839696/0.000001834
-82/200: 4534.266733/181.353445/4352.913288/0.000005122
-83/200: 4534.151300/181.305366/4352.845934/0.000025458
-84/200: 4534.092948/181.259463/4352.833485/0.000012869
-85/200: 4534.118718/181.215658/4352.903060/0.000005684
-86/200: 4534.081038/181.173828/4352.907210/0.000008310
-87/200: 4534.054315/181.133901/4352.920414/0.000005894
-88/200: 4534.060250/181.095786/4352.964464/0.000001309
-89/200: 4533.988451/181.059383/4352.929068/0.000015835
-90/200: 4533.988784/181.024619/4352.964165/0.000000073
-91/200: 4533.954266/180.991418/4352.962848/0.000007613
-92/200: 4533.949977/180.959723/4352.990254/0.000000946
-93/200: 4533.902970/180.929444/4352.973526/0.000010368
-94/200: 4533.952074/180.900526/4353.051548/0.000010830
-95/200: 4533.901802/180.872904/4353.028898/0.000011088
-96/200: 4533.826445/180.846536/4352.979909/0.000016621
-97/200: 4533.860202/180.821344/4353.038858/0.000007446
-98/200: 4533.865053/180.797278/4353.067775/0.000001070
-99/200: 4533.853328/180.774289/4353.079039/0.000002586
Recall at EP-100 ...
  Columns 1 through 7

    0.0150    0.0238    0.0308    0.0358    0.0407    0.0444    0.0484

  Columns 8 through 10

    0.0522    0.0554    0.0584

Mrr at EP-100 ...
    0.0041

-100/200: 4533.803942/180.752330/4353.051612/0.000010893
-101/200: 4533.765511/180.731343/4353.034168/0.000008477
-102/200: 4533.788632/180.711304/4353.077328/0.000005100
-103/200: 4533.838269/180.692159/4353.146110/0.000010948
-104/200: 4533.757407/180.673862/4353.083545/0.000017835
-105/200: 4533.794809/180.656390/4353.138419/0.000008250
-106/200: 4533.738296/180.639696/4353.098600/0.000012465
-107/200: 4533.763656/180.623751/4353.139905/0.000005594
-108/200: 4533.799427/180.608513/4353.190914/0.000007890
-109/200: 4533.737684/180.593954/4353.143730/0.000013618
-110/200: 4533.715810/180.580046/4353.135764/0.000004825
-111/200: 4533.787917/180.566773/4353.221144/0.000015905
-112/200: 4533.764878/180.554087/4353.210791/0.000005082
-113/200: 4533.731914/180.541968/4353.189946/0.000007271
-114/200: 4533.705035/180.530389/4353.174646/0.000005929
-115/200: 4533.731393/180.519332/4353.212061/0.000005814
-116/200: 4533.711602/180.508766/4353.202836/0.000004365
-117/200: 4533.756971/180.498675/4353.258296/0.000010007
-118/200: 4533.735963/180.489035/4353.246928/0.000004634
-119/200: 4533.775720/180.479827/4353.295893/0.000008769
-120/200: 4533.748603/180.471022/4353.277581/0.000005981
-121/200: 4533.778071/180.462613/4353.315458/0.000006500
-122/200: 4533.779863/180.454578/4353.325285/0.000000395
-123/200: 4533.744409/180.446913/4353.297496/0.000007820
-124/200: 4533.751634/180.439584/4353.312050/0.000001593
-125/200: 4533.765224/180.432592/4353.332632/0.000002998
-126/200: 4533.762056/180.425914/4353.336142/0.000000699
-127/200: 4533.746113/180.419541/4353.326572/0.000003517
-128/200: 4533.748950/180.413455/4353.335495/0.000000626
-129/200: 4533.744170/180.407633/4353.336537/0.000001054
-130/200: 4533.808089/180.402078/4353.406011/0.000014098
-131/200: 4533.743667/180.396776/4353.346891/0.000014209
-132/200: 4533.804989/180.391715/4353.413274/0.000013526
-133/200: 4533.802279/180.386893/4353.415386/0.000000598
-134/200: 4533.851507/180.382278/4353.469229/0.000010858
-135/200: 4533.766542/180.377872/4353.388670/0.000018740
-136/200: 4533.794835/180.373665/4353.421170/0.000006240
-137/200: 4533.845422/180.369655/4353.475767/0.000011158
-138/200: 4533.834816/180.365823/4353.468993/0.000002339
-139/200: 4533.815463/180.362163/4353.453300/0.000004268
-140/200: 4533.852392/180.358682/4353.493710/0.000008145
-141/200: 4533.859669/180.355363/4353.504306/0.000001605
-142/200: 4533.828308/180.352185/4353.476123/0.000006917
-143/200: 4533.853637/180.349161/4353.504476/0.000005587
-144/200: 4533.875494/180.346275/4353.529219/0.000004821
-145/200: 4533.891060/180.343523/4353.547537/0.000003433
-146/200: 4533.882680/180.340895/4353.541785/0.000001848
-147/200: 4533.896983/180.338394/4353.558589/0.000003155
-148/200: 4533.867464/180.336003/4353.531461/0.000006511
-149/200: 4533.901919/180.333726/4353.568193/0.000007600
-150/200: 4533.918433/180.331559/4353.586874/0.000003642
-151/200: 4533.924140/180.329498/4353.594642/0.000001259
-152/200: 4533.914799/180.327530/4353.587269/0.000002060
-153/200: 4533.926742/180.325652/4353.601090/0.000002634
-154/200: 4533.942522/180.323864/4353.618658/0.000003480
-155/200: 4533.934776/180.322166/4353.612610/0.000001708
-156/200: 4533.944915/180.320547/4353.624368/0.000002236
-157/200: 4533.994150/180.319007/4353.675143/0.000010859
-158/200: 4533.981344/180.317538/4353.663806/0.000002824
-159/200: 4533.999026/180.316145/4353.682881/0.000003900
-160/200: 4534.003380/180.314819/4353.688561/0.000000960
-161/200: 4533.966477/180.313554/4353.652923/0.000008139
-162/200: 4533.991173/180.312355/4353.678818/0.000005447
-163/200: 4534.044173/180.311213/4353.732960/0.000011689
-164/200: 4533.999363/180.310131/4353.689232/0.000009883
-165/200: 4534.057234/180.309101/4353.748133/0.000012764
-166/200: 4534.038237/180.308122/4353.730115/0.000004190
-167/200: 4534.037608/180.307188/4353.730420/0.000000139
-168/200: 4534.067198/180.306305/4353.760893/0.000006526
-169/200: 4534.061786/180.305468/4353.756318/0.000001194
-170/200: 4534.072402/180.304675/4353.767727/0.000002342
-171/200: 4534.077625/180.303926/4353.773699/0.000001152
-172/200: 4534.105961/180.303209/4353.802752/0.000006249
-173/200: 4534.077411/180.302538/4353.774873/0.000006297
-174/200: 4534.151880/180.301902/4353.849978/0.000016424
-175/200: 4534.098941/180.301292/4353.797649/0.000011676
-176/200: 4534.151514/180.300727/4353.850787/0.000011595
-177/200: 4534.166287/180.300194/4353.866093/0.000003258
-178/200: 4534.152472/180.299683/4353.852789/0.000003047
-179/200: 4534.163732/180.299202/4353.864530/0.000002483
-180/200: 4534.136824/180.298746/4353.838078/0.000005934
-181/200: 4534.195362/180.298324/4353.897038/0.000012910
-182/200: 4534.185148/180.297919/4353.887229/0.000002253
-183/200: 4534.209153/180.297544/4353.911609/0.000005294
-184/200: 4534.219919/180.297190/4353.922729/0.000002375
-185/200: 4534.240020/180.296855/4353.943165/0.000004433
-186/200: 4534.226092/180.296547/4353.929545/0.000003072
-187/200: 4534.226853/180.296253/4353.930600/0.000000168
-188/200: 4534.257001/180.295978/4353.961023/0.000006649
-189/200: 4534.268073/180.295722/4353.972351/0.000002442
-190/200: 4534.270487/180.295487/4353.975000/0.000000532
-191/200: 4534.283584/180.295268/4353.988316/0.000002888
-192/200: 4534.305195/180.295062/4354.010133/0.000004766
-193/200: 4534.298149/180.294870/4354.003279/0.000001554
-194/200: 4534.294401/180.294693/4353.999708/0.000000827
-195/200: 4534.327098/180.294530/4354.032568/0.000007211
-196/200: 4534.310506/180.294376/4354.016130/0.000003659
-197/200: 4534.318867/180.294231/4354.024636/0.000001844
-198/200: 4534.301695/180.294098/4354.007597/0.000003787
-199/200: 4534.361671/180.293977/4354.067694/0.000013227
-200/200: 4534.336695/180.293598/4354.043097/0.000005508
Start evaluating ...
  Columns 1 through 7

    0.0150    0.0237    0.0305    0.0362    0.0409    0.0450    0.0490

  Columns 8 through 10

    0.0528    0.0556    0.0588

    0.0041

Elapsed time is 17675.839406 seconds.
