nohup: ignoring input

                            < M A T L A B (R) >
                  Copyright 1984-2016 The MathWorks, Inc.
                   R2016a (9.0.0.341360) 64-bit (glnxa64)
                             February 11, 2016

 
To get started, type one of these: helpwin, helpdesk, or demo.
For product information, visit www.mathworks.com.
 

	Academic License

Start learning ...
Init data [Dtype: delicious - Dspec: sp3/5050]
Init social model
Using adagrad ...
Load pretrained shallow-model...
Could not use CUDA
Params [lbd-U: 10.0000|lbd-V: 100.0000|lbd-N: 10.0000|lbd-Q: 0.0100]
Staring Sample 3 - Loc: save/bcdl/delicious-alg61-sp3-cold20170227105048786 
CTR(chongwang)-DAE(User graph) Running - Walks(1)...
-1/200: 4393064.641116/35254.830579/4357809.810537/1.000000000
-2/200: 4383157.036305/31535.179139/4351621.857166/0.002255283
-3/200: 4383343.347302/31531.063328/4351812.283974/0.000042506
-4/200: 4383401.555661/31550.814938/4351850.740723/0.000013279
-5/200: 4383309.871163/31569.735889/4351740.135274/0.000020916
-6/200: 4383332.638382/31587.122671/4351745.515711/0.000005194
-7/200: 4383570.833959/31603.262365/4351967.571594/0.000054341
-8/200: 4383632.432733/31618.552290/4352013.880443/0.000014052
-9/200: 4383612.256567/31633.232840/4351979.023727/0.000004603
-10/200: 4383661.690108/31646.901974/4352014.788134/0.000011277
-11/200: 4383603.391541/31659.933293/4351943.458248/0.000013299
-12/200: 4383552.626267/31672.569968/4351880.056299/0.000011581
-13/200: 4383685.979232/31684.653752/4352001.325480/0.000030421
-14/200: 4383757.763310/31696.303330/4352061.459980/0.000016375
-15/200: 4383682.123759/31707.746324/4351974.377435/0.000017255
-16/200: 4383701.357620/31718.712409/4351982.645211/0.000004388
-17/200: 4383793.539695/31729.243125/4352064.296570/0.000021028
-18/200: 4383944.042185/31739.397432/4352204.644753/0.000034332
-19/200: 4383859.428164/31749.419006/4352110.009158/0.000019301
-20/200: 4383906.889269/31759.076683/4352147.812586/0.000010826
-21/200: 4383793.326017/31768.632859/4352024.693158/0.000025905
-22/200: 4383953.478551/31777.943156/4352175.535395/0.000036533
-23/200: 4384013.760975/31787.077844/4352226.683131/0.000013751
-24/200: 4384087.950071/31795.956084/4352291.993987/0.000016923
-25/200: 4383986.072810/31804.749244/4352181.323566/0.000023238
-26/200: 4384008.828743/31813.412366/4352195.416377/0.000005191
-27/200: 4383967.802522/31821.845048/4352145.957474/0.000009358
-28/200: 4384183.709960/31830.065294/4352353.644666/0.000049249
-29/200: 4384170.242721/31838.149538/4352332.093183/0.000003072
-30/200: 4384114.722661/31846.131833/4352268.590828/0.000012664
-31/200: 4384121.864781/31853.913690/4352267.951091/0.000001629
-32/200: 4384209.172053/31861.638695/4352347.533358/0.000019914
-33/200: 4383978.598578/31869.223808/4352109.374770/0.000052592
-34/200: 4384222.493779/31876.681310/4352345.812469/0.000055633
-35/200: 4384043.540693/31884.024085/4352159.516608/0.000040818
-36/200: 4384201.588250/31891.294684/4352310.293566/0.000036051
-37/200: 4384227.707986/31898.465766/4352329.242220/0.000005958
-38/200: 4384186.804444/31905.487596/4352281.316848/0.000009330
-39/200: 4384259.217563/31912.467977/4352346.749586/0.000016517
-40/200: 4384232.310474/31919.326562/4352312.983912/0.000006137
-41/200: 4384374.530946/31926.124704/4352448.406242/0.000032439
-42/200: 4384398.584205/31932.835048/4352465.749157/0.000005486
-43/200: 4384374.848790/31939.440551/4352435.408239/0.000005414
-44/200: 4384399.979270/31945.909091/4352454.070179/0.000005732
-45/200: 4384384.084209/31952.336816/4352431.747393/0.000003625
-46/200: 4384386.999461/31958.701513/4352428.297948/0.000000665
-47/200: 4384463.720211/31964.968727/4352498.751484/0.000017499
-48/200: 4384462.663067/31971.153967/4352491.509100/0.000000241
-49/200: 4384359.145704/31977.311627/4352381.834077/0.000023610
-50/200: 4384413.204255/31983.372882/4352429.831373/0.000012330
-51/200: 4384421.689230/31989.343461/4352432.345769/0.000001935
-52/200: 4384574.780399/31995.222251/4352579.558148/0.000034917
-53/200: 4384430.624148/32001.107175/4352429.516973/0.000032878
-54/200: 4384505.367106/32006.940133/4352498.426973/0.000017047
-55/200: 4384502.680923/32012.651171/4352490.029752/0.000000613
-56/200: 4384508.417317/32018.316266/4352490.101051/0.000001308
-57/200: 4384552.853494/32024.016542/4352528.836952/0.000010135
-58/200: 4384609.511621/32029.644010/4352579.867611/0.000012922
-59/200: 4384585.368258/32035.218415/4352550.149843/0.000005506
-60/200: 4384603.382649/32040.668180/4352562.714469/0.000004109
-61/200: 4384528.839044/32046.087672/4352482.751372/0.000017001
-62/200: 4384673.667180/32051.480084/4352622.187096/0.000033032
-63/200: 4384609.508367/32056.810255/4352552.698112/0.000014633
-64/200: 4384759.397804/32062.082353/4352697.315451/0.000034185
-65/200: 4384767.494455/32067.374005/4352700.120450/0.000001847
-66/200: 4384755.838466/32072.617287/4352683.221179/0.000002658
-67/200: 4384660.703373/32077.805958/4352582.897415/0.000021697
-68/200: 4384677.921287/32082.916696/4352595.004591/0.000003927
-69/200: 4384705.577084/32087.978655/4352617.598429/0.000006307
-70/200: 4384703.285930/32093.016294/4352610.269636/0.000000523
-71/200: 4384804.261117/32098.037909/4352706.223208/0.000023029
-72/200: 4384759.160516/32102.974185/4352656.186331/0.000010286
-73/200: 4384866.448011/32107.913260/4352758.534751/0.000024468
-74/200: 4384826.687733/32112.822712/4352713.865021/0.000009068
-75/200: 4384795.692510/32117.679120/4352678.013390/0.000007069
-76/200: 4384899.011122/32122.492797/4352776.518325/0.000023563
-77/200: 4384922.158944/32127.302352/4352794.856592/0.000005279
-78/200: 4384925.405357/32132.001406/4352793.403951/0.000000740
-79/200: 4384825.217703/32136.733794/4352688.483909/0.000022848
-80/200: 4384846.473912/32141.398874/4352705.075038/0.000004848
-81/200: 4384907.921200/32146.023615/4352761.897585/0.000014014
-82/200: 4384982.209572/32150.630231/4352831.579341/0.000016942
-83/200: 4384921.573688/32155.216950/4352766.356738/0.000013828
-84/200: 4384908.517213/32159.735417/4352748.781796/0.000002978
-85/200: 4384983.221483/32164.250954/4352818.970529/0.000017037
-86/200: 4384991.145748/32168.711425/4352822.434323/0.000001807
-87/200: 4385005.792074/32173.168956/4352832.623118/0.000003340
-88/200: 4385048.506856/32177.592611/4352870.914245/0.000009741
-89/200: 4385016.498201/32181.983754/4352834.514447/0.000007299
-90/200: 4385055.101168/32186.336757/4352868.764411/0.000008803
-91/200: 4385051.297557/32190.627515/4352860.670042/0.000000867
-92/200: 4385095.260835/32194.916650/4352900.344185/0.000010026
-93/200: 4385076.397958/32199.158922/4352877.239036/0.000004302
-94/200: 4385150.353853/32203.381139/4352946.972714/0.000016865
-95/200: 4385125.789694/32207.580215/4352918.209479/0.000005602
-96/200: 4385090.136849/32211.782485/4352878.354364/0.000008130
-97/200: 4385141.247778/32215.967433/4352925.280345/0.000011656
-98/200: 4385176.337279/32220.086250/4352956.251029/0.000008002
-99/200: 4385192.723872/32224.198167/4352968.525705/0.000003737
Recall at EP-100 ...
  Columns 1 through 7

    0.0013    0.0026    0.0031    0.0039    0.0043    0.0049    0.0054

  Columns 8 through 10

    0.0059    0.0065    0.0069

Mrr at EP-100 ...
   5.2295e-04

-100/200: 4385161.563863/32228.311704/4352933.252159/0.000007106
-101/200: 4385149.579993/32232.331664/4352917.248329/0.000002733
-102/200: 4385193.430731/32236.381759/4352957.048972/0.000010000
-103/200: 4385262.280971/32240.401135/4353021.879836/0.000015701
-104/200: 4385205.194619/32244.367225/4352960.827394/0.000013018
-105/200: 4385263.466734/32248.321104/4353015.145630/0.000013288
-106/200: 4385225.099983/32252.281657/4352972.818326/0.000008749
-107/200: 4385266.704428/32256.226261/4353010.478167/0.000009487
-108/200: 4385320.370043/32260.103252/4353060.266791/0.000012238
-109/200: 4385275.249624/32263.962386/4353011.287238/0.000010289
-110/200: 4385266.092724/32267.800253/4352998.292471/0.000002088
-111/200: 4385348.896158/32271.676429/4353077.219729/0.000018882
-112/200: 4385346.510266/32275.525955/4353070.984311/0.000000544
-113/200: 4385328.356159/32279.342288/4353049.013871/0.000004140
-114/200: 4385314.775955/32283.137783/4353031.638172/0.000003097
-115/200: 4385355.430999/32286.918965/4353068.512034/0.000009271
-116/200: 4385348.301932/32290.660051/4353057.641881/0.000001626
-117/200: 4385404.242195/32294.384781/4353109.857414/0.000012756
-118/200: 4385397.349182/32298.127188/4353099.221994/0.000001572
-119/200: 4385441.196692/32301.830785/4353139.365907/0.000009999
-120/200: 4385424.458795/32305.481454/4353118.977341/0.000003817
-121/200: 4385466.450550/32309.110812/4353157.339738/0.000009575
-122/200: 4385479.342084/32312.724337/4353166.617747/0.000002940
-123/200: 4385454.575652/32316.357513/4353138.218139/0.000005647
-124/200: 4385477.115824/32319.923765/4353157.192059/0.000005140
-125/200: 4385491.978082/32323.492015/4353168.486067/0.000003389
-126/200: 4385494.636871/32327.055566/4353167.581305/0.000000606
-127/200: 4385497.914857/32330.617754/4353167.297103/0.000000747
-128/200: 4385504.194972/32334.171314/4353170.023658/0.000001432
-129/200: 4385513.173022/32337.639076/4353175.533946/0.000002047
-130/200: 4385574.510650/32341.129495/4353233.381155/0.000013986
-131/200: 4385524.966957/32344.617956/4353180.349001/0.000011297
-132/200: 4385578.929237/32348.098100/4353230.831137/0.000012305
-133/200: 4385595.495605/32351.578712/4353243.916893/0.000003777
-134/200: 4385641.219664/32355.015294/4353286.204370/0.000010426
-135/200: 4385571.486439/32358.437028/4353213.049411/0.000015900
-136/200: 4385595.404082/32361.820042/4353233.584040/0.000005454
-137/200: 4385656.395914/32365.213126/4353291.182788/0.000013907
-138/200: 4385645.092526/32368.574480/4353276.518046/0.000002577
-139/200: 4385637.266880/32371.905376/4353265.361504/0.000001784
-140/200: 4385674.127203/32375.252048/4353298.875155/0.000008405
-141/200: 4385688.535823/32378.611343/4353309.924480/0.000003285
-142/200: 4385666.723497/32381.902794/4353284.820703/0.000004974
-143/200: 4385699.007999/32385.214761/4353313.793238/0.000007361
-144/200: 4385718.503243/32388.485691/4353330.017552/0.000004445
-145/200: 4385741.617821/32391.773361/4353349.844460/0.000005270
-146/200: 4385737.800803/32395.020430/4353342.780373/0.000000870
-147/200: 4385753.479739/32398.247416/4353355.232323/0.000003575
-148/200: 4385725.774928/32401.444792/4353324.330136/0.000006317
-149/200: 4385764.305341/32404.642343/4353359.662998/0.000008785
-150/200: 4385782.250021/32407.848349/4353374.401672/0.000004092
-151/200: 4385793.289812/32411.048410/4353382.241402/0.000002517
-152/200: 4385792.783798/32414.213833/4353378.569965/0.000000115
-153/200: 4385805.978946/32417.347376/4353388.631570/0.000003009
-154/200: 4385825.276800/32420.478085/4353404.798715/0.000004400
-155/200: 4385819.122493/32423.608850/4353395.513643/0.000001403
-156/200: 4385835.267404/32426.721652/4353408.545752/0.000003681
-157/200: 4385878.718511/32429.830010/4353448.888501/0.000009907
-158/200: 4385874.099625/32432.903117/4353441.196508/0.000001053
-159/200: 4385890.116045/32436.003460/4353454.112585/0.000003652
-160/200: 4385899.640439/32439.084379/4353460.556060/0.000002172
-161/200: 4385873.301718/32442.116493/4353431.185225/0.000006005
-162/200: 4385896.962293/32445.140793/4353451.821500/0.000005395
-163/200: 4385941.781339/32448.164258/4353493.617081/0.000010219
-164/200: 4385912.441556/32451.184530/4353461.257026/0.000006690
-165/200: 4385963.669002/32454.193792/4353509.475210/0.000011680
-166/200: 4385951.643115/32457.182826/4353494.460289/0.000002742
-167/200: 4385952.863582/32460.151014/4353492.712568/0.000000278
-168/200: 4385983.359874/32463.116920/4353520.242954/0.000006953
-169/200: 4385980.386110/32466.065862/4353514.320248/0.000000678
-170/200: 4385997.825363/32469.013281/4353528.812082/0.000003976
-171/200: 4385998.365254/32471.959295/4353526.405959/0.000000123
-172/200: 4386033.310401/32474.874445/4353558.435956/0.000007967
-173/200: 4386010.018230/32477.787386/4353532.230844/0.000005311
-174/200: 4386076.988564/32480.705983/4353596.282581/0.000015269
-175/200: 4386035.382550/32483.591789/4353551.790761/0.000009486
-176/200: 4386077.934042/32486.489699/4353591.444343/0.000009702
-177/200: 4386100.959641/32489.374639/4353611.585002/0.000005250
-178/200: 4386090.850891/32492.225162/4353598.625729/0.000002305
-179/200: 4386097.349126/32495.067733/4353602.281393/0.000001482
-180/200: 4386086.095525/32497.911596/4353588.183929/0.000002566
-181/200: 4386134.092144/32500.758327/4353633.333817/0.000010943
-182/200: 4386130.325769/32503.565046/4353626.760723/0.000000859
-183/200: 4386152.459549/32506.385836/4353646.073713/0.000005046
-184/200: 4386168.746195/32509.202120/4353659.544075/0.000003713
-185/200: 4386183.814828/32511.998071/4353671.816757/0.000003435
-186/200: 4386175.123937/32514.790251/4353660.333686/0.000001981
-187/200: 4386180.994588/32517.554843/4353663.439745/0.000001338
-188/200: 4386208.356450/32520.323575/4353688.032875/0.000006238
-189/200: 4386222.070690/32523.079824/4353698.990866/0.000003127
-190/200: 4386224.035805/32525.830678/4353698.205127/0.000000448
-191/200: 4386241.557760/32528.579301/4353712.978459/0.000003995
-192/200: 4386259.237591/32531.308947/4353727.928644/0.000004031
-193/200: 4386254.641861/32534.024304/4353720.617557/0.000001048
-194/200: 4386258.301401/32536.738722/4353721.562679/0.000000834
-195/200: 4386282.481797/32539.461053/4353743.020744/0.000005513
-196/200: 4386274.436735/32542.138032/4353732.298703/0.000001834
-197/200: 4386280.502809/32544.802886/4353735.699923/0.000001383
-198/200: 4386273.941740/32547.453244/4353726.488496/0.000001496
-199/200: 4386327.359106/32550.107139/4353777.251967/0.000012178
-200/200: 4386303.647398/32552.748407/4353750.898991/0.000005406
Start evaluating ...
  Columns 1 through 7

    0.0010    0.0015    0.0020    0.0025    0.0030    0.0035    0.0040

  Columns 8 through 10

    0.0044    0.0049    0.0053

   4.5071e-04

Elapsed time is 59009.007132 seconds.
