nohup: ignoring input

                            < M A T L A B (R) >
                  Copyright 1984-2016 The MathWorks, Inc.
                   R2016a (9.0.0.341360) 64-bit (glnxa64)
                             February 11, 2016

 
To get started, type one of these: helpwin, helpdesk, or demo.
For product information, visit www.mathworks.com.
 

	Academic License

Start learning ...
Init data [Dtype: delicious - Dspec: sp3/1050]
Init social model
Using adagrad ...
Could not use CUDA
Params [lbd-U: 100.0000|lbd-V: 1.0000|lbd-N: 100.0000|lbd-Q: 0.1000]
Staring Sample 3 - Loc: save/ctr/delicious-alg80-sp3-cold20170225114427106 
CTR(chongwang) Running ...

iter time likelihood:[r:u:v] converge
0001 000094 -4397.00000:[0.00000:0.00000:0.00000] 1.0000000000
0002 000192 -4395.50903:[3.08108:-1.47583:-0.10687] 0.0003390875
0003 000285 -4395.28131:[3.74230:-1.87929:-0.13555] 0.0000518074
0004 000388 -4395.28321:[3.73812:-1.87667:-0.13580] 0.0000004312
Start evaluating ...
  Columns 1 through 7

    0.0001    0.0004    0.0006    0.0014    0.0021    0.0023    0.0025

  Columns 8 through 10

    0.0028    0.0028    0.0029

   1.3560e-04

Elapsed time is 507.459657 seconds.
