nohup: ignoring input

                            < M A T L A B (R) >
                  Copyright 1984-2016 The MathWorks, Inc.
                   R2016a (9.0.0.341360) 64-bit (glnxa64)
                             February 11, 2016

 
To get started, type one of these: helpwin, helpdesk, or demo.
For product information, visit www.mathworks.com.
 

	Academic License

Start learning ...
Init data [Dtype: delicious - Dspec: sp3/0550]
Init social model
Using adagrad ...
Params [lbd-U: 0.1000|lbd-V: 10.0000|lbd-N: 0.1000|lbd-Q: 0.1000]
Staring Sample 3 - Loc: save/ctrsmf/delicious-alg90-sp3-cold20170225114400608 
CTR-SMF Running ...

iter time likelihood converge
0001 000099 -5789495.44682 1.0000000000
0002 000215 -5627505.26169 0.0279800177
0003 000329 -5505440.98657 0.0216906550
0004 000444 -5468108.08071 0.0067810927
0005 000550 -5448831.35464 0.0035253009
0006 000653 -5433492.42763 0.0028150857
0007 000755 -5422892.15331 0.0019509136
0008 000862 -5416225.19680 0.0012294098
0009 000968 -5411609.32985 0.0008522295
0010 001074 -5408091.42455 0.0006500664
0011 001178 -5405203.26910 0.0005340434
0012 001280 -5402736.98318 0.0004562800
0013 001382 -5400590.54867 0.0003972865
0014 001481 -5398701.79769 0.0003497305
0015 001580 -5397026.82179 0.0003102553
0016 001678 -5395532.18566 0.0002769369
0017 001770 -5394191.20450 0.0002485355
0018 001868 -5392981.86576 0.0002241928
0019 001970 -5391885.68310 0.0002032610
0020 002070 -5390887.05435 0.0001852096
0021 002166 -5389972.84406 0.0001695844
0022 002263 -5389132.01606 0.0001559986
0023 002356 -5388355.22155 0.0001441409
0024 002451 -5387634.40418 0.0001337732
0025 002546 -5386962.55203 0.0001247026
0026 002638 -5386333.54911 0.0001167639
0027 002731 -5385742.03057 0.0001098184
0028 002824 -5385183.30494 0.0001037416
0029 002918 -5384653.40851 0.0000983990
0030 003007 -5384149.18447 0.0000936409
0031 003095 -5383668.26303 0.0000893217
0032 003182 -5383208.93188 0.0000853194
0033 003274 -5382769.94577 0.0000815473
0034 003367 -5382350.32869 0.0000779556
0035 003458 -5381949.22015 0.0000745229
0036 003549 -5381565.80301 0.0000712413
0037 003632 -5381199.31637 0.0000681004
0038 003717 -5380849.10604 0.0000650803
0039 003801 -5380514.64691 0.0000621573
0040 003884 -5380195.51626 0.0000593123
0041 003967 -5379891.37963 0.0000565289
0042 004052 -5379602.05434 0.0000537790
0043 004136 -5379327.49518 0.0000510371
0044 004223 -5379067.68171 0.0000482985
0045 004308 -5378822.65374 0.0000455521
0046 004396 -5378592.53295 0.0000427827
0047 004483 -5378377.38540 0.0000400007
0048 004565 -5378177.03657 0.0000372508
0049 004650 -5377990.96497 0.0000345975
0050 004729 -5377818.34999 0.0000320966
0051 004812 -5377658.22102 0.0000297758
0052 004889 -5377509.58161 0.0000276402
0053 004966 -5377371.48016 0.0000256813
0054 005046 -5377243.03416 0.0000238864
0055 005122 -5377123.45315 0.0000222383
0056 005200 -5377012.06623 0.0000207150
0057 005279 -5376908.30027 0.0000192981
0058 005357 -5376811.59340 0.0000179856
0059 005435 -5376721.36830 0.0000167804
0060 005513 -5376637.12908 0.0000156674
0061 005591 -5376558.52453 0.0000146197
0062 005668 -5376485.30472 0.0000136183
0063 005750 -5376417.23593 0.0000126605
0064 005820 -5376354.05783 0.0000117510
0065 005888 -5376295.49220 0.0000108932
0066 005958 -5376241.18293 0.0000101016
0067 006029 -5376190.67500 0.0000093947
Start evaluating ...
  Columns 1 through 7

    0.0022    0.0029    0.0035    0.0043    0.0060    0.0068    0.0076

  Columns 8 through 10

    0.0080    0.0087    0.0097

    0.0011

Elapsed time is 6109.613083 seconds.
