nohup: ignoring input

                            < M A T L A B (R) >
                  Copyright 1984-2016 The MathWorks, Inc.
                   R2016a (9.0.0.341360) 64-bit (glnxa64)
                             February 11, 2016

 
To get started, type one of these: helpwin, helpdesk, or demo.
For product information, visit www.mathworks.com.
 

	Academic License

Start learning ...
Init data [Dtype: delicious - Dspec: sp3/0550]
Init social model
Using adagrad ...
Load pretrained shallow-model...
Params [lbd-U: 1.0000|lbd-V: 1.0000|lbd-N: 1.0000|lbd-Q: 0.1000]
Staring Sample 3 - Loc: save/bcdl/delicious-alg61-sp3-cold20170224210011618 
CTR(chongwang)-DAE(User graph) Running - Walks(1)...
-1/200: 438676.075930/2895.094876/435780.981054/1.000000000
-2/200: 437354.624723/2198.137923/435156.486800/0.003012362
-3/200: 437128.781192/1943.044422/435185.736770/0.000516385
-4/200: 437088.595859/1900.005467/435188.590392/0.000091930
-5/200: 437070.367689/1892.659167/435177.708522/0.000041704
-6/200: 437067.486976/1889.029812/435178.457164/0.000006591
-7/200: 437087.265675/1886.437317/435200.828358/0.000045253
-8/200: 437090.110125/1884.512878/435205.597247/0.000006508
-9/200: 437085.476337/1883.179333/435202.297004/0.000010601
-10/200: 437088.338779/1882.354653/435205.984126/0.000006549
-11/200: 437080.944629/1881.955498/435198.989131/0.000016917
-12/200: 437074.727678/1881.902570/435192.825108/0.000014224
-13/200: 437087.188102/1882.123151/435205.064951/0.000028509
-14/200: 437093.794322/1882.558375/435211.235947/0.000015114
-15/200: 437085.868774/1883.162207/435202.706567/0.000018132
-16/200: 437087.541971/1883.890353/435203.651618/0.000003828
-17/200: 437096.636591/1884.712194/435211.924397/0.000020807
-18/200: 437111.671923/1885.601203/435226.070720/0.000034398
-19/200: 437103.317865/1886.539068/435216.778797/0.000019112
-20/200: 437108.168711/1887.505396/435220.663315/0.000011098
-21/200: 437097.034468/1888.489773/435208.544695/0.000025473
-22/200: 437113.202474/1889.476350/435223.726124/0.000036990
-23/200: 437119.480403/1890.457083/435229.023320/0.000014362
-24/200: 437127.042154/1891.423903/435235.618251/0.000017299
-25/200: 437117.136832/1892.371747/435224.765085/0.000022660
-26/200: 437119.620681/1893.294294/435226.326387/0.000005682
-27/200: 437115.646796/1894.185021/435221.461775/0.000009091
-28/200: 437137.431526/1895.041536/435242.389990/0.000049837
-29/200: 437136.226629/1895.863164/435240.363465/0.000002756
-30/200: 437130.769102/1896.648276/435234.120826/0.000012485
-31/200: 437131.562086/1897.392176/435234.169910/0.000001814
-32/200: 437140.402666/1898.098430/435242.304236/0.000020224
-33/200: 437117.270686/1898.764213/435218.506473/0.000052917
-34/200: 437141.752060/1899.391214/435242.360846/0.000056006
-35/200: 437123.799365/1899.978020/435223.821345/0.000041068
-36/200: 437139.554899/1900.527904/435239.026995/0.000036044
-37/200: 437142.052243/1901.040743/435241.011500/0.000005713
-38/200: 437137.904976/1901.517162/435236.387814/0.000009487
-39/200: 437144.985103/1901.960702/435243.024401/0.000016197
-40/200: 437142.124568/1902.371775/435239.752793/0.000006544
-41/200: 437156.223320/1902.753435/435253.469885/0.000032252
-42/200: 437158.480352/1903.106150/435255.374202/0.000005163
-43/200: 437155.794741/1903.431258/435252.363483/0.000006143
-44/200: 437158.079433/1903.729679/435254.349754/0.000005226
-45/200: 437156.249821/1904.004982/435252.244839/0.000004185
-46/200: 437156.302915/1904.259271/435252.043644/0.000000121
-47/200: 437163.576964/1904.492215/435259.084749/0.000016639
-48/200: 437163.171144/1904.706173/435258.464971/0.000000928
-49/200: 437152.549062/1904.903612/435247.645450/0.000024298
-50/200: 437157.638260/1905.084776/435252.553484/0.000011642
-51/200: 437158.160793/1905.250831/435252.909962/0.000001195
-52/200: 437173.129924/1905.404271/435267.725653/0.000034242
-53/200: 437158.382199/1905.547978/435252.834221/0.000033734
-54/200: 437165.646040/1905.682362/435259.963678/0.000016616
-55/200: 437164.797303/1905.806772/435258.990531/0.000001941
-56/200: 437165.081218/1905.923826/435259.157392/0.000000649
-57/200: 437169.236533/1906.037336/435263.199197/0.000009505
-58/200: 437174.631373/1906.145325/435268.486048/0.000012340
-59/200: 437171.776462/1906.249473/435265.526989/0.000006530
-60/200: 437173.146850/1906.348436/435266.798414/0.000003135
-61/200: 437165.309530/1906.445371/435258.864159/0.000017927
-62/200: 437179.481338/1906.541535/435272.939803/0.000032418
-63/200: 437172.803446/1906.636540/435266.166906/0.000015275
-64/200: 437187.371415/1906.729866/435280.641549/0.000033323
-65/200: 437187.997381/1906.824543/435281.172838/0.000001432
-66/200: 437186.505145/1906.919790/435279.585355/0.000003413
-67/200: 437176.650321/1907.014045/435269.636276/0.000022541
-68/200: 437177.850782/1907.107956/435270.742826/0.000002746
-69/200: 437180.382415/1907.202149/435273.180266/0.000005791
-70/200: 437179.899107/1907.296461/435272.602646/0.000001106
-71/200: 437189.611545/1907.391922/435282.219623/0.000022216
-72/200: 437184.787173/1907.486013/435277.301160/0.000011035
-73/200: 437195.349333/1907.581564/435287.767769/0.000024159
-74/200: 437191.056093/1907.677897/435283.378196/0.000009820
-75/200: 437187.646134/1907.773192/435279.872942/0.000007800
-76/200: 437197.685720/1907.868864/435289.816856/0.000022964
-77/200: 437199.722318/1907.964970/435291.757348/0.000004658
-78/200: 437199.703867/1908.059629/435291.644238/0.000000042
-79/200: 437189.416151/1908.155207/435281.260944/0.000023531
-80/200: 437191.137698/1908.249450/435282.888248/0.000003938
-81/200: 437196.958262/1908.343937/435288.614325/0.000013314
-82/200: 437204.359585/1908.438382/435295.921203/0.000016929
-83/200: 437197.922322/1908.532853/435289.389469/0.000014724
-84/200: 437196.258511/1908.625921/435287.632590/0.000003806
-85/200: 437203.385439/1908.719728/435294.665711/0.000016301
-86/200: 437203.954405/1908.811809/435295.142596/0.000001301
-87/200: 437205.203299/1908.904362/435296.298937/0.000002857
-88/200: 437209.366712/1908.997182/435300.369530/0.000009523
-89/200: 437205.689416/1909.088769/435296.600647/0.000008411
-90/200: 437209.370569/1909.179617/435300.190952/0.000008420
-91/200: 437208.629487/1909.269185/435299.360302/0.000001695
-92/200: 437212.886754/1909.358685/435303.528069/0.000009737
-93/200: 437210.788486/1909.447279/435301.341207/0.000004799
-94/200: 437217.774285/1909.535595/435308.238690/0.000015978
-95/200: 437215.179921/1909.623393/435305.556528/0.000005934
-96/200: 437211.329571/1909.711448/435301.618123/0.000008807
-97/200: 437216.227013/1909.799033/435306.427980/0.000011202
-98/200: 437219.431965/1909.885340/435309.546625/0.000007330
-99/200: 437220.867845/1909.971677/435310.896168/0.000003284
Recall at EP-100 ...
  Columns 1 through 7

    0.0138    0.0231    0.0301    0.0356    0.0400    0.0440    0.0475

  Columns 8 through 10

    0.0519    0.0556    0.0587

Mrr at EP-100 ...
    0.0039

-100/200: 437217.553902/1910.057827/435307.496075/0.000007580
-101/200: 437215.940178/1910.141503/435305.798675/0.000003691
-102/200: 437220.191984/1910.225829/435309.966155/0.000009725
-103/200: 437226.914572/1910.309167/435316.605405/0.000015376
-104/200: 437220.781315/1910.391091/435310.390224/0.000014028
-105/200: 437226.331024/1910.473060/435315.857964/0.000012693
-106/200: 437222.389149/1910.554765/435311.834384/0.000009016
-107/200: 437226.298676/1910.636319/435315.662357/0.000008942
-108/200: 437231.403210/1910.716122/435320.687088/0.000011675
-109/200: 437226.543836/1910.795502/435315.748334/0.000011114
-110/200: 437225.487091/1910.874177/435314.612914/0.000002417
-111/200: 437233.612896/1910.953785/435322.659111/0.000018585
-112/200: 437233.027340/1911.032357/435321.994983/0.000001339
-113/200: 437231.132610/1911.109898/435320.022712/0.000004333
-114/200: 437229.377663/1911.187223/435318.190440/0.000004014
-115/200: 437233.270769/1911.264046/435322.006723/0.000008904
-116/200: 437232.318573/1911.339820/435320.978753/0.000002178
-117/200: 437237.854914/1911.414628/435326.440286/0.000012662
-118/200: 437236.910127/1911.490077/435325.420050/0.000002161
-119/200: 437240.930145/1911.563991/435329.366154/0.000009194
-120/200: 437239.022179/1911.636398/435327.385781/0.000004364
-121/200: 437243.155234/1911.708199/435331.447035/0.000009453
-122/200: 437244.079394/1911.779473/435332.299921/0.000002114
-123/200: 437241.628157/1911.850533/435329.777624/0.000005606
-124/200: 437243.221768/1911.920123/435331.301645/0.000003645
-125/200: 437244.538012/1911.989546/435332.548466/0.000003010
-126/200: 437244.736589/1912.058639/435332.677950/0.000000454
-127/200: 437244.857124/1912.127632/435332.729492/0.000000276
-128/200: 437245.343933/1912.196003/435333.147930/0.000001113
-129/200: 437245.797640/1912.262083/435333.535557/0.000001038
-130/200: 437251.841631/1912.328562/435339.513069/0.000013823
-131/200: 437246.695851/1912.394690/435334.301161/0.000011768
-132/200: 437251.872256/1912.460441/435339.411815/0.000011839
-133/200: 437253.308808/1912.526210/435340.782598/0.000003285
-134/200: 437257.775343/1912.590497/435345.184846/0.000010215
-135/200: 437250.275260/1912.654137/435337.621123/0.000017153
-136/200: 437252.674089/1912.716437/435339.957652/0.000005486
-137/200: 437258.672950/1912.778727/435345.894223/0.000013719
-138/200: 437257.131904/1912.840094/435344.291810/0.000003524
-139/200: 437256.220860/1912.900047/435343.320813/0.000002084
-140/200: 437259.669506/1912.960955/435346.708551/0.000007887
-141/200: 437261.012515/1913.021511/435347.991004/0.000003071
-142/200: 437258.417427/1913.080536/435345.336891/0.000005935
-143/200: 437261.500221/1913.139270/435348.360951/0.000007050
-144/200: 437263.233989/1913.197216/435350.036773/0.000003965
-145/200: 437265.490901/1913.255183/435352.235718/0.000005161
-146/200: 437264.745294/1913.311652/435351.433642/0.000001705
-147/200: 437266.109109/1913.367744/435352.741365/0.000003119
-148/200: 437262.990141/1913.422557/435349.567584/0.000007133
-149/200: 437266.640146/1913.477154/435353.162992/0.000008347
-150/200: 437268.378420/1913.532027/435354.846393/0.000003975
-151/200: 437269.324199/1913.586699/435355.737500/0.000002163
-152/200: 437269.008655/1913.640083/435355.368572/0.000000722
-153/200: 437270.003506/1913.692104/435356.311402/0.000002275
-154/200: 437271.873852/1913.744084/435358.129768/0.000004277
-155/200: 437270.875570/1913.795790/435357.079780/0.000002283
-156/200: 437272.481718/1913.847064/435358.634654/0.000003673
-157/200: 437276.609384/1913.897838/435362.711546/0.000009440
-158/200: 437275.699009/1913.947448/435361.751561/0.000002082
-159/200: 437277.317197/1913.997871/435363.319326/0.000003701
-160/200: 437278.182489/1914.046766/435364.135723/0.000001979
-161/200: 437274.904686/1914.095001/435360.809685/0.000007496
-162/200: 437277.328978/1914.142804/435363.186174/0.000005544
-163/200: 437281.795559/1914.190270/435367.605289/0.000010215
-164/200: 437278.697436/1914.237562/435364.459874/0.000007085
-165/200: 437283.317042/1914.284154/435369.032888/0.000010564
-166/200: 437281.917879/1914.330035/435367.587844/0.000003200
-167/200: 437281.942414/1914.375536/435367.566878/0.000000056
Start evaluating ...
  Columns 1 through 7

    0.0136    0.0227    0.0293    0.0352    0.0397    0.0438    0.0475

  Columns 8 through 10

    0.0516    0.0544    0.0575

    0.0038

Elapsed time is 15543.436479 seconds.
