nohup: ignoring input

                            < M A T L A B (R) >
                  Copyright 1984-2016 The MathWorks, Inc.
                   R2016a (9.0.0.341360) 64-bit (glnxa64)
                             February 11, 2016

 
To get started, type one of these: helpwin, helpdesk, or demo.
For product information, visit www.mathworks.com.
 

	Academic License

Start learning ...
Init data [Dtype: delicious - Dspec: sp3/1050]
Init social model
Using adagrad ...
Could not use CUDA
Params [lbd-U: 0.1000|lbd-V: 1.0000|lbd-N: 0.1000|lbd-Q: 0.1000]
Staring Sample 3 - Loc: save/ctr/delicious-alg80-sp3-cold20170225114427278 
CTR(chongwang) Running ...

iter time likelihood:[r:u:v] converge
0001 000100 -4397.00000:[0.00000:0.00000:0.00000] 1.0000000000
0002 000199 -2408.31480:[4182.35644:-105.61410:-902.91800] 0.4522822837
0003 000294 -1391.35568:[6536.83309:-264.06613:-666.64459] 0.4222700107
0004 000392 -1302.59736:[6867.95407:-339.38519:-567.13172] 0.0637926890
0005 000490 -1273.37852:[7016.70605:-384.92810:-515.91040] 0.0224312177
0006 000590 -1261.10273:[7094.15647:-412.39062:-487.44444] 0.0096403287
0007 000683 -1254.51863:[7137.14813:-428.53961:-470.76513] 0.0052209057
0008 000772 -1250.14705:[7162.02110:-437.87368:-460.57352] 0.0034846676
0009 000862 -1246.85387:[7176.86320:-443.19749:-454.12048] 0.0026342359
0010 000947 -1244.23619:[7185.95656:-446.19757:-449.90249] 0.0020994289
0011 001040 -1242.12268:[7191.66819:-447.86716:-447.06506] 0.0016986394
0012 001126 -1240.41739:[7195.34553:-448.78394:-445.10761] 0.0013728807
0013 001215 -1239.05187:[7197.77234:-449.28104:-443.72909] 0.0011008543
0014 001302 -1237.97116:[7199.41228:-449.54908:-442.74421] 0.0008722105
0015 001389 -1237.12934:[7200.54400:-449.69624:-442.03612] 0.0006799995
0016 001474 -1236.48769:[7201.33785:-449.78321:-441.52908] 0.0005186621
0017 001566 -1236.01351:[7201.90007:-449.84341:-441.17239] 0.0003834904
0018 001660 -1235.67922:[7202.29843:-449.89476:-440.93101] 0.0002704538
0019 001745 -1235.46160:[7202.57736:-449.94639:-440.77984] 0.0001761147
0020 001834 -1235.34106:[7202.76686:-450.00250:-440.70031] 0.0000975667
0021 001923 -1235.30107:[7202.88789:-450.06462:-440.67821] 0.0000323744
0022 002015 -1235.32762:[7202.95554:-450.13286:-440.70240] 0.0000214941
0023 002106 -1235.40882:[7202.98112:-450.20659:-440.76390] 0.0000657333
0024 002186 -1235.53454:[7202.97330:-450.28488:-440.85535] 0.0001017598
0025 002266 -1235.69610:[7202.93893:-450.36669:-440.97065] 0.0001307605
0026 002347 -1235.88606:[7202.88356:-450.45101:-441.10463] 0.0001537291
0027 002433 -1236.09802:[7202.81175:-450.53687:-441.25293] 0.0001715022
0028 002512 -1236.32644:[7202.72733:-450.62341:-441.41179] 0.0001847953
0029 002593 -1236.56657:[7202.63349:-450.70986:-441.57802] 0.0001942257
0030 002675 -1236.81428:[7202.53298:-450.79557:-441.74886] 0.0002003271
0031 002762 -1237.06605:[7202.42809:-450.87996:-441.92195] 0.0002035602
0032 002852 -1237.31880:[7202.32084:-450.96255:-442.09524] 0.0002043151
0033 002930 -1237.56988:[7202.21295:-451.04293:-442.26696] 0.0002029182
0034 003011 -1237.81697:[7202.10593:-451.12077:-442.43556] 0.0001996567
0035 003087 -1238.05810:[7202.00106:-451.19579:-442.59972] 0.0001948037
0036 003164 -1238.29163:[7201.89938:-451.26774:-442.75836] 0.0001886273
0037 003241 -1238.51623:[7201.80174:-451.33644:-442.91061] 0.0001813838
0038 003321 -1238.73088:[7201.70876:-451.40177:-443.05579] 0.0001733067
0039 003401 -1238.93476:[7201.62093:-451.46362:-443.19341] 0.0001645925
0040 003467 -1239.12728:[7201.53865:-451.52194:-443.32307] 0.0001553900
0041 003548 -1239.30795:[7201.46221:-451.57670:-443.44448] 0.0001458032
0042 003628 -1239.47639:[7201.39192:-451.62791:-443.55739] 0.0001359127
0043 003706 -1239.63231:[7201.32798:-451.67558:-443.66162] 0.0001257962
0044 003782 -1239.77554:[7201.27056:-451.71975:-443.75707] 0.0001155392
0045 003858 -1239.90601:[7201.21972:-451.76047:-443.84371] 0.0001052366
0046 003935 -1240.02377:[7201.17548:-451.79780:-443.92161] 0.0000949809
0047 004012 -1240.12898:[7201.13776:-451.83182:-443.99087] 0.0000848443
0048 004084 -1240.22183:[7201.10649:-451.86263:-444.05165] 0.0000748698
0049 004161 -1240.30255:[7201.08158:-451.89032:-444.10413] 0.0000650839
0050 004235 -1240.37141:[7201.06289:-451.91498:-444.14848] 0.0000555177
0051 004309 -1240.42873:[7201.05025:-451.93673:-444.18493] 0.0000462162
0052 004385 -1240.47492:[7201.04343:-451.95567:-444.21378] 0.0000372324
0053 004459 -1240.51042:[7201.04215:-451.97191:-444.23532] 0.0000286193
0054 004530 -1240.53575:[7201.04608:-451.98556:-444.24993] 0.0000204224
0055 004601 -1240.55147:[7201.05488:-451.99676:-444.25799] 0.0000126714
0056 004678 -1240.55814:[7201.06819:-452.00563:-444.25990] 0.0000053791
Start evaluating ...
  Columns 1 through 7

    0.0096    0.0100    0.0103    0.0111    0.0118    0.0121    0.0124

  Columns 8 through 10

    0.0126    0.0128    0.0131

    0.0038

Elapsed time is 4770.426120 seconds.
