nohup: ignoring input

                            < M A T L A B (R) >
                  Copyright 1984-2016 The MathWorks, Inc.
                   R2016a (9.0.0.341360) 64-bit (glnxa64)
                             February 11, 2016

 
To get started, type one of these: helpwin, helpdesk, or demo.
For product information, visit www.mathworks.com.
 

	Academic License

Start learning ...
Init data [Dtype: delicious - Dspec: sp3/1050]
Init social model
Using adagrad ...
Could not use CUDA
Params [lbd-U: 1.0000|lbd-V: 100.0000|lbd-N: 1.0000|lbd-Q: 0.1000]
Staring Sample 3 - Loc: save/ctrsmf/delicious-alg90-sp3-cold20170225114459586 
CTR-SMF Running ...

iter time likelihood converge
0001 000141 -10236554.60279 1.0000000000
0002 000277 -9958606.43980 0.0271525111
0003 000412 -9743809.82905 0.0215689426
0004 000535 -9679238.39880 0.0066269182
0005 000660 -9647510.48602 0.0032779348
0006 000781 -9623512.46768 0.0024874830
0007 000901 -9606926.40435 0.0017234937
0008 001021 -9596097.96066 0.0011271496
0009 001141 -9588305.60496 0.0008120338
0010 001260 -9582200.02164 0.0006367740
0011 001375 -9577106.35192 0.0005315762
0012 001489 -9572717.29385 0.0004582864
0013 001606 -9568873.34032 0.0004015530
0014 001727 -9565472.94526 0.0003553600
0015 001846 -9562442.75500 0.0003167842
0016 001961 -9559726.12439 0.0002840938
0017 002072 -9557277.59814 0.0002561293
0018 002188 -9555059.85127 0.0002320480
0019 002301 -9553041.61280 0.0002112220
0020 002409 -9551196.34879 0.0001931598
0021 002529 -9549501.52447 0.0001774463
0022 002640 -9547937.98221 0.0001637302
0023 002748 -9546489.27898 0.0001517294
0024 002858 -9545141.05063 0.0001412277
0025 002964 -9543880.54435 0.0001320574
0026 003074 -9542696.50694 0.0001240625
0027 003177 -9541579.35371 0.0001170689
0028 003282 -9540521.18641 0.0001109006
0029 003387 -9539515.81520 0.0001053791
0030 003499 -9538558.46015 0.0001003568
0031 003600 -9537645.41453 0.0000957216
0032 003707 -9536773.79635 0.0000913871
0033 003815 -9535941.23315 0.0000873003
0034 003922 -9535145.69585 0.0000834251
0035 004032 -9534385.51350 0.0000797243
0036 004139 -9533659.42853 0.0000761544
0037 004243 -9532966.59707 0.0000726721
0038 004348 -9532306.51459 0.0000692421
0039 004447 -9531678.87121 0.0000658438
0040 004546 -9531083.38317 0.0000624746
0041 004648 -9530519.61155 0.0000591508
0042 004745 -9529986.72851 0.0000559133
0043 004843 -9529483.35624 0.0000528198
0044 004943 -9529007.63111 0.0000499214
0045 005043 -9528557.42510 0.0000472458
0046 005143 -9528130.61268 0.0000447930
0047 005242 -9527725.31261 0.0000425372
0048 005338 -9527340.05260 0.0000404357
0049 005437 -9526973.82078 0.0000384401
0050 005534 -9526625.97757 0.0000365114
0051 005632 -9526296.06277 0.0000346308
0052 005731 -9525983.65834 0.0000327939
0053 005815 -9525688.38962 0.0000309961
0054 005905 -9525409.94194 0.0000292312
0055 005989 -9525148.00308 0.0000274990
0056 006061 -9524902.22331 0.0000258032
0057 006123 -9524672.28231 0.0000241410
0058 006210 -9524457.98360 0.0000224993
0059 006297 -9524259.25651 0.0000208649
0060 006383 -9524076.05124 0.0000192356
0061 006470 -9523908.16880 0.0000176272
0062 006557 -9523755.16725 0.0000160650
0063 006644 -9523616.38393 0.0000145723
0064 006725 -9523490.93016 0.0000131729
0065 006778 -9523377.70984 0.0000118885
0066 006829 -9523275.53731 0.0000107286
0067 006879 -9523183.27726 0.0000096878
Start evaluating ...
  Columns 1 through 7

    0.0034    0.0069    0.0102    0.0126    0.0148    0.0166    0.0180

  Columns 8 through 10

    0.0199    0.0216    0.0234

    0.0011

Elapsed time is 6944.019001 seconds.
