nohup: ignoring input

                            < M A T L A B (R) >
                  Copyright 1984-2016 The MathWorks, Inc.
                   R2016a (9.0.0.341360) 64-bit (glnxa64)
                             February 11, 2016

 
To get started, type one of these: helpwin, helpdesk, or demo.
For product information, visit www.mathworks.com.
 

	Academic License

Start learning ...
Init data [Dtype: delicious - Dspec: sp3/0550]
Init social model
Using adagrad ...
Params [lbd-U: 100.0000|lbd-V: 0.1000|lbd-N: 100.0000|lbd-Q: 0.1000]
Staring Sample 3 - Loc: save/ctrsmf/delicious-alg90-sp3-cold20170225114400927 
CTR-SMF Running ...

iter time likelihood converge
0001 000101 -5799928.15320 1.0000000000
0002 000213 -5640842.54031 0.0274288937
0003 000330 -5517772.59277 0.0218176534
0004 000450 -5480158.74987 0.0068168527
0005 000558 -5460782.85763 0.0035356443
0006 000664 -5445473.58613 0.0028034939
0007 000775 -5434928.51446 0.0019364839
0008 000883 -5428297.23155 0.0012201233
0009 000993 -5423697.83471 0.0008473001
0010 001100 -5420179.00604 0.0006487877
0011 001204 -5417276.24213 0.0005355476
0012 001308 -5414784.66128 0.0004599324
0013 001411 -5412604.06772 0.0004027110
0014 001512 -5410674.31356 0.0003565297
0015 001610 -5408954.41600 0.0003178712
0016 001711 -5407414.28154 0.0002847379
0017 001814 -5406030.44004 0.0002559156
0018 001916 -5404783.34524 0.0002306859
0019 002020 -5403655.71441 0.0002086357
0020 002118 -5402631.92362 0.0001894626
0021 002217 -5401698.06696 0.0001728522
0022 002313 -5400842.08224 0.0001584659
0023 002410 -5400053.63549 0.0001459859
0024 002505 -5399323.84648 0.0001351448
0025 002599 -5398645.06032 0.0001257169
0026 002692 -5398010.67213 0.0001175088
0027 002781 -5397414.94652 0.0001103602
0028 002871 -5396852.91190 0.0001041303
0029 002963 -5396320.39217 0.0000986723
0030 003055 -5395814.06586 0.0000938281
0031 003149 -5395331.43603 0.0000894452
0032 003240 -5394870.69670 0.0000853959
0033 003331 -5394430.53391 0.0000815891
0034 003423 -5394009.91527 0.0000779728
0035 003511 -5393607.92191 0.0000745259
0036 003597 -5393223.66685 0.0000712427
0037 003685 -5392856.31302 0.0000681140
0038 003770 -5392505.15148 0.0000651161
0039 003855 -5392169.66775 0.0000622130
0040 003941 -5391849.54388 0.0000593683
0041 004025 -5391544.60017 0.0000565564
0042 004110 -5391254.73648 0.0000537626
0043 004198 -5390979.91945 0.0000509746
0044 004283 -5390720.20360 0.0000481760
0045 004367 -5390475.72737 0.0000453513
0046 004452 -5390246.61165 0.0000425038
0047 004536 -5390032.83889 0.0000396592
0048 004620 -5389834.17523 0.0000368576
0049 004707 -5389650.09951 0.0000341524
0050 004786 -5389479.82040 0.0000315937
0051 004864 -5389322.39936 0.0000292089
0052 004941 -5389176.86044 0.0000270051
0053 005017 -5389042.24017 0.0000249797
0054 005097 -5388917.59494 0.0000231294
0055 005181 -5388802.02783 0.0000214453
0056 005257 -5388694.73984 0.0000199094
0057 005339 -5388595.04709 0.0000185004
0058 005415 -5388502.31912 0.0000172082
0059 005492 -5388415.94389 0.0000160295
0060 005568 -5388335.38817 0.0000149498
0061 005643 -5388260.24820 0.0000139449
0062 005722 -5388190.23272 0.0000129941
0063 005797 -5388125.10861 0.0000120865
0064 005863 -5388064.68371 0.0000112145
0065 005932 -5388008.79079 0.0000103735
0066 005998 -5387957.15786 0.0000095829
Start evaluating ...
  Columns 1 through 7

    0.0009    0.0013    0.0015    0.0016    0.0021    0.0022    0.0023

  Columns 8 through 10

    0.0025    0.0027    0.0029

   2.6122e-04

Elapsed time is 6087.331348 seconds.
