nohup: ignoring input

                            < M A T L A B (R) >
                  Copyright 1984-2016 The MathWorks, Inc.
                   R2016a (9.0.0.341360) 64-bit (glnxa64)
                             February 11, 2016

 
To get started, type one of these: helpwin, helpdesk, or demo.
For product information, visit www.mathworks.com.
 

	Academic License

Start learning ...
Init data [Dtype: delicious - Dspec: sp3/5050]
Init social model
Using adagrad ...
Params [lbd-U: 10.0000|lbd-V: 1.0000|lbd-N: 10.0000|lbd-Q: 0.0100]
Staring Sample 3 - Loc: save/ctrsmf/delicious-alg90-sp3-cold20170226203650294 
CTR-SMF Running ...

iter time likelihood converge
0001 000564 -51826139.81373 1.0000000000
0002 001207 -50587045.71852 0.0239086704
0003 001850 -49496720.66168 0.0215534440
0004 002493 -49173402.83338 0.0065321060
0005 003131 -49030864.33827 0.0028986909
0006 003745 -48935055.87870 0.0019540439
0007 004360 -48867573.35514 0.0013790221
0008 004970 -48818524.00293 0.0010037198
0009 005579 -48779776.31727 0.0007937087
0010 006188 -48747420.20393 0.0006633100
0011 006790 -48719467.53548 0.0005734184
0012 007394 -48694872.26009 0.0005048347
0013 007992 -48672999.86719 0.0004491724
0014 008595 -48653401.75404 0.0004026486
0015 009199 -48635735.51797 0.0003631038
0016 009804 -48619728.81445 0.0003291140
0017 010416 -48605159.21362 0.0002996644
0018 011018 -48591842.16307 0.0002739843
0019 011617 -48579622.77198 0.0002514700
0020 012223 -48568370.10178 0.0002316335
0021 012827 -48557972.85713 0.0002140744
0022 013437 -48548335.74085 0.0001984662
0023 014043 -48539376.40468 0.0001845447
0024 014656 -48531023.11232 0.0001720931
0025 015264 -48523213.05784 0.0001609291
0026 015868 -48515891.11139 0.0001508957
0027 016469 -48509008.33523 0.0001418664
0028 017073 -48502520.43722 0.0001337463
0029 017676 -48496386.95876 0.0001264569
0030 018282 -48490571.67376 0.0001199117
0031 018883 -48485043.30960 0.0001140091
0032 019491 -48479775.19737 0.0001086544
0033 020100 -48474745.12559 0.0001037561
0034 020694 -48469935.79531 0.0000992131
0035 021294 -48465334.80948 0.0000949245
0036 021897 -48460933.44474 0.0000908147
0037 022499 -48456725.87417 0.0000868240
0038 023099 -48452708.48034 0.0000829068
0039 023703 -48448877.76711 0.0000790609
0040 024299 -48445229.50833 0.0000753012
0041 024902 -48441759.13728 0.0000716349
0042 025504 -48438461.93668 0.0000680653
0043 026102 -48435332.65825 0.0000646032
0044 026703 -48432364.31723 0.0000612846
0045 027310 -48429548.57301 0.0000581377
0046 027818 -48426877.12039 0.0000551616
0047 028298 -48424341.11370 0.0000523678
0048 028776 -48421932.47650 0.0000497402
0049 029256 -48419646.29136 0.0000472138
0050 029709 -48417480.73093 0.0000447248
0051 030156 -48415434.51257 0.0000422620
0052 030593 -48413505.33078 0.0000398464
0053 031029 -48411689.71699 0.0000375022
0054 031464 -48409983.82642 0.0000352372
0055 031900 -48408384.28518 0.0000330416
0056 032333 -48406886.32861 0.0000309442
0057 032774 -48405483.33995 0.0000289832
0058 033209 -48404167.23091 0.0000271893
0059 033643 -48402928.78743 0.0000255855
0060 034076 -48401759.17413 0.0000241641
0061 034493 -48400651.68693 0.0000228811
0062 034905 -48399602.47506 0.0000216776
0063 035319 -48398609.74880 0.0000205110
0064 035738 -48397672.15939 0.0000193722
0065 036143 -48396787.31646 0.0000182828
0066 036542 -48395951.04200 0.0000172795
0067 036883 -48395158.07894 0.0000163849
0068 037189 -48394403.80009 0.0000155858
0069 037470 -48393685.44827 0.0000148437
0070 037752 -48393002.41787 0.0000141140
0071 038034 -48392355.15590 0.0000133751
0072 038316 -48391743.47081 0.0000126401
0073 038599 -48391165.92007 0.0000119349
0074 038882 -48390620.33079 0.0000112746
0075 039129 -48390104.53165 0.0000106591
0076 039388 -48389616.82628 0.0000100786
0077 039669 -48389156.30666 0.0000095169
Start evaluating ...
  Columns 1 through 7

    0.0848    0.1536    0.1865    0.2012    0.2082    0.2117    0.2139

  Columns 8 through 10

    0.2165    0.2182    0.2193

    0.0170

Elapsed time is 39771.147270 seconds.
