nohup: ignoring input

                            < M A T L A B (R) >
                  Copyright 1984-2016 The MathWorks, Inc.
                   R2016a (9.0.0.341360) 64-bit (glnxa64)
                             February 11, 2016

 
To get started, type one of these: helpwin, helpdesk, or demo.
For product information, visit www.mathworks.com.
 

	Academic License

Start learning ...
Init data [Dtype: delicious - Dspec: sp3/0550]
Init social model
Using adagrad ...
Params [lbd-U: 10.0000|lbd-V: 0.1000|lbd-N: 10.0000|lbd-Q: 0.1000]
Staring Sample 3 - Loc: save/ctr/delicious-alg80-sp3-cold20170225114344224 
CTR(chongwang) Running ...

iter time likelihood:[r:u:v] converge
0001 000063 -2466.00000:[0.00000:0.00000:-0.00000] 1.0000000000
0002 000156 -2445.51945:[42.20930:-4.55625:-15.07667] 0.0083051720
0003 000249 -2376.23952:[264.66283:-49.72567:-67.66614] 0.0283293313
0004 000340 -2201.35092:[784.02886:-135.09284:-250.91230] 0.0735988908
0005 000435 -1996.76352:[1679.25407:-378.02827:-441.08684] 0.0929372037
0006 000521 -1961.11758:[1968.00474:-486.69906:-497.18409] 0.0178518584
0007 000609 -1954.77356:[2038.74732:-515.65510:-514.88309] 0.0032349000
0008 000693 -1953.29874:[2063.37981:-526.39946:-521.16903] 0.0007544752
0009 000778 -1952.90059:[2071.14492:-529.78910:-523.13436] 0.0002038306
0010 000862 -1952.71954:[2073.81594:-530.85621:-523.86873] 0.0000927121
0011 000948 -1952.64733:[2074.96671:-531.27379:-524.23717] 0.0000369801
0012 001036 -1952.65067:[2075.53199:-531.47261:-524.46452] 0.0000017148
Start evaluating ...
  Columns 1 through 7

    0.0005    0.0006    0.0008    0.0016    0.0023    0.0024    0.0025

  Columns 8 through 10

    0.0026    0.0028    0.0028

   3.6330e-04

Elapsed time is 1159.717319 seconds.
