nohup: ignoring input

                            < M A T L A B (R) >
                  Copyright 1984-2016 The MathWorks, Inc.
                   R2016a (9.0.0.341360) 64-bit (glnxa64)
                             February 11, 2016

 
To get started, type one of these: helpwin, helpdesk, or demo.
For product information, visit www.mathworks.com.
 

	Academic License

Start learning ...
Init data [Dtype: delicious - Dspec: sp3/1050]
Init social model
Using adagrad ...
Could not use CUDA
Params [lbd-U: 0.1000|lbd-V: 10.0000|lbd-N: 0.1000|lbd-Q: 0.1000]
Staring Sample 3 - Loc: save/ctrsmf/delicious-alg90-sp3-cold20170225114500116 
CTR-SMF Running ...

iter time likelihood converge
0001 000154 -10230075.45949 1.0000000000
0002 000303 -9959969.07352 0.0264031665
0003 000454 -9744259.91898 0.0216576129
0004 000594 -9678972.62458 0.0067000773
0005 000732 -9646720.20326 0.0033322154
0006 000870 -9622368.98903 0.0025242998
0007 001008 -9605630.21776 0.0017395686
0008 001146 -9594694.76171 0.0011384423
0009 001279 -9586797.07964 0.0008231301
0010 001413 -9580590.46816 0.0006474124
0011 001541 -9575402.55499 0.0005415024
0012 001672 -9570927.92177 0.0004673050
0013 001806 -9567006.39501 0.0004097332
0014 001937 -9563535.08716 0.0003628416
0015 002065 -9560439.33101 0.0003237042
0016 002191 -9557661.43518 0.0002905615
0017 002318 -9555155.22159 0.0002622204
0018 002443 -9552882.80801 0.0002378207
0019 002566 -9550812.38968 0.0002167323
0020 002685 -9548916.90280 0.0001984634
0021 002807 -9547173.31951 0.0001825949
0022 002932 -9545562.06674 0.0001687675
0023 003057 -9544066.40632 0.0001566865
0024 003175 -9542671.86023 0.0001461166
0025 003292 -9541365.79863 0.0001368654
0026 003412 -9540137.24653 0.0001287606
0027 003527 -9538976.90188 0.0001216277
0028 003637 -9537877.30816 0.0001152738
0029 003745 -9536832.85635 0.0001095057
0030 003856 -9535839.22569 0.0001041887
0031 003967 -9534892.84881 0.0000992442
0032 004079 -9533990.70502 0.0000946150
0033 004186 -9533130.16781 0.0000902599
0034 004305 -9532308.91203 0.0000861475
0035 004416 -9531524.90281 0.0000822476
0036 004525 -9530776.40978 0.0000785282
0037 004636 -9530062.01942 0.0000749562
0038 004743 -9529380.64380 0.0000714975
0039 004849 -9528731.51616 0.0000681186
0040 004951 -9528114.16946 0.0000647879
0041 005057 -9527528.35097 0.0000614832
0042 005161 -9526973.79129 0.0000582060
0043 005263 -9526449.90483 0.0000549898
0044 005360 -9525955.67610 0.0000518796
0045 005466 -9525489.76629 0.0000489095
0046 005572 -9525050.67663 0.0000460963
0047 005677 -9524636.86333 0.0000434447
0048 005769 -9524246.81732 0.0000409513
0049 005856 -9523879.17268 0.0000386009
0050 005946 -9523532.81873 0.0000363669
0051 006030 -9523206.93152 0.0000342192
0052 006081 -9522900.91417 0.0000321339
0053 006157 -9522614.25748 0.0000301018
0054 006243 -9522346.34130 0.0000281347
0055 006317 -9522096.29156 0.0000262593
0056 006366 -9521862.98602 0.0000245015
0057 006415 -9521645.20714 0.0000228715
0058 006464 -9521441.84721 0.0000213576
0059 006512 -9521252.04110 0.0000199346
0060 006561 -9521075.19041 0.0000185743
0061 006610 -9520910.85114 0.0000172606
0062 006665 -9520758.60059 0.0000159912
0063 006723 -9520617.98521 0.0000147693
0064 006783 -9520488.49854 0.0000136007
0065 006833 -9520369.55016 0.0000124939
0066 006884 -9520260.45158 0.0000114595
0067 006933 -9520160.44887 0.0000105042
0068 006980 -9520068.77735 0.0000096292
Start evaluating ...
  Columns 1 through 7

    0.0111    0.0121    0.0129    0.0135    0.0143    0.0150    0.0158

  Columns 8 through 10

    0.0164    0.0176    0.0183

    0.0044

Elapsed time is 7046.527015 seconds.
