nohup: ignoring input

                            < M A T L A B (R) >
                  Copyright 1984-2016 The MathWorks, Inc.
                   R2016a (9.0.0.341360) 64-bit (glnxa64)
                             February 11, 2016

 
To get started, type one of these: helpwin, helpdesk, or demo.
For product information, visit www.mathworks.com.
 

	Academic License

Start learning ...
Init data [Dtype: delicious - Dspec: sp3/2550]
Init social model
Using adagrad ...
Params [lbd-U: 0.1000|lbd-V: 100.0000|lbd-N: 0.1000|lbd-Q: 0.0500]
Staring Sample 3 - Loc: save/ctr/delicious-alg80-sp3-cold20170226125821588 
CTR(chongwang) Running ...

iter time likelihood:[r:u:v] converge
0001 000190 -15925.00000:[0.00000:0.00000:-0.00000] 1.0000000000
0002 000378 -14571.42239:[3076.42427:-279.61427:-386.55732] 0.0849970242
0003 000562 -13317.09164:[7030.69819:-1243.04147:-1507.48274] 0.0860815587
0004 000748 -12713.30807:[10419.31969:-2453.78578:-2213.86915] 0.0453389964
0005 001026 -12602.04195:[11284.12129:-2826.89481:-2357.59685] 0.0087519405
0006 001299 -12566.47672:[11471.89018:-2900.63222:-2389.49862] 0.0028221801
0007 001574 -12559.02060:[11530.09766:-2923.30864:-2405.66416] 0.0005933340
0008 001845 -12567.84909:[11544.89918:-2933.77013:-2419.69835] 0.0007029599
0009 002115 -12586.34092:[11537.98855:-2939.19207:-2433.39865] 0.0014713597
0010 002386 -12610.35752:[11518.72897:-2941.73609:-2446.83105] 0.0019081479
0011 002646 -12637.29307:[11492.31744:-2942.41000:-2459.84002] 0.0021359863
0012 002908 -12665.52455:[11461.88370:-2941.80273:-2472.29631] 0.0022339820
0013 003169 -12694.05743:[11429.35941:-2940.29219:-2484.12714] 0.0022527988
0014 003427 -12722.29023:[11395.95009:-2938.13157:-2495.30392] 0.0022240959
0015 003688 -12749.86254:[11362.41653:-2935.49578:-2505.82594] 0.0021672438
0016 003954 -12776.56054:[11329.24547:-2932.50953:-2515.70821] 0.0020939836
0017 004216 -12802.25969:[11296.75308:-2929.26475:-2524.97374] 0.0020114296
0018 004475 -12826.89011:[11265.14766:-2925.83143:-2533.64898] 0.0019239121
0019 004738 -12850.41556:[11234.56817:-2922.26453:-2541.76126] 0.0018340728
0020 005005 -12872.82034:[11205.10853:-2918.60855:-2549.33735] 0.0017435058
0021 005264 -12894.10099:[11176.83326:-2914.90057:-2556.40278] 0.0016531459
0022 005530 -12914.26117:[11149.78790:-2911.17243:-2562.98155] 0.0015635200
0023 005795 -12933.30877:[11124.00558:-2907.45227:-2569.09619] 0.0014749269
0024 006058 -12951.25434:[11099.51077:-2903.76538:-2574.76794] 0.0013875468
0025 006323 -12968.11029:[11076.32149:-2900.13467:-2580.01674] 0.0013014917
0026 006588 -12983.89031:[11054.45051:-2896.58092:-2584.86128] 0.0012168327
0027 006848 -12998.60901:[11033.90615:-2893.12288:-2589.31898] 0.0011336124
0028 007106 -13012.28218:[11014.69218:-2889.77735:-2593.40623] 0.0010518955
0029 007367 -13024.92765:[10996.80699:-2886.55915:-2597.13876] 0.0009718097
0030 007626 -13036.56573:[10980.24308:-2883.48113:-2600.53188] 0.0008935237
0031 007876 -13047.21946:[10964.98694:-2880.55413:-2603.60068] 0.0008172191
0032 008135 -13056.91470:[10951.01892:-2877.78700:-2606.36004] 0.0007430888
0033 008392 -13065.68005:[10938.31344:-2875.18665:-2608.82473] 0.0006713182
0034 008648 -13073.54637:[10926.83963:-2872.75809:-2611.00933] 0.0006020599
0035 008904 -13080.54686:[10916.56156:-2870.50461:-2612.92828] 0.0005354701
0036 009157 -13086.71743:[10907.43800:-2868.42781:-2614.59618] 0.0004717364
0037 009415 -13092.09704:[10899.42221:-2866.52770:-2616.02796] 0.0004110741
0038 009669 -13096.72779:[10892.46214:-2864.80274:-2617.23900] 0.0003537052
0039 009916 -13100.65397:[10886.50159:-2863.24995:-2618.24497] 0.0002997838
0040 010149 -13103.92142:[10881.48164:-2861.86517:-2619.06176] 0.0002494108
0041 010370 -13106.57733:[10877.34110:-2860.64322:-2619.70552] 0.0002026805
0042 010551 -13108.66977:[10874.01717:-2859.57793:-2620.19249] 0.0001596485
0043 010729 -13110.24685:[10871.44643:-2858.66235:-2620.53873] 0.0001203075
0044 010908 -13111.35558:[10869.56637:-2857.88894:-2620.75983] 0.0000845700
0045 011087 -13112.04101:[10868.31676:-2857.24987:-2620.87059] 0.0000522775
0046 011268 -13112.34590:[10867.64004:-2856.73716:-2620.88488] 0.0000232531
0047 011447 -13112.31092:[10867.48104:-2856.34270:-2620.81564] 0.0000026683
Start evaluating ...
  Columns 1 through 7

    0.0730    0.0912    0.0988    0.1039    0.1080    0.1111    0.1134

  Columns 8 through 10

    0.1153    0.1168    0.1186

    0.0128

Elapsed time is 11543.708645 seconds.
