nohup: ignoring input

                            < M A T L A B (R) >
                  Copyright 1984-2016 The MathWorks, Inc.
                   R2016a (9.0.0.341360) 64-bit (glnxa64)
                             February 11, 2016

 
To get started, type one of these: helpwin, helpdesk, or demo.
For product information, visit www.mathworks.com.
 

	Academic License

Start learning ...
Init data [Dtype: delicious - Dspec: sp3/2550]
Init social model
Using adagrad ...
Load pretrained shallow-model...
Params [lbd-U: 0.1000|lbd-V: 100.0000|lbd-N: 0.1000|lbd-Q: 0.0500]
Staring Sample 3 - Loc: save/bcdl/delicious-alg61-sp3-cold20170226125817357 
CTR(chongwang)-DAE(User graph) Running - Walks(1)...
-1/200: 59036.467099/15458.368994/43578.098105/1.000000000
-2/200: 58605.232392/15106.963645/43498.268747/0.007304548
-3/200: 58028.133028/14533.333130/43494.799898/0.009847233
-4/200: 57687.553883/14194.515313/43493.038570/0.005869207
-5/200: 57509.337541/14019.052456/43490.285085/0.003089338
-6/200: 57414.656087/13925.853555/43488.802532/0.001646367
-7/200: 57370.946805/13881.327125/43489.619680/0.000761291
-8/200: 57355.712823/13867.067295/43488.645528/0.000265535
-9/200: 57358.313871/13871.464724/43486.849147/0.000045349
-10/200: 57373.085403/13887.075650/43486.009753/0.000257531
-11/200: 57393.454418/13909.298704/43484.155714/0.000355027
-12/200: 57417.342076/13935.288711/43482.053365/0.000416209
-13/200: 57445.248736/13963.265056/43481.983680/0.000486032
-14/200: 57473.421764/13992.128536/43481.293228/0.000490433
-15/200: 57500.177869/14021.216742/43478.961127/0.000465539
-16/200: 57528.030296/14050.055040/43477.975256/0.000484389
-17/200: 57555.986199/14078.350824/43477.635375/0.000485953
-18/200: 57583.667771/14105.911714/43477.756057/0.000480950
-19/200: 57608.128966/14132.624760/43475.504206/0.000424794
-20/200: 57633.048133/14158.369322/43474.678811/0.000432563
-21/200: 57655.291355/14183.108233/43472.183122/0.000385946
-22/200: 57679.134228/14206.778918/43472.355310/0.000413542
-23/200: 57700.848447/14229.340041/43471.508406/0.000376466
-24/200: 57721.649192/14250.761126/43470.888066/0.000360493
-25/200: 57739.580178/14271.050883/43468.529295/0.000310646
-26/200: 57757.289357/14290.181345/43467.108012/0.000306708
-27/200: 57773.862259/14308.154779/43465.707480/0.000286940
-28/200: 57791.382825/14324.973899/43466.408926/0.000303261
-29/200: 57805.796994/14340.643306/43465.153688/0.000249417
-30/200: 57818.154256/14355.183769/43462.970487/0.000213772
-31/200: 57830.881971/14368.609833/43462.272138/0.000220134
-32/200: 57842.350257/14380.941695/43461.408562/0.000198307
-33/200: 57850.558642/14392.207135/43458.351507/0.000141910
-34/200: 57861.314169/14402.422285/43458.891884/0.000185919
-35/200: 57867.977697/14411.630880/43456.346817/0.000115164
-36/200: 57876.166414/14419.862718/43456.303696/0.000141507
-37/200: 57882.442377/14427.162971/43455.279406/0.000108438
-38/200: 57887.137167/14433.550068/43453.587099/0.000081109
-39/200: 57892.046700/14439.080306/43452.966394/0.000084812
-40/200: 57895.172003/14443.785445/43451.386558/0.000053985
-41/200: 57899.100714/14447.712884/43451.387830/0.000067859
-42/200: 57901.136448/14450.901041/43450.235407/0.000035160
-43/200: 57902.487737/14453.399514/43449.088223/0.000023338
-44/200: 57903.407348/14455.241031/43448.166317/0.000015882
-45/200: 57903.103274/14456.490859/43446.612415/0.000005251
-46/200: 57902.656977/14457.174074/43445.482903/0.000007708
-47/200: 57902.412253/14457.347789/43445.064464/0.000004226
-48/200: 57900.668276/14457.055080/43443.613196/0.000030119
-49/200: 57898.013284/14456.343041/43441.670243/0.000045854
-50/200: 57895.871113/14455.250192/43440.620921/0.000036999
-51/200: 57893.759474/14453.823262/43439.936212/0.000036473
-52/200: 57892.028631/14452.089500/43439.939131/0.000029897
-53/200: 57887.465515/14450.100254/43437.365261/0.000078821
-54/200: 57884.335549/14447.889001/43436.446548/0.000054070
-55/200: 57881.435231/14445.487315/43435.947916/0.000050105
-56/200: 57877.634556/14442.935857/43434.698699/0.000065663
-57/200: 57873.658870/14440.262794/43433.396076/0.000068691
-58/200: 57869.626656/14437.493637/43432.133019/0.000069673
-59/200: 57865.481880/14434.662332/43430.819548/0.000071623
-60/200: 57862.470968/14431.771652/43430.699316/0.000052033
-61/200: 57857.559828/14428.848476/43428.711352/0.000084876
-62/200: 57854.849985/14425.910363/43428.939622/0.000046836
-63/200: 57849.944096/14422.964950/43426.979146/0.000084796
-64/200: 57847.321434/14420.031556/43427.289878/0.000045336
-65/200: 57842.679985/14417.114518/43425.565467/0.000080236
-66/200: 57837.935788/14414.213921/43423.721867/0.000082019
-67/200: 57833.361432/14411.345975/43422.015457/0.000079089
-68/200: 57829.725106/14408.504521/43421.220585/0.000062876
-69/200: 57826.017932/14405.698402/43420.319530/0.000064105
-70/200: 57821.919221/14402.932206/43418.987015/0.000070880
-71/200: 57818.671521/14400.203089/43418.468432/0.000056167
-72/200: 57815.275943/14397.507626/43417.768317/0.000058728
-73/200: 57811.563989/14394.850857/43416.713132/0.000064204
-74/200: 57807.199927/14392.232396/43414.967531/0.000075488
-75/200: 57803.292119/14389.645491/43413.646628/0.000067601
-76/200: 57800.410224/14387.090866/43413.319358/0.000049857
-77/200: 57796.732721/14384.572983/43412.159738/0.000063624
-78/200: 57794.229187/14382.078054/43412.151133/0.000043316
-79/200: 57789.445533/14379.614465/43409.831068/0.000082770
-80/200: 57785.506441/14377.182997/43408.323444/0.000068163
-81/200: 57782.745719/14374.773012/43407.972707/0.000047775
-82/200: 57779.463361/14372.395290/43407.068071/0.000056805
-83/200: 57775.241857/14370.037644/43405.204213/0.000073062
-84/200: 57771.797080/14367.708483/43404.088597/0.000059624
-85/200: 57768.731604/14365.401875/43403.329729/0.000053062
-86/200: 57765.961588/14363.120321/43402.841267/0.000047950
-87/200: 57762.278673/14360.858190/43401.420483/0.000063756
-88/200: 57759.317127/14358.619058/43400.698069/0.000051271
-89/200: 57755.629788/14356.404925/43399.224863/0.000063840
-90/200: 57752.755917/14354.206424/43398.549493/0.000049759
-91/200: 57749.969013/14352.026980/43397.942033/0.000048256
-92/200: 57746.611360/14349.869127/43396.742233/0.000058141
-93/200: 57742.839938/14347.728703/43395.111235/0.000065310
-94/200: 57741.055412/14345.610188/43395.445224/0.000030905
-95/200: 57737.153654/14343.507931/43393.645723/0.000067573
-96/200: 57733.460741/14341.423492/43392.037249/0.000063961
-97/200: 57730.211044/14339.360704/43390.850340/0.000056288
-98/200: 57727.587658/14337.312747/43390.274911/0.000045442
-99/200: 57725.003627/14335.281623/43389.722004/0.000044762
Recall at EP-100 ...
  Columns 1 through 7

    0.0627    0.0837    0.0905    0.0945    0.0980    0.1008    0.1032

  Columns 8 through 10

    0.1049    0.1068    0.1080

Mrr at EP-100 ...
    0.0104

-100/200: 57720.650962/14333.264845/43387.386117/0.000075403
-101/200: 57718.676009/14331.262873/43387.413136/0.000034216
-102/200: 57714.898021/14329.278754/43385.619267/0.000065455
-103/200: 57712.409863/14327.309730/43385.100133/0.000043111
-104/200: 57709.579393/14325.355536/43384.223857/0.000049044
-105/200: 57706.965214/14323.413734/43383.551480/0.000045299
-106/200: 57702.670663/14321.490002/43381.180661/0.000074420
-107/200: 57699.764373/14319.578023/43380.186350/0.000050367
-108/200: 57698.540163/14317.679483/43380.860680/0.000021217
-109/200: 57695.068794/14315.792637/43379.276157/0.000060164
-110/200: 57691.563274/14313.920330/43377.642944/0.000060759
-111/200: 57687.822249/14312.065030/43375.757219/0.000064845
-112/200: 57685.604349/14310.220761/43375.383588/0.000038447
-113/200: 57682.486798/14308.388392/43374.098406/0.000054044
-114/200: 57679.469021/14306.570559/43372.898462/0.000052317
-115/200: 57676.151070/14304.766262/43371.384808/0.000057524
-116/200: 57673.853433/14302.969042/43370.884391/0.000039837
-117/200: 57671.222731/14301.186364/43370.036367/0.000045613
-118/200: 57667.825065/14299.411820/43368.413245/0.000058914
-119/200: 57665.263903/14297.655716/43367.608187/0.000044412
-120/200: 57663.433371/14295.902829/43367.530542/0.000031744
-121/200: 57660.710698/14294.163123/43366.547575/0.000047217
-122/200: 57657.926064/14292.432831/43365.493233/0.000048293
-123/200: 57654.186426/14290.716911/43363.469515/0.000064859
-124/200: 57652.593711/14289.010846/43363.582865/0.000027625
-125/200: 57649.661567/14287.314810/43362.346757/0.000050859
-126/200: 57646.350902/14285.626740/43360.724162/0.000057427
-127/200: 57643.274301/14283.954024/43359.320277/0.000053370
-128/200: 57639.739223/14282.290442/43357.448781/0.000061327
-129/200: 57639.355253/14280.631345/43358.723908/0.000006662
-130/200: 57635.954624/14278.983502/43356.971122/0.000058998
-131/200: 57632.160428/14277.348398/43354.812030/0.000065830
-132/200: 57629.414216/14275.721351/43353.692865/0.000047651
-133/200: 57626.710736/14274.108133/43352.602603/0.000046911
-134/200: 57625.153725/14272.501837/43352.651888/0.000027019
-135/200: 57622.160527/14270.904495/43351.256032/0.000051943
-136/200: 57619.421277/14269.312321/43350.108956/0.000047538
-137/200: 57617.061457/14267.732439/43349.329018/0.000040955
-138/200: 57614.592870/14266.160364/43348.432506/0.000042845
-139/200: 57612.471651/14264.595278/43347.876373/0.000036817
-140/200: 57609.293858/14263.039219/43346.254639/0.000055158
-141/200: 57605.385856/14261.495865/43343.889991/0.000067836
-142/200: 57604.212334/14259.957607/43344.254727/0.000020372
-143/200: 57600.591294/14258.429613/43342.161681/0.000062861
-144/200: 57599.460139/14256.904609/43342.555530/0.000019638
-145/200: 57595.758653/14255.396541/43340.362112/0.000064263
-146/200: 57594.393482/14253.886775/43340.506707/0.000023703
-147/200: 57591.563617/14252.386415/43339.177202/0.000049134
-148/200: 57589.358983/14250.896135/43338.462848/0.000038281
-149/200: 57586.310087/14249.412905/43336.897182/0.000052942
-150/200: 57583.185223/14247.936694/43335.248529/0.000054264
-151/200: 57581.292574/14246.470869/43334.821705/0.000032868
-152/200: 57579.007569/14245.011350/43333.996219/0.000039683
-153/200: 57577.366756/14243.560227/43333.806529/0.000028497
-154/200: 57574.332995/14242.108876/43332.224119/0.000052690
-155/200: 57571.046489/14240.670609/43330.375880/0.000057083
-156/200: 57568.533942/14239.240387/43329.293555/0.000043643
-157/200: 57566.464201/14237.815833/43328.648368/0.000035953
-158/200: 57565.184154/14236.399309/43328.784845/0.000022236
-159/200: 57561.225277/14234.989701/43326.235576/0.000068772
-160/200: 57558.580675/14233.586237/43324.994438/0.000045944
-161/200: 57557.493658/14232.188714/43325.304944/0.000018885
-162/200: 57555.047378/14230.798395/43324.248983/0.000042501
-163/200: 57552.304424/14229.412158/43322.892266/0.000047658
-164/200: 57548.138595/14228.037416/43320.101179/0.000072383
-165/200: 57547.306149/14226.667381/43320.638768/0.000014465
-166/200: 57543.918527/14225.302563/43318.615964/0.000058867
-167/200: 57542.385388/14223.939255/43318.446133/0.000026643
-168/200: 57540.415571/14222.586716/43317.828855/0.000034232
-169/200: 57537.504424/14221.241968/43316.262456/0.000050593
-170/200: 57535.146370/14219.900141/43315.246229/0.000040983
-171/200: 57531.344360/14218.566424/43312.777936/0.000066082
-172/200: 57531.165782/14217.239022/43313.926760/0.000003104
-173/200: 57527.718133/14215.916378/43311.801755/0.000059927
-174/200: 57525.194722/14214.603106/43310.591616/0.000043864
-175/200: 57524.372946/14213.292053/43311.080893/0.000014285
-176/200: 57520.067977/14211.988711/43308.079266/0.000074837
-177/200: 57518.168219/14210.690488/43307.477731/0.000033028
-178/200: 57517.276563/14209.396950/43307.879613/0.000015502
-179/200: 57514.129273/14208.107287/43306.021986/0.000054719
-180/200: 57511.868969/14206.825387/43305.043582/0.000039300
-181/200: 57508.751816/14205.552010/43303.199806/0.000054200
-182/200: 57508.254506/14204.277361/43303.977145/0.000008648
-183/200: 57504.305774/14203.012969/43301.292805/0.000068664
-184/200: 57501.947152/14201.755361/43300.191791/0.000041016
-185/200: 57500.152741/14200.497909/43299.654832/0.000031206
-186/200: 57497.126971/14199.249522/43297.877449/0.000052622
-187/200: 57496.322835/14198.003224/43298.319611/0.000013986
-188/200: 57493.466379/14196.768634/43296.697745/0.000049681
-189/200: 57491.009448/14195.533295/43295.476153/0.000042734
-190/200: 57488.981410/14194.302138/43294.679272/0.000035276
-191/200: 57486.179671/14193.080059/43293.099612/0.000048735
-192/200: 57484.619828/14191.861551/43292.758277/0.000027134
-193/200: 57481.827725/14190.645853/43291.181872/0.000048571
-194/200: 57479.502716/14189.437097/43290.065619/0.000040448
-195/200: 57476.609384/14188.236622/43288.372762/0.000050337
-196/200: 57475.460184/14187.037143/43288.423041/0.000019994
-197/200: 57473.911095/14185.838421/43288.072674/0.000026952
-198/200: 57472.062483/14184.649342/43287.413141/0.000032164
-199/200: 57469.672360/14183.462177/43286.210183/0.000041588
-200/200: 57466.692511/14182.273564/43284.418947/0.000051851
Start evaluating ...
  Columns 1 through 7

    0.0626    0.0834    0.0902    0.0943    0.0980    0.1008    0.1029

  Columns 8 through 10

    0.1048    0.1069    0.1083

    0.0105

Elapsed time is 37219.452335 seconds.
