nohup: ignoring input

                            < M A T L A B (R) >
                  Copyright 1984-2016 The MathWorks, Inc.
                   R2016a (9.0.0.341360) 64-bit (glnxa64)
                             February 11, 2016

 
To get started, type one of these: helpwin, helpdesk, or demo.
For product information, visit www.mathworks.com.
 

	Academic License

Start learning ...
Init data [Dtype: delicious - Dspec: sp3/1050]
Init social model
Using adagrad ...
Could not use CUDA
Params [lbd-U: 1.0000|lbd-V: 100.0000|lbd-N: 1.0000|lbd-Q: 0.1000]
Staring Sample 3 - Loc: save/ctr/delicious-alg80-sp3-cold20170225114427143 
CTR(chongwang) Running ...

iter time likelihood:[r:u:v] converge
0001 000102 -4397.00000:[0.00000:0.00000:-0.00000] 1.0000000000
0002 000201 -4299.64922:[205.69238:-72.91167:-2.83562] 0.0221402722
0003 000296 -4279.69240:[247.24154:-91.64225:-3.90375] 0.0046414993
0004 000394 -4279.82995:[245.02668:-89.70405:-3.79755] 0.0000321383
0005 000492 -4281.44751:[240.50638:-87.05427:-3.63791] 0.0003779503
0006 000585 -4282.85024:[236.96962:-85.11123:-3.51960] 0.0003276293
0007 000674 -4284.04953:[234.09504:-83.58735:-3.42688] 0.0002800226
0008 000764 -4285.09971:[231.65393:-82.32273:-3.35002] 0.0002451373
0009 000858 -4286.03539:[229.51548:-81.22927:-3.28361] 0.0002183568
0010 000953 -4286.87748:[227.60784:-80.26038:-3.22475] 0.0001964731
0011 001052 -4287.63976:[225.88908:-79.39040:-3.17188] 0.0001778160
0012 001143 -4288.33239:[224.33164:-78.60354:-3.12403] 0.0001615406
0013 001233 -4288.96349:[222.91523:-77.88877:-3.08055] 0.0001471675
0014 001324 -4289.53979:[221.62365:-77.23753:-3.04090] 0.0001343677
0015 001410 -4290.06695:[220.44350:-76.64282:-3.00468] 0.0001228957
0016 001496 -4290.54985:[219.36340:-76.09875:-2.97154] 0.0001125603
0017 001579 -4290.99267:[218.37362:-75.60032:-2.94116] 0.0001032086
0018 001670 -4291.39909:[217.46569:-75.14318:-2.91329] 0.0000947153
0019 001755 -4291.77234:[216.63220:-74.72354:-2.88770] 0.0000869754
0020 001845 -4292.11525:[215.86666:-74.33810:-2.86419] 0.0000798997
0021 001928 -4292.43034:[215.16332:-73.98392:-2.84259] 0.0000734116
0022 002017 -4292.71984:[214.51709:-73.65841:-2.82274] 0.0000674457
0023 002102 -4292.98576:[213.92343:-73.35928:-2.80449] 0.0000619465
0024 002181 -4293.22989:[213.37827:-73.08445:-2.78773] 0.0000568670
0025 002265 -4293.45386:[212.87795:-72.83209:-2.77234] 0.0000521669
0026 002346 -4293.65913:[212.41916:-72.60052:-2.75823] 0.0000478110
0027 002428 -4293.84706:[211.99887:-72.38823:-2.74529] 0.0000437683
0028 002509 -4294.01887:[211.61434:-72.19383:-2.73344] 0.0000400128
0029 002590 -4294.17570:[211.26302:-72.01605:-2.72262] 0.0000365231
0030 002672 -4294.31861:[210.94258:-71.85372:-2.71274] 0.0000332816
0031 002759 -4294.44861:[210.65079:-71.70575:-2.70374] 0.0000302727
0032 002847 -4294.56664:[210.38560:-71.57110:-2.69555] 0.0000274831
0033 002927 -4294.67358:[210.14503:-71.44882:-2.68813] 0.0000249015
0034 003011 -4294.77029:[209.92723:-71.33797:-2.68141] 0.0000225189
0035 003086 -4294.85759:[209.73042:-71.23768:-2.67533] 0.0000203270
0036 003166 -4294.93626:[209.55289:-71.14712:-2.66986] 0.0000183174
0037 003247 -4295.00705:[209.39301:-71.06547:-2.66493] 0.0000164810
0038 003324 -4295.07065:[209.24925:-70.99198:-2.66049] 0.0000148074
0039 003403 -4295.12771:[209.12015:-70.92592:-2.65652] 0.0000132859
0040 003480 -4295.17884:[209.00438:-70.86662:-2.65296] 0.0000119053
0041 003559 -4295.22461:[208.90068:-70.81345:-2.64977] 0.0000106553
0042 003639 -4295.26553:[208.80791:-70.76585:-2.64692] 0.0000095260
Start evaluating ...
  Columns 1 through 7

    0.0023    0.0045    0.0060    0.0072    0.0081    0.0085    0.0091

  Columns 8 through 10

    0.0099    0.0106    0.0115

   6.9601e-04

Elapsed time is 3737.468655 seconds.
