nohup: ignoring input

                            < M A T L A B (R) >
                  Copyright 1984-2016 The MathWorks, Inc.
                   R2016a (9.0.0.341360) 64-bit (glnxa64)
                             February 11, 2016

 
To get started, type one of these: helpwin, helpdesk, or demo.
For product information, visit www.mathworks.com.
 

	Academic License

Start learning ...
Init data [Dtype: delicious - Dspec: sp3/1050]
Init social model
Using adagrad ...
Could not use CUDA
Params [lbd-U: 0.1000|lbd-V: 0.0100|lbd-N: 0.1000|lbd-Q: 0.1000]
Staring Sample 3 - Loc: save/ctr/delicious-alg80-sp3-cold20170225114425013 
CTR(chongwang) Running ...

iter time likelihood:[r:u:v] converge
0001 000099 -4397.00000:[0.00000:0.00000:-0.00000] 1.0000000000
0002 000202 -438.38208:[8128.76426:-105.61410:-50.80753] 0.9002997319
0003 000292 -382.98921:[8148.99556:-60.41736:-49.31184] 0.1263575045
0004 000391 -379.47908:[8154.07408:-59.36319:-48.88741] 0.0091650862
0005 000496 -377.78533:[8156.32731:-58.77248:-48.76640] 0.0044633668
0006 000585 -376.72754:[8157.59589:-58.34991:-48.76875] 0.0027999758
0007 000672 -375.97832:[8158.36946:-57.99974:-48.82920] 0.0019887581
0008 000768 -375.41205:[8158.84564:-57.68896:-48.92074] 0.0015061131
0009 000860 -374.96847:[8159.12626:-57.40480:-49.03046] 0.0011815978
0010 000948 -374.61320:[8159.27210:-57.14149:-49.15101] 0.0009474513
0011 001037 -374.32426:[8159.32264:-56.89586:-49.27769] 0.0007713112
0012 001122 -374.08647:[8159.30490:-56.66590:-49.40724] 0.0006352452
0013 001211 -373.88888:[8159.23799:-56.45010:-49.53737] 0.0005281888
0014 001297 -373.72334:[8159.13577:-56.24728:-49.66644] 0.0004427565
0015 001392 -373.58365:[8159.00840:-56.05643:-49.79330] 0.0003737822
0016 001484 -373.46502:[8158.86349:-55.87669:-49.91715] 0.0003175438
0017 001580 -373.36370:[8158.70676:-55.70727:-50.03747] 0.0002713001
0018 001670 -373.27671:[8158.54255:-55.54749:-50.15390] 0.0002329953
0019 001753 -373.20166:[8158.37417:-55.39670:-50.26625] 0.0002010619
0020 001838 -373.13661:[8158.20414:-55.25432:-50.37440] 0.0001742867
0021 001924 -373.08000:[8158.03440:-55.11983:-50.47831] 0.0001517186
0022 002012 -373.03053:[8157.86640:-54.99274:-50.57800] 0.0001326028
0023 002098 -372.98713:[8157.70125:-54.87259:-50.67353] 0.0001163346
0024 002185 -372.94893:[8157.53977:-54.75897:-50.76496] 0.0001024256
0025 002269 -372.91519:[8157.38256:-54.65148:-50.85241] 0.0000904804
0026 002351 -372.88529:[8157.23003:-54.54978:-50.93599] 0.0000801777
0027 002434 -372.85872:[8157.08247:-54.45352:-51.01582] 0.0000712556
0028 002511 -372.83504:[8156.94006:-54.36239:-51.09203] 0.0000634995
0029 002594 -372.81389:[8156.80291:-54.27610:-51.16475] 0.0000567327
0030 002676 -372.79495:[8156.67103:-54.19437:-51.23411] 0.0000508094
0031 002757 -372.77794:[8156.54440:-54.11696:-51.30025] 0.0000456083
0032 002839 -372.76265:[8156.42298:-54.04362:-51.36329] 0.0000410280
0033 002916 -372.74886:[8156.30666:-53.97413:-51.42336] 0.0000369836
0034 002998 -372.73641:[8156.19534:-53.90828:-51.48060] 0.0000334039
0035 003075 -372.72514:[8156.08888:-53.84587:-51.53510] 0.0000302286
0036 003155 -372.71493:[8155.98716:-53.78670:-51.58701] 0.0000274074
0037 003232 -372.70565:[8155.89001:-53.73062:-51.63642] 0.0000248975
0038 003311 -372.69720:[8155.79728:-53.67745:-51.68345] 0.0000226619
0039 003389 -372.68950:[8155.70883:-53.62703:-51.72821] 0.0000206681
0040 003459 -372.68246:[8155.62449:-53.57922:-51.77078] 0.0000188872
0041 003538 -372.67602:[8155.54410:-53.53388:-51.81128] 0.0000172942
0042 003609 -372.67010:[8155.46750:-53.49089:-51.84980] 0.0000158683
0043 003686 -372.66466:[8155.39455:-53.45010:-51.88642] 0.0000145918
0044 003761 -372.65965:[8155.32508:-53.41142:-51.92123] 0.0000134497
0045 003839 -372.65502:[8155.25896:-53.37472:-51.95432] 0.0000124284
0046 003915 -372.65073:[8155.19604:-53.33990:-51.98575] 0.0000115156
0047 003992 -372.64674:[8155.13619:-53.30687:-52.01562] 0.0000106992
0048 004066 -372.64303:[8155.07926:-53.27553:-52.04398] 0.0000099679
Start evaluating ...
  Columns 1 through 7

    0.0092    0.0094    0.0095    0.0102    0.0108    0.0108    0.0109

  Columns 8 through 10

    0.0110    0.0112    0.0112

    0.0037

Elapsed time is 4164.034998 seconds.
