nohup: ignoring input

                            < M A T L A B (R) >
                  Copyright 1984-2016 The MathWorks, Inc.
                   R2016a (9.0.0.341360) 64-bit (glnxa64)
                             February 11, 2016

 
To get started, type one of these: helpwin, helpdesk, or demo.
For product information, visit www.mathworks.com.
 

	Academic License

Start learning ...
Init data [Dtype: delicious - Dspec: sp3/2550]
Init social model
Using adagrad ...
Load pretrained shallow-model...
Params [lbd-U: 1.0000|lbd-V: 1.0000|lbd-N: 1.0000|lbd-Q: 0.0500]
Staring Sample 3 - Loc: save/bcdl/delicious-alg61-sp3-cold20170226125817467 
CTR(chongwang)-DAE(User graph) Running - Walks(1)...
-1/200: 454788.244530/19007.263476/435780.981054/1.000000000
-2/200: 442311.776203/7245.327104/435066.449099/0.027433577
-3/200: 441956.306935/6810.421549/435145.885386/0.000803662
-4/200: 441943.432072/6762.869163/435180.562909/0.000029132
-5/200: 441902.880184/6731.623561/435171.256623/0.000091758
-6/200: 441879.237350/6707.397896/435171.839454/0.000053502
-7/200: 441881.757193/6687.846240/435193.910953/0.000005703
-8/200: 441870.528509/6671.905182/435198.623327/0.000025411
-9/200: 441854.328807/6658.845763/435195.483044/0.000036662
-10/200: 441847.153117/6648.091186/435199.061931/0.000016240
-11/200: 441831.434616/6639.188651/435192.245965/0.000035575
-12/200: 441818.091566/6631.779971/435186.311595/0.000030199
-13/200: 441823.947247/6625.579943/435198.367304/0.000013254
-14/200: 441824.807025/6620.368041/435204.438984/0.000001946
-15/200: 441811.892085/6615.971472/435195.920613/0.000029231
-16/200: 441809.463702/6612.245075/435197.218627/0.000005496
-17/200: 441814.622555/6609.078971/435205.543584/0.000011677
-18/200: 441825.460427/6606.379036/435219.081391/0.000024530
-19/200: 441814.331186/6604.075207/435210.255979/0.000025189
-20/200: 441816.287051/6602.101274/435214.185777/0.000004427
-21/200: 441802.705467/6600.410559/435202.294908/0.000030740
-22/200: 441816.467679/6598.954626/435217.513053/0.000031150
-23/200: 441820.467095/6597.701389/435222.765706/0.000009052
-24/200: 441825.757306/6596.618207/435229.139099/0.000011974
-25/200: 441814.205801/6595.681407/435218.524394/0.000026145
-26/200: 441815.314871/6594.867738/435220.447133/0.000002510
-27/200: 441809.872455/6594.156289/435215.716166/0.000012318
-28/200: 441829.688208/6593.531159/435236.157049/0.000044851
-29/200: 441827.358076/6592.979141/435234.378935/0.000005274
-30/200: 441820.646039/6592.491834/435228.154205/0.000015192
-31/200: 441820.481021/6592.052463/435228.428558/0.000000373
-32/200: 441828.121242/6591.658428/435236.462814/0.000017293
-33/200: 441804.331130/6591.298832/435213.032298/0.000053845
-34/200: 441827.577888/6590.968930/435236.608958/0.000052618
-35/200: 441809.252196/6590.661733/435218.590463/0.000041477
-36/200: 441824.156352/6590.375501/435233.780851/0.000033734
-37/200: 441825.659694/6590.104881/435235.554813/0.000003403
-38/200: 441820.864557/6589.846231/435231.018326/0.000010853
-39/200: 441827.342021/6589.599384/435237.742637/0.000014661
-40/200: 441824.067694/6589.361789/435234.705905/0.000007411
-41/200: 441837.292335/6589.131734/435248.160601/0.000029932
-42/200: 441838.941055/6588.907958/435250.033097/0.000003732
-43/200: 441835.984928/6588.689428/435247.295500/0.000006691
-44/200: 441837.784558/6588.472996/435249.311562/0.000004073
-45/200: 441835.525268/6588.261947/435247.263321/0.000005113
-46/200: 441835.293019/6588.054824/435247.238195/0.000000526
-47/200: 441842.143271/6587.850944/435254.292327/0.000015504
-48/200: 441841.423183/6587.649959/435253.773224/0.000001630
-49/200: 441830.799835/6587.454458/435243.345377/0.000024043
-50/200: 441835.181489/6587.261717/435247.919772/0.000009917
-51/200: 441835.572644/6587.071900/435248.500744/0.000000885
-52/200: 441850.276797/6586.886966/435263.389831/0.000033280
-53/200: 441835.386992/6586.707069/435248.679923/0.000033699
-54/200: 441842.252985/6586.533645/435255.719340/0.000015540
-55/200: 441841.458130/6586.363066/435255.095064/0.000001799
-56/200: 441841.265554/6586.196439/435255.069115/0.000000436
-57/200: 441845.316022/6586.038989/435259.277033/0.000009167
-58/200: 441850.426162/6585.886804/435264.539358/0.000011565
-59/200: 441847.363246/6585.740088/435261.623158/0.000006932
-60/200: 441848.688831/6585.597031/435263.091800/0.000003000
-61/200: 441840.689152/6585.460973/435255.228179/0.000018105
-62/200: 441854.635263/6585.331448/435269.303815/0.000031564
-63/200: 441847.984954/6585.206816/435262.778138/0.000015051
-64/200: 441862.357311/6585.088498/435277.268813/0.000032528
-65/200: 441862.730452/6584.976816/435277.753636/0.000000844
-66/200: 441860.965436/6584.871708/435276.093728/0.000003994
-67/200: 441851.195793/6584.770195/435266.425598/0.000022110
-68/200: 441852.444034/6584.673746/435267.770288/0.000002825
-69/200: 441854.694821/6584.582664/435270.112157/0.000005094
-70/200: 441854.125604/6584.495810/435269.629794/0.000001288
-71/200: 441863.442218/6584.415796/435279.026422/0.000021085
-72/200: 441858.605025/6584.338088/435274.266937/0.000010947
-73/200: 441869.344980/6584.265784/435285.079196/0.000024306
-74/200: 441864.628624/6584.197652/435280.430972/0.000010674
-75/200: 441861.157738/6584.133383/435277.024355/0.000007855
-76/200: 441871.242011/6584.071771/435287.170240/0.000022822
-77/200: 441873.197969/6584.016220/435289.181749/0.000004427
-78/200: 441873.026144/6583.960078/435289.066066/0.000000389
-79/200: 441862.882321/6583.909870/435278.972451/0.000022956
-80/200: 441864.335171/6583.861077/435280.474094/0.000003288
-81/200: 441870.095519/6583.815511/435286.280008/0.000013036
-82/200: 441877.685845/6583.771796/435293.914049/0.000017178
-83/200: 441870.954147/6583.731539/435287.222608/0.000015234
-84/200: 441869.147501/6583.692535/435285.454966/0.000004089
-85/200: 441876.291156/6583.656787/435292.634369/0.000016167
-86/200: 441876.587832/6583.621979/435292.965853/0.000000671
-87/200: 441878.007177/6583.590721/435294.416456/0.000003212
-88/200: 441882.139865/6583.561856/435298.578009/0.000009353
-89/200: 441878.396786/6583.533778/435294.863008/0.000008471
-90/200: 441882.034894/6583.507444/435298.527450/0.000008233
-91/200: 441881.342024/6583.482363/435297.859661/0.000001568
-92/200: 441885.474944/6583.458492/435302.016452/0.000009353
-93/200: 441883.107903/6583.436136/435299.671767/0.000005357
-94/200: 441890.488468/6583.415383/435307.073085/0.000016703
-95/200: 441887.914625/6583.395920/435304.518705/0.000005825
-96/200: 441883.666754/6583.379968/435300.286786/0.000009613
-97/200: 441888.726127/6583.364512/435305.361615/0.000011450
-98/200: 441891.585120/6583.348817/435308.236303/0.000006470
-99/200: 441893.376835/6583.335917/435310.040918/0.000004055
Recall at EP-100 ...
  Columns 1 through 7

    0.0830    0.1044    0.1165    0.1291    0.1435    0.1596    0.1720

  Columns 8 through 10

    0.1832    0.1930    0.2009

Mrr at EP-100 ...
    0.0174

-100/200: 441890.069157/6583.324729/435306.744428/0.000007485
-101/200: 441888.132472/6583.311767/435304.820705/0.000004383
-102/200: 441892.302939/6583.311767/435308.991172/0.000009438
-103/200: 441898.967951/6583.311767/435315.656184/0.000015083
-104/200: 441892.341910/6583.311767/435309.030143/0.000014994
-105/200: 441898.043016/6583.311767/435314.731249/0.000012902
-106/200: 441893.608852/6583.311767/435310.297085/0.000010034
-107/200: 441897.221466/6583.311767/435313.909699/0.000008175
-108/200: 441902.312262/6583.311767/435319.000495/0.000011520
-109/200: 441896.855752/6583.311767/435313.543985/0.000012348
-110/200: 441895.565356/6583.311767/435312.253589/0.000002920
-111/200: 441903.252128/6583.311767/435319.940361/0.000017395
/bin/bash: fork: retry: No child processes
/bin/bash: fork: retry: No child processes
/bin/bash: fork: retry: No child processes
/bin/bash: fork: retry: No child processes
/bin/bash: fork: Resource temporarily unavailable
-export LD_LIBRARY_PATH=../gsldump/lib && ctr-part-bcdl/ctr --theta_opt --mult data/delicious/ctr-data/mult.dat --theta_init save/bcdl/delicious-alg61-sp3-cold20170226125817467/final-theta.dat --beta_init save/bcdl/delicious-alg61-sp3-cold20170226125817467/final-beta.dat --directory save/bcdl/delicious-alg61-sp3-cold20170226125817467 --user data/delicious/coldstart/ctr-data/sp3/2550/train-users.dat --item data/delicious/coldstart/ctr-data/sp3/2550/train-items.dat --max_iter 1 --num_factors 200 --lambda_v 1.000000 --lambda_u 1.000000 --save_lag 100 --random_seed 123 --delta_init save/bcdl/delicious-alg61-sp3-cold20170226125817467/final-delta.dat >> save/bcdl/delicious-alg61-sp3-cold20170226125817467/ctr-log: Signal 126
112/200: 441902.483129/6583.311767/435319.171362/0.000001740
-113/200: 441900.319860/6583.311767/435317.008093/0.000004895
-114/200: 441898.116925/6583.311767/435314.805158/0.000004985
-115/200: 441901.248285/6583.311767/435317.936518/0.000007086
-116/200: 441900.417741/6583.311767/435317.105974/0.000001879
-117/200: 441905.883443/6583.311767/435322.571676/0.000012369
-118/200: 441905.302017/6584.058612/435321.243405/0.000001316
-119/200: 441912.490370/6584.038703/435328.451667/0.000016267
-120/200: 441910.922101/6584.019143/435326.902958/0.000003549
-121/200: 441915.060011/6584.002444/435331.057567/0.000009364
-122/200: 441915.719308/6583.986303/435331.733005/0.000001492
-123/200: 441913.285710/6583.971978/435329.313732/0.000005507
-124/200: 441915.135825/6583.958100/435331.177725/0.000004187
-125/200: 441916.023539/6583.945894/435332.077645/0.000002009
-126/200: 441916.310898/6583.934879/435332.376019/0.000000650
-127/200: 441916.315706/6583.925720/435332.389986/0.000000011
Start evaluating ...
  Columns 1 through 7

    0.0828    0.1041    0.1170    0.1295    0.1446    0.1605    0.1734

  Columns 8 through 10

    0.1839    0.1931    0.2010

    0.0173

Elapsed time is 16471.823643 seconds.
