nohup: ignoring input

                            < M A T L A B (R) >
                  Copyright 1984-2016 The MathWorks, Inc.
                   R2016a (9.0.0.341360) 64-bit (glnxa64)
                             February 11, 2016

 
To get started, type one of these: helpwin, helpdesk, or demo.
For product information, visit www.mathworks.com.
 

	Academic License

Start learning ...
Init data [Dtype: delicious - Dspec: sp3/2550]
Init social model
Using adagrad ...
Params [lbd-U: 0.0100|lbd-V: 0.0100|lbd-N: 0.0100|lbd-Q: 0.0500]
Staring Sample 3 - Loc: save/ctrsmf/delicious-alg90-sp3-cold20170226125837730 
CTR-SMF Running ...

iter time likelihood converge
0001 000215 -32134279.66032 1.0000000000
0002 000424 -31326943.89876 0.0251238170
0003 000632 -30654359.67288 0.0214698321
0004 000902 -30454991.04741 0.0065037609
0005 001191 -30363282.49048 0.0030112817
0006 001476 -30299588.75159 0.0020977224
0007 001759 -30255209.96259 0.0014646664
0008 002045 -30223982.59249 0.0010321320
0009 002328 -30199919.47625 0.0007961597
0010 002619 -30180151.96551 0.0006545551
0011 002911 -30163232.48110 0.0005606163
0012 003205 -30148430.28465 0.0004907364
0013 003497 -30135322.60215 0.0004347716
0014 003786 -30123618.04509 0.0003883999
0015 004082 -30113097.27628 0.0003492532
0016 004375 -30103587.54982 0.0003158003
0017 004667 -30094948.38402 0.0002869813
0018 004964 -30087063.08116 0.0002620142
0019 005260 -30079833.54317 0.0002402873
0020 005549 -30073176.98049 0.0002212965
0021 005835 -30067023.30244 0.0002046235
0022 006119 -30061312.69410 0.0001899293
0023 006403 -30055993.53294 0.0001769437
0024 006688 -30051020.82854 0.0001654480
0025 006968 -30046355.17324 0.0001552578
0026 007252 -30041962.16718 0.0001462076
0027 007533 -30037812.01381 0.0001381452
0028 007818 -30033879.20326 0.0001309287
0029 008098 -30030142.21972 0.0001244256
0030 008380 -30026582.70387 0.0001185314
0031 008660 -30023184.42538 0.0001131757
0032 008940 -30019932.61424 0.0001083100
0033 009223 -30016813.96009 0.0001038861
0034 009506 -30013817.24453 0.0000998346
0035 009786 -30010934.37122 0.0000960515
0036 010064 -30008160.98836 0.0000924124
0037 010301 -30005495.77456 0.0000888163
0038 010498 -30002939.85326 0.0000851818
0039 010691 -30000496.12417 0.0000814497
0040 010884 -29998167.34654 0.0000776246
0041 011076 -29995954.79321 0.0000737563
0042 011268 -29993857.29046 0.0000699262
0043 011439 -29991871.42717 0.0000662090
0044 011621 -29989992.95237 0.0000626328
0045 011812 -29988217.43383 0.0000592037
0046 012001 -29986541.37536 0.0000558906
0047 012126 -29984963.00900 0.0000526358
0048 012307 -29983481.17841 0.0000494191
0049 012481 -29982093.65725 0.0000462762
0050 012672 -29980796.42049 0.0000432671
0051 012823 -29979584.45779 0.0000404246
0052 012962 -29978452.15991 0.0000377690
0053 013064 -29977392.89548 0.0000353342
0054 013167 -29976399.61660 0.0000331343
0055 013296 -29975465.84297 0.0000311503
0056 013423 -29974586.20383 0.0000293453
0057 013695 -29973756.43655 0.0000276824
0058 014057 -29972973.04234 0.0000261360
0059 014431 -29972232.99620 0.0000246904
0060 014793 -29971533.53264 0.0000233371
0061 015166 -29970872.21381 0.0000220649
0062 015528 -29970247.43945 0.0000208461
0063 015871 -29969658.88504 0.0000196380
0064 016208 -29969107.34841 0.0000184032
0065 016542 -29968593.68901 0.0000171396
0066 016885 -29968117.77582 0.0000158804
0067 017231 -29967678.37529 0.0000146623
0068 017573 -29967273.33292 0.0000135160
0069 017918 -29966899.69421 0.0000124682
0070 018262 -29966554.15500 0.0000115307
0071 018593 -29966233.57596 0.0000106979
0072 018897 -29965935.01804 0.0000099631
Start evaluating ...
  Columns 1 through 7

    0.0849    0.1024    0.1087    0.1130    0.1157    0.1176    0.1187

  Columns 8 through 10

    0.1195    0.1203    0.1209

    0.0200

Elapsed time is 19035.674746 seconds.
