nohup: ignoring input

                            < M A T L A B (R) >
                  Copyright 1984-2016 The MathWorks, Inc.
                   R2016a (9.0.0.341360) 64-bit (glnxa64)
                             February 11, 2016

 
To get started, type one of these: helpwin, helpdesk, or demo.
For product information, visit www.mathworks.com.
 

	Academic License

Start learning ...
Init data [Dtype: delicious - Dspec: sp3/2550]
Init social model
Using adagrad ...
Params [lbd-U: 0.0100|lbd-V: 0.1000|lbd-N: 0.0100|lbd-Q: 0.0500]
Staring Sample 3 - Loc: save/ctrsmf/delicious-alg90-sp3-cold20170226125836477 
CTR-SMF Running ...

iter time likelihood converge
0001 000202 -32134294.27658 1.0000000000
0002 000398 -31326968.54874 0.0251234933
0003 000598 -30654385.30182 0.0214697840
0004 000830 -30455017.31585 0.0065037346
0005 001115 -30363309.65966 0.0030112495
0006 001402 -30299616.87952 0.0020976890
0007 001687 -30255239.08457 0.0014646322
0008 001970 -30224012.75261 0.0010320967
0009 002259 -30199950.72551 0.0007961228
0010 002536 -30180184.35176 0.0006545168
0011 002810 -30163266.04406 0.0005605767
0012 003091 -30148465.05471 0.0004906958
0013 003371 -30135358.60221 0.0004347303
0014 003648 -30123655.29219 0.0003883581
0015 003919 -30113135.78250 0.0003492109
0016 004196 -30103627.32310 0.0003157579
0017 004473 -30094989.42872 0.0002869387
0018 004746 -30087105.39865 0.0002619715
0019 005027 -30079877.13239 0.0002402447
0020 005298 -30073221.83858 0.0002212540
0021 005577 -30067069.42519 0.0002045811
0022 005852 -30061360.07640 0.0001898871
0023 006125 -30056042.16912 0.0001769018
0024 006398 -30051070.71283 0.0001654062
0025 006679 -30046406.30035 0.0001552162
0026 006961 -30042014.53281 0.0001461662
0027 007238 -30037865.61530 0.0001381038
0028 007505 -30033934.03991 0.0001308873
0029 007777 -30030198.29283 0.0001243842
0030 008043 -30026640.01635 0.0001184899
0031 008304 -30023242.98075 0.0001131341
0032 008570 -30019992.41501 0.0001082683
0033 008839 -30016875.00553 0.0001038444
0034 009111 -30013879.52807 0.0000997931
0035 009383 -30010997.87806 0.0000960106
0036 009652 -30008225.69357 0.0000923723
0037 009916 -30005561.64293 0.0000887773
0038 010164 -30003006.84143 0.0000851443
0039 010392 -30000564.18374 0.0000814138
0040 010511 -29998236.42738 0.0000775904
0041 010659 -29996024.84662 0.0000737237
0042 010789 -29993928.27124 0.0000698951
0043 010900 -29991943.29493 0.0000661793
0044 011004 -29990065.67175 0.0000626043
0045 011137 -29988290.97382 0.0000591762
0046 011320 -29986615.70848 0.0000558640
0047 011510 -29985038.10941 0.0000526101
0048 011699 -29983557.01928 0.0000493943
0049 011889 -29982170.20951 0.0000462523
0050 012078 -29980873.65463 0.0000432442
0051 012267 -29979662.34690 0.0000404027
0052 012457 -29978530.68001 0.0000377478
0053 012646 -29977472.02374 0.0000353138
0054 012835 -29976479.32974 0.0000331147
0055 013025 -29975546.11681 0.0000311315
0056 013214 -29974667.01386 0.0000293273
0057 013403 -29973837.75857 0.0000276652
0058 013680 -29973054.85246 0.0000261196
0059 014033 -29972315.27059 0.0000246749
0060 014388 -29971616.24787 0.0000233223
0061 014747 -29970955.34766 0.0000220509
0062 015104 -29970330.96973 0.0000208328
0063 015455 -29969742.78764 0.0000196255
0064 015802 -29969191.59595 0.0000183916
0065 016139 -29968678.24964 0.0000171291
0066 016473 -29968202.61468 0.0000158711
0067 016804 -29967763.45912 0.0000146541
0068 017147 -29967358.63444 0.0000135087
0069 017485 -29966985.19358 0.0000124616
0070 017822 -29966639.83900 0.0000115245
0071 018168 -29966319.43596 0.0000106920
0072 018489 -29966021.04824 0.0000099574
Start evaluating ...
  Columns 1 through 7

    0.0854    0.1024    0.1088    0.1130    0.1154    0.1175    0.1186

  Columns 8 through 10

    0.1195    0.1203    0.1209

    0.0197

Elapsed time is 18636.130943 seconds.
