nohup: ignoring input

                            < M A T L A B (R) >
                  Copyright 1984-2016 The MathWorks, Inc.
                   R2016a (9.0.0.341360) 64-bit (glnxa64)
                             February 11, 2016

 
To get started, type one of these: helpwin, helpdesk, or demo.
For product information, visit www.mathworks.com.
 

	Academic License

Start learning ...
Init data [Dtype: delicious - Dspec: sp3/5050]
Init social model
Using adagrad ...
Params [lbd-U: 1.0000|lbd-V: 100.0000|lbd-N: 1.0000|lbd-Q: 0.0100]
Staring Sample 3 - Loc: save/ctrsmf/delicious-alg90-sp3-cold20170226203650749 
CTR-SMF Running ...

iter time likelihood converge
0001 000556 -51823556.04813 1.0000000000
0002 001201 -50572133.98227 0.0241477460
0003 001844 -49484636.69116 0.0215038838
0004 002483 -49166848.65714 0.0064219535
0005 003118 -49026050.15488 0.0028636878
0006 003727 -48931243.47423 0.0019338021
0007 004343 -48864362.79517 0.0013668297
0008 004959 -48815826.98457 0.0009932762
0009 005575 -48777587.99379 0.0007833318
0010 006188 -48745730.75730 0.0006531122
0011 006791 -48718252.55518 0.0005637048
0012 007402 -48694101.50952 0.0004957289
0013 008003 -48672644.15677 0.0004406561
0014 008605 -48653434.89990 0.0003946623
0015 009207 -48636134.66422 0.0003555810
0016 009815 -48620474.34303 0.0003219894
0017 010411 -48606234.16219 0.0002928844
0018 011007 -48593231.29107 0.0002675145
0019 011609 -48581311.86068 0.0002452899
0020 012205 -48570345.70910 0.0002257278
0021 012806 -48560222.30556 0.0002084277
0022 013409 -48550847.12572 0.0001930630
0023 014018 -48542138.62285 0.0001793687
0024 014622 -48534025.93094 0.0001671268
0025 015228 -48526446.92519 0.0001561586
0026 015828 -48519346.72891 0.0001463160
0027 016429 -48512676.49404 0.0001374758
0028 017028 -48506392.57294 0.0001295315
0029 017630 -48500456.32408 0.0001223808
0030 018227 -48494834.20687 0.0001159189
0031 018829 -48489497.26775 0.0001100517
0032 019427 -48484419.42050 0.0001047206
0033 020027 -48479576.58431 0.0000998844
0034 020632 -48474947.45886 0.0000954861
0035 021233 -48470514.15883 0.0000914555
0036 021837 -48466263.00523 0.0000877060
0037 022435 -48462186.83778 0.0000841032
0038 023036 -48458284.85105 0.0000805161
0039 023644 -48454559.55421 0.0000768764
0040 024242 -48451013.79106 0.0000731771
0041 024838 -48447648.33434 0.0000694610
0042 025445 -48444460.62929 0.0000657969
0043 026047 -48441444.59183 0.0000622576
0044 026642 -48438591.28528 0.0000589022
0045 027238 -48435890.86079 0.0000557494
0046 027769 -48433333.91399 0.0000527903
0047 028256 -48430911.37107 0.0000500181
0048 028743 -48428615.23368 0.0000474106
0049 029221 -48426439.58288 0.0000449249
0050 029682 -48424380.49570 0.0000425199
0051 030127 -48422435.17860 0.0000401723
0052 030564 -48420600.95185 0.0000378797
0053 031003 -48418874.14052 0.0000356627
0054 031441 -48417250.47294 0.0000335338
0055 031867 -48415725.20459 0.0000315026
0056 032305 -48414292.34010 0.0000295950
0057 032741 -48412945.08170 0.0000278277
0058 033174 -48411676.21226 0.0000262093
0059 033610 -48410478.57441 0.0000247386
0060 034048 -48409345.39747 0.0000234077
0061 034477 -48408270.55077 0.0000222033
0062 034887 -48407248.99989 0.0000211028
0063 035296 -48406276.87439 0.0000200822
0064 035706 -48405351.22905 0.0000191224
0065 036117 -48404470.07032 0.0000182037
0066 036512 -48403632.26673 0.0000173084
0067 036833 -48402837.01428 0.0000164296
0068 037118 -48402083.27498 0.0000155722
0069 037399 -48401369.16985 0.0000147536
0070 037681 -48400692.30548 0.0000139844
0071 037960 -48400050.39943 0.0000132623
0072 038239 -48399441.18098 0.0000125871
0073 038519 -48398862.91149 0.0000119479
0074 038798 -48398314.58426 0.0000113293
0075 039077 -48397795.33206 0.0000107287
0076 039357 -48397303.64123 0.0000101594
0077 039621 -48396837.13244 0.0000096391
Start evaluating ...
  Columns 1 through 7

    0.0025    0.0053    0.0080    0.0101    0.0113    0.0127    0.0138

  Columns 8 through 10

    0.0161    0.0177    0.0193

   7.5091e-04

Elapsed time is 39708.274952 seconds.
