nohup: ignoring input

                            < M A T L A B (R) >
                  Copyright 1984-2016 The MathWorks, Inc.
                   R2016a (9.0.0.341360) 64-bit (glnxa64)
                             February 11, 2016

 
To get started, type one of these: helpwin, helpdesk, or demo.
For product information, visit www.mathworks.com.
 

	Academic License

Start learning ...
Init data [Dtype: delicious - Dspec: sp3/2550]
Init social model
Using adagrad ...
Load pretrained shallow-model...
Params [lbd-U: 0.0100|lbd-V: 0.0100|lbd-N: 0.0100|lbd-Q: 0.0500]
Staring Sample 3 - Loc: save/bcdl/delicious-alg61-sp3-cold20170226125817443 
CTR(chongwang)-DAE(User graph) Running - Walks(1)...
-1/200: 6776.918989/2419.109178/4357.809811/1.000000000
-2/200: 6335.607788/1985.973773/4349.634015/0.065119740
-3/200: 6169.662832/1819.106359/4350.556473/0.026192429
-4/200: 6072.617102/1720.976616/4351.640486/0.015729503
-5/200: 5996.480422/1644.837947/4351.642475/0.012537705
-6/200: 5935.341840/1583.686863/4351.654977/0.010195744
-7/200: 5885.203914/1533.325865/4351.878049/0.008447353
-8/200: 5842.936975/1491.017969/4351.919006/0.007181899
-9/200: 5806.767872/1454.899843/4351.868029/0.006190226
-10/200: 5775.577398/1423.657215/4351.920183/0.005371400
-11/200: 5748.189017/1396.334183/4351.854834/0.004742103
-12/200: 5724.003632/1372.216830/4351.786802/0.004207479
-13/200: 5702.653427/1350.759862/4351.893565/0.003729943
-14/200: 5683.509829/1331.538176/4351.971653/0.003356963
-15/200: 5666.096638/1314.214856/4351.881782/0.003063809
-16/200: 5650.412675/1298.518978/4351.893697/0.002768037
-17/200: 5636.214151/1284.229829/4351.984322/0.002512829
-18/200: 5623.272787/1271.165492/4352.107295/0.002296109
-19/200: 5611.202690/1259.174664/4352.028026/0.002146454
-20/200: 5600.183798/1248.130239/4352.053559/0.001963731
-21/200: 5589.864563/1237.924716/4351.939847/0.001842660
-22/200: 5580.556878/1228.466461/4352.090417/0.001665100
-23/200: 5571.794244/1219.676893/4352.117351/0.001570208
-24/200: 5563.680753/1211.488060/4352.192693/0.001456172
-25/200: 5555.942030/1203.841070/4352.100960/0.001390936
-26/200: 5548.803964/1196.684527/4352.119437/0.001284762
-27/200: 5542.047132/1189.973402/4352.073730/0.001217710
-28/200: 5535.945528/1183.667941/4352.277587/0.001100966
-29/200: 5529.984266/1177.733164/4352.251102/0.001076828
-30/200: 5524.347011/1172.137951/4352.209060/0.001019398
-31/200: 5519.032684/1166.854616/4352.178068/0.000961983
-32/200: 5514.148728/1161.858337/4352.290391/0.000884930
-33/200: 5509.182384/1157.126920/4352.055464/0.000900655
-34/200: 5504.923654/1152.640438/4352.283216/0.000773024
-35/200: 5500.464727/1148.380915/4352.083812/0.000809989
-36/200: 5496.567612/1144.332086/4352.235526/0.000708506
-37/200: 5492.752165/1140.479111/4352.273054/0.000694151
-38/200: 5489.044864/1136.808597/4352.236267/0.000674944
-39/200: 5485.616387/1133.308427/4352.307960/0.000624603
-40/200: 5482.221400/1129.967430/4352.253970/0.000618889
-41/200: 5479.179657/1126.775397/4352.404260/0.000554838
-42/200: 5476.155398/1123.723040/4352.432358/0.000551955
-43/200: 5473.211620/1120.801729/4352.409891/0.000537563
-44/200: 5470.407757/1118.003598/4352.404159/0.000512288
-45/200: 5467.734932/1115.321367/4352.413565/0.000488597
-46/200: 5465.131557/1112.748406/4352.383151/0.000476134
-47/200: 5462.724743/1110.278446/4352.446297/0.000440395
-48/200: 5460.320674/1107.905803/4352.414871/0.000440086
-49/200: 5457.973575/1105.625110/4352.348465/0.000429846
-50/200: 5455.853581/1103.431412/4352.422169/0.000388421
-51/200: 5453.737537/1101.320145/4352.417392/0.000387848
-52/200: 5451.856943/1099.287047/4352.569896/0.000344827
-53/200: 5449.743017/1097.328117/4352.414900/0.000387744
-54/200: 5447.917863/1095.439679/4352.478184/0.000334907
-55/200: 5446.129202/1093.618131/4352.511071/0.000328320
-56/200: 5444.348984/1091.860346/4352.488638/0.000326878
-57/200: 5442.652222/1090.163289/4352.488933/0.000311656
-58/200: 5441.077953/1088.524038/4352.553915/0.000289247
-59/200: 5439.484757/1086.939893/4352.544864/0.000292809
-60/200: 5437.959691/1085.408336/4352.551355/0.000280370
-61/200: 5436.430097/1083.927063/4352.503034/0.000281281
-62/200: 5435.126493/1082.493805/4352.632688/0.000239790
-63/200: 5433.658478/1081.106467/4352.552011/0.000270098
-64/200: 5432.475392/1079.763076/4352.712316/0.000217733
-65/200: 5431.158004/1078.461827/4352.696177/0.000242502
-66/200: 5429.886448/1077.200866/4352.685582/0.000234123
-67/200: 5428.602494/1075.978488/4352.624006/0.000236461
-68/200: 5427.386788/1074.793215/4352.593573/0.000223944
-69/200: 5426.263425/1073.643508/4352.619917/0.000206980
-70/200: 5425.153747/1072.527945/4352.625802/0.000204501
-71/200: 5424.182939/1071.445198/4352.737741/0.000178946
-72/200: 5423.090344/1070.393963/4352.696381/0.000201430
-73/200: 5422.166068/1069.373062/4352.793006/0.000170433
-74/200: 5421.103299/1068.381360/4352.721939/0.000196004
-75/200: 5420.126542/1067.417731/4352.708811/0.000180177
-76/200: 5419.301937/1066.481143/4352.820794/0.000152138
-77/200: 5418.411861/1065.570595/4352.841266/0.000164242
-78/200: 5417.551836/1064.685106/4352.866730/0.000158723
-79/200: 5416.531378/1063.823877/4352.707501/0.000188361
-80/200: 5415.687934/1062.986018/4352.701916/0.000155717
-81/200: 5414.943591/1062.170669/4352.772922/0.000137442
-82/200: 5414.241816/1061.377050/4352.864766/0.000129600
-83/200: 5413.419874/1060.604434/4352.815440/0.000151811
-84/200: 5412.629342/1059.852084/4352.777258/0.000146032
-85/200: 5411.986971/1059.119323/4352.867648/0.000118680
-86/200: 5411.266477/1058.405506/4352.860971/0.000133129
-87/200: 5410.587112/1057.710034/4352.877078/0.000125546
-88/200: 5409.952621/1057.032298/4352.920323/0.000117268
-89/200: 5409.246520/1056.371702/4352.874818/0.000130519
-90/200: 5408.656421/1055.727678/4352.928743/0.000109091
-91/200: 5408.077387/1055.099703/4352.977684/0.000107057
-92/200: 5407.449757/1054.487315/4352.962442/0.000116054
-93/200: 5406.828281/1053.890018/4352.938263/0.000114930
-94/200: 5406.354563/1053.307316/4353.047247/0.000087615
-95/200: 5405.726070/1052.738793/4352.987277/0.000116251
-96/200: 5405.150194/1052.184020/4352.966174/0.000106531
-97/200: 5404.650952/1051.642550/4353.008402/0.000092364
-98/200: 5404.135456/1051.114014/4353.021442/0.000095380
-99/200: 5403.632348/1050.598026/4353.034322/0.000093097
Recall at EP-100 ...
  Columns 1 through 7

    0.0826    0.1016    0.1120    0.1187    0.1250    0.1320    0.1406

  Columns 8 through 10

    0.1509    0.1623    0.1743

Mrr at EP-100 ...
    0.0193

-100/200: 5403.106269/1050.094231/4353.012038/0.000097357
-101/200: 5402.631407/1049.602182/4353.029225/0.000087887
-102/200: 5402.172913/1049.121643/4353.051270/0.000084865
-103/200: 5401.808156/1048.652235/4353.155921/0.000067520
-104/200: 5401.232143/1048.193656/4353.038487/0.000106633
-105/200: 5400.856176/1047.745603/4353.110573/0.000069608
-106/200: 5400.378190/1047.307786/4353.070404/0.000088502
-107/200: 5399.965236/1046.879942/4353.085294/0.000076468
-108/200: 5399.601947/1046.461727/4353.140220/0.000067276
-109/200: 5399.147734/1046.052921/4353.094813/0.000084120
-110/200: 5398.738136/1045.653259/4353.084877/0.000075863
-111/200: 5398.440120/1045.262506/4353.177614/0.000055201
-112/200: 5398.063272/1044.880408/4353.182864/0.000069807
-113/200: 5397.680795/1044.506722/4353.174073/0.000070855
-114/200: 5397.304497/1044.141244/4353.163253/0.000069715
-115/200: 5396.957671/1043.783775/4353.173896/0.000064259
-116/200: 5396.584408/1043.434060/4353.150348/0.000069162
-117/200: 5396.329602/1043.091938/4353.237664/0.000047216
-118/200: 5395.968608/1042.757197/4353.211411/0.000066896
-119/200: 5395.698733/1042.429643/4353.269090/0.000050014
-120/200: 5395.356024/1042.109075/4353.246949/0.000063515
-121/200: 5395.082101/1041.795351/4353.286750/0.000050770
-122/200: 5394.771703/1041.488265/4353.283438/0.000057533
-123/200: 5394.475071/1041.187673/4353.287398/0.000054985
-124/200: 5394.151238/1040.893433/4353.257805/0.000060031
-125/200: 5393.934064/1040.605326/4353.328738/0.000040261
-126/200: 5393.656149/1040.323255/4353.332894/0.000051524
-127/200: 5393.347879/1040.047080/4353.300799/0.000057154
-128/200: 5393.064042/1039.776646/4353.287396/0.000052627
-129/200: 5392.851443/1039.511738/4353.339705/0.000039421
-130/200: 5392.653028/1039.252319/4353.400709/0.000036792
-131/200: 5392.339252/1038.998239/4353.341013/0.000058186
-132/200: 5392.120226/1038.749371/4353.370855/0.000040618
-133/200: 5391.899703/1038.505559/4353.394144/0.000040897
-134/200: 5391.751026/1038.266690/4353.484336/0.000027574
-135/200: 5391.406260/1038.032657/4353.373603/0.000063943
-136/200: 5391.189028/1037.803364/4353.385664/0.000040292
-137/200: 5391.024955/1037.578698/4353.446257/0.000030434
-138/200: 5390.797358/1037.358525/4353.438833/0.000042218
-139/200: 5390.549298/1037.142755/4353.406543/0.000046015
-140/200: 5390.424615/1036.931291/4353.493324/0.000023130
-141/200: 5390.171992/1036.724062/4353.447930/0.000046865
-142/200: 5389.983120/1036.520910/4353.462210/0.000035040
-143/200: 5389.791392/1036.321803/4353.469589/0.000035571
-144/200: 5389.602700/1036.126607/4353.476093/0.000035009
-145/200: 5389.476827/1035.935253/4353.541574/0.000023355
-146/200: 5389.308899/1035.747633/4353.561266/0.000031159
-147/200: 5389.107890/1035.563691/4353.544199/0.000037298
-148/200: 5388.915253/1035.383326/4353.531927/0.000035746
-149/200: 5388.750456/1035.206471/4353.543985/0.000030581
-150/200: 5388.599904/1035.033084/4353.566820/0.000027938
-151/200: 5388.481848/1034.863037/4353.618811/0.000021908
-152/200: 5388.259064/1034.696275/4353.562789/0.000041345
-153/200: 5388.142996/1034.532698/4353.610298/0.000021541
-154/200: 5388.001654/1034.372274/4353.629380/0.000026232
-155/200: 5387.819230/1034.214943/4353.604287/0.000033858
-156/200: 5387.625803/1034.060639/4353.565164/0.000035901
-157/200: 5387.575157/1033.909272/4353.665885/0.000009400
-158/200: 5387.412166/1033.760781/4353.651385/0.000030253
-159/200: 5387.283021/1033.615122/4353.667899/0.000023972
-160/200: 5387.144394/1033.472229/4353.672165/0.000025732
-161/200: 5386.956911/1033.332027/4353.624884/0.000034802
-162/200: 5386.864484/1033.194459/4353.670025/0.000017158
-163/200: 5386.783791/1033.059491/4353.724300/0.000014980
-164/200: 5386.615460/1032.927063/4353.688397/0.000031249
-165/200: 5386.547467/1032.797122/4353.750345/0.000012623
-166/200: 5386.407209/1032.669607/4353.737602/0.000026038
-167/200: 5386.240737/1032.544478/4353.696259/0.000030906
-168/200: 5386.157989/1032.421705/4353.736284/0.000015363
-169/200: 5386.063109/1032.301193/4353.761916/0.000017616
-170/200: 5385.901060/1032.182950/4353.718110/0.000030087
-171/200: 5385.782678/1032.066898/4353.715780/0.000021980
-172/200: 5385.712807/1031.952984/4353.759823/0.000012973
-173/200: 5385.624168/1031.841180/4353.782988/0.000016458
-174/200: 5385.576808/1031.731437/4353.845371/0.000008794
-175/200: 5385.413575/1031.623716/4353.789859/0.000030309
-176/200: 5385.372523/1031.517982/4353.854541/0.000007623
-177/200: 5385.280375/1031.414183/4353.866192/0.000017111
-178/200: 5385.129015/1031.312284/4353.816731/0.000028106
-179/200: 5385.082006/1031.212244/4353.869762/0.000008729
-180/200: 5384.941384/1031.114025/4353.827359/0.000026113
-181/200: 5384.937607/1031.017614/4353.919993/0.000000702
-182/200: 5384.813676/1030.922942/4353.890734/0.000023014
-183/200: 5384.738795/1030.830007/4353.908788/0.000013906
-184/200: 5384.657607/1030.738764/4353.918843/0.000015077
-185/200: 5384.589632/1030.649179/4353.940453/0.000012624
-186/200: 5384.508708/1030.561210/4353.947498/0.000015029
-187/200: 5384.397523/1030.474820/4353.922703/0.000020649
-188/200: 5384.364933/1030.390005/4353.974928/0.000006053
-189/200: 5384.301236/1030.306708/4353.994528/0.000011830
-190/200: 5384.174213/1030.224932/4353.949281/0.000023591
-191/200: 5384.129409/1030.144621/4353.984788/0.000008321
-192/200: 5384.047624/1030.065755/4353.981869/0.000015190
-193/200: 5383.986759/1029.988294/4353.998465/0.000011305
-194/200: 5383.930553/1029.912220/4354.018333/0.000010439
-195/200: 5383.898217/1029.837513/4354.060704/0.000006006
-196/200: 5383.778305/1029.764121/4354.014184/0.000022272
-197/200: 5383.723786/1029.692035/4354.031751/0.000010126
-198/200: 5383.634509/1029.621224/4354.013285/0.000016583
-199/200: 5383.634112/1029.551681/4354.082431/0.000000074
Start evaluating ...
  Columns 1 through 7

    0.0816    0.0997    0.1108    0.1174    0.1233    0.1307    0.1397

  Columns 8 through 10

    0.1513    0.1635    0.1747

    0.0192

Elapsed time is 37012.088350 seconds.
