nohup: ignoring input

                            < M A T L A B (R) >
                  Copyright 1984-2016 The MathWorks, Inc.
                   R2016a (9.0.0.341360) 64-bit (glnxa64)
                             February 11, 2016

 
To get started, type one of these: helpwin, helpdesk, or demo.
For product information, visit www.mathworks.com.
 

	Academic License

Start learning ...
Init data [Dtype: delicious - Dspec: sp3/2550]
Init social model
Using adagrad ...
Load pretrained shallow-model...
Params [lbd-U: 10.0000|lbd-V: 1.0000|lbd-N: 10.0000|lbd-Q: 0.0500]
Staring Sample 3 - Loc: save/bcdl/delicious-alg61-sp3-cold20170226125818066 
CTR(chongwang)-DAE(User graph) Running - Walks(1)...
-1/200: 4374686.247061/16876.436524/4357809.810537/1.000000000
-2/200: 4366497.943541/14736.471291/4351761.472250/0.001871746
-3/200: 4366322.860837/14437.915580/4351884.945257/0.000040097
-4/200: 4365779.270979/13873.875817/4351905.395162/0.000124496
-5/200: 4365323.684217/13529.519493/4351794.164724/0.000104354
-6/200: 4365242.498630/13441.353518/4351801.145112/0.000018598
-7/200: 4365442.966869/13416.657395/4352026.309474/0.000045924
-8/200: 4365479.054280/13404.648687/4352074.405593/0.000008267
-9/200: 4365437.772848/13397.116785/4352040.656063/0.000009456
-10/200: 4365470.122752/13392.057877/4352078.064875/0.000007410
-11/200: 4365395.722562/13388.664777/4352007.057785/0.000017043
-12/200: 4365331.379522/13386.484184/4351944.895338/0.000014739
-13/200: 4365453.177678/13385.175744/4352068.001934/0.000027901
-14/200: 4365514.357352/13384.518967/4352129.838385/0.000014015
-15/200: 4365428.580156/13384.378029/4352044.202127/0.000019649
-16/200: 4365437.618511/13384.591503/4352053.027008/0.000002070
-17/200: 4365520.569426/13385.083955/4352135.485471/0.000019002
-18/200: 4365664.345719/13385.785103/4352278.560616/0.000032935
-19/200: 4365571.266346/13386.662998/4352184.603348/0.000021321
-20/200: 4365610.617756/13387.654837/4352222.962919/0.000009014
-21/200: 4365489.929520/13388.762282/4352101.167238/0.000027645
-22/200: 4365643.369745/13389.923298/4352253.446447/0.000035148
-23/200: 4365697.144070/13391.136242/4352306.007828/0.000012318
-24/200: 4365765.525597/13392.376801/4352373.148796/0.000015663
-25/200: 4365656.901728/13393.651392/4352263.250336/0.000024881
-26/200: 4365673.060673/13394.934830/4352278.125843/0.000003701
-27/200: 4365625.967178/13396.208168/4352229.759010/0.000010787
-28/200: 4365836.984269/13397.465638/4352439.518631/0.000048336
-29/200: 4365816.867420/13398.714864/4352418.152556/0.000004608
-30/200: 4365756.552512/13399.955055/4352356.597457/0.000013815
-31/200: 4365756.658276/13401.159958/4352355.498318/0.000000024
-32/200: 4365839.342035/13402.356720/4352436.985315/0.000018939
-33/200: 4365602.004043/13403.524158/4352198.479885/0.000054363
-34/200: 4365842.053826/13404.675226/4352437.378600/0.000054987
-35/200: 4365656.929997/13405.790415/4352251.139582/0.000042403
-36/200: 4365810.325597/13406.888925/4352403.436672/0.000035137
-37/200: 4365831.548943/13407.963087/4352423.585856/0.000004861
-38/200: 4365785.200494/13409.003771/4352376.196723/0.000010616
-39/200: 4365852.788238/13410.025945/4352442.762293/0.000015481
-40/200: 4365821.209727/13411.024141/4352410.185586/0.000007233
-41/200: 4365959.333557/13412.006376/4352547.327181/0.000031638
-42/200: 4365978.612187/13412.962980/4352565.649207/0.000004416
-43/200: 4365949.353345/13413.894256/4352535.459089/0.000006702
-44/200: 4365969.856583/13414.796320/4352555.060263/0.000004696
-45/200: 4365949.946953/13415.684328/4352534.262625/0.000004560
-46/200: 4365947.438014/13416.561208/4352530.876806/0.000000575
-47/200: 4366019.917280/13417.412547/4352602.504733/0.000016601
-48/200: 4366014.258678/13418.249553/4352596.009125/0.000001296
-49/200: 4365905.874519/13419.075181/4352486.799338/0.000024825
-50/200: 4365955.919648/13419.881774/4352536.037874/0.000011463
-51/200: 4365959.367042/13420.672234/4352538.694808/0.000000790
-52/200: 4366109.137085/13421.447320/4352687.689765/0.000034304
-53/200: 4365959.735379/13422.219343/4352537.516036/0.000034218
-54/200: 4366031.898408/13422.983948/4352608.914460/0.000016529
-55/200: 4366023.770575/13423.728847/4352600.041728/0.000001862
-56/200: 4366025.091202/13424.464477/4352600.626725/0.000000302
-57/200: 4366065.968191/13425.200654/4352640.767537/0.000009363
-58/200: 4366119.703026/13425.930255/4352693.772771/0.000012307
-59/200: 4366090.857796/13426.648471/4352664.209325/0.000006607
-60/200: 4366104.280282/13427.347048/4352676.933234/0.000003074
-61/200: 4366025.770731/13428.045172/4352597.725559/0.000017982
-62/200: 4366167.238704/13428.736713/4352738.501991/0.000032402
-63/200: 4366099.017030/13429.419519/4352669.597511/0.000015625
-64/200: 4366244.723889/13430.092583/4352814.631306/0.000033372
-65/200: 4366249.983449/13430.767964/4352819.215485/0.000001205
-66/200: 4366234.534559/13431.439123/4352803.095436/0.000003538
-67/200: 4366135.768988/13432.099177/4352703.669811/0.000022620
-68/200: 4366148.101022/13432.745684/4352715.355338/0.000002824
-69/200: 4366172.845102/13433.389402/4352739.455700/0.000005667
-70/200: 4366166.629785/13434.025822/4352732.603963/0.000001424
-71/200: 4366263.976659/13434.658339/4352829.318320/0.000022296
-72/200: 4366215.188169/13435.275219/4352779.912950/0.000011174
-73/200: 4366320.098019/13435.895200/4352884.202819/0.000024028
-74/200: 4366276.110348/13436.508023/4352839.602325/0.000010074
-75/200: 4366242.040133/13437.112782/4352804.927351/0.000007803
-76/200: 4366341.324558/13437.709511/4352903.615047/0.000022739
-77/200: 4366362.189343/13438.302458/4352923.886885/0.000004779
-78/200: 4366360.382464/13438.881013/4352921.501451/0.000000414
-79/200: 4366257.185149/13439.458282/4352817.726867/0.000023635
-80/200: 4366275.083830/13440.025828/4352835.058002/0.000004099
-81/200: 4366332.591358/13440.589720/4352892.001638/0.000013171
-82/200: 4366404.584601/13441.144019/4352963.440582/0.000016488
-83/200: 4366340.410036/13441.695323/4352898.714713/0.000014697
-84/200: 4366323.573776/13442.234872/4352881.338904/0.000003856
-85/200: 4366394.786863/13442.773037/4352952.013826/0.000016310
-86/200: 4366399.101761/13443.301420/4352955.800341/0.000000988
-87/200: 4366410.632541/13443.823541/4352966.809000/0.000002641
-88/200: 4366451.202294/13444.344658/4353006.857636/0.000009291
-89/200: 4366415.427564/13444.856772/4352970.570792/0.000008193
-90/200: 4366451.575463/13445.360632/4353006.214831/0.000008279
-91/200: 4366442.819173/13445.855631/4352996.963542/0.000002005
-92/200: 4366485.040274/13446.346601/4353038.693673/0.000009669
-93/200: 4366462.823197/13446.831012/4353015.992185/0.000005088
-94/200: 4366533.198019/13447.308032/4353085.889987/0.000016117
-95/200: 4366506.226233/13447.780719/4353058.445514/0.000006177
-96/200: 4366466.633514/13448.251766/4353018.381748/0.000009067
-97/200: 4366515.240495/13448.717888/4353066.522607/0.000011132
-98/200: 4366546.251648/13449.174293/4353097.077355/0.000007102
-99/200: 4366561.331391/13449.627530/4353111.703861/0.000003453
Recall at EP-100 ...
  Columns 1 through 7

    0.0259    0.0403    0.0506    0.0590    0.0661    0.0730    0.0779

  Columns 8 through 10

    0.0827    0.0874    0.0915

Mrr at EP-100 ...
    0.0073

-100/200: 4366527.217905/13450.078273/4353077.139632/0.000007812
-101/200: 4366511.092059/13450.514263/4353060.577796/0.000003693
-102/200: 4366551.274205/13450.514263/4353100.759942/0.000009202
-103/200: 4366615.879238/13450.514263/4353165.364975/0.000014795
-104/200: 4366551.006064/13450.514263/4353100.491801/0.000014857
/bin/bash: fork: retry: No child processes
/bin/bash: fork: retry: No child processes
/bin/bash: fork: retry: No child processes
/bin/bash: fork: retry: No child processes
/bin/bash: fork: Resource temporarily unavailable
-export LD_LIBRARY_PATH=../gsldump/lib && ctr-part-bcdl/ctr --theta_opt --mult data/delicious/ctr-data/mult.dat --theta_init save/bcdl/delicious-alg61-sp3-cold20170226125818066/final-theta.dat --beta_init save/bcdl/delicious-alg61-sp3-cold20170226125818066/final-beta.dat --directory save/bcdl/delicious-alg61-sp3-cold20170226125818066 --user data/delicious/coldstart/ctr-data/sp3/2550/train-users.dat --item data/delicious/coldstart/ctr-data/sp3/2550/train-items.dat --max_iter 1 --num_factors 200 --lambda_v 1.000000 --lambda_u 10.000000 --save_lag 100 --random_seed 123 --delta_init save/bcdl/delicious-alg61-sp3-cold20170226125818066/final-delta.dat >> save/bcdl/delicious-alg61-sp3-cold20170226125818066/ctr-log: Signal 126
105/200: 4366603.198797/13450.514263/4353152.684534/0.000011953
-106/200: 4366559.677450/13450.514263/4353109.163187/0.000009967
-107/200: 4366595.409871/13450.514263/4353144.895608/0.000008183
-108/200: 4366644.747564/13453.730408/4353191.017156/0.000011299
-109/200: 4366609.249836/13454.116890/4353155.132946/0.000008129
-110/200: 4366599.439056/13454.500059/4353144.938997/0.000002247
-111/200: 4366679.946433/13454.883948/4353225.062485/0.000018437
-112/200: 4366674.826027/13455.267589/4353219.558438/0.000001173
-113/200: 4366654.134564/13455.644363/4353198.490201/0.000004738
-114/200: 4366637.930987/13456.017204/4353181.913783/0.000003711
-115/200: 4366675.144544/13456.385006/4353218.759538/0.000008522
-116/200: 4366665.320907/13456.748408/4353208.572499/0.000002250
-117/200: 4366719.166851/13457.108512/4353262.058339/0.000012331
-118/200: 4366709.929225/13457.467592/4353252.461633/0.000002115
-119/200: 4366749.787965/13457.820755/4353291.967210/0.000009128
-120/200: 4366729.179187/13458.165418/4353271.013769/0.000004719
-121/200: 4366769.614423/13458.507794/4353311.106629/0.000009260
-122/200: 4366779.129537/13458.843072/4353320.286465/0.000002179
-123/200: 4366753.726699/13459.180847/4353294.545852/0.000005817
-124/200: 4366770.936608/13459.507917/4353311.428691/0.000003941
-125/200: 4366782.338507/13459.834496/4353322.504011/0.000002611
-126/200: 4366784.538187/13460.158433/4353324.379754/0.000000504
-127/200: 4366784.563593/13460.482153/4353324.081440/0.000000006
Start evaluating ...
  Columns 1 through 7

    0.0255    0.0402    0.0502    0.0589    0.0664    0.0728    0.0779

  Columns 8 through 10

    0.0825    0.0868    0.0916

    0.0072

Elapsed time is 19102.846350 seconds.
