nohup: ignoring input

                            < M A T L A B (R) >
                  Copyright 1984-2016 The MathWorks, Inc.
                   R2016a (9.0.0.341360) 64-bit (glnxa64)
                             February 11, 2016

 
To get started, type one of these: helpwin, helpdesk, or demo.
For product information, visit www.mathworks.com.
 

	Academic License

Start learning ...
Init data [Dtype: delicious - Dspec: sp3/2550]
Init social model
Using adagrad ...
Params [lbd-U: 1.0000|lbd-V: 10.0000|lbd-N: 1.0000|lbd-Q: 0.0500]
Staring Sample 3 - Loc: save/ctr/delicious-alg80-sp3-cold20170226125821195 
CTR(chongwang) Running ...

iter time likelihood:[r:u:v] converge
0001 000201 -15925.00000:[0.00000:0.00000:-0.00000] 1.0000000000
0002 000398 -15071.00445:[1942.03189:-289.57850:-143.18579] 0.0536260940
0003 000597 -14796.03526:[2730.00407:-451.05733:-446.24339] 0.0182449151
0004 000823 -14159.03250:[5207.13231:-1088.03878:-1374.00329] 0.0430522600
0005 001112 -13616.03409:[8527.10597:-2213.76886:-2323.91126] 0.0383499658
0006 001383 -13503.40338:[9952.68796:-2814.54197:-2648.86889] 0.0082719171
0007 001656 -13480.54589:[10303.76514:-2964.17284:-2729.82434] 0.0016927208
0008 001927 -13470.03369:[10408.18525:-3001.41792:-2756.23392] 0.0007798051
0009 002198 -13464.63952:[10453.20772:-3013.70696:-2769.18166] 0.0004004572
0010 002473 -13462.57167:[10477.55387:-3018.86404:-2777.68988] 0.0001535760
0011 002754 -13462.81459:[10491.70683:-3021.20044:-2784.20363] 0.0000180437
0012 003029 -13464.66573:[10499.71912:-3022.09603:-2789.58468] 0.0001375000
0013 003308 -13467.62225:[10503.68105:-3022.13898:-2794.21835] 0.0002195765
0014 003586 -13471.32264:[10504.86392:-3021.63944:-2798.30981] 0.0002747617
0015 003866 -13475.50629:[10504.10747:-3020.78335:-2801.98193] 0.0003105602
0016 004142 -13479.98441:[10501.99192:-3019.69076:-2805.31450] 0.0003323152
0017 004421 -13484.61932:[10498.92989:-3018.44298:-2808.36257] 0.0003438365
0018 004698 -13489.31017:[10495.22095:-3017.09689:-2811.16603] 0.0003478669
0019 004979 -13493.98299:[10491.08578:-3015.69327:-2813.75498] 0.0003464086
0020 005260 -13498.58356:[10486.68871:-3014.26186:-2816.15296] 0.0003409351
0021 005532 -13503.07219:[10482.15323:-3012.82462:-2818.37888] 0.0003325263
0022 005805 -13507.41979:[10477.57301:-3011.39797:-2820.44823] 0.0003219706
0023 006075 -13511.60503:[10473.01976:-3009.99437:-2822.37393] 0.0003098478
0024 006347 -13515.61241:[10468.54880:-3008.62342:-2824.16695] 0.0002965877
0025 006618 -13519.43067:[10464.20321:-3007.29258:-2825.83672] 0.0002825080
0026 006890 -13523.05181:[10460.01670:-3006.00777:-2827.39138] 0.0002678471
0027 007166 -13526.47039:[10456.01559:-3004.77365:-2828.83807] 0.0002527963
0028 007436 -13529.68321:[10452.22001:-3003.59386:-2830.18315] 0.0002375209
0029 007706 -13532.68917:[10448.64468:-3002.47116:-2831.43241] 0.0002221754
0030 007975 -13535.48912:[10445.29954:-3001.40749:-2832.59126] 0.0002069024
0031 008245 -13538.08555:[10442.19042:-3000.40405:-2833.66477] 0.0001918240
0032 008515 -13540.48227:[10439.31982:-2999.46145:-2834.65770] 0.0001770355
0033 008789 -13542.68401:[10436.68764:-2998.57974:-2835.57452] 0.0001626039
0034 009063 -13544.69602:[10434.29190:-2997.75858:-2836.41935] 0.0001485683
0035 009334 -13546.52382:[10432.12935:-2996.99729:-2837.19601] 0.0001349456
0036 009604 -13548.17308:[10430.19580:-2996.29498:-2837.90802] 0.0001217475
0037 009878 -13549.64965:[10428.48626:-2995.65059:-2838.55873] 0.0001089872
0038 010127 -13550.95978:[10426.99490:-2995.06292:-2839.15139] 0.0000966908
0039 010343 -13552.11035:[10425.71469:-2994.53059:-2839.68927] 0.0000849073
0040 010525 -13553.10894:[10424.63736:-2994.05197:-2840.17570] 0.0000736852
0041 010707 -13553.96367:[10423.75361:-2993.62524:-2840.61411] 0.0000630651
0042 010888 -13554.68305:[10423.05345:-2993.24845:-2841.00796] 0.0000530747
0043 011070 -13555.27570:[10422.52656:-2992.91953:-2841.36068] 0.0000437232
0044 011251 -13555.75027:[10422.16240:-2992.63636:-2841.67558] 0.0000350096
0045 011431 -13556.11518:[10421.95040:-2992.39669:-2841.95577] 0.0000269195
0046 011611 -13556.37853:[10421.88019:-2992.19822:-2842.20416] 0.0000194270
0047 011788 -13556.54809:[10421.94162:-2992.03866:-2842.42344] 0.0000125071
0048 011961 -13556.63123:[10422.12487:-2991.91568:-2842.61610] 0.0000061331
Start evaluating ...
  Columns 1 through 7

    0.0686    0.0876    0.0931    0.0980    0.1008    0.1032    0.1054

  Columns 8 through 10

    0.1075    0.1091    0.1106

    0.0115

Elapsed time is 12051.685379 seconds.
