nohup: ignoring input

                            < M A T L A B (R) >
                  Copyright 1984-2016 The MathWorks, Inc.
                   R2016a (9.0.0.341360) 64-bit (glnxa64)
                             February 11, 2016

 
To get started, type one of these: helpwin, helpdesk, or demo.
For product information, visit www.mathworks.com.
 

	Academic License

Start learning ...
Init data [Dtype: delicious - Dspec: sp3/0550]
Init social model
Using adagrad ...
Params [lbd-U: 0.1000|lbd-V: 1.0000|lbd-N: 0.1000|lbd-Q: 0.1000]
Staring Sample 3 - Loc: save/ctr/delicious-alg80-sp3-cold20170225114343771 
CTR(chongwang) Running ...

iter time likelihood:[r:u:v] converge
0001 000063 -2466.00000:[0.00000:0.00000:0.00000] 1.0000000000
0002 000149 -1645.89349:[1763.16416:-68.09891:-449.87415] 0.3325654952
0003 000235 -913.17326:[3610.11655:-254.54581:-384.88506] 0.4451808296
0004 000319 -891.20350:[3725.27595:-290.16843:-351.81205] 0.0240586938
0005 000405 -883.87816:[3773.04303:-307.77853:-335.50747] 0.0082196103
0006 000496 -879.62127:[3795.72108:-316.19886:-326.80412] 0.0048161522
0007 000575 -876.34014:[3807.33315:-320.07237:-321.73220] 0.0037301625
0008 000653 -873.60474:[3813.70460:-321.76650:-318.50959] 0.0031213817
0009 000730 -871.32135:[3817.44421:-322.43989:-316.31421] 0.0026137583
0010 000809 -869.45077:[3819.77974:-322.65084:-314.74700] 0.0021468303
0011 000886 -867.95302:[3821.31560:-322.66595:-313.59952] 0.0017226381
0012 000963 -866.78248:[3822.36395:-322.61070:-312.75262] 0.0013486259
0013 001039 -865.89198:[3823.09486:-322.54236:-312.13149] 0.0010273665
0014 001113 -865.23701:[3823.60638:-322.48534:-311.68533] 0.0007564076
0015 001188 -864.77784:[3823.95861:-322.44840:-311.37746] 0.0005306862
0016 001259 -864.48009:[3824.19083:-322.43311:-311.18014] 0.0003443135
0017 001337 -864.31454:[3824.33027:-322.43795:-311.07170] 0.0001915026
0018 001414 -864.25665:[3824.39682:-322.46022:-311.03484] 0.0000669725
0019 001490 -864.28596:[3824.40558:-322.49698:-311.05559] 0.0000339138
0020 001565 -864.38547:[3824.36835:-322.54548:-311.12254] 0.0001151316
0021 001638 -864.54108:[3824.29450:-322.60322:-311.22636] 0.0001800297
0022 001713 -864.74113:[3824.19164:-322.66810:-311.35935] 0.0002313955
0023 001787 -864.97593:[3824.06599:-322.73830:-311.51515] 0.0002715230
0024 001863 -865.23739:[3823.92272:-322.81233:-311.68844] 0.0003022764
0025 001941 -865.51873:[3823.76615:-322.88893:-311.87478] 0.0003251605
0026 002015 -865.81423:[3823.59996:-322.96705:-312.07038] 0.0003414084
0027 002090 -866.11905:[3823.42724:-323.04581:-312.27206] 0.0003520611
0028 002160 -866.42913:[3823.25060:-323.12448:-312.47716] 0.0003580136
0029 002233 -866.74107:[3823.07220:-323.20246:-312.68342] 0.0003600273
0030 002305 -867.05199:[3822.89389:-323.27923:-312.88896] 0.0003587288
0031 002381 -867.35947:[3822.71725:-323.35439:-313.09217] 0.0003546210
0032 002455 -867.66140:[3822.54364:-323.42759:-313.29166] 0.0003481078
0033 002527 -867.95600:[3822.37424:-323.49855:-313.48621] 0.0003395255
0034 002596 -868.24171:[3822.21005:-323.56702:-313.67481] 0.0003291777
0035 002665 -868.51726:[3822.05192:-323.63282:-313.85658] 0.0003173665
0036 002735 -868.78164:[3821.90048:-323.69578:-314.03087] 0.0003044009
0037 002807 -869.03409:[3821.75618:-323.75578:-314.19719] 0.0002905828
0038 002880 -869.27411:[3821.61933:-323.81277:-314.35521] 0.0002761867
0039 002954 -869.50137:[3821.49010:-323.86668:-314.50473] 0.0002614417
0040 003022 -869.71571:[3821.36859:-323.91753:-314.64566] 0.0002465129
0041 003089 -869.91705:[3821.25486:-323.96533:-314.77794] 0.0002315024
0042 003160 -870.10538:[3821.14895:-324.01012:-314.90157] 0.0002164837
0043 003230 -870.28073:[3821.05084:-324.05195:-315.01658] 0.0002015342
0044 003295 -870.44324:[3820.96050:-324.09087:-315.12304] 0.0001867250
0045 003362 -870.59303:[3820.87784:-324.12696:-315.22104] 0.0001720902
0046 003431 -870.73027:[3820.80283:-324.16029:-315.31069] 0.0001576349
0047 003499 -870.85511:[3820.73537:-324.19093:-315.39209] 0.0001433823
0048 003569 -870.96781:[3820.67534:-324.21896:-315.46539] 0.0001294058
0049 003639 -871.06868:[3820.62252:-324.24444:-315.53082] 0.0001158133
0050 003706 -871.15815:[3820.57661:-324.26748:-315.58866] 0.0001027100
0051 003773 -871.23670:[3820.53729:-324.28816:-315.63924] 0.0000901714
0052 003841 -871.30486:[3820.50419:-324.30659:-315.68291] 0.0000782341
0053 003911 -871.36315:[3820.47697:-324.32287:-315.72001] 0.0000669061
0054 003977 -871.41212:[3820.45529:-324.33712:-315.75090] 0.0000561901
0055 004045 -871.45229:[3820.43880:-324.34944:-315.77593] 0.0000460999
0056 004111 -871.48424:[3820.42710:-324.35994:-315.79549] 0.0000366622
0057 004178 -871.50856:[3820.41979:-324.36873:-315.80998] 0.0000279115
0058 004245 -871.52589:[3820.41646:-324.37593:-315.81983] 0.0000198773
0059 004311 -871.53684:[3820.41668:-324.38164:-315.82547] 0.0000125641
0060 004379 -871.54201:[3820.42010:-324.38600:-315.82730] 0.0000059399
Start evaluating ...
  Columns 1 through 7

    0.0009    0.0011    0.0015    0.0023    0.0032    0.0036    0.0041

  Columns 8 through 10

    0.0046    0.0051    0.0055

   5.0717e-04

Elapsed time is 4481.950277 seconds.
