Params [lbd-U: 0.1000|lbd-V: 0.1000|lbd-N: 0.1000|lbd-Q: 0.1000|lbd-scale: 1.0000]
Staring Sample 1 - Loc: save/pretrain/data/lastfm/vmodel/shallow 
Train DAE - Item side ...
datalink: data/lastfm/data_item/
doing pretrain from scratch
Training DAE (1)
Epoch 1/500 - recon_error: 7.534185 norms: 0.000199/0.000016/0.000095
Epoch 2/500 - recon_error: 7.529402 norms: 0.000198/0.000017/0.000185
Epoch 3/500 - recon_error: 7.524550 norms: 0.000197/0.000018/0.000300
Epoch 4/500 - recon_error: 7.519289 norms: 0.000196/0.000019/0.000439
Epoch 5/500 - recon_error: 7.513466 norms: 0.000195/0.000020/0.000601
Epoch 6/500 - recon_error: 7.506964 norms: 0.000194/0.000021/0.000784
Epoch 7/500 - recon_error: 7.499677 norms: 0.000193/0.000022/0.000987
Epoch 8/500 - recon_error: 7.491502 norms: 0.000192/0.000022/0.001208
Epoch 9/500 - recon_error: 7.482339 norms: 0.000191/0.000023/0.001448
Epoch 10/500 - recon_error: 7.472086 norms: 0.000190/0.000024/0.001703
Epoch 11/500 - recon_error: 7.460650 norms: 0.000189/0.000025/0.001975
Epoch 12/500 - recon_error: 7.447945 norms: 0.000188/0.000026/0.002261
Epoch 13/500 - recon_error: 7.433896 norms: 0.000188/0.000027/0.002562
Epoch 14/500 - recon_error: 7.418450 norms: 0.000187/0.000028/0.002876
Epoch 15/500 - recon_error: 7.401575 norms: 0.000186/0.000029/0.003203
Epoch 16/500 - recon_error: 7.383269 norms: 0.000185/0.000030/0.003542
Epoch 17/500 - recon_error: 7.363565 norms: 0.000184/0.000031/0.003893
Epoch 18/500 - recon_error: 7.342531 norms: 0.000183/0.000032/0.004255
Epoch 19/500 - recon_error: 7.320276 norms: 0.000182/0.000033/0.004628
Epoch 20/500 - recon_error: 7.296947 norms: 0.000182/0.000034/0.005011
Epoch 21/500 - recon_error: 7.272726 norms: 0.000181/0.000035/0.005404
Epoch 22/500 - recon_error: 7.247824 norms: 0.000180/0.000036/0.005806
Epoch 23/500 - recon_error: 7.222476 norms: 0.000179/0.000037/0.006218
Epoch 24/500 - recon_error: 7.196926 norms: 0.000178/0.000038/0.006638
Epoch 25/500 - recon_error: 7.171422 norms: 0.000177/0.000038/0.007067
Epoch 26/500 - recon_error: 7.146204 norms: 0.000177/0.000039/0.007503
Epoch 27/500 - recon_error: 7.121490 norms: 0.000176/0.000040/0.007948
Epoch 28/500 - recon_error: 7.097476 norms: 0.000175/0.000041/0.008400
Epoch 29/500 - recon_error: 7.074323 norms: 0.000174/0.000042/0.008859
Epoch 30/500 - recon_error: 7.052159 norms: 0.000173/0.000043/0.009326
Epoch 31/500 - recon_error: 7.031074 norms: 0.000173/0.000044/0.009799
Epoch 32/500 - recon_error: 7.011123 norms: 0.000172/0.000045/0.010278
Epoch 33/500 - recon_error: 6.992331 norms: 0.000171/0.000046/0.010765
Epoch 34/500 - recon_error: 6.974691 norms: 0.000170/0.000047/0.011257
Epoch 35/500 - recon_error: 6.958176 norms: 0.000170/0.000048/0.011755
Epoch 36/500 - recon_error: 6.942736 norms: 0.000169/0.000049/0.012259
Epoch 37/500 - recon_error: 6.928312 norms: 0.000168/0.000050/0.012769
Epoch 38/500 - recon_error: 6.914831 norms: 0.000167/0.000051/0.013284
Epoch 39/500 - recon_error: 6.902216 norms: 0.000166/0.000052/0.013804
Epoch 40/500 - recon_error: 6.890386 norms: 0.000166/0.000053/0.014330
Epoch 41/500 - recon_error: 6.879262 norms: 0.000165/0.000054/0.014860
Epoch 42/500 - recon_error: 6.868765 norms: 0.000164/0.000055/0.015396
Epoch 43/500 - recon_error: 6.858820 norms: 0.000163/0.000056/0.015936
Epoch 44/500 - recon_error: 6.849355 norms: 0.000163/0.000057/0.016480
Epoch 45/500 - recon_error: 6.840304 norms: 0.000162/0.000058/0.017030
Epoch 46/500 - recon_error: 6.831607 norms: 0.000161/0.000059/0.017583
Epoch 47/500 - recon_error: 6.823207 norms: 0.000161/0.000060/0.018141
Epoch 48/500 - recon_error: 6.815055 norms: 0.000160/0.000061/0.018703
Epoch 49/500 - recon_error: 6.807104 norms: 0.000159/0.000062/0.019269
Epoch 50/500 - recon_error: 6.799314 norms: 0.000158/0.000063/0.019838
Epoch 51/500 - recon_error: 6.791649 norms: 0.000158/0.000064/0.020412
Epoch 52/500 - recon_error: 6.784076 norms: 0.000157/0.000065/0.020989
Epoch 53/500 - recon_error: 6.776567 norms: 0.000156/0.000066/0.021570
Epoch 54/500 - recon_error: 6.769098 norms: 0.000156/0.000067/0.022155
Epoch 55/500 - recon_error: 6.761647 norms: 0.000155/0.000068/0.022743
Epoch 56/500 - recon_error: 6.754195 norms: 0.000154/0.000069/0.023334
Epoch 57/500 - recon_error: 6.746726 norms: 0.000153/0.000070/0.023929
Epoch 58/500 - recon_error: 6.739226 norms: 0.000153/0.000072/0.024527
Epoch 59/500 - recon_error: 6.731684 norms: 0.000152/0.000073/0.025128
Epoch 60/500 - recon_error: 6.724090 norms: 0.000151/0.000074/0.025732
Epoch 61/500 - recon_error: 6.716437 norms: 0.000151/0.000075/0.026339
Epoch 62/500 - recon_error: 6.708717 norms: 0.000150/0.000076/0.026950
Epoch 63/500 - recon_error: 6.700926 norms: 0.000149/0.000077/0.027563
Epoch 64/500 - recon_error: 6.693061 norms: 0.000149/0.000078/0.028178
Epoch 65/500 - recon_error: 6.685118 norms: 0.000148/0.000079/0.028797
Epoch 66/500 - recon_error: 6.677096 norms: 0.000148/0.000080/0.029418
Epoch 67/500 - recon_error: 6.668996 norms: 0.000147/0.000081/0.030042
Epoch 68/500 - recon_error: 6.660817 norms: 0.000146/0.000082/0.030668
Epoch 69/500 - recon_error: 6.652560 norms: 0.000146/0.000083/0.031297
Epoch 70/500 - recon_error: 6.644227 norms: 0.000145/0.000084/0.031929
Epoch 71/500 - recon_error: 6.635821 norms: 0.000144/0.000085/0.032563
Epoch 72/500 - recon_error: 6.627345 norms: 0.000144/0.000086/0.033199
Epoch 73/500 - recon_error: 6.618802 norms: 0.000143/0.000087/0.033838
Epoch 74/500 - recon_error: 6.610196 norms: 0.000142/0.000088/0.034478
Epoch 75/500 - recon_error: 6.601531 norms: 0.000142/0.000089/0.035122
Epoch 76/500 - recon_error: 6.592812 norms: 0.000141/0.000091/0.035767
Epoch 77/500 - recon_error: 6.584045 norms: 0.000141/0.000092/0.036414
Epoch 78/500 - recon_error: 6.575233 norms: 0.000140/0.000093/0.037064
Epoch 79/500 - recon_error: 6.566383 norms: 0.000139/0.000094/0.037715
Epoch 80/500 - recon_error: 6.557499 norms: 0.000139/0.000095/0.038369
Epoch 81/500 - recon_error: 6.548588 norms: 0.000138/0.000096/0.039025
Epoch 82/500 - recon_error: 6.539654 norms: 0.000138/0.000097/0.039682
Epoch 83/500 - recon_error: 6.530704 norms: 0.000137/0.000098/0.040342
Epoch 84/500 - recon_error: 6.521743 norms: 0.000137/0.000099/0.041003
Epoch 85/500 - recon_error: 6.512776 norms: 0.000136/0.000100/0.041666
Epoch 86/500 - recon_error: 6.503809 norms: 0.000135/0.000101/0.042331
Epoch 87/500 - recon_error: 6.494847 norms: 0.000135/0.000102/0.042998
Epoch 88/500 - recon_error: 6.485895 norms: 0.000134/0.000103/0.043667
Epoch 89/500 - recon_error: 6.476959 norms: 0.000134/0.000105/0.044337
Epoch 90/500 - recon_error: 6.468043 norms: 0.000133/0.000106/0.045009
Epoch 91/500 - recon_error: 6.459152 norms: 0.000133/0.000107/0.045682
Epoch 92/500 - recon_error: 6.450290 norms: 0.000132/0.000108/0.046357
Epoch 93/500 - recon_error: 6.441461 norms: 0.000132/0.000109/0.047034
Epoch 94/500 - recon_error: 6.432670 norms: 0.000131/0.000110/0.047713
Epoch 95/500 - recon_error: 6.423921 norms: 0.000131/0.000111/0.048392
Epoch 96/500 - recon_error: 6.415215 norms: 0.000130/0.000112/0.049074
Epoch 97/500 - recon_error: 6.406558 norms: 0.000130/0.000113/0.049757
Epoch 98/500 - recon_error: 6.397952 norms: 0.000129/0.000114/0.050441
Epoch 99/500 - recon_error: 6.389399 norms: 0.000128/0.000116/0.051127
Epoch 100/500 - recon_error: 6.380903 norms: 0.000128/0.000117/0.051814
Epoch 101/500 - recon_error: 6.372464 norms: 0.000127/0.000118/0.052503
Epoch 102/500 - recon_error: 6.364086 norms: 0.000127/0.000119/0.053192
Epoch 103/500 - recon_error: 6.355770 norms: 0.000126/0.000120/0.053884
Epoch 104/500 - recon_error: 6.347517 norms: 0.000126/0.000121/0.054576
Epoch 105/500 - recon_error: 6.339328 norms: 0.000125/0.000122/0.055270
Epoch 106/500 - recon_error: 6.331206 norms: 0.000125/0.000123/0.055965
Epoch 107/500 - recon_error: 6.323149 norms: 0.000125/0.000124/0.056662
Epoch 108/500 - recon_error: 6.315160 norms: 0.000124/0.000126/0.057359
Epoch 109/500 - recon_error: 6.307239 norms: 0.000124/0.000127/0.058058
Epoch 110/500 - recon_error: 6.299385 norms: 0.000123/0.000128/0.058758
Epoch 111/500 - recon_error: 6.291599 norms: 0.000123/0.000129/0.059460
Epoch 112/500 - recon_error: 6.283881 norms: 0.000122/0.000130/0.060162
Epoch 113/500 - recon_error: 6.276231 norms: 0.000122/0.000131/0.060866
Epoch 114/500 - recon_error: 6.268648 norms: 0.000121/0.000132/0.061570
Epoch 115/500 - recon_error: 6.261131 norms: 0.000121/0.000133/0.062276
Epoch 116/500 - recon_error: 6.253682 norms: 0.000120/0.000135/0.062983
Epoch 117/500 - recon_error: 6.246298 norms: 0.000120/0.000136/0.063691
Epoch 118/500 - recon_error: 6.238978 norms: 0.000119/0.000137/0.064400
Epoch 119/500 - recon_error: 6.231723 norms: 0.000119/0.000138/0.065110
Epoch 120/500 - recon_error: 6.224532 norms: 0.000118/0.000139/0.065821
Epoch 121/500 - recon_error: 6.217403 norms: 0.000118/0.000140/0.066533
Epoch 122/500 - recon_error: 6.210335 norms: 0.000118/0.000141/0.067246
Epoch 123/500 - recon_error: 6.203327 norms: 0.000117/0.000143/0.067960
Epoch 124/500 - recon_error: 6.196379 norms: 0.000117/0.000144/0.068675
Epoch 125/500 - recon_error: 6.189489 norms: 0.000116/0.000145/0.069391
Epoch 126/500 - recon_error: 6.182657 norms: 0.000116/0.000146/0.070108
Epoch 127/500 - recon_error: 6.175880 norms: 0.000115/0.000147/0.070826
Epoch 128/500 - recon_error: 6.169159 norms: 0.000115/0.000148/0.071544
Epoch 129/500 - recon_error: 6.162491 norms: 0.000115/0.000149/0.072264
Epoch 130/500 - recon_error: 6.155876 norms: 0.000114/0.000151/0.072985
Epoch 131/500 - recon_error: 6.149313 norms: 0.000114/0.000152/0.073706
Epoch 132/500 - recon_error: 6.142800 norms: 0.000113/0.000153/0.074428
Epoch 133/500 - recon_error: 6.136336 norms: 0.000113/0.000154/0.075151
Epoch 134/500 - recon_error: 6.129921 norms: 0.000112/0.000155/0.075875
Epoch 135/500 - recon_error: 6.123554 norms: 0.000112/0.000156/0.076600
Epoch 136/500 - recon_error: 6.117232 norms: 0.000112/0.000157/0.077325
Epoch 137/500 - recon_error: 6.110956 norms: 0.000111/0.000159/0.078051
Epoch 138/500 - recon_error: 6.104724 norms: 0.000111/0.000160/0.078778
Epoch 139/500 - recon_error: 6.098535 norms: 0.000110/0.000161/0.079506
Epoch 140/500 - recon_error: 6.092389 norms: 0.000110/0.000162/0.080235
Epoch 141/500 - recon_error: 6.086284 norms: 0.000110/0.000163/0.080964
Epoch 142/500 - recon_error: 6.080219 norms: 0.000109/0.000164/0.081694
Epoch 143/500 - recon_error: 6.074194 norms: 0.000109/0.000165/0.082425
Epoch 144/500 - recon_error: 6.068208 norms: 0.000108/0.000167/0.083156
Epoch 145/500 - recon_error: 6.062260 norms: 0.000108/0.000168/0.083888
Epoch 146/500 - recon_error: 6.056349 norms: 0.000108/0.000169/0.084621
Epoch 147/500 - recon_error: 6.050474 norms: 0.000107/0.000170/0.085355
Epoch 148/500 - recon_error: 6.044635 norms: 0.000107/0.000171/0.086089
Epoch 149/500 - recon_error: 6.038831 norms: 0.000107/0.000172/0.086824
Epoch 150/500 - recon_error: 6.033060 norms: 0.000106/0.000174/0.087559
Epoch 151/500 - recon_error: 6.027324 norms: 0.000106/0.000175/0.088296
Epoch 152/500 - recon_error: 6.021620 norms: 0.000105/0.000176/0.089032
Epoch 153/500 - recon_error: 6.015948 norms: 0.000105/0.000177/0.089770
Epoch 154/500 - recon_error: 6.010308 norms: 0.000105/0.000178/0.090508
Epoch 155/500 - recon_error: 6.004698 norms: 0.000104/0.000179/0.091247
Epoch 156/500 - recon_error: 5.999119 norms: 0.000104/0.000181/0.091986
Epoch 157/500 - recon_error: 5.993570 norms: 0.000104/0.000182/0.092726
Epoch 158/500 - recon_error: 5.988050 norms: 0.000103/0.000183/0.093466
Epoch 159/500 - recon_error: 5.982559 norms: 0.000103/0.000184/0.094207
Epoch 160/500 - recon_error: 5.977096 norms: 0.000103/0.000185/0.094949
Epoch 161/500 - recon_error: 5.971660 norms: 0.000102/0.000186/0.095691
Epoch 162/500 - recon_error: 5.966252 norms: 0.000102/0.000188/0.096434
Epoch 163/500 - recon_error: 5.960871 norms: 0.000102/0.000189/0.097177
Epoch 164/500 - recon_error: 5.955515 norms: 0.000101/0.000190/0.097920
Epoch 165/500 - recon_error: 5.950186 norms: 0.000101/0.000191/0.098665
Epoch 166/500 - recon_error: 5.944882 norms: 0.000101/0.000192/0.099410
Epoch 167/500 - recon_error: 5.939603 norms: 0.000100/0.000194/0.100155
Epoch 168/500 - recon_error: 5.934349 norms: 0.000100/0.000195/0.100901
Epoch 169/500 - recon_error: 5.929119 norms: 0.000100/0.000196/0.101647
Epoch 170/500 - recon_error: 5.923913 norms: 0.000099/0.000197/0.102394
Epoch 171/500 - recon_error: 5.918730 norms: 0.000099/0.000198/0.103141
Epoch 172/500 - recon_error: 5.913570 norms: 0.000099/0.000199/0.103889
Epoch 173/500 - recon_error: 5.908433 norms: 0.000098/0.000201/0.104637
Epoch 174/500 - recon_error: 5.903318 norms: 0.000098/0.000202/0.105386
Epoch 175/500 - recon_error: 5.898225 norms: 0.000098/0.000203/0.106135
Epoch 176/500 - recon_error: 5.893154 norms: 0.000097/0.000204/0.106885
Epoch 177/500 - recon_error: 5.888105 norms: 0.000097/0.000205/0.107635
Epoch 178/500 - recon_error: 5.883076 norms: 0.000097/0.000207/0.108385
Epoch 179/500 - recon_error: 5.878068 norms: 0.000096/0.000208/0.109136
Epoch 180/500 - recon_error: 5.873081 norms: 0.000096/0.000209/0.109887
Epoch 181/500 - recon_error: 5.868113 norms: 0.000096/0.000210/0.110639
Epoch 182/500 - recon_error: 5.863166 norms: 0.000095/0.000211/0.111391
Epoch 183/500 - recon_error: 5.858238 norms: 0.000095/0.000212/0.112144
Epoch 184/500 - recon_error: 5.853329 norms: 0.000095/0.000214/0.112897
Epoch 185/500 - recon_error: 5.848440 norms: 0.000095/0.000215/0.113650
Epoch 186/500 - recon_error: 5.843569 norms: 0.000094/0.000216/0.114404
Epoch 187/500 - recon_error: 5.838716 norms: 0.000094/0.000217/0.115158
Epoch 188/500 - recon_error: 5.833882 norms: 0.000094/0.000218/0.115913
Epoch 189/500 - recon_error: 5.829066 norms: 0.000093/0.000220/0.116668
Epoch 190/500 - recon_error: 5.824267 norms: 0.000093/0.000221/0.117423
Epoch 191/500 - recon_error: 5.819486 norms: 0.000093/0.000222/0.118179
Epoch 192/500 - recon_error: 5.814722 norms: 0.000093/0.000223/0.118935
Epoch 193/500 - recon_error: 5.809975 norms: 0.000092/0.000224/0.119691
Epoch 194/500 - recon_error: 5.805244 norms: 0.000092/0.000226/0.120448
Epoch 195/500 - recon_error: 5.800531 norms: 0.000092/0.000227/0.121205
Epoch 196/500 - recon_error: 5.795833 norms: 0.000091/0.000228/0.121962
Epoch 197/500 - recon_error: 5.791151 norms: 0.000091/0.000229/0.122720
Epoch 198/500 - recon_error: 5.786486 norms: 0.000091/0.000230/0.123478
Epoch 199/500 - recon_error: 5.781835 norms: 0.000091/0.000232/0.124236
Epoch 200/500 - recon_error: 5.777201 norms: 0.000090/0.000233/0.124995
Epoch 201/500 - recon_error: 5.772581 norms: 0.000090/0.000234/0.125754
Epoch 202/500 - recon_error: 5.767976 norms: 0.000090/0.000235/0.126513
Epoch 203/500 - recon_error: 5.763387 norms: 0.000090/0.000236/0.127273
Epoch 204/500 - recon_error: 5.758811 norms: 0.000089/0.000238/0.128033
Epoch 205/500 - recon_error: 5.754250 norms: 0.000089/0.000239/0.128793
Epoch 206/500 - recon_error: 5.749703 norms: 0.000089/0.000240/0.129553
Epoch 207/500 - recon_error: 5.745171 norms: 0.000089/0.000241/0.130314
Epoch 208/500 - recon_error: 5.740652 norms: 0.000088/0.000242/0.131075
Epoch 209/500 - recon_error: 5.736146 norms: 0.000088/0.000244/0.131837
Epoch 210/500 - recon_error: 5.731654 norms: 0.000088/0.000245/0.132598
Epoch 211/500 - recon_error: 5.727175 norms: 0.000088/0.000246/0.133360
Epoch 212/500 - recon_error: 5.722710 norms: 0.000087/0.000247/0.134122
Epoch 213/500 - recon_error: 5.718257 norms: 0.000087/0.000248/0.134885
Epoch 214/500 - recon_error: 5.713817 norms: 0.000087/0.000250/0.135647
Epoch 215/500 - recon_error: 5.709390 norms: 0.000087/0.000251/0.136410
Epoch 216/500 - recon_error: 5.704974 norms: 0.000086/0.000252/0.137173
Epoch 217/500 - recon_error: 5.700572 norms: 0.000086/0.000253/0.137937
Epoch 218/500 - recon_error: 5.696181 norms: 0.000086/0.000254/0.138701
Epoch 219/500 - recon_error: 5.691802 norms: 0.000086/0.000256/0.139464
Epoch 220/500 - recon_error: 5.687435 norms: 0.000085/0.000257/0.140229
Epoch 221/500 - recon_error: 5.683080 norms: 0.000085/0.000258/0.140993
Epoch 222/500 - recon_error: 5.678736 norms: 0.000085/0.000259/0.141758
Epoch 223/500 - recon_error: 5.674404 norms: 0.000085/0.000261/0.142522
Epoch 224/500 - recon_error: 5.670083 norms: 0.000084/0.000262/0.143287
Epoch 225/500 - recon_error: 5.665772 norms: 0.000084/0.000263/0.144053
Epoch 226/500 - recon_error: 5.661473 norms: 0.000084/0.000264/0.144818
Epoch 227/500 - recon_error: 5.657185 norms: 0.000084/0.000265/0.145584
Epoch 228/500 - recon_error: 5.652907 norms: 0.000084/0.000267/0.146350
Epoch 229/500 - recon_error: 5.648640 norms: 0.000083/0.000268/0.147116
Epoch 230/500 - recon_error: 5.644384 norms: 0.000083/0.000269/0.147882
Epoch 231/500 - recon_error: 5.640137 norms: 0.000083/0.000270/0.148649
Epoch 232/500 - recon_error: 5.635901 norms: 0.000083/0.000271/0.149416
Epoch 233/500 - recon_error: 5.631675 norms: 0.000082/0.000273/0.150182
Epoch 234/500 - recon_error: 5.627459 norms: 0.000082/0.000274/0.150950
Epoch 235/500 - recon_error: 5.623253 norms: 0.000082/0.000275/0.151717
Epoch 236/500 - recon_error: 5.619057 norms: 0.000082/0.000276/0.152484
Epoch 237/500 - recon_error: 5.614871 norms: 0.000082/0.000278/0.153252
Epoch 238/500 - recon_error: 5.610694 norms: 0.000081/0.000279/0.154020
Epoch 239/500 - recon_error: 5.606526 norms: 0.000081/0.000280/0.154788
Epoch 240/500 - recon_error: 5.602368 norms: 0.000081/0.000281/0.155556
Epoch 241/500 - recon_error: 5.598219 norms: 0.000081/0.000282/0.156324
Epoch 242/500 - recon_error: 5.594080 norms: 0.000081/0.000284/0.157093
Epoch 243/500 - recon_error: 5.589949 norms: 0.000080/0.000285/0.157861
Epoch 244/500 - recon_error: 5.585828 norms: 0.000080/0.000286/0.158630
Epoch 245/500 - recon_error: 5.581716 norms: 0.000080/0.000287/0.159399
Epoch 246/500 - recon_error: 5.577612 norms: 0.000080/0.000288/0.160168
Epoch 247/500 - recon_error: 5.573517 norms: 0.000080/0.000290/0.160938
Epoch 248/500 - recon_error: 5.569432 norms: 0.000079/0.000291/0.161707
Epoch 249/500 - recon_error: 5.565354 norms: 0.000079/0.000292/0.162477
Epoch 250/500 - recon_error: 5.561285 norms: 0.000079/0.000293/0.163246
Epoch 251/500 - recon_error: 5.557225 norms: 0.000079/0.000295/0.164016
Epoch 252/500 - recon_error: 5.553173 norms: 0.000079/0.000296/0.164786
Epoch 253/500 - recon_error: 5.549130 norms: 0.000078/0.000297/0.165556
Epoch 254/500 - recon_error: 5.545095 norms: 0.000078/0.000298/0.166326
Epoch 255/500 - recon_error: 5.541068 norms: 0.000078/0.000299/0.167097
Epoch 256/500 - recon_error: 5.537050 norms: 0.000078/0.000301/0.167867
Epoch 257/500 - recon_error: 5.533039 norms: 0.000078/0.000302/0.168638
Epoch 258/500 - recon_error: 5.529037 norms: 0.000078/0.000303/0.169409
Epoch 259/500 - recon_error: 5.525042 norms: 0.000077/0.000304/0.170180
Epoch 260/500 - recon_error: 5.521056 norms: 0.000077/0.000306/0.170951
Epoch 261/500 - recon_error: 5.517078 norms: 0.000077/0.000307/0.171722
Epoch 262/500 - recon_error: 5.513107 norms: 0.000077/0.000308/0.172493
Epoch 263/500 - recon_error: 5.509144 norms: 0.000077/0.000309/0.173264
Epoch 264/500 - recon_error: 5.505190 norms: 0.000077/0.000310/0.174036
Epoch 265/500 - recon_error: 5.501242 norms: 0.000076/0.000312/0.174807
Epoch 266/500 - recon_error: 5.497303 norms: 0.000076/0.000313/0.175579
Epoch 267/500 - recon_error: 5.493371 norms: 0.000076/0.000314/0.176351
Epoch 268/500 - recon_error: 5.489447 norms: 0.000076/0.000315/0.177123
Epoch 269/500 - recon_error: 5.485531 norms: 0.000076/0.000317/0.177895
Epoch 270/500 - recon_error: 5.481622 norms: 0.000076/0.000318/0.178667
Epoch 271/500 - recon_error: 5.477721 norms: 0.000075/0.000319/0.179439
Epoch 272/500 - recon_error: 5.473827 norms: 0.000075/0.000320/0.180211
Epoch 273/500 - recon_error: 5.469940 norms: 0.000075/0.000322/0.180983
Epoch 274/500 - recon_error: 5.466061 norms: 0.000075/0.000323/0.181756
Epoch 275/500 - recon_error: 5.462190 norms: 0.000075/0.000324/0.182528
Epoch 276/500 - recon_error: 5.458326 norms: 0.000075/0.000325/0.183301
Epoch 277/500 - recon_error: 5.454469 norms: 0.000074/0.000326/0.184073
Epoch 278/500 - recon_error: 5.450620 norms: 0.000074/0.000328/0.184846
Epoch 279/500 - recon_error: 5.446778 norms: 0.000074/0.000329/0.185619
Epoch 280/500 - recon_error: 5.442943 norms: 0.000074/0.000330/0.186392
Epoch 281/500 - recon_error: 5.439115 norms: 0.000074/0.000331/0.187165
Epoch 282/500 - recon_error: 5.435295 norms: 0.000074/0.000333/0.187938
Epoch 283/500 - recon_error: 5.431482 norms: 0.000074/0.000334/0.188711
Epoch 284/500 - recon_error: 5.427677 norms: 0.000073/0.000335/0.189484
Epoch 285/500 - recon_error: 5.423878 norms: 0.000073/0.000336/0.190257
Epoch 286/500 - recon_error: 5.420087 norms: 0.000073/0.000338/0.191031
Epoch 287/500 - recon_error: 5.416303 norms: 0.000073/0.000339/0.191804
Epoch 288/500 - recon_error: 5.412526 norms: 0.000073/0.000340/0.192577
Epoch 289/500 - recon_error: 5.408756 norms: 0.000073/0.000341/0.193351
Epoch 290/500 - recon_error: 5.404993 norms: 0.000073/0.000342/0.194125
Epoch 291/500 - recon_error: 5.401238 norms: 0.000072/0.000344/0.194898
Epoch 292/500 - recon_error: 5.397490 norms: 0.000072/0.000345/0.195672
Epoch 293/500 - recon_error: 5.393748 norms: 0.000072/0.000346/0.196445
Epoch 294/500 - recon_error: 5.390014 norms: 0.000072/0.000347/0.197219
Epoch 295/500 - recon_error: 5.386287 norms: 0.000072/0.000349/0.197993
Epoch 296/500 - recon_error: 5.382568 norms: 0.000072/0.000350/0.198767
Epoch 297/500 - recon_error: 5.378855 norms: 0.000072/0.000351/0.199541
Epoch 298/500 - recon_error: 5.375149 norms: 0.000071/0.000352/0.200315
Epoch 299/500 - recon_error: 5.371451 norms: 0.000071/0.000354/0.201089
Epoch 300/500 - recon_error: 5.367759 norms: 0.000071/0.000355/0.201863
Epoch 301/500 - recon_error: 5.364075 norms: 0.000071/0.000356/0.202637
Epoch 302/500 - recon_error: 5.360398 norms: 0.000071/0.000357/0.203411
Epoch 303/500 - recon_error: 5.356728 norms: 0.000071/0.000358/0.204185
Epoch 304/500 - recon_error: 5.353065 norms: 0.000071/0.000360/0.204959
Epoch 305/500 - recon_error: 5.349409 norms: 0.000071/0.000361/0.205733
Epoch 306/500 - recon_error: 5.345760 norms: 0.000070/0.000362/0.206507
Epoch 307/500 - recon_error: 5.342118 norms: 0.000070/0.000363/0.207282
Epoch 308/500 - recon_error: 5.338484 norms: 0.000070/0.000365/0.208056
Epoch 309/500 - recon_error: 5.334856 norms: 0.000070/0.000366/0.208830
Epoch 310/500 - recon_error: 5.331236 norms: 0.000070/0.000367/0.209605
Epoch 311/500 - recon_error: 5.327622 norms: 0.000070/0.000368/0.210379
Epoch 312/500 - recon_error: 5.324016 norms: 0.000070/0.000370/0.211153
Epoch 313/500 - recon_error: 5.320417 norms: 0.000070/0.000371/0.211928
Epoch 314/500 - recon_error: 5.316825 norms: 0.000070/0.000372/0.212702
Epoch 315/500 - recon_error: 5.313240 norms: 0.000069/0.000373/0.213477
Epoch 316/500 - recon_error: 5.309662 norms: 0.000069/0.000375/0.214251
Epoch 317/500 - recon_error: 5.306092 norms: 0.000069/0.000376/0.215025
Epoch 318/500 - recon_error: 5.302528 norms: 0.000069/0.000377/0.215800
Epoch 319/500 - recon_error: 5.298972 norms: 0.000069/0.000378/0.216574
Epoch 320/500 - recon_error: 5.295423 norms: 0.000069/0.000379/0.217349
Epoch 321/500 - recon_error: 5.291880 norms: 0.000069/0.000381/0.218123
Epoch 322/500 - recon_error: 5.288346 norms: 0.000069/0.000382/0.218898
Epoch 323/500 - recon_error: 5.284818 norms: 0.000069/0.000383/0.219672
Epoch 324/500 - recon_error: 5.281297 norms: 0.000068/0.000384/0.220447
Epoch 325/500 - recon_error: 5.277784 norms: 0.000068/0.000386/0.221222
Epoch 326/500 - recon_error: 5.274277 norms: 0.000068/0.000387/0.221996
Epoch 327/500 - recon_error: 5.270778 norms: 0.000068/0.000388/0.222771
Epoch 328/500 - recon_error: 5.267286 norms: 0.000068/0.000389/0.223545
Epoch 329/500 - recon_error: 5.263802 norms: 0.000068/0.000391/0.224320
Epoch 330/500 - recon_error: 5.260324 norms: 0.000068/0.000392/0.225094
Epoch 331/500 - recon_error: 5.256854 norms: 0.000068/0.000393/0.225869
Epoch 332/500 - recon_error: 5.253391 norms: 0.000068/0.000394/0.226643
Epoch 333/500 - recon_error: 5.249935 norms: 0.000068/0.000396/0.227418
Epoch 334/500 - recon_error: 5.246486 norms: 0.000067/0.000397/0.228192
Epoch 335/500 - recon_error: 5.243045 norms: 0.000067/0.000398/0.228967
Epoch 336/500 - recon_error: 5.239611 norms: 0.000067/0.000399/0.229741
Epoch 337/500 - recon_error: 5.236184 norms: 0.000067/0.000401/0.230516
Epoch 338/500 - recon_error: 5.232764 norms: 0.000067/0.000402/0.231290
Epoch 339/500 - recon_error: 5.229352 norms: 0.000067/0.000403/0.232065
Epoch 340/500 - recon_error: 5.225946 norms: 0.000067/0.000404/0.232839
Epoch 341/500 - recon_error: 5.222548 norms: 0.000067/0.000405/0.233614
Epoch 342/500 - recon_error: 5.219158 norms: 0.000067/0.000407/0.234388
Epoch 343/500 - recon_error: 5.215774 norms: 0.000067/0.000408/0.235163
Epoch 344/500 - recon_error: 5.212398 norms: 0.000067/0.000409/0.235937
Epoch 345/500 - recon_error: 5.209029 norms: 0.000066/0.000410/0.236711
Epoch 346/500 - recon_error: 5.205668 norms: 0.000066/0.000412/0.237486
Epoch 347/500 - recon_error: 5.202313 norms: 0.000066/0.000413/0.238260
Epoch 348/500 - recon_error: 5.198966 norms: 0.000066/0.000414/0.239034
Epoch 349/500 - recon_error: 5.195626 norms: 0.000066/0.000415/0.239809
Epoch 350/500 - recon_error: 5.192294 norms: 0.000066/0.000417/0.240583
Epoch 351/500 - recon_error: 5.188969 norms: 0.000066/0.000418/0.241357
Epoch 352/500 - recon_error: 5.185651 norms: 0.000066/0.000419/0.242131
Epoch 353/500 - recon_error: 5.182340 norms: 0.000066/0.000420/0.242905
Epoch 354/500 - recon_error: 5.179037 norms: 0.000066/0.000422/0.243680
Epoch 355/500 - recon_error: 5.175741 norms: 0.000066/0.000423/0.244454
Epoch 356/500 - recon_error: 5.172452 norms: 0.000066/0.000424/0.245228
Epoch 357/500 - recon_error: 5.169171 norms: 0.000065/0.000425/0.246002
Epoch 358/500 - recon_error: 5.165897 norms: 0.000065/0.000427/0.246776
Epoch 359/500 - recon_error: 5.162630 norms: 0.000065/0.000428/0.247550
Epoch 360/500 - recon_error: 5.159371 norms: 0.000065/0.000429/0.248324
Epoch 361/500 - recon_error: 5.156118 norms: 0.000065/0.000430/0.249098
Epoch 362/500 - recon_error: 5.152873 norms: 0.000065/0.000431/0.249872
Epoch 363/500 - recon_error: 5.149636 norms: 0.000065/0.000433/0.250646
Epoch 364/500 - recon_error: 5.146406 norms: 0.000065/0.000434/0.251419
Epoch 365/500 - recon_error: 5.143183 norms: 0.000065/0.000435/0.252193
Epoch 366/500 - recon_error: 5.139967 norms: 0.000065/0.000436/0.252967
Epoch 367/500 - recon_error: 5.136759 norms: 0.000065/0.000438/0.253741
Epoch 368/500 - recon_error: 5.133557 norms: 0.000065/0.000439/0.254514
Epoch 369/500 - recon_error: 5.130364 norms: 0.000065/0.000440/0.255288
Epoch 370/500 - recon_error: 5.127177 norms: 0.000065/0.000441/0.256062
Epoch 371/500 - recon_error: 5.123998 norms: 0.000064/0.000443/0.256835
Epoch 372/500 - recon_error: 5.120826 norms: 0.000064/0.000444/0.257609
Epoch 373/500 - recon_error: 5.117661 norms: 0.000064/0.000445/0.258382
Epoch 374/500 - recon_error: 5.114504 norms: 0.000064/0.000446/0.259156
Epoch 375/500 - recon_error: 5.111353 norms: 0.000064/0.000448/0.259929
Epoch 376/500 - recon_error: 5.108210 norms: 0.000064/0.000449/0.260702
Epoch 377/500 - recon_error: 5.105075 norms: 0.000064/0.000450/0.261476
Epoch 378/500 - recon_error: 5.101946 norms: 0.000064/0.000451/0.262249
Epoch 379/500 - recon_error: 5.098825 norms: 0.000064/0.000453/0.263022
Epoch 380/500 - recon_error: 5.095711 norms: 0.000064/0.000454/0.263795
Epoch 381/500 - recon_error: 5.092604 norms: 0.000064/0.000455/0.264568
Epoch 382/500 - recon_error: 5.089505 norms: 0.000064/0.000456/0.265341
Epoch 383/500 - recon_error: 5.086413 norms: 0.000064/0.000458/0.266114
Epoch 384/500 - recon_error: 5.083327 norms: 0.000064/0.000459/0.266887
Epoch 385/500 - recon_error: 5.080250 norms: 0.000064/0.000460/0.267660
Epoch 386/500 - recon_error: 5.077179 norms: 0.000064/0.000461/0.268433
Epoch 387/500 - recon_error: 5.074115 norms: 0.000064/0.000462/0.269205
Epoch 388/500 - recon_error: 5.071059 norms: 0.000063/0.000464/0.269978
Epoch 389/500 - recon_error: 5.068009 norms: 0.000063/0.000465/0.270751
Epoch 390/500 - recon_error: 5.064967 norms: 0.000063/0.000466/0.271523
Epoch 391/500 - recon_error: 5.061932 norms: 0.000063/0.000467/0.272296
Epoch 392/500 - recon_error: 5.058905 norms: 0.000063/0.000469/0.273068
Epoch 393/500 - recon_error: 5.055884 norms: 0.000063/0.000470/0.273841
Epoch 394/500 - recon_error: 5.052870 norms: 0.000063/0.000471/0.274613
Epoch 395/500 - recon_error: 5.049864 norms: 0.000063/0.000472/0.275385
Epoch 396/500 - recon_error: 5.046864 norms: 0.000063/0.000474/0.276158
Epoch 397/500 - recon_error: 5.043872 norms: 0.000063/0.000475/0.276930
Epoch 398/500 - recon_error: 5.040886 norms: 0.000063/0.000476/0.277702
Epoch 399/500 - recon_error: 5.037908 norms: 0.000063/0.000477/0.278474
Epoch 400/500 - recon_error: 5.034937 norms: 0.000063/0.000479/0.279246
Epoch 401/500 - recon_error: 5.031972 norms: 0.000063/0.000480/0.280018
Epoch 402/500 - recon_error: 5.029015 norms: 0.000063/0.000481/0.280790
Epoch 403/500 - recon_error: 5.026065 norms: 0.000063/0.000482/0.281561
Epoch 404/500 - recon_error: 5.023122 norms: 0.000063/0.000484/0.282333
Epoch 405/500 - recon_error: 5.020185 norms: 0.000063/0.000485/0.283105
Epoch 406/500 - recon_error: 5.017256 norms: 0.000063/0.000486/0.283876
Epoch 407/500 - recon_error: 5.014333 norms: 0.000063/0.000487/0.284648
Epoch 408/500 - recon_error: 5.011418 norms: 0.000063/0.000488/0.285419
Epoch 409/500 - recon_error: 5.008509 norms: 0.000063/0.000490/0.286191
Epoch 410/500 - recon_error: 5.005607 norms: 0.000062/0.000491/0.286962
Epoch 411/500 - recon_error: 5.002712 norms: 0.000062/0.000492/0.287733
Epoch 412/500 - recon_error: 4.999824 norms: 0.000062/0.000493/0.288504
Epoch 413/500 - recon_error: 4.996943 norms: 0.000062/0.000495/0.289275
Epoch 414/500 - recon_error: 4.994069 norms: 0.000062/0.000496/0.290046
Epoch 415/500 - recon_error: 4.991201 norms: 0.000062/0.000497/0.290817
Epoch 416/500 - recon_error: 4.988340 norms: 0.000062/0.000498/0.291588
Epoch 417/500 - recon_error: 4.985486 norms: 0.000062/0.000500/0.292359
Epoch 418/500 - recon_error: 4.982639 norms: 0.000062/0.000501/0.293129
Epoch 419/500 - recon_error: 4.979798 norms: 0.000062/0.000502/0.293900
Epoch 420/500 - recon_error: 4.976965 norms: 0.000062/0.000503/0.294671
Epoch 421/500 - recon_error: 4.974137 norms: 0.000062/0.000505/0.295441
Epoch 422/500 - recon_error: 4.971317 norms: 0.000062/0.000506/0.296211
Epoch 423/500 - recon_error: 4.968503 norms: 0.000062/0.000507/0.296982
Epoch 424/500 - recon_error: 4.965696 norms: 0.000062/0.000508/0.297752
Epoch 425/500 - recon_error: 4.962896 norms: 0.000062/0.000510/0.298522
Epoch 426/500 - recon_error: 4.960102 norms: 0.000062/0.000511/0.299292
Epoch 427/500 - recon_error: 4.957314 norms: 0.000062/0.000512/0.300062
Epoch 428/500 - recon_error: 4.954534 norms: 0.000062/0.000513/0.300832
Epoch 429/500 - recon_error: 4.951760 norms: 0.000062/0.000514/0.301602
Epoch 430/500 - recon_error: 4.948992 norms: 0.000062/0.000516/0.302372
Epoch 431/500 - recon_error: 4.946231 norms: 0.000062/0.000517/0.303141
Epoch 432/500 - recon_error: 4.943476 norms: 0.000062/0.000518/0.303911
Epoch 433/500 - recon_error: 4.940728 norms: 0.000062/0.000519/0.304680
Epoch 434/500 - recon_error: 4.937987 norms: 0.000062/0.000521/0.305450
Epoch 435/500 - recon_error: 4.935251 norms: 0.000062/0.000522/0.306219
Epoch 436/500 - recon_error: 4.932523 norms: 0.000062/0.000523/0.306988
Epoch 437/500 - recon_error: 4.929800 norms: 0.000062/0.000524/0.307758
Epoch 438/500 - recon_error: 4.927084 norms: 0.000062/0.000526/0.308527
Epoch 439/500 - recon_error: 4.924375 norms: 0.000062/0.000527/0.309296
Epoch 440/500 - recon_error: 4.921671 norms: 0.000062/0.000528/0.310065
Epoch 441/500 - recon_error: 4.918974 norms: 0.000061/0.000529/0.310833
Epoch 442/500 - recon_error: 4.916284 norms: 0.000061/0.000531/0.311602
Epoch 443/500 - recon_error: 4.913599 norms: 0.000061/0.000532/0.312371
Epoch 444/500 - recon_error: 4.910921 norms: 0.000061/0.000533/0.313139
Epoch 445/500 - recon_error: 4.908249 norms: 0.000061/0.000534/0.313908
Epoch 446/500 - recon_error: 4.905584 norms: 0.000061/0.000535/0.314676
Epoch 447/500 - recon_error: 4.902924 norms: 0.000061/0.000537/0.315444
Epoch 448/500 - recon_error: 4.900271 norms: 0.000061/0.000538/0.316213
Epoch 449/500 - recon_error: 4.897624 norms: 0.000061/0.000539/0.316981
Epoch 450/500 - recon_error: 4.894983 norms: 0.000061/0.000540/0.317749
Epoch 451/500 - recon_error: 4.892348 norms: 0.000061/0.000542/0.318517
Epoch 452/500 - recon_error: 4.889720 norms: 0.000061/0.000543/0.319284
Epoch 453/500 - recon_error: 4.887097 norms: 0.000061/0.000544/0.320052
Epoch 454/500 - recon_error: 4.884481 norms: 0.000061/0.000545/0.320820
Epoch 455/500 - recon_error: 4.881870 norms: 0.000061/0.000547/0.321587
Epoch 456/500 - recon_error: 4.879266 norms: 0.000061/0.000548/0.322355
Epoch 457/500 - recon_error: 4.876667 norms: 0.000061/0.000549/0.323122
Epoch 458/500 - recon_error: 4.874075 norms: 0.000061/0.000550/0.323889
Epoch 459/500 - recon_error: 4.871488 norms: 0.000061/0.000552/0.324656
Epoch 460/500 - recon_error: 4.868908 norms: 0.000061/0.000553/0.325423
Epoch 461/500 - recon_error: 4.866333 norms: 0.000061/0.000554/0.326190
Epoch 462/500 - recon_error: 4.863764 norms: 0.000061/0.000555/0.326957
Epoch 463/500 - recon_error: 4.861202 norms: 0.000061/0.000556/0.327724
Epoch 464/500 - recon_error: 4.858645 norms: 0.000061/0.000558/0.328491
Epoch 465/500 - recon_error: 4.856093 norms: 0.000061/0.000559/0.329257
Epoch 466/500 - recon_error: 4.853548 norms: 0.000061/0.000560/0.330024
Epoch 467/500 - recon_error: 4.851009 norms: 0.000061/0.000561/0.330790
Epoch 468/500 - recon_error: 4.848475 norms: 0.000061/0.000563/0.331556
Epoch 469/500 - recon_error: 4.845947 norms: 0.000061/0.000564/0.332323
Epoch 470/500 - recon_error: 4.843425 norms: 0.000061/0.000565/0.333089
Epoch 471/500 - recon_error: 4.840908 norms: 0.000061/0.000566/0.333855
Epoch 472/500 - recon_error: 4.838397 norms: 0.000061/0.000568/0.334620
Epoch 473/500 - recon_error: 4.835892 norms: 0.000061/0.000569/0.335386
Epoch 474/500 - recon_error: 4.833393 norms: 0.000061/0.000570/0.336152
Epoch 475/500 - recon_error: 4.830899 norms: 0.000061/0.000571/0.336917
Epoch 476/500 - recon_error: 4.828411 norms: 0.000061/0.000572/0.337683
Epoch 477/500 - recon_error: 4.825928 norms: 0.000061/0.000574/0.338448
Epoch 478/500 - recon_error: 4.823451 norms: 0.000061/0.000575/0.339214
Epoch 479/500 - recon_error: 4.820980 norms: 0.000061/0.000576/0.339979
Epoch 480/500 - recon_error: 4.818514 norms: 0.000061/0.000577/0.340744
Epoch 481/500 - recon_error: 4.816053 norms: 0.000061/0.000579/0.341509
Epoch 482/500 - recon_error: 4.813599 norms: 0.000061/0.000580/0.342274
Epoch 483/500 - recon_error: 4.811149 norms: 0.000061/0.000581/0.343038
Epoch 484/500 - recon_error: 4.808705 norms: 0.000061/0.000582/0.343803
Epoch 485/500 - recon_error: 4.806267 norms: 0.000061/0.000584/0.344567
Epoch 486/500 - recon_error: 4.803834 norms: 0.000061/0.000585/0.345332
Epoch 487/500 - recon_error: 4.801406 norms: 0.000061/0.000586/0.346096
Epoch 488/500 - recon_error: 4.798984 norms: 0.000061/0.000587/0.346860
Epoch 489/500 - recon_error: 4.796567 norms: 0.000061/0.000588/0.347625
Epoch 490/500 - recon_error: 4.794155 norms: 0.000061/0.000590/0.348389
Epoch 491/500 - recon_error: 4.791749 norms: 0.000061/0.000591/0.349152
Epoch 492/500 - recon_error: 4.789348 norms: 0.000061/0.000592/0.349916
Epoch 493/500 - recon_error: 4.786953 norms: 0.000061/0.000593/0.350680
Epoch 494/500 - recon_error: 4.784562 norms: 0.000061/0.000595/0.351443
Epoch 495/500 - recon_error: 4.782177 norms: 0.000061/0.000596/0.352207
Epoch 496/500 - recon_error: 4.779797 norms: 0.000061/0.000597/0.352970
Epoch 497/500 - recon_error: 4.777423 norms: 0.000061/0.000598/0.353733
Epoch 498/500 - recon_error: 4.775053 norms: 0.000061/0.000600/0.354497
Epoch 499/500 - recon_error: 4.772689 norms: 0.000061/0.000601/0.355260
Epoch 500/500 - recon_error: 4.770330 norms: 0.000061/0.000602/0.356023
Training is done after 4289.927926 seconds
	***Mean: H=0.353532501 Std: H= 0.026356435
Elapsed time is 4291.233048 seconds.
