nohup: ignoring input

                            < M A T L A B (R) >
                  Copyright 1984-2016 The MathWorks, Inc.
                   R2016a (9.0.0.341360) 64-bit (glnxa64)
                             February 11, 2016

 
To get started, type one of these: helpwin, helpdesk, or demo.
For product information, visit www.mathworks.com.
 

	Academic License

Start learning ...
Init data [Dtype: lastfm - Non-Coldstart]
Init social model
Using adagrad ...
Could not use CUDA
Params [lbd-U: 0.1000|lbd-V: 100.0000|lbd-N: -1.0000|lbd-Q: 1.0000]
Staring Sample 10 - Loc: save/sorec/lastfm-alg50-sp10-20170416114201723 
SoRec Running ...
export LD_LIBRARY_PATH=../gsldump/lib && ctr-part-sorec/ctr --directory save/sorec/lastfm-alg50-sp10-20170416114201723 --b 1 --user data/lastfm/ctr-data/sp10/train-users.dat --item data/lastfm/ctr-data/sp10/train-items.dat --net data/lastfm/ctr-data/net-users.dat --max_iter 200 --num_factors 100 --lambda_v 100.000000 --lambda_u 0.100000 --lambda_q 1.000000 --lambda_s 0.010000 --save_lag 100 --random_seed 123 >> save/sorec/lastfm-alg50-sp10-20170416114201723/ctr-log

iter time likelihood converge
0001 000009 -35938.73166 1.0000000000
0002 000018 -13414.16413 0.6267490946
0003 000026 -11123.03004 0.1707996164
0004 000035 -9511.31344 0.1448990607
0005 000043 -8668.16814 0.0886465685
0006 000052 -8077.85387 0.0681013866
0007 000068 -7651.59208 0.0527691880
0008 000084 -7320.79831 0.0432320179
0009 000101 -7058.82496 0.0357848067
0010 000117 -6858.77787 0.0283399989
0011 000133 -6689.25967 0.0247155104
0012 000149 -6532.44396 0.0234429103
0013 000165 -6392.54126 0.0214165933
0014 000182 -6276.60938 0.0181354926
0015 000198 -6174.15951 0.0163224861
0016 000214 -6081.37238 0.0150283015
0017 000230 -5989.38224 0.0151265421
0018 000247 -5902.15266 0.0145640362
0019 000263 -5829.14179 0.0123702108
0020 000279 -5766.38453 0.0107661241
0021 000295 -5707.14608 0.0102730651
0022 000312 -5649.74117 0.0100584268
0023 000328 -5593.87236 0.0098887390
0024 000344 -5539.31308 0.0097534005
0025 000360 -5486.21776 0.0095851821
0026 000376 -5434.93104 0.0093482833
0027 000393 -5383.12441 0.0095321585
0028 000409 -5331.13115 0.0096585668
0029 000424 -5281.09425 0.0093857935
0030 000433 -5235.87962 0.0085616028
0031 000442 -5194.80335 0.0078451510
0032 000450 -5156.59352 0.0073553961
0033 000459 -5121.23096 0.0068577357
0034 000467 -5089.61891 0.0061727439
0035 000476 -5062.07757 0.0054112773
0036 000484 -5037.74930 0.0048059861
0037 000493 -5015.45464 0.0044255208
0038 000502 -4994.06091 0.0042655606
0039 000510 -4972.96308 0.0042245840
0040 000519 -4951.99572 0.0042162703
0041 000527 -4931.48642 0.0041416244
0042 000536 -4911.75304 0.0040015078
0043 000545 -4893.20126 0.0037770177
0044 000555 -4876.14070 0.0034865838
0045 000563 -4860.48948 0.0032097552
0046 000572 -4845.99029 0.0029830733
0047 000580 -4832.28070 0.0028290586
0048 000589 -4819.06450 0.0027349812
0049 000597 -4806.38215 0.0026317039
0050 000606 -4794.45779 0.0024809428
0051 000614 -4783.44509 0.0022969642
0052 000623 -4773.27749 0.0021255811
0053 000631 -4763.74902 0.0019962117
0054 000640 -4754.67738 0.0019043070
0055 000648 -4746.00453 0.0018240661
0056 000657 -4737.78902 0.0017310369
0057 000665 -4730.12863 0.0016168709
0058 000673 -4723.08793 0.0014884801
0059 000682 -4716.66698 0.0013594811
0060 000690 -4710.82244 0.0012391243
0061 000699 -4705.50548 0.0011286705
0062 000708 -4700.67714 0.0010261035
0063 000716 -4696.30424 0.0009302696
0064 000725 -4692.35317 0.0008413147
0065 000733 -4688.78793 0.0007597997
0066 000742 -4685.57080 0.0006861323
0067 000750 -4682.66337 0.0006205060
0068 000758 -4680.02736 0.0005629298
0069 000767 -4677.62599 0.0005131110
0070 000775 -4675.42583 0.0004703578
0071 000784 -4673.39827 0.0004336632
0072 000792 -4671.51997 0.0004019137
0073 000801 -4669.77242 0.0003740844
0074 000810 -4668.14106 0.0003493447
0075 000818 -4666.61424 0.0003270739
0076 000826 -4665.18243 0.0003068191
0077 000835 -4663.83778 0.0002882312
0078 000843 -4662.57387 0.0002710021
0079 000852 -4661.38574 0.0002548228
0080 000860 -4660.26990 0.0002393785
0081 000868 -4659.22420 0.0002243866
0082 000877 -4658.24734 0.0002096615
0083 000885 -4657.33820 0.0001951675
0084 000894 -4656.49513 0.0001810200
0085 000902 -4655.71550 0.0001674287
0086 000911 -4654.99566 0.0001546139
0087 000920 -4654.33121 0.0001427388
0088 000928 -4653.71740 0.0001318795
0089 000937 -4653.14951 0.0001220309
0090 000945 -4652.62309 0.0001131319
0091 000954 -4652.13412 0.0001050938
0092 000962 -4651.67903 0.0000978239
0093 000970 -4651.25462 0.0000912395
0094 000979 -4650.85799 0.0000852727
0095 000987 -4650.48653 0.0000798707
0096 000996 -4650.13778 0.0000749915
0097 001004 -4649.80948 0.0000705990
0098 001013 -4649.49953 0.0000666591
0099 001021 -4649.20598 0.0000631367
0100 001030 -4648.92705 0.0000599947
0101 001039 -4648.66116 0.0000571940
0102 001047 -4648.40690 0.0000546943
0103 001056 -4648.16307 0.0000524556
0104 001064 -4647.92862 0.0000504394
0105 001073 -4647.70268 0.0000486098
0106 001081 -4647.48455 0.0000469341
0107 001090 -4647.27362 0.0000453841
0108 001098 -4647.06944 0.0000439356
0109 001106 -4646.87162 0.0000425690
0110 001115 -4646.67985 0.0000412687
0111 001123 -4646.49388 0.0000400232
0112 001132 -4646.31348 0.0000388241
0113 001140 -4646.13847 0.0000376659
0114 001149 -4645.96868 0.0000365449
0115 001157 -4645.80394 0.0000354594
0116 001166 -4645.64408 0.0000344084
0117 001175 -4645.48896 0.0000333915
0118 001184 -4645.33840 0.0000324089
0119 001192 -4645.19226 0.0000314604
0120 001201 -4645.05037 0.0000305461
0121 001210 -4644.91257 0.0000296657
0122 001219 -4644.77871 0.0000288184
0123 001227 -4644.64864 0.0000280035
0124 001236 -4644.52221 0.0000272200
0125 001245 -4644.39929 0.0000264664
0126 001253 -4644.27973 0.0000257416
0127 001262 -4644.16342 0.0000250438
0128 001271 -4644.05024 0.0000243717
0129 001280 -4643.94006 0.0000237238
0130 001288 -4643.83279 0.0000230984
0131 001297 -4643.72833 0.0000224942
0132 001306 -4643.62659 0.0000219098
0133 001314 -4643.52748 0.0000213441
0134 001323 -4643.43091 0.0000207957
0135 001332 -4643.33682 0.0000202638
0136 001341 -4643.24513 0.0000197472
0137 001349 -4643.15577 0.0000192452
0138 001358 -4643.06867 0.0000187570
0139 001367 -4642.98379 0.0000182820
0140 001375 -4642.90105 0.0000178195
0141 001384 -4642.82041 0.0000173689
0142 001392 -4642.74181 0.0000169299
0143 001401 -4642.66519 0.0000165021
0144 001409 -4642.59052 0.0000160850
0145 001418 -4642.51773 0.0000156784
0146 001426 -4642.44678 0.0000152820
0147 001435 -4642.37763 0.0000148956
0148 001443 -4642.31023 0.0000145189
0149 001452 -4642.24453 0.0000141517
0150 001460 -4642.18050 0.0000137938
0151 001469 -4642.11808 0.0000134451
0152 001478 -4642.05724 0.0000131054
0153 001486 -4641.99794 0.0000127746
0154 001495 -4641.94014 0.0000124525
0155 001504 -4641.88379 0.0000121390
0156 001512 -4641.82886 0.0000118339
0157 001521 -4641.77531 0.0000115370
0158 001529 -4641.72309 0.0000112483
0159 001538 -4641.67219 0.0000109675
0160 001546 -4641.62255 0.0000106945
0161 001555 -4641.57414 0.0000104292
0162 001563 -4641.52693 0.0000101713
0163 001571 -4641.48088 0.0000099208
Start evaluating ...
  Columns 1 through 7

    0.2159    0.3067    0.3641    0.4050    0.4364    0.4639    0.4852

  Columns 8 through 10

    0.5035    0.5198    0.5332

    0.0682

Elapsed time is 1581.509540 seconds.
