nohup: ignoring input

                            < M A T L A B (R) >
                  Copyright 1984-2016 The MathWorks, Inc.
                   R2016a (9.0.0.341360) 64-bit (glnxa64)
                             February 11, 2016

 
To get started, type one of these: helpwin, helpdesk, or demo.
For product information, visit www.mathworks.com.
 

	Academic License

Start learning ...
Init data [Dtype: lastfm - Non-Coldstart]
Init social model
Using adagrad ...
Could not use CUDA
Params [lbd-U: 0.1000|lbd-V: 100.0000|lbd-N: -1.0000|lbd-Q: 0.0100]
Staring Sample 1 - Loc: save/sorec/lastfm-alg50-sp1-20170417105621297 
SoRec Running ...
export LD_LIBRARY_PATH=../gsldump/lib && ctr-part-sorec/ctr --directory save/sorec/lastfm-alg50-sp1-20170417105621297 --user data/lastfm/ctr-data/sp1/train-users.dat --item data/lastfm/ctr-data/sp1/train-items.dat --net data/lastfm/ctr-data/net-users.dat --max_iter 200 --num_factors 100 --lambda_v 100.000000 --lambda_u 0.100000 --lambda_q 0.010000 --lambda_s 0.010000 --save_lag 100 --random_seed 123 >> save/sorec/lastfm-alg50-sp1-20170417105621297/ctr-log

iter time likelihood converge
0001 000008 -22466.78273 1.0000000000
0002 000017 3314.10040 1.1475111253
0003 000025 5578.73442 0.6833329542
0004 000034 5959.35133 0.0682263897
0005 000042 6131.05104 0.0288118118
0006 000051 6225.87440 0.0154660866
0007 000060 6283.76296 0.0092980597
0008 000068 6322.25373 0.0061254345
0009 000077 6349.78474 0.0043546194
0010 000085 6370.69383 0.0032928812
0011 000094 6387.34045 0.0026130001
0012 000102 6401.07671 0.0021505438
0013 000111 6412.71741 0.0018185533
0014 000120 6422.77847 0.0015689234
0015 000128 6431.60283 0.0013739168
0016 000137 6439.42941 0.0012168941
0017 000146 6446.43209 0.0010874681
0018 000154 6452.74237 0.0009788794
0019 000163 6458.46294 0.0008865333
0020 000171 6463.67600 0.0008071679
0021 000180 6468.44860 0.0007383720
0022 000188 6472.83616 0.0006783015
0023 000197 6476.88497 0.0006255083
0024 000206 6480.63401 0.0005788335
0025 000214 6484.11630 0.0005373376
0026 000223 6487.35999 0.0005002522
0027 000231 6490.38924 0.0004669457
0028 000240 6493.22486 0.0004368966
0029 000248 6495.88496 0.0004096725
0030 000257 6498.38531 0.0003849132
0031 000265 6500.73979 0.0003623174
0032 000274 6502.96065 0.0003416311
0033 000282 6505.05875 0.0003226384
0034 000291 6507.04380 0.0003051547
0035 000299 6508.92447 0.0002890204
0036 000308 6510.70854 0.0002740963
0037 000317 6512.40302 0.0002602605
0038 000326 6514.01422 0.0002474052
0039 000334 6515.54785 0.0002354345
0040 000343 6517.00905 0.0002242633
0041 000352 6518.40248 0.0002138153
0042 000360 6519.73238 0.0002040226
0043 000369 6521.00258 0.0001948242
0044 000378 6522.21657 0.0001861658
0045 000387 6523.37752 0.0001779991
0046 000395 6524.48833 0.0001702809
0047 000404 6525.55164 0.0001629729
0048 000412 6526.56990 0.0001560410
0049 000421 6527.54533 0.0001494552
0050 000430 6528.48000 0.0001431887
0051 000438 6529.37582 0.0001372180
0052 000447 6530.23458 0.0001315222
0053 000455 6531.05793 0.0001260826
0054 000464 6531.84742 0.0001208830
0055 000472 6532.60452 0.0001159086
0056 000481 6533.33060 0.0001111465
0057 000489 6534.02695 0.0001065850
0058 000498 6534.69482 0.0001022134
0059 000507 6535.33536 0.0000980224
0060 000515 6535.94971 0.0000940031
0061 000523 6536.53891 0.0000901478
0062 000532 6537.10399 0.0000864491
0063 000541 6537.64591 0.0000829002
0064 000549 6538.16562 0.0000794949
0065 000558 6538.66401 0.0000762272
0066 000566 6539.14193 0.0000730917
0067 000575 6539.60021 0.0000700831
0068 000583 6540.03965 0.0000671965
0069 000592 6540.46101 0.0000644272
0070 000601 6540.86502 0.0000617707
0071 000609 6541.25238 0.0000592227
0072 000618 6541.62379 0.0000567790
0073 000626 6541.97989 0.0000544358
0074 000635 6542.32131 0.0000521891
0075 000643 6542.64866 0.0000500354
0076 000652 6542.96252 0.0000479711
0077 000661 6543.26344 0.0000459928
0078 000669 6543.55198 0.0000440971
0079 000678 6543.82865 0.0000422809
0080 000687 6544.09395 0.0000405411
0081 000695 6544.34835 0.0000388748
0082 000704 6544.59231 0.0000372789
0083 000712 6544.82629 0.0000357508
0084 000721 6545.05069 0.0000342877
0085 000729 6545.26594 0.0000328871
0086 000738 6545.47242 0.0000315463
0087 000747 6545.67051 0.0000302631
0088 000755 6545.86056 0.0000290349
0089 000764 6546.04292 0.0000278596
0090 000772 6546.21793 0.0000267349
0091 000781 6546.38590 0.0000256588
0092 000790 6546.54713 0.0000246292
0093 000798 6546.70192 0.0000236441
0094 000807 6546.85054 0.0000227017
0095 000816 6546.99326 0.0000218001
0096 000824 6547.13034 0.0000209375
0097 000833 6547.26202 0.0000201124
0098 000841 6547.38853 0.0000193231
0099 000850 6547.51010 0.0000185680
0100 000858 6547.62695 0.0000178456
0101 000868 6547.73927 0.0000171545
0102 000876 6547.84726 0.0000164934
0103 000884 6547.95112 0.0000158609
0104 000893 6548.05101 0.0000152558
0105 000902 6548.14712 0.0000146768
0106 000910 6548.23960 0.0000141228
0107 000918 6548.32860 0.0000135928
0108 000927 6548.41429 0.0000130855
0109 000935 6548.49680 0.0000126001
0110 000943 6548.57627 0.0000121356
0111 000952 6548.65283 0.0000116910
0112 000960 6548.72661 0.0000112654
0113 000969 6548.79771 0.0000108580
0114 000977 6548.86626 0.0000104681
0115 000985 6548.93237 0.0000100947
0116 000993 6548.99614 0.0000097372
Start evaluating ...
  Columns 1 through 7

    0.2753    0.3699    0.4316    0.4760    0.5109    0.5368    0.5603

  Columns 8 through 10

    0.5804    0.5976    0.6114

    0.0927

Elapsed time is 1003.053538 seconds.
