nohup: ignoring input

                            < M A T L A B (R) >
                  Copyright 1984-2016 The MathWorks, Inc.
                   R2016a (9.0.0.341360) 64-bit (glnxa64)
                             February 11, 2016

 
To get started, type one of these: helpwin, helpdesk, or demo.
For product information, visit www.mathworks.com.
 

	Academic License

Start learning ...
Init data [Dtype: lastfm - Non-Coldstart]
Init social model
Using adagrad ...
Could not use CUDA
Params [lbd-U: 0.1000|lbd-V: 100.0000|lbd-N: -1.0000|lbd-Q: 1.0000]
Staring Sample 1 - Loc: save/sorec/lastfm-alg50-sp1-20170416114202860 
SoRec Running ...
export LD_LIBRARY_PATH=../gsldump/lib && ctr-part-sorec/ctr --directory save/sorec/lastfm-alg50-sp1-20170416114202860 --b 1 --user data/lastfm/ctr-data/sp1/train-users.dat --item data/lastfm/ctr-data/sp1/train-items.dat --net data/lastfm/ctr-data/net-users.dat --max_iter 200 --num_factors 100 --lambda_v 100.000000 --lambda_u 0.100000 --lambda_q 1.000000 --lambda_s 0.010000 --save_lag 100 --random_seed 123 >> save/sorec/lastfm-alg50-sp1-20170416114202860/ctr-log

iter time likelihood converge
0001 000009 -35982.57726 1.0000000000
0002 000017 -13523.06577 0.6241773992
0003 000026 -11262.89816 0.1671342613
0004 000034 -9619.84674 0.1458817617
0005 000042 -8774.60783 0.0878640720
0006 000051 -8199.46929 0.0655457824
0007 000060 -7759.60612 0.0536453220
0008 000068 -7427.71385 0.0427717935
0009 000077 -7163.64120 0.0355523460
0010 000085 -6937.23105 0.0316054564
0011 000094 -6754.66749 0.0263164882
0012 000102 -6605.63729 0.0220632924
0013 000110 -6475.99273 0.0196263518
0014 000119 -6365.56632 0.0170516572
0015 000127 -6266.70378 0.0155308314
0016 000136 -6172.85244 0.0149761898
0017 000144 -6083.92647 0.0144059765
0018 000153 -6000.46080 0.0137190463
0019 000161 -5922.17966 0.0130458554
0020 000169 -5847.42963 0.0126220457
0021 000178 -5772.53970 0.0128073259
0022 000186 -5701.63295 0.0122834569
0023 000195 -5638.15286 0.0111336697
0024 000203 -5580.24025 0.0102715560
0025 000211 -5523.67025 0.0101375561
0026 000220 -5469.75560 0.0097606574
0027 000228 -5423.65822 0.0084276858
0028 000237 -5379.56732 0.0081293655
0029 000245 -5335.68387 0.0081574306
0030 000253 -5294.67689 0.0076854211
0031 000262 -5257.41548 0.0070375235
0032 000270 -5224.02482 0.0063511560
0033 000279 -5192.38864 0.0060558999
0034 000287 -5162.15052 0.0058235476
0035 000296 -5134.38481 0.0053787109
0036 000304 -5108.82466 0.0049782299
0037 000312 -5083.72557 0.0049128882
0038 000321 -5058.54972 0.0049522442
0039 000329 -5034.48252 0.0047577288
0040 000339 -5012.19145 0.0044276780
0041 000347 -4991.62104 0.0041040742
0042 000356 -4972.73680 0.0037831875
0043 000364 -4955.26569 0.0035133798
0044 000372 -4938.52103 0.0033791659
0045 000381 -4922.24314 0.0032961062
0046 000389 -4906.66223 0.0031654082
0047 000398 -4892.00081 0.0029880643
0048 000406 -4878.36528 0.0027873103
0049 000414 -4865.78997 0.0025777722
0050 000423 -4854.26952 0.0023676417
0051 000431 -4843.74458 0.0021681817
0052 000440 -4834.09881 0.0019913878
0053 000448 -4825.20936 0.0018389051
0054 000456 -4816.99072 0.0017032703
0055 000465 -4809.36724 0.0015826244
0056 000473 -4802.24088 0.0014817660
0057 000482 -4795.50330 0.0014030078
0058 000490 -4789.06331 0.0013429220
0059 000499 -4782.87775 0.0012916010
0060 000507 -4776.96824 0.0012355558
0061 000516 -4771.39343 0.0011670190
0062 000524 -4766.20412 0.0010875869
0063 000532 -4761.42940 0.0010017875
0064 000541 -4757.07957 0.0009135563
0065 000556 -4753.14257 0.0008276073
0066 000573 -4749.58412 0.0007486519
0067 000589 -4746.35876 0.0006790834
0068 000605 -4743.42201 0.0006187374
0069 000621 -4740.73552 0.0005663607
0070 000637 -4738.26668 0.0005207718
0071 000653 -4735.98725 0.0004810680
0072 000670 -4733.87309 0.0004464033
0073 000686 -4731.90442 0.0004158684
0074 000702 -4730.06577 0.0003885640
0075 000717 -4728.34533 0.0003637244
0076 000725 -4726.73400 0.0003407819
0077 000733 -4725.22442 0.0003193704
0078 000742 -4723.81013 0.0002993063
0079 000751 -4722.48486 0.0002805518
0080 000759 -4721.24215 0.0002631469
0081 000767 -4720.07543 0.0002471210
0082 000776 -4718.97836 0.0002324266
0083 000784 -4717.94525 0.0002189276
0084 000793 -4716.97132 0.0002064313
0085 000802 -4716.05274 0.0001947382
0086 000811 -4715.18649 0.0001836822
0087 000820 -4714.37005 0.0001731503
0088 000828 -4713.60123 0.0001630801
0089 000837 -4712.87797 0.0001534416
0090 000846 -4712.19829 0.0001442164
0091 000854 -4711.56034 0.0001353843
0092 000863 -4710.96233 0.0001269227
0093 000872 -4710.40260 0.0001188151
0094 000880 -4709.87946 0.0001110612
0095 000889 -4709.39113 0.0001036807
0096 000898 -4708.93570 0.0000967082
0097 000906 -4708.51103 0.0000901834
0098 000915 -4708.11486 0.0000841397
0099 000924 -4707.74482 0.0000785961
0100 000933 -4707.39854 0.0000735539
0101 000942 -4707.07375 0.0000689973
0102 000951 -4706.76827 0.0000648972
0103 000959 -4706.48014 0.0000612154
0104 000968 -4706.20760 0.0000579092
0105 000977 -4705.94906 0.0000549351
0106 000985 -4705.70317 0.0000522511
0107 000994 -4705.46874 0.0000498189
0108 001002 -4705.24473 0.0000476045
0109 001011 -4705.03028 0.0000455783
0110 001019 -4704.82460 0.0000437152
0111 001028 -4704.62702 0.0000419941
0112 001037 -4704.43697 0.0000403974
0113 001045 -4704.25391 0.0000389107
0114 001054 -4704.07740 0.0000375217
0115 001062 -4703.90702 0.0000362204
0116 001071 -4703.74239 0.0000349984
0117 001079 -4703.58317 0.0000338486
0118 001088 -4703.42906 0.0000327649
0119 001096 -4703.27977 0.0000317419
0120 001105 -4703.13502 0.0000307752
0121 001113 -4702.99458 0.0000298605
0122 001122 -4702.85822 0.0000289942
0123 001130 -4702.72573 0.0000281728
0124 001139 -4702.59691 0.0000273931
0125 001148 -4702.47157 0.0000266521
0126 001156 -4702.34956 0.0000259470
0127 001165 -4702.23071 0.0000252750
0128 001174 -4702.11487 0.0000246336
0129 001182 -4702.00193 0.0000240203
0130 001191 -4701.89175 0.0000234327
0131 001199 -4701.78422 0.0000228686
0132 001207 -4701.67925 0.0000223257
0133 001216 -4701.57674 0.0000218020
0134 001224 -4701.47662 0.0000212957
0135 001233 -4701.37881 0.0000208050
0136 001241 -4701.28324 0.0000203282
0137 001250 -4701.18985 0.0000198638
0138 001258 -4701.09860 0.0000194105
0139 001267 -4701.00943 0.0000189670
0140 001275 -4700.92231 0.0000185324
0141 001283 -4700.83720 0.0000181055
0142 001292 -4700.75406 0.0000176858
0143 001300 -4700.67287 0.0000172724
0144 001309 -4700.59359 0.0000168648
0145 001317 -4700.51621 0.0000164626
0146 001326 -4700.44069 0.0000160654
0147 001335 -4700.36702 0.0000156729
0148 001344 -4700.29518 0.0000152849
0149 001352 -4700.22514 0.0000149014
0150 001361 -4700.15688 0.0000145222
0151 001369 -4700.09039 0.0000141473
0152 001378 -4700.02563 0.0000137769
0153 001387 -4699.96260 0.0000134108
0154 001395 -4699.90127 0.0000130494
0155 001404 -4699.84162 0.0000126925
0156 001412 -4699.78362 0.0000123405
0157 001421 -4699.72725 0.0000119934
0158 001430 -4699.67249 0.0000116514
0159 001438 -4699.61932 0.0000113147
0160 001447 -4699.56770 0.0000109833
0161 001456 -4699.51761 0.0000106575
0162 001465 -4699.46903 0.0000103373
0163 001474 -4699.42193 0.0000100230
0164 001482 -4699.37628 0.0000097146
Start evaluating ...
  Columns 1 through 7

    0.2226    0.3147    0.3696    0.4106    0.4414    0.4630    0.4850

  Columns 8 through 10

    0.5046    0.5198    0.5339

    0.0706

Elapsed time is 1492.679143 seconds.
