nohup: ignoring input

                            < M A T L A B (R) >
                  Copyright 1984-2016 The MathWorks, Inc.
                   R2016a (9.0.0.341360) 64-bit (glnxa64)
                             February 11, 2016

 
To get started, type one of these: helpwin, helpdesk, or demo.
For product information, visit www.mathworks.com.
 

	Academic License

Start learning ...
Init data [Dtype: lastfm - Non-Coldstart]
Init social model
Using adagrad ...
Could not use CUDA
Params [lbd-U: 0.1000|lbd-V: 100.0000|lbd-N: -1.0000|lbd-Q: 1.0000]
Staring Sample 10 - Loc: save/pmf/lastfm-alg40-sp10-20170416114202762 
PMF with confidence Running ...
export LD_LIBRARY_PATH=../gsldump/lib && ctr-part-pmf/ctr --directory save/pmf/lastfm-alg40-sp10-20170416114202762 --b 1 --user data/lastfm/ctr-data/sp10/train-users.dat --item data/lastfm/ctr-data/sp10/train-items.dat --max_iter 200 --num_factors 100 --lambda_v 100.000000 --lambda_u 0.100000 --save_lag 100 --random_seed 123 >> save/pmf/lastfm-alg40-sp10-20170416114202762/ctr-log

iter time likelihood converge
0001 000016 -37124.35709 1.0000000000
0002 000032 -34140.04447 0.0803869173
0003 000048 -30532.13532 0.1056796853
0004 000063 -28683.14451 0.0605588437
0005 000079 -28535.60376 0.0051438135
0006 000095 -28477.07936 0.0020509257
0007 000111 -28445.08499 0.0011235129
0008 000126 -28425.54280 0.0006870147
0009 000142 -28412.75369 0.0004499160
0010 000158 -28403.97398 0.0003090061
0011 000174 -28397.72409 0.0002200358
0012 000189 -28393.13896 0.0001614610
0013 000205 -28389.68479 0.0001216552
0014 000221 -28387.02031 0.0000938539
0015 000237 -28384.92172 0.0000739276
0016 000252 -28383.23903 0.0000592812
0017 000268 -28381.86947 0.0000482524
0018 000284 -28380.74099 0.0000397606
0019 000300 -28379.80181 0.0000330923
0020 000315 -28379.01374 0.0000277687
0021 000331 -28378.34793 0.0000234613
0022 000347 -28377.78209 0.0000199391
0023 000363 -28377.29866 0.0000170356
0024 000379 -28376.88359 0.0000146268
0025 000394 -28376.52551 0.0000126186
0026 000410 -28376.21514 0.0000109374
0027 000426 -28375.94486 0.0000095249
0028 000442 -28375.70837 0.0000083343
0029 000457 -28375.50045 0.0000073274
0030 000473 -28375.31677 0.0000064732
0031 000489 -28375.15372 0.0000057460
0032 000505 -28375.00830 0.0000051249
0033 000520 -28374.87799 0.0000045925
0034 000536 -28374.76068 0.0000041344
0035 000552 -28374.65460 0.0000037387
0036 000568 -28374.55825 0.0000033956
0037 000583 -28374.47038 0.0000030968
0038 000599 -28374.38992 0.0000028357
0039 000615 -28374.31596 0.0000026064
0040 000631 -28374.24774 0.0000024044
0041 000646 -28374.18459 0.0000022255
0042 000662 -28374.12595 0.0000020665
0043 000678 -28374.07134 0.0000019247
0044 000694 -28374.02034 0.0000017976
0045 000706 -28373.97258 0.0000016833
0046 000714 -28373.92774 0.0000015801
0047 000723 -28373.88556 0.0000014865
0048 000731 -28373.84580 0.0000014015
0049 000739 -28373.80824 0.0000013238
0050 000747 -28373.77269 0.0000012527
0051 000755 -28373.73900 0.0000011874
0052 000764 -28373.70702 0.0000011272
0053 000772 -28373.67662 0.0000010715
0054 000780 -28373.64768 0.0000010200
0055 000788 -28373.62009 0.0000009721
Start evaluating ...
  Columns 1 through 7

    0.2083    0.2962    0.3577    0.3971    0.4277    0.4532    0.4755

  Columns 8 through 10

    0.4954    0.5115    0.5246

    0.0637

Elapsed time is 796.967712 seconds.
