nohup: ignoring input

                            < M A T L A B (R) >
                  Copyright 1984-2016 The MathWorks, Inc.
                   R2016a (9.0.0.341360) 64-bit (glnxa64)
                             February 11, 2016

 
To get started, type one of these: helpwin, helpdesk, or demo.
For product information, visit www.mathworks.com.
 

	Academic License

Start learning ...
Init data [Dtype: lastfm - Non-Coldstart]
Init social model
Using adagrad ...
Could not use CUDA
Params [lbd-U: 0.1000|lbd-V: 100.0000|lbd-N: -1.0000|lbd-Q: 1.0000]
Staring Sample 1 - Loc: save/pmf/lastfm-alg40-sp1-20170416155421227 
PMF with confidence Running ...
export LD_LIBRARY_PATH=../gsldump/lib && ctr-part-pmf/ctr --directory save/pmf/lastfm-alg40-sp1-20170416155421227 --user data/lastfm/ctr-data/sp1/train-users.dat --item data/lastfm/ctr-data/sp1/train-items.dat --max_iter 200 --num_factors 100 --lambda_v 100.000000 --lambda_u 0.100000 --save_lag 100 --random_seed 123 >> save/pmf/lastfm-alg40-sp1-20170416155421227/ctr-log

iter time likelihood converge
0001 000016 -35870.02946 1.0000000000
0002 000031 -17877.80085 0.5015950331
0003 000047 -16361.91604 0.0847914585
0004 000063 -16105.00165 0.0157019745
0005 000079 -16000.85699 0.0064666033
0006 000095 -15943.84386 0.0035631297
0007 000110 -15909.35613 0.0021630751
0008 000126 -15887.18936 0.0013933166
0009 000142 -15872.23729 0.0009411402
0010 000158 -15861.71187 0.0006631337
0011 000173 -15854.01206 0.0004854339
0012 000189 -15848.18439 0.0003675834
0013 000205 -15843.64280 0.0002865686
0014 000221 -15840.01571 0.0002289303
0015 000236 -15837.05994 0.0001866015
0016 000252 -15834.61110 0.0001546269
0017 000268 -15832.55448 0.0001298816
0018 000284 -15830.80754 0.0001103381
0019 000299 -15829.30929 0.0000946413
0020 000315 -15828.01356 0.0000818570
0021 000331 -15826.88467 0.0000713222
0022 000347 -15825.89464 0.0000625536
0023 000363 -15825.02120 0.0000551902
0024 000378 -15824.24645 0.0000489574
0025 000394 -15823.55584 0.0000436426
0026 000410 -15822.93746 0.0000390797
0027 000425 -15822.38149 0.0000351371
0028 000441 -15821.87976 0.0000317100
0029 000457 -15821.42545 0.0000287142
0030 000473 -15821.01280 0.0000260818
0031 000489 -15820.63693 0.0000237577
0032 000504 -15820.29367 0.0000216969
0033 000520 -15819.97944 0.0000198623
0034 000536 -15819.69115 0.0000182233
0035 000552 -15819.42610 0.0000167545
0036 000567 -15819.18194 0.0000154344
0037 000583 -15818.95659 0.0000142450
0038 000599 -15818.74824 0.0000131709
0039 000614 -15818.55527 0.0000121988
0040 000630 -15818.37625 0.0000113175
0041 000646 -15818.20989 0.0000105168
0042 000662 -15818.05505 0.0000097882
0043 000678 -15817.91073 0.0000091241
0044 000693 -15817.77600 0.0000085177
0045 000709 -15817.65004 0.0000079631
0046 000725 -15817.53212 0.0000074551
0047 000740 -15817.42157 0.0000069889
0048 000756 -15817.31780 0.0000065605
0049 000772 -15817.22027 0.0000061662
0050 000788 -15817.12848 0.0000058027
0051 000803 -15817.04201 0.0000054670
0052 000819 -15816.96045 0.0000051567
0053 000835 -15816.88343 0.0000048693
0054 000851 -15816.81063 0.0000046027
0055 000866 -15816.74174 0.0000043552
0056 000882 -15816.67650 0.0000041250
0057 000898 -15816.61465 0.0000039106
0058 000914 -15816.55596 0.0000037107
0059 000930 -15816.50022 0.0000035241
0060 000945 -15816.44724 0.0000033498
0061 000961 -15816.39684 0.0000031866
0062 000977 -15816.34885 0.0000030338
0063 000993 -15816.30313 0.0000028905
0064 001008 -15816.25954 0.0000027561
0065 001024 -15816.21795 0.0000026297
0066 001040 -15816.17824 0.0000025109
0067 001056 -15816.14029 0.0000023991
0068 001071 -15816.10401 0.0000022938
0069 001087 -15816.06930 0.0000021946
0070 001103 -15816.03608 0.0000021009
0071 001119 -15816.00425 0.0000020125
0072 001134 -15815.97374 0.0000019290
0073 001150 -15815.94448 0.0000018500
0074 001166 -15815.91640 0.0000017753
0075 001182 -15815.88944 0.0000017045
0076 001198 -15815.86354 0.0000016375
0077 001213 -15815.83865 0.0000015740
0078 001229 -15815.81471 0.0000015137
0079 001245 -15815.79167 0.0000014566
0080 001261 -15815.76949 0.0000014023
0081 001276 -15815.74813 0.0000013507
0082 001292 -15815.72754 0.0000013017
0083 001308 -15815.70770 0.0000012550
0084 001324 -15815.68855 0.0000012106
0085 001339 -15815.67007 0.0000011684
0086 001355 -15815.65223 0.0000011281
0087 001371 -15815.63499 0.0000010897
0088 001387 -15815.61834 0.0000010531
0089 001402 -15815.60223 0.0000010182
0090 001418 -15815.58666 0.0000009848
Start evaluating ...
  Columns 1 through 7

    0.2755    0.3698    0.4299    0.4760    0.5108    0.5368    0.5603

  Columns 8 through 10

    0.5796    0.5975    0.6110

    0.0923

Elapsed time is 1433.887169 seconds.
