nohup: ignoring input

                            < M A T L A B (R) >
                  Copyright 1984-2016 The MathWorks, Inc.
                   R2016a (9.0.0.341360) 64-bit (glnxa64)
                             February 11, 2016

 
To get started, type one of these: helpwin, helpdesk, or demo.
For product information, visit www.mathworks.com.
 

	Academic License

Start learning ...
Init data [Dtype: lastfm - Non-Coldstart]
Init social model
Using adagrad ...
Could not use CUDA
Params [lbd-U: 0.1000|lbd-V: 100.0000|lbd-N: -1.0000|lbd-Q: 0.1000]
Staring Sample 10 - Loc: save/sorec/lastfm-alg50-sp10-20170416180055053 
SoRec Running ...
export LD_LIBRARY_PATH=../gsldump/lib && ctr-part-sorec/ctr --directory save/sorec/lastfm-alg50-sp10-20170416180055053 --user data/lastfm/ctr-data/sp10/train-users.dat --item data/lastfm/ctr-data/sp10/train-items.dat --net data/lastfm/ctr-data/net-users.dat --max_iter 200 --num_factors 100 --lambda_v 100.000000 --lambda_u 0.100000 --lambda_q 0.100000 --lambda_s 0.010000 --save_lag 100 --random_seed 123 >> save/sorec/lastfm-alg50-sp10-20170416180055053/ctr-log

iter time likelihood converge
0001 000008 -15591.21337 1.0000000000
0002 000017 2755.49723 1.1767339827
0003 000025 5953.09803 1.1604442058
0004 000034 6893.93255 0.1580411601
0005 000042 7334.09414 0.0638476783
0006 000051 7579.23467 0.0334247859
0007 000059 7724.14070 0.0191188208
0008 000068 7815.49599 0.0118272440
0009 000077 7876.44532 0.0077985226
0010 000085 7919.02590 0.0054060656
0011 000094 7949.90287 0.0038990876
0012 000103 7972.98916 0.0029039707
0013 000112 7990.69501 0.0022207299
0014 000120 8004.56387 0.0017356264
0015 000129 8015.61895 0.0013810973
0016 000138 8024.56174 0.0011156702
0017 000147 8031.88870 0.0009130669
0018 000156 8037.96112 0.0007560385
0019 000164 8043.04779 0.0006328312
0020 000173 8047.35206 0.0005351534
0021 000182 8051.02961 0.0004569898
0022 000190 8054.20080 0.0003938864
0023 000199 8056.95936 0.0003424995
0024 000208 8059.37883 0.0003002948
0025 000217 8061.51729 0.0002653379
0026 000225 8063.42095 0.0002361419
0027 000234 8065.12679 0.0002115534
0028 000243 8066.66456 0.0001906691
0029 000252 8068.05827 0.0001727731
0030 000261 8069.32732 0.0001572936
0031 000270 8070.48745 0.0001437706
0032 000278 8071.55141 0.0001318334
0033 000287 8072.52956 0.0001211844
0034 000296 8073.43034 0.0001115866
0035 000304 8074.26073 0.0001028545
0036 000313 8075.02655 0.0000948473
0037 000322 8075.73282 0.0000874631
0038 000331 8076.38400 0.0000806335
0039 000339 8076.98421 0.0000743176
0040 000348 8077.53745 0.0000684952
0041 000357 8078.04762 0.0000631590
0042 000365 8078.51862 0.0000583070
0043 000374 8078.95434 0.0000539353
0044 000383 8079.35856 0.0000500331
0045 000392 8079.73489 0.0000465793
0046 000400 8080.08670 0.0000435428
0047 000409 8080.41704 0.0000408834
0048 000418 8080.72859 0.0000385555
0049 000427 8081.02362 0.0000365110
0050 000436 8081.30406 0.0000347031
0051 000444 8081.57145 0.0000330882
0052 000453 8081.82706 0.0000316283
0053 000462 8082.07187 0.0000302914
0054 000471 8082.30667 0.0000290519
0055 000480 8082.53208 0.0000278898
0056 000489 8082.74862 0.0000267901
0057 000497 8082.95668 0.0000257424
0058 000506 8083.15665 0.0000247393
0059 000515 8083.34884 0.0000237759
0060 000524 8083.53353 0.0000228493
0061 000533 8083.71103 0.0000219577
0062 000542 8083.88160 0.0000211003
0063 000550 8084.04551 0.0000202767
0064 000559 8084.20304 0.0000194865
0065 000568 8084.35446 0.0000187298
0066 000577 8084.50003 0.0000180063
0067 000586 8084.64002 0.0000173158
0068 000595 8084.77469 0.0000166577
0069 000603 8084.90430 0.0000160316
0070 000612 8085.02911 0.0000154367
0071 000621 8085.14935 0.0000148721
0072 000630 8085.26526 0.0000143367
0073 000639 8085.37708 0.0000138294
0074 000648 8085.48501 0.0000133490
0075 000656 8085.58926 0.0000128942
0076 000665 8085.69004 0.0000124638
0077 000674 8085.78752 0.0000120564
0078 000682 8085.88189 0.0000116707
0079 000691 8085.97331 0.0000113055
0080 000700 8086.06192 0.0000109594
0081 000708 8086.14789 0.0000106312
0082 000717 8086.23134 0.0000103199
0083 000725 8086.31239 0.0000100242
0084 000734 8086.39118 0.0000097432
Start evaluating ...
  Columns 1 through 7

    0.2777    0.3720    0.4317    0.4738    0.5072    0.5351    0.5602

  Columns 8 through 10

    0.5807    0.5983    0.6139

    0.0874

Elapsed time is 744.725545 seconds.
