nohup: ignoring input

                            < M A T L A B (R) >
                  Copyright 1984-2016 The MathWorks, Inc.
                   R2016a (9.0.0.341360) 64-bit (glnxa64)
                             February 11, 2016

 
To get started, type one of these: helpwin, helpdesk, or demo.
For product information, visit www.mathworks.com.
 

	Academic License

Start learning ...
Init data [Dtype: delicious - Non-Coldstart]
Init social model
Could not use CUDA
Params [lbd-U: 0.1000|lbd-V: 100.0000|lbd-N: -1.0000|lbd-Q: 0.1000]
Staring Sample 1 - Loc: save/sorec/delicious-alg50-sp1-20170416155413373 
SoRec Running ...
export LD_LIBRARY_PATH=../gsldump/lib && ctr-part-sorec/ctr --directory save/sorec/delicious-alg50-sp1-20170416155413373 --user data/delicious/ctr-data/sp1/train-users.dat --item data/delicious/ctr-data/sp1/train-items.dat --net data/delicious/ctr-data/net-users.dat --max_iter 200 --num_factors 100 --lambda_v 100.000000 --lambda_u 0.100000 --lambda_q 0.100000 --lambda_s 0.010000 --save_lag 100 --random_seed 123 >> save/sorec/delicious-alg50-sp1-20170416155413373/ctr-log

iter time likelihood converge
0001 000043 -35896.58118 1.0000000000
0002 000089 -29476.52716 0.1788486205
0003 000135 -27232.87269 0.0761166488
0004 000180 -19279.78343 0.2920400412
0005 000226 -16157.45515 0.1619483070
0006 000272 -15082.78920 0.0665120800
0007 000318 -14493.84275 0.0390475820
0008 000363 -14127.90463 0.0252478330
0009 000409 -13885.79219 0.0171371796
0010 000455 -13716.40083 0.0121988977
0011 000501 -13592.01791 0.0090681890
0012 000546 -13497.59585 0.0069468759
0013 000592 -13424.42004 0.0054213964
0014 000638 -13366.48599 0.0043155718
0015 000683 -13319.15260 0.0035411994
0016 000729 -13278.80221 0.0030295013
0017 000775 -13243.15612 0.0026844357
0018 000820 -13211.49867 0.0023904757
0019 000866 -13183.97192 0.0020835450
0020 000912 -13160.49121 0.0017810044
0021 000958 -13140.42341 0.0015248515
0022 001003 -13122.93689 0.0013307428
0023 001049 -13107.30899 0.0011908846
0024 001095 -13093.05642 0.0010873753
0025 001140 -13079.97358 0.0009992200
0026 001186 -13068.03810 0.0009125004
0027 001232 -13057.27245 0.0008238152
0028 001277 -13047.71481 0.0007319783
0029 001323 -13039.38144 0.0006386842
0030 001369 -13032.18033 0.0005522585
0031 001414 -13025.96548 0.0004768851
0032 001460 -13020.64564 0.0004084027
0033 001487 -13016.15137 0.0003451650
0034 001511 -13012.36691 0.0002907507
0035 001536 -13009.13941 0.0002480335
0036 001560 -13006.28408 0.0002194864
0037 001587 -13003.60466 0.0002060100
0038 001611 -13000.98891 0.0002011555
0039 001635 -12998.46891 0.0001938310
0040 001659 -12996.17086 0.0001767943
0041 001684 -12994.21686 0.0001503521
0042 001708 -12992.65007 0.0001205755
0043 001732 -12991.42948 0.0000939446
0044 001756 -12990.49602 0.0000718520
0045 001780 -12989.83746 0.0000506958
0046 001804 -12989.48442 0.0000271783
0047 001828 -12989.46277 0.0000016665
Start evaluating ...
  Columns 1 through 7

    0.0736    0.1170    0.1744    0.2351    0.2752    0.3084    0.3202

  Columns 8 through 10

    0.3264    0.3321    0.3348

    0.0193

Elapsed time is 1855.650141 seconds.
