nohup: ignoring input

                            < M A T L A B (R) >
                  Copyright 1984-2016 The MathWorks, Inc.
                   R2016a (9.0.0.341360) 64-bit (glnxa64)
                             February 11, 2016

 
To get started, type one of these: helpwin, helpdesk, or demo.
For product information, visit www.mathworks.com.
 

	Academic License

Start learning ...
Init data [Dtype: lastfm - Non-Coldstart]
Init social model
Using adagrad ...
Could not use CUDA
Params [lbd-U: 0.1000|lbd-V: 100.0000|lbd-N: -1.0000|lbd-Q: 1.0000]
Staring Sample 1 - Loc: save/pmf/lastfm-alg40-sp1-20170416114202405 
PMF with confidence Running ...
export LD_LIBRARY_PATH=../gsldump/lib && ctr-part-pmf/ctr --directory save/pmf/lastfm-alg40-sp1-20170416114202405 --b 1 --user data/lastfm/ctr-data/sp1/train-users.dat --item data/lastfm/ctr-data/sp1/train-items.dat --max_iter 200 --num_factors 100 --lambda_v 100.000000 --lambda_u 0.100000 --save_lag 100 --random_seed 123 >> save/pmf/lastfm-alg40-sp1-20170416114202405/ctr-log

iter time likelihood converge
0001 000008 -37192.85314 1.0000000000
0002 000016 -34204.94812 0.0803354614
0003 000025 -30590.20566 0.1056789341
0004 000033 -28737.60034 0.0605620420
0005 000041 -28593.69428 0.0050075881
0006 000049 -28535.82674 0.0020237868
0007 000064 -28504.52911 0.0010967836
0008 000080 -28485.69487 0.0006607456
0009 000096 -28473.54903 0.0004263838
0010 000112 -28465.29363 0.0002899323
0011 000127 -28459.43649 0.0002057641
0012 000143 -28455.12788 0.0001513949
0013 000159 -28451.85957 0.0001148583
0014 000175 -28449.31526 0.0000894253
0015 000191 -28447.29101 0.0000711527
0016 000206 -28445.65097 0.0000576520
0017 000222 -28444.30171 0.0000474330
0018 000238 -28443.17706 0.0000395386
0019 000254 -28442.22889 0.0000333354
0020 000270 -28441.42136 0.0000283919
0021 000285 -28440.72726 0.0000244048
0022 000301 -28440.12557 0.0000211558
0023 000317 -28439.59989 0.0000184837
0024 000333 -28439.13726 0.0000162673
0025 000349 -28438.72733 0.0000144143
0026 000364 -28438.36180 0.0000128532
0027 000380 -28438.03395 0.0000115283
0028 000396 -28437.73831 0.0000103960
0029 000412 -28437.47038 0.0000094215
0030 000427 -28437.22647 0.0000085773
0031 000443 -28437.00348 0.0000078414
0032 000459 -28436.79885 0.0000071960
0033 000475 -28436.61041 0.0000066267
0034 000491 -28436.43632 0.0000061220
0035 000507 -28436.27502 0.0000056721
0036 000523 -28436.12518 0.0000052693
0037 000538 -28435.98565 0.0000049070
0038 000549 -28435.85542 0.0000045798
0039 000557 -28435.73362 0.0000042830
0040 000565 -28435.61951 0.0000040130
0041 000573 -28435.51241 0.0000037664
0042 000581 -28435.41173 0.0000035405
0043 000589 -28435.31696 0.0000033329
0044 000598 -28435.22763 0.0000031416
0045 000606 -28435.14332 0.0000029649
0046 000614 -28435.06367 0.0000028011
0047 000622 -28434.98835 0.0000026490
0048 000630 -28434.91705 0.0000025075
0049 000639 -28434.84950 0.0000023755
0050 000647 -28434.78546 0.0000022521
0051 000655 -28434.72471 0.0000021366
0052 000663 -28434.66704 0.0000020282
0053 000671 -28434.61226 0.0000019264
0054 000679 -28434.56021 0.0000018305
0055 000688 -28434.51073 0.0000017402
0056 000696 -28434.46367 0.0000016550
0057 000704 -28434.41890 0.0000015746
0058 000713 -28434.37629 0.0000014984
0059 000721 -28434.33573 0.0000014264
0060 000729 -28434.29711 0.0000013581
0061 000737 -28434.26034 0.0000012934
0062 000746 -28434.22530 0.0000012320
0063 000754 -28434.19193 0.0000011737
0064 000762 -28434.16013 0.0000011184
0065 000770 -28434.12982 0.0000010658
0066 000778 -28434.10094 0.0000010158
0067 000787 -28434.07341 0.0000009683
Start evaluating ...
  Columns 1 through 7

    0.2158    0.3071    0.3626    0.4038    0.4343    0.4601    0.4808

  Columns 8 through 10

    0.4997    0.5147    0.5276

    0.0667

Elapsed time is 796.352059 seconds.
