nohup: ignoring input

                            < M A T L A B (R) >
                  Copyright 1984-2016 The MathWorks, Inc.
                   R2016a (9.0.0.341360) 64-bit (glnxa64)
                             February 11, 2016

 
To get started, type one of these: helpwin, helpdesk, or demo.
For product information, visit www.mathworks.com.
 

	Academic License

Start learning ...
Init data [Dtype: delicious - Non-Coldstart]
Init social model
Could not use CUDA
Params [lbd-U: 0.1000|lbd-V: 100.0000|lbd-N: -1.0000|lbd-Q: 0.1000]
Staring Sample 10 - Loc: save/pmf/delicious-alg40-sp10-20170416112817788 
PMF with confidence Running ...
export LD_LIBRARY_PATH=../gsldump/lib && ctr-part-pmf/ctr --directory save/pmf/delicious-alg40-sp10-20170416112817788 --b 1 --user data/delicious/ctr-data/sp10/train-users.dat --item data/delicious/ctr-data/sp10/train-items.dat --max_iter 200 --num_factors 100 --lambda_v 100.000000 --lambda_u 0.100000 --save_lag 100 --random_seed 123 >> save/pmf/delicious-alg40-sp10-20170416112817788/ctr-log

iter time likelihood converge
0001 000026 -41922.49246 1.0000000000
0002 000053 -41922.00333 0.0000116675
0003 000080 -41878.18046 0.0010453429
0004 000106 -40348.14064 0.0365354896
0005 000133 -39530.57226 0.0202628514
0006 000160 -39448.07891 0.0020868240
0007 000186 -39396.65965 0.0013034667
0008 000213 -39362.28191 0.0008726054
0009 000241 -39338.27298 0.0006099477
0010 000267 -39320.85933 0.0004426642
0011 000294 -39307.82567 0.0003314694
0012 000321 -39297.81585 0.0002546520
0013 000348 -39289.96265 0.0001998382
0014 000375 -39283.68877 0.0001596813
0015 000402 -39278.59683 0.0001296198
0016 000428 -39274.40580 0.0001067002
0017 000455 -39270.91268 0.0000889412
0018 000482 -39267.96830 0.0000749763
0019 000508 -39265.46134 0.0000638423
0020 000536 -39263.30764 0.0000548497
0021 000563 -39261.44273 0.0000474976
0022 000590 -39259.81657 0.0000414187
0023 000616 -39258.38985 0.0000363403
0024 000643 -39257.13131 0.0000320580
0025 000670 -39256.01574 0.0000284170
0026 000696 -39255.02262 0.0000252984
0027 000723 -39254.13507 0.0000226099
0028 000750 -39253.33905 0.0000202788
0029 000776 -39252.62277 0.0000182474
0030 000803 -39251.97632 0.0000164691
0031 000839 -39251.39123 0.0000149059
0032 000889 -39250.86029 0.0000135267
0033 000915 -39250.37729 0.0000123056
0034 000942 -39249.93685 0.0000112211
0035 000969 -39249.53434 0.0000102551
0036 000996 -39249.16571 0.0000093921
0037 001022 -39248.82741 0.0000086192
0038 001049 -39248.51635 0.0000079253
0039 001076 -39248.22980 0.0000073009
0040 001102 -39247.96536 0.0000067376
0041 001129 -39247.72090 0.0000062286
0042 001156 -39247.49454 0.0000057675
0043 001185 -39247.28460 0.0000053491
0044 001212 -39247.08959 0.0000049687
0045 001238 -39246.90819 0.0000046222
0046 001266 -39246.73919 0.0000043060
0047 001292 -39246.58153 0.0000040171
0048 001319 -39246.43426 0.0000037525
0049 001346 -39246.29651 0.0000035099
0050 001373 -39246.16750 0.0000032871
0051 001400 -39246.04654 0.0000030821
0052 001427 -39245.93299 0.0000028934
0053 001453 -39245.82627 0.0000027192
0054 001480 -39245.72586 0.0000025584
0055 001507 -39245.63130 0.0000024096
0056 001534 -39245.54214 0.0000022718
0057 001561 -39245.45800 0.0000021440
0058 001587 -39245.37851 0.0000020254
0059 001614 -39245.30334 0.0000019152
0060 001641 -39245.23221 0.0000018126
0061 001668 -39245.16482 0.0000017171
0062 001695 -39245.10093 0.0000016279
0063 001724 -39245.04031 0.0000015448
0064 001751 -39244.98273 0.0000014670
0065 001778 -39244.92801 0.0000013944
0066 001805 -39244.87596 0.0000013263
0067 001831 -39244.82641 0.0000012625
0068 001858 -39244.77921 0.0000012027
0069 001885 -39244.73422 0.0000011466
0070 001911 -39244.69129 0.0000010938
0071 001938 -39244.65031 0.0000010442
0072 001965 -39244.61116 0.0000009975
Start evaluating ...
  Columns 1 through 7

    0.0362    0.0615    0.0794    0.1024    0.1170    0.1297    0.1362

  Columns 8 through 10

    0.1442    0.1506    0.1561

    0.0075

Elapsed time is 1986.217143 seconds.
