nohup: ignoring input

                            < M A T L A B (R) >
                  Copyright 1984-2016 The MathWorks, Inc.
                   R2016a (9.0.0.341360) 64-bit (glnxa64)
                             February 11, 2016

 
To get started, type one of these: helpwin, helpdesk, or demo.
For product information, visit www.mathworks.com.
 

	Academic License

Start learning ...
Init data [Dtype: lastfm - Non-Coldstart]
Init social model
Using adagrad ...
Could not use CUDA
Params [lbd-U: 0.1000|lbd-V: 100.0000|lbd-N: -1.0000|lbd-Q: 1.0000]
Staring Sample 2 - Loc: save/pmf/lastfm-alg40-sp2-20170416114202649 
PMF with confidence Running ...
export LD_LIBRARY_PATH=../gsldump/lib && ctr-part-pmf/ctr --directory save/pmf/lastfm-alg40-sp2-20170416114202649 --b 1 --user data/lastfm/ctr-data/sp2/train-users.dat --item data/lastfm/ctr-data/sp2/train-items.dat --max_iter 200 --num_factors 100 --lambda_v 100.000000 --lambda_u 0.100000 --save_lag 100 --random_seed 123 >> save/pmf/lastfm-alg40-sp2-20170416114202649/ctr-log

iter time likelihood converge
0001 000008 -37174.85358 1.0000000000
0002 000017 -34204.82550 0.0798934709
0003 000025 -30600.69712 0.1053690035
0004 000036 -28749.45881 0.0604966059
0005 000051 -28604.99005 0.0050250948
0006 000063 -28546.79255 0.0020345227
0007 000072 -28514.59436 0.0011279091
0008 000080 -28494.80323 0.0006940704
0009 000088 -28481.84486 0.0004547626
0010 000096 -28472.95988 0.0003119521
0011 000104 -28466.62958 0.0002223270
0012 000112 -28461.96198 0.0001639675
0013 000121 -28458.41114 0.0001247574
0014 000129 -28455.63297 0.0000976218
0015 000137 -28453.40535 0.0000782840
0016 000145 -28451.58158 0.0000640969
0017 000153 -28450.06250 0.0000533917
0018 000162 -28448.77940 0.0000450999
0019 000170 -28447.68336 0.0000385269
0020 000178 -28446.73853 0.0000332131
0021 000186 -28445.91789 0.0000288483
0022 000194 -28445.20055 0.0000252174
0023 000202 -28444.57001 0.0000221671
0024 000211 -28444.01294 0.0000195842
0025 000219 -28443.51850 0.0000173830
0026 000227 -28443.07772 0.0000154967
0027 000235 -28442.68315 0.0000138723
0028 000243 -28442.32856 0.0000124668
0029 000251 -28442.00872 0.0000112452
0030 000260 -28441.71921 0.0000101788
0031 000268 -28441.45630 0.0000092439
0032 000276 -28441.21681 0.0000084205
0033 000284 -28440.99803 0.0000076924
0034 000292 -28440.79764 0.0000070457
0035 000301 -28440.61366 0.0000064690
0036 000309 -28440.44436 0.0000059527
0037 000317 -28440.28826 0.0000054886
0038 000325 -28440.14407 0.0000050701
0039 000334 -28440.01065 0.0000046913
0040 000343 -28439.88701 0.0000043474
0041 000351 -28439.77228 0.0000040342
0042 000359 -28439.66567 0.0000037483
0043 000367 -28439.56652 0.0000034866
0044 000375 -28439.47418 0.0000032466
0045 000383 -28439.38812 0.0000030261
0046 000392 -28439.30784 0.0000028230
0047 000400 -28439.23288 0.0000026358
0048 000408 -28439.16283 0.0000024630
0049 000416 -28439.09733 0.0000023032
0050 000425 -28439.03604 0.0000021552
0051 000433 -28438.97864 0.0000020182
0052 000441 -28438.92486 0.0000018911
0053 000449 -28438.87443 0.0000017732
0054 000458 -28438.82712 0.0000016636
0055 000466 -28438.78270 0.0000015618
0056 000474 -28438.74098 0.0000014671
0057 000482 -28438.70177 0.0000013789
0058 000491 -28438.66489 0.0000012968
0059 000501 -28438.63018 0.0000012203
0060 000509 -28438.59751 0.0000011490
0061 000517 -28438.56672 0.0000010824
0062 000526 -28438.53771 0.0000010203
0063 000534 -28438.51034 0.0000009622
Start evaluating ...
  Columns 1 through 7

    0.2154    0.3063    0.3617    0.4036    0.4337    0.4586    0.4797

  Columns 8 through 10

    0.4978    0.5151    0.5285

    0.0685

Elapsed time is 546.216305 seconds.
