nohup: ignoring input

                            < M A T L A B (R) >
                  Copyright 1984-2016 The MathWorks, Inc.
                   R2016a (9.0.0.341360) 64-bit (glnxa64)
                             February 11, 2016

 
To get started, type one of these: helpwin, helpdesk, or demo.
For product information, visit www.mathworks.com.
 

	Academic License

Start learning ...
Init data [Dtype: delicious - Non-Coldstart]
Init social model
Could not use CUDA
Params [lbd-U: 0.1000|lbd-V: 100.0000|lbd-N: -1.0000|lbd-Q: 0.1000]
Staring Sample 2 - Loc: save/sorec/delicious-alg50-sp2-20170416155413808 
SoRec Running ...
export LD_LIBRARY_PATH=../gsldump/lib && ctr-part-sorec/ctr --directory save/sorec/delicious-alg50-sp2-20170416155413808 --user data/delicious/ctr-data/sp2/train-users.dat --item data/delicious/ctr-data/sp2/train-items.dat --net data/delicious/ctr-data/net-users.dat --max_iter 200 --num_factors 100 --lambda_v 100.000000 --lambda_u 0.100000 --lambda_q 0.100000 --lambda_s 0.010000 --save_lag 100 --random_seed 123 >> save/sorec/delicious-alg50-sp2-20170416155413808/ctr-log

iter time likelihood converge
0001 000045 -35973.84692 1.0000000000
0002 000090 -29568.85133 0.1780458898
0003 000136 -27312.40441 0.0763116192
0004 000182 -19353.57345 0.2913998649
0005 000228 -16250.94298 0.1603130545
0006 000274 -15187.03818 0.0654672652
0007 000320 -14599.47035 0.0386887705
0008 000366 -14229.39767 0.0253483636
0009 000412 -13981.27551 0.0174372917
0010 000458 -13805.45045 0.0125757520
0011 000504 -13675.10709 0.0094414423
0012 000549 -13575.19023 0.0073064772
0013 000595 -13496.87881 0.0057687163
0014 000641 -13434.48624 0.0046227405
0015 000687 -13383.95129 0.0037615840
0016 000733 -13342.32565 0.0031101162
0017 000779 -13307.28500 0.0026262772
0018 000825 -13276.95482 0.0022792165
0019 000871 -13250.11527 0.0020215144
0020 000917 -13226.23950 0.0018019287
0021 000963 -13205.13459 0.0015956854
0022 001008 -13186.51569 0.0014099740
0023 001054 -13170.01867 0.0012510521
0024 001100 -13155.48985 0.0011031741
0025 001146 -13142.99627 0.0009496852
0026 001192 -13132.50242 0.0007984372
0027 001237 -13123.67025 0.0006725426
0028 001262 -13115.98634 0.0005855003
0029 001287 -13109.00748 0.0005320879
0030 001311 -13102.54133 0.0004932601
0031 001335 -13096.64322 0.0004501496
0032 001358 -13091.39733 0.0004005526
0033 001382 -13086.71075 0.0003579893
0034 001406 -13082.36614 0.0003319863
0035 001434 -13078.22441 0.0003165885
0036 001462 -13074.30348 0.0002998066
0037 001489 -13070.68795 0.0002765372
0038 001513 -13067.44477 0.0002481259
0039 001538 -13064.61790 0.0002163290
0040 001562 -13062.23392 0.0001824763
0041 001587 -13060.27208 0.0001501914
0042 001610 -13058.65780 0.0001236028
0043 001634 -13057.32217 0.0001022795
0044 001658 -13056.23858 0.0000829870
0045 001682 -13055.37446 0.0000661845
0046 001706 -13054.63166 0.0000568960
0047 001730 -13053.86015 0.0000590986
0048 001753 -13052.93845 0.0000706072
0049 001777 -13051.84898 0.0000834654
0050 001801 -13050.67702 0.0000897929
0051 001825 -13049.53530 0.0000874832
0052 001849 -13048.49514 0.0000797085
0053 001875 -13047.57803 0.0000702848
0054 001900 -13046.78206 0.0000610059
0055 001927 -13046.10296 0.0000520509
0056 001951 -13045.54092 0.0000430810
0057 001975 -13045.10045 0.0000337642
0058 001999 -13044.78930 0.0000238519
0059 002023 -13044.61801 0.0000131305
0060 002047 -13044.59994 0.0000013853
Start evaluating ...
  Columns 1 through 7

    0.0785    0.1236    0.1810    0.2416    0.2841    0.3094    0.3231

  Columns 8 through 10

    0.3315    0.3374    0.3411

    0.0222

Elapsed time is 2072.974308 seconds.
