nohup: ignoring input

                            < M A T L A B (R) >
                  Copyright 1984-2016 The MathWorks, Inc.
                   R2016a (9.0.0.341360) 64-bit (glnxa64)
                             February 11, 2016

 
To get started, type one of these: helpwin, helpdesk, or demo.
For product information, visit www.mathworks.com.
 

	Academic License

Start learning ...
Init data [Dtype: delicious - Non-Coldstart]
Init social model
Could not use CUDA
Params [lbd-U: 0.1000|lbd-V: 100.0000|lbd-N: -1.0000|lbd-Q: 0.1000]
Staring Sample 3 - Loc: save/pmf/delicious-alg40-sp3-20170416155413213 
PMF with confidence Running ...
export LD_LIBRARY_PATH=../gsldump/lib && ctr-part-pmf/ctr --directory save/pmf/delicious-alg40-sp3-20170416155413213 --user data/delicious/ctr-data/sp3/train-users.dat --item data/delicious/ctr-data/sp3/train-items.dat --max_iter 200 --num_factors 100 --lambda_v 100.000000 --lambda_u 0.100000 --save_lag 100 --random_seed 123 >> save/pmf/delicious-alg40-sp3-20170416155413213/ctr-log

iter time likelihood converge
0001 000048 -41838.11991 1.0000000000
0002 000100 -39605.49136 0.0533635007
0003 000151 -28915.48383 0.2699122562
0004 000202 -27764.29847 0.0398120732
0005 000253 -27591.21314 0.0062340972
0006 000304 -27502.17926 0.0032268926
0007 000355 -27439.30609 0.0022861159
0008 000407 -27390.22588 0.0017886824
0009 000458 -27350.32171 0.0014568764
0010 000509 -27317.11104 0.0012142698
0011 000560 -27289.01403 0.0010285499
0012 000611 -27264.94307 0.0008820750
0013 000662 -27244.11195 0.0007640260
0014 000713 -27225.93083 0.0006673413
0015 000765 -27209.94515 0.0005871492
0016 000816 -27195.79775 0.0005199346
0017 000867 -27183.20389 0.0004630811
0018 000918 -27171.93374 0.0004145998
0019 000970 -27161.79985 0.0003729545
0020 001021 -27152.64785 0.0003369436
0021 001072 -27144.34956 0.0003056164
0022 001123 -27136.79763 0.0002782135
0023 001174 -27129.90157 0.0002541221
0024 001226 -27123.58456 0.0002328433
0025 001277 -27117.78098 0.0002139679
0026 001328 -27112.43450 0.0001971576
0027 001379 -27107.49651 0.0001821303
0028 001429 -27102.92482 0.0001686501
0029 001456 -27098.68273 0.0001565179
0030 001483 -27094.73812 0.0001455649
0031 001510 -27091.06278 0.0001356477
0032 001541 -27087.63187 0.0001266434
0033 001571 -27084.42343 0.0001184467
0034 001622 -27081.41797 0.0001109664
0035 001673 -27078.59815 0.0001041238
0036 001725 -27075.94850 0.0000978505
0037 001776 -27073.45516 0.0000920868
0038 001827 -27071.10571 0.0000867804
0039 001857 -27068.88898 0.0000818857
0040 001885 -27066.79487 0.0000773622
0041 001912 -27064.81428 0.0000731743
0042 001939 -27062.93894 0.0000692906
0043 001965 -27061.16136 0.0000656831
0044 001992 -27059.47472 0.0000623269
0045 002019 -27057.87280 0.0000592000
0046 002046 -27056.34992 0.0000562825
0047 002073 -27054.90087 0.0000535566
0048 002100 -27053.52090 0.0000510065
0049 002126 -27052.20561 0.0000486179
0050 002153 -27050.95099 0.0000463778
0051 002180 -27049.75332 0.0000442747
0052 002207 -27048.60917 0.0000422979
0053 002235 -27047.51538 0.0000404381
0054 002262 -27046.46901 0.0000386864
0055 002289 -27045.46734 0.0000370350
0056 002316 -27044.50786 0.0000354767
0057 002343 -27043.58821 0.0000340049
0058 002369 -27042.70622 0.0000326138
0059 002397 -27041.85984 0.0000312977
0060 002423 -27041.04719 0.0000300516
0061 002450 -27040.26649 0.0000288709
0062 002477 -27039.51609 0.0000277515
0063 002504 -27038.79442 0.0000266892
0064 002532 -27038.10005 0.0000256806
0065 002558 -27037.43161 0.0000247222
0066 002585 -27036.78782 0.0000238110
0067 002612 -27036.16749 0.0000229442
0068 002638 -27035.56947 0.0000221190
0069 002665 -27034.99272 0.0000213330
0070 002691 -27034.43624 0.0000205840
0071 002718 -27033.89907 0.0000198697
0072 002745 -27033.38034 0.0000191883
0073 002771 -27032.87920 0.0000185378
0074 002798 -27032.39486 0.0000179165
0075 002824 -27031.92658 0.0000173229
0076 002851 -27031.47365 0.0000167554
0077 002878 -27031.03540 0.0000162126
0078 002904 -27030.61120 0.0000156931
0079 002931 -27030.20045 0.0000151959
0080 002958 -27029.80257 0.0000147196
0081 002984 -27029.41704 0.0000142633
0082 003011 -27029.04334 0.0000138258
0083 003037 -27028.68098 0.0000134063
0084 003064 -27028.32950 0.0000130037
0085 003091 -27027.98848 0.0000126174
0086 003117 -27027.65748 0.0000122464
0087 003144 -27027.33612 0.0000118901
0088 003170 -27027.02402 0.0000115477
0089 003197 -27026.72081 0.0000112185
0090 003224 -27026.42617 0.0000109019
0091 003250 -27026.13976 0.0000105974
0092 003277 -27025.86127 0.0000103043
0093 003304 -27025.59041 0.0000100222
0094 003330 -27025.32690 0.0000097504
0095 003357 -27025.07047 0.0000094886
0096 003383 -27024.82086 0.0000092363
0097 003410 -27024.57782 0.0000089931
0098 003437 -27024.34113 0.0000087585
0099 003463 -27024.11055 0.0000085322
0100 003490 -27023.88587 0.0000083139
0101 003519 -27023.66690 0.0000081031
0102 003546 -27023.45342 0.0000078995
0103 003572 -27023.24526 0.0000077029
0104 003599 -27023.04224 0.0000075130
0105 003626 -27022.84417 0.0000073294
0106 003652 -27022.65091 0.0000071519
0107 003679 -27022.46228 0.0000069802
0108 003705 -27022.27815 0.0000068142
0109 003732 -27022.09835 0.0000066535
0110 003759 -27021.92276 0.0000064980
0111 003785 -27021.75124 0.0000063475
0112 003812 -27021.58366 0.0000062017
0113 003839 -27021.41990 0.0000060604
0114 003865 -27021.25984 0.0000059236
0115 003892 -27021.10336 0.0000057909
0116 003918 -27020.95036 0.0000056624
0117 003945 -27020.80072 0.0000055377
0118 003972 -27020.65436 0.0000054168
0119 003998 -27020.51116 0.0000052995
0120 004025 -27020.37104 0.0000051856
0121 004051 -27020.23391 0.0000050751
0122 004078 -27020.09968 0.0000049678
0123 004105 -27019.96827 0.0000048636
0124 004131 -27019.83958 0.0000047625
0125 004158 -27019.71356 0.0000046642
0126 004184 -27019.59012 0.0000045686
0127 004211 -27019.46918 0.0000044758
0128 004238 -27019.35069 0.0000043855
0129 004264 -27019.23457 0.0000042977
0130 004291 -27019.12075 0.0000042124
0131 004318 -27019.00918 0.0000041293
0132 004344 -27018.89980 0.0000040485
0133 004371 -27018.79254 0.0000039699
0134 004397 -27018.68734 0.0000038933
0135 004424 -27018.58416 0.0000038188
0136 004451 -27018.48295 0.0000037462
0137 004477 -27018.38364 0.0000036755
0138 004504 -27018.28619 0.0000036067
0139 004531 -27018.19056 0.0000035396
0140 004557 -27018.09669 0.0000034742
0141 004584 -27018.00454 0.0000034105
0142 004610 -27017.91408 0.0000033484
0143 004637 -27017.82525 0.0000032878
0144 004664 -27017.73801 0.0000032288
0145 004690 -27017.65234 0.0000031711
0146 004717 -27017.56818 0.0000031149
0147 004744 -27017.48550 0.0000030601
0148 004770 -27017.40427 0.0000030066
0149 004797 -27017.32445 0.0000029543
0150 004823 -27017.24601 0.0000029034
0151 004850 -27017.16891 0.0000028536
0152 004877 -27017.09313 0.0000028049
0153 004903 -27017.01863 0.0000027575
0154 004930 -27016.94539 0.0000027111
0155 004956 -27016.87337 0.0000026658
0156 004983 -27016.80254 0.0000026215
0157 005010 -27016.73289 0.0000025782
0158 005036 -27016.66438 0.0000025359
0159 005063 -27016.59698 0.0000024946
0160 005090 -27016.53068 0.0000024541
0161 005116 -27016.46545 0.0000024146
0162 005143 -27016.40126 0.0000023759
0163 005169 -27016.33809 0.0000023381
0164 005196 -27016.27592 0.0000023011
0165 005223 -27016.21473 0.0000022649
0166 005249 -27016.15450 0.0000022295
0167 005276 -27016.09520 0.0000021948
0168 005302 -27016.03682 0.0000021609
0169 005329 -27015.97934 0.0000021277
0170 005356 -27015.92274 0.0000020952
0171 005382 -27015.86699 0.0000020634
0172 005409 -27015.81209 0.0000020322
0173 005435 -27015.75802 0.0000020016
0174 005462 -27015.70475 0.0000019717
0175 005489 -27015.65227 0.0000019424
0176 005515 -27015.60057 0.0000019137
0177 005542 -27015.54963 0.0000018856
0178 005568 -27015.49944 0.0000018580
0179 005595 -27015.44998 0.0000018310
0180 005622 -27015.40123 0.0000018045
0181 005648 -27015.35318 0.0000017785
0182 005675 -27015.30582 0.0000017530
0183 005702 -27015.25914 0.0000017281
0184 005728 -27015.21311 0.0000017036
0185 005755 -27015.16774 0.0000016796
0186 005782 -27015.12300 0.0000016560
0187 005808 -27015.07889 0.0000016329
0188 005835 -27015.03539 0.0000016102
0189 005861 -27014.99249 0.0000015879
0190 005887 -27014.95019 0.0000015661
0191 005913 -27014.90846 0.0000015447
0192 005940 -27014.86729 0.0000015236
0193 005964 -27014.82669 0.0000015030
0194 005989 -27014.78664 0.0000014827
0195 006014 -27014.74712 0.0000014628
0196 006039 -27014.70813 0.0000014433
0197 006065 -27014.66966 0.0000014241
0198 006089 -27014.63169 0.0000014052
0199 006114 -27014.59423 0.0000013867
0200 006138 -27014.55726 0.0000013685
Start evaluating ...
  Columns 1 through 7

    0.0690    0.1095    0.1673    0.2270    0.2759    0.3027    0.3163

  Columns 8 through 10

    0.3234    0.3284    0.3311

    0.0180

Elapsed time is 6159.840134 seconds.
