nohup: ignoring input

                            < M A T L A B (R) >
                  Copyright 1984-2016 The MathWorks, Inc.
                   R2016a (9.0.0.341360) 64-bit (glnxa64)
                             February 11, 2016

 
To get started, type one of these: helpwin, helpdesk, or demo.
For product information, visit www.mathworks.com.
 

	Academic License

Start learning ...
Init data [Dtype: lastfm - Non-Coldstart]
Init social model
Using adagrad ...
Could not use CUDA
Params [lbd-U: 0.1000|lbd-V: 100.0000|lbd-N: -1.0000|lbd-Q: 1.0000]
Staring Sample 3 - Loc: save/sorec/lastfm-alg50-sp3-20170416114202651 
SoRec Running ...
export LD_LIBRARY_PATH=../gsldump/lib && ctr-part-sorec/ctr --directory save/sorec/lastfm-alg50-sp3-20170416114202651 --b 1 --user data/lastfm/ctr-data/sp3/train-users.dat --item data/lastfm/ctr-data/sp3/train-items.dat --net data/lastfm/ctr-data/net-users.dat --max_iter 200 --num_factors 100 --lambda_v 100.000000 --lambda_u 0.100000 --lambda_q 1.000000 --lambda_s 0.010000 --save_lag 100 --random_seed 123 >> save/sorec/lastfm-alg50-sp3-20170416114202651/ctr-log

iter time likelihood converge
0001 000009 -35958.85104 1.0000000000
0002 000017 -13455.04634 0.6258210163
0003 000025 -11111.80921 0.1741530329
0004 000034 -9594.51328 0.1365480543
0005 000042 -8722.95151 0.0908396028
0006 000051 -8131.48842 0.0678053849
0007 000060 -7700.29407 0.0530277278
0008 000068 -7368.21525 0.0431254727
0009 000077 -7115.46219 0.0343031588
0010 000085 -6912.81807 0.0284794035
0011 000094 -6740.60506 0.0249121279
0012 000102 -6584.87507 0.0231032661
0013 000110 -6446.51697 0.0210114994
0014 000119 -6323.36303 0.0191039499
0015 000127 -6230.28438 0.0147198017
0016 000136 -6149.21363 0.0130123684
0017 000144 -6066.74264 0.0134116320
0018 000152 -5980.60133 0.0141989396
0019 000161 -5895.39020 0.0142479191
0020 000169 -5819.30411 0.0129060323
0021 000178 -5752.29058 0.0115157283
0022 000186 -5690.15213 0.0108023846
0023 000194 -5632.06500 0.0102083602
0024 000203 -5572.23729 0.0106226958
0025 000211 -5512.29697 0.0107569577
0026 000219 -5457.84010 0.0098791615
0027 000228 -5406.68904 0.0093720328
0028 000236 -5357.10039 0.0091717224
0029 000245 -5309.48835 0.0088876511
0030 000253 -5264.68925 0.0084375555
0031 000261 -5224.65516 0.0076042652
0032 000270 -5189.54148 0.0067207641
0033 000278 -5157.23191 0.0062259005
0034 000287 -5126.27972 0.0060017063
0035 000295 -5096.43728 0.0058214623
0036 000303 -5069.22817 0.0053388490
0037 000312 -5044.36490 0.0049047433
0038 000320 -5020.98306 0.0046352406
0039 000329 -4998.71173 0.0044356505
0040 000338 -4977.19291 0.0043048739
0041 000346 -4956.71614 0.0041141193
0042 000355 -4937.62553 0.0038514633
0043 000363 -4920.00732 0.0035681549
0044 000372 -4903.88949 0.0032759780
0045 000380 -4888.99393 0.0030374986
0046 000388 -4874.90697 0.0028813613
0047 000397 -4861.48503 0.0027532702
0048 000405 -4848.79648 0.0026100169
0049 000413 -4836.85635 0.0024624921
0050 000422 -4825.56255 0.0023349471
0051 000431 -4814.83210 0.0022236674
0052 000439 -4804.67546 0.0021094488
0053 000447 -4795.15117 0.0019822967
0054 000456 -4786.25769 0.0018546825
0055 000464 -4777.90354 0.0017454450
0056 000473 -4770.00891 0.0016523197
0057 000481 -4762.59189 0.0015549273
0058 000489 -4755.72716 0.0014413873
0059 000498 -4749.46773 0.0013161873
0060 000507 -4743.80767 0.0011917241
0061 000515 -4738.67947 0.0010810308
0062 000523 -4733.98224 0.0009912529
0063 000532 -4729.62086 0.0009212928
0064 000543 -4725.52849 0.0008652628
0065 000552 -4721.66734 0.0008170840
0066 000560 -4718.02090 0.0007722779
0067 000569 -4714.58789 0.0007276385
0068 000577 -4711.37605 0.0006812551
0069 000586 -4708.39366 0.0006330185
0070 000594 -4705.64228 0.0005843571
0071 000602 -4703.11459 0.0005371615
0072 000611 -4700.79681 0.0004928182
0073 000619 -4698.67258 0.0004518866
0074 000628 -4696.72588 0.0004143090
0075 000636 -4694.94209 0.0003797937
0076 000644 -4693.30784 0.0003480884
0077 000653 -4691.81041 0.0003190548
0078 000661 -4690.43752 0.0002926155
0079 000670 -4689.17731 0.0002686754
0080 000678 -4688.01870 0.0002470814
0081 000686 -4686.95160 0.0002276233
0082 000695 -4685.96707 0.0002100583
0083 000703 -4685.05734 0.0001941395
0084 000712 -4684.21572 0.0001796379
0085 000721 -4683.43647 0.0001663576
0086 000729 -4682.71455 0.0001541426
0087 000738 -4682.04549 0.0001428779
0088 000746 -4681.42519 0.0001324851
0089 000754 -4680.84978 0.0001229137
0090 000763 -4680.31555 0.0001141317
0091 000771 -4679.81890 0.0001061144
0092 000780 -4679.35636 0.0000988363
0093 000788 -4678.92462 0.0000922652
0094 000797 -4678.52055 0.0000863593
0095 000805 -4678.14128 0.0000810675
0096 000814 -4677.78419 0.0000763319
0097 000822 -4677.44696 0.0000720904
0098 000831 -4677.12758 0.0000682810
0099 000839 -4676.82429 0.0000648447
0100 000848 -4676.53560 0.0000617281
0101 000857 -4676.26022 0.0000588852
0102 000866 -4675.99705 0.0000562781
0103 000874 -4675.74513 0.0000538765
0104 000883 -4675.50359 0.0000516568
0105 000891 -4675.27169 0.0000496003
0106 000900 -4675.04872 0.0000476915
0107 000909 -4674.83405 0.0000459166
0108 000917 -4674.62713 0.0000442631
0109 000926 -4674.42744 0.0000427189
0110 000934 -4674.23451 0.0000412726
0111 000943 -4674.04794 0.0000399136
0112 000951 -4673.86738 0.0000386323
0113 000960 -4673.69248 0.0000374202
0114 000968 -4673.52296 0.0000362699
0115 000977 -4673.35857 0.0000351753
0116 000985 -4673.19907 0.0000341309
0117 000994 -4673.04423 0.0000331324
0118 001002 -4672.89387 0.0000321760
0119 001010 -4672.74780 0.0000312584
0120 001019 -4672.60586 0.0000303767
0121 001028 -4672.46789 0.0000295285
0122 001036 -4672.33373 0.0000287116
0123 001044 -4672.20326 0.0000279239
0124 001053 -4672.07635 0.0000271638
0125 001061 -4671.95287 0.0000264294
0126 001070 -4671.83271 0.0000257192
0127 001078 -4671.71576 0.0000250318
0128 001087 -4671.60193 0.0000243658
0129 001095 -4671.49113 0.0000237198
0130 001104 -4671.38325 0.0000230926
0131 001112 -4671.27822 0.0000224832
0132 001121 -4671.17596 0.0000218903
0133 001129 -4671.07641 0.0000213130
0134 001137 -4670.97948 0.0000207503
0135 001146 -4670.88512 0.0000202013
0136 001154 -4670.79327 0.0000196652
0137 001163 -4670.70386 0.0000191412
0138 001172 -4670.61685 0.0000186286
0139 001180 -4670.53219 0.0000181269
0140 001189 -4670.44982 0.0000176354
0141 001197 -4670.36971 0.0000171535
0142 001205 -4670.29180 0.0000166810
0143 001214 -4670.21606 0.0000162173
0144 001222 -4670.14245 0.0000157621
0145 001230 -4670.07093 0.0000153151
0146 001239 -4670.00146 0.0000148761
0147 001247 -4669.93400 0.0000144448
0148 001256 -4669.86852 0.0000140211
0149 001264 -4669.80499 0.0000136049
0150 001272 -4669.74337 0.0000131959
0151 001281 -4669.68362 0.0000127941
0152 001289 -4669.62572 0.0000123996
0153 001298 -4669.56963 0.0000120121
0154 001306 -4669.51531 0.0000116317
0155 001314 -4669.46274 0.0000112584
0156 001323 -4669.41188 0.0000108922
0157 001332 -4669.36269 0.0000105331
0158 001340 -4669.31516 0.0000101811
0159 001349 -4669.26923 0.0000098361
Start evaluating ...
  Columns 1 through 7

    0.2209    0.3081    0.3638    0.4060    0.4402    0.4664    0.4876

  Columns 8 through 10

    0.5059    0.5230    0.5367

    0.0692

Elapsed time is 1358.882963 seconds.
