nohup: ignoring input

                            < M A T L A B (R) >
                  Copyright 1984-2016 The MathWorks, Inc.
                   R2016a (9.0.0.341360) 64-bit (glnxa64)
                             February 11, 2016

 
To get started, type one of these: helpwin, helpdesk, or demo.
For product information, visit www.mathworks.com.
 

	Academic License

Start learning ...
Init data [Dtype: delicious - Non-Coldstart]
Init social model
Could not use CUDA
Params [lbd-U: 0.1000|lbd-V: 100.0000|lbd-N: -1.0000|lbd-Q: 0.1000]
Staring Sample 3 - Loc: save/pmf/delicious-alg40-sp3-20170416112817836 
PMF with confidence Running ...
export LD_LIBRARY_PATH=../gsldump/lib && ctr-part-pmf/ctr --directory save/pmf/delicious-alg40-sp3-20170416112817836 --b 1 --user data/delicious/ctr-data/sp3/train-users.dat --item data/delicious/ctr-data/sp3/train-items.dat --max_iter 200 --num_factors 100 --lambda_v 100.000000 --lambda_u 0.100000 --save_lag 100 --random_seed 123 >> save/pmf/delicious-alg40-sp3-20170416112817836/ctr-log

iter time likelihood converge
0001 000026 -41879.49247 1.0000000000
0002 000053 -41879.00365 0.0000116720
0003 000079 -41834.99956 0.0010507436
0004 000106 -40310.52699 0.0364401241
0005 000133 -39490.84132 0.0203342829
0006 000160 -39410.66916 0.0020301458
0007 000186 -39361.46930 0.0012483894
0008 000213 -39328.95542 0.0008260330
0009 000241 -39306.37038 0.0005742598
0010 000267 -39289.96304 0.0004174219
0011 000294 -39277.58330 0.0003150868
0012 000321 -39267.95087 0.0002452398
0013 000347 -39260.27061 0.0001955859
0014 000374 -39254.02720 0.0001590261
0015 000401 -39248.87289 0.0001313067
0016 000427 -39244.56416 0.0001097795
0017 000454 -39240.92487 0.0000927336
0018 000481 -39237.82392 0.0000790233
0019 000507 -39235.16141 0.0000678557
0020 000534 -39232.85968 0.0000586651
0021 000561 -39230.85735 0.0000510370
0022 000588 -39229.10530 0.0000446600
0023 000615 -39227.56377 0.0000392956
0024 000641 -39226.20030 0.0000347579
0025 000668 -39224.98821 0.0000309002
0026 000695 -39223.90541 0.0000276048
0027 000722 -39222.93355 0.0000247771
0028 000748 -39222.05731 0.0000223400
0029 000775 -39221.26384 0.0000202302
0030 000801 -39220.54233 0.0000183959
0031 000830 -39219.88366 0.0000167940
0032 000857 -39219.28012 0.0000153888
0033 000890 -39218.72514 0.0000141507
0034 000941 -39218.21315 0.0000130547
0035 000992 -39217.73938 0.0000120802
0036 001043 -39217.29977 0.0000112096
0037 001095 -39216.89079 0.0000104285
0038 001146 -39216.50943 0.0000097244
0039 001197 -39216.15307 0.0000090870
0040 001248 -39215.81944 0.0000085076
0041 001299 -39215.50654 0.0000079787
0042 001350 -39215.21265 0.0000074943
0043 001382 -39214.93623 0.0000070489
0044 001408 -39214.67592 0.0000066381
0045 001435 -39214.43051 0.0000062580
0046 001461 -39214.19894 0.0000059054
0047 001488 -39213.98022 0.0000055774
0048 001515 -39213.77350 0.0000052717
0049 001542 -39213.57798 0.0000049861
0050 001569 -39213.39294 0.0000047188
0051 001595 -39213.21772 0.0000044683
0052 001623 -39213.05173 0.0000042331
0053 001649 -39212.89440 0.0000040121
0054 001676 -39212.74524 0.0000038041
0055 001702 -39212.60375 0.0000036081
0056 001730 -39212.46951 0.0000034234
0057 001757 -39212.34210 0.0000032492
0058 001784 -39212.22114 0.0000030847
0059 001810 -39212.10628 0.0000029293
0060 001837 -39211.99718 0.0000027824
0061 001863 -39211.89352 0.0000026435
0062 001890 -39211.79502 0.0000025121
0063 001917 -39211.70139 0.0000023878
0064 001943 -39211.61238 0.0000022701
0065 001970 -39211.52773 0.0000021587
0066 001997 -39211.44722 0.0000020532
0067 002024 -39211.37063 0.0000019533
0068 002050 -39211.29776 0.0000018586
0069 002077 -39211.22839 0.0000017689
0070 002103 -39211.16236 0.0000016840
0071 002130 -39211.09949 0.0000016034
0072 002157 -39211.03961 0.0000015271
0073 002184 -39210.98257 0.0000014548
0074 002211 -39210.92821 0.0000013863
0075 002237 -39210.87640 0.0000013213
0076 002264 -39210.82700 0.0000012597
0077 002291 -39210.77989 0.0000012014
0078 002319 -39210.73496 0.0000011460
0079 002345 -39210.69208 0.0000010936
0080 002372 -39210.65115 0.0000010438
0081 002399 -39210.61207 0.0000009967
Start evaluating ...
  Columns 1 through 7

    0.0332    0.0576    0.0776    0.1013    0.1209    0.1347    0.1446

  Columns 8 through 10

    0.1498    0.1567    0.1613

    0.0068

Elapsed time is 2419.125755 seconds.
