nohup: ignoring input

                            < M A T L A B (R) >
                  Copyright 1984-2016 The MathWorks, Inc.
                   R2016a (9.0.0.341360) 64-bit (glnxa64)
                             February 11, 2016

 
To get started, type one of these: helpwin, helpdesk, or demo.
For product information, visit www.mathworks.com.
 

	Academic License

Start learning ...
Init data [Dtype: lastfm - Non-Coldstart]
Init social model
Using adagrad ...
Could not use CUDA
Params [lbd-U: 0.1000|lbd-V: 100.0000|lbd-N: -1.0000|lbd-Q: 1.0000]
Staring Sample 3 - Loc: save/pmf/lastfm-alg40-sp3-20170416155421530 
PMF with confidence Running ...
export LD_LIBRARY_PATH=../gsldump/lib && ctr-part-pmf/ctr --directory save/pmf/lastfm-alg40-sp3-20170416155421530 --user data/lastfm/ctr-data/sp3/train-users.dat --item data/lastfm/ctr-data/sp3/train-items.dat --max_iter 200 --num_factors 100 --lambda_v 100.000000 --lambda_u 0.100000 --save_lag 100 --random_seed 123 >> save/pmf/lastfm-alg40-sp3-20170416155421530/ctr-log

iter time likelihood converge
0001 000016 -35839.42419 1.0000000000
0002 000032 -17897.06383 0.5006319373
0003 000048 -16376.37688 0.0849685158
0004 000064 -16119.26843 0.0156999590
0005 000079 -16015.59179 0.0064318453
0006 000095 -15958.99308 0.0035339756
0007 000111 -15924.85788 0.0021389320
0008 000127 -15902.99295 0.0013730060
0009 000142 -15888.29729 0.0009240815
0010 000158 -15877.98802 0.0006488592
0011 000174 -15870.47056 0.0004734521
0012 000190 -15864.79778 0.0003574425
0013 000206 -15860.38884 0.0002779071
0014 000221 -15856.87605 0.0002214819
0015 000237 -15854.01901 0.0001801764
0016 000253 -15851.65541 0.0001490857
0017 000269 -15849.67215 0.0001251133
0018 000285 -15847.98819 0.0001062457
0019 000300 -15846.54391 0.0000911336
0020 000316 -15845.29446 0.0000788470
0021 000332 -15844.20544 0.0000687279
0022 000348 -15843.25004 0.0000602995
0023 000364 -15842.40703 0.0000532097
0024 000379 -15841.65937 0.0000471936
0025 000395 -15840.99324 0.0000420488
0026 000411 -15840.39733 0.0000376186
0027 000427 -15839.86224 0.0000337802
0028 000443 -15839.38013 0.0000304361
0029 000458 -15838.94442 0.0000275084
0030 000474 -15838.54949 0.0000249339
0031 000490 -15838.19057 0.0000226611
0032 000506 -15837.86355 0.0000206476
0033 000522 -15837.56488 0.0000188580
0034 000537 -15837.29148 0.0000172628
0035 000553 -15837.04066 0.0000158372
0036 000569 -15836.81007 0.0000145601
0037 000585 -15836.59765 0.0000134134
0038 000600 -15836.40157 0.0000123815
0039 000616 -15836.22022 0.0000114511
0040 000632 -15836.05219 0.0000106106
0041 000648 -15835.89621 0.0000098498
0042 000663 -15835.75115 0.0000091600
0043 000679 -15835.61602 0.0000085334
0044 000695 -15835.48992 0.0000079631
0045 000711 -15835.37205 0.0000074432
0046 000727 -15835.26171 0.0000069683
0047 000742 -15835.15824 0.0000065339
0048 000758 -15835.06108 0.0000061358
0049 000774 -15834.96971 0.0000057703
0050 000790 -15834.88366 0.0000054341
0051 000806 -15834.80251 0.0000051245
0052 000821 -15834.72589 0.0000048388
0053 000837 -15834.65345 0.0000045747
0054 000853 -15834.58488 0.0000043303
0055 000869 -15834.51990 0.0000041037
0056 000885 -15834.45826 0.0000038932
0057 000900 -15834.39971 0.0000036975
0058 000916 -15834.34405 0.0000035153
0059 000932 -15834.29107 0.0000033454
0060 000948 -15834.24061 0.0000031867
0061 000964 -15834.19251 0.0000030383
0062 000979 -15834.14660 0.0000028994
0063 000995 -15834.10275 0.0000027691
0064 001011 -15834.06084 0.0000026469
0065 001027 -15834.02074 0.0000025321
0066 001043 -15833.98236 0.0000024240
0067 001059 -15833.94559 0.0000023223
0068 001074 -15833.91034 0.0000022264
0069 001090 -15833.87652 0.0000021359
0070 001106 -15833.84405 0.0000020503
0071 001122 -15833.81287 0.0000019695
0072 001137 -15833.78290 0.0000018929
0073 001153 -15833.75407 0.0000018204
0074 001169 -15833.72634 0.0000017516
0075 001185 -15833.69964 0.0000016863
0076 001200 -15833.67392 0.0000016243
0077 001216 -15833.64914 0.0000015653
0078 001232 -15833.62524 0.0000015092
0079 001248 -15833.60219 0.0000014558
0080 001263 -15833.57995 0.0000014049
0081 001279 -15833.55847 0.0000013563
0082 001295 -15833.53773 0.0000013099
0083 001311 -15833.51769 0.0000012657
0084 001326 -15833.49832 0.0000012234
0085 001342 -15833.47959 0.0000011829
0086 001358 -15833.46147 0.0000011442
0087 001374 -15833.44394 0.0000011071
0088 001389 -15833.42698 0.0000010716
0089 001405 -15833.41055 0.0000010376
0090 001421 -15833.39464 0.0000010050
0091 001437 -15833.37922 0.0000009736
Start evaluating ...
  Columns 1 through 7

    0.2757    0.3698    0.4300    0.4750    0.5095    0.5385    0.5616

  Columns 8 through 10

    0.5829    0.5984    0.6131

    0.0905

Elapsed time is 1450.144911 seconds.
