nohup: ignoring input

                            < M A T L A B (R) >
                  Copyright 1984-2016 The MathWorks, Inc.
                   R2016a (9.0.0.341360) 64-bit (glnxa64)
                             February 11, 2016

 
To get started, type one of these: helpwin, helpdesk, or demo.
For product information, visit www.mathworks.com.
 

	Academic License

Start learning ...
Init data [Dtype: delicious - Non-Coldstart]
Init social model
Could not use CUDA
Params [lbd-U: 0.1000|lbd-V: 100.0000|lbd-N: -1.0000|lbd-Q: 0.1000]
Staring Sample 4 - Loc: save/sorec/delicious-alg50-sp4-20170416112817782 
SoRec Running ...
export LD_LIBRARY_PATH=../gsldump/lib && ctr-part-sorec/ctr --directory save/sorec/delicious-alg50-sp4-20170416112817782 --b 1 --user data/delicious/ctr-data/sp4/train-users.dat --item data/delicious/ctr-data/sp4/train-items.dat --net data/delicious/ctr-data/net-users.dat --max_iter 200 --num_factors 100 --lambda_v 100.000000 --lambda_u 0.100000 --lambda_q 0.100000 --lambda_s 0.010000 --save_lag 100 --random_seed 123 >> save/sorec/delicious-alg50-sp4-20170416112817782/ctr-log

iter time likelihood converge
0001 000023 -41862.21301 1.0000000000
0002 000047 -28383.20118 0.3219851715
0003 000071 -27282.59055 0.0387768321
0004 000094 -26892.45898 0.0142996526
0005 000118 -26801.60021 0.0033785965
0006 000142 -26737.12204 0.0024057585
0007 000166 -26710.42902 0.0009983504
0008 000189 -26703.81482 0.0002476260
0009 000213 -26703.46500 0.0000131003
0010 000238 -26705.22634 0.0000659592
0011 000262 -26707.68158 0.0000919388
0012 000286 -26710.22440 0.0000952092
0013 000310 -26712.56001 0.0000874426
0014 000334 -26714.56385 0.0000750149
0015 000358 -26716.21205 0.0000616967
0016 000382 -26717.53215 0.0000494121
0017 000406 -26718.57202 0.0000389206
0018 000429 -26719.38319 0.0000303598
0019 000453 -26720.01310 0.0000235751
0020 000477 -26720.50192 0.0000182942
0021 000500 -26720.88179 0.0000142165
0022 000524 -26721.17734 0.0000110606
0023 000549 -26721.40687 0.0000085896
Start evaluating ...
  Columns 1 through 7

    0.0442    0.0747    0.0992    0.1249    0.1414    0.1528    0.1592

  Columns 8 through 10

    0.1679    0.1752    0.1801

    0.0118

Elapsed time is 574.586351 seconds.
