nohup: ignoring input

                            < M A T L A B (R) >
                  Copyright 1984-2016 The MathWorks, Inc.
                   R2016a (9.0.0.341360) 64-bit (glnxa64)
                             February 11, 2016

 
To get started, type one of these: helpwin, helpdesk, or demo.
For product information, visit www.mathworks.com.
 

	Academic License

Start learning ...
Init data [Dtype: lastfm - Non-Coldstart]
Init social model
Using adagrad ...
Could not use CUDA
Params [lbd-U: 0.1000|lbd-V: 100.0000|lbd-N: -1.0000|lbd-Q: 0.0100]
Staring Sample 4 - Loc: save/sorec/lastfm-alg50-sp4-20170417105621428 
SoRec Running ...
export LD_LIBRARY_PATH=../gsldump/lib && ctr-part-sorec/ctr --directory save/sorec/lastfm-alg50-sp4-20170417105621428 --user data/lastfm/ctr-data/sp4/train-users.dat --item data/lastfm/ctr-data/sp4/train-items.dat --net data/lastfm/ctr-data/net-users.dat --max_iter 200 --num_factors 100 --lambda_v 100.000000 --lambda_u 0.100000 --lambda_q 0.010000 --lambda_s 0.010000 --save_lag 100 --random_seed 123 >> save/sorec/lastfm-alg50-sp4-20170417105621428/ctr-log

iter time likelihood converge
0001 000008 -22348.06780 1.0000000000
0002 000017 3309.61763 1.1480941289
0003 000025 5597.26924 0.6912132627
0004 000034 5973.66181 0.0672457508
0005 000042 6141.02645 0.0280170940
0006 000050 6234.03999 0.0151462521
0007 000059 6291.97705 0.0092936621
0008 000067 6331.40581 0.0062665141
0009 000075 6360.08414 0.0045295360
0010 000084 6381.97168 0.0034413916
0011 000092 6399.26114 0.0027091096
0012 000100 6413.26509 0.0021883692
0013 000109 6424.82780 0.0018029372
0014 000117 6434.52673 0.0015096009
0015 000126 6442.77580 0.0012820020
0016 000134 6449.88147 0.0011028892
0017 000142 6456.07523 0.0009602895
0018 000151 6461.53410 0.0008455405
0019 000159 6466.39457 0.0007522169
0020 000167 6470.76257 0.0006754918
0021 000176 6474.72087 0.0006117209
0022 000184 6478.33473 0.0005581482
0023 000193 6481.65609 0.0005126875
0024 000201 6484.72680 0.0004737546
0025 000209 6487.58099 0.0004401402
0026 000218 6490.24681 0.0004109116
0027 000226 6492.74777 0.0003853404
0028 000235 6495.10364 0.0003628477
0029 000243 6497.33124 0.0003429655
0030 000251 6499.44488 0.0003253083
0031 000260 6501.45680 0.0003095534
0032 000268 6503.37751 0.0002954266
0033 000276 6505.21596 0.0002826930
0034 000285 6506.97985 0.0002711495
0035 000293 6508.67570 0.0002606200
0036 000302 6510.30906 0.0002509518
0037 000310 6511.88464 0.0002420121
0038 000318 6513.40638 0.0002336864
0039 000327 6514.87760 0.0002258761
0040 000335 6516.30108 0.0002184967
0041 000343 6517.67912 0.0002114766
0042 000352 6519.01365 0.0002047556
0043 000360 6520.30627 0.0001982834
0044 000369 6521.55829 0.0001920189
0045 000377 6522.77083 0.0001859288
0046 000385 6523.94485 0.0001799867
0047 000394 6525.08114 0.0001741722
0048 000402 6526.18042 0.0001684701
0049 000411 6527.24333 0.0001628695
0050 000419 6528.27048 0.0001573634
0051 000427 6529.26244 0.0001519477
0052 000436 6530.21976 0.0001466209
0053 000444 6531.14303 0.0001413833
0054 000452 6532.03281 0.0001362368
0055 000461 6532.88971 0.0001311845
0056 000469 6533.71436 0.0001262301
0057 000478 6534.50741 0.0001213779
0058 000486 6535.26954 0.0001166321
0059 000494 6536.00147 0.0001119972
0060 000503 6536.70394 0.0001074773
0061 000511 6537.37772 0.0001030762
0062 000520 6538.02360 0.0000987974
0063 000528 6538.64238 0.0000946437
0064 000536 6539.23490 0.0000906174
0065 000545 6539.80198 0.0000867203
0066 000553 6540.34448 0.0000829535
0067 000561 6540.86324 0.0000793175
0068 000570 6541.35912 0.0000758124
0069 000578 6541.83296 0.0000724376
0070 000587 6542.28561 0.0000691921
0071 000595 6542.71788 0.0000660745
0072 000603 6543.13062 0.0000630827
0073 000612 6543.52461 0.0000602145
0074 000620 6543.90065 0.0000574673
0075 000629 6544.25950 0.0000548383
0076 000637 6544.60193 0.0000523244
0077 000645 6544.92865 0.0000499222
0078 000654 6545.24037 0.0000476284
0079 000662 6545.53778 0.0000454393
0080 000670 6545.82154 0.0000433514
0081 000679 6546.09228 0.0000413610
0082 000687 6546.35062 0.0000394643
0083 000696 6546.59714 0.0000376577
0084 000704 6546.83241 0.0000359376
0085 000712 6547.05697 0.0000343002
0086 000721 6547.27133 0.0000327420
0087 000729 6547.47599 0.0000312595
0088 000738 6547.67143 0.0000298492
0089 000746 6547.85809 0.0000285079
0090 000754 6548.03641 0.0000272324
0091 000763 6548.20678 0.0000260193
0092 000771 6548.36961 0.0000248659
0093 000779 6548.52526 0.0000237690
0094 000788 6548.67408 0.0000227261
0095 000796 6548.81641 0.0000217342
0096 000805 6548.95257 0.0000207910
0097 000813 6549.08285 0.0000198938
0098 000821 6549.20755 0.0000190404
0099 000830 6549.32693 0.0000182285
0100 000838 6549.44125 0.0000174560
0101 000847 6549.55076 0.0000167208
0102 000856 6549.65569 0.0000160209
0103 000864 6549.75626 0.0000153546
0104 000873 6549.85267 0.0000147200
0105 000881 6549.94513 0.0000141156
0106 000889 6550.03381 0.0000135397
0107 000898 6550.11890 0.0000129908
0108 000906 6550.20057 0.0000124675
0109 000914 6550.27896 0.0000119685
0110 000923 6550.35424 0.0000114924
0111 000931 6550.42655 0.0000110382
0112 000940 6550.49601 0.0000106045
0113 000948 6550.56276 0.0000101905
0114 000956 6550.62692 0.0000097950
Start evaluating ...
  Columns 1 through 7

    0.2783    0.3735    0.4344    0.4785    0.5126    0.5389    0.5637

  Columns 8 through 10

    0.5838    0.5984    0.6136

    0.0913

Elapsed time is 967.106861 seconds.
