nohup: ignoring input

                            < M A T L A B (R) >
                  Copyright 1984-2016 The MathWorks, Inc.
                   R2016a (9.0.0.341360) 64-bit (glnxa64)
                             February 11, 2016

 
To get started, type one of these: helpwin, helpdesk, or demo.
For product information, visit www.mathworks.com.
 

	Academic License

Start learning ...
Init data [Dtype: delicious - Non-Coldstart]
Init social model
Could not use CUDA
Params [lbd-U: 0.1000|lbd-V: 100.0000|lbd-N: -1.0000|lbd-Q: 0.1000]
Staring Sample 4 - Loc: save/sorec/delicious-alg50-sp4-20170416155413508 
SoRec Running ...
export LD_LIBRARY_PATH=../gsldump/lib && ctr-part-sorec/ctr --directory save/sorec/delicious-alg50-sp4-20170416155413508 --user data/delicious/ctr-data/sp4/train-users.dat --item data/delicious/ctr-data/sp4/train-items.dat --net data/delicious/ctr-data/net-users.dat --max_iter 200 --num_factors 100 --lambda_v 100.000000 --lambda_u 0.100000 --lambda_q 0.100000 --lambda_s 0.010000 --save_lag 100 --random_seed 123 >> save/sorec/delicious-alg50-sp4-20170416155413508/ctr-log

iter time likelihood converge
0001 000043 -35817.23032 1.0000000000
0002 000087 -29444.82588 0.1779144949
0003 000132 -27184.68889 0.0767583752
0004 000176 -19233.82629 0.2924757622
0005 000220 -16132.01651 0.1612684722
0006 000264 -15074.46628 0.0655559844
0007 000309 -14493.83053 0.0385178314
0008 000353 -14127.77843 0.0252557185
0009 000397 -13882.17710 0.0173842850
0010 000442 -13709.62976 0.0124294148
0011 000486 -13582.94401 0.0092406403
0012 000530 -13486.39589 0.0071080409
0013 000574 -13411.21395 0.0055746502
0014 000619 -13351.76762 0.0044325836
0015 000663 -13303.52726 0.0036130316
0016 000707 -13263.14971 0.0030351012
0017 000752 -13228.72236 0.0025957141
0018 000796 -13199.07605 0.0022410566
0019 000840 -13173.16851 0.0019628297
0020 000885 -13150.18922 0.0017444007
0021 000929 -13129.69989 0.0015581020
0022 000973 -13111.37075 0.0013960057
0023 001018 -13094.78981 0.0012646228
0024 001062 -13079.65861 0.0011555133
0025 001106 -13065.95181 0.0010479481
0026 001151 -13053.76664 0.0009325894
0027 001195 -13043.10343 0.0008168683
0028 001239 -13033.77643 0.0007150910
0029 001283 -13025.48502 0.0006361479
0030 001328 -13017.97078 0.0005768874
0031 001372 -13011.06684 0.0005303389
0032 001416 -13004.64850 0.0004932985
0033 001442 -12998.66986 0.0004597311
0034 001466 -12993.23204 0.0004183366
0035 001490 -12988.50361 0.0003639146
0036 001514 -12984.54549 0.0003047409
0037 001539 -12981.23939 0.0002546181
0038 001563 -12978.40459 0.0002183764
0039 001587 -12975.95849 0.0001884746
0040 001611 -12973.92768 0.0001565057
0041 001635 -12972.32522 0.0001235137
0042 001658 -12971.08111 0.0000959049
0043 001682 -12970.09689 0.0000758779
0044 001706 -12969.30648 0.0000609409
0045 001730 -12968.66775 0.0000492499
0046 001753 -12968.15086 0.0000398568
0047 001777 -12967.77205 0.0000292104
0048 001801 -12967.60100 0.0000131905
0049 001824 -12967.68508 0.0000064840
Start evaluating ...
  Columns 1 through 7

    0.0808    0.1264    0.1855    0.2432    0.2881    0.3150    0.3251

  Columns 8 through 10

    0.3308    0.3349    0.3373

    0.0228

Elapsed time is 1859.066875 seconds.
