nohup: ignoring input

                            < M A T L A B (R) >
                  Copyright 1984-2016 The MathWorks, Inc.
                   R2016a (9.0.0.341360) 64-bit (glnxa64)
                             February 11, 2016

 
To get started, type one of these: helpwin, helpdesk, or demo.
For product information, visit www.mathworks.com.
 

	Academic License

Start learning ...
Init data [Dtype: lastfm - Non-Coldstart]
Init social model
Using adagrad ...
Could not use CUDA
Params [lbd-U: 0.1000|lbd-V: 100.0000|lbd-N: -1.0000|lbd-Q: 0.1000]
Staring Sample 4 - Loc: save/sorec/lastfm-alg50-sp4-20170416180055290 
SoRec Running ...
export LD_LIBRARY_PATH=../gsldump/lib && ctr-part-sorec/ctr --directory save/sorec/lastfm-alg50-sp4-20170416180055290 --user data/lastfm/ctr-data/sp4/train-users.dat --item data/lastfm/ctr-data/sp4/train-items.dat --net data/lastfm/ctr-data/net-users.dat --max_iter 200 --num_factors 100 --lambda_v 100.000000 --lambda_u 0.100000 --lambda_q 0.100000 --lambda_s 0.010000 --save_lag 100 --random_seed 123 >> save/sorec/lastfm-alg50-sp4-20170416180055290/ctr-log

iter time likelihood converge
0001 000008 -15501.70183 1.0000000000
0002 000017 2778.98126 1.1792694306
0003 000025 5972.47033 1.1491581899
0004 000034 6889.34665 0.1535170980
0005 000042 7325.80642 0.0633528545
0006 000050 7572.17970 0.0336308741
0007 000059 7719.09901 0.0194025128
0008 000067 7812.24361 0.0120667715
0009 000075 7874.54585 0.0079749480
0010 000084 7918.13910 0.0055359698
0011 000092 7949.81688 0.0040006604
0012 000100 7973.58319 0.0029895415
0013 000109 7991.90139 0.0022973612
0014 000118 8006.34127 0.0018068139
0015 000126 8017.93553 0.0014481342
0016 000134 8027.38563 0.0011786201
0017 000143 8035.18392 0.0009714609
0018 000151 8041.68719 0.0008093496
0019 000160 8047.16153 0.0006807451
0020 000168 8051.81010 0.0005776650
0021 000176 8055.79075 0.0004943798
0022 000185 8059.22767 0.0004266397
0023 000193 8062.21933 0.0003712096
0024 000201 8064.84424 0.0003255810
0025 000210 8067.16516 0.0002877835
0026 000218 8069.23240 0.0002562528
0027 000226 8071.08620 0.0002297366
0028 000235 8072.75873 0.0002072255
0029 000243 8074.27565 0.0001879053
0030 000252 8075.65733 0.0001711215
0031 000260 8076.92000 0.0001563548
0032 000268 8078.07661 0.0001432005
0033 000277 8079.13768 0.0001313517
0034 000285 8080.11189 0.0001205826
0035 000294 8081.00662 0.0001107329
0036 000302 8081.82840 0.0001016927
0037 000311 8082.58315 0.0000933888
0038 000319 8083.27642 0.0000857731
0039 000328 8083.91349 0.0000788128
0040 000336 8084.49943 0.0000724827
0041 000345 8085.03915 0.0000667595
0042 000353 8085.53733 0.0000616180
0043 000362 8085.99844 0.0000570286
0044 000370 8086.42664 0.0000529560
0045 000378 8086.82578 0.0000493596
0046 000387 8087.19935 0.0000461947
0047 000396 8087.55045 0.0000434137
0048 000404 8087.88178 0.0000409685
0049 000413 8088.19569 0.0000388121
0050 000421 8088.49415 0.0000369006
0051 000430 8088.77881 0.0000351940
0052 000438 8089.05106 0.0000336573
0053 000447 8089.31202 0.0000322607
0054 000455 8089.56262 0.0000309793
0055 000464 8089.80363 0.0000297931
0056 000473 8090.03570 0.0000286862
0057 000482 8090.25936 0.0000276462
0058 000490 8090.47507 0.0000266635
0059 000498 8090.68325 0.0000257308
0060 000507 8090.88424 0.0000248425
0061 000515 8091.07838 0.0000239945
0062 000523 8091.26596 0.0000231835
0063 000532 8091.44726 0.0000224070
0064 000540 8091.62254 0.0000216628
0065 000549 8091.79206 0.0000209494
0066 000557 8091.95604 0.0000202653
0067 000566 8092.11472 0.0000196094
0068 000574 8092.26831 0.0000189805
0069 000582 8092.41703 0.0000183776
0070 000591 8092.56107 0.0000177999
0071 000599 8092.70064 0.0000172466
0072 000608 8092.83592 0.0000167167
0073 000617 8092.96710 0.0000162094
0074 000625 8093.09436 0.0000157240
0075 000634 8093.21786 0.0000152597
0076 000642 8093.33776 0.0000148156
0077 000651 8093.45423 0.0000143911
0078 000660 8093.56742 0.0000139851
0079 000669 8093.67747 0.0000135971
0080 000678 8093.78452 0.0000132262
0081 000687 8093.88870 0.0000128715
0082 000695 8093.99013 0.0000125324
0083 000704 8094.08895 0.0000122080
0084 000712 8094.18525 0.0000118976
0085 000721 8094.27914 0.0000116005
0086 000729 8094.37074 0.0000113159
0087 000738 8094.46012 0.0000110431
0088 000747 8094.54739 0.0000107815
0089 000755 8094.63263 0.0000105304
0090 000764 8094.71592 0.0000102893
0091 000773 8094.79733 0.0000100574
0092 000781 8094.87694 0.0000098343
Start evaluating ...
  Columns 1 through 7

    0.2790    0.3720    0.4333    0.4775    0.5131    0.5387    0.5627

  Columns 8 through 10

    0.5823    0.5981    0.6124

    0.0903

Elapsed time is 792.089722 seconds.
