nohup: ignoring input

                            < M A T L A B (R) >
                  Copyright 1984-2016 The MathWorks, Inc.
                   R2016a (9.0.0.341360) 64-bit (glnxa64)
                             February 11, 2016

 
To get started, type one of these: helpwin, helpdesk, or demo.
For product information, visit www.mathworks.com.
 

	Academic License

Start learning ...
Init data [Dtype: delicious - Non-Coldstart]
Init social model
Could not use CUDA
Params [lbd-U: 0.1000|lbd-V: 100.0000|lbd-N: -1.0000|lbd-Q: 0.1000]
Staring Sample 4 - Loc: save/pmf/delicious-alg40-sp4-20170416112817657 
PMF with confidence Running ...
export LD_LIBRARY_PATH=../gsldump/lib && ctr-part-pmf/ctr --directory save/pmf/delicious-alg40-sp4-20170416112817657 --b 1 --user data/delicious/ctr-data/sp4/train-users.dat --item data/delicious/ctr-data/sp4/train-items.dat --max_iter 200 --num_factors 100 --lambda_v 100.000000 --lambda_u 0.100000 --save_lag 100 --random_seed 123 >> save/pmf/delicious-alg40-sp4-20170416112817657/ctr-log

iter time likelihood converge
0001 000027 -41864.49251 1.0000000000
0002 000054 -41864.01050 0.0000115136
0003 000080 -41820.85237 0.0010309124
0004 000107 -40309.97116 0.0361274611
0005 000133 -39480.92550 0.0205667639
0006 000160 -39398.76623 0.0020809864
0007 000187 -39347.94327 0.0012899631
0008 000213 -39314.20311 0.0008574821
0009 000242 -39290.75444 0.0005964427
0010 000268 -39273.76896 0.0004323022
0011 000295 -39261.02183 0.0003245710
0012 000322 -39251.17261 0.0002508652
0013 000349 -39243.38048 0.0001985195
0014 000376 -39237.09636 0.0001601322
0015 000403 -39231.94788 0.0001312146
0016 000430 -39227.67398 0.0001089391
0017 000456 -39224.08629 0.0000914583
0018 000483 -39221.04547 0.0000775243
0019 000510 -39218.44631 0.0000662696
0020 000537 -39216.20790 0.0000570755
0021 000564 -39214.26707 0.0000494905
0022 000592 -39212.57384 0.0000431789
0023 000619 -39211.08821 0.0000378865
0024 000646 -39209.77786 0.0000334180
0025 000672 -39208.61642 0.0000296211
0026 000699 -39207.58226 0.0000263760
0027 000725 -39206.65745 0.0000235874
0028 000752 -39205.82710 0.0000211789
0029 000779 -39205.07871 0.0000190888
0030 000805 -39204.40176 0.0000172668
0031 000840 -39203.78736 0.0000156718
0032 000891 -39203.22792 0.0000142699
0033 000943 -39202.71698 0.0000130332
0034 000994 -39202.24897 0.0000119382
0035 001045 -39201.81910 0.0000109653
0036 001096 -39201.42324 0.0000100981
0037 001147 -39201.05778 0.0000093226
0038 001197 -39200.71959 0.0000086271
0039 001248 -39200.40592 0.0000080015
0040 001297 -39200.11439 0.0000074371
0041 001347 -39199.84287 0.0000069266
0042 001398 -39199.58950 0.0000064636
0043 001449 -39199.35263 0.0000060427
0044 001500 -39199.13079 0.0000056591
0045 001551 -39198.92270 0.0000053087
0046 001602 -39198.72717 0.0000049880
0047 001653 -39198.54318 0.0000046938
0048 001704 -39198.36979 0.0000044235
0049 001735 -39198.20615 0.0000041746
0050 001762 -39198.05152 0.0000039450
0051 001788 -39197.90519 0.0000037329
0052 001815 -39197.76657 0.0000035366
0053 001842 -39197.63507 0.0000033547
0054 001868 -39197.51019 0.0000031859
0055 001895 -39197.39147 0.0000030289
0056 001922 -39197.27846 0.0000028829
0057 001948 -39197.17080 0.0000027468
0058 001975 -39197.06811 0.0000026198
0059 002002 -39196.97007 0.0000025011
0060 002029 -39196.87639 0.0000023901
0061 002056 -39196.78677 0.0000022862
0062 002082 -39196.70099 0.0000021886
0063 002109 -39196.61879 0.0000020971
0064 002136 -39196.53996 0.0000020110
0065 002163 -39196.46431 0.0000019300
0066 002190 -39196.39165 0.0000018537
0067 002217 -39196.32182 0.0000017817
0068 002244 -39196.25465 0.0000017136
0069 002272 -39196.19000 0.0000016493
0070 002299 -39196.12774 0.0000015884
0071 002326 -39196.06774 0.0000015307
0072 002352 -39196.00989 0.0000014759
0073 002379 -39195.95408 0.0000014239
0074 002405 -39195.90021 0.0000013745
0075 002431 -39195.84818 0.0000013274
0076 002457 -39195.79791 0.0000012825
0077 002482 -39195.74932 0.0000012397
0078 002508 -39195.70233 0.0000011988
0079 002531 -39195.65687 0.0000011598
0080 002555 -39195.61288 0.0000011224
0081 002578 -39195.57028 0.0000010867
0082 002601 -39195.52903 0.0000010524
0083 002624 -39195.48907 0.0000010196
0084 002647 -39195.45035 0.0000009880
Start evaluating ...
  Columns 1 through 7

    0.0330    0.0592    0.0795    0.1042    0.1205    0.1302    0.1353

  Columns 8 through 10

    0.1437    0.1502    0.1572

    0.0067

Elapsed time is 2665.048466 seconds.
