nohup: ignoring input

                            < M A T L A B (R) >
                  Copyright 1984-2016 The MathWorks, Inc.
                   R2016a (9.0.0.341360) 64-bit (glnxa64)
                             February 11, 2016

 
To get started, type one of these: helpwin, helpdesk, or demo.
For product information, visit www.mathworks.com.
 

	Academic License

Start learning ...
Init data [Dtype: lastfm - Non-Coldstart]
Init social model
Using adagrad ...
Could not use CUDA
Params [lbd-U: 0.1000|lbd-V: 100.0000|lbd-N: -1.0000|lbd-Q: 1.0000]
Staring Sample 5 - Loc: save/pmf/lastfm-alg40-sp5-20170416155421062 
PMF with confidence Running ...
export LD_LIBRARY_PATH=../gsldump/lib && ctr-part-pmf/ctr --directory save/pmf/lastfm-alg40-sp5-20170416155421062 --user data/lastfm/ctr-data/sp5/train-users.dat --item data/lastfm/ctr-data/sp5/train-items.dat --max_iter 200 --num_factors 100 --lambda_v 100.000000 --lambda_u 0.100000 --save_lag 100 --random_seed 123 >> save/pmf/lastfm-alg40-sp5-20170416155421062/ctr-log

iter time likelihood converge
0001 000016 -35785.14327 1.0000000000
0002 000031 -17881.24140 0.5003166183
0003 000047 -16354.31783 0.0853924813
0004 000063 -16085.90917 0.0164120974
0005 000079 -15976.56084 0.0067977717
0006 000095 -15916.79065 0.0037411172
0007 000110 -15880.82676 0.0022594937
0008 000126 -15857.89163 0.0014442024
0009 000142 -15842.56577 0.0009664504
0010 000158 -15831.88432 0.0006742247
0011 000174 -15824.14493 0.0004888483
0012 000189 -15818.33585 0.0003671023
0013 000205 -15813.83785 0.0002843532
0014 000221 -15810.26112 0.0002261778
0015 000237 -15807.35306 0.0001839349
0016 000253 -15804.94510 0.0001523313
0017 000268 -15802.92130 0.0001280484
0018 000284 -15801.19951 0.0001089539
0019 000300 -15799.71987 0.0000936410
0020 000316 -15798.43763 0.0000811564
0021 000332 -15797.31851 0.0000708368
0022 000348 -15796.33578 0.0000622087
0023 000363 -15795.46816 0.0000549257
0024 000379 -15794.69846 0.0000487289
0025 000395 -15794.01265 0.0000434205
0026 000411 -15793.39910 0.0000388468
0027 000426 -15792.84814 0.0000348859
0028 000442 -15792.35161 0.0000314401
0029 000458 -15791.90264 0.0000284296
0030 000474 -15791.49538 0.0000257891
0031 000490 -15791.12484 0.0000234641
0032 000505 -15790.78677 0.0000214094
0033 000521 -15790.47747 0.0000195869
0034 000537 -15790.19380 0.0000179648
0035 000553 -15789.93301 0.0000165159
0036 000569 -15789.69272 0.0000152176
0037 000584 -15789.47087 0.0000140506
0038 000600 -15789.26563 0.0000129984
0039 000616 -15789.07542 0.0000120471
0040 000632 -15788.89882 0.0000111848
0041 000648 -15788.73460 0.0000104012
0042 000664 -15788.58164 0.0000096877
0043 000679 -15788.43896 0.0000090366
0044 000695 -15788.30569 0.0000084413
0045 000711 -15788.18102 0.0000078961
0046 000727 -15788.06426 0.0000073959
0047 000742 -15787.95474 0.0000069363
0048 000758 -15787.85191 0.0000065135
0049 000774 -15787.75523 0.0000061239
0050 000790 -15787.66422 0.0000057644
0051 000806 -15787.57845 0.0000054324
0052 000822 -15787.49754 0.0000051253
0053 000837 -15787.42111 0.0000048409
0054 000853 -15787.34885 0.0000045772
0055 000869 -15787.28045 0.0000043325
0056 000885 -15787.21564 0.0000041051
0057 000901 -15787.15417 0.0000038936
0058 000916 -15787.09581 0.0000036966
0059 000932 -15787.04035 0.0000035130
0060 000948 -15786.98760 0.0000033416
0061 000964 -15786.93737 0.0000031815
0062 000980 -15786.88951 0.0000030318
0063 000995 -15786.84386 0.0000028917
0064 001011 -15786.80028 0.0000027604
0065 001027 -15786.75865 0.0000026372
0066 001043 -15786.71884 0.0000025216
0067 001059 -15786.68075 0.0000024129
0068 001074 -15786.64427 0.0000023107
0069 001090 -15786.60931 0.0000022144
0070 001106 -15786.57578 0.0000021238
0071 001122 -15786.54361 0.0000020382
0072 001138 -15786.51271 0.0000019575
0073 001153 -15786.48301 0.0000018812
0074 001169 -15786.45445 0.0000018090
0075 001185 -15786.42697 0.0000017407
0076 001201 -15786.40051 0.0000016760
0077 001217 -15786.37502 0.0000016147
0078 001232 -15786.35045 0.0000015565
0079 001248 -15786.32675 0.0000015013
0080 001264 -15786.30388 0.0000014488
0081 001280 -15786.28180 0.0000013988
0082 001296 -15786.26047 0.0000013513
0083 001312 -15786.23985 0.0000013060
0084 001327 -15786.21991 0.0000012629
0085 001343 -15786.20063 0.0000012217
0086 001359 -15786.18196 0.0000011824
0087 001375 -15786.16389 0.0000011448
0088 001391 -15786.14638 0.0000011089
0089 001406 -15786.12942 0.0000010746
0090 001422 -15786.11297 0.0000010417
0091 001438 -15786.09703 0.0000010103
0092 001454 -15786.08156 0.0000009801
Start evaluating ...
  Columns 1 through 7

    0.2698    0.3648    0.4246    0.4686    0.5034    0.5303    0.5513

  Columns 8 through 10

    0.5687    0.5849    0.6001

    0.0889

Elapsed time is 1466.439972 seconds.
