nohup: ignoring input

                            < M A T L A B (R) >
                  Copyright 1984-2016 The MathWorks, Inc.
                   R2016a (9.0.0.341360) 64-bit (glnxa64)
                             February 11, 2016

 
To get started, type one of these: helpwin, helpdesk, or demo.
For product information, visit www.mathworks.com.
 

	Academic License

Start learning ...
Init data [Dtype: lastfm - Non-Coldstart]
Init social model
Using adagrad ...
Could not use CUDA
Params [lbd-U: 0.1000|lbd-V: 100.0000|lbd-N: -1.0000|lbd-Q: 1.0000]
Staring Sample 5 - Loc: save/pmf/lastfm-alg40-sp5-20170416114202587 
PMF with confidence Running ...
export LD_LIBRARY_PATH=../gsldump/lib && ctr-part-pmf/ctr --directory save/pmf/lastfm-alg40-sp5-20170416114202587 --b 1 --user data/lastfm/ctr-data/sp5/train-users.dat --item data/lastfm/ctr-data/sp5/train-items.dat --max_iter 200 --num_factors 100 --lambda_v 100.000000 --lambda_u 0.100000 --save_lag 100 --random_seed 123 >> save/pmf/lastfm-alg40-sp5-20170416114202587/ctr-log

iter time likelihood converge
0001 000016 -37133.34125 1.0000000000
0002 000032 -34134.95308 0.0807465224
0003 000048 -30540.50980 0.1053009586
0004 000058 -28683.33551 0.0608101929
0005 000067 -28535.36140 0.0051588880
0006 000075 -28475.12950 0.0021107809
0007 000083 -28442.33789 0.0011515879
0008 000091 -28422.53432 0.0006962708
0009 000100 -28409.71680 0.0004509631
0010 000108 -28400.97183 0.0003078162
0011 000116 -28394.75169 0.0002190116
0012 000124 -28390.17834 0.0001610634
0013 000132 -28386.72573 0.0001216127
0014 000141 -28384.06281 0.0000938087
0015 000149 -28381.97165 0.0000736735
0016 000157 -28380.30322 0.0000587850
0017 000165 -28378.95244 0.0000475957
0018 000173 -28377.84360 0.0000390728
0019 000181 -28376.92126 0.0000325021
0020 000190 -28376.14435 0.0000273779
0021 000198 -28375.48217 0.0000233359
0022 000206 -28374.91152 0.0000201108
0023 000214 -28374.41474 0.0000175077
0024 000222 -28373.97826 0.0000153827
0025 000231 -28373.59156 0.0000136289
0026 000239 -28373.24637 0.0000121660
0027 000247 -28372.93614 0.0000109336
0028 000255 -28372.65565 0.0000098858
0029 000263 -28372.40066 0.0000089875
0030 000272 -28372.16768 0.0000082115
0031 000280 -28371.95385 0.0000075365
0032 000288 -28371.75678 0.0000069459
0033 000296 -28371.57446 0.0000064261
0034 000304 -28371.40518 0.0000059666
0035 000312 -28371.24748 0.0000055583
0036 000321 -28371.10012 0.0000051942
0037 000329 -28370.96201 0.0000048680
0038 000338 -28370.83222 0.0000045747
0039 000350 -28370.70994 0.0000043100
0040 000366 -28370.59447 0.0000040701
0041 000381 -28370.48519 0.0000038518
0042 000397 -28370.38157 0.0000036525
0043 000413 -28370.28314 0.0000034695
0044 000428 -28370.18949 0.0000033010
0045 000444 -28370.10026 0.0000031449
0046 000460 -28370.01516 0.0000029999
0047 000476 -28369.93389 0.0000028644
0048 000492 -28369.85624 0.0000027372
0049 000507 -28369.78198 0.0000026174
0050 000523 -28369.71094 0.0000025041
0051 000539 -28369.64296 0.0000023964
0052 000549 -28369.57789 0.0000022937
0053 000557 -28369.51560 0.0000021956
0054 000565 -28369.45598 0.0000021014
0055 000573 -28369.39893 0.0000020109
0056 000581 -28369.34436 0.0000019237
0057 000590 -28369.29217 0.0000018396
0058 000598 -28369.24229 0.0000017584
0059 000606 -28369.19463 0.0000016799
0060 000614 -28369.14912 0.0000016041
0061 000622 -28369.10570 0.0000015307
0062 000630 -28369.06428 0.0000014599
0063 000639 -28369.02481 0.0000013914
0064 000647 -28368.98721 0.0000013252
0065 000655 -28368.95143 0.0000012615
0066 000663 -28368.91738 0.0000012000
0067 000671 -28368.88502 0.0000011408
0068 000679 -28368.85427 0.0000010839
0069 000688 -28368.82508 0.0000010292
0070 000696 -28368.79737 0.0000009767
Start evaluating ...
  Columns 1 through 7

    0.2077    0.2976    0.3540    0.3936    0.4259    0.4494    0.4719

  Columns 8 through 10

    0.4925    0.5068    0.5203

    0.0666

Elapsed time is 706.845540 seconds.
