nohup: ignoring input

                            < M A T L A B (R) >
                  Copyright 1984-2016 The MathWorks, Inc.
                   R2016a (9.0.0.341360) 64-bit (glnxa64)
                             February 11, 2016

 
To get started, type one of these: helpwin, helpdesk, or demo.
For product information, visit www.mathworks.com.
 

	Academic License

Start learning ...
Init data [Dtype: delicious - Non-Coldstart]
Init social model
Could not use CUDA
Params [lbd-U: 0.1000|lbd-V: 100.0000|lbd-N: -1.0000|lbd-Q: 0.1000]
Staring Sample 5 - Loc: save/pmf/delicious-alg40-sp5-20170416112818076 
PMF with confidence Running ...
export LD_LIBRARY_PATH=../gsldump/lib && ctr-part-pmf/ctr --directory save/pmf/delicious-alg40-sp5-20170416112818076 --b 1 --user data/delicious/ctr-data/sp5/train-users.dat --item data/delicious/ctr-data/sp5/train-items.dat --max_iter 200 --num_factors 100 --lambda_v 100.000000 --lambda_u 0.100000 --save_lag 100 --random_seed 123 >> save/pmf/delicious-alg40-sp5-20170416112818076/ctr-log

iter time likelihood converge
0001 000026 -42011.49243 1.0000000000
0002 000053 -42011.00200 0.0000116737
0003 000080 -41967.18470 0.0010429958
0004 000106 -40453.18463 0.0360758075
0005 000133 -39635.37121 0.0202162925
0006 000160 -39552.68810 0.0020860941
0007 000186 -39500.75965 0.0013128930
0008 000213 -39465.91968 0.0008820076
0009 000241 -39441.58351 0.0006166376
0010 000268 -39423.97595 0.0004464212
0011 000294 -39410.85161 0.0003329025
0012 000322 -39400.82027 0.0002545326
0013 000348 -39392.98660 0.0001988198
0014 000376 -39386.75387 0.0001582195
0015 000402 -39381.71268 0.0001279918
0016 000429 -39377.57533 0.0001050577
0017 000455 -39374.13527 0.0000873608
0018 000482 -39371.24145 0.0000734956
0019 000509 -39368.78147 0.0000624817
0020 000535 -39366.67042 0.0000536225
0021 000563 -39364.84323 0.0000464145
0022 000590 -39363.24943 0.0000404880
0023 000617 -39361.84937 0.0000355677
0024 000643 -39360.61160 0.0000314459
0025 000670 -39359.51092 0.0000279639
0026 000697 -39358.52695 0.0000249996
0027 000724 -39357.64305 0.0000224576
0028 000750 -39356.84554 0.0000202632
0029 000777 -39356.12306 0.0000183571
0030 000804 -39355.46613 0.0000166919
0031 000831 -39354.86676 0.0000152297
0032 000858 -39354.31818 0.0000139395
0033 000891 -39353.81459 0.0000127961
0034 000942 -39353.35106 0.0000117787
0035 000994 -39352.92328 0.0000108702
0036 001045 -39352.52755 0.0000100560
0037 001096 -39352.16061 0.0000093242
0038 001148 -39351.81965 0.0000086645
0039 001199 -39351.50216 0.0000080680
0040 001248 -39351.20594 0.0000075274
0041 001276 -39350.92907 0.0000070360
0042 001302 -39350.66981 0.0000065884
0043 001330 -39350.42663 0.0000061796
0044 001356 -39350.19819 0.0000058053
0045 001384 -39349.98327 0.0000054619
0046 001410 -39349.78077 0.0000051460
0047 001437 -39349.58974 0.0000048548
0048 001464 -39349.40929 0.0000045856
0049 001490 -39349.23866 0.0000043364
0050 001517 -39349.07713 0.0000041051
0051 001544 -39348.92406 0.0000038899
0052 001571 -39348.77889 0.0000036894
0053 001598 -39348.64108 0.0000035021
0054 001625 -39348.51017 0.0000033269
0055 001652 -39348.38573 0.0000031627
0056 001678 -39348.26734 0.0000030086
0057 001705 -39348.15466 0.0000028637
0058 001736 -39348.04735 0.0000027273
0059 001763 -39347.94510 0.0000025987
0060 001790 -39347.84762 0.0000024773
0061 001817 -39347.75465 0.0000023627
0062 001843 -39347.66595 0.0000022543
0063 001870 -39347.58128 0.0000021517
0064 001897 -39347.50044 0.0000020546
0065 001923 -39347.42322 0.0000019626
0066 001950 -39347.34943 0.0000018753
0067 001977 -39347.27889 0.0000017926
0068 002004 -39347.21145 0.0000017140
0069 002031 -39347.14694 0.0000016395
0070 002058 -39347.08522 0.0000015687
0071 002084 -39347.02615 0.0000015014
0072 002111 -39346.96959 0.0000014374
0073 002138 -39346.91542 0.0000013767
0074 002165 -39346.86352 0.0000013189
0075 002192 -39346.81379 0.0000012639
0076 002219 -39346.76612 0.0000012117
0077 002246 -39346.72040 0.0000011619
0078 002273 -39346.67654 0.0000011146
0079 002301 -39346.63446 0.0000010695
0080 002327 -39346.59407 0.0000010266
0081 002354 -39346.55528 0.0000009858
Start evaluating ...
  Columns 1 through 7

    0.0326    0.0616    0.0837    0.1062    0.1239    0.1350    0.1457

  Columns 8 through 10

    0.1529    0.1580    0.1633

    0.0066

Elapsed time is 2374.272675 seconds.
