nohup: ignoring input

                            < M A T L A B (R) >
                  Copyright 1984-2016 The MathWorks, Inc.
                   R2016a (9.0.0.341360) 64-bit (glnxa64)
                             February 11, 2016

 
To get started, type one of these: helpwin, helpdesk, or demo.
For product information, visit www.mathworks.com.
 

	Academic License

Start learning ...
Init data [Dtype: delicious - Non-Coldstart]
Init social model
Could not use CUDA
Params [lbd-U: 0.1000|lbd-V: 100.0000|lbd-N: -1.0000|lbd-Q: 0.1000]
Staring Sample 5 - Loc: save/sorec/delicious-alg50-sp5-20170416112819039 
SoRec Running ...
export LD_LIBRARY_PATH=../gsldump/lib && ctr-part-sorec/ctr --directory save/sorec/delicious-alg50-sp5-20170416112819039 --b 1 --user data/delicious/ctr-data/sp5/train-users.dat --item data/delicious/ctr-data/sp5/train-items.dat --net data/delicious/ctr-data/net-users.dat --max_iter 200 --num_factors 100 --lambda_v 100.000000 --lambda_u 0.100000 --lambda_q 0.100000 --lambda_s 0.010000 --save_lag 100 --random_seed 123 >> save/sorec/delicious-alg50-sp5-20170416112819039/ctr-log

iter time likelihood converge
0001 000024 -42009.22822 1.0000000000
0002 000047 -28521.68336 0.3210614770
0003 000071 -27422.03197 0.0385549258
0004 000095 -27034.24327 0.0141415013
0005 000119 -26945.71128 0.0032748094
0006 000142 -26886.22292 0.0022077114
0007 000166 -26863.99113 0.0008268842
0008 000190 -26860.20432 0.0001409624
0009 000214 -26860.81962 0.0000229075
0010 000239 -26861.90676 0.0000404730
0011 000263 -26862.56769 0.0000246050
0012 000286 -26862.79453 0.0000084443
Start evaluating ...
  Columns 1 through 7

    0.0500    0.0854    0.1136    0.1417    0.1624    0.1789    0.1897

  Columns 8 through 10

    0.1993    0.2064    0.2119

    0.0122

Elapsed time is 311.906367 seconds.
