nohup: ignoring input

                            < M A T L A B (R) >
                  Copyright 1984-2016 The MathWorks, Inc.
                   R2016a (9.0.0.341360) 64-bit (glnxa64)
                             February 11, 2016

 
To get started, type one of these: helpwin, helpdesk, or demo.
For product information, visit www.mathworks.com.
 

	Academic License

Start learning ...
Init data [Dtype: lastfm - Non-Coldstart]
Init social model
Using adagrad ...
Could not use CUDA
Params [lbd-U: 0.1000|lbd-V: 100.0000|lbd-N: -1.0000|lbd-Q: 1.0000]
Staring Sample 6 - Loc: save/sorec/lastfm-alg50-sp6-20170416114202156 
SoRec Running ...
export LD_LIBRARY_PATH=../gsldump/lib && ctr-part-sorec/ctr --directory save/sorec/lastfm-alg50-sp6-20170416114202156 --b 1 --user data/lastfm/ctr-data/sp6/train-users.dat --item data/lastfm/ctr-data/sp6/train-items.dat --net data/lastfm/ctr-data/net-users.dat --max_iter 200 --num_factors 100 --lambda_v 100.000000 --lambda_u 0.100000 --lambda_q 1.000000 --lambda_s 0.010000 --save_lag 100 --random_seed 123 >> save/sorec/lastfm-alg50-sp6-20170416114202156/ctr-log

iter time likelihood converge
0001 000016 -35997.23455 1.0000000000
0002 000032 -13570.51323 0.6230123397
0003 000048 -11436.08208 0.1572844829
0004 000065 -9705.55079 0.1513220418
0005 000081 -8842.70198 0.0889026109
0006 000097 -8221.03767 0.0703025284
0007 000113 -7789.58943 0.0524809960
0008 000129 -7465.86573 0.0415585056
0009 000146 -7206.84120 0.0346945078
0010 000162 -6998.54356 0.0289027648
0011 000178 -6821.44788 0.0253046479
0012 000194 -6665.80493 0.0228167029
0013 000210 -6535.36248 0.0195688974
0014 000227 -6423.33449 0.0171418170
0015 000243 -6322.44251 0.0157071029
0016 000259 -6226.76795 0.0151325317
0017 000275 -6130.68012 0.0154314139
0018 000291 -6041.40719 0.0145616679
0019 000307 -5958.28879 0.0137581192
0020 000324 -5887.12473 0.0119437077
0021 000340 -5821.39704 0.0111646510
0022 000356 -5756.74823 0.0111053776
0023 000372 -5694.00138 0.0108997032
0024 000388 -5632.12104 0.0108676368
0025 000405 -5573.66027 0.0103798845
0026 000421 -5517.97968 0.0099899504
0027 000430 -5465.09367 0.0095843082
0028 000439 -5417.34100 0.0087377575
0029 000448 -5373.22457 0.0081435576
0030 000457 -5331.01101 0.0078562807
0031 000465 -5291.26135 0.0074563080
0032 000474 -5256.11137 0.0066430246
0033 000483 -5226.41490 0.0056498940
0034 000491 -5198.76734 0.0052899673
0035 000500 -5170.16907 0.0055009703
0036 000508 -5141.50510 0.0055441073
0037 000517 -5114.79289 0.0051954066
0038 000525 -5090.38354 0.0047723058
0039 000534 -5068.28300 0.0043416240
0040 000543 -5047.92706 0.0040163386
0041 000559 -5028.29901 0.0038883390
0042 000575 -5008.30897 0.0039755084
0043 000592 -4987.88407 0.0040782027
0044 000608 -4968.19321 0.0039477379
0045 000624 -4950.12246 0.0036372879
0046 000640 -4933.89425 0.0032783452
0047 000656 -4919.34121 0.0029496059
0048 000673 -4906.03846 0.0027041724
0049 000689 -4893.59130 0.0025371098
0050 000705 -4881.81120 0.0024072512
0051 000715 -4870.60599 0.0022952974
0052 000723 -4859.96385 0.0021849731
0053 000732 -4849.98588 0.0020530955
0054 000740 -4840.78215 0.0018976808
0055 000749 -4832.37244 0.0017372624
0056 000757 -4824.68852 0.0015900925
0057 000765 -4817.63675 0.0014616007
0058 000774 -4811.15414 0.0013456016
0059 000782 -4805.19998 0.0012375731
0060 000791 -4799.71234 0.0011420214
0061 000800 -4794.59334 0.0010665212
0062 000808 -4789.74046 0.0010121582
0063 000817 -4785.09354 0.0009701808
0064 000825 -4780.65557 0.0009274570
0065 000833 -4776.46800 0.0008759425
0066 000842 -4772.56643 0.0008168312
0067 000850 -4768.95443 0.0007568241
0068 000858 -4765.60497 0.0007023482
0069 000867 -4762.47778 0.0006561994
0070 000875 -4759.53879 0.0006171141
0071 000883 -4756.77162 0.0005813939
0072 000892 -4754.17744 0.0005453668
0073 000901 -4751.76595 0.0005072347
0074 000909 -4749.54505 0.0004673853
0075 000918 -4747.51482 0.0004274570
0076 000927 -4745.66724 0.0003891681
0077 000935 -4743.98898 0.0003536403
0078 000944 -4742.46474 0.0003212999
0079 000952 -4741.07954 0.0002920848
0080 000960 -4739.81984 0.0002656988
0081 000969 -4738.67378 0.0002417934
0082 000978 -4737.63099 0.0002200596
0083 000986 -4736.68225 0.0002002556
0084 000995 -4735.81922 0.0001822023
0085 001003 -4735.03418 0.0001657662
0086 001012 -4734.31993 0.0001508440
0087 001021 -4733.66968 0.0001373482
0088 001029 -4733.07703 0.0001251987
0089 001038 -4732.53596 0.0001143159
0090 001046 -4732.04086 0.0001046174
0091 001055 -4731.58650 0.0000960170
0092 001064 -4731.16811 0.0000884241
0093 001072 -4730.78136 0.0000817459
0094 001081 -4730.42235 0.0000758882
0095 001089 -4730.08763 0.0000707580
0096 001098 -4729.77419 0.0000662654
0097 001107 -4729.47941 0.0000623255
0098 001115 -4729.20103 0.0000588594
0099 001124 -4728.93716 0.0000557957
0100 001132 -4728.68619 0.0000530707
0101 001142 -4728.44679 0.0000506287
0102 001150 -4728.21783 0.0000484220
0103 001159 -4727.99839 0.0000464100
0104 001168 -4727.78771 0.0000445596
0105 001176 -4727.58516 0.0000428434
0106 001185 -4727.39019 0.0000412399
0107 001193 -4727.20236 0.0000397323
0108 001202 -4727.02127 0.0000383077
0109 001210 -4726.84658 0.0000369565
0110 001219 -4726.67796 0.0000356719
0111 001227 -4726.51514 0.0000344489
0112 001236 -4726.35782 0.0000332840
0113 001244 -4726.20575 0.0000321748
0114 001253 -4726.05867 0.0000311195
0115 001261 -4725.91634 0.0000301166
0116 001269 -4725.77851 0.0000291646
0117 001278 -4725.64495 0.0000282622
0118 001286 -4725.51543 0.0000274079
0119 001295 -4725.38973 0.0000265998
0120 001303 -4725.26765 0.0000258360
0121 001312 -4725.14897 0.0000251145
0122 001320 -4725.03352 0.0000244328
0123 001329 -4724.92112 0.0000237886
0124 001338 -4724.81160 0.0000231794
0125 001346 -4724.70481 0.0000226026
0126 001355 -4724.60060 0.0000220557
0127 001364 -4724.49885 0.0000215362
0128 001372 -4724.39944 0.0000210416
0129 001381 -4724.30226 0.0000205697
0130 001390 -4724.20722 0.0000201182
0131 001398 -4724.11422 0.0000196851
0132 001407 -4724.02319 0.0000192685
0133 001416 -4723.93407 0.0000188667
0134 001424 -4723.84678 0.0000184779
0135 001433 -4723.76127 0.0000181007
0136 001442 -4723.67750 0.0000177340
0137 001451 -4723.59542 0.0000173764
0138 001459 -4723.51499 0.0000170270
0139 001468 -4723.43618 0.0000166849
0140 001477 -4723.35896 0.0000163493
0141 001486 -4723.28329 0.0000160197
0142 001494 -4723.20916 0.0000156953
0143 001503 -4723.13653 0.0000153757
0144 001511 -4723.06540 0.0000150607
0145 001520 -4722.99574 0.0000147498
0146 001528 -4722.92752 0.0000144429
0147 001537 -4722.86074 0.0000141397
0148 001546 -4722.79538 0.0000138402
0149 001555 -4722.73141 0.0000135442
0150 001563 -4722.66882 0.0000132518
0151 001571 -4722.60761 0.0000129628
0152 001580 -4722.54774 0.0000126774
0153 001588 -4722.48920 0.0000123954
0154 001596 -4722.43197 0.0000121171
0155 001604 -4722.37605 0.0000118424
0156 001613 -4722.32141 0.0000115714
0157 001621 -4722.26802 0.0000113041
0158 001629 -4722.21589 0.0000110407
0159 001637 -4722.16497 0.0000107812
0160 001645 -4722.11527 0.0000105257
0161 001653 -4722.06675 0.0000102742
0162 001660 -4722.01941 0.0000100269
0163 001669 -4721.97321 0.0000097836
Start evaluating ...
  Columns 1 through 7

    0.2237    0.3140    0.3669    0.4083    0.4404    0.4644    0.4836

  Columns 8 through 10

    0.5028    0.5167    0.5319

    0.0709

Elapsed time is 1679.136973 seconds.
