nohup: ignoring input

                            < M A T L A B (R) >
                  Copyright 1984-2016 The MathWorks, Inc.
                   R2016a (9.0.0.341360) 64-bit (glnxa64)
                             February 11, 2016

 
To get started, type one of these: helpwin, helpdesk, or demo.
For product information, visit www.mathworks.com.
 

	Academic License

Start learning ...
Init data [Dtype: lastfm - Non-Coldstart]
Init social model
Using adagrad ...
Could not use CUDA
Params [lbd-U: 0.1000|lbd-V: 100.0000|lbd-N: -1.0000|lbd-Q: 1.0000]
Staring Sample 6 - Loc: save/pmf/lastfm-alg40-sp6-20170416114202748 
PMF with confidence Running ...
export LD_LIBRARY_PATH=../gsldump/lib && ctr-part-pmf/ctr --directory save/pmf/lastfm-alg40-sp6-20170416114202748 --b 1 --user data/lastfm/ctr-data/sp6/train-users.dat --item data/lastfm/ctr-data/sp6/train-items.dat --max_iter 200 --num_factors 100 --lambda_v 100.000000 --lambda_u 0.100000 --save_lag 100 --random_seed 123 >> save/pmf/lastfm-alg40-sp6-20170416114202748/ctr-log

iter time likelihood converge
0001 000016 -37229.84077 1.0000000000
0002 000032 -34222.02843 0.0807903626
0003 000048 -30629.97575 0.1049631726
0004 000064 -28776.65996 0.0605066034
0005 000079 -28631.87293 0.0050314049
0006 000095 -28573.20403 0.0020490766
0007 000111 -28540.66084 0.0011389408
0008 000127 -28520.40040 0.0007098800
0009 000142 -28506.80306 0.0004767584
0010 000158 -28497.18651 0.0003373423
0011 000174 -28490.13366 0.0002474928
0012 000190 -28484.82759 0.0001862424
0013 000205 -28480.75960 0.0001428124
0014 000221 -28477.59279 0.0001111914
0015 000237 -28475.09399 0.0000877462
0016 000253 -28473.09714 0.0000701261
0017 000268 -28471.48177 0.0000567332
0018 000284 -28470.15937 0.0000464466
0019 000300 -28469.06426 0.0000384650
0020 000316 -28468.14730 0.0000322089
0021 000331 -28467.37140 0.0000272553
0022 000347 -28466.70829 0.0000232935
0023 000363 -28466.13630 0.0000200934
0024 000379 -28465.63861 0.0000174837
0025 000394 -28465.20207 0.0000153355
0026 000410 -28464.81633 0.0000135515
0027 000426 -28464.47311 0.0000120574
0028 000442 -28464.16581 0.0000107962
0029 000457 -28463.88904 0.0000097235
0030 000473 -28463.63842 0.0000088048
0031 000489 -28463.41034 0.0000080128
0032 000505 -28463.20182 0.0000073259
0033 000521 -28463.01037 0.0000067265
0034 000536 -28462.83388 0.0000062005
0035 000552 -28462.67060 0.0000057365
0036 000568 -28462.51904 0.0000053249
0037 000584 -28462.37793 0.0000049579
0038 000599 -28462.24617 0.0000046290
0039 000615 -28462.12286 0.0000043327
0040 000631 -28462.00718 0.0000040644
0041 000647 -28461.89845 0.0000038201
0042 000662 -28461.79608 0.0000035968
0043 000678 -28461.69955 0.0000033915
0044 000694 -28461.60841 0.0000032020
0045 000710 -28461.52228 0.0000030264
0046 000720 -28461.44080 0.0000028628
0047 000729 -28461.36366 0.0000027101
0048 000737 -28461.29060 0.0000025670
0049 000745 -28461.22137 0.0000024324
0050 000753 -28461.15575 0.0000023057
0051 000761 -28461.09353 0.0000021861
0052 000769 -28461.03453 0.0000020730
0053 000778 -28460.97858 0.0000019660
0054 000786 -28460.92551 0.0000018645
0055 000794 -28460.87518 0.0000017684
0056 000803 -28460.82745 0.0000016771
0057 000811 -28460.78218 0.0000015906
0058 000819 -28460.73925 0.0000015085
0059 000827 -28460.69853 0.0000014307
0060 000836 -28460.65991 0.0000013569
0061 000844 -28460.62329 0.0000012869
0062 000852 -28460.58855 0.0000012206
0063 000860 -28460.55559 0.0000011578
0064 000868 -28460.52433 0.0000010985
0065 000876 -28460.49467 0.0000010423
0066 000885 -28460.46652 0.0000009892
Start evaluating ...
  Columns 1 through 7

    0.2173    0.3052    0.3602    0.4030    0.4332    0.4572    0.4762

  Columns 8 through 10

    0.4948    0.5107    0.5246

    0.0672

Elapsed time is 893.661449 seconds.
