nohup: ignoring input

                            < M A T L A B (R) >
                  Copyright 1984-2016 The MathWorks, Inc.
                   R2016a (9.0.0.341360) 64-bit (glnxa64)
                             February 11, 2016

 
To get started, type one of these: helpwin, helpdesk, or demo.
For product information, visit www.mathworks.com.
 

	Academic License

Start learning ...
Init data [Dtype: lastfm - Non-Coldstart]
Init social model
Using adagrad ...
Could not use CUDA
Params [lbd-U: 0.1000|lbd-V: 100.0000|lbd-N: -1.0000|lbd-Q: 1.0000]
Staring Sample 6 - Loc: save/sorec/lastfm-alg50-sp6-20170416155421392 
SoRec Running ...
export LD_LIBRARY_PATH=../gsldump/lib && ctr-part-sorec/ctr --directory save/sorec/lastfm-alg50-sp6-20170416155421392 --user data/lastfm/ctr-data/sp6/train-users.dat --item data/lastfm/ctr-data/sp6/train-items.dat --net data/lastfm/ctr-data/net-users.dat --max_iter 200 --num_factors 100 --lambda_v 100.000000 --lambda_u 0.100000 --lambda_q 1.000000 --lambda_s 0.010000 --save_lag 100 --random_seed 123 >> save/sorec/lastfm-alg50-sp6-20170416155421392/ctr-log

iter time likelihood converge
0001 000016 -13844.06904 1.0000000000
0002 000033 -2236.58817 0.8384443070
0003 000049 3173.91742 2.4190888884
0004 000065 5309.13108 0.6727376253
0005 000081 6352.69341 0.1965599097
0006 000098 6925.69742 0.0901985933
0007 000114 7274.55173 0.0503710018
0008 000130 7453.90706 0.0246551717
0009 000146 7542.44382 0.0118779006
0010 000163 7597.76045 0.0073340459
0011 000179 7643.40010 0.0060069868
0012 000195 7696.48111 0.0069446859
0013 000211 7749.05096 0.0068303745
0014 000228 7784.17401 0.0045325617
0015 000244 7818.18281 0.0043689663
0016 000260 7861.33886 0.0055199601
0017 000277 7895.56634 0.0043538998
0018 000293 7917.39758 0.0027649997
0019 000309 7940.24550 0.0028857857
0020 000325 7967.76956 0.0034663997
0021 000342 7990.03926 0.0027949724
0022 000358 8003.39768 0.0016718841
0023 000374 8012.53898 0.0011421781
0024 000390 8019.91039 0.0009199838
0025 000407 8026.26560 0.0007924290
0026 000423 8031.90558 0.0007026905
0027 000439 8036.99445 0.0006335819
0028 000456 8041.63815 0.0005777905
0029 000472 8045.91135 0.0005313843
0030 000488 8049.86957 0.0004919546
0031 000504 8053.55566 0.0004579067
0032 000521 8057.00361 0.0004281278
0033 000537 8060.24101 0.0004018117
0034 000553 8063.29066 0.0003783573
0035 000569 8066.17172 0.0003573063
0036 000586 8068.90054 0.0003383038
0037 000602 8071.49124 0.0003210723
0038 000618 8073.95624 0.0003053952
0039 000634 8076.30663 0.0002911077
0040 000651 8078.55262 0.0002780963
0041 000667 8080.70401 0.0002663097
0042 000683 8082.77101 0.0002557935
0043 000700 8084.76564 0.0002467767
0044 000715 8086.70508 0.0002398883
0045 000732 8088.61942 0.0002367264
0046 000748 8090.57244 0.0002414524
0047 000759 8092.72093 0.0002655557
0048 000767 8095.49279 0.0003425115
0049 000776 8100.09348 0.0005683031
0050 000784 8109.40605 0.0011496874
0051 000793 8126.24350 0.0020762864
0052 000801 8144.20137 0.0022098609
0053 000809 8154.27515 0.0012369269
0054 000818 8159.26938 0.0006124672
0055 000826 8163.10855 0.0004705293
0056 000835 8167.81032 0.0005759778
0057 000843 8175.97972 0.0010001949
0058 000852 8191.59347 0.0019097098
0059 000860 8214.80590 0.0028336885
0060 000869 8237.30729 0.0027391264
0061 000877 8252.77059 0.0018772282
0062 000886 8261.11913 0.0010116040
0063 000894 8265.67145 0.0005510532
0064 000902 8268.72102 0.0003689442
0065 000911 8271.10109 0.0002878405
0066 000919 8273.10359 0.0002421083
0067 000928 8274.85616 0.0002118390
0068 000936 8276.42764 0.0001899108
0069 000945 8277.86120 0.0001732094
0070 000953 8279.18771 0.0001602475
0071 000962 8280.43337 0.0001504580
0072 000970 8281.62680 0.0001441256
0073 000979 8282.81018 0.0001428923
0074 000987 8284.06393 0.0001513678
0075 000995 8285.56665 0.0001813988
0076 001004 8287.73680 0.0002619190
0077 001012 8291.48274 0.0004519861
0078 001021 8298.16651 0.0008061009
0079 001029 8307.82626 0.0011640830
0080 001038 8316.95824 0.0010992010
0081 001048 8322.67152 0.0006869438
0082 001065 8325.99972 0.0003998958
0083 001081 8328.66080 0.0003196108
0084 001097 8331.87323 0.0003857077
0085 001114 8336.93754 0.0006078239
0086 001130 8344.84785 0.0009488275
0087 001146 8354.09191 0.0011077560
0088 001163 8361.16237 0.0008463471
0089 001179 8365.26395 0.0004905507
0090 001195 8367.77023 0.0002996059
0091 001211 8369.68069 0.0002283114
0092 001227 8371.48836 0.0002159791
0093 001240 8373.58877 0.0002508999
0094 001257 8376.47810 0.0003450530
0095 001273 8380.65335 0.0004984500
0096 001289 8386.04967 0.0006439018
0097 001306 8391.66877 0.0006700535
0098 001322 8396.64744 0.0005932866
0099 001338 8401.38647 0.0005643955
0100 001354 8406.87971 0.0006538495
0101 001372 8413.30282 0.0007640295
0102 001389 8419.49493 0.0007359910
0103 001405 8424.50766 0.0005953720
0104 001421 8428.85451 0.0005159761
0105 001430 8433.57746 0.0005603314
0106 001439 8439.02004 0.0006453470
0107 001447 8444.33805 0.0006301691
0108 001456 8448.42416 0.0004838870
0109 001465 8451.14496 0.0003220484
0110 001473 8453.00954 0.0002206300
0111 001482 8454.44952 0.0001703512
0112 001491 8455.69991 0.0001478982
0113 001499 8456.91141 0.0001432758
0114 001508 8458.24526 0.0001577234
0115 001517 8459.93767 0.0002000892
0116 001526 8462.30987 0.0002804041
0117 001534 8465.59659 0.0003883950
0118 001543 8469.53750 0.0004655210
0119 001552 8473.27648 0.0004414619
0120 001562 8476.10247 0.0003335189
0121 001571 8478.00401 0.0002243409
0122 001579 8479.31418 0.0001545380
0123 001588 8480.30273 0.0001165827
0124 001597 8481.11139 0.0000953584
0125 001606 8481.80790 0.0000821246
0126 001614 8482.42681 0.0000729696
0127 001623 8482.98830 0.0000661942
0128 001632 8483.50611 0.0000610413
0129 001640 8483.99151 0.0000572161
0130 001649 8484.45599 0.0000547478
0131 001658 8484.91444 0.0000540346
0132 001666 8485.39013 0.0000560625
0133 001675 8485.92366 0.0000628768
0134 001683 8486.58886 0.0000783885
0135 001692 8487.51588 0.0001092332
0136 001701 8488.90582 0.0001637636
0137 001710 8490.97569 0.0002438324
0138 001718 8493.74657 0.0003263313
0139 001727 8496.79814 0.0003592735
0140 001735 8499.45771 0.0003130078
0141 001744 8501.37521 0.0002256028
0142 001753 8502.66215 0.0001513800
0143 001762 8503.56635 0.0001063434
0144 001770 8504.26142 0.0000817391
0145 001779 8504.83645 0.0000676158
0146 001788 8505.33427 0.0000585341
0147 001796 8505.77692 0.0000520436
0148 001805 8506.17713 0.0000470513
0149 001813 8506.54317 0.0000430328
0150 001822 8506.88098 0.0000397120
0151 001830 8507.19520 0.0000369363
0152 001839 8507.48978 0.0000346274
0153 001849 8507.76854 0.0000327667
0154 001858 8508.03570 0.0000314022
0155 001867 8508.29671 0.0000306776
0156 001876 8508.55959 0.0000308968
0157 001886 8508.83737 0.0000326478
0158 001898 8509.15245 0.0000370296
0159 001906 8509.54409 0.0000460255
0160 001915 8510.07993 0.0000629694
0161 001923 8510.86802 0.0000926066
0162 001932 8512.05167 0.0001390757
0163 001940 8513.74692 0.0001991586
0164 001949 8515.90184 0.0002531099
0165 001957 8518.20150 0.0002700429
0166 001966 8520.23297 0.0002384861
0167 001974 8521.78705 0.0001823992
0168 001983 8522.91591 0.0001324674
0169 001992 8523.77014 0.0001002277
0170 002000 8524.48074 0.0000833666
0171 002009 8525.14415 0.0000778239
0172 002017 8525.84717 0.0000824648
0173 002026 8526.69371 0.0000992911
0174 002035 8527.81851 0.0001319149
0175 002044 8529.36223 0.0001810218
0176 002052 8531.37192 0.0002356200
0177 002061 8533.66482 0.0002687604
0178 002070 8535.84927 0.0002559803
0179 002079 8537.59457 0.0002044677
0180 002087 8538.83890 0.0001457462
0181 002096 8539.70639 0.0001015939
0182 002104 8540.34062 0.0000742684
0183 002113 8540.83733 0.0000581600
0184 002121 8541.24952 0.0000482616
0185 002130 8541.60595 0.0000417300
0186 002138 8541.92355 0.0000371827
0187 002147 8542.21401 0.0000340047
0188 002155 8542.48733 0.0000319967
0189 002164 8542.75432 0.0000312537
0190 002172 8543.02924 0.0000321813
0191 002181 8543.33352 0.0000356183
0192 002189 8543.70141 0.0000430616
0193 002198 8544.18791 0.0000569426
0194 002206 8544.87740 0.0000806961
0195 002215 8545.88457 0.0001178681
0196 002223 8547.32928 0.0001690535
0197 002232 8549.26896 0.0002269340
0198 002240 8551.62047 0.0002750538
0199 002249 8554.16437 0.0002974766
0200 002257 8556.65186 0.0002907930
Start evaluating ...
  Columns 1 through 7

    0.2712    0.3608    0.4202    0.4626    0.4957    0.5243    0.5485

  Columns 8 through 10

    0.5689    0.5858    0.6023

    0.0851

Elapsed time is 2269.165806 seconds.
