nohup: ignoring input

                            < M A T L A B (R) >
                  Copyright 1984-2016 The MathWorks, Inc.
                   R2016a (9.0.0.341360) 64-bit (glnxa64)
                             February 11, 2016

 
To get started, type one of these: helpwin, helpdesk, or demo.
For product information, visit www.mathworks.com.
 

	Academic License

Start learning ...
Init data [Dtype: delicious - Non-Coldstart]
Init social model
Could not use CUDA
Params [lbd-U: 0.1000|lbd-V: 100.0000|lbd-N: -1.0000|lbd-Q: 0.1000]
Staring Sample 6 - Loc: save/sorec/delicious-alg50-sp6-20170416155413829 
SoRec Running ...
export LD_LIBRARY_PATH=../gsldump/lib && ctr-part-sorec/ctr --directory save/sorec/delicious-alg50-sp6-20170416155413829 --user data/delicious/ctr-data/sp6/train-users.dat --item data/delicious/ctr-data/sp6/train-items.dat --net data/delicious/ctr-data/net-users.dat --max_iter 200 --num_factors 100 --lambda_v 100.000000 --lambda_u 0.100000 --lambda_q 0.100000 --lambda_s 0.010000 --save_lag 100 --random_seed 123 >> save/sorec/delicious-alg50-sp6-20170416155413829/ctr-log

iter time likelihood converge
0001 000041 -35979.50892 1.0000000000
0002 000087 -29545.05885 0.1788365171
0003 000133 -27244.37915 0.0778702020
0004 000178 -19319.30367 0.2908884597
0005 000224 -16190.17311 0.1619691169
0006 000270 -15116.84407 0.0662950936
0007 000316 -14520.90201 0.0394223856
0008 000362 -14148.59099 0.0256396621
0009 000408 -13905.10278 0.0172093609
0010 000454 -13737.61640 0.0120449586
0011 000500 -13616.15041 0.0088418531
0012 000546 -13524.08677 0.0067613560
0013 000592 -13452.03075 0.0053279772
0014 000638 -13394.03305 0.0043114457
0015 000683 -13346.13269 0.0035762460
0016 000729 -13305.73819 0.0030266817
0017 000775 -13271.14421 0.0025999296
0018 000821 -13241.35054 0.0022449963
0019 000867 -13215.72862 0.0019349930
0020 000913 -13193.54134 0.0016788543
0021 000959 -13173.96861 0.0014835085
0022 001005 -13156.44654 0.0013300525
0023 001051 -13140.72266 0.0011951464
0024 001097 -13126.57491 0.0010766340
0025 001143 -13113.68932 0.0009816417
0026 001189 -13101.88709 0.0008999926
0027 001235 -13091.22625 0.0008136871
0028 001261 -13081.75510 0.0007234733
0029 001285 -13073.27956 0.0006478903
0030 001309 -13065.46966 0.0005973942
0031 001333 -13058.17412 0.0005583835
0032 001357 -13051.50949 0.0005103794
0033 001381 -13045.61716 0.0004514677
0034 001404 -13040.47716 0.0003940018
0035 001429 -13035.98016 0.0003448494
0036 001454 -13032.03595 0.0003025631
0037 001485 -13028.60159 0.0002635326
0038 001531 -13025.68051 0.0002242047
0039 001571 -13023.26489 0.0001854509
0040 001595 -13021.26247 0.0001537569
0041 001618 -13019.53270 0.0001328424
0042 001642 -13017.99282 0.0001182742
0043 001666 -13016.64090 0.0001038502
0044 001690 -13015.47145 0.0000898428
0045 001714 -13014.42472 0.0000804221
0046 001737 -13013.45243 0.0000747086
0047 001761 -13012.59859 0.0000656121
0048 001785 -13011.97904 0.0000476113
0049 001809 -13011.68826 0.0000223474
0050 001832 -13011.73561 0.0000036392
Start evaluating ...
  Columns 1 through 7

    0.0783    0.1232    0.1885    0.2483    0.2880    0.3142    0.3273

  Columns 8 through 10

    0.3354    0.3391    0.3425

    0.0215

Elapsed time is 1862.664148 seconds.
