nohup: ignoring input

                            < M A T L A B (R) >
                  Copyright 1984-2016 The MathWorks, Inc.
                   R2016a (9.0.0.341360) 64-bit (glnxa64)
                             February 11, 2016

 
To get started, type one of these: helpwin, helpdesk, or demo.
For product information, visit www.mathworks.com.
 

	Academic License

Start learning ...
Init data [Dtype: lastfm - Non-Coldstart]
Init social model
Using adagrad ...
Could not use CUDA
Params [lbd-U: 0.1000|lbd-V: 100.0000|lbd-N: -1.0000|lbd-Q: 1.0000]
Staring Sample 7 - Loc: save/sorec/lastfm-alg50-sp7-20170416114202711 
SoRec Running ...
export LD_LIBRARY_PATH=../gsldump/lib && ctr-part-sorec/ctr --directory save/sorec/lastfm-alg50-sp7-20170416114202711 --b 1 --user data/lastfm/ctr-data/sp7/train-users.dat --item data/lastfm/ctr-data/sp7/train-items.dat --net data/lastfm/ctr-data/net-users.dat --max_iter 200 --num_factors 100 --lambda_v 100.000000 --lambda_u 0.100000 --lambda_q 1.000000 --lambda_s 0.010000 --save_lag 100 --random_seed 123 >> save/sorec/lastfm-alg50-sp7-20170416114202711/ctr-log

iter time likelihood converge
0001 000009 -35885.96986 1.0000000000
0002 000017 -13415.87429 0.6261526624
0003 000025 -11366.95824 0.1527232597
0004 000034 -9570.98813 0.1579991827
0005 000042 -8699.42184 0.0910633549
0006 000051 -8115.81796 0.0670853640
0007 000060 -7666.63655 0.0553464118
0008 000068 -7328.26014 0.0441362267
0009 000077 -7064.77346 0.0359548764
0010 000085 -6858.28929 0.0292272883
0011 000093 -6683.86148 0.0254331366
0012 000102 -6530.34937 0.0229675770
0013 000110 -6402.22477 0.0196198694
0014 000119 -6285.91273 0.0181674410
0015 000127 -6177.61361 0.0172288625
0016 000135 -6078.96988 0.0159679339
0017 000144 -5990.74068 0.0145138408
0018 000152 -5907.30170 0.0139279905
0019 000161 -5826.43731 0.0136888876
0020 000169 -5746.67668 0.0136894348
0021 000177 -5674.82678 0.0125028603
0022 000186 -5606.76831 0.0119930490
0023 000194 -5543.64344 0.0112586905
0024 000203 -5488.89307 0.0098762430
0025 000211 -5440.36884 0.0088404404
0026 000219 -5397.66199 0.0078499906
0027 000228 -5356.13901 0.0076927711
0028 000236 -5312.80387 0.0080907420
0029 000244 -5268.75154 0.0082917299
0030 000253 -5225.61732 0.0081868007
0031 000261 -5185.62293 0.0076535240
0032 000270 -5148.35690 0.0071864133
0033 000278 -5112.80917 0.0069046754
0034 000286 -5078.73795 0.0066638938
0035 000295 -5046.75574 0.0062972758
0036 000303 -5016.17018 0.0060604388
0037 000311 -4987.03022 0.0058092064
0038 000320 -4960.52762 0.0053143035
0039 000328 -4936.46810 0.0048501952
0040 000342 -4914.56697 0.0044365987
0041 000351 -4894.76021 0.0040302135
0042 000359 -4876.67292 0.0036952371
0043 000368 -4859.98465 0.0034220597
0044 000376 -4844.22109 0.0032435421
0045 000384 -4829.03756 0.0031343576
0046 000393 -4814.67219 0.0029747904
0047 000401 -4801.42896 0.0027505985
0048 000409 -4789.12003 0.0025635967
0049 000418 -4777.16942 0.0024953664
0050 000426 -4765.17898 0.0025099462
0051 000435 -4753.30382 0.0024920719
0052 000443 -4742.02050 0.0023737842
0053 000452 -4731.66822 0.0021830949
0054 000460 -4722.26339 0.0019876347
0055 000468 -4713.63735 0.0018266751
0056 000477 -4705.61652 0.0017016225
0057 000485 -4698.10236 0.0015968495
0058 000494 -4691.08907 0.0014927917
0059 000502 -4684.63055 0.0013767621
0060 000511 -4678.77495 0.0012499605
0061 000519 -4673.52192 0.0011227364
0062 000527 -4668.81885 0.0010063225
0063 000536 -4664.57915 0.0009080879
0064 000545 -4660.70929 0.0008296277
0065 000553 -4657.13275 0.0007673802
0066 000562 -4653.80145 0.0007153115
0067 000570 -4650.69304 0.0006679302
0068 000578 -4647.80024 0.0006220137
0069 000587 -4645.11970 0.0005767333
0070 000595 -4642.64472 0.0005328126
0071 000603 -4640.36335 0.0004913954
0072 000612 -4638.26039 0.0004531879
0073 000620 -4636.32051 0.0004182347
0074 000628 -4634.52987 0.0003862210
0075 000637 -4632.87596 0.0003568661
0076 000645 -4631.34675 0.0003300779
0077 000654 -4629.93026 0.0003058479
0078 000662 -4628.61502 0.0002840738
0079 000670 -4627.39088 0.0002644716
0080 000679 -4626.24971 0.0002466132
0081 000687 -4625.18549 0.0002300387
0082 000695 -4624.19397 0.0002143737
0083 000704 -4623.27191 0.0001993986
0084 000713 -4622.41636 0.0001850548
0085 000721 -4621.62408 0.0001713977
0086 000730 -4620.89141 0.0001585309
0087 000738 -4620.21423 0.0001465488
0088 000747 -4619.58817 0.0001355039
0089 000755 -4619.00888 0.0001253994
0090 000763 -4618.47215 0.0001161991
0091 000772 -4617.97408 0.0001078432
0092 000780 -4617.51107 0.0001002635
0093 000788 -4617.07982 0.0000933934
0094 000798 -4616.67734 0.0000871729
0095 000806 -4616.30085 0.0000815491
0096 000814 -4615.94782 0.0000764748
0097 000823 -4615.61591 0.0000719061
0098 000831 -4615.30296 0.0000678011
0099 000839 -4615.00704 0.0000641183
0100 000848 -4614.72637 0.0000608168
0101 000857 -4614.45937 0.0000578569
0102 000866 -4614.20466 0.0000552001
0103 000874 -4613.96098 0.0000528106
0104 000882 -4613.72725 0.0000506557
0105 000891 -4613.50254 0.0000487057
0106 000899 -4613.28601 0.0000469346
0107 000908 -4613.07693 0.0000453199
0108 000917 -4612.87469 0.0000438419
0109 000925 -4612.67871 0.0000424838
0110 000934 -4612.48853 0.0000412311
0111 000942 -4612.30370 0.0000400712
0112 000950 -4612.12385 0.0000389931
0113 000959 -4611.94865 0.0000379870
0114 000967 -4611.77781 0.0000370441
0115 000976 -4611.61106 0.0000361566
0116 000984 -4611.44819 0.0000353174
0117 000993 -4611.28900 0.0000345200
0118 001001 -4611.13333 0.0000337584
0119 001010 -4610.98104 0.0000330274
0120 001018 -4610.83200 0.0000323221
0121 001026 -4610.68612 0.0000316384
0122 001035 -4610.54332 0.0000309725
0123 001043 -4610.40352 0.0000303211
0124 001052 -4610.26668 0.0000296815
0125 001060 -4610.13274 0.0000290513
0126 001068 -4610.00168 0.0000284285
0127 001077 -4609.87347 0.0000278118
0128 001085 -4609.74808 0.0000271998
0129 001094 -4609.62550 0.0000265917
0130 001102 -4609.50571 0.0000259868
0131 001110 -4609.38870 0.0000253849
0132 001119 -4609.27446 0.0000247858
0133 001127 -4609.16296 0.0000241894
0134 001136 -4609.05420 0.0000235961
0135 001144 -4608.94817 0.0000230059
0136 001152 -4608.84484 0.0000224194
0137 001161 -4608.74419 0.0000218369
0138 001170 -4608.64622 0.0000212589
0139 001178 -4608.55088 0.0000206859
0140 001186 -4608.45817 0.0000201185
0141 001195 -4608.36804 0.0000195572
0142 001203 -4608.28047 0.0000190025
0143 001212 -4608.19542 0.0000184550
0144 001220 -4608.11286 0.0000179150
0145 001228 -4608.03276 0.0000173830
0146 001237 -4607.95507 0.0000168595
0147 001245 -4607.87976 0.0000163449
0148 001254 -4607.80677 0.0000158394
0149 001262 -4607.73607 0.0000153434
0150 001270 -4607.66761 0.0000148572
0151 001279 -4607.60135 0.0000143810
0152 001287 -4607.53724 0.0000139150
0153 001296 -4607.47522 0.0000134593
0154 001304 -4607.41526 0.0000130141
0155 001312 -4607.35730 0.0000125794
0156 001321 -4607.30130 0.0000121554
0157 001329 -4607.24720 0.0000117420
0158 001338 -4607.19495 0.0000113393
0159 001347 -4607.14452 0.0000109473
0160 001355 -4607.09584 0.0000105658
0161 001364 -4607.04887 0.0000101949
0162 001372 -4607.00356 0.0000098344
Start evaluating ...
  Columns 1 through 7

    0.2201    0.3062    0.3624    0.4039    0.4349    0.4582    0.4794

  Columns 8 through 10

    0.4975    0.5139    0.5280

    0.0683

Elapsed time is 1382.463796 seconds.
