nohup: ignoring input

                            < M A T L A B (R) >
                  Copyright 1984-2016 The MathWorks, Inc.
                   R2016a (9.0.0.341360) 64-bit (glnxa64)
                             February 11, 2016

 
To get started, type one of these: helpwin, helpdesk, or demo.
For product information, visit www.mathworks.com.
 

	Academic License

Start learning ...
Init data [Dtype: lastfm - Non-Coldstart]
Init social model
Using adagrad ...
Could not use CUDA
Params [lbd-U: 0.1000|lbd-V: 100.0000|lbd-N: -1.0000|lbd-Q: 0.1000]
Staring Sample 7 - Loc: save/sorec/lastfm-alg50-sp7-20170416180055275 
SoRec Running ...
export LD_LIBRARY_PATH=../gsldump/lib && ctr-part-sorec/ctr --directory save/sorec/lastfm-alg50-sp7-20170416180055275 --user data/lastfm/ctr-data/sp7/train-users.dat --item data/lastfm/ctr-data/sp7/train-items.dat --net data/lastfm/ctr-data/net-users.dat --max_iter 200 --num_factors 100 --lambda_v 100.000000 --lambda_u 0.100000 --lambda_q 0.100000 --lambda_s 0.010000 --save_lag 100 --random_seed 123 >> save/sorec/lastfm-alg50-sp7-20170416180055275/ctr-log

iter time likelihood converge
0001 000008 -15526.96968 1.0000000000
0002 000017 2883.53877 1.1857116252
0003 000025 6035.82918 1.0932020194
0004 000033 6939.48404 0.1497151134
0005 000042 7364.82635 0.0612930746
0006 000050 7604.97546 0.0326075725
0007 000059 7747.99281 0.0188057618
0008 000067 7838.87431 0.0117296820
0009 000075 7900.17099 0.0078195770
0010 000084 7943.54546 0.0054903213
0011 000092 7975.40596 0.0040108660
0012 000101 7999.49980 0.0030210178
0013 000109 8018.14614 0.0023309378
0014 000117 8032.85251 0.0018341361
0015 000126 8044.63923 0.0014673141
0016 000134 8054.21910 0.0011908394
0017 000143 8062.10294 0.0009788460
0018 000151 8068.66491 0.0008139273
0019 000159 8074.18443 0.0006840689
0020 000168 8078.87362 0.0005807629
0021 000176 8082.89549 0.0004978261
0022 000185 8086.37652 0.0004306654
0023 000193 8089.41549 0.0003758146
0024 000202 8092.09010 0.0003306300
0025 000211 8094.46172 0.0002930791
0026 000219 8096.57914 0.0002615888
0027 000228 8098.48132 0.0002349362
0028 000236 8100.19956 0.0002121681
0029 000245 8101.75918 0.0001925412
0030 000253 8103.18085 0.0001754769
0031 000262 8104.48162 0.0001605250
0032 000271 8105.67569 0.0001473351
0033 000280 8106.77509 0.0001356338
0034 000288 8107.79011 0.0001252060
0035 000297 8108.72964 0.0001158800
0036 000305 8109.60146 0.0001075160
0037 000314 8110.41241 0.0000999982
0038 000323 8111.16852 0.0000932281
0039 000332 8111.87517 0.0000871205
0040 000340 8112.53711 0.0000816009
0041 000349 8113.15855 0.0000766031
0042 000358 8113.74326 0.0000720685
0043 000366 8114.29455 0.0000679451
0044 000375 8114.81537 0.0000641865
0045 000384 8115.30837 0.0000607521
0046 000392 8115.77586 0.0000576059
0047 000401 8116.21992 0.0000547165
0048 000410 8116.64242 0.0000520564
0049 000418 8117.04502 0.0000496015
0050 000427 8117.42921 0.0000473307
0051 000435 8117.79632 0.0000452256
0052 000444 8118.14758 0.0000432699
0053 000453 8118.48407 0.0000414492
0054 000461 8118.80679 0.0000397508
0055 000470 8119.11663 0.0000381631
0056 000479 8119.41440 0.0000366760
0057 000487 8119.70086 0.0000352804
0058 000496 8119.97667 0.0000339681
0059 000505 8120.24245 0.0000327318
0060 000513 8120.49876 0.0000315648
0061 000522 8120.74613 0.0000304614
0062 000531 8120.98501 0.0000294162
0063 000539 8121.21584 0.0000284245
0064 000548 8121.43903 0.0000274820
0065 000557 8121.65494 0.0000265850
0066 000566 8121.86391 0.0000257298
0067 000574 8122.06625 0.0000249133
0068 000583 8122.26226 0.0000241326
0069 000592 8122.45220 0.0000233851
0070 000600 8122.63632 0.0000226681
0071 000609 8122.81485 0.0000219794
0072 000617 8122.98800 0.0000213170
0073 000626 8123.15597 0.0000206787
0074 000635 8123.31895 0.0000200628
0075 000644 8123.47709 0.0000194677
0076 000652 8123.63056 0.0000188918
0077 000661 8123.77949 0.0000183337
0078 000670 8123.92403 0.0000177924
0079 000679 8124.06431 0.0000172667
0080 000687 8124.20043 0.0000167556
0081 000696 8124.33252 0.0000162585
0082 000705 8124.46068 0.0000157747
0083 000714 8124.58501 0.0000153034
0084 000723 8124.70561 0.0000148444
0085 000731 8124.82259 0.0000143972
0086 000740 8124.93602 0.0000139615
0087 000749 8125.04601 0.0000135370
0088 000758 8125.15264 0.0000131235
0089 000767 8125.25600 0.0000127208
0090 000776 8125.35617 0.0000123288
0091 000784 8125.45325 0.0000119474
0092 000793 8125.54731 0.0000115764
0093 000801 8125.63844 0.0000112157
0094 000808 8125.72673 0.0000108652
0095 000816 8125.81225 0.0000105248
0096 000824 8125.89509 0.0000101945
0097 000833 8125.97533 0.0000098740
Start evaluating ...
  Columns 1 through 7

    0.2718    0.3705    0.4308    0.4708    0.5049    0.5315    0.5529

  Columns 8 through 10

    0.5722    0.5905    0.6054

    0.0901

Elapsed time is 842.904999 seconds.
