nohup: ignoring input

                            < M A T L A B (R) >
                  Copyright 1984-2016 The MathWorks, Inc.
                   R2016a (9.0.0.341360) 64-bit (glnxa64)
                             February 11, 2016

 
To get started, type one of these: helpwin, helpdesk, or demo.
For product information, visit www.mathworks.com.
 

	Academic License

Start learning ...
Init data [Dtype: lastfm - Non-Coldstart]
Init social model
Using adagrad ...
Could not use CUDA
Params [lbd-U: 0.1000|lbd-V: 100.0000|lbd-N: -1.0000|lbd-Q: 0.0100]
Staring Sample 7 - Loc: save/sorec/lastfm-alg50-sp7-20170417105621368 
SoRec Running ...
export LD_LIBRARY_PATH=../gsldump/lib && ctr-part-sorec/ctr --directory save/sorec/lastfm-alg50-sp7-20170417105621368 --user data/lastfm/ctr-data/sp7/train-users.dat --item data/lastfm/ctr-data/sp7/train-items.dat --net data/lastfm/ctr-data/net-users.dat --max_iter 200 --num_factors 100 --lambda_v 100.000000 --lambda_u 0.100000 --lambda_q 0.010000 --lambda_s 0.010000 --save_lag 100 --random_seed 123 >> save/sorec/lastfm-alg50-sp7-20170417105621368/ctr-log

iter time likelihood converge
0001 000008 -22358.45582 1.0000000000
0002 000017 3391.57123 1.1516907633
0003 000025 5638.15449 0.6624019093
0004 000033 6006.57726 0.0653445679
0005 000042 6169.50589 0.0271250385
0006 000050 6259.84835 0.0146433853
0007 000059 6315.72049 0.0089254780
0008 000067 6353.39706 0.0059655235
0009 000075 6380.58283 0.0042789343
0010 000084 6401.21888 0.0032341950
0011 000092 6417.47360 0.0025393155
0012 000100 6430.63070 0.0020501999
0013 000109 6441.50535 0.0016910701
0014 000117 6450.64768 0.0014192858
0015 000126 6458.44735 0.0012091292
0016 000134 6465.19029 0.0010440491
0017 000143 6471.09169 0.0009127959
0018 000151 6476.31642 0.0008073954
0019 000159 6480.99246 0.0007220219
0020 000168 6485.22018 0.0006523264
0021 000176 6489.07895 0.0005950105
0022 000185 6492.63198 0.0005475399
0023 000193 6495.92989 0.0005079456
0024 000201 6499.01339 0.0004746821
0025 000210 6501.91536 0.0004465247
0026 000218 6504.66239 0.0004224953
0027 000227 6507.27601 0.0004018068
0028 000235 6509.77364 0.0003838222
0029 000243 6512.16940 0.0003680240
0030 000252 6514.47464 0.0003539900
0031 000260 6516.69852 0.0003413750
0032 000269 6518.84835 0.0003298961
0033 000277 6520.92996 0.0003193219
0034 000286 6522.94795 0.0003094628
0035 000294 6524.90590 0.0003001638
0036 000302 6526.80660 0.0002912992
0037 000311 6528.65217 0.0002827675
0038 000319 6530.44420 0.0002744875
0039 000328 6532.18389 0.0002663958
0040 000336 6533.87208 0.0002584432
0041 000344 6535.50943 0.0002505935
0042 000353 6537.09639 0.0002428207
0043 000361 6538.63331 0.0002351081
0044 000369 6540.12050 0.0002274462
0045 000378 6541.55822 0.0002198315
0046 000386 6542.94677 0.0002122657
0047 000395 6544.28647 0.0002047543
0048 000403 6545.57769 0.0001973058
0049 000411 6546.82090 0.0001899308
0050 000420 6548.01662 0.0001826416
0051 000428 6549.16548 0.0001754511
0052 000436 6550.26818 0.0001683727
0053 000445 6551.32552 0.0001614198
0054 000453 6552.33839 0.0001546051
0055 000462 6553.30775 0.0001479408
0056 000470 6554.23464 0.0001414381
0057 000478 6555.12016 0.0001351069
0058 000487 6555.96548 0.0001289560
0059 000495 6556.77182 0.0001229929
0060 000504 6557.54043 0.0001172237
0061 000512 6558.27260 0.0001116531
0062 000520 6558.96964 0.0001062845
0063 000529 6559.63288 0.0001011201
0064 000537 6560.26366 0.0000961607
0065 000546 6560.86331 0.0000914060
0066 000554 6561.43315 0.0000868548
0067 000562 6561.97450 0.0000825049
0068 000571 6562.48865 0.0000783531
0069 000579 6562.97687 0.0000743956
0070 000588 6563.44040 0.0000706279
0071 000596 6563.88045 0.0000670450
0072 000605 6564.29818 0.0000636414
0073 000613 6564.69474 0.0000604112
0074 000621 6565.07121 0.0000573484
0075 000630 6565.42866 0.0000544466
0076 000638 6565.76809 0.0000516994
0077 000647 6566.09047 0.0000491002
0078 000655 6566.39673 0.0000466426
0079 000663 6566.68775 0.0000443199
0080 000672 6566.96438 0.0000421258
0081 000680 6567.22741 0.0000400540
0082 000689 6567.47761 0.0000380983
0083 000697 6567.71570 0.0000362526
0084 000706 6567.94236 0.0000345112
0085 000714 6568.15824 0.0000328684
0086 000722 6568.36395 0.0000313188
0087 000731 6568.56006 0.0000298572
0088 000739 6568.74712 0.0000284786
0089 000748 6568.92565 0.0000271783
0090 000756 6569.09612 0.0000259517
0091 000765 6569.25900 0.0000247946
0092 000773 6569.41471 0.0000237028
0093 000781 6569.56366 0.0000226726
0094 000790 6569.70622 0.0000217001
0095 000798 6569.84275 0.0000207821
0096 000807 6569.97359 0.0000199151
0097 000815 6570.09905 0.0000190962
0098 000823 6570.21943 0.0000183224
0099 000832 6570.33501 0.0000175910
0100 000840 6570.44604 0.0000168995
0101 000850 6570.55278 0.0000162455
0102 000858 6570.65546 0.0000156267
0103 000867 6570.75429 0.0000150409
0104 000876 6570.84947 0.0000144862
0105 000884 6570.94121 0.0000139608
0106 000893 6571.02967 0.0000134629
0107 000901 6571.11503 0.0000129908
0108 000910 6571.19746 0.0000125430
0109 000918 6571.27709 0.0000121181
0110 000926 6571.35407 0.0000117148
0111 000935 6571.42853 0.0000113318
0112 000943 6571.50061 0.0000109678
0113 000952 6571.57041 0.0000106219
0114 000960 6571.63805 0.0000102930
0115 000969 6571.70363 0.0000099800
Start evaluating ...
  Columns 1 through 7

    0.2733    0.3713    0.4308    0.4720    0.5057    0.5330    0.5540

  Columns 8 through 10

    0.5735    0.5909    0.6053

    0.0899

Elapsed time is 978.951155 seconds.
