nohup: ignoring input

                            < M A T L A B (R) >
                  Copyright 1984-2016 The MathWorks, Inc.
                   R2016a (9.0.0.341360) 64-bit (glnxa64)
                             February 11, 2016

 
To get started, type one of these: helpwin, helpdesk, or demo.
For product information, visit www.mathworks.com.
 

	Academic License

Start learning ...
Init data [Dtype: delicious - Non-Coldstart]
Init social model
Could not use CUDA
Params [lbd-U: 0.1000|lbd-V: 100.0000|lbd-N: -1.0000|lbd-Q: 0.1000]
Staring Sample 7 - Loc: save/pmf/delicious-alg40-sp7-20170416112817997 
PMF with confidence Running ...
export LD_LIBRARY_PATH=../gsldump/lib && ctr-part-pmf/ctr --directory save/pmf/delicious-alg40-sp7-20170416112817997 --b 1 --user data/delicious/ctr-data/sp7/train-users.dat --item data/delicious/ctr-data/sp7/train-items.dat --max_iter 200 --num_factors 100 --lambda_v 100.000000 --lambda_u 0.100000 --save_lag 100 --random_seed 123 >> save/pmf/delicious-alg40-sp7-20170416112817997/ctr-log

iter time likelihood converge
0001 000026 -41906.99243 1.0000000000
0002 000053 -41906.50081 0.0000117311
0003 000079 -41862.37155 0.0010530410
0004 000106 -40338.48127 0.0364023876
0005 000133 -39518.80039 0.0203200729
0006 000159 -39437.05623 0.0020684881
0007 000186 -39386.23725 0.0012886099
0008 000212 -39352.32213 0.0008610905
0009 000240 -39328.66492 0.0006011643
0010 000267 -39311.52074 0.0004359208
0011 000293 -39298.69243 0.0003263244
0012 000320 -39288.83382 0.0002508637
0013 000347 -39281.08474 0.0001972334
0014 000374 -39274.87522 0.0001580793
0015 000400 -39269.81587 0.0001288188
0016 000427 -39265.63389 0.0001064934
0017 000453 -39262.13383 0.0000891382
0018 000480 -39259.17277 0.0000754176
0019 000506 -39256.64424 0.0000644062
0020 000535 -39254.46743 0.0000554506
0021 000562 -39252.58002 0.0000480816
0022 000589 -39250.93313 0.0000419561
0023 000616 -39249.48796 0.0000368188
0024 000642 -39248.21328 0.0000324764
0025 000669 -39247.08370 0.0000287804
0026 000696 -39246.07838 0.0000256151
0027 000722 -39245.18008 0.0000228891
0028 000749 -39244.37440 0.0000205294
0029 000775 -39243.64926 0.0000184774
0030 000802 -39242.99447 0.0000166854
0031 000831 -39242.40134 0.0000151143
0032 000857 -39241.86246 0.0000137321
0033 000887 -39241.37147 0.0000125119
0034 000936 -39240.92288 0.0000114316
0035 000987 -39240.51193 0.0000104723
0036 001039 -39240.13451 0.0000096183
0037 001090 -39239.78700 0.0000088559
0038 001141 -39239.46626 0.0000081739
0039 001192 -39239.16953 0.0000075621
0040 001243 -39238.89438 0.0000070121
0041 001294 -39238.63867 0.0000065166
0042 001345 -39238.40053 0.0000060691
0043 001379 -39238.17828 0.0000056640
0044 001405 -39237.97046 0.0000052965
0045 001432 -39237.77575 0.0000049623
0046 001458 -39237.59300 0.0000046576
0047 001485 -39237.42116 0.0000043793
0048 001511 -39237.25934 0.0000041243
0049 001539 -39237.10669 0.0000038903
0050 001565 -39236.96250 0.0000036749
0051 001592 -39236.82611 0.0000034762
0052 001619 -39236.69692 0.0000032925
0053 001646 -39236.57442 0.0000031222
0054 001673 -39236.45812 0.0000029640
0055 001699 -39236.34759 0.0000028168
0056 001726 -39236.24246 0.0000026795
0057 001753 -39236.14237 0.0000025511
0058 001780 -39236.04699 0.0000024308
0059 001807 -39235.95604 0.0000023180
0060 001833 -39235.86926 0.0000022119
0061 001860 -39235.78639 0.0000021120
0062 001887 -39235.70722 0.0000020179
0063 001914 -39235.63154 0.0000019289
0064 001940 -39235.55915 0.0000018448
0065 001967 -39235.48989 0.0000017652
0066 001994 -39235.42360 0.0000016898
0067 002020 -39235.36011 0.0000016182
0068 002047 -39235.29928 0.0000015502
0069 002073 -39235.24100 0.0000014856
0070 002100 -39235.18512 0.0000014241
0071 002127 -39235.13154 0.0000013656
0072 002154 -39235.08015 0.0000013099
0073 002181 -39235.03084 0.0000012568
0074 002208 -39234.98351 0.0000012062
0075 002235 -39234.93808 0.0000011579
0076 002261 -39234.89446 0.0000011118
0077 002289 -39234.85257 0.0000010678
0078 002315 -39234.81232 0.0000010258
0079 002342 -39234.77365 0.0000009856
Start evaluating ...
  Columns 1 through 7

    0.0318    0.0600    0.0803    0.1032    0.1190    0.1303    0.1392

  Columns 8 through 10

    0.1474    0.1518    0.1597

    0.0072

Elapsed time is 2362.367061 seconds.
