nohup: ignoring input

                            < M A T L A B (R) >
                  Copyright 1984-2016 The MathWorks, Inc.
                   R2016a (9.0.0.341360) 64-bit (glnxa64)
                             February 11, 2016

 
To get started, type one of these: helpwin, helpdesk, or demo.
For product information, visit www.mathworks.com.
 

	Academic License

Start learning ...
Init data [Dtype: lastfm - Non-Coldstart]
Init social model
Using adagrad ...
Could not use CUDA
Params [lbd-U: 0.1000|lbd-V: 100.0000|lbd-N: -1.0000|lbd-Q: 1.0000]
Staring Sample 7 - Loc: save/pmf/lastfm-alg40-sp7-20170416114202967 
PMF with confidence Running ...
export LD_LIBRARY_PATH=../gsldump/lib && ctr-part-pmf/ctr --directory save/pmf/lastfm-alg40-sp7-20170416114202967 --b 1 --user data/lastfm/ctr-data/sp7/train-users.dat --item data/lastfm/ctr-data/sp7/train-items.dat --max_iter 200 --num_factors 100 --lambda_v 100.000000 --lambda_u 0.100000 --save_lag 100 --random_seed 123 >> save/pmf/lastfm-alg40-sp7-20170416114202967/ctr-log

iter time likelihood converge
0001 000015 -37083.85497 1.0000000000
0002 000031 -34093.74081 0.0806311576
0003 000047 -30491.95383 0.1056436431
0004 000057 -28638.94855 0.0607703030
0005 000065 -28496.63424 0.0049692575
0006 000073 -28439.39948 0.0020084746
0007 000082 -28408.02328 0.0011032650
0008 000090 -28388.85526 0.0006747399
0009 000098 -28376.34410 0.0004407067
0010 000106 -28367.78096 0.0003017702
0011 000114 -28361.69870 0.0002144074
0012 000122 -28357.24494 0.0001570343
0013 000131 -28353.89839 0.0001180139
0014 000139 -28351.32726 0.0000906800
0015 000147 -28349.31339 0.0000710328
0016 000155 -28347.70930 0.0000565829
0017 000163 -28346.41285 0.0000457337
0018 000171 -28345.35170 0.0000374351
0019 000180 -28344.47354 0.0000309808
0020 000188 -28343.73981 0.0000258861
0021 000196 -28343.12158 0.0000218119
0022 000204 -28342.59677 0.0000185162
0023 000212 -28342.14829 0.0000158237
0024 000221 -28341.76270 0.0000136047
0025 000229 -28341.42934 0.0000117620
0026 000237 -28341.13965 0.0000102217
0027 000245 -28340.88666 0.0000089265
0028 000253 -28340.66470 0.0000078318
0029 000261 -28340.46909 0.0000069021
0030 000270 -28340.29594 0.0000061094
0031 000278 -28340.14203 0.0000054309
0032 000286 -28340.00464 0.0000048481
0033 000294 -28339.88148 0.0000043458
0034 000302 -28339.77062 0.0000039116
0035 000310 -28339.67043 0.0000035353
0036 000319 -28339.57951 0.0000032082
0037 000327 -28339.49667 0.0000029231
0038 000336 -28339.42089 0.0000026741
0039 000344 -28339.35129 0.0000024559
0040 000352 -28339.28712 0.0000022645
0041 000360 -28339.22772 0.0000020960
0042 000369 -28339.17253 0.0000019475
0043 000377 -28339.12106 0.0000018161
0044 000385 -28339.07289 0.0000016998
0045 000393 -28339.02765 0.0000015965
0046 000401 -28338.98501 0.0000015045
0047 000410 -28338.94470 0.0000014224
0048 000418 -28338.90647 0.0000013490
0049 000426 -28338.87011 0.0000012832
0050 000435 -28338.83542 0.0000012240
0051 000443 -28338.80225 0.0000011707
0052 000451 -28338.77044 0.0000011224
0053 000459 -28338.73987 0.0000010787
0054 000467 -28338.71043 0.0000010389
0055 000475 -28338.68202 0.0000010026
0056 000484 -28338.65454 0.0000009694
Start evaluating ...
  Columns 1 through 7

    0.2135    0.2998    0.3566    0.3974    0.4280    0.4525    0.4712

  Columns 8 through 10

    0.4909    0.5056    0.5189

    0.0650

Elapsed time is 494.502076 seconds.
