nohup: ignoring input

                            < M A T L A B (R) >
                  Copyright 1984-2016 The MathWorks, Inc.
                   R2016a (9.0.0.341360) 64-bit (glnxa64)
                             February 11, 2016

 
To get started, type one of these: helpwin, helpdesk, or demo.
For product information, visit www.mathworks.com.
 

	Academic License

Start learning ...
Init data [Dtype: delicious - Non-Coldstart]
Init social model
Could not use CUDA
Params [lbd-U: 0.1000|lbd-V: 100.0000|lbd-N: -1.0000|lbd-Q: 0.1000]
Staring Sample 7 - Loc: save/sorec/delicious-alg50-sp7-20170416112817838 
SoRec Running ...
export LD_LIBRARY_PATH=../gsldump/lib && ctr-part-sorec/ctr --directory save/sorec/delicious-alg50-sp7-20170416112817838 --b 1 --user data/delicious/ctr-data/sp7/train-users.dat --item data/delicious/ctr-data/sp7/train-items.dat --net data/delicious/ctr-data/net-users.dat --max_iter 200 --num_factors 100 --lambda_v 100.000000 --lambda_u 0.100000 --lambda_q 0.100000 --lambda_s 0.010000 --save_lag 100 --random_seed 123 >> save/sorec/delicious-alg50-sp7-20170416112817838/ctr-log

iter time likelihood converge
0001 000023 -41904.70709 1.0000000000
0002 000047 -28420.86439 0.3217739399
0003 000071 -27325.47541 0.0385417193
0004 000095 -26938.66666 0.0141556091
0005 000118 -26849.54612 0.0033082759
0006 000142 -26778.07469 0.0026619232
0007 000166 -26749.37043 0.0010719315
0008 000189 -26743.13674 0.0002330404
0009 000213 -26743.41062 0.0000102410
0010 000238 -26745.13788 0.0000645865
0011 000262 -26746.90656 0.0000661306
0012 000285 -26748.40212 0.0000559154
0013 000310 -26749.61863 0.0000454798
0014 000334 -26750.63404 0.0000379598
0015 000357 -26751.53593 0.0000337146
0016 000381 -26752.39251 0.0000320201
0017 000405 -26753.24550 0.0000318843
0018 000429 -26754.11340 0.0000324411
0019 000452 -26754.99833 0.0000330763
0020 000476 -26755.89247 0.0000334197
0021 000500 -26756.78321 0.0000332913
0022 000524 -26757.65661 0.0000326423
0023 000548 -26758.49965 0.0000315065
0024 000573 -26759.30144 0.0000299638
0025 000597 -26760.05375 0.0000281142
0026 000620 -26760.75114 0.0000260607
0027 000644 -26761.39069 0.0000238986
0028 000668 -26761.97165 0.0000217092
0029 000692 -26762.49505 0.0000195577
0030 000716 -26762.96321 0.0000174930
0031 000739 -26763.37935 0.0000155490
0032 000763 -26763.74725 0.0000137465
0033 000787 -26764.07098 0.0000120958
0034 000810 -26764.35466 0.0000105991
0035 000848 -26764.60229 0.0000092525
Start evaluating ...
  Columns 1 through 7

    0.0384    0.0683    0.0890    0.1148    0.1324    0.1452    0.1565

  Columns 8 through 10

    0.1646    0.1709    0.1759

    0.0100

Elapsed time is 886.520677 seconds.
