nohup: ignoring input

                            < M A T L A B (R) >
                  Copyright 1984-2016 The MathWorks, Inc.
                   R2016a (9.0.0.341360) 64-bit (glnxa64)
                             February 11, 2016

 
To get started, type one of these: helpwin, helpdesk, or demo.
For product information, visit www.mathworks.com.
 

	Academic License

Start learning ...
Init data [Dtype: delicious - Non-Coldstart]
Init social model
Could not use CUDA
Params [lbd-U: 0.1000|lbd-V: 100.0000|lbd-N: -1.0000|lbd-Q: 0.1000]
Staring Sample 7 - Loc: save/sorec/delicious-alg50-sp7-20170416155413279 
SoRec Running ...
export LD_LIBRARY_PATH=../gsldump/lib && ctr-part-sorec/ctr --directory save/sorec/delicious-alg50-sp7-20170416155413279 --user data/delicious/ctr-data/sp7/train-users.dat --item data/delicious/ctr-data/sp7/train-items.dat --net data/delicious/ctr-data/net-users.dat --max_iter 200 --num_factors 100 --lambda_v 100.000000 --lambda_u 0.100000 --lambda_q 0.100000 --lambda_s 0.010000 --save_lag 100 --random_seed 123 >> save/sorec/delicious-alg50-sp7-20170416155413279/ctr-log

iter time likelihood converge
0001 000042 -35851.79398 1.0000000000
0002 000088 -29489.70508 0.1774552455
0003 000134 -27224.72476 0.0768057978
0004 000179 -19278.99480 0.2918571271
0005 000225 -16156.83084 0.1619464082
0006 000271 -15092.60420 0.0658685264
0007 000316 -14507.33026 0.0387788575
0008 000362 -14135.54640 0.0256273103
0009 000408 -13885.45319 0.0176925040
0010 000453 -13710.39440 0.0126073518
0011 000499 -13583.88688 0.0092271242
0012 000545 -13489.54986 0.0069447740
0013 000590 -13416.70989 0.0053997333
0014 000636 -13358.49361 0.0043390872
0015 000682 -13310.60957 0.0035845394
0016 000727 -13270.51330 0.0030123535
0017 000773 -13236.69932 0.0025480537
0018 000819 -13207.92230 0.0021740336
0019 000865 -13182.92029 0.0018929549
0020 000910 -13160.67156 0.0016876939
0021 000956 -13140.61323 0.0015241114
0022 001002 -13122.52534 0.0013764878
0023 001047 -13106.23206 0.0012416265
0024 001093 -13091.52162 0.0011224005
0025 001139 -13078.24222 0.0010143512
0026 001185 -13066.27558 0.0009150041
0027 001231 -13055.52369 0.0008228732
0028 001276 -13045.97209 0.0007316132
0029 001322 -13037.64354 0.0006384001
0030 001368 -13030.53275 0.0005454046
0031 001414 -13024.59047 0.0004560276
0032 001460 -13019.63879 0.0003801793
0033 001505 -13015.34346 0.0003299119
0034 001551 -13011.38829 0.0003038854
0035 001597 -13007.66130 0.0002864401
0036 001642 -13004.22593 0.0002641039
0037 001688 -13001.14661 0.0002367937
0038 001734 -12998.40962 0.0002105190
0039 001780 -12995.99507 0.0001857576
0040 001825 -12993.93949 0.0001581701
0041 001869 -12992.29869 0.0001262738
0042 001893 -12991.07241 0.0000943851
0043 001918 -12990.17304 0.0000692302
0044 001941 -12989.47144 0.0000540099
0045 001965 -12988.89403 0.0000444525
0046 001989 -12988.48819 0.0000312450
0047 002014 -12988.37038 0.0000090705
Start evaluating ...
  Columns 1 through 7

    0.0807    0.1278    0.1849    0.2438    0.2879    0.3121    0.3250

  Columns 8 through 10

    0.3310    0.3360    0.3386

    0.0223

Elapsed time is 2038.595171 seconds.
