nohup: ignoring input

                            < M A T L A B (R) >
                  Copyright 1984-2016 The MathWorks, Inc.
                   R2016a (9.0.0.341360) 64-bit (glnxa64)
                             February 11, 2016

 
To get started, type one of these: helpwin, helpdesk, or demo.
For product information, visit www.mathworks.com.
 

	Academic License

Start learning ...
Init data [Dtype: lastfm - Non-Coldstart]
Init social model
Using adagrad ...
Could not use CUDA
Params [lbd-U: 0.1000|lbd-V: 100.0000|lbd-N: -1.0000|lbd-Q: 1.0000]
Staring Sample 8 - Loc: save/pmf/lastfm-alg40-sp8-20170416114202610 
PMF with confidence Running ...
export LD_LIBRARY_PATH=../gsldump/lib && ctr-part-pmf/ctr --directory save/pmf/lastfm-alg40-sp8-20170416114202610 --b 1 --user data/lastfm/ctr-data/sp8/train-users.dat --item data/lastfm/ctr-data/sp8/train-items.dat --max_iter 200 --num_factors 100 --lambda_v 100.000000 --lambda_u 0.100000 --save_lag 100 --random_seed 123 >> save/pmf/lastfm-alg40-sp8-20170416114202610/ctr-log

iter time likelihood converge
0001 000016 -37177.83144 1.0000000000
0002 000031 -34167.48291 0.0809716010
0003 000047 -30567.60089 0.1053598834
0004 000063 -28721.44489 0.0603958423
0005 000079 -28570.69907 0.0052485458
0006 000095 -28509.13805 0.0021546906
0007 000110 -28474.95458 0.0011990356
0008 000126 -28454.11908 0.0007317132
0009 000142 -28440.69673 0.0004717189
0010 000158 -28431.67798 0.0003171074
0011 000173 -28425.38939 0.0002211823
0012 000189 -28420.85072 0.0001596695
0013 000205 -28417.46757 0.0001190377
0014 000221 -28414.86946 0.0000914264
0015 000236 -28412.81971 0.0000721366
0016 000252 -28411.16347 0.0000582922
0017 000268 -28409.79705 0.0000480944
0018 000284 -28408.64946 0.0000403941
0019 000299 -28407.67100 0.0000344425
0020 000315 -28406.82611 0.0000297416
0021 000331 -28406.08885 0.0000259534
0022 000347 -28405.43995 0.0000228439
0023 000362 -28404.86478 0.0000202483
0024 000378 -28404.35212 0.0000180484
0025 000394 -28403.89316 0.0000161580
0026 000410 -28403.48091 0.0000145140
0027 000425 -28403.10969 0.0000130694
0028 000441 -28402.77485 0.0000117892
0029 000457 -28402.47244 0.0000106471
0030 000473 -28402.19911 0.0000096233
0031 000488 -28401.95194 0.0000087025
0032 000498 -28401.72834 0.0000078728
0033 000506 -28401.52599 0.0000071244
0034 000514 -28401.34282 0.0000064495
0035 000522 -28401.17692 0.0000058411
0036 000531 -28401.02659 0.0000052932
0037 000539 -28400.89025 0.0000048004
0038 000547 -28400.76649 0.0000043576
0039 000556 -28400.65402 0.0000039602
0040 000564 -28400.55167 0.0000036038
0041 000572 -28400.45839 0.0000032845
0042 000580 -28400.37322 0.0000029986
0043 000588 -28400.29533 0.0000027426
0044 000596 -28400.22395 0.0000025134
0045 000605 -28400.15840 0.0000023082
0046 000613 -28400.09806 0.0000021244
0047 000621 -28400.04241 0.0000019597
0048 000629 -28399.99095 0.0000018119
0049 000637 -28399.94326 0.0000016791
0050 000645 -28399.89897 0.0000015597
0051 000654 -28399.85773 0.0000014522
0052 000662 -28399.81924 0.0000013553
0053 000670 -28399.78323 0.0000012677
0054 000678 -28399.74948 0.0000011885
0055 000686 -28399.71777 0.0000011166
0056 000694 -28399.68791 0.0000010513
0057 000703 -28399.65974 0.0000009919
Start evaluating ...
  Columns 1 through 7

    0.2121    0.2998    0.3550    0.3959    0.4312    0.4569    0.4787

  Columns 8 through 10

    0.4957    0.5108    0.5249

    0.0655

Elapsed time is 711.938290 seconds.
