nohup: ignoring input

                            < M A T L A B (R) >
                  Copyright 1984-2016 The MathWorks, Inc.
                   R2016a (9.0.0.341360) 64-bit (glnxa64)
                             February 11, 2016

 
To get started, type one of these: helpwin, helpdesk, or demo.
For product information, visit www.mathworks.com.
 

	Academic License

Start learning ...
Init data [Dtype: delicious - Non-Coldstart]
Init social model
Could not use CUDA
Params [lbd-U: 0.1000|lbd-V: 100.0000|lbd-N: -1.0000|lbd-Q: 0.1000]
Staring Sample 8 - Loc: save/sorec/delicious-alg50-sp8-20170416155413192 
SoRec Running ...
export LD_LIBRARY_PATH=../gsldump/lib && ctr-part-sorec/ctr --directory save/sorec/delicious-alg50-sp8-20170416155413192 --user data/delicious/ctr-data/sp8/train-users.dat --item data/delicious/ctr-data/sp8/train-items.dat --net data/delicious/ctr-data/net-users.dat --max_iter 200 --num_factors 100 --lambda_v 100.000000 --lambda_u 0.100000 --lambda_q 0.100000 --lambda_s 0.010000 --save_lag 100 --random_seed 123 >> save/sorec/delicious-alg50-sp8-20170416155413192/ctr-log

iter time likelihood converge
0001 000041 -35852.53139 1.0000000000
0002 000087 -29476.66809 0.1778357916
0003 000133 -27264.74219 0.0750398891
0004 000179 -19269.63318 0.2932398536
0005 000225 -16129.02397 0.1629823040
0006 000270 -15067.76395 0.0657981545
0007 000316 -14485.32148 0.0386548715
0008 000362 -14117.76351 0.0253745123
0009 000408 -13871.97672 0.0174097541
0010 000453 -13700.65856 0.0123499453
0011 000499 -13576.90740 0.0090324977
0012 000545 -13483.88026 0.0068518650
0013 000591 -13411.20352 0.0053898979
0014 000636 -13352.63074 0.0043674514
0015 000682 -13304.12457 0.0036327053
0016 000728 -13262.93539 0.0030959707
0017 000774 -13227.29418 0.0026872786
0018 000819 -13196.14472 0.0023549384
0019 000865 -13168.84841 0.0020685065
0020 000911 -13145.08908 0.0018042073
0021 000957 -13124.66664 0.0015536177
0022 001003 -13107.23589 0.0013280906
0023 001048 -13092.31108 0.0011386692
0024 001094 -13079.37435 0.0009881172
0025 001140 -13067.92190 0.0008756110
0026 001186 -13057.53041 0.0007951911
0027 001232 -13047.97823 0.0007315453
0028 001258 -13039.27239 0.0006672180
0029 001283 -13031.47144 0.0005982653
0030 001307 -13024.49518 0.0005353398
0031 001330 -13018.11514 0.0004898494
0032 001354 -13012.07355 0.0004640905
0033 001378 -13006.21907 0.0004499272
0034 001402 -13000.53881 0.0004367336
0035 001432 -12995.11020 0.0004175682
0036 001478 -12990.05951 0.0003886607
0037 001524 -12985.46941 0.0003533549
0038 001569 -12981.29833 0.0003212113
0039 001615 -12977.47047 0.0002948749
0040 001661 -12974.01713 0.0002661031
0041 001707 -12971.06208 0.0002277665
0042 001752 -12968.70220 0.0001819345
0043 001798 -12966.94867 0.0001352125
0044 001844 -12965.74677 0.0000926891
0045 001879 -12965.00111 0.0000575102
0046 001902 -12964.58387 0.0000321823
0047 001927 -12964.35143 0.0000179284
0048 001950 -12964.18937 0.0000125009
0049 001974 -12964.06859 0.0000093163
Start evaluating ...
  Columns 1 through 7

    0.0799    0.1248    0.1843    0.2381    0.2838    0.3123    0.3231

  Columns 8 through 10

    0.3288    0.3328    0.3354

    0.0209

Elapsed time is 1999.232543 seconds.
