nohup: ignoring input

                            < M A T L A B (R) >
                  Copyright 1984-2016 The MathWorks, Inc.
                   R2016a (9.0.0.341360) 64-bit (glnxa64)
                             February 11, 2016

 
To get started, type one of these: helpwin, helpdesk, or demo.
For product information, visit www.mathworks.com.
 

	Academic License

Start learning ...
Init data [Dtype: lastfm - Non-Coldstart]
Init social model
Using adagrad ...
Could not use CUDA
Params [lbd-U: 0.1000|lbd-V: 100.0000|lbd-N: -1.0000|lbd-Q: 1.0000]
Staring Sample 8 - Loc: save/pmf/lastfm-alg40-sp8-20170416155421568 
PMF with confidence Running ...
export LD_LIBRARY_PATH=../gsldump/lib && ctr-part-pmf/ctr --directory save/pmf/lastfm-alg40-sp8-20170416155421568 --user data/lastfm/ctr-data/sp8/train-users.dat --item data/lastfm/ctr-data/sp8/train-items.dat --max_iter 200 --num_factors 100 --lambda_v 100.000000 --lambda_u 0.100000 --save_lag 100 --random_seed 123 >> save/pmf/lastfm-alg40-sp8-20170416155421568/ctr-log

iter time likelihood converge
0001 000014 -35819.79232 1.0000000000
0002 000030 -17916.59783 0.4998129060
0003 000046 -16363.86094 0.0866647176
0004 000061 -16093.46811 0.0165237795
0005 000077 -15983.75367 0.0068173274
0006 000093 -15923.89373 0.0037450485
0007 000109 -15887.90096 0.0022602996
0008 000124 -15864.96414 0.0014436659
0009 000140 -15849.65795 0.0009647795
0010 000156 -15839.00971 0.0006718276
0011 000172 -15831.30813 0.0004862411
0012 000188 -15825.53481 0.0003646777
0013 000203 -15821.06700 0.0002823167
0014 000219 -15817.51387 0.0002245816
0015 000235 -15814.62344 0.0001827363
0016 000251 -15812.22843 0.0001514428
0017 000267 -15810.21437 0.0001273735
0018 000282 -15808.50041 0.0001084081
0019 000298 -15807.02767 0.0000931618
0020 000314 -15805.75197 0.0000807046
0021 000330 -15804.63935 0.0000703932
0022 000345 -15803.66313 0.0000617682
0023 000361 -15802.80195 0.0000544919
0024 000377 -15802.03854 0.0000483089
0025 000393 -15801.35870 0.0000430221
0026 000409 -15800.75072 0.0000384764
0027 000424 -15800.20483 0.0000345483
0028 000440 -15799.71285 0.0000311378
0029 000456 -15799.26787 0.0000281638
0030 000472 -15798.86405 0.0000255596
0031 000488 -15798.49641 0.0000232700
0032 000503 -15798.16070 0.0000212493
0033 000519 -15797.85328 0.0000194592
0034 000535 -15797.57101 0.0000178676
0035 000551 -15797.31118 0.0000164475
0036 000566 -15797.07144 0.0000151760
0037 000582 -15796.84975 0.0000140338
0038 000598 -15796.64432 0.0000130045
0039 000614 -15796.45359 0.0000120741
0040 000630 -15796.27618 0.0000112306
0041 000645 -15796.11089 0.0000104639
0042 000661 -15795.95664 0.0000097652
0043 000677 -15795.81247 0.0000091268
0044 000693 -15795.67754 0.0000085423
0045 000709 -15795.55108 0.0000080060
0046 000725 -15795.43241 0.0000075129
0047 000740 -15795.32092 0.0000070587
0048 000756 -15795.21604 0.0000066395
0049 000772 -15795.11729 0.0000062521
0050 000788 -15795.02420 0.0000058935
0051 000804 -15794.93637 0.0000055610
0052 000820 -15794.85341 0.0000052523
0053 000835 -15794.77498 0.0000049653
0054 000851 -15794.70077 0.0000046982
0055 000867 -15794.63050 0.0000044493
0056 000883 -15794.56389 0.0000042170
0057 000899 -15794.50071 0.0000040001
0058 000914 -15794.44073 0.0000037973
0059 000930 -15794.38375 0.0000036075
0060 000946 -15794.32958 0.0000034297
0061 000962 -15794.27805 0.0000032629
0062 000978 -15794.22898 0.0000031065
0063 000993 -15794.18224 0.0000029595
0064 001009 -15794.13768 0.0000028213
0065 001025 -15794.09518 0.0000026913
0066 001041 -15794.05460 0.0000025689
0067 001053 -15794.01585 0.0000024536
0068 001061 -15793.97881 0.0000023449
0069 001069 -15793.94340 0.0000022423
0070 001078 -15793.90951 0.0000021454
0071 001086 -15793.87708 0.0000020539
0072 001094 -15793.84600 0.0000019674
0073 001102 -15793.81622 0.0000018855
0074 001110 -15793.78767 0.0000018081
0075 001118 -15793.76027 0.0000017347
0076 001127 -15793.73397 0.0000016652
0077 001135 -15793.70871 0.0000015993
0078 001143 -15793.68444 0.0000015368
0079 001151 -15793.66110 0.0000014775
0080 001159 -15793.63866 0.0000014211
0081 001167 -15793.61706 0.0000013676
0082 001176 -15793.59626 0.0000013168
0083 001184 -15793.57623 0.0000012685
0084 001192 -15793.55692 0.0000012225
0085 001200 -15793.53830 0.0000011787
0086 001208 -15793.52035 0.0000011370
0087 001216 -15793.50302 0.0000010973
0088 001225 -15793.48628 0.0000010595
0089 001239 -15793.47012 0.0000010234
0090 001254 -15793.45450 0.0000009890
Start evaluating ...
  Columns 1 through 7

    0.2749    0.3696    0.4303    0.4756    0.5080    0.5341    0.5569

  Columns 8 through 10

    0.5756    0.5919    0.6064

    0.0895

Elapsed time is 1268.178277 seconds.
