nohup: ignoring input

                            < M A T L A B (R) >
                  Copyright 1984-2016 The MathWorks, Inc.
                   R2016a (9.0.0.341360) 64-bit (glnxa64)
                             February 11, 2016

 
To get started, type one of these: helpwin, helpdesk, or demo.
For product information, visit www.mathworks.com.
 

	Academic License

Start learning ...
Init data [Dtype: lastfm - Non-Coldstart]
Init social model
Using adagrad ...
Could not use CUDA
Params [lbd-U: 0.1000|lbd-V: 100.0000|lbd-N: -1.0000|lbd-Q: 0.0100]
Staring Sample 8 - Loc: save/sorec/lastfm-alg50-sp8-20170417105621338 
SoRec Running ...
export LD_LIBRARY_PATH=../gsldump/lib && ctr-part-sorec/ctr --directory save/sorec/lastfm-alg50-sp8-20170417105621338 --user data/lastfm/ctr-data/sp8/train-users.dat --item data/lastfm/ctr-data/sp8/train-items.dat --net data/lastfm/ctr-data/net-users.dat --max_iter 200 --num_factors 100 --lambda_v 100.000000 --lambda_u 0.100000 --lambda_q 0.010000 --lambda_s 0.010000 --save_lag 100 --random_seed 123 >> save/sorec/lastfm-alg50-sp8-20170417105621338/ctr-log

iter time likelihood converge
0001 000008 -22276.74148 1.0000000000
0002 000017 3287.46641 1.1475739354
0003 000025 5591.81066 0.7009483773
0004 000033 5974.57310 0.0684505369
0005 000042 6144.59523 0.0284576210
0006 000050 6238.82126 0.0153347816
0007 000058 6296.78033 0.0092900670
0008 000067 6335.65192 0.0061732492
0009 000075 6363.69012 0.0044254635
0010 000083 6385.14610 0.0033716253
0011 000092 6402.33322 0.0026917347
0012 000100 6416.57453 0.0022243943
0013 000108 6428.66718 0.0018845957
0014 000117 6439.11978 0.0016259361
0015 000125 6448.27662 0.0014220635
0016 000133 6456.38361 0.0012572342
0017 000142 6463.62416 0.0011214551
0018 000150 6470.13936 0.0010079807
0019 000158 6476.04022 0.0009120143
0020 000167 6481.41542 0.0008300124
0021 000175 6486.33669 0.0007592902
0022 000183 6490.86271 0.0006977772
0023 000192 6495.04189 0.0006438559
0024 000200 6498.91455 0.0005962483
0025 000208 6502.51452 0.0005539344
0026 000217 6505.87042 0.0005160931
0027 000225 6509.00663 0.0004820582
0028 000234 6511.94405 0.0004512858
0029 000242 6514.70075 0.0004233294
0030 000250 6517.29243 0.0003978206
0031 000259 6519.73286 0.0003744538
0032 000267 6522.03416 0.0003529741
0033 000275 6524.20708 0.0003331673
0034 000284 6526.26125 0.0003148524
0035 000292 6528.20526 0.0002978750
0036 000301 6530.04688 0.0002821022
0037 000309 6531.79314 0.0002674189
0038 000318 6533.45041 0.0002537245
0039 000326 6535.02452 0.0002409305
0040 000335 6536.52077 0.0002289585
0041 000343 6537.94402 0.0002177387
0042 000352 6539.29874 0.0002072088
0043 000361 6540.58903 0.0001973130
0044 000369 6541.81867 0.0001880009
0045 000378 6542.99114 0.0001792273
0046 000386 6544.10967 0.0001709515
0047 000394 6545.17726 0.0001631364
0048 000403 6546.19666 0.0001557486
0049 000412 6547.17046 0.0001487579
0050 000420 6548.10105 0.0001421367
0051 000429 6548.99068 0.0001358602
0052 000437 6549.84143 0.0001299056
0053 000446 6550.65526 0.0001242521
0054 000454 6551.43401 0.0001188810
0055 000463 6552.17940 0.0001137750
0056 000471 6552.89305 0.0001089181
0057 000480 6553.57649 0.0001042959
0058 000488 6554.23116 0.0000998951
0059 000497 6554.85842 0.0000957034
0060 000505 6555.45956 0.0000917094
0061 000514 6556.03580 0.0000879025
0062 000522 6556.58830 0.0000842731
0063 000531 6557.11815 0.0000808121
0064 000539 6557.62640 0.0000775109
0065 000548 6558.11404 0.0000743618
0066 000556 6558.58201 0.0000713572
0067 000565 6559.03121 0.0000684903
0068 000574 6559.46249 0.0000657545
0069 000582 6559.87668 0.0000631435
0070 000591 6560.27455 0.0000606516
0071 000599 6560.65683 0.0000582731
0072 000608 6561.02425 0.0000560028
0073 000616 6561.37747 0.0000538357
0074 000625 6561.71713 0.0000517671
0075 000633 6562.04385 0.0000497923
0076 000642 6562.35822 0.0000479069
0077 000650 6562.66079 0.0000461070
0078 000659 6562.95210 0.0000443883
0079 000667 6563.23264 0.0000427473
0080 000676 6563.50292 0.0000411801
0081 000684 6563.76338 0.0000396834
0082 000693 6564.01447 0.0000382538
0083 000701 6564.25660 0.0000368881
0084 000710 6564.49018 0.0000355832
0085 000718 6564.71558 0.0000343362
0086 000727 6564.93316 0.0000331443
0087 000735 6565.14327 0.0000320049
0088 000744 6565.34624 0.0000309153
0089 000752 6565.54236 0.0000298732
0090 000761 6565.73195 0.0000288762
0091 000770 6565.91528 0.0000279221
0092 000778 6566.09262 0.0000270088
0093 000787 6566.26422 0.0000261342
0094 000795 6566.43032 0.0000252964
0095 000804 6566.59116 0.0000244936
0096 000812 6566.74694 0.0000237240
0097 000821 6566.89788 0.0000229860
0098 000830 6567.04418 0.0000222779
0099 000838 6567.18602 0.0000215984
0100 000846 6567.32358 0.0000209459
0101 000856 6567.45702 0.0000203192
0102 000865 6567.58651 0.0000197168
0103 000873 6567.71220 0.0000191377
0104 000882 6567.83423 0.0000185806
0105 000890 6567.95274 0.0000180445
0106 000899 6568.06787 0.0000175283
0107 000908 6568.17973 0.0000170310
0108 000916 6568.28844 0.0000165517
0109 000925 6568.39412 0.0000160896
0110 000933 6568.49688 0.0000156437
0111 000942 6568.59681 0.0000152134
0112 000950 6568.69401 0.0000147978
0113 000959 6568.78857 0.0000143963
0114 000967 6568.88059 0.0000140082
0115 000975 6568.97014 0.0000136328
0116 000984 6569.05731 0.0000132696
0117 000991 6569.14217 0.0000129181
0118 001000 6569.22479 0.0000125776
0119 001008 6569.30525 0.0000122477
0120 001015 6569.38361 0.0000119280
0121 001023 6569.45993 0.0000116179
0122 001031 6569.53428 0.0000113171
0123 001039 6569.60671 0.0000110251
0124 001046 6569.67728 0.0000107417
0125 001054 6569.74604 0.0000104663
0126 001061 6569.81304 0.0000101988
0127 001068 6569.87834 0.0000099388
Start evaluating ...
  Columns 1 through 7

    0.2760    0.3693    0.4326    0.4758    0.5083    0.5344    0.5570

  Columns 8 through 10

    0.5767    0.5924    0.6066

    0.0897

Elapsed time is 1078.777022 seconds.
