nohup: ignoring input

                            < M A T L A B (R) >
                  Copyright 1984-2016 The MathWorks, Inc.
                   R2016a (9.0.0.341360) 64-bit (glnxa64)
                             February 11, 2016

 
To get started, type one of these: helpwin, helpdesk, or demo.
For product information, visit www.mathworks.com.
 

	Academic License

Start learning ...
Init data [Dtype: lastfm - Non-Coldstart]
Init social model
Using adagrad ...
Could not use CUDA
Params [lbd-U: 0.1000|lbd-V: 100.0000|lbd-N: -1.0000|lbd-Q: 1.0000]
Staring Sample 8 - Loc: save/sorec/lastfm-alg50-sp8-20170416155421242 
SoRec Running ...
export LD_LIBRARY_PATH=../gsldump/lib && ctr-part-sorec/ctr --directory save/sorec/lastfm-alg50-sp8-20170416155421242 --user data/lastfm/ctr-data/sp8/train-users.dat --item data/lastfm/ctr-data/sp8/train-items.dat --net data/lastfm/ctr-data/net-users.dat --max_iter 200 --num_factors 100 --lambda_v 100.000000 --lambda_u 0.100000 --lambda_q 1.000000 --lambda_s 0.010000 --save_lag 100 --random_seed 123 >> save/sorec/lastfm-alg50-sp8-20170416155421242/ctr-log

iter time likelihood converge
0001 000016 -13805.15245 1.0000000000
0002 000032 -1833.66785 0.8671751103
0003 000049 3368.04008 2.8367776269
0004 000065 5453.17329 0.6190939397
0005 000081 6418.84349 0.1770840850
0006 000097 6943.93074 0.0818040264
0007 000113 7286.93780 0.0493966720
0008 000130 7497.43545 0.0288869830
0009 000146 7592.93923 0.0127381924
0010 000162 7658.22633 0.0085983968
0011 000178 7725.76286 0.0088188215
0012 000195 7781.26640 0.0071842140
0013 000211 7811.43943 0.0038776504
0014 000227 7831.32217 0.0025453363
0015 000243 7848.41299 0.0021823677
0016 000259 7868.27876 0.0025311829
0017 000276 7898.44157 0.0038334690
0018 000292 7932.86659 0.0043584575
0019 000308 7953.93820 0.0026562425
0020 000324 7965.79895 0.0014911796
0021 000341 7974.51711 0.0010944482
0022 000357 7981.79879 0.0009131186
0023 000373 7988.17716 0.0007991145
0024 000389 7993.89601 0.0007159141
0025 000406 7999.09585 0.0006504765
0026 000422 8003.86885 0.0005966926
0027 000438 8008.28057 0.0005511988
0028 000454 8012.38034 0.0005119403
0029 000470 8016.20677 0.0004775655
0030 000487 8019.79110 0.0004471347
0031 000503 8023.15913 0.0004199651
0032 000519 8026.33264 0.0003955435
0033 000535 8029.33026 0.0003734733
0034 000551 8032.16817 0.0003534437
0035 000568 8034.86064 0.0003352101
0036 000584 8037.42042 0.0003185851
0037 000600 8039.85929 0.0003034385
0038 000616 8042.18853 0.0002897122
0039 000633 8044.41995 0.0002774638
0040 000649 8046.56763 0.0002669780
0041 000665 8048.65216 0.0002590581
0042 000681 8050.71128 0.0002558336
0043 000697 8052.83007 0.0002631812
0044 000714 8055.23448 0.0002985794
0045 000730 8058.59775 0.0004175261
0046 000746 8064.96858 0.0007905631
0047 000762 8079.08884 0.0017508135
0048 000779 8102.32607 0.0028762199
0049 000795 8120.50885 0.0022441430
0050 000811 8128.35662 0.0009664135
0051 000827 8132.49716 0.0005093938
0052 000844 8135.97467 0.0004276071
0053 000860 8140.17086 0.0005157582
0054 000876 8147.17250 0.0008601335
0055 000892 8160.32150 0.0016139339
0056 000909 8179.44523 0.0023435021
0057 000925 8197.37457 0.0021919997
0058 000941 8214.15418 0.0020469499
0059 000957 8232.26343 0.0022046398
0060 000973 8245.46375 0.0016034854
0061 000990 8252.18060 0.0008146120
0062 001006 8256.03978 0.0004676560
0063 001022 8258.98751 0.0003570387
0064 001038 8261.79862 0.0003403701
0065 001054 8265.20698 0.0004125443
0066 001071 8270.57294 0.0006492230
0067 001087 8279.97252 0.0011365083
0068 001103 8293.21345 0.0015991520
0069 001119 8304.59935 0.0013729175
0070 001135 8311.01141 0.0007721090
0071 001152 8314.81266 0.0004573754
0072 001168 8318.10532 0.0003959991
0073 001184 8322.21978 0.0004946401
0074 001200 8328.73689 0.0007830964
0075 001216 8338.92224 0.0012229165
0076 001233 8351.07603 0.0014574774
0077 001249 8362.02292 0.0013108363
0078 001265 8372.12888 0.0012085545
0079 001281 8381.87437 0.0011640394
0080 001297 8389.39330 0.0008970464
0081 001313 8394.10297 0.0005613837
0082 001330 8397.10874 0.0003580812
0083 001346 8399.30398 0.0002614278
0084 001362 8401.08135 0.0002116103
0085 001378 8402.60945 0.0001818927
0086 001394 8403.98125 0.0001632590
0087 001408 8405.27110 0.0001534812
0088 001417 8406.56893 0.0001544057
0089 001426 8408.02421 0.0001731124
0090 001435 8409.91971 0.0002254401
0091 001443 8412.75419 0.0003370402
0092 001457 8417.12625 0.0005196934
0093 001466 8422.99028 0.0006966793
0094 001475 8428.88502 0.0006998394
0095 001484 8433.22444 0.0005148272
0096 001492 8435.95418 0.0003236880
0097 001501 8437.76809 0.0002150217
0098 001510 8439.14630 0.0001633381
0099 001519 8440.30602 0.0001374220
0100 001527 8441.35043 0.0001237406
0101 001537 8442.35088 0.0001185178
0102 001545 8443.38964 0.0001230418
0103 001554 8444.60226 0.0001436174
0104 001563 8446.24137 0.0001941008
0105 001571 8448.74536 0.0002964626
0106 001580 8452.64820 0.0004619433
0107 001588 8457.99416 0.0006324593
0108 001597 8463.66820 0.0006708493
0109 001605 8468.33296 0.0005511516
0110 001614 8471.99937 0.0004329546
0111 001622 8475.58830 0.0004236233
0112 001631 8479.78643 0.0004953196
0113 001639 8484.43542 0.0005482440
0114 001648 8488.63936 0.0004954882
0115 001656 8491.74555 0.0003659241
0116 001664 8493.85910 0.0002488942
0117 001673 8495.36717 0.0001775480
0118 001681 8496.54589 0.0001387486
0119 001690 8497.53518 0.0001164340
0120 001698 8498.40329 0.0001021607
0121 001707 8499.18758 0.0000922865
0122 001715 8499.91277 0.0000853249
0123 001724 8500.59996 0.0000808466
0124 001732 8501.27348 0.0000792317
0125 001741 8501.97013 0.0000819466
0126 001749 8502.75576 0.0000924060
0127 001758 8503.75569 0.0001176004
0128 001766 8505.19962 0.0001697989
0129 001775 8507.43797 0.0002631749
0130 001783 8510.76909 0.0003915537
0131 001792 8514.93915 0.0004899749
0132 001800 8518.91433 0.0004668471
0133 001808 8521.78794 0.0003373216
0134 001817 8523.56553 0.0002085934
0135 001825 8524.68655 0.0001315201
0136 001834 8525.47963 0.0000930335
0137 001845 8526.10314 0.0000731346
0138 001854 8526.62712 0.0000614566
0139 001863 8527.08579 0.0000537919
0140 001872 8527.49929 0.0000484933
0141 001880 8527.88278 0.0000449703
0142 001888 8528.25141 0.0000432265
0143 001901 8528.62541 0.0000438540
0144 001909 8529.03767 0.0000483392
0145 001918 8529.54694 0.0000597103
0146 001926 8530.25834 0.0000834040
0147 001934 8531.34315 0.0001271718
0148 001943 8533.01621 0.0001961074
0149 001951 8535.39078 0.0002782804
0150 001959 8538.23608 0.0003333528
0151 001968 8540.97530 0.0003208182
0152 001976 8543.12384 0.0002515566
0153 001985 8544.61419 0.0001744505
0154 001993 8545.63499 0.0001194668
0155 002002 8546.37894 0.0000870565
0156 002010 8546.96522 0.0000686000
0157 002019 8547.45799 0.0000576545
0158 002028 8547.89385 0.0000509922
0159 002036 8548.29874 0.0000473672
0160 002045 8548.69819 0.0000467294
0161 002053 8549.12613 0.0000500587
0162 002062 8549.63593 0.0000596317
0163 002071 8550.31541 0.0000794746
0164 002080 8551.30035 0.0001151934
0165 002088 8552.76233 0.0001709657
0166 002097 8554.82516 0.0002411895
0167 002105 8557.41644 0.0003029025
0168 002114 8560.24088 0.0003300574
0169 002123 8563.03735 0.0003266807
0170 002131 8565.79858 0.0003224601
0171 002140 8568.59077 0.0003259689
0172 002149 8571.26616 0.0003122325
0173 002158 8573.52411 0.0002634320
0174 002166 8575.20981 0.0001966179
0175 002175 8576.40222 0.0001390532
0176 002183 8577.26533 0.0001006369
0177 002192 8577.92898 0.0000773737
0178 002201 8578.46983 0.0000630510
0179 002210 8578.92951 0.0000535851
0180 002218 8579.33137 0.0000468433
0181 002227 8579.68973 0.0000417699
0182 002235 8580.01434 0.0000378345
0183 002243 8580.31268 0.0000347719
0184 002252 8580.59133 0.0000324754
0185 002260 8580.85703 0.0000309649
0186 002269 8581.11790 0.0000304014
0187 002277 8581.38513 0.0000311421
0188 002286 8581.67556 0.0000338437
0189 002294 8582.01550 0.0000396120
0190 002302 8582.44581 0.0000501419
0191 002311 8583.02617 0.0000676211
0192 002319 8583.83147 0.0000938248
0193 002328 8584.92710 0.0001276391
0194 002336 8586.31454 0.0001616132
0195 002344 8587.87868 0.0001821666
0196 002353 8589.41474 0.0001788643
0197 002361 8590.75251 0.0001557460
0198 002370 8591.85687 0.0001285517
0199 002379 8592.81145 0.0001111039
0200 002387 8593.74555 0.0001087067
Start evaluating ...
  Columns 1 through 7

    0.2641    0.3588    0.4194    0.4643    0.4964    0.5234    0.5454

  Columns 8 through 10

    0.5663    0.5826    0.5978

    0.0847

Elapsed time is 2399.161755 seconds.
