nohup: ignoring input

                            < M A T L A B (R) >
                  Copyright 1984-2016 The MathWorks, Inc.
                   R2016a (9.0.0.341360) 64-bit (glnxa64)
                             February 11, 2016

 
To get started, type one of these: helpwin, helpdesk, or demo.
For product information, visit www.mathworks.com.
 

	Academic License

Start learning ...
Init data [Dtype: delicious - Non-Coldstart]
Init social model
Could not use CUDA
Params [lbd-U: 0.1000|lbd-V: 100.0000|lbd-N: -1.0000|lbd-Q: 0.1000]
Staring Sample 8 - Loc: save/pmf/delicious-alg40-sp8-20170416112819233 
PMF with confidence Running ...
export LD_LIBRARY_PATH=../gsldump/lib && ctr-part-pmf/ctr --directory save/pmf/delicious-alg40-sp8-20170416112819233 --b 1 --user data/delicious/ctr-data/sp8/train-users.dat --item data/delicious/ctr-data/sp8/train-items.dat --max_iter 200 --num_factors 100 --lambda_v 100.000000 --lambda_u 0.100000 --save_lag 100 --random_seed 123 >> save/pmf/delicious-alg40-sp8-20170416112819233/ctr-log

iter time likelihood converge
0001 000027 -41888.49248 1.0000000000
0002 000053 -41888.00525 0.0000116317
0003 000080 -41844.11022 0.0010479140
0004 000106 -40330.60049 0.0361701976
0005 000133 -39507.33387 0.0204129521
0006 000160 -39426.80746 0.0020382648
0007 000186 -39377.00513 0.0012631590
0008 000213 -39343.90693 0.0008405465
0009 000241 -39320.85786 0.0005858359
0010 000267 -39304.12146 0.0004256367
0011 000294 -39291.52790 0.0003204131
0012 000321 -39281.77024 0.0002483400
0013 000348 -39274.02989 0.0001970470
0014 000375 -39267.77350 0.0001593008
0015 000402 -39262.64007 0.0001307288
0016 000428 -39258.37638 0.0001085941
0017 000455 -39254.79908 0.0000911220
0018 000482 -39251.77173 0.0000771206
0019 000508 -39249.19043 0.0000657626
0020 000535 -39246.97457 0.0000564563
0021 000563 -39245.06062 0.0000487668
0022 000590 -39243.39791 0.0000423673
0023 000617 -39241.94561 0.0000370075
0024 000644 -39240.67054 0.0000324925
0025 000670 -39239.54556 0.0000286687
0026 000697 -39238.54833 0.0000254137
0027 000724 -39237.66040 0.0000226292
0028 000750 -39236.86639 0.0000202358
0029 000777 -39236.15351 0.0000181688
0030 000803 -39235.51099 0.0000163755
0031 000840 -39234.92981 0.0000148128
0032 000891 -39234.40230 0.0000134448
0033 000942 -39233.92198 0.0000122424
0034 000994 -39233.48330 0.0000111811
0035 001045 -39233.08152 0.0000102407
0036 001096 -39232.71257 0.0000094042
0037 001148 -39232.37291 0.0000086575
0038 001199 -39232.05949 0.0000079887
0039 001248 -39231.76965 0.0000073878
0040 001275 -39231.50107 0.0000068461
0041 001302 -39231.25170 0.0000063564
0042 001330 -39231.01974 0.0000059126
0043 001357 -39230.80360 0.0000055093
0044 001384 -39230.60188 0.0000051419
0045 001410 -39230.41332 0.0000048064
0046 001437 -39230.23681 0.0000044994
0047 001464 -39230.07134 0.0000042179
0048 001491 -39229.91602 0.0000039592
0049 001517 -39229.77004 0.0000037211
0050 001546 -39229.63268 0.0000035014
0051 001573 -39229.50328 0.0000032985
0052 001600 -39229.38125 0.0000031108
0053 001627 -39229.26604 0.0000029368
0054 001654 -39229.15717 0.0000027753
0055 001681 -39229.05418 0.0000026252
0056 001707 -39228.95668 0.0000024854
0057 001735 -39228.86429 0.0000023552
0058 001762 -39228.77666 0.0000022337
0059 001789 -39228.69349 0.0000021202
0060 001816 -39228.61448 0.0000020141
0061 001843 -39228.53937 0.0000019147
0062 001870 -39228.46791 0.0000018215
0063 001897 -39228.39988 0.0000017342
0064 001924 -39228.33507 0.0000016521
0065 001951 -39228.27329 0.0000015750
0066 001981 -39228.21435 0.0000015025
0067 002008 -39228.15808 0.0000014343
0068 002035 -39228.10434 0.0000013699
0069 002062 -39228.05298 0.0000013093
0070 002089 -39228.00386 0.0000012522
0071 002116 -39227.95686 0.0000011982
0072 002143 -39227.91186 0.0000011472
0073 002170 -39227.86874 0.0000010990
0074 002198 -39227.82742 0.0000010534
0075 002225 -39227.78779 0.0000010103
0076 002252 -39227.74976 0.0000009695
Start evaluating ...
  Columns 1 through 7

    0.0358    0.0596    0.0818    0.1051    0.1228    0.1370    0.1454

  Columns 8 through 10

    0.1529    0.1600    0.1657

    0.0074

Elapsed time is 2272.429763 seconds.
