nohup: ignoring input

                            < M A T L A B (R) >
                  Copyright 1984-2016 The MathWorks, Inc.
                   R2016a (9.0.0.341360) 64-bit (glnxa64)
                             February 11, 2016

 
To get started, type one of these: helpwin, helpdesk, or demo.
For product information, visit www.mathworks.com.
 

	Academic License

Start learning ...
Init data [Dtype: delicious - Non-Coldstart]
Init social model
Could not use CUDA
Params [lbd-U: 0.1000|lbd-V: 100.0000|lbd-N: -1.0000|lbd-Q: 0.1000]
Staring Sample 9 - Loc: save/sorec/delicious-alg50-sp9-20170416112817634 
SoRec Running ...
export LD_LIBRARY_PATH=../gsldump/lib && ctr-part-sorec/ctr --directory save/sorec/delicious-alg50-sp9-20170416112817634 --b 1 --user data/delicious/ctr-data/sp9/train-users.dat --item data/delicious/ctr-data/sp9/train-items.dat --net data/delicious/ctr-data/net-users.dat --max_iter 200 --num_factors 100 --lambda_v 100.000000 --lambda_u 0.100000 --lambda_q 0.100000 --lambda_s 0.010000 --save_lag 100 --random_seed 123 >> save/sorec/delicious-alg50-sp9-20170416112817634/ctr-log

iter time likelihood converge
0001 000024 -41934.73514 1.0000000000
0002 000048 -28448.01124 0.3216122353
0003 000072 -27351.89314 0.0385305703
0004 000096 -26974.56775 0.0137952201
0005 000120 -26879.85571 0.0035111607
0006 000144 -26819.38949 0.0022494995
0007 000167 -26799.84483 0.0007287510
0008 000191 -26798.96881 0.0000326876
0009 000215 -26801.82964 0.0001067515
0010 000240 -26804.48790 0.0000991819
0011 000264 -26806.38025 0.0000705985
0012 000288 -26807.73043 0.0000503676
0013 000313 -26808.80187 0.0000399678
0014 000336 -26809.75176 0.0000354320
0015 000361 -26810.65003 0.0000335054
0016 000385 -26811.51794 0.0000323719
0017 000409 -26812.35238 0.0000311224
0018 000433 -26813.13877 0.0000293292
0019 000457 -26813.85858 0.0000268457
0020 000481 -26814.49416 0.0000237034
0021 000505 -26815.03153 0.0000200403
0022 000529 -26815.46176 0.0000160443
0023 000553 -26815.78117 0.0000119112
0024 000577 -26815.99078 0.0000078168
Start evaluating ...
  Columns 1 through 7

    0.0453    0.0717    0.0910    0.1152    0.1323    0.1462    0.1555

  Columns 8 through 10

    0.1643    0.1704    0.1772

    0.0104

Elapsed time is 601.914836 seconds.
