nohup: ignoring input

                            < M A T L A B (R) >
                  Copyright 1984-2016 The MathWorks, Inc.
                   R2016a (9.0.0.341360) 64-bit (glnxa64)
                             February 11, 2016

 
To get started, type one of these: helpwin, helpdesk, or demo.
For product information, visit www.mathworks.com.
 

	Academic License

Start learning ...
Init data [Dtype: lastfm - Non-Coldstart]
Init social model
Using adagrad ...
Could not use CUDA
Params [lbd-U: 0.1000|lbd-V: 100.0000|lbd-N: -1.0000|lbd-Q: 0.0100]
Staring Sample 9 - Loc: save/sorec/lastfm-alg50-sp9-20170417105621418 
SoRec Running ...
export LD_LIBRARY_PATH=../gsldump/lib && ctr-part-sorec/ctr --directory save/sorec/lastfm-alg50-sp9-20170417105621418 --user data/lastfm/ctr-data/sp9/train-users.dat --item data/lastfm/ctr-data/sp9/train-items.dat --net data/lastfm/ctr-data/net-users.dat --max_iter 200 --num_factors 100 --lambda_v 100.000000 --lambda_u 0.100000 --lambda_q 0.010000 --lambda_s 0.010000 --save_lag 100 --random_seed 123 >> save/sorec/lastfm-alg50-sp9-20170417105621418/ctr-log

iter time likelihood converge
0001 000008 -22397.72357 1.0000000000
0002 000017 3320.72105 1.1482615426
0003 000025 5594.82846 0.6848233810
0004 000033 5965.81298 0.0663084711
0005 000042 6130.29316 0.0275704542
0006 000050 6221.85956 0.0149367095
0007 000059 6278.63101 0.0091245136
0008 000067 6317.15245 0.0061353249
0009 000075 6345.33944 0.0044619779
0010 000084 6367.21124 0.0034469076
0011 000092 6384.91637 0.0027806725
0012 000100 6399.67516 0.0023115092
0013 000109 6412.23392 0.0019624048
0014 000117 6423.08586 0.0016923813
0015 000126 6432.57972 0.0014780831
0016 000134 6440.97451 0.0013050432
0017 000142 6448.46883 0.0011635381
0018 000151 6455.21770 0.0010465850
0019 000159 6461.34326 0.0009489320
0020 000168 6466.94211 0.0008665142
0021 000176 6472.09068 0.0007961363
0022 000184 6476.84942 0.0007352711
0023 000193 6481.26612 0.0006819220
0024 000201 6485.37863 0.0006345222
0025 000210 6489.21704 0.0005918555
0026 000218 6492.80552 0.0005529918
0027 000226 6496.16381 0.0005172323
0028 000235 6499.30836 0.0004840618
0029 000243 6502.25324 0.0004531079
0030 000252 6505.01089 0.0004241060
0031 000260 6507.59253 0.0003968703
0032 000268 6510.00861 0.0003712700
0033 000277 6512.26895 0.0003472108
0034 000285 6514.38297 0.0003246212
0035 000293 6516.35971 0.0003034422
0036 000302 6518.20788 0.0002836203
0037 000310 6519.93588 0.0002651035
0038 000319 6521.55177 0.0002478384
0039 000327 6523.06327 0.0002317693
0040 000335 6524.47772 0.0002168383
0041 000344 6525.80209 0.0002029852
0042 000352 6527.04296 0.0001901486
0043 000360 6528.20652 0.0001782666
0044 000369 6529.29854 0.0001672778
0045 000377 6530.32444 0.0001571219
0046 000385 6531.28923 0.0001477407
0047 000394 6532.19759 0.0001390778
0048 000402 6533.05383 0.0001310800
0049 000410 6533.86195 0.0001236966
0050 000419 6534.62563 0.0001168800
0051 000427 6535.34826 0.0001105857
0052 000436 6536.03298 0.0001047722
0053 000444 6536.68267 0.0000994005
0054 000452 6537.29996 0.0000944348
0055 000461 6537.88728 0.0000898417
0056 000469 6538.44686 0.0000855900
0057 000477 6538.98073 0.0000816512
0058 000486 6539.49076 0.0000779986
0059 000494 6539.97866 0.0000746076
0060 000502 6540.44598 0.0000714555
0061 000511 6540.89414 0.0000685213
0062 000519 6541.32443 0.0000657854
0063 000528 6541.73804 0.0000632301
0064 000536 6542.13603 0.0000608388
0065 000544 6542.51938 0.0000585965
0066 000553 6542.88896 0.0000564893
0067 000561 6543.24558 0.0000545045
0068 000570 6543.58995 0.0000526306
0069 000578 6543.92274 0.0000508570
0070 000586 6544.24453 0.0000491742
0071 000595 6544.55586 0.0000475736
0072 000603 6544.85723 0.0000460475
0073 000611 6545.14905 0.0000445890
0074 000620 6545.43175 0.0000431918
0075 000628 6545.70568 0.0000418505
0076 000637 6545.97117 0.0000405601
0077 000645 6546.22854 0.0000393163
0078 000653 6546.47805 0.0000381153
0079 000662 6546.71997 0.0000369539
0080 000670 6546.95453 0.0000358291
0081 000679 6547.18196 0.0000347385
0082 000687 6547.40247 0.0000336797
0083 000695 6547.61625 0.0000326511
0084 000704 6547.82349 0.0000316509
0085 000712 6548.02436 0.0000306778
0086 000721 6548.21904 0.0000297305
0087 000729 6548.40768 0.0000288081
0088 000737 6548.59044 0.0000279097
0089 000746 6548.76748 0.0000270345
0090 000754 6548.93894 0.0000261819
0091 000763 6549.10496 0.0000253512
0092 000771 6549.26569 0.0000245421
0093 000779 6549.42126 0.0000237540
0094 000788 6549.57181 0.0000229866
0095 000796 6549.71747 0.0000222393
0096 000805 6549.85837 0.0000215120
0097 000813 6549.99463 0.0000208043
0098 000821 6550.12639 0.0000201158
0099 000830 6550.25377 0.0000194462
0100 000838 6550.37688 0.0000187953
0101 000848 6550.49585 0.0000181626
0102 000856 6550.61080 0.0000175479
0103 000864 6550.72184 0.0000169509
0104 000873 6550.82908 0.0000163713
0105 000881 6550.93264 0.0000158087
0106 000889 6551.03263 0.0000152627
0107 000898 6551.12914 0.0000147332
0108 000906 6551.22230 0.0000142196
0109 000914 6551.31219 0.0000137217
0110 000922 6551.39893 0.0000132392
0111 000930 6551.48260 0.0000127716
0112 000938 6551.56330 0.0000123186
0113 000947 6551.64114 0.0000118800
0114 000955 6551.71619 0.0000114552
0115 000963 6551.78854 0.0000110440
0116 000972 6551.85830 0.0000106461
0117 000981 6551.92552 0.0000102610
0118 000989 6551.99031 0.0000098884
Start evaluating ...
  Columns 1 through 7

    0.2778    0.3705    0.4302    0.4730    0.5070    0.5338    0.5568

  Columns 8 through 10

    0.5772    0.5965    0.6092

    0.0914

Elapsed time is 998.905705 seconds.
