nohup: ignoring input

                            < M A T L A B (R) >
                  Copyright 1984-2016 The MathWorks, Inc.
                   R2016a (9.0.0.341360) 64-bit (glnxa64)
                             February 11, 2016

 
To get started, type one of these: helpwin, helpdesk, or demo.
For product information, visit www.mathworks.com.
 

	Academic License

Start learning ...
Init data [Dtype: delicious - Non-Coldstart]
Init social model
Could not use CUDA
Params [lbd-U: 0.1000|lbd-V: 100.0000|lbd-N: -1.0000|lbd-Q: 0.1000]
Staring Sample 9 - Loc: save/sorec/delicious-alg50-sp9-20170416155413534 
SoRec Running ...
export LD_LIBRARY_PATH=../gsldump/lib && ctr-part-sorec/ctr --directory save/sorec/delicious-alg50-sp9-20170416155413534 --user data/delicious/ctr-data/sp9/train-users.dat --item data/delicious/ctr-data/sp9/train-items.dat --net data/delicious/ctr-data/net-users.dat --max_iter 200 --num_factors 100 --lambda_v 100.000000 --lambda_u 0.100000 --lambda_q 0.100000 --lambda_s 0.010000 --save_lag 100 --random_seed 123 >> save/sorec/delicious-alg50-sp9-20170416155413534/ctr-log

iter time likelihood converge
0001 000045 -35931.65580 1.0000000000
0002 000091 -29525.50051 0.1782872273
0003 000137 -27288.95064 0.0757497701
0004 000182 -19337.19425 0.2913910650
0005 000228 -16191.48576 0.1626765727
0006 000274 -15116.48195 0.0663931543
0007 000320 -14530.20503 0.0387839524
0008 000366 -14161.81468 0.0253534177
0009 000412 -13912.98700 0.0175703241
0010 000457 -13737.50141 0.0126130785
0011 000503 -13610.47878 0.0092464139
0012 000549 -13515.62865 0.0069689052
0013 000595 -13441.91407 0.0054540253
0014 000641 -13382.66470 0.0044078071
0015 000686 -13333.97049 0.0036386038
0016 000725 -13293.15412 0.0030610815
0017 000749 -13258.12459 0.0026351557
0018 000774 -13227.50684 0.0023093575
0019 000798 -13200.72541 0.0020246765
0020 000821 -13177.56932 0.0017541535
0021 000845 -13157.73474 0.0015051773
0022 000869 -13140.79220 0.0012876488
0023 000893 -13126.31200 0.0011019275
0024 000917 -13113.86873 0.0009479635
0025 000940 -13102.97131 0.0008309846
0026 000964 -13093.04526 0.0007575414
0027 000988 -13083.54646 0.0007254849
0028 001012 -13074.17957 0.0007159291
0029 001036 -13065.04803 0.0006984406
0030 001060 -13056.55792 0.0006498335
0031 001084 -13049.11935 0.0005697195
0032 001108 -13042.89467 0.0004770189
0033 001131 -13037.76067 0.0003936241
0034 001155 -13033.41562 0.0003332665
0035 001179 -13029.54154 0.0002972420
0036 001203 -13025.94054 0.0002763723
0037 001226 -13022.56148 0.0002594102
0038 001253 -13019.45570 0.0002384920
0039 001278 -13016.70988 0.0002109011
0040 001302 -13014.37155 0.0001796411
0041 001325 -13012.41224 0.0001505492
0042 001349 -13010.74380 0.0001282198
0043 001373 -13009.27806 0.0001126555
0044 001397 -13007.98776 0.0000991832
0045 001421 -13006.90864 0.0000829583
0046 001449 -13006.09567 0.0000625034
0047 001474 -13005.59295 0.0000386522
0048 001505 -13005.43273 0.0000123198
0049 001534 -13005.63845 0.0000158186
0050 001558 -13006.21789 0.0000445527
0051 001583 -13007.14942 0.0000716216
0052 001607 -13008.36969 0.0000938155
0053 001631 -13009.77272 0.0001078563
0054 001654 -13011.23179 0.0001121512
0055 001678 -13012.64499 0.0001086141
0056 001702 -13013.97936 0.0001025445
0057 001726 -13015.27129 0.0000992719
0058 001749 -13016.57071 0.0000998382
0059 001773 -13017.87397 0.0001001234
0060 001797 -13019.10409 0.0000944948
0061 001821 -13020.15478 0.0000807032
0062 001845 -13020.96541 0.0000622600
0063 001874 -13021.56576 0.0000461067
0064 001898 -13022.05179 0.0000373244
0065 001922 -13022.52495 0.0000363354
0066 001946 -13023.05510 0.0000407106
0067 001970 -13023.68284 0.0000482021
0068 001994 -13024.43652 0.0000578694
0069 002019 -13025.34285 0.0000695873
0070 002044 -13026.42804 0.0000833138
0071 002068 -13027.71289 0.0000986338
0072 002092 -13029.20445 0.0001144911
0073 002116 -13030.88561 0.0001290302
0074 002139 -13032.70560 0.0001396675
0075 002163 -13034.57766 0.0001436433
0076 002187 -13036.39163 0.0001391660
0077 002211 -13038.04306 0.0001266785
0078 002235 -13039.46580 0.0001091220
0079 002259 -13040.64562 0.0000904810
0080 002283 -13041.60563 0.0000736167
0081 002307 -13042.37976 0.0000593589
0082 002331 -13042.99685 0.0000473139
0083 002355 -13043.47946 0.0000370017
0084 002379 -13043.84806 0.0000282591
0085 002403 -13044.12308 0.0000210842
0086 002428 -13044.32441 0.0000154348
0087 002452 -13044.47008 0.0000111671
0088 002476 -13044.57534 0.0000080695
Start evaluating ...
  Columns 1 through 7

    0.0736    0.1196    0.1740    0.2306    0.2752    0.3012    0.3148

  Columns 8 through 10

    0.3200    0.3244    0.3264

    0.0207

Elapsed time is 2500.295890 seconds.
