nohup: ignoring input

                            < M A T L A B (R) >
                  Copyright 1984-2016 The MathWorks, Inc.
                   R2016a (9.0.0.341360) 64-bit (glnxa64)
                             February 11, 2016

 
To get started, type one of these: helpwin, helpdesk, or demo.
For product information, visit www.mathworks.com.
 

	Academic License

Start learning ...
Init data [Dtype: lastfm - Non-Coldstart]
Init social model
Using adagrad ...
Could not use CUDA
Params [lbd-U: 0.1000|lbd-V: 100.0000|lbd-N: -1.0000|lbd-Q: 1.0000]
Staring Sample 9 - Loc: save/pmf/lastfm-alg40-sp9-20170416114202531 
PMF with confidence Running ...
export LD_LIBRARY_PATH=../gsldump/lib && ctr-part-pmf/ctr --directory save/pmf/lastfm-alg40-sp9-20170416114202531 --b 1 --user data/lastfm/ctr-data/sp9/train-users.dat --item data/lastfm/ctr-data/sp9/train-items.dat --max_iter 200 --num_factors 100 --lambda_v 100.000000 --lambda_u 0.100000 --save_lag 100 --random_seed 123 >> save/pmf/lastfm-alg40-sp9-20170416114202531/ctr-log

iter time likelihood converge
0001 000016 -37119.36069 1.0000000000
0002 000032 -34151.97120 0.0799418264
0003 000048 -30559.05984 0.1052036306
0004 000063 -28715.20049 0.0603375680
0005 000079 -28573.29951 0.0049416678
0006 000095 -28515.48029 0.0020235399
0007 000111 -28484.09478 0.0011006485
0008 000126 -28465.09375 0.0006670750
0009 000142 -28452.71322 0.0004349371
0010 000158 -28444.18239 0.0002998250
0011 000174 -28438.04148 0.0002158932
0012 000190 -28433.46591 0.0001608963
0013 000205 -28429.96175 0.0001232406
0014 000221 -28427.21795 0.0000965110
0015 000237 -28425.03003 0.0000769655
0016 000253 -28423.25869 0.0000623162
0017 000269 -28421.80610 0.0000511058
0018 000284 -28420.60176 0.0000423739
0019 000300 -28419.59371 0.0000354689
0020 000316 -28418.74289 0.0000299379
0021 000328 -28418.01936 0.0000254594
0022 000337 -28417.39984 0.0000218004
0023 000346 -28416.86591 0.0000187887
0024 000354 -28416.40286 0.0000162949
0025 000362 -28415.99879 0.0000142198
0026 000370 -28415.64398 0.0000124862
0027 000378 -28415.33046 0.0000110332
0028 000387 -28415.05165 0.0000098121
0029 000395 -28414.80207 0.0000087834
0030 000403 -28414.57716 0.0000079151
0031 000411 -28414.37312 0.0000071807
0032 000419 -28414.18677 0.0000065586
0033 000431 -28414.01542 0.0000060304
0034 000447 -28413.85683 0.0000055812
0035 000462 -28413.70913 0.0000051983
0036 000478 -28413.57073 0.0000048709
0037 000494 -28413.44031 0.0000045901
0038 000510 -28413.31676 0.0000043481
0039 000525 -28413.19917 0.0000041386
0040 000541 -28413.08676 0.0000039561
0041 000550 -28412.97892 0.0000037957
0042 000558 -28412.87511 0.0000036536
0043 000566 -28412.77491 0.0000035264
0044 000574 -28412.67799 0.0000034113
0045 000582 -28412.58406 0.0000033059
0046 000591 -28412.49291 0.0000032081
0047 000599 -28412.40436 0.0000031165
0048 000607 -28412.31828 0.0000030297
0049 000615 -28412.23455 0.0000029467
0050 000623 -28412.15311 0.0000028666
0051 000632 -28412.07387 0.0000027889
0052 000640 -28411.99678 0.0000027131
0053 000648 -28411.92181 0.0000026390
0054 000656 -28411.84889 0.0000025663
0055 000664 -28411.77800 0.0000024950
0056 000673 -28411.70911 0.0000024250
0057 000681 -28411.64216 0.0000023563
0058 000689 -28411.57713 0.0000022890
0059 000697 -28411.51396 0.0000022231
0060 000706 -28411.45263 0.0000021587
0061 000714 -28411.39308 0.0000020958
0062 000723 -28411.33528 0.0000020345
0063 000731 -28411.27917 0.0000019748
0064 000739 -28411.22472 0.0000019167
0065 000747 -28411.17187 0.0000018601
0066 000755 -28411.12059 0.0000018051
0067 000764 -28411.07082 0.0000017516
0068 000772 -28411.02254 0.0000016995
0069 000780 -28410.97569 0.0000016488
0070 000788 -28410.93025 0.0000015994
0071 000797 -28410.88618 0.0000015513
0072 000805 -28410.84344 0.0000015042
0073 000814 -28410.80201 0.0000014583
0074 000822 -28410.76186 0.0000014133
0075 000830 -28410.72296 0.0000013693
0076 000838 -28410.68528 0.0000013261
0077 000846 -28410.64881 0.0000012838
0078 000855 -28410.61352 0.0000012422
0079 000863 -28410.57938 0.0000012014
0080 000871 -28410.54639 0.0000011612
0081 000879 -28410.51452 0.0000011218
0082 000888 -28410.48375 0.0000010831
0083 000896 -28410.45406 0.0000010450
0084 000904 -28410.42543 0.0000010077
0085 000913 -28410.39784 0.0000009711
Start evaluating ...
  Columns 1 through 7

    0.2132    0.2993    0.3577    0.3970    0.4300    0.4547    0.4752

  Columns 8 through 10

    0.4939    0.5110    0.5246

    0.0674

Elapsed time is 921.737832 seconds.
