nohup: ignoring input

                            < M A T L A B (R) >
                  Copyright 1984-2016 The MathWorks, Inc.
                   R2016a (9.0.0.341360) 64-bit (glnxa64)
                             February 11, 2016

 
To get started, type one of these: helpwin, helpdesk, or demo.
For product information, visit www.mathworks.com.
 

	Academic License

Start learning ...
Init data [Dtype: delicious - Non-Coldstart]
Init social model
Could not use CUDA
Params [lbd-U: 0.1000|lbd-V: 100.0000|lbd-N: -1.0000|lbd-Q: 0.1000]
Staring Sample 9 - Loc: save/pmf/delicious-alg40-sp9-20170416112817481 
PMF with confidence Running ...
export LD_LIBRARY_PATH=../gsldump/lib && ctr-part-pmf/ctr --directory save/pmf/delicious-alg40-sp9-20170416112817481 --b 1 --user data/delicious/ctr-data/sp9/train-users.dat --item data/delicious/ctr-data/sp9/train-items.dat --max_iter 200 --num_factors 100 --lambda_v 100.000000 --lambda_u 0.100000 --save_lag 100 --random_seed 123 >> save/pmf/delicious-alg40-sp9-20170416112817481/ctr-log

iter time likelihood converge
0001 000027 -41936.99244 1.0000000000
0002 000054 -41936.50211 0.0000116919
0003 000081 -41892.72752 0.0010438303
0004 000109 -40367.26463 0.0364135492
0005 000136 -39549.55560 0.0202567361
0006 000163 -39468.38453 0.0020523891
0007 000190 -39418.15957 0.0012725365
0008 000218 -39384.74197 0.0008477716
0009 000246 -39361.44406 0.0005915465
0010 000273 -39344.53085 0.0004296898
0011 000300 -39331.82962 0.0003228209
0012 000328 -39322.01935 0.0002494231
0013 000356 -39314.26208 0.0001972754
0014 000383 -39308.00608 0.0001591281
0015 000410 -39302.87620 0.0001305045
0016 000437 -39298.61014 0.0001085432
0017 000465 -39295.01978 0.0000913612
0018 000492 -39291.96707 0.0000776869
0019 000519 -39289.34858 0.0000666418
0020 000547 -39287.08530 0.0000576054
0021 000575 -39285.11584 0.0000501300
0022 000603 -39283.39176 0.0000438864
0023 000631 -39281.87433 0.0000386277
0024 000658 -39280.53224 0.0000341656
0025 000685 -39279.33991 0.0000303542
0026 000713 -39278.27627 0.0000270789
0027 000740 -39277.32384 0.0000242484
0028 000767 -39276.46800 0.0000217897
0029 000794 -39275.69646 0.0000196437
0030 000823 -39274.99884 0.0000177623
0031 000865 -39274.36628 0.0000161059
0032 000893 -39273.79122 0.0000146421
0033 000920 -39273.26716 0.0000133438
0034 000948 -39272.78847 0.0000121887
0035 000975 -39272.35026 0.0000111579
0036 001003 -39271.94829 0.0000102355
0037 001030 -39271.57882 0.0000094081
0038 001058 -39271.23856 0.0000086642
0039 001085 -39270.92463 0.0000079939
0040 001113 -39270.63447 0.0000073887
0041 001140 -39270.36580 0.0000068413
0042 001169 -39270.11662 0.0000063452
0043 001197 -39269.88513 0.0000058949
0044 001224 -39269.66973 0.0000054853
0045 001254 -39269.46897 0.0000051121
0046 001281 -39269.28160 0.0000047716
0047 001308 -39269.10644 0.0000044603
0048 001336 -39268.94249 0.0000041752
0049 001363 -39268.78880 0.0000039137
0050 001391 -39268.64455 0.0000036734
0051 001418 -39268.50899 0.0000034522
0052 001446 -39268.38143 0.0000032482
0053 001473 -39268.26128 0.0000030598
0054 001500 -39268.14798 0.0000028854
0055 001528 -39268.04101 0.0000027239
0056 001574 -39267.93994 0.0000025739
0057 001617 -39267.84435 0.0000024344
0058 001646 -39267.75385 0.0000023046
0059 001673 -39267.66811 0.0000021835
0060 001700 -39267.58681 0.0000020704
0061 001728 -39267.50967 0.0000019646
0062 001756 -39267.43641 0.0000018656
0063 001784 -39267.36680 0.0000017727
0064 001811 -39267.30062 0.0000016855
0065 001839 -39267.23765 0.0000016036
0066 001866 -39267.17770 0.0000015266
0067 001894 -39267.12061 0.0000014540
0068 001921 -39267.06620 0.0000013856
0069 001949 -39267.01432 0.0000013211
0070 001976 -39266.96484 0.0000012602
0071 002004 -39266.91762 0.0000012026
0072 002031 -39266.87253 0.0000011482
0073 002057 -39266.82947 0.0000010967
0074 002084 -39266.78832 0.0000010479
0075 002111 -39266.74898 0.0000010018
0076 002138 -39266.71136 0.0000009580
Start evaluating ...
  Columns 1 through 7

    0.0372    0.0616    0.0797    0.1010    0.1156    0.1250    0.1348

  Columns 8 through 10

    0.1432    0.1480    0.1523

    0.0070

Elapsed time is 2157.524257 seconds.
