nohup: ignoring input

                            < M A T L A B (R) >
                  Copyright 1984-2016 The MathWorks, Inc.
                   R2016a (9.0.0.341360) 64-bit (glnxa64)
                             February 11, 2016

 
To get started, type one of these: helpwin, helpdesk, or demo.
For product information, visit www.mathworks.com.
 

	Academic License

Start learning ...
Init data [Dtype: delicious - Dspec: sp3/2550]
Init social model
Load pretrained shallow-model...
Params [lbd-U: 0.0100|lbd-V: 10.0000|lbd-N: 0.0100|lbd-Q: 0.0500]
Staring Sample 3 - Loc: save/bcdl/delicious-alg61-sp3-cold20170228200212786 
CTR(chongwang)-DAE(User graph) Running - Walks(1)...
-1/200: 7895.237305/3547.349675/4347.887695/1.000000000
-2/200: 8023.080566/3674.360246/4348.720215/0.016192453
-3/200: 7885.584473/3536.630869/4348.953613/0.017137568
-4/200: 7786.516602/3437.487665/4349.028809/0.012563162
-5/200: 7715.289062/3366.253269/4349.035645/0.009147549
-6/200: 7659.214355/3310.196224/4349.018066/0.007267998
-7/200: 7613.717285/3264.689541/4349.027832/0.005940175
-8/200: 7576.484375/3227.421344/4349.062988/0.004890241
-9/200: 7545.916504/3196.820301/4349.096191/0.004034572
-10/200: 7520.738281/3171.628371/4349.109863/0.003336669
-11/200: 7499.918457/3150.818268/4349.100098/0.002768322
-12/200: 7482.638672/3133.559998/4349.078613/0.002303996
-13/200: 7468.258301/3119.188970/4349.069336/0.001921832
-14/200: 7456.258301/3107.181597/4349.076660/0.001606800
-15/200: 7446.177734/3097.123545/4349.054199/0.001351960
-16/200: 7437.736816/3088.680899/4349.056152/0.001133591
-17/200: 7430.630371/3081.587286/4349.042969/0.000955458
-18/200: 7424.695801/3075.626707/4349.069336/0.000798663
-19/200: 7419.705566/3070.624428/4349.081055/0.000672113
-20/200: 7415.521484/3066.431847/4349.089844/0.000563915
-21/200: 7411.997559/3062.928747/4349.068848/0.000475209
-22/200: 7409.054199/3060.010400/4349.043945/0.000397107
-23/200: 7406.666992/3057.589197/4349.077637/0.000322201
-24/200: 7404.675293/3055.588162/4349.086914/0.000268906
-25/200: 7403.039062/3053.942425/4349.096680/0.000220973
-26/200: 7401.681641/3052.594023/4349.087402/0.000183360
-27/200: 7400.553223/3051.490515/4349.062500/0.000152454
-28/200: 7399.655762/3050.587322/4349.068359/0.000121269
-29/200: 7398.948730/3049.845733/4349.103027/0.000095549
-30/200: 7398.317383/3049.231510/4349.085938/0.000085329
-31/200: 7397.780273/3048.712927/4349.067383/0.000072599
-32/200: 7397.336426/3048.265498/4349.070801/0.000059997
-33/200: 7396.901367/3047.865092/4349.036133/0.000058813
-34/200: 7396.506836/3047.492882/4349.014160/0.000053337
-35/200: 7396.118164/3047.132243/4348.985840/0.000052548
-36/200: 7395.731934/3046.770606/4348.961426/0.000052221
-37/200: 7395.348145/3046.396429/4348.951660/0.000051893
-38/200: 7394.947754/3046.000661/4348.947266/0.000054141
-39/200: 7394.518555/3045.577255/4348.941406/0.000058040
-40/200: 7394.068848/3045.120073/4348.948730/0.000060816
-41/200: 7393.567383/3044.625649/4348.941895/0.000067820
-42/200: 7393.058105/3044.091051/4348.967285/0.000068881
-43/200: 7392.500000/3043.514226/4348.985840/0.000075490
-44/200: 7391.869141/3042.894328/4348.974609/0.000085338
-45/200: 7391.202637/3042.231972/4348.970703/0.000090167
-46/200: 7390.500488/3041.527890/4348.972656/0.000094998
-47/200: 7389.753418/3040.782806/4348.970703/0.000101085
-48/200: 7388.968262/3039.999066/4348.969238/0.000106249
-49/200: 7388.132812/3039.179554/4348.953125/0.000113067
-50/200: 7387.230957/3038.326771/4348.904297/0.000122068
-51/200: 7386.340332/3037.443708/4348.896484/0.000120563
-52/200: 7385.436035/3036.534280/4348.901855/0.000122428
-53/200: 7384.492188/3035.602856/4348.889160/0.000127798
-54/200: 7383.531738/3034.652963/4348.878906/0.000130063
-55/200: 7382.542480/3033.687408/4348.854980/0.000133982
-56/200: 7381.567383/3032.711004/4348.856445/0.000132082
-57/200: 7380.569336/3031.728510/4348.840820/0.000135208
-58/200: 7379.583496/3030.741927/4348.841797/0.000133572
-59/200: 7378.579102/3029.754191/4348.824707/0.000136104
-60/200: 7377.590332/3028.767208/4348.823242/0.000134005
-61/200: 7376.593750/3027.784162/4348.809570/0.000135082
-62/200: 7375.604492/3026.806980/4348.797363/0.000134108
-63/200: 7374.637207/3025.836716/4348.800293/0.000131147
-64/200: 7373.680176/3024.874422/4348.805664/0.000129773
-65/200: 7372.756348/3023.922496/4348.833984/0.000125287
-66/200: 7371.822754/3022.980959/4348.841797/0.000126628
-67/200: 7370.855957/3022.050006/4348.806152/0.000131148
-68/200: 7369.910156/3021.129969/4348.780273/0.000128316
-69/200: 7368.990234/3020.221553/4348.768555/0.000124821
-70/200: 7368.057129/3019.325055/4348.731934/0.000126626
-71/200: 7367.156738/3018.440645/4348.716309/0.000122202
-72/200: 7366.296387/3017.567209/4348.729004/0.000116782
-73/200: 7365.439941/3016.705852/4348.733887/0.000116265
-74/200: 7364.583496/3015.855677/4348.728027/0.000116279
-75/200: 7363.735352/3015.016161/4348.719238/0.000115165
-76/200: 7362.894043/3014.187239/4348.707031/0.000114250
-77/200: 7362.096191/3013.369015/4348.727051/0.000108361
-78/200: 7361.302734/3012.559908/4348.742676/0.000107776
-79/200: 7360.482910/3011.761381/4348.721680/0.000111369
-80/200: 7359.657715/3010.971977/4348.685547/0.000112112
-81/200: 7358.855957/3010.191743/4348.664062/0.000108940
-82/200: 7358.081543/3009.420799/4348.660645/0.000105236
-83/200: 7357.314453/3008.658789/4348.655762/0.000104251
-84/200: 7356.540527/3007.904953/4348.635742/0.000105191
-85/200: 7355.785156/3007.159883/4348.625488/0.000102680
-86/200: 7355.044922/3006.422737/4348.622070/0.000100633
-87/200: 7354.309570/3005.693956/4348.615723/0.000099979
-88/200: 7353.600586/3004.973039/4348.627441/0.000096404
-89/200: 7352.872559/3004.259742/4348.612793/0.000099003
-90/200: 7352.153809/3003.553920/4348.600098/0.000097751
-91/200: 7351.453125/3002.854996/4348.598145/0.000095303
-92/200: 7350.768066/3002.163714/4348.604492/0.000093187
-93/200: 7350.084961/3001.479358/4348.605469/0.000092930
-94/200: 7349.403809/3000.802012/4348.601562/0.000092673
-95/200: 7348.743652/3000.131616/4348.611816/0.000089824
-96/200: 7348.059082/2999.468257/4348.590820/0.000093155
-97/200: 7347.388184/2998.811674/4348.576660/0.000091303
-98/200: 7346.732910/2998.161127/4348.571777/0.000089185
-99/200: 7346.086426/2997.517175/4348.569336/0.000087996
Recall at EP-100 ...
  Columns 1 through 7

    0.0817    0.0978    0.1043    0.1076    0.1094    0.1109    0.1120

  Columns 8 through 10

    0.1126    0.1134    0.1139

Mrr at EP-100 ...
    0.0179

-100/200: 7345.437500/2996.879890/4348.557617/0.000088336
-101/200: 7344.778809/2996.247749/4348.531250/0.000089674
-102/200: 7344.145020/2995.622398/4348.522461/0.000086291
-103/200: 7343.523438/2995.002930/4348.520508/0.000084636
-104/200: 7342.913086/2994.389000/4348.523926/0.000083114
-105/200: 7342.294922/2993.780973/4348.514160/0.000084185
-106/200: 7341.680176/2993.179005/4348.500977/0.000083727
-107/200: 7341.071289/2992.582784/4348.488281/0.000082936
-108/200: 7340.471191/2991.991518/4348.479492/0.000081745
-109/200: 7339.888184/2991.405735/4348.482422/0.000079424
-110/200: 7339.294434/2990.825389/4348.469238/0.000080894
-111/200: 7338.698242/2990.251053/4348.447266/0.000081233
-112/200: 7338.138184/2989.681891/4348.456055/0.000076316
-113/200: 7337.564453/2989.117782/4348.446777/0.000078185
-114/200: 7336.979980/2988.558656/4348.421387/0.000079655
-115/200: 7336.404785/2988.004681/4348.399902/0.000078397
-116/200: 7335.837891/2987.455347/4348.382324/0.000077271
-117/200: 7335.287109/2986.911039/4348.375977/0.000075081
-118/200: 7334.748047/2986.371934/4348.375977/0.000073489
-119/200: 7334.200684/2985.837338/4348.363281/0.000074626
-120/200: 7333.680664/2985.307087/4348.373535/0.000070903
-121/200: 7333.153809/2984.781431/4348.372559/0.000071841
-122/200: 7332.643066/2984.260335/4348.382812/0.000069648
-123/200: 7332.119141/2983.744265/4348.375000/0.000071451
-124/200: 7331.597168/2983.232093/4348.365234/0.000071190
-125/200: 7331.074707/2982.724524/4348.350098/0.000071262
-126/200: 7330.572266/2982.221482/4348.350586/0.000068536
-127/200: 7330.048340/2981.722943/4348.325195/0.000071471
-128/200: 7329.537109/2981.228776/4348.308105/0.000069744
-129/200: 7329.040527/2980.737953/4348.302734/0.000067751
-130/200: 7328.547363/2980.251765/4348.295410/0.000067289
-131/200: 7328.050781/2979.769852/4348.280762/0.000067760
-132/200: 7327.562500/2979.292061/4348.270508/0.000066632
-133/200: 7327.071777/2978.818527/4348.253418/0.000066969
-134/200: 7326.608398/2978.348657/4348.259766/0.000063242
-135/200: 7326.136719/2977.882632/4348.253906/0.000064379
-136/200: 7325.656738/2977.420221/4348.236328/0.000065516
-137/200: 7325.188965/2976.961963/4348.227051/0.000063854
-138/200: 7324.735840/2976.507265/4348.228516/0.000061858
-139/200: 7324.274414/2976.056169/4348.218262/0.000062996
-140/200: 7323.814941/2975.609098/4348.206055/0.000062733
-141/200: 7323.370117/2975.165999/4348.204102/0.000060737
-142/200: 7322.919434/2974.725926/4348.193359/0.000061540
-143/200: 7322.458008/2974.289828/4348.167969/0.000063011
-144/200: 7322.027344/2973.856969/4348.170410/0.000058814
-145/200: 7321.585449/2973.427961/4348.157715/0.000060351
-146/200: 7321.155273/2973.002082/4348.153320/0.000058754
-147/200: 7320.732422/2972.579604/4348.152832/0.000057757
-148/200: 7320.304688/2972.160288/4348.144531/0.000058428
-149/200: 7319.870605/2971.744504/4348.125977/0.000059298
-150/200: 7319.452637/2971.332299/4348.120117/0.000057101
-151/200: 7319.038574/2970.923425/4348.115234/0.000056570
-152/200: 7318.618164/2970.517536/4348.100586/0.000057441
-153/200: 7318.208008/2970.114688/4348.093262/0.000056043
-154/200: 7317.794922/2969.715126/4348.079590/0.000056446
-155/200: 7317.392090/2969.318859/4348.073242/0.000055048
-156/200: 7316.976562/2968.925608/4348.050781/0.000056786
-157/200: 7316.584473/2968.535596/4348.048828/0.000053586
-158/200: 7316.196777/2968.148298/4348.048340/0.000052989
-159/200: 7315.810547/2967.764499/4348.045898/0.000052791
-160/200: 7315.413574/2967.383609/4348.029785/0.000054262
-161/200: 7315.026855/2967.005156/4348.021484/0.000052864
-162/200: 7314.638672/2966.629590/4348.009277/0.000053067
-163/200: 7314.268555/2966.257070/4348.011719/0.000050600
-164/200: 7313.889648/2965.887522/4348.001953/0.000051804
-165/200: 7313.510254/2965.520761/4347.989258/0.000051873
-166/200: 7313.142578/2965.156788/4347.985840/0.000050274
-167/200: 7312.773926/2964.795444/4347.978516/0.000050410
-168/200: 7312.405762/2964.436992/4347.968750/0.000050345
-169/200: 7312.042480/2964.081163/4347.961426/0.000049680
-170/200: 7311.679199/2963.728155/4347.951172/0.000049683
-171/200: 7311.312500/2963.377936/4347.934570/0.000050153
-172/200: 7310.953613/2963.030131/4347.923340/0.000049086
-173/200: 7310.601074/2962.685039/4347.916016/0.000048221
-174/200: 7310.245117/2962.342743/4347.902344/0.000048691
-175/200: 7309.898438/2962.002738/4347.895508/0.000047424
-176/200: 7309.555664/2961.665591/4347.890137/0.000046892
-177/200: 7309.219238/2961.330872/4347.888184/0.000046025
-178/200: 7308.879395/2960.998374/4347.880859/0.000046495
-179/200: 7308.545898/2960.668435/4347.877441/0.000045629
-180/200: 7308.204590/2960.341034/4347.863770/0.000046700
-181/200: 7307.863770/2960.016176/4347.847656/0.000046635
-182/200: 7307.539062/2959.693426/4347.845703/0.000044433
-183/200: 7307.218262/2959.373342/4347.844727/0.000043900
-184/200: 7306.889160/2959.055634/4347.833496/0.000045038
-185/200: 7306.574707/2958.740136/4347.834473/0.000043035
-186/200: 7306.250977/2958.427045/4347.823730/0.000044307
-187/200: 7305.934570/2958.116018/4347.818359/0.000043306
-188/200: 7305.617188/2957.807428/4347.809570/0.000043442
-189/200: 7305.304199/2957.501049/4347.803223/0.000042842
-190/200: 7304.990723/2957.196940/4347.793945/0.000042911
-191/200: 7304.683594/2956.895113/4347.788574/0.000042044
-192/200: 7304.375977/2956.595339/4347.780762/0.000042112
-193/200: 7304.078125/2956.297684/4347.780273/0.000040777
-194/200: 7303.771973/2956.002248/4347.769531/0.000041915
-195/200: 7303.463379/2955.709175/4347.754395/0.000042251
-196/200: 7303.159668/2955.417787/4347.741699/0.000041585
-197/200: 7302.863281/2955.128450/4347.734863/0.000040583
-198/200: 7302.562012/2954.841103/4347.720703/0.000041254
-199/200: 7302.261230/2954.555965/4347.705078/0.000041188
-200/200: 7301.961426/2954.265595/4347.695801/0.000041056
Start evaluating ...
  Columns 1 through 7

    0.0813    0.0971    0.1037    0.1071    0.1091    0.1105    0.1117

  Columns 8 through 10

    0.1128    0.1134    0.1140

    0.0176

Elapsed time is 51543.269678 seconds.
