nohup: ignoring input

                            < M A T L A B (R) >
                  Copyright 1984-2016 The MathWorks, Inc.
                   R2016a (9.0.0.341360) 64-bit (glnxa64)
                             February 11, 2016

 
To get started, type one of these: helpwin, helpdesk, or demo.
For product information, visit www.mathworks.com.
 

	Academic License

Start learning ...
Init data [Dtype: delicious - Dspec: sp3/2550]
Init social model
Load pretrained shallow-model...
Params [lbd-U: 0.1000|lbd-V: 0.0100|lbd-N: 0.1000|lbd-Q: 0.0500]
Staring Sample 3 - Loc: save/bcdl/delicious-alg61-sp3-cold20170228200213816 
CTR(chongwang)-DAE(User graph) Running - Walks(1)...
-1/200: 46034.695312/2555.820369/43478.875000/1.000000000
-2/200: 44804.503906/1317.044572/43487.460938/0.026723135
-3/200: 44776.218750/1282.698669/43493.519531/0.000631302
-4/200: 44763.628906/1262.996730/43500.632812/0.000281173
-5/200: 44754.210938/1248.576419/43505.632812/0.000210393
-6/200: 44746.566406/1237.566681/43509.000000/0.000170811
-7/200: 44740.554688/1228.900621/43511.652344/0.000134350
-8/200: 44735.757812/1221.907758/43513.851562/0.000107215
-9/200: 44731.667969/1216.143550/43515.523438/0.000091422
-10/200: 44727.917969/1211.303738/43516.613281/0.000083833
-11/200: 44724.363281/1207.175386/43517.187500/0.000079474
-12/200: 44721.058594/1203.606412/43517.453125/0.000073890
-13/200: 44718.214844/1200.485728/43517.730469/0.000063589
-14/200: 44715.835938/1197.730576/43518.105469/0.000053198
-15/200: 44713.363281/1195.278390/43518.085938/0.000055297
-16/200: 44711.371094/1193.080602/43518.289062/0.000044555
-17/200: 44709.382812/1191.099089/43518.285156/0.000044469
-18/200: 44708.007812/1189.303429/43518.703125/0.000030754
-19/200: 44706.609375/1187.668900/43518.941406/0.000031279
-20/200: 44705.304688/1186.175265/43519.128906/0.000029183
-21/200: 44703.765625/1184.805672/43518.960938/0.000034427
-22/200: 44702.312500/1183.545933/43518.765625/0.000032506
-23/200: 44701.660156/1182.384102/43519.277344/0.000014593
-24/200: 44700.777344/1181.309898/43519.468750/0.000019749
-25/200: 44699.992188/1180.314554/43519.675781/0.000017565
-26/200: 44699.039062/1179.390348/43519.648438/0.000021323
-27/200: 44697.945312/1178.530706/43519.414062/0.000024469
-28/200: 44697.320312/1177.729721/43519.589844/0.000013983
-29/200: 44697.082031/1176.982253/43520.101562/0.000005331
-30/200: 44696.246094/1176.283698/43519.960938/0.000018702
-31/200: 44695.421875/1175.630020/43519.792969/0.000018440
-32/200: 44694.949219/1175.017531/43519.933594/0.000010575
-33/200: 44693.984375/1174.443018/43519.542969/0.000021587
-34/200: 44693.285156/1173.903549/43519.382812/0.000015645
-35/200: 44692.480469/1173.396449/43519.085938/0.000018005
-36/200: 44691.820312/1172.919295/43518.902344/0.000014771
-37/200: 44691.375000/1172.469894/43518.906250/0.000009964
-38/200: 44691.011719/1172.046257/43518.964844/0.000008129
-39/200: 44690.648438/1171.646608/43519.000000/0.000008129
-40/200: 44690.488281/1171.269301/43519.218750/0.000003584
-41/200: 44690.160156/1170.912790/43519.246094/0.000007342
-42/200: 44690.281250/1170.575671/43519.707031/0.000002710
-43/200: 44690.320312/1170.256733/43520.062500/0.000000874
-44/200: 44689.886719/1169.954685/43519.933594/0.000009702
-45/200: 44689.625000/1169.668537/43519.957031/0.000005856
-46/200: 44689.460938/1169.397263/43520.062500/0.000003671
-47/200: 44689.273438/1169.139892/43520.132812/0.000004196
-48/200: 44689.082031/1168.895586/43520.187500/0.000004283
-49/200: 44688.683594/1168.663614/43520.019531/0.000008916
-50/200: 44687.824219/1168.443090/43519.382812/0.000019230
-51/200: 44687.632812/1168.233461/43519.398438/0.000004283
-52/200: 44687.671875/1168.034003/43519.636719/0.000000874
-53/200: 44687.382812/1167.844166/43519.539062/0.000006469
-54/200: 44687.187500/1167.663394/43519.523438/0.000004371
-55/200: 44686.750000/1167.491164/43519.257812/0.000009790
-56/200: 44686.742188/1167.326935/43519.414062/0.000000175
-57/200: 44686.484375/1167.170310/43519.312500/0.000005769
-58/200: 44686.511719/1167.020883/43519.492188/0.000000612
-59/200: 44686.218750/1166.878240/43519.339844/0.000006556
-60/200: 44686.210938/1166.741966/43519.468750/0.000000175
-61/200: 44685.953125/1166.611752/43519.339844/0.000005769
-62/200: 44685.757812/1166.487269/43519.269531/0.000004371
-63/200: 44685.820312/1166.368213/43519.453125/0.000001399
-64/200: 44685.949219/1166.254327/43519.695312/0.000002885
-65/200: 44686.433594/1166.145280/43520.289062/0.000010840
-66/200: 44686.582031/1166.040841/43520.542969/0.000003322
-67/200: 44685.910156/1165.940785/43519.968750/0.000015035
-68/200: 44685.457031/1165.844900/43519.613281/0.000010140
-69/200: 44685.312500/1165.752975/43519.558594/0.000003234
-70/200: 44684.703125/1165.664747/43519.039062/0.000013637
-71/200: 44684.562500/1165.580093/43518.980469/0.000003147
-72/200: 44684.929688/1165.498797/43519.429688/0.000008217
-73/200: 44685.113281/1165.420752/43519.691406/0.000004109
-74/200: 44685.054688/1165.345751/43519.707031/0.000001311
-75/200: 44684.941406/1165.273636/43519.667969/0.000002535
-76/200: 44684.796875/1165.204285/43519.593750/0.000003234
-77/200: 44685.285156/1165.137562/43520.148438/0.000010927
-78/200: 44685.617188/1165.073366/43520.542969/0.000007430
-79/200: 44685.183594/1165.011546/43520.171875/0.000009703
-80/200: 44684.531250/1164.952023/43519.578125/0.000014599
-81/200: 44684.222656/1164.894619/43519.328125/0.000006906
-82/200: 44684.347656/1164.839292/43519.507812/0.000002797
-83/200: 44684.371094/1164.785961/43519.585938/0.000000525
-84/200: 44684.089844/1164.734489/43519.355469/0.000006294
-85/200: 44684.023438/1164.684795/43519.339844/0.000001486
-86/200: 44684.125000/1164.636852/43519.488281/0.000002273
-87/200: 44684.113281/1164.590510/43519.523438/0.000000262
-88/200: 44684.503906/1164.545729/43519.957031/0.000008742
-89/200: 44684.261719/1164.502476/43519.757812/0.000005420
-90/200: 44684.093750/1164.460647/43519.632812/0.000003759
-91/200: 44684.199219/1164.420121/43519.777344/0.000002360
-92/200: 44684.433594/1164.380909/43520.050781/0.000005245
-93/200: 44684.539062/1164.342989/43520.195312/0.000002360
-94/200: 44684.558594/1164.306252/43520.253906/0.000000437
-95/200: 44684.863281/1164.270671/43520.593750/0.000006819
-96/200: 44684.433594/1164.236151/43520.199219/0.000009616
-97/200: 44684.273438/1164.202683/43520.070312/0.000003584
-98/200: 44684.359375/1164.170205/43520.187500/0.000001923
-99/200: 44684.402344/1164.138724/43520.261719/0.000000962
Recall at EP-100 ...
  Columns 1 through 7

    0.0843    0.1036    0.1137    0.1206    0.1273    0.1341    0.1418

  Columns 8 through 10

    0.1523    0.1639    0.1757

Mrr at EP-100 ...
    0.0202

-100/200: 44684.269531/1164.108144/43520.160156/0.000002972
-101/200: 44683.812500/1164.078465/43519.734375/0.000010228
-102/200: 44683.792969/1164.049623/43519.742188/0.000000437
-103/200: 44684.011719/1164.021587/43519.988281/0.000004896
-104/200: 44684.253906/1163.994369/43520.257812/0.000005420
-105/200: 44684.132812/1163.967866/43520.164062/0.000002710
-106/200: 44683.976562/1163.942098/43520.035156/0.000003497
-107/200: 44683.855469/1163.916997/43519.937500/0.000002710
-108/200: 44683.871094/1163.892610/43519.976562/0.000000350
-109/200: 44684.085938/1163.868845/43520.218750/0.000004808
-110/200: 44683.882812/1163.845680/43520.039062/0.000004546
-111/200: 44683.566406/1163.823118/43519.742188/0.000007081
-112/200: 44684.093750/1163.801145/43520.292969/0.000011802
-113/200: 44683.992188/1163.779670/43520.210938/0.000002273
-114/200: 44683.500000/1163.758751/43519.742188/0.000011015
-115/200: 44683.199219/1163.738332/43519.460938/0.000006731
-116/200: 44682.984375/1163.718430/43519.265625/0.000004808
-117/200: 44683.128906/1163.698994/43519.429688/0.000003235
-118/200: 44683.429688/1163.680001/43519.750000/0.000006731
-119/200: 44683.296875/1163.661425/43519.636719/0.000002972
-120/200: 44683.835938/1163.643291/43520.191406/0.000012064
-121/200: 44683.960938/1163.625584/43520.335938/0.000002797
-122/200: 44684.339844/1163.608250/43520.730469/0.000008480
-123/200: 44684.191406/1163.591332/43520.601562/0.000003322
-124/200: 44684.066406/1163.574737/43520.492188/0.000002797
-125/200: 44683.757812/1163.558511/43520.199219/0.000006906
-126/200: 44683.984375/1163.542637/43520.441406/0.000005070
-127/200: 44683.433594/1163.527110/43519.906250/0.000012326
-128/200: 44683.250000/1163.511876/43519.738281/0.000004109
-129/200: 44683.386719/1163.496936/43519.890625/0.000003060
-130/200: 44683.410156/1163.482362/43519.929688/0.000000525
-131/200: 44683.207031/1163.468029/43519.738281/0.000004546
-132/200: 44683.226562/1163.453982/43519.773438/0.000000437
-133/200: 44683.031250/1163.440219/43519.589844/0.000004371
-134/200: 44683.644531/1163.426716/43520.218750/0.000013725
-135/200: 44683.628906/1163.413445/43520.214844/0.000000350
-136/200: 44683.253906/1163.400443/43519.851562/0.000008392
-137/200: 44683.218750/1163.387713/43519.832031/0.000000787
-138/200: 44683.582031/1163.375160/43520.207031/0.000008130
-139/200: 44683.402344/1163.362838/43520.039062/0.000004021
-140/200: 44683.273438/1163.350786/43519.921875/0.000002885
-141/200: 44683.550781/1163.338921/43520.210938/0.000006207
-142/200: 44683.402344/1163.327255/43520.074219/0.000003322
-143/200: 44682.824219/1163.315791/43519.507812/0.000012938
-144/200: 44683.292969/1163.304518/43519.988281/0.000010491
-145/200: 44683.121094/1163.293439/43519.828125/0.000003847
-146/200: 44683.296875/1163.282540/43520.015625/0.000003934
-147/200: 44683.554688/1163.271866/43520.281250/0.000005770
-148/200: 44683.457031/1163.261306/43520.195312/0.000002186
-149/200: 44683.007812/1163.250923/43519.757812/0.000010053
-150/200: 44683.144531/1163.240700/43519.902344/0.000003060
-151/200: 44683.273438/1163.230690/43520.042969/0.000002885
-152/200: 44683.074219/1163.220819/43519.851562/0.000004458
-153/200: 44683.097656/1163.211081/43519.886719/0.000000525
-154/200: 44682.878906/1163.201486/43519.675781/0.000004896
-155/200: 44683.000000/1163.192041/43519.808594/0.000002710
-156/200: 44682.519531/1163.182739/43519.335938/0.000010753
-157/200: 44682.871094/1163.173574/43519.699219/0.000007868
-158/200: 44683.179688/1163.164543/43520.015625/0.000006906
-159/200: 44683.429688/1163.155645/43520.273438/0.000005595
-160/200: 44683.027344/1163.146851/43519.878906/0.000009004
-161/200: 44683.023438/1163.138190/43519.886719/0.000000087
Start evaluating ...
  Columns 1 through 7

    0.0831    0.1027    0.1130    0.1195    0.1256    0.1321    0.1402

  Columns 8 through 10

    0.1506    0.1623    0.1731

    0.0202

Elapsed time is 43442.721303 seconds.
