nohup: ignoring input

                            < M A T L A B (R) >
                  Copyright 1984-2016 The MathWorks, Inc.
                   R2016a (9.0.0.341360) 64-bit (glnxa64)
                             February 11, 2016

 
To get started, type one of these: helpwin, helpdesk, or demo.
For product information, visit www.mathworks.com.
 

	Academic License

Start learning ...
Init data [Dtype: delicious - Dspec: sp3/2550]
Init social model
Load pretrained shallow-model...
Params [lbd-U: 1.0000|lbd-V: 0.1000|lbd-N: 1.0000|lbd-Q: 0.0500]
Staring Sample 3 - Loc: save/bcdl/delicious-alg61-sp3-cold20170228200210912 
CTR(chongwang)-DAE(User graph) Running - Walks(1)...
-1/200: 451508.531250/16719.775393/434788.750000/1.000000000
-2/200: 438914.812500/4028.475045/434886.343750/0.027892537
-3/200: 438364.093750/3410.585356/434953.500000/0.001254728
-4/200: 438236.093750/3219.357095/435016.750000/0.000291995
-5/200: 438176.343750/3112.823194/435063.531250/0.000136342
-6/200: 438144.593750/3049.481617/435095.125000/0.000072459
-7/200: 438130.031250/3009.979228/435120.062500/0.000033237
-8/200: 438125.343750/2984.295322/435141.062500/0.000010699
-9/200: 438124.000000/2966.911863/435157.093750/0.000003067
-10/200: 438122.156250/2954.666728/435167.500000/0.000004208
-11/200: 438118.562500/2945.693342/435172.875000/0.000008203
-12/200: 438114.125000/2938.866080/435175.250000/0.000010129
-13/200: 438111.375000/2933.491019/435177.875000/0.000006277
-14/200: 438110.625000/2929.132416/435181.500000/0.000001712
-15/200: 438106.750000/2925.509064/435181.250000/0.000008845
-16/200: 438105.625000/2922.435088/435183.187500/0.000002568
-17/200: 438102.875000/2919.784825/435183.093750/0.000006277
-18/200: 438104.781250/2917.469590/435187.312500/0.000004351
-19/200: 438105.031250/2915.425432/435189.593750/0.000000571
-20/200: 438105.062500/2913.605212/435191.468750/0.000000071
-21/200: 438101.843750/2911.972952/435189.875000/0.000007347
-22/200: 438098.343750/2910.499939/435187.843750/0.000007989
-23/200: 438102.093750/2909.164172/435192.937500/0.000008560
-24/200: 438102.906250/2907.946820/435194.968750/0.000001855
-25/200: 438103.812500/2906.833527/435196.968750/0.000002069
-26/200: 438102.562500/2905.810959/435196.750000/0.000002853
-27/200: 438099.156250/2904.868916/435194.281250/0.000007775
-28/200: 438100.093750/2903.998496/435196.093750/0.000002140
-29/200: 438104.375000/2903.190940/435201.187500/0.000009772
-30/200: 438102.125000/2902.440271/435199.687500/0.000005136
-31/200: 438099.937500/2901.740276/435198.187500/0.000004993
-32/200: 438100.562500/2901.086352/435199.468750/0.000001427
-33/200: 438096.062500/2900.474105/435195.593750/0.000010272
-34/200: 438093.843750/2899.898968/435193.937500/0.000005065
-35/200: 438090.468750/2899.357649/435191.125000/0.000007704
-36/200: 438088.125000/2898.846919/435189.281250/0.000005350
-37/200: 438087.625000/2898.364588/435189.250000/0.000001141
-38/200: 438087.781250/2897.907752/435189.875000/0.000000357
-39/200: 438087.593750/2897.474225/435190.125000/0.000000428
-40/200: 438089.406250/2897.062555/435192.343750/0.000004137
-41/200: 438089.343750/2896.670495/435192.687500/0.000000143
-42/200: 438093.593750/2896.297574/435197.281250/0.000009701
-43/200: 438096.687500/2895.941131/435200.750000/0.000007062
-44/200: 438095.281250/2895.600645/435199.687500/0.000003210
-45/200: 438095.093750/2895.274904/435199.812500/0.000000428
-46/200: 438095.937500/2894.962590/435200.968750/0.000001926
-47/200: 438096.218750/2894.662999/435201.562500/0.000000642
-48/200: 438096.437500/2894.375732/435202.062500/0.000000499
-49/200: 438094.500000/2894.099089/435200.406250/0.000004423
-50/200: 438087.875000/2893.833010/435194.031250/0.000015122
-51/200: 438087.781250/2893.577182/435194.218750/0.000000214
-52/200: 438089.906250/2893.330097/435196.562500/0.000004851
-53/200: 438088.718750/2893.092580/435195.625000/0.000002711
-54/200: 438088.218750/2892.862640/435195.343750/0.000001141
-55/200: 438085.343750/2892.640778/435192.687500/0.000006563
-56/200: 438086.718750/2892.426493/435194.281250/0.000003139
-57/200: 438085.468750/2892.219159/435193.250000/0.000002853
-58/200: 438087.187500/2892.018905/435195.156250/0.000003923
-59/200: 438085.468750/2891.824679/435193.656250/0.000003923
-60/200: 438086.500000/2891.636667/435194.875000/0.000002354
-61/200: 438085.031250/2891.453940/435193.562500/0.000003353
-62/200: 438084.093750/2891.277515/435192.812500/0.000002140
-63/200: 438085.875000/2891.105903/435194.781250/0.000004066
-64/200: 438088.187500/2890.939549/435197.250000/0.000005279
-65/200: 438093.906250/2890.778149/435203.125000/0.000013054
-66/200: 438096.312500/2890.620620/435205.687500/0.000005493
-67/200: 438090.375000/2890.468082/435199.906250/0.000013553
-68/200: 438086.656250/2890.319859/435196.343750/0.000008489
-69/200: 438085.906250/2890.175461/435195.718750/0.000001712
-70/200: 438080.562500/2890.035105/435190.531250/0.000012198
-71/200: 438079.875000/2889.898329/435189.968750/0.000001569
-72/200: 438084.312500/2889.765035/435194.562500/0.000010129
-73/200: 438086.656250/2889.635599/435197.031250/0.000005350
-74/200: 438086.781250/2889.508740/435197.281250/0.000000285
-75/200: 438086.312500/2889.385354/435196.937500/0.000001070
-76/200: 438085.406250/2889.265062/435196.156250/0.000002069
-77/200: 438090.875000/2889.147204/435201.718750/0.000012483
-78/200: 438094.625000/2889.032751/435205.593750/0.000008560
-79/200: 438090.812500/2888.920313/435201.906250/0.000008702
-80/200: 438084.812500/2888.810812/435196.000000/0.000013696
-81/200: 438082.218750/2888.703986/435193.500000/0.000005921
-82/200: 438083.875000/2888.599257/435195.281250/0.000003781
-83/200: 438084.625000/2888.496791/435196.125000/0.000001712
-84/200: 438082.062500/2888.396854/435193.656250/0.000005849
-85/200: 438081.968750/2888.298489/435193.656250/0.000000214
-86/200: 438083.375000/2888.202836/435195.187500/0.000003210
-87/200: 438083.531250/2888.108772/435195.437500/0.000000357
-88/200: 438087.718750/2888.016597/435199.687500/0.000009559
-89/200: 438085.656250/2887.926647/435197.718750/0.000004708
-90/200: 438084.375000/2887.838039/435196.531250/0.000002925
-91/200: 438085.750000/2887.751499/435198.000000/0.000003139
-92/200: 438088.312500/2887.666585/435200.656250/0.000005849
-93/200: 438089.781250/2887.583120/435202.187500/0.000003353
-94/200: 438090.187500/2887.501603/435202.687500/0.000000927
-95/200: 438093.531250/2887.421359/435206.125000/0.000007633
-96/200: 438089.625000/2887.342636/435202.281250/0.000008916
-97/200: 438088.062500/2887.265270/435200.812500/0.000003567
-98/200: 438089.375000/2887.189525/435202.187500/0.000002996
-99/200: 438090.031250/2887.114937/435202.906250/0.000001498
Recall at EP-100 ...
  Columns 1 through 7

    0.0876    0.1090    0.1205    0.1300    0.1398    0.1517    0.1649

  Columns 8 through 10

    0.1765    0.1885    0.1992

Mrr at EP-100 ...
    0.0206

-100/200: 438088.843750/2887.041853/435201.812500/0.000002711
-101/200: 438084.500000/2886.969918/435197.531250/0.000009915
-102/200: 438084.562500/2886.899116/435197.656250/0.000000143
-103/200: 438086.937500/2886.829720/435200.093750/0.000005421
-104/200: 438089.500000/2886.761420/435202.750000/0.000005849
-105/200: 438088.531250/2886.693975/435201.843750/0.000002211
-106/200: 438087.156250/2886.628445/435200.531250/0.000003139
-107/200: 438086.125000/2886.563155/435199.562500/0.000002354
-108/200: 438086.437500/2886.499314/435199.937500/0.000000713
-109/200: 438088.875000/2886.436551/435202.437500/0.000005564
-110/200: 438086.968750/2886.374296/435200.593750/0.000004351
-111/200: 438084.000000/2886.313272/435197.687500/0.000006777
-112/200: 438089.406250/2886.253592/435203.156250/0.000012341
-113/200: 438088.562500/2886.194447/435202.375000/0.000001926
-114/200: 438083.781250/2886.136523/435197.656250/0.000010914
-115/200: 438080.906250/2886.079065/435194.812500/0.000006563
-116/200: 438078.906250/2886.022578/435192.875000/0.000004565
-117/200: 438080.406250/2885.967058/435194.437500/0.000003424
-118/200: 438083.656250/2885.912459/435197.750000/0.000007419
-119/200: 438082.437500/2885.858257/435196.593750/0.000002782
-120/200: 438087.906250/2885.805043/435202.093750/0.000012483
-121/200: 438089.218750/2885.752628/435203.468750/0.000002996
-122/200: 438093.218750/2885.701037/435207.531250/0.000009131
-123/200: 438091.968750/2885.650221/435206.312500/0.000002853
-124/200: 438090.656250/2885.599916/435205.062500/0.000002996
-125/200: 438087.906250/2885.550325/435202.343750/0.000006277
-126/200: 438090.156250/2885.501496/435204.656250/0.000005136
-127/200: 438084.781250/2885.453810/435199.312500/0.000012269
-128/200: 438082.968750/2885.405704/435197.562500/0.000004137
-129/200: 438084.406250/2885.358849/435199.062500/0.000003281
-130/200: 438084.812500/2885.312707/435199.500000/0.000000927
-131/200: 438082.875000/2885.266943/435197.593750/0.000004423
-132/200: 438083.156250/2885.222063/435197.937500/0.000000642
-133/200: 438081.250000/2885.177481/435196.062500/0.000004351
-134/200: 438087.500000/2885.133642/435202.375000/0.000014267
-135/200: 438087.500000/2885.090359/435202.406250/0.000000000
Start evaluating ...
  Columns 1 through 7

    0.0882    0.1086    0.1195    0.1288    0.1388    0.1509    0.1643

  Columns 8 through 10

    0.1766    0.1895    0.1996

    0.0206

Elapsed time is 37299.142833 seconds.
