nohup: ignoring input

                            < M A T L A B (R) >
                  Copyright 1984-2016 The MathWorks, Inc.
                   R2016a (9.0.0.341360) 64-bit (glnxa64)
                             February 11, 2016

 
To get started, type one of these: helpwin, helpdesk, or demo.
For product information, visit www.mathworks.com.
 

	Academic License

Start learning ...
Init data [Dtype: delicious - Dspec: sp3/2550]
Init social model
Load pretrained shallow-model...
Params [lbd-U: 100.0000|lbd-V: 0.0100|lbd-N: 100.0000|lbd-Q: 0.0500]
Staring Sample 3 - Loc: save/bcdl/delicious-alg61-sp3-cold20170228200211805 
CTR(chongwang)-DAE(User graph) Running - Walks(1)...
-1/200: 43492636.000000/13758.313135/43478876.000000/1.000000000
-2/200: 43496840.000000/6271.197718/43490568.000000/0.000096660
-3/200: 43505232.000000/6040.667916/43499192.000000/0.000192934
-4/200: 43510888.000000/5997.719975/43504892.000000/0.000130007
-5/200: 43514656.000000/5981.041058/43508676.000000/0.000086599
-6/200: 43517152.000000/5972.056919/43511180.000000/0.000057360
-7/200: 43519176.000000/5966.439664/43513208.000000/0.000046510
-8/200: 43520944.000000/5962.651819/43514980.000000/0.000040626
-9/200: 43522300.000000/5959.966681/43516340.000000/0.000031157
-10/200: 43523172.000000/5957.994537/43517216.000000/0.000020036
-11/200: 43523584.000000/5956.496551/43517628.000000/0.000009466
-12/200: 43523736.000000/5955.345011/43517780.000000/0.000003492
-13/200: 43523936.000000/5954.431353/43517980.000000/0.000004595
-14/200: 43524252.000000/5953.702416/43518300.000000/0.000007260
-15/200: 43524192.000000/5953.107193/43518240.000000/0.000001379
-16/200: 43524368.000000/5952.617823/43518416.000000/0.000004044
-17/200: 43524344.000000/5952.212796/43518392.000000/0.000000551
-18/200: 43524748.000000/5951.872003/43518796.000000/0.000009282
-19/200: 43524980.000000/5951.582437/43519028.000000/0.000005330
-20/200: 43525156.000000/5951.338589/43519204.000000/0.000004044
-21/200: 43524992.000000/5951.127979/43519040.000000/0.000003768
-22/200: 43524784.000000/5950.945995/43518832.000000/0.000004779
-23/200: 43525300.000000/5950.790102/43519348.000000/0.000011855
-24/200: 43525488.000000/5950.655471/43519536.000000/0.000004319
-25/200: 43525692.000000/5950.541090/43519740.000000/0.000004687
-26/200: 43525664.000000/5950.431318/43519712.000000/0.000000643
-27/200: 43525424.000000/5950.344206/43519472.000000/0.000005514
-28/200: 43525608.000000/5950.263040/43519656.000000/0.000004227
-29/200: 43526116.000000/5950.193052/43520164.000000/0.000011671
-30/200: 43525972.000000/5950.130272/43520020.000000/0.000003308
-31/200: 43525816.000000/5950.078533/43519864.000000/0.000003584
-32/200: 43525944.000000/5950.031397/43519992.000000/0.000002941
-33/200: 43525552.000000/5949.992465/43519604.000000/0.000009006
-34/200: 43525384.000000/5949.955870/43519436.000000/0.000003860
-35/200: 43525092.000000/5949.922153/43519144.000000/0.000006709
-36/200: 43524900.000000/5949.897251/43518952.000000/0.000004411
-37/200: 43524912.000000/5949.873851/43518964.000000/0.000000276
-38/200: 43524976.000000/5949.853987/43519028.000000/0.000001470
-39/200: 43525008.000000/5949.831555/43519060.000000/0.000000735
-40/200: 43525228.000000/5949.821319/43519280.000000/0.000005055
-41/200: 43525248.000000/5949.808685/43519300.000000/0.000000460
-42/200: 43525720.000000/5949.799206/43519772.000000/0.000010844
-43/200: 43526072.000000/5949.788397/43520124.000000/0.000008087
-44/200: 43525948.000000/5949.783955/43520000.000000/0.000002849
-45/200: 43525972.000000/5949.779587/43520024.000000/0.000000551
-46/200: 43526080.000000/5949.772679/43520132.000000/0.000002481
-47/200: 43526144.000000/5949.776166/43520196.000000/0.000001470
-48/200: 43526196.000000/5949.772153/43520248.000000/0.000001195
-49/200: 43526028.000000/5949.774303/43520080.000000/0.000003860
-50/200: 43525392.000000/5949.774826/43519444.000000/0.000014612
-51/200: 43525404.000000/5949.783482/43519456.000000/0.000000276
-52/200: 43525648.000000/5949.788641/43519700.000000/0.000005606
-53/200: 43525540.000000/5949.789464/43519592.000000/0.000002481
-54/200: 43525528.000000/5949.796615/43519580.000000/0.000000276
-55/200: 43525264.000000/5949.802513/43519316.000000/0.000006065
-56/200: 43525420.000000/5949.814660/43519472.000000/0.000003584
-57/200: 43525316.000000/5949.817749/43519368.000000/0.000002389
-58/200: 43525496.000000/5949.828339/43519548.000000/0.000004136
-59/200: 43525352.000000/5949.840310/43519404.000000/0.000003308
-60/200: 43525480.000000/5949.849391/43519532.000000/0.000002941
-61/200: 43525340.000000/5949.858518/43519392.000000/0.000003217
-62/200: 43525276.000000/5949.870747/43519328.000000/0.000001470
-63/200: 43525460.000000/5949.881227/43519512.000000/0.000004227
-64/200: 43525712.000000/5949.894289/43519764.000000/0.000005790
-65/200: 43526304.000000/5949.911593/43520356.000000/0.000013601
-66/200: 43526556.000000/5949.923624/43520608.000000/0.000005790
-67/200: 43525976.000000/5949.937394/43520028.000000/0.000013325
-68/200: 43525624.000000/5949.952925/43519676.000000/0.000008087
-69/200: 43525564.000000/5949.969646/43519616.000000/0.000001378
-70/200: 43525032.000000/5949.983399/43519084.000000/0.000012223
-71/200: 43524984.000000/5949.997793/43519036.000000/0.000001103
-72/200: 43525440.000000/5950.013395/43519488.000000/0.000010477
-73/200: 43525704.000000/5950.032454/43519752.000000/0.000006065
-74/200: 43525716.000000/5950.051043/43519764.000000/0.000000276
-75/200: 43525688.000000/5950.069245/43519736.000000/0.000000643
-76/200: 43525600.000000/5950.086012/43519648.000000/0.000002022
-77/200: 43526168.000000/5950.100563/43520216.000000/0.000013050
-78/200: 43526560.000000/5950.122995/43520608.000000/0.000009006
-79/200: 43526184.000000/5950.140555/43520232.000000/0.000008638
-80/200: 43525584.000000/5950.159741/43519632.000000/0.000013785
-81/200: 43525340.000000/5950.174862/43519388.000000/0.000005606
-82/200: 43525520.000000/5950.194334/43519568.000000/0.000004136
-83/200: 43525600.000000/5950.213648/43519648.000000/0.000001838
-84/200: 43525360.000000/5950.235538/43519408.000000/0.000005514
-85/200: 43525352.000000/5950.254406/43519400.000000/0.000000184
-86/200: 43525500.000000/5950.272775/43519548.000000/0.000003400
-87/200: 43525532.000000/5950.297825/43519580.000000/0.000000735
-88/200: 43525972.000000/5950.310532/43520020.000000/0.000010109
-89/200: 43525764.000000/5950.333486/43519812.000000/0.000004779
-90/200: 43525640.000000/5950.356942/43519688.000000/0.000002849
-91/200: 43525788.000000/5950.382149/43519836.000000/0.000003400
-92/200: 43526060.000000/5950.400045/43520108.000000/0.000006249
-93/200: 43526208.000000/5950.424595/43520256.000000/0.000003400
-94/200: 43526264.000000/5950.442654/43520312.000000/0.000001287
-95/200: 43526608.000000/5950.465270/43520656.000000/0.000007903
-96/200: 43526204.000000/5950.485935/43520252.000000/0.000009282
-97/200: 43526080.000000/5950.506215/43520128.000000/0.000002849
-98/200: 43526200.000000/5950.533174/43520248.000000/0.000002757
-99/200: 43526280.000000/5950.554868/43520328.000000/0.000001838
Recall at EP-100 ...
  Columns 1 through 7

    0.0724    0.0999    0.1196    0.1376    0.1527    0.1643    0.1750

  Columns 8 through 10

    0.1821    0.1893    0.1951

Mrr at EP-100 ...
    0.0167

-100/200: 43526172.000000/5950.578054/43520220.000000/0.000002481
-101/200: 43525736.000000/5950.601973/43519784.000000/0.000010017
-102/200: 43525752.000000/5950.628453/43519800.000000/0.000000368
-103/200: 43526000.000000/5950.648816/43520048.000000/0.000005698
-104/200: 43526272.000000/5950.666454/43520320.000000/0.000006249
-105/200: 43526172.000000/5950.696562/43520220.000000/0.000002297
-106/200: 43526044.000000/5950.718698/43520092.000000/0.000002941
-107/200: 43525948.000000/5950.745910/43519996.000000/0.000002206
-108/200: 43525988.000000/5950.772661/43520036.000000/0.000000919
-109/200: 43526232.000000/5950.792393/43520280.000000/0.000005606
-110/200: 43526044.000000/5950.816138/43520092.000000/0.000004319
-111/200: 43525752.000000/5950.838657/43519800.000000/0.000006709
-112/200: 43526304.000000/5950.867272/43520352.000000/0.000012682
-113/200: 43526224.000000/5950.889555/43520272.000000/0.000001838
-114/200: 43525756.000000/5950.919215/43519804.000000/0.000010752
-115/200: 43525468.000000/5950.940819/43519516.000000/0.000006617
-116/200: 43525268.000000/5950.968293/43519316.000000/0.000004595
-117/200: 43525436.000000/5950.996283/43519484.000000/0.000003860
-118/200: 43525760.000000/5951.020067/43519808.000000/0.000007444
-119/200: 43525644.000000/5951.050506/43519692.000000/0.000002665
-120/200: 43526200.000000/5951.071492/43520248.000000/0.000012774
-121/200: 43526348.000000/5951.097508/43520396.000000/0.000003400
-122/200: 43526744.000000/5951.128696/43520792.000000/0.000009098
-123/200: 43526616.000000/5951.151942/43520664.000000/0.000002941
-124/200: 43526508.000000/5951.183810/43520556.000000/0.000002481
-125/200: 43526212.000000/5951.206526/43520260.000000/0.000006800
-126/200: 43526452.000000/5951.235176/43520500.000000/0.000005514
-127/200: 43525916.000000/5951.259804/43519964.000000/0.000012314
-128/200: 43525744.000000/5951.288560/43519792.000000/0.000003952
-129/200: 43525900.000000/5951.317304/43519948.000000/0.000003584
-130/200: 43525936.000000/5951.341070/43519984.000000/0.000000827
-131/200: 43525744.000000/5951.373621/43519792.000000/0.000004411
-132/200: 43525780.000000/5951.397850/43519828.000000/0.000000827
-133/200: 43525596.000000/5951.427855/43519644.000000/0.000004227
-134/200: 43526232.000000/5951.455273/43520280.000000/0.000014612
-135/200: 43526224.000000/5951.482477/43520272.000000/0.000000184
-136/200: 43525860.000000/5951.510485/43519908.000000/0.000008363
-137/200: 43525844.000000/5951.541052/43519892.000000/0.000000368
-138/200: 43526216.000000/5951.573729/43520264.000000/0.000008547
-139/200: 43526048.000000/5951.598071/43520096.000000/0.000003860
-140/200: 43525932.000000/5951.625921/43519980.000000/0.000002665
-141/200: 43526220.000000/5951.654758/43520268.000000/0.000006617
-142/200: 43526080.000000/5951.686263/43520128.000000/0.000003216
-143/200: 43525504.000000/5951.714299/43519552.000000/0.000013233
-144/200: 43525992.000000/5951.746275/43520040.000000/0.000011212
-145/200: 43525832.000000/5951.773604/43519880.000000/0.000003676
-146/200: 43526024.000000/5951.809581/43520072.000000/0.000004411
-147/200: 43526288.000000/5951.834088/43520336.000000/0.000006065
-148/200: 43526200.000000/5951.865870/43520248.000000/0.000002022
-149/200: 43525760.000000/5951.896407/43519808.000000/0.000010109
-150/200: 43525908.000000/5951.926340/43519956.000000/0.000003400
-151/200: 43526056.000000/5951.957060/43520104.000000/0.000003400
-152/200: 43525856.000000/5951.985676/43519904.000000/0.000004595
-153/200: 43525892.000000/5952.018472/43519940.000000/0.000000827
-154/200: 43525680.000000/5952.048787/43519728.000000/0.000004871
-155/200: 43525816.000000/5952.078920/43519864.000000/0.000003125
-156/200: 43525344.000000/5952.110833/43519392.000000/0.000010844
-157/200: 43525704.000000/5952.145522/43519752.000000/0.000008271
-158/200: 43526024.000000/5952.174952/43520072.000000/0.000007352
-159/200: 43526280.000000/5952.208898/43520328.000000/0.000005882
-160/200: 43525880.000000/5952.239171/43519928.000000/0.000009190
-161/200: 43525900.000000/5952.268855/43519948.000000/0.000000459
-162/200: 43525668.000000/5952.299979/43519716.000000/0.000005330
-163/200: 43526188.000000/5952.334538/43520236.000000/0.000011947
-164/200: 43526068.000000/5952.367352/43520116.000000/0.000002757
-165/200: 43525888.000000/5952.400005/43519936.000000/0.000004135
-166/200: 43526116.000000/5952.427968/43520164.000000/0.000005238
-167/200: 43526100.000000/5952.465662/43520148.000000/0.000000368
-168/200: 43526044.000000/5952.496779/43520092.000000/0.000001287
-169/200: 43526048.000000/5952.529827/43520096.000000/0.000000092
Start evaluating ...
  Columns 1 through 7

    0.0728    0.1010    0.1211    0.1383    0.1531    0.1650    0.1752

  Columns 8 through 10

    0.1828    0.1889    0.1951

    0.0170

Elapsed time is 45402.293971 seconds.
