nohup: ignoring input

                            < M A T L A B (R) >
                  Copyright 1984-2016 The MathWorks, Inc.
                   R2016a (9.0.0.341360) 64-bit (glnxa64)
                             February 11, 2016

 
To get started, type one of these: helpwin, helpdesk, or demo.
For product information, visit www.mathworks.com.
 

	Academic License

Start learning ...
Init data [Dtype: delicious - Dspec: sp3/2550]
Init social model
Load pretrained shallow-model...
Params [lbd-U: 1.0000|lbd-V: 10.0000|lbd-N: 1.0000|lbd-Q: 0.0500]
Staring Sample 3 - Loc: save/bcdl/delicious-alg61-sp3-cold20170228200213504 
CTR(chongwang)-DAE(User graph) Running - Walks(1)...
-1/200: 454397.218750/19608.468008/434788.750000/1.000000000
-2/200: 450201.562500/15315.220798/434886.343750/0.009233455
-3/200: 449615.531250/14662.331750/434953.187500/0.001301709
-4/200: 449138.125000/14122.403429/435015.718750/0.001061810
-5/200: 448982.500000/13920.530358/435061.968750/0.000346497
-6/200: 448962.562500/13869.176687/435093.375000/0.000044406
-7/200: 448962.781250/13844.419835/435118.375000/0.000000487
-8/200: 448968.187500/13828.700540/435139.500000/0.000012042
-9/200: 448974.375000/13818.831802/435155.531250/0.000013782
-10/200: 448979.343750/13813.301697/435166.031250/0.000011067
-11/200: 448982.531250/13811.019647/435171.500000/0.000007099
-12/200: 448985.000000/13811.144909/435173.843750/0.000005499
-13/200: 448989.531250/13813.035327/435176.500000/0.000010092
-14/200: 448996.375000/13816.203110/435180.187500/0.000015243
-15/200: 449000.187500/13820.281747/435179.906250/0.000008491
-16/200: 449006.812500/13824.992417/435181.812500/0.000014755
-17/200: 449011.937500/13830.123369/435181.812500/0.000011414
-18/200: 449021.468750/13835.512056/435185.968750/0.000021227
-19/200: 449029.281250/13841.036277/435188.250000/0.000017399
-20/200: 449036.750000/13846.598067/435190.156250/0.000016633
-21/200: 449040.656250/13852.125590/435188.531250/0.000008699
-22/200: 449044.062500/13857.558463/435186.500000/0.000007586
-23/200: 449054.406250/13862.852354/435191.562500/0.000023035
-24/200: 449061.500000/13867.972519/435193.531250/0.000015797
-25/200: 449068.500000/13872.891174/435195.593750/0.000015588
-26/200: 449072.906250/13877.588119/435195.312500/0.000009812
-27/200: 449074.968750/13882.045867/435192.937500/0.000004593
-28/200: 449080.937500/13886.254256/435194.687500/0.000013291
-29/200: 449090.093750/13890.207175/435199.875000/0.000020389
-30/200: 449092.281250/13893.899680/435198.375000/0.000004871
-31/200: 449094.125000/13897.331310/435196.781250/0.000004106
-32/200: 449098.625000/13900.504088/435198.125000/0.000010020
-33/200: 449097.656250/13903.421383/435194.250000/0.000002157
-34/200: 449098.687500/13906.088214/435192.593750/0.000002296
-35/200: 449098.187500/13908.512497/435189.687500/0.000001113
-36/200: 449098.468750/13910.701630/435187.781250/0.000000626
-37/200: 449100.500000/13912.665589/435187.843750/0.000004523
-38/200: 449102.906250/13914.414862/435188.500000/0.000005358
-39/200: 449104.781250/13915.959826/435188.812500/0.000004175
-40/200: 449108.250000/13917.310372/435190.937500/0.000007724
-41/200: 449109.656250/13918.479833/435191.187500/0.000003131
-42/200: 449115.281250/13919.480096/435195.812500/0.000012525
-43/200: 449119.687500/13920.322526/435199.375000/0.000009811
-44/200: 449119.187500/13921.020359/435198.156250/0.000001113
-45/200: 449119.968750/13921.585725/435198.375000/0.000001740
-46/200: 449121.468750/13922.030948/435199.437500/0.000003340
-47/200: 449122.437500/13922.366072/435200.062500/0.000002157
-48/200: 449123.218750/13922.603249/435200.625000/0.000001740
-49/200: 449121.750000/13922.753037/435199.000000/0.000003270
-50/200: 449115.406250/13922.824906/435192.593750/0.000014125
-51/200: 449115.593750/13922.828630/435192.750000/0.000000417
-52/200: 449117.937500/13922.772730/435195.156250/0.000005219
-53/200: 449116.812500/13922.666087/435194.156250/0.000002505
-54/200: 449116.437500/13922.516786/435193.906250/0.000000835
-55/200: 449113.625000/13922.331424/435191.281250/0.000006262
-56/200: 449115.031250/13922.117496/435192.906250/0.000003131
-57/200: 449113.718750/13921.882258/435191.843750/0.000002922
-58/200: 449115.281250/13921.631440/435193.656250/0.000003479
-59/200: 449113.562500/13921.368555/435192.187500/0.000003827
-60/200: 449114.500000/13921.098597/435193.406250/0.000002087
-61/200: 449112.906250/13920.824440/435192.093750/0.000003549
-62/200: 449112.062500/13920.550205/435191.500000/0.000001879
-63/200: 449113.593750/13920.277308/435193.312500/0.000003410
-64/200: 449115.687500/13920.008339/435195.687500/0.000004662
-65/200: 449121.406250/13919.745570/435201.656250/0.000012733
-66/200: 449123.625000/13919.489382/435204.125000/0.000004940
-67/200: 449117.625000/13919.241219/435198.375000/0.000013359
-68/200: 449113.843750/13919.001454/435194.843750/0.000008419
-69/200: 449113.125000/13918.770195/435194.343750/0.000001600
-70/200: 449107.562500/13918.548739/435189.000000/0.000012386
-71/200: 449106.906250/13918.335728/435188.562500/0.000001461
-72/200: 449111.156250/13918.130989/435193.031250/0.000009463
-73/200: 449113.437500/13917.936129/435195.500000/0.000005079
-74/200: 449113.562500/13917.748170/435195.812500/0.000000278
-75/200: 449113.031250/13917.569314/435195.468750/0.000001183
-76/200: 449112.062500/13917.395913/435194.656250/0.000002157
-77/200: 449117.406250/13917.231105/435200.187500/0.000011898
-78/200: 449121.156250/13917.071791/435204.093750/0.000008350
-79/200: 449117.343750/13916.919014/435200.437500/0.000008489
-80/200: 449111.250000/13916.772116/435194.468750/0.000013568
-81/200: 449108.562500/13916.629952/435191.937500/0.000005984
-82/200: 449110.218750/13916.494087/435193.718750/0.000003688
-83/200: 449110.968750/13916.363415/435194.593750/0.000001670
-84/200: 449108.500000/13916.237041/435192.250000/0.000005497
-85/200: 449108.250000/13916.114845/435192.125000/0.000000557
-86/200: 449109.593750/13915.997483/435193.593750/0.000002992
-87/200: 449109.781250/13915.884188/435193.906250/0.000000417
-88/200: 449113.937500/13915.775526/435198.156250/0.000009254
-89/200: 449111.843750/13915.670708/435196.187500/0.000004662
-90/200: 449110.562500/13915.568258/435195.000000/0.000002853
-91/200: 449111.843750/13915.469635/435196.375000/0.000002853
-92/200: 449114.531250/13915.374316/435199.156250/0.000005984
-93/200: 449115.875000/13915.282144/435200.593750/0.000002992
-94/200: 449116.281250/13915.193315/435201.093750/0.000000905
-95/200: 449119.718750/13915.106891/435204.625000/0.000007654
-96/200: 449115.656250/13915.024098/435200.625000/0.000009045
-97/200: 449114.156250/13914.944376/435199.218750/0.000003340
-98/200: 449115.468750/13914.866285/435200.593750/0.000002922
-99/200: 449116.062500/13914.791155/435201.281250/0.000001322
Recall at EP-100 ...
  Columns 1 through 7

    0.0287    0.0455    0.0564    0.0653    0.0722    0.0786    0.0847

  Columns 8 through 10

    0.0904    0.0948    0.0993

Mrr at EP-100 ...
    0.0076

-100/200: 449114.937500/13914.718090/435200.218750/0.000002505
-101/200: 449110.593750/13914.647344/435195.937500/0.000009672
-102/200: 449110.687500/13914.579256/435196.093750/0.000000209
-103/200: 449112.968750/13914.513547/435198.468750/0.000005079
-104/200: 449115.593750/13914.449102/435201.156250/0.000005845
-105/200: 449114.593750/13914.386967/435200.218750/0.000002227
-106/200: 449113.250000/13914.326828/435198.937500/0.000002992
-107/200: 449112.312500/13914.269223/435198.031250/0.000002087
-108/200: 449112.500000/13914.212946/435198.281250/0.000000417
-109/200: 449115.000000/13914.157945/435200.843750/0.000005567
-110/200: 449113.062500/13914.104949/435198.968750/0.000004314
-111/200: 449110.093750/13914.053910/435196.031250/0.000006610
-112/200: 449115.562500/13914.005081/435201.562500/0.000012177
-113/200: 449114.687500/13913.957410/435200.718750/0.000001948
-114/200: 449109.937500/13913.911802/435196.031250/0.000010576
-115/200: 449107.062500/13913.866706/435193.187500/0.000006402
-116/200: 449105.062500/13913.823684/435191.250000/0.000004453
-117/200: 449106.656250/13913.781377/435192.875000/0.000003549
-118/200: 449109.843750/13913.741849/435196.093750/0.000007097
-119/200: 449108.656250/13913.702481/435194.968750/0.000002644
-120/200: 449114.031250/13913.664578/435200.375000/0.000011968
-121/200: 449115.468750/13913.628060/435201.843750/0.000003201
-122/200: 449119.406250/13913.592263/435205.812500/0.000008767
-123/200: 449118.156250/13913.558698/435204.593750/0.000002783
-124/200: 449117.000000/13913.524713/435203.468750/0.000002574
-125/200: 449114.125000/13913.493111/435200.625000/0.000006401
-126/200: 449116.437500/13913.462435/435202.968750/0.000005149
-127/200: 449111.062500/13913.433283/435197.625000/0.000011968
-128/200: 449109.281250/13913.405236/435195.875000/0.000003966
-129/200: 449110.812500/13913.376879/435197.437500/0.000003410
-130/200: 449111.156250/13913.350089/435197.812500/0.000000765
-131/200: 449109.218750/13913.325065/435195.906250/0.000004314
-132/200: 449109.531250/13913.300689/435196.218750/0.000000696
-133/200: 449107.656250/13913.278334/435194.375000/0.000004175
-134/200: 449113.906250/13913.255718/435200.656250/0.000013916
-135/200: 449113.875000/13913.234262/435200.656250/0.000000070
Start evaluating ...
  Columns 1 through 7

    0.0280    0.0442    0.0545    0.0635    0.0714    0.0777    0.0836

  Columns 8 through 10

    0.0890    0.0940    0.0983

    0.0075

Elapsed time is 37494.214275 seconds.
