nohup: ignoring input

                            < M A T L A B (R) >
                  Copyright 1984-2016 The MathWorks, Inc.
                   R2016a (9.0.0.341360) 64-bit (glnxa64)
                             February 11, 2016

 
To get started, type one of these: helpwin, helpdesk, or demo.
For product information, visit www.mathworks.com.
 

	Academic License

Start learning ...
Init data [Dtype: delicious - Dspec: sp3/2550]
Init social model
Load pretrained shallow-model...
Params [lbd-U: 0.0100|lbd-V: 0.0100|lbd-N: 0.0100|lbd-Q: 0.0500]
Staring Sample 3 - Loc: save/bcdl/delicious-alg61-sp3-cold20170228200212421 
CTR(chongwang)-DAE(User graph) Running - Walks(1)...
-1/200: 6768.945312/2421.057494/4347.887695/1.000000000
-2/200: 6335.710449/1986.990300/4348.720215/0.064003304
-3/200: 6167.990723/1818.823368/4349.167480/0.026472127
-4/200: 6070.565430/1720.781211/4349.784180/0.015795305
-5/200: 5995.081055/1644.714685/4350.366211/0.012434488
-6/200: 5934.393066/1583.621260/4350.771973/0.010122964
-7/200: 5884.391602/1533.306972/4351.084473/0.008425708
-8/200: 5842.375488/1491.037372/4351.337891/0.007140265
-9/200: 5806.479004/1454.950971/4351.527832/0.006144159
-10/200: 5775.387695/1423.734888/4351.652832/0.005354589
-11/200: 5748.154785/1396.434274/4351.720703/0.004715339
-12/200: 5724.090332/1372.336005/4351.754395/0.004186466
-13/200: 5702.681641/1350.895327/4351.786133/0.003740104
-14/200: 5683.513672/1331.687659/4351.826172/0.003361220
-15/200: 5666.202637/1314.376412/4351.826172/0.003045833
-16/200: 5650.538086/1298.691074/4351.847168/0.002764559
-17/200: 5636.258789/1284.411049/4351.847656/0.002527069
-18/200: 5623.243164/1271.354728/4351.888672/0.002309267
-19/200: 5611.283203/1259.370870/4351.912109/0.002126880
-20/200: 5600.262695/1248.332607/4351.930176/0.001963991
-21/200: 5590.045898/1238.132488/4351.913574/0.001824342
-22/200: 5580.572754/1228.678992/4351.893555/0.001694645
-23/200: 5571.836914/1219.893547/4351.943359/0.001565402
-24/200: 5563.670898/1211.708371/4351.962402/0.001465588
-25/200: 5556.046387/1204.064577/4351.981934/0.001370410
-26/200: 5548.889648/1196.910838/4351.979004/0.001288099
-27/200: 5542.156738/1190.202148/4351.954590/0.001213380
-28/200: 5535.871094/1183.898874/4351.972168/0.001134151
-29/200: 5529.988281/1177.965976/4352.022461/0.001062672
-30/200: 5524.380371/1172.372391/4352.007812/0.001014091
-31/200: 5519.082520/1167.090440/4351.992188/0.000958995
-32/200: 5514.099609/1162.095373/4352.004395/0.000902851
-33/200: 5509.330566/1157.364969/4351.965820/0.000864882
-34/200: 5504.828125/1152.879361/4351.948730/0.000817239
-35/200: 5500.540039/1148.620542/4351.919434/0.000778968
-36/200: 5496.472168/1144.572258/4351.899902/0.000739540
-37/200: 5492.619629/1140.719721/4351.899902/0.000700911
-38/200: 5488.956543/1137.049584/4351.906738/0.000666911
-39/200: 5485.458984/1133.549643/4351.909180/0.000637199
-40/200: 5482.139648/1130.208789/4351.930664/0.000605115
-41/200: 5478.949707/1127.016811/4351.933105/0.000581879
-42/200: 5475.942871/1123.964412/4351.978516/0.000548798
-43/200: 5473.056641/1121.043002/4352.013672/0.000527075
-44/200: 5470.246582/1118.244736/4352.001953/0.000513435
-45/200: 5467.566406/1115.562328/4352.003906/0.000489955
-46/200: 5465.004395/1112.989107/4352.015137/0.000468584
-47/200: 5462.539551/1110.518857/4352.020508/0.000451023
-48/200: 5460.171387/1108.145850/4352.025391/0.000433528
-49/200: 5457.874023/1105.864740/4352.009277/0.000420749
-50/200: 5455.615234/1103.670629/4351.944824/0.000413859
-51/200: 5453.504883/1101.558911/4351.945801/0.000386822
-52/200: 5451.496094/1099.525325/4351.970703/0.000368348
-53/200: 5449.526855/1097.565876/4351.960938/0.000361229
-54/200: 5447.634766/1095.676847/4351.958008/0.000347203
-55/200: 5445.787109/1093.854757/4351.932129/0.000339167
-56/200: 5444.043457/1092.096391/4351.947266/0.000320184
-57/200: 5442.335938/1090.398683/4351.937012/0.000313649
-58/200: 5440.713379/1088.758770/4351.954590/0.000298136
-59/200: 5439.113281/1087.173967/4351.939453/0.000294097
-60/200: 5437.593750/1085.641772/4351.952148/0.000279371
-61/200: 5436.098633/1084.159801/4351.938965/0.000274959
-62/200: 5434.658691/1082.725864/4351.932617/0.000264885
-63/200: 5433.288086/1081.337826/4351.950195/0.000252197
-64/200: 5431.968262/1079.993740/4351.974609/0.000242914
-65/200: 5430.726074/1078.691708/4352.034180/0.000228681
-66/200: 5429.488770/1077.429979/4352.058594/0.000227834
-67/200: 5428.208008/1076.206865/4352.000977/0.000235890
-68/200: 5426.985840/1075.020834/4351.964844/0.000225151
-69/200: 5425.830566/1073.870367/4351.959961/0.000212876
-70/200: 5424.660645/1072.754040/4351.906738/0.000215621
-71/200: 5423.572754/1071.670500/4351.902344/0.000200545
-72/200: 5422.565430/1070.618493/4351.946777/0.000185731
-73/200: 5421.568848/1069.596807/4351.972168/0.000183784
-74/200: 5420.579590/1068.604314/4351.975098/0.000182467
-75/200: 5419.610352/1067.639880/4351.970703/0.000178807
-76/200: 5418.665527/1066.702475/4351.962891/0.000174334
-77/200: 5417.809082/1065.791106/4352.018066/0.000158055
-78/200: 5416.962891/1064.904841/4352.058105/0.000156187
-79/200: 5416.063965/1064.042793/4352.020996/0.000165946
-80/200: 5415.164551/1063.204113/4351.960449/0.000166064
-81/200: 5414.323730/1062.387948/4351.935547/0.000155271
-82/200: 5413.546875/1061.593521/4351.953125/0.000143482
-83/200: 5412.782715/1060.820078/4351.962402/0.000141157
-84/200: 5412.004395/1060.066929/4351.937500/0.000143793
-85/200: 5411.270508/1059.333369/4351.937012/0.000135603
-86/200: 5410.570312/1058.618772/4351.951660/0.000129396
-87/200: 5409.876953/1057.922490/4351.954590/0.000128149
-88/200: 5409.241211/1057.243941/4351.997070/0.000117515
-89/200: 5408.559570/1056.582548/4351.977051/0.000126014
-90/200: 5407.902832/1055.937726/4351.965332/0.000121426
-91/200: 5407.289062/1055.308991/4351.979980/0.000113495
-92/200: 5406.702148/1054.695817/4352.006348/0.000108541
-93/200: 5406.119141/1054.097732/4352.021484/0.000107831
-94/200: 5405.540527/1053.514266/4352.026367/0.000107029
-95/200: 5405.005859/1052.944969/4352.061035/0.000098911
-96/200: 5404.412598/1052.389405/4352.022949/0.000109762
-97/200: 5403.855469/1051.847161/4352.008301/0.000103088
-98/200: 5403.339355/1051.317855/4352.021484/0.000095508
-99/200: 5402.830078/1050.801090/4352.028809/0.000094252
Recall at EP-100 ...
  Columns 1 through 7

    0.0830    0.1012    0.1117    0.1186    0.1246    0.1312    0.1395

  Columns 8 through 10

    0.1487    0.1606    0.1719

Mrr at EP-100 ...
    0.0195

-100/200: 5402.313477/1050.296495/4352.017090/0.000095617
-101/200: 5401.778320/1049.803705/4351.974609/0.000099061
-102/200: 5401.298828/1049.322403/4351.976562/0.000088766
-103/200: 5400.852539/1048.852249/4352.000488/0.000082626
-104/200: 5400.419922/1048.392931/4352.026855/0.000080102
-105/200: 5399.962402/1047.944120/4352.018066/0.000084719
-106/200: 5399.510254/1047.505551/4352.004883/0.000083732
-107/200: 5399.071289/1047.076944/4351.994141/0.000081297
-108/200: 5398.656738/1046.658004/4351.998535/0.000076782
-109/200: 5398.271484/1046.248456/4352.022949/0.000071361
-110/200: 5397.852051/1045.848060/4352.003906/0.000077698
-111/200: 5397.431152/1045.456564/4351.974609/0.000077975
-112/200: 5397.103027/1045.073711/4352.029297/0.000060793
-113/200: 5396.721191/1044.699304/4352.021973/0.000070748
-114/200: 5396.308105/1044.333097/4351.975098/0.000076544
-115/200: 5395.921875/1043.974878/4351.946777/0.000071573
-116/200: 5395.551270/1043.624459/4351.926758/0.000068683
-117/200: 5395.225098/1043.281607/4351.943359/0.000060452
-118/200: 5394.921387/1042.946139/4351.975098/0.000056293
-119/200: 5394.582031/1042.617864/4351.964355/0.000062903
-120/200: 5394.315430/1042.296612/4352.019043/0.000049420
-121/200: 5394.015625/1041.982183/4352.033203/0.000055578
-122/200: 5393.747559/1041.674420/4352.073242/0.000049697
-123/200: 5393.433594/1041.373135/4352.060547/0.000058209
-124/200: 5393.126953/1041.078201/4352.048828/0.000056854
-125/200: 5392.809570/1040.789426/4352.020020/0.000058849
-126/200: 5392.551270/1040.506679/4352.044434/0.000047897
-127/200: 5392.221191/1040.229808/4351.991211/0.000061210
-128/200: 5391.932129/1039.958683/4351.973633/0.000053607
-129/200: 5391.682129/1039.693143/4351.988770/0.000046366
-130/200: 5391.425293/1039.433045/4351.992188/0.000047636
-131/200: 5391.151855/1039.178297/4351.973633/0.000050717
-132/200: 5390.905762/1038.928756/4351.977051/0.000045648
-133/200: 5390.642578/1038.684273/4351.958496/0.000048820
-134/200: 5390.466797/1038.444752/4352.021973/0.000032609
-135/200: 5390.231445/1038.210074/4352.021484/0.000043661
-136/200: 5389.964844/1037.980140/4351.984863/0.000049460
-137/200: 5389.737305/1037.754822/4351.982422/0.000042215
-138/200: 5389.553711/1037.534008/4352.019531/0.000034064
-139/200: 5389.320312/1037.317613/4352.002930/0.000043306
-140/200: 5389.096191/1037.105512/4351.990723/0.000041586
-141/200: 5388.917969/1036.897634/4352.020508/0.000033071
-142/200: 5388.699707/1036.693861/4352.005859/0.000040502
-143/200: 5388.442871/1036.494110/4351.948730/0.000047662
-144/200: 5388.295898/1036.298299/4351.997559/0.000027276
-145/200: 5388.087891/1036.106315/4351.981445/0.000038604
-146/200: 5387.918945/1035.918078/4352.000977/0.000031355
-147/200: 5387.760742/1035.733536/4352.027344/0.000029363
-148/200: 5387.570312/1035.552575/4352.017578/0.000035345
-149/200: 5387.348145/1035.375135/4351.973145/0.000041237
-150/200: 5387.190430/1035.201127/4351.989258/0.000029275
-151/200: 5387.033203/1035.030461/4352.002930/0.000029185
-152/200: 5386.846191/1034.863118/4351.982910/0.000034715
-153/200: 5386.685059/1034.698969/4351.986328/0.000029912
-154/200: 5386.504883/1034.537965/4351.966797/0.000033448
-155/200: 5386.359375/1034.380053/4351.979492/0.000027013
-156/200: 5386.157227/1034.225159/4351.932129/0.000037530
-157/200: 5386.040527/1034.073200/4351.967285/0.000021667
-158/200: 5385.923828/1033.924139/4351.999512/0.000021667
-159/200: 5385.803711/1033.777888/4352.025879/0.000022302
-160/200: 5385.619629/1033.634415/4351.985352/0.000034179
-161/200: 5385.479980/1033.493657/4351.986328/0.000025930
-162/200: 5385.319824/1033.355532/4351.964355/0.000029739
-163/200: 5385.236328/1033.219998/4352.016113/0.000015504
-164/200: 5385.090332/1033.087019/4352.003418/0.000027110
-165/200: 5384.942383/1032.956521/4351.985840/0.000027474
-166/200: 5384.836914/1032.828460/4352.008301/0.000019586
-167/200: 5384.709961/1032.702792/4352.007324/0.000023576
-168/200: 5384.581055/1032.579459/4352.001465/0.000023939
-169/200: 5384.460449/1032.458414/4352.001953/0.000022398
-170/200: 5384.331543/1032.339620/4351.991699/0.000023940
-171/200: 5384.186523/1032.223024/4351.963379/0.000026934
-172/200: 5384.064941/1032.108581/4351.956543/0.000022581
-173/200: 5383.962891/1031.996232/4351.966797/0.000018954
-174/200: 5383.841309/1031.885953/4351.955566/0.000022582
-175/200: 5383.746582/1031.777699/4351.968750/0.000017595
-176/200: 5383.660645/1031.671436/4351.989258/0.000015962
-177/200: 5383.585449/1031.567103/4352.018555/0.000013967
-178/200: 5383.479980/1031.464694/4352.015137/0.000019591
-179/200: 5383.395020/1031.364139/4352.030762/0.000015782
-180/200: 5383.265625/1031.265414/4352.000000/0.000024036
-181/200: 5383.131348/1031.168482/4351.962891/0.000024943
-182/200: 5383.074219/1031.073311/4352.000977/0.000010613
-183/200: 5383.015137/1030.979868/4352.035156/0.000010976
-184/200: 5382.905273/1030.888107/4352.017090/0.000020409
-185/200: 5382.860840/1030.798014/4352.062988/0.000008255
-186/200: 5382.746582/1030.709543/4352.037109/0.000021226
-187/200: 5382.671387/1030.622657/4352.048828/0.000013970
-188/200: 5382.580078/1030.537340/4352.042969/0.000016963
-189/200: 5382.498535/1030.453549/4352.044922/0.000015149
-190/200: 5382.408691/1030.371270/4352.037598/0.000016692
-191/200: 5382.343750/1030.290457/4352.053223/0.000012065
-192/200: 5382.259277/1030.211094/4352.048340/0.000015694
-193/200: 5382.216309/1030.133146/4352.083008/0.000007983
-194/200: 5382.115234/1030.056582/4352.058594/0.000018779
-195/200: 5382.008301/1029.981381/4352.026855/0.000019868
-196/200: 5381.919922/1029.907517/4352.012207/0.000016421
-197/200: 5381.857422/1029.834970/4352.022461/0.000011613
-198/200: 5381.753906/1029.763698/4351.990234/0.000019234
-199/200: 5381.651855/1029.693696/4351.958008/0.000018962
