nohup: ignoring input

                            < M A T L A B (R) >
                  Copyright 1984-2016 The MathWorks, Inc.
                   R2016a (9.0.0.341360) 64-bit (glnxa64)
                             February 11, 2016

 
To get started, type one of these: helpwin, helpdesk, or demo.
For product information, visit www.mathworks.com.
 

	Academic License

Start learning ...
Init data [Dtype: delicious - Dspec: sp3/2550]
Init social model
Load pretrained shallow-model...
Params [lbd-U: 0.1000|lbd-V: 0.1000|lbd-N: 0.1000|lbd-Q: 0.0500]
Staring Sample 3 - Loc: save/bcdl/delicious-alg61-sp3-cold20170228200210615 
CTR(chongwang)-DAE(User graph) Running - Walks(1)...
-1/200: 46535.355469/3056.480036/43478.875000/1.000000000
-2/200: 45319.988281/1832.529105/43487.460938/0.026117072
-3/200: 45266.042969/1772.752944/43493.289062/0.001190321
-4/200: 45243.531250/1743.310187/43500.222656/0.000497320
-5/200: 45225.882812/1720.563369/43505.320312/0.000390076
-6/200: 45211.261719/1702.487306/43508.773438/0.000323290
-7/200: 45199.320312/1687.855922/43511.464844/0.000264125
-8/200: 45189.574219/1675.865372/43513.707031/0.000215625
-9/200: 45181.351562/1665.942303/43515.410156/0.000181959
-10/200: 45174.183594/1657.659697/43516.523438/0.000158649
-11/200: 45167.804688/1650.692623/43517.113281/0.000141207
-12/200: 45162.183594/1644.790931/43517.394531/0.000124449
-13/200: 45157.445312/1639.759999/43517.683594/0.000104917
-14/200: 45153.503906/1635.446648/43518.058594/0.000087281
-15/200: 45149.777344/1631.729479/43518.046875/0.000082531
-16/200: 45146.765625/1628.510547/43518.253906/0.000066705
-17/200: 45143.960938/1625.710784/43518.250000/0.000062124
-18/200: 45141.941406/1623.265707/43518.675781/0.000044735
-19/200: 45140.035156/1621.121952/43518.914062/0.000042228
-20/200: 45138.335938/1619.235360/43519.101562/0.000037643
-21/200: 45136.511719/1617.569168/43518.941406/0.000040414
-22/200: 45134.843750/1616.092567/43518.750000/0.000036954
-23/200: 45134.039062/1614.779532/43519.257812/0.000017829
-24/200: 45133.062500/1613.608184/43519.453125/0.000021637
-25/200: 45132.207031/1612.559936/43519.648438/0.000018954
-26/200: 45131.253906/1611.618785/43519.636719/0.000021119
-27/200: 45130.167969/1610.771231/43519.398438/0.000024062
-28/200: 45129.578125/1610.005576/43519.574219/0.000013070
-29/200: 45129.398438/1609.311805/43520.085938/0.000003982
-30/200: 45128.625000/1608.681392/43519.945312/0.000017138
-31/200: 45127.882812/1608.106695/43519.777344/0.000016446
-32/200: 45127.496094/1607.581408/43519.914062/0.000008569
-33/200: 45126.632812/1607.099765/43519.531250/0.000019130
-34/200: 45126.027344/1606.657009/43519.371094/0.000013417
-35/200: 45125.324219/1606.248849/43519.074219/0.000015581
-36/200: 45124.761719/1605.871527/43518.890625/0.000012465
-37/200: 45124.421875/1605.521845/43518.898438/0.000007531
-38/200: 45124.156250/1605.196868/43518.960938/0.000005887
-39/200: 45123.886719/1604.894173/43518.992188/0.000005973
-40/200: 45123.824219/1604.611453/43519.210938/0.000001385
-41/200: 45123.578125/1604.346915/43519.230469/0.000005454
-42/200: 45123.792969/1604.098759/43519.695312/0.000004761
-43/200: 45123.914062/1603.865524/43520.046875/0.000002684
-44/200: 45123.574219/1603.645783/43519.929688/0.000007531
-45/200: 45123.386719/1603.438485/43519.949219/0.000004155
-46/200: 45123.296875/1603.242421/43520.054688/0.000001991
-47/200: 45123.183594/1603.056733/43520.125000/0.000002510
-48/200: 45123.050781/1602.880456/43520.171875/0.000002943
-49/200: 45122.726562/1602.713014/43520.011719/0.000007185
-50/200: 45121.929688/1602.553583/43519.375000/0.000017660
-51/200: 45121.792969/1602.401687/43519.390625/0.000003030
-52/200: 45121.890625/1602.256690/43519.632812/0.000002164
-53/200: 45121.652344/1602.118161/43519.535156/0.000005281
-54/200: 45121.492188/1601.985650/43519.507812/0.000003549
-55/200: 45121.109375/1601.858734/43519.250000/0.000008484
-56/200: 45121.148438/1601.737056/43519.410156/0.000000866
-57/200: 45120.925781/1601.620355/43519.304688/0.000004935
-58/200: 45120.992188/1601.508253/43519.484375/0.000001472
-59/200: 45120.738281/1601.400545/43519.335938/0.000005627
-60/200: 45120.761719/1601.296899/43519.464844/0.000000519
-61/200: 45120.523438/1601.197176/43519.328125/0.000005281
-62/200: 45120.367188/1601.101137/43519.265625/0.000003463
-63/200: 45120.453125/1601.008502/43519.445312/0.000001905
-64/200: 45120.605469/1600.919236/43519.687500/0.000003376
-65/200: 45121.121094/1600.833118/43520.289062/0.000011428
-66/200: 45121.281250/1600.749887/43520.531250/0.000003549
-67/200: 45120.628906/1600.669531/43519.960938/0.000014458
-68/200: 45120.199219/1600.591810/43519.605469/0.000009523
-69/200: 45120.070312/1600.516671/43519.554688/0.000002857
-70/200: 45119.468750/1600.444003/43519.023438/0.000013332
-71/200: 45119.351562/1600.373642/43518.976562/0.000002597
-72/200: 45119.734375/1600.305499/43519.429688/0.000008484
-73/200: 45119.921875/1600.239438/43519.683594/0.000004156
-74/200: 45119.882812/1600.175409/43519.707031/0.000000866
-75/200: 45119.781250/1600.113267/43519.667969/0.000002251
-76/200: 45119.640625/1600.053055/43519.585938/0.000003117
-77/200: 45120.144531/1599.994542/43520.148438/0.000011168
-78/200: 45120.476562/1599.937768/43520.539062/0.000007359
-79/200: 45120.050781/1599.882562/43520.167969/0.000009437
-80/200: 45119.398438/1599.828938/43519.570312/0.000014458
-81/200: 45119.105469/1599.776684/43519.328125/0.000006493
-82/200: 45119.234375/1599.725967/43519.507812/0.000002857
-83/200: 45119.261719/1599.676615/43519.585938/0.000000606
-84/200: 45118.980469/1599.628531/43519.351562/0.000006233
-85/200: 45118.921875/1599.581704/43519.339844/0.000001299
-86/200: 45119.019531/1599.536128/43519.484375/0.000002164
-87/200: 45119.011719/1599.491732/43519.519531/0.000000173
-88/200: 45119.402344/1599.448449/43519.953125/0.000008658
-89/200: 45119.156250/1599.406180/43519.750000/0.000005454
-90/200: 45118.996094/1599.364987/43519.632812/0.000003550
-91/200: 45119.085938/1599.324819/43519.761719/0.000001991
-92/200: 45119.332031/1599.285527/43520.046875/0.000005454
-93/200: 45119.437500/1599.247257/43520.191406/0.000002338
-94/200: 45119.453125/1599.209843/43520.242188/0.000000346
-95/200: 45119.761719/1599.173302/43520.589844/0.000006839
-96/200: 45119.332031/1599.137557/43520.195312/0.000009523
-97/200: 45119.164062/1599.102681/43520.062500/0.000003723
-98/200: 45119.257812/1599.068606/43520.187500/0.000002078
-99/200: 45119.292969/1599.035162/43520.257812/0.000000779
Recall at EP-100 ...
  Columns 1 through 7

    0.0851    0.1043    0.1151    0.1215    0.1285    0.1359    0.1439

  Columns 8 through 10

    0.1544    0.1663    0.1780

Mrr at EP-100 ...
    0.0206

-100/200: 45119.160156/1599.002529/43520.156250/0.000002944
-101/200: 45118.695312/1598.970572/43519.726562/0.000010303
-102/200: 45118.679688/1598.939357/43519.742188/0.000000346
-103/200: 45118.894531/1598.908701/43519.984375/0.000004762
-104/200: 45119.128906/1598.878670/43520.250000/0.000005195
-105/200: 45119.003906/1598.849343/43520.156250/0.000002770
-106/200: 45118.847656/1598.820571/43520.027344/0.000003463
-107/200: 45118.726562/1598.792411/43519.933594/0.000002684
-108/200: 45118.742188/1598.764765/43519.976562/0.000000346
-109/200: 45118.957031/1598.737676/43520.218750/0.000004762
-110/200: 45118.750000/1598.711104/43520.039062/0.000004589
-111/200: 45118.417969/1598.685078/43519.734375/0.000007359
-112/200: 45118.949219/1598.659520/43520.289062/0.000011775
-113/200: 45118.843750/1598.634393/43520.210938/0.000002338
-114/200: 45118.351562/1598.609832/43519.742188/0.000010909
-115/200: 45118.046875/1598.585644/43519.460938/0.000006753
-116/200: 45117.828125/1598.561904/43519.265625/0.000004848
-117/200: 45117.968750/1598.538614/43519.429688/0.000003117
-118/200: 45118.265625/1598.515709/43519.750000/0.000006580
-119/200: 45118.128906/1598.493255/43519.636719/0.000003030
-120/200: 45118.656250/1598.471160/43520.183594/0.000011688
-121/200: 45118.777344/1598.449427/43520.328125/0.000002684
-122/200: 45119.160156/1598.428089/43520.730469/0.000008485
-123/200: 45119.007812/1598.407149/43520.601562/0.000003376
-124/200: 45118.878906/1598.386469/43520.492188/0.000002857
-125/200: 45118.566406/1598.366192/43520.199219/0.000006926
-126/200: 45118.789062/1598.346225/43520.441406/0.000004935
-127/200: 45118.234375/1598.326618/43519.906250/0.000012294
-128/200: 45118.046875/1598.307298/43519.738281/0.000004156
-129/200: 45118.175781/1598.288272/43519.886719/0.000002857
-130/200: 45118.191406/1598.269550/43519.921875/0.000000346
-131/200: 45117.988281/1598.251087/43519.738281/0.000004502
-132/200: 45118.003906/1598.232946/43519.769531/0.000000346
-133/200: 45117.800781/1598.215088/43519.585938/0.000004502
-134/200: 45118.417969/1598.197484/43520.218750/0.000013679
-135/200: 45118.390625/1598.180120/43520.210938/0.000000606
-136/200: 45118.011719/1598.163005/43519.847656/0.000008398
-137/200: 45117.972656/1598.146231/43519.828125/0.000000866
-138/200: 45118.328125/1598.129610/43520.199219/0.000007879
-139/200: 45118.148438/1598.113228/43520.035156/0.000003983
-140/200: 45118.015625/1598.097064/43519.917969/0.000002944
-141/200: 45118.289062/1598.081175/43520.207031/0.000006060
-142/200: 45118.136719/1598.065524/43520.070312/0.000003377
-143/200: 45117.550781/1598.050071/43519.500000/0.000012987
-144/200: 45118.027344/1598.034739/43519.992188/0.000010563
-145/200: 45117.847656/1598.019756/43519.828125/0.000003983
-146/200: 45118.019531/1598.004880/43520.015625/0.000003809
-147/200: 45118.265625/1597.990227/43520.277344/0.000005454
-148/200: 45118.171875/1597.975802/43520.195312/0.000002078
-149/200: 45117.718750/1597.961499/43519.757812/0.000010043
-150/200: 45117.851562/1597.947395/43519.902344/0.000002944
-151/200: 45117.976562/1597.933499/43520.042969/0.000002771
-152/200: 45117.765625/1597.919739/43519.847656/0.000004675
-153/200: 45117.789062/1597.906174/43519.882812/0.000000519
-154/200: 45117.570312/1597.892823/43519.675781/0.000004848
-155/200: 45117.687500/1597.879553/43519.808594/0.000002597
-156/200: 45117.203125/1597.866495/43519.335938/0.000010736
-157/200: 45117.550781/1597.853583/43519.695312/0.000007706
-158/200: 45117.851562/1597.840815/43520.011719/0.000006667
-159/200: 45118.097656/1597.828247/43520.269531/0.000005454
-160/200: 45117.695312/1597.815746/43519.878906/0.000008918
-161/200: 45117.691406/1597.803417/43519.886719/0.000000087
Start evaluating ...
  Columns 1 through 7

    0.0850    0.1043    0.1148    0.1214    0.1281    0.1352    0.1437

  Columns 8 through 10

    0.1534    0.1654    0.1768

    0.0206

Elapsed time is 43629.187888 seconds.
