nohup: ignoring input

                            < M A T L A B (R) >
                  Copyright 1984-2016 The MathWorks, Inc.
                   R2016a (9.0.0.341360) 64-bit (glnxa64)
                             February 11, 2016

 
To get started, type one of these: helpwin, helpdesk, or demo.
For product information, visit www.mathworks.com.
 

	Academic License

Start learning ...
Init data [Dtype: delicious - Dspec: sp3/2550]
Init social model
Load pretrained shallow-model...
Params [lbd-U: 10.0000|lbd-V: 10.0000|lbd-N: 10.0000|lbd-Q: 0.0500]
Staring Sample 3 - Loc: save/bcdl/delicious-alg61-sp3-cold20170228200212678 
CTR(chongwang)-DAE(User graph) Running - Walks(1)...
-1/200: 4365187.000000/17299.638356/4347887.500000/1.000000000
-2/200: 4364255.500000/15236.745600/4349019.000000/0.000213393
-3/200: 4365082.000000/15229.276772/4349852.500000/0.000189379
-4/200: 4365671.500000/15229.249640/4350442.500000/0.000135049
-5/200: 4366063.500000/15229.947761/4350833.500000/0.000089791
-6/200: 4366323.500000/15230.592007/4351093.000000/0.000059550
-7/200: 4366533.000000/15231.179909/4351302.000000/0.000047981
-8/200: 4366715.500000/15231.720650/4351484.000000/0.000041795
-9/200: 4366855.500000/15232.219614/4351623.500000/0.000032061
-10/200: 4366946.000000/15232.678831/4351713.500000/0.000020724
-11/200: 4366989.500000/15233.103304/4351756.500000/0.000009961
-12/200: 4367006.500000/15233.497285/4351773.000000/0.000003893
-13/200: 4367027.500000/15233.862688/4351793.500000/0.000004809
-14/200: 4367060.500000/15234.202423/4351826.500000/0.000007557
-15/200: 4367054.500000/15234.519828/4351820.000000/0.000001374
-16/200: 4367074.000000/15234.815118/4351839.000000/0.000004465
-17/200: 4367071.000000/15235.089822/4351836.000000/0.000000687
-18/200: 4367112.500000/15235.346074/4351877.000000/0.000009503
-19/200: 4367135.000000/15235.586168/4351899.500000/0.000005152
-20/200: 4367154.000000/15235.810105/4351918.000000/0.000004351
-21/200: 4367137.000000/15236.020467/4351901.000000/0.000003893
-22/200: 4367117.000000/15236.217370/4351881.000000/0.000004580
-23/200: 4367168.000000/15236.402406/4351931.500000/0.000011678
-24/200: 4367188.000000/15236.575851/4351951.500000/0.000004580
-25/200: 4367208.000000/15236.739488/4351971.500000/0.000004580
-26/200: 4367206.500000/15236.893958/4351969.500000/0.000000343
-27/200: 4367181.500000/15237.039170/4351944.500000/0.000005724
-28/200: 4367200.000000/15237.176034/4351963.000000/0.000004236
-29/200: 4367252.000000/15237.305824/4352014.500000/0.000011907
-30/200: 4367237.000000/15237.429242/4351999.500000/0.000003435
-31/200: 4367221.000000/15237.546015/4351983.500000/0.000003664
-32/200: 4367234.500000/15237.658062/4351997.000000/0.000003091
-33/200: 4367196.000000/15237.764855/4351958.000000/0.000008816
-34/200: 4367179.000000/15237.867331/4351941.000000/0.000003893
-35/200: 4367150.500000/15237.965762/4351912.500000/0.000006526
-36/200: 4367131.500000/15238.060882/4351893.500000/0.000004351
-37/200: 4367132.000000/15238.152694/4351894.000000/0.000000114
-38/200: 4367138.500000/15238.241029/4351900.500000/0.000001488
-39/200: 4367142.000000/15238.327485/4351903.500000/0.000000801
-40/200: 4367164.500000/15238.411326/4351926.000000/0.000005152
-41/200: 4367166.500000/15238.493281/4351928.000000/0.000000458
-42/200: 4367213.000000/15238.573571/4351974.500000/0.000010648
-43/200: 4367248.500000/15238.651865/4352010.000000/0.000008129
-44/200: 4367236.500000/15238.728478/4351998.000000/0.000002748
-45/200: 4367239.000000/15238.804038/4352000.000000/0.000000572
-46/200: 4367249.500000/15238.878860/4352010.500000/0.000002404
-47/200: 4367256.000000/15238.952422/4352017.000000/0.000001488
-48/200: 4367261.000000/15239.025168/4352022.000000/0.000001145
-49/200: 4367245.000000/15239.097647/4352006.000000/0.000003664
-50/200: 4367181.000000/15239.169267/4351942.000000/0.000014655
-51/200: 4367182.500000/15239.240150/4351943.500000/0.000000343
-52/200: 4367207.500000/15239.310529/4351968.000000/0.000005725
-53/200: 4367197.000000/15239.381070/4351957.500000/0.000002404
-54/200: 4367194.500000/15239.451740/4351955.000000/0.000000572
-55/200: 4367169.000000/15239.521422/4351929.500000/0.000005839
-56/200: 4367184.000000/15239.590986/4351944.500000/0.000003435
-57/200: 4367174.000000/15239.661443/4351934.500000/0.000002290
-58/200: 4367192.500000/15239.731758/4351953.000000/0.000004236
-59/200: 4367177.500000/15239.801916/4351937.500000/0.000003435
-60/200: 4367190.500000/15239.871147/4351950.500000/0.000002977
-61/200: 4367177.000000/15239.940731/4351937.000000/0.000003091
-62/200: 4367170.500000/15240.010346/4351930.500000/0.000001488
-63/200: 4367189.500000/15240.079880/4351949.500000/0.000004351
-64/200: 4367213.500000/15240.149304/4351973.500000/0.000005496
-65/200: 4367274.000000/15240.219363/4352034.000000/0.000013853
-66/200: 4367298.500000/15240.289522/4352058.000000/0.000005610
-67/200: 4367241.000000/15240.359478/4352000.500000/0.000013166
-68/200: 4367205.000000/15240.428930/4351964.500000/0.000008243
-69/200: 4367200.000000/15240.498453/4351959.500000/0.000001145
-70/200: 4367146.500000/15240.568150/4351906.000000/0.000012250
-71/200: 4367142.500000/15240.638072/4351902.000000/0.000000916
-72/200: 4367187.000000/15240.707448/4351946.500000/0.000010190
-73/200: 4367213.000000/15240.777581/4351972.000000/0.000005953
-74/200: 4367216.000000/15240.847480/4351975.000000/0.000000687
-75/200: 4367212.000000/15240.917253/4351971.000000/0.000000916
-76/200: 4367204.000000/15240.987032/4351963.000000/0.000001832
-77/200: 4367260.000000/15241.057262/4352019.000000/0.000012823
-78/200: 4367300.000000/15241.126479/4352059.000000/0.000009159
-79/200: 4367262.500000/15241.196564/4352021.500000/0.000008587
-80/200: 4367202.500000/15241.266225/4351961.000000/0.000013739
-81/200: 4367177.000000/15241.335767/4351935.500000/0.000005839
-82/200: 4367195.500000/15241.405473/4351954.000000/0.000004236
-83/200: 4367204.500000/15241.475401/4351963.000000/0.000002061
-84/200: 4367179.500000/15241.544807/4351938.000000/0.000005724
-85/200: 4367179.000000/15241.614695/4351937.500000/0.000000114
-86/200: 4367194.000000/15241.684210/4351952.500000/0.000003435
-87/200: 4367198.000000/15241.754052/4351956.000000/0.000000916
-88/200: 4367241.000000/15241.823972/4351999.000000/0.000009846
-89/200: 4367221.000000/15241.893759/4351979.000000/0.000004580
-90/200: 4367209.500000/15241.963440/4351967.500000/0.000002633
-91/200: 4367222.500000/15242.032543/4351980.500000/0.000002977
-92/200: 4367251.000000/15242.102022/4352009.000000/0.000006526
-93/200: 4367265.500000/15242.171258/4352023.500000/0.000003320
-94/200: 4367271.000000/15242.240550/4352029.000000/0.000001259
-95/200: 4367306.500000/15242.309989/4352064.000000/0.000008129
-96/200: 4367266.500000/15242.379745/4352024.000000/0.000009159
-97/200: 4367252.000000/15242.449738/4352009.500000/0.000003320
-98/200: 4367265.500000/15242.519232/4352023.000000/0.000003091
-99/200: 4367273.000000/15242.588878/4352030.500000/0.000001717
Recall at EP-100 ...
  Columns 1 through 7

    0.0119    0.0252    0.0348    0.0418    0.0472    0.0520    0.0561

  Columns 8 through 10

    0.0597    0.0634    0.0667

Mrr at EP-100 ...
    0.0022

-100/200: 4367262.000000/15242.658964/4352019.500000/0.000002519
-101/200: 4367218.500000/15242.727802/4351976.000000/0.000009960
-102/200: 4367221.000000/15242.797556/4351978.000000/0.000000572
-103/200: 4367245.000000/15242.867279/4352002.000000/0.000005495
-104/200: 4367272.000000/15242.936427/4352029.000000/0.000006182
-105/200: 4367262.500000/15243.005699/4352019.500000/0.000002175
-106/200: 4367250.000000/15243.075526/4352007.000000/0.000002862
-107/200: 4367240.500000/15243.145396/4351997.500000/0.000002175
-108/200: 4367243.500000/15243.214579/4352000.500000/0.000000687
-109/200: 4367269.500000/15243.283738/4352026.000000/0.000005953
-110/200: 4367250.500000/15243.352882/4352007.000000/0.000004351
-111/200: 4367221.500000/15243.422977/4351978.000000/0.000006640
-112/200: 4367277.500000/15243.493031/4352034.000000/0.000012823
-113/200: 4367268.000000/15243.562823/4352024.500000/0.000002175
-114/200: 4367221.500000/15243.632619/4351978.000000/0.000010647
-115/200: 4367192.500000/15243.702470/4351949.000000/0.000006640
-116/200: 4367173.500000/15243.772022/4351929.500000/0.000004351
-117/200: 4367190.000000/15243.841566/4351946.000000/0.000003778
-118/200: 4367223.000000/15243.911729/4351979.000000/0.000007556
-119/200: 4367211.000000/15243.981593/4351967.000000/0.000002748
-120/200: 4367266.500000/15244.050790/4352022.500000/0.000012708
-121/200: 4367281.000000/15244.119916/4352037.000000/0.000003320
-122/200: 4367321.000000/15244.189190/4352077.000000/0.000009159
-123/200: 4367309.000000/15244.259120/4352064.500000/0.000002748
-124/200: 4367297.500000/15244.328077/4352053.000000/0.000002633
-125/200: 4367269.000000/15244.397400/4352024.500000/0.000006526
-126/200: 4367292.500000/15244.467061/4352048.000000/0.000005381
-127/200: 4367238.500000/15244.536897/4351994.000000/0.000012365
-128/200: 4367221.000000/15244.606944/4351976.500000/0.000004007
-129/200: 4367236.500000/15244.675634/4351992.000000/0.000003549
-130/200: 4367240.500000/15244.745213/4351996.000000/0.000000916
-131/200: 4367222.000000/15244.814918/4351977.000000/0.000004236
-132/200: 4367225.000000/15244.884804/4351980.000000/0.000000687
-133/200: 4367207.000000/15244.955020/4351962.000000/0.000004122
-134/200: 4367270.500000/15245.024683/4352025.500000/0.000014540
-135/200: 4367270.500000/15245.094390/4352025.500000/0.000000000
Start evaluating ...
  Columns 1 through 7

    0.0117    0.0250    0.0348    0.0415    0.0468    0.0520    0.0560

  Columns 8 through 10

    0.0599    0.0636    0.0667

    0.0022

Elapsed time is 37363.146032 seconds.
