nohup: ignoring input

                            < M A T L A B (R) >
                  Copyright 1984-2016 The MathWorks, Inc.
                   R2016a (9.0.0.341360) 64-bit (glnxa64)
                             February 11, 2016

 
To get started, type one of these: helpwin, helpdesk, or demo.
For product information, visit www.mathworks.com.
 

	Academic License

Start learning ...
Init data [Dtype: delicious - Dspec: sp3/2550]
Init social model
Load pretrained shallow-model...
Params [lbd-U: 0.0100|lbd-V: 0.1000|lbd-N: 0.0100|lbd-Q: 0.0500]
Staring Sample 3 - Loc: save/bcdl/delicious-alg61-sp3-cold20170228200213065 
CTR(chongwang)-DAE(User graph) Running - Walks(1)...
-1/200: 6783.637695/2435.749986/4347.887695/1.000000000
-2/200: 6365.901367/2017.181295/4348.720215/0.061579987
-3/200: 6194.026855/1844.873095/4349.153809/0.026999243
-4/200: 6097.937012/1748.180620/4349.756348/0.015513307
-5/200: 6023.945801/1673.603311/4350.342285/0.012133811
-6/200: 5964.717773/1613.962870/4350.754883/0.009832098
-7/200: 5916.141602/1565.069591/4351.071777/0.008143918
-8/200: 5875.531738/1524.202879/4351.329102/0.006864248
-9/200: 5841.033203/1489.511968/4351.520996/0.005871559
-10/200: 5811.336914/1459.690044/4351.646973/0.005084082
-11/200: 5785.501953/1433.785069/4351.716797/0.004445614
-12/200: 5762.835938/1411.084911/4351.750977/0.003917727
-13/200: 5742.828125/1391.044764/4351.783203/0.003471869
-14/200: 5725.063965/1373.239546/4351.824219/0.003093277
-15/200: 5709.155762/1357.331936/4351.823730/0.002778694
-16/200: 5694.895996/1343.050396/4351.845703/0.002497701
-17/200: 5682.018555/1330.173512/4351.845215/0.002261225
-18/200: 5670.405273/1318.518634/4351.886719/0.002043865
-19/200: 5659.843750/1307.933596/4351.910156/0.001862569
-20/200: 5650.218262/1298.290531/4351.927734/0.001700663
-21/200: 5641.392090/1289.481129/4351.911133/0.001562094
-22/200: 5633.304199/1281.412965/4351.891113/0.001433669
-23/200: 5625.947754/1274.006691/4351.940918/0.001305885
-24/200: 5619.153320/1267.193616/4351.959473/0.001207696
-25/200: 5612.893555/1260.914166/4351.979492/0.001114005
-26/200: 5607.093262/1255.116228/4351.977051/0.001033387
-27/200: 5601.706055/1249.754117/4351.952148/0.000960784
-28/200: 5596.756836/1244.787508/4351.969238/0.000883520
-29/200: 5592.201172/1240.180796/4352.020508/0.000813983
-30/200: 5587.907227/1235.902262/4352.004883/0.000767845
-31/200: 5583.912598/1231.923757/4351.988770/0.000714870
-32/200: 5580.221191/1228.219931/4352.001465/0.000661079
-33/200: 5576.730957/1224.768197/4351.962891/0.000625465
-34/200: 5573.494141/1221.548176/4351.945801/0.000580415
-35/200: 5570.457520/1218.541531/4351.916016/0.000544833
-36/200: 5567.628418/1215.731563/4351.896973/0.000507876
-37/200: 5565.000000/1213.103251/4351.896973/0.000472089
-38/200: 5562.546387/1210.642909/4351.903320/0.000440901
-39/200: 5560.244141/1208.338084/4351.906250/0.000413883
-40/200: 5558.104980/1206.177450/4351.927734/0.000384724
-41/200: 5556.079590/1204.150608/4351.929199/0.000364403
-42/200: 5554.224121/1202.248094/4351.976074/0.000333953
-43/200: 5552.471680/1200.461197/4352.010254/0.000315515
-44/200: 5550.780273/1198.781942/4351.998535/0.000304622
-45/200: 5549.203613/1197.202974/4352.000488/0.000284043
-46/200: 5547.728516/1195.717556/4352.010742/0.000265821
-47/200: 5546.335938/1194.319424/4352.016602/0.000251018
-48/200: 5545.024902/1193.002870/4352.021973/0.000236379
-49/200: 5543.768555/1191.762503/4352.005859/0.000226572
-50/200: 5542.535156/1190.593454/4351.941895/0.000222484
-51/200: 5541.434570/1189.491167/4351.943359/0.000198571
-52/200: 5540.417969/1188.451413/4351.966797/0.000183455
-53/200: 5539.427246/1187.470284/4351.957031/0.000178817
-54/200: 5538.498535/1186.544139/4351.954590/0.000167655
-55/200: 5537.598145/1185.669571/4351.928711/0.000162569
-56/200: 5536.786621/1184.843476/4351.943359/0.000146548
-57/200: 5535.996582/1184.062892/4351.933594/0.000142689
-58/200: 5535.276367/1183.325097/4351.951172/0.000130097
-59/200: 5534.563477/1182.627513/4351.936035/0.000128790
-60/200: 5533.916016/1181.967786/4351.948242/0.000116985
-61/200: 5533.278809/1181.343678/4351.935059/0.000115146
-62/200: 5532.681152/1180.753141/4351.928223/0.000108011
-63/200: 5532.140625/1180.194195/4351.946289/0.000097697
-64/200: 5531.635742/1179.665030/4351.970703/0.000091264
-65/200: 5531.193848/1179.163966/4352.029785/0.000079885
-66/200: 5530.743652/1178.689361/4352.054199/0.000081392
-67/200: 5530.237793/1178.239738/4351.998047/0.000091463
-68/200: 5529.775391/1177.813716/4351.961914/0.000083613
-69/200: 5529.366211/1177.409937/4351.956055/0.000073996
-70/200: 5528.931641/1177.027139/4351.904297/0.000078593
-71/200: 5528.562988/1176.664199/4351.898926/0.000066677
-72/200: 5528.263184/1176.320008/4351.943359/0.000054228
-73/200: 5527.961914/1175.993503/4351.968262/0.000054496
-74/200: 5527.654297/1175.683760/4351.970703/0.000055647
-75/200: 5527.356934/1175.389824/4351.967285/0.000053796
-76/200: 5527.069824/1175.110859/4351.958984/0.000051943
-77/200: 5526.860840/1174.846028/4352.014648/0.000037811
-78/200: 5526.648926/1174.594573/4352.054199/0.000038343
-79/200: 5526.373047/1174.355789/4352.017090/0.000049918
-80/200: 5526.085449/1174.128992/4351.956543/0.000052041
-81/200: 5525.846191/1173.913520/4351.932617/0.000043296
-82/200: 5525.658691/1173.708765/4351.949707/0.000033931
-83/200: 5525.472168/1173.514170/4351.958008/0.000033756
-84/200: 5525.263672/1173.329200/4351.934570/0.000037734
-85/200: 5525.086426/1173.153315/4351.933105/0.000032079
-86/200: 5524.933105/1172.986066/4351.947266/0.000027750
-87/200: 5524.778320/1172.827000/4351.951172/0.000028016
-88/200: 5524.669434/1172.675653/4351.993652/0.000019709
-89/200: 5524.505859/1172.531659/4351.974121/0.000029608
-90/200: 5524.355957/1172.394609/4351.961426/0.000027134
-91/200: 5524.239746/1172.264131/4351.975586/0.000021036
-92/200: 5524.144043/1172.139912/4352.003906/0.000017324
-93/200: 5524.039551/1172.021609/4352.018066/0.000018916
-94/200: 5523.931641/1171.908929/4352.022949/0.000019535
-95/200: 5523.859863/1171.801569/4352.058105/0.000012994
-96/200: 5523.717773/1171.699246/4352.018555/0.000025723
-97/200: 5523.606445/1171.601730/4352.004883/0.000020155
-98/200: 5523.526367/1171.508747/4352.017578/0.000014497
-99/200: 5523.444824/1171.420087/4352.024902/0.000014763
Recall at EP-100 ...
  Columns 1 through 7

    0.0836    0.1022    0.1129    0.1192    0.1255    0.1325    0.1404

  Columns 8 through 10

    0.1500    0.1618    0.1735

Mrr at EP-100 ...
    0.0197

-100/200: 5523.349609/1171.335512/4352.014160/0.000017238
-101/200: 5523.225586/1171.254809/4351.970703/0.000022454
-102/200: 5523.150391/1171.177801/4351.972656/0.000013614
-103/200: 5523.101074/1171.104286/4351.996582/0.000008929
-104/200: 5523.057129/1171.034104/4352.022949/0.000007957
-105/200: 5522.981445/1170.967073/4352.014160/0.000013703
-106/200: 5522.904297/1170.903027/4352.001465/0.000013969
-107/200: 5522.833496/1170.841832/4351.991699/0.000012819
-108/200: 5522.778320/1170.783352/4351.995117/0.000009990
-109/200: 5522.747070/1170.727420/4352.019531/0.000005658
-110/200: 5522.674316/1170.673934/4352.000488/0.000013173
-111/200: 5522.594238/1170.622779/4351.971680/0.000014500
-112/200: 5522.601074/1170.573813/4352.027344/0.000001238
-113/200: 5522.545410/1170.526938/4352.018555/0.000010079
-114/200: 5522.454102/1170.482067/4351.972168/0.000016534
-115/200: 5522.382324/1170.439073/4351.943359/0.000012997
-116/200: 5522.321777/1170.397885/4351.923828/0.000010964
-117/200: 5522.298828/1170.358422/4351.940430/0.000004156
-118/200: 5522.293457/1170.320573/4351.972656/0.000000973
-119/200: 5522.245605/1170.284282/4351.961426/0.000008665
-120/200: 5522.265137/1170.249464/4352.015625/0.000003537
-121/200: 5522.246094/1170.216042/4352.030273/0.000003448
-122/200: 5522.254395/1170.183966/4352.070312/0.000001503
-123/200: 5522.210938/1170.153152/4352.057617/0.000007869
-124/200: 5522.168945/1170.123553/4352.045410/0.000007604
-125/200: 5522.113281/1170.095113/4352.018066/0.000010080
-126/200: 5522.109863/1170.067765/4352.041992/0.000000619
-127/200: 5522.029785/1170.041456/4351.988281/0.000014501
-128/200: 5521.986816/1170.016157/4351.970703/0.000007781
-129/200: 5521.977539/1169.991810/4351.985840/0.000001680
-130/200: 5521.958496/1169.968357/4351.990234/0.000003449
-131/200: 5521.917480/1169.945770/4351.971680/0.000007428
-132/200: 5521.898438/1169.924000/4351.974609/0.000003449
-133/200: 5521.858887/1169.903033/4351.956055/0.000007163
-134/200: 5521.901367/1169.882795/4352.018555/0.000007693
-135/200: 5521.881836/1169.863278/4352.018555/0.000003537
-136/200: 5521.826660/1169.844452/4351.982422/0.000009992
-137/200: 5521.806641/1169.826270/4351.980469/0.000003626
-138/200: 5521.825684/1169.808703/4352.017090/0.000003449
-139/200: 5521.792480/1169.791740/4352.000977/0.000006013
-140/200: 5521.764648/1169.775340/4351.989258/0.000005040
-141/200: 5521.777832/1169.759485/4352.018555/0.000002388
-142/200: 5521.748047/1169.744133/4352.003906/0.000005394
-143/200: 5521.676758/1169.729285/4351.947266/0.000012911
-144/200: 5521.710449/1169.714912/4351.995605/0.000006102
-145/200: 5521.680664/1169.700982/4351.979492/0.000005394
-146/200: 5521.685547/1169.687489/4351.998047/0.000000884
-147/200: 5521.699707/1169.674418/4352.025391/0.000002564
-148/200: 5521.677734/1169.661731/4352.016113/0.000003979
-149/200: 5521.621582/1169.649422/4351.972168/0.000010169
-150/200: 5521.625488/1169.637479/4351.987793/0.000000707
-151/200: 5521.627441/1169.625891/4352.001465/0.000000354
-152/200: 5521.596191/1169.614632/4351.981445/0.000005660
-153/200: 5521.588867/1169.603681/4351.985352/0.000001326
-154/200: 5521.558105/1169.593049/4351.964844/0.000005571
-155/200: 5521.561035/1169.582699/4351.978516/0.000000531
-156/200: 5521.502930/1169.572643/4351.930176/0.000010523
-157/200: 5521.529785/1169.562841/4351.966797/0.000004864
-158/200: 5521.550293/1169.553311/4351.997070/0.000003714
-159/200: 5521.567871/1169.544020/4352.023926/0.000003184
-160/200: 5521.519043/1169.534978/4351.983887/0.000008843
-161/200: 5521.511719/1169.526159/4351.985352/0.000001326
-162/200: 5521.480957/1169.517564/4351.963379/0.000005571
-163/200: 5521.524414/1169.509176/4352.015137/0.000007871
-164/200: 5521.503418/1169.500990/4352.002441/0.000003803
-165/200: 5521.477539/1169.493006/4351.984375/0.000004687
-166/200: 5521.491699/1169.485198/4352.006348/0.000002565
-167/200: 5521.482910/1169.477577/4352.005371/0.000001592
-168/200: 5521.469727/1169.470139/4351.999512/0.000002388
-169/200: 5521.463379/1169.462862/4352.000488/0.000001150
-170/200: 5521.446289/1169.455747/4351.990723/0.000003095
-171/200: 5521.411621/1169.448787/4351.962891/0.000006279
-172/200: 5521.398438/1169.441985/4351.956543/0.000002388
-173/200: 5521.401855/1169.435316/4351.966309/0.000000619
-174/200: 5521.383789/1169.428793/4351.955078/0.000003272
-175/200: 5521.390625/1169.422405/4351.968262/0.000001238
-176/200: 5521.404297/1169.416154/4351.988281/0.000002476
-177/200: 5521.427734/1169.410010/4352.017578/0.000004245
-178/200: 5521.417969/1169.404007/4352.014160/0.000001769
-179/200: 5521.428223/1169.398108/4352.030273/0.000001857
-180/200: 5521.392090/1169.392334/4351.999512/0.000006544
-181/200: 5521.349121/1169.386667/4351.962402/0.000007782
-182/200: 5521.380859/1169.381098/4352.000000/0.000005748
-183/200: 5521.410645/1169.375636/4352.035156/0.000005395
-184/200: 5521.386719/1169.370275/4352.016602/0.000004333
-185/200: 5521.427246/1169.365005/4352.062012/0.000007340
-186/200: 5521.396484/1169.359834/4352.036621/0.000005571
-187/200: 5521.403320/1169.354756/4352.048340/0.000001238
-188/200: 5521.392090/1169.349759/4352.042480/0.000002034
-189/200: 5521.389160/1169.344849/4352.044434/0.000000531
-190/200: 5521.376953/1169.340030/4352.037109/0.000002211
-191/200: 5521.388672/1169.335288/4352.053223/0.000002122
-192/200: 5521.378906/1169.330619/4352.048340/0.000001769
-193/200: 5521.409668/1169.326021/4352.083496/0.000005571
-194/200: 5521.380371/1169.321499/4352.059082/0.000005306
-195/200: 5521.344238/1169.317057/4352.027344/0.000006544
-196/200: 5521.324707/1169.312677/4352.012207/0.000003537
-197/200: 5521.331055/1169.308364/4352.022461/0.000001150
-198/200: 5521.294434/1169.304120/4351.990234/0.000006633
-199/200: 5521.257812/1169.299941/4351.958008/0.000006633
-200/200: 5521.266602/1169.291793/4351.974609/0.000001592
Start evaluating ...
  Columns 1 through 7

    0.0827    0.1005    0.1110    0.1172    0.1230    0.1296    0.1374

  Columns 8 through 10

    0.1481    0.1589    0.1709

    0.0198

Elapsed time is 51488.913146 seconds.
