nohup: ignoring input

                            < M A T L A B (R) >
                  Copyright 1984-2016 The MathWorks, Inc.
                   R2016a (9.0.0.341360) 64-bit (glnxa64)
                             February 11, 2016

 
To get started, type one of these: helpwin, helpdesk, or demo.
For product information, visit www.mathworks.com.
 

	Academic License

Start learning ...
Init data [Dtype: delicious - Dspec: sp3/2550]
Init social model
Load pretrained shallow-model...
Params [lbd-U: 1.0000|lbd-V: 0.0100|lbd-N: 1.0000|lbd-Q: 0.0500]
Staring Sample 3 - Loc: save/bcdl/delicious-alg61-sp3-cold20170228200213551 
CTR(chongwang)-DAE(User graph) Running - Walks(1)...
-1/200: 444676.656250/9887.902400/434788.750000/1.000000000
-2/200: 438409.500000/3523.156998/434886.343750/0.014093738
-3/200: 437821.625000/2864.561228/434957.062500/0.001340927
-4/200: 437541.750000/2518.625206/435023.125000/0.000639244
-5/200: 437366.250000/2298.089701/435068.156250/0.000401105
-6/200: 437243.375000/2145.002580/435098.375000/0.000280943
-7/200: 437155.843750/2033.447840/435122.406250/0.000200189
-8/200: 437092.156250/1949.398166/435142.750000/0.000145686
-9/200: 437042.718750/1884.502666/435158.218750/0.000113105
-10/200: 437001.750000/1833.455632/435168.281250/0.000093741
-11/200: 436966.187500/1792.710691/435173.468750/0.000081378
-12/200: 436935.406250/1759.805512/435175.593750/0.000070443
-13/200: 436911.093750/1732.977866/435178.125000/0.000055643
-14/200: 436892.625000/1710.930941/435181.687500/0.000042271
-15/200: 436874.000000/1692.692547/435181.312500/0.000042631
-16/200: 436860.750000/1677.515273/435183.250000/0.000030329
-17/200: 436847.968750/1664.824456/435183.156250/0.000029257
-18/200: 436841.468750/1654.164028/435187.312500/0.000014879
-19/200: 436834.781250/1645.174334/435189.593750/0.000015309
-20/200: 436829.062500/1637.565169/435191.500000/0.000013091
-21/200: 436820.968750/1631.103253/435189.875000/0.000018528
-22/200: 436813.437500/1625.597012/435187.843750/0.000017241
-23/200: 436813.812500/1620.890419/435192.937500/0.000000858
-24/200: 436811.843750/1616.855530/435195.000000/0.000004507
-25/200: 436810.343750/1613.386176/435196.968750/0.000003434
-26/200: 436807.156250/1610.393505/435196.750000/0.000007297
-27/200: 436802.156250/1607.804034/435194.343750/0.000011447
-28/200: 436801.718750/1605.556844/435196.156250/0.000001002
-29/200: 436804.875000/1603.600212/435201.281250/0.000007226
-30/200: 436801.625000/1601.891339/435199.718750/0.000007440
-31/200: 436798.625000/1600.392887/435198.218750/0.000006868
-32/200: 436798.593750/1599.075032/435199.531250/0.000000072
-33/200: 436793.593750/1597.912086/435195.687500/0.000011447
-34/200: 436790.875000/1596.881513/435194.000000/0.000006224
-35/200: 436787.156250/1595.964918/435191.187500/0.000008514
-36/200: 436784.468750/1595.146763/435189.312500/0.000006153
-37/200: 436783.750000/1594.413645/435189.343750/0.000001646
-38/200: 436783.718750/1593.754024/435189.968750/0.000000072
-39/200: 436783.343750/1593.158215/435190.187500/0.000000859
-40/200: 436785.031250/1592.617810/435192.406250/0.000003863
-41/200: 436784.843750/1592.125960/435192.718750/0.000000429
-42/200: 436789.000000/1591.676432/435197.312500/0.000009516
-43/200: 436792.156250/1591.263987/435200.906250/0.000007226
-44/200: 436790.593750/1590.884241/435199.718750/0.000003577
-45/200: 436790.375000/1590.533428/435199.843750/0.000000501
-46/200: 436791.250000/1590.207710/435201.031250/0.000002003
-47/200: 436791.531250/1589.904893/435201.625000/0.000000644
-48/200: 436791.781250/1589.622260/435202.156250/0.000000572
-49/200: 436789.812500/1589.357414/435200.468750/0.000004507
-50/200: 436783.218750/1589.108714/435194.125000/0.000015096
-51/200: 436783.156250/1588.874606/435194.281250/0.000000143
-52/200: 436785.312500/1588.653583/435196.656250/0.000004937
-53/200: 436784.156250/1588.444500/435195.718750/0.000002647
-54/200: 436783.687500/1588.245955/435195.437500/0.000001073
-55/200: 436780.968750/1588.057165/435192.906250/0.000006224
-56/200: 436782.281250/1587.877547/435194.406250/0.000003005
-57/200: 436781.125000/1587.705997/435193.406250/0.000002647
-58/200: 436782.750000/1587.542010/435195.218750/0.000003720
-59/200: 436781.062500/1587.384848/435193.687500/0.000003863
-60/200: 436782.250000/1587.234322/435195.031250/0.000002719
-61/200: 436780.750000/1587.089561/435193.656250/0.000003434
-62/200: 436779.937500/1586.950431/435193.000000/0.000001860
-63/200: 436781.687500/1586.816477/435194.875000/0.000004007
-64/200: 436784.000000/1586.687129/435197.312500/0.000005294
-65/200: 436789.875000/1586.562673/435203.312500/0.000013451
-66/200: 436792.156250/1586.442237/435205.718750/0.000005223
-67/200: 436786.281250/1586.325886/435199.968750/0.000013450
-68/200: 436782.625000/1586.213125/435196.406250/0.000008371
-69/200: 436782.031250/1586.104047/435195.937500/0.000001359
-70/200: 436776.593750/1585.998292/435190.593750/0.000012449
-71/200: 436776.062500/1585.895572/435190.156250/0.000001216
-72/200: 436780.406250/1585.795968/435194.625000/0.000009945
-73/200: 436782.843750/1585.699260/435197.156250/0.000005581
-74/200: 436783.031250/1585.605357/435197.437500/0.000000429
-75/200: 436782.531250/1585.513944/435197.031250/0.000001145
-76/200: 436781.656250/1585.424891/435196.218750/0.000002003
-77/200: 436787.156250/1585.338399/435201.812500/0.000012592
-78/200: 436791.031250/1585.254109/435205.781250/0.000008872
-79/200: 436787.250000/1585.172079/435202.062500/0.000008657
-80/200: 436781.156250/1585.091775/435196.062500/0.000013951
-81/200: 436778.562500/1585.013720/435193.562500/0.000005938
-82/200: 436780.281250/1584.937313/435195.343750/0.000003935
-83/200: 436781.156250/1584.862956/435196.281250/0.000002003
-84/200: 436778.593750/1584.790311/435193.812500/0.000005867
-85/200: 436778.437500/1584.719287/435193.718750/0.000000358
-86/200: 436779.875000/1584.649741/435195.218750/0.000003291
-87/200: 436780.187500/1584.581890/435195.593750/0.000000715
-88/200: 436784.343750/1584.515566/435199.843750/0.000009516
-89/200: 436782.250000/1584.450547/435197.812500/0.000004794
-90/200: 436781.093750/1584.386985/435196.718750/0.000002647
-91/200: 436782.343750/1584.324789/435198.031250/0.000002862
-92/200: 436785.093750/1584.263660/435200.843750/0.000006296
-93/200: 436786.531250/1584.204163/435202.312500/0.000003291
-94/200: 436786.968750/1584.145674/435202.812500/0.000001002
-95/200: 436790.468750/1584.088348/435206.375000/0.000008013
-96/200: 436786.406250/1584.032175/435202.375000/0.000009301
-97/200: 436784.906250/1583.976988/435200.937500/0.000003434
-98/200: 436786.250000/1583.922871/435202.312500/0.000003076
-99/200: 436786.906250/1583.869898/435203.031250/0.000001502
Recall at EP-100 ...
  Columns 1 through 7

    0.0883    0.1088    0.1207    0.1295    0.1386    0.1486    0.1591

  Columns 8 through 10

    0.1716    0.1830    0.1942

Mrr at EP-100 ...
    0.0216

-100/200: 436785.687500/1583.817868/435201.875000/0.000002790
-101/200: 436781.375000/1583.766788/435197.593750/0.000009873
-102/200: 436781.500000/1583.716709/435197.781250/0.000000286
-103/200: 436783.812500/1583.667309/435200.156250/0.000005294
-104/200: 436786.500000/1583.619050/435202.875000/0.000006153
-105/200: 436785.500000/1583.571329/435201.937500/0.000002289
-106/200: 436784.125000/1583.524732/435200.593750/0.000003148
-107/200: 436783.187500/1583.478679/435199.718750/0.000002146
-108/200: 436783.468750/1583.433538/435200.031250/0.000000644
-109/200: 436785.937500/1583.389087/435202.562500/0.000005652
-110/200: 436784.031250/1583.345573/435200.687500/0.000004364
-111/200: 436781.062500/1583.302470/435197.750000/0.000006797
-112/200: 436786.531250/1583.260175/435203.281250/0.000012521
-113/200: 436785.687500/1583.218528/435202.468750/0.000001932
-114/200: 436780.968750/1583.177655/435197.781250/0.000010803
-115/200: 436778.062500/1583.137436/435194.937500/0.000006654
-116/200: 436776.031250/1583.097565/435192.937500/0.000004651
-117/200: 436777.625000/1583.058642/435194.562500/0.000003649
-118/200: 436780.875000/1583.020174/435197.843750/0.000007441
-119/200: 436779.687500/1582.982374/435196.718750/0.000002719
-120/200: 436785.125000/1582.944784/435202.187500/0.000012449
-121/200: 436786.562500/1582.908142/435203.656250/0.000003291
-122/200: 436790.500000/1582.871800/435207.625000/0.000009015
-123/200: 436789.281250/1582.835993/435206.437500/0.000002790
-124/200: 436788.093750/1582.800754/435205.281250/0.000002719
-125/200: 436785.187500/1582.766060/435202.406250/0.000006654
-126/200: 436787.468750/1582.731897/435204.750000/0.000005223
-127/200: 436782.062500/1582.698093/435199.375000/0.000012377
-128/200: 436780.281250/1582.664787/435197.625000/0.000004078
-129/200: 436781.812500/1582.631980/435199.187500/0.000003506
-130/200: 436782.187500/1582.599449/435199.593750/0.000000859
-131/200: 436780.218750/1582.567440/435197.656250/0.000004507
-132/200: 436780.500000/1582.536011/435197.968750/0.000000644
-133/200: 436778.687500/1582.504742/435196.187500/0.000004150
-134/200: 436784.937500/1582.474157/435202.468750/0.000014309
-135/200: 436784.906250/1582.443641/435202.468750/0.000000072
Start evaluating ...
  Columns 1 through 7

    0.0879    0.1084    0.1198    0.1290    0.1382    0.1478    0.1589

  Columns 8 through 10

    0.1714    0.1830    0.1943

    0.0215

Elapsed time is 37448.712319 seconds.
