nohup: ignoring input

                            < M A T L A B (R) >
                  Copyright 1984-2016 The MathWorks, Inc.
                   R2016a (9.0.0.341360) 64-bit (glnxa64)
                             February 11, 2016

 
To get started, type one of these: helpwin, helpdesk, or demo.
For product information, visit www.mathworks.com.
 

	Academic License

Start learning ...
Init data [Dtype: delicious - Dspec: sp3/2550]
Init social model
Load pretrained shallow-model...
Params [lbd-U: 10.0000|lbd-V: 0.1000|lbd-N: 10.0000|lbd-Q: 0.0500]
Staring Sample 3 - Loc: save/bcdl/delicious-alg61-sp3-cold20170228200213944 
CTR(chongwang)-DAE(User graph) Running - Walks(1)...
-1/200: 4364600.500000/16712.813570/4347887.500000/1.000000000
-2/200: 4356171.000000/7151.845793/4349019.000000/0.001931334
-3/200: 4356426.000000/6574.177402/4349852.000000/0.000058538
-4/200: 4356947.000000/6504.709160/4350442.500000/0.000119593
-5/200: 4357310.000000/6476.324112/4350833.500000/0.000083315
-6/200: 4357553.500000/6458.799788/4351094.500000/0.000055883
-7/200: 4357750.000000/6446.298755/4351303.500000/0.000045094
-8/200: 4357922.000000/6436.853959/4351485.000000/0.000039470
-9/200: 4358054.000000/6429.490486/4351624.500000/0.000030290
-10/200: 4358138.500000/6423.615486/4351715.000000/0.000019389
-11/200: 4358177.000000/6418.844834/4351758.000000/0.000008834
-12/200: 4358189.500000/6414.909803/4351774.500000/0.000002868
-13/200: 4358207.000000/6411.619509/4351795.500000/0.000004015
-14/200: 4358236.500000/6408.840134/4351827.500000/0.000006769
-15/200: 4358228.500000/6406.466812/4351822.000000/0.000001836
-16/200: 4358245.000000/6404.424862/4351840.500000/0.000003786
-17/200: 4358240.500000/6402.652144/4351838.000000/0.000001033
-18/200: 4358280.000000/6401.103593/4351879.000000/0.000009063
-19/200: 4358300.500000/6399.743319/4351901.000000/0.000004704
-20/200: 4358318.000000/6398.539001/4351919.500000/0.000004015
-21/200: 4358300.500000/6397.469240/4351903.000000/0.000004015
-22/200: 4358278.500000/6396.511805/4351882.000000/0.000005048
-23/200: 4358329.500000/6395.653075/4351934.000000/0.000011702
-24/200: 4358348.000000/6394.877414/4351953.000000/0.000004245
-25/200: 4358368.000000/6394.175836/4351974.000000/0.000004589
-26/200: 4358364.500000/6393.538150/4351971.000000/0.000000803
-27/200: 4358339.000000/6392.958509/4351946.000000/0.000005851
-28/200: 4358356.500000/6392.422843/4351964.000000/0.000004015
-29/200: 4358408.000000/6391.934425/4352016.000000/0.000011816
-30/200: 4358392.500000/6391.482302/4352001.000000/0.000003556
-31/200: 4358376.500000/6391.066487/4351985.500000/0.000003671
-32/200: 4358389.500000/6390.679512/4351999.000000/0.000002983
-33/200: 4358349.500000/6390.319727/4351959.000000/0.000009178
-34/200: 4358333.500000/6389.984407/4351943.500000/0.000003671
-35/200: 4358303.500000/6389.671588/4351914.000000/0.000006883
-36/200: 4358284.500000/6389.377755/4351895.000000/0.000004359
-37/200: 4358284.500000/6389.102242/4351895.500000/0.000000000
-38/200: 4358291.000000/6388.842128/4351902.000000/0.000001491
-39/200: 4358293.500000/6388.597315/4351905.000000/0.000000574
-40/200: 4358315.500000/6388.365304/4351927.000000/0.000005048
-41/200: 4358317.500000/6388.146170/4351929.500000/0.000000459
-42/200: 4358364.000000/6387.938183/4351976.000000/0.000010669
-43/200: 4358399.000000/6387.741511/4352011.500000/0.000008031
-44/200: 4358386.500000/6387.553155/4351999.000000/0.000002868
-45/200: 4358389.000000/6387.375377/4352001.500000/0.000000574
-46/200: 4358399.000000/6387.204480/4352012.000000/0.000002294
-47/200: 4358406.000000/6387.041517/4352019.000000/0.000001606
-48/200: 4358411.000000/6386.886687/4352024.000000/0.000001147
-49/200: 4358394.000000/6386.739934/4352007.500000/0.000003901
-50/200: 4358329.500000/6386.597043/4351943.000000/0.000014799
-51/200: 4358331.500000/6386.462751/4351945.000000/0.000000459
-52/200: 4358356.000000/6386.333681/4351969.500000/0.000005621
-53/200: 4358345.500000/6386.209061/4351959.500000/0.000002409
-54/200: 4358342.500000/6386.091151/4351956.500000/0.000000688
-55/200: 4358316.500000/6385.977078/4351930.500000/0.000005966
-56/200: 4358333.000000/6385.867770/4351947.000000/0.000003786
-57/200: 4358322.000000/6385.762669/4351936.000000/0.000002524
-58/200: 4358339.500000/6385.662602/4351954.000000/0.000004015
-59/200: 4358325.000000/6385.566651/4351939.500000/0.000003327
-60/200: 4358337.500000/6385.474620/4351952.000000/0.000002868
-61/200: 4358324.500000/6385.385754/4351939.000000/0.000002983
-62/200: 4358318.000000/6385.299256/4351932.500000/0.000001491
-63/200: 4358335.500000/6385.217092/4351950.500000/0.000004015
-64/200: 4358359.500000/6385.137752/4351974.500000/0.000005507
-65/200: 4358420.000000/6385.061929/4352035.000000/0.000013881
-66/200: 4358445.500000/6384.988801/4352060.500000/0.000005851
-67/200: 4358387.000000/6384.918994/4352002.000000/0.000013422
-68/200: 4358351.000000/6384.851362/4351966.000000/0.000008260
-69/200: 4358346.000000/6384.786534/4351961.000000/0.000001147
-70/200: 4358292.500000/6384.722929/4351908.000000/0.000012275
-71/200: 4358288.000000/6384.663178/4351903.500000/0.000001033
-72/200: 4358332.500000/6384.604281/4351948.000000/0.000010210
-73/200: 4358358.500000/6384.547074/4351974.000000/0.000005966
-74/200: 4358360.500000/6384.491271/4351976.000000/0.000000459
-75/200: 4358357.000000/6384.440216/4351972.500000/0.000000803
-76/200: 4358349.000000/6384.388587/4351964.500000/0.000001836
-77/200: 4358405.000000/6384.338583/4352020.500000/0.000012849
-78/200: 4358444.500000/6384.291044/4352060.000000/0.000009063
-79/200: 4358407.000000/6384.246607/4352023.000000/0.000008604
-80/200: 4358346.500000/6384.201322/4351962.500000/0.000013881
-81/200: 4358322.000000/6384.157277/4351938.000000/0.000005621
-82/200: 4358339.500000/6384.115392/4351955.500000/0.000004015
-83/200: 4358348.000000/6384.074716/4351964.000000/0.000001950
-84/200: 4358324.500000/6384.037030/4351940.500000/0.000005392
-85/200: 4358323.000000/6383.998330/4351939.000000/0.000000344
-86/200: 4358338.500000/6383.960190/4351954.500000/0.000003556
-87/200: 4358341.500000/6383.924445/4351957.500000/0.000000688
-88/200: 4358385.500000/6383.890173/4352001.500000/0.000010096
-89/200: 4358364.500000/6383.856482/4351980.500000/0.000004818
-90/200: 4358352.000000/6383.824019/4351968.000000/0.000002868
-91/200: 4358366.000000/6383.792271/4351982.000000/0.000003212
-92/200: 4358394.500000/6383.762499/4352010.500000/0.000006539
-93/200: 4358408.500000/6383.731266/4352025.000000/0.000003212
-94/200: 4358413.500000/6383.702721/4352030.000000/0.000001147
-95/200: 4358449.000000/6383.674845/4352065.500000/0.000008145
-96/200: 4358408.500000/6383.648116/4352025.000000/0.000009292
-97/200: 4358395.000000/6383.621714/4352011.500000/0.000003097
-98/200: 4358407.500000/6383.596303/4352024.000000/0.000002868
-99/200: 4358414.500000/6383.570098/4352031.000000/0.000001606
Recall at EP-100 ...
  Columns 1 through 7

    0.0867    0.1077    0.1252    0.1421    0.1592    0.1734    0.1839

  Columns 8 through 10

    0.1929    0.2010    0.2080

Mrr at EP-100 ...
    0.0183

-100/200: 4358404.500000/6383.546329/4352021.000000/0.000002294
-101/200: 4358360.500000/6383.523265/4351977.000000/0.000010095
-102/200: 4358363.000000/6383.501140/4351979.500000/0.000000574
-103/200: 4358388.000000/6383.478634/4352004.500000/0.000005736
-104/200: 4358414.000000/6383.457590/4352030.500000/0.000005966
-105/200: 4358404.500000/6383.435954/4352021.000000/0.000002180
-106/200: 4358392.000000/6383.416121/4352008.500000/0.000002868
-107/200: 4358383.000000/6383.396127/4351999.500000/0.000002065
-108/200: 4358385.500000/6383.376543/4352002.000000/0.000000574
-109/200: 4358411.000000/6383.358446/4352027.500000/0.000005851
-110/200: 4358392.000000/6383.340529/4352008.500000/0.000004359
-111/200: 4358362.500000/6383.322214/4351979.000000/0.000006769
-112/200: 4358418.000000/6383.305567/4352034.500000/0.000012734
-113/200: 4358409.500000/6383.289216/4352026.000000/0.000001950
-114/200: 4358363.000000/6383.274179/4351979.500000/0.000010669
-115/200: 4358334.000000/6383.257600/4351950.500000/0.000006654
-116/200: 4358314.000000/6383.243116/4351931.000000/0.000004589
-117/200: 4358331.000000/6383.225947/4351948.000000/0.000003901
-118/200: 4358363.500000/6383.214226/4351980.500000/0.000007457
-119/200: 4358351.000000/6383.199581/4351968.000000/0.000002868
-120/200: 4358407.000000/6383.186503/4352024.000000/0.000012849
-121/200: 4358421.500000/6383.173036/4352038.500000/0.000003327
-122/200: 4358461.000000/6383.159809/4352078.000000/0.000009063
-123/200: 4358448.500000/6383.147561/4352065.500000/0.000002868
-124/200: 4358437.000000/6383.136086/4352054.000000/0.000002639
-125/200: 4358408.500000/6383.124880/4352025.500000/0.000006539
-126/200: 4358432.500000/6383.114433/4352049.500000/0.000005507
-127/200: 4358378.500000/6383.102420/4351995.500000/0.000012390
-128/200: 4358361.500000/6383.092727/4351978.500000/0.000003901
-129/200: 4358376.500000/6383.082656/4351993.500000/0.000003442
-130/200: 4358380.000000/6383.072011/4351997.000000/0.000000803
-131/200: 4358362.000000/6383.062642/4351979.000000/0.000004130
-132/200: 4358365.500000/6383.053262/4351982.500000/0.000000803
-133/200: 4358347.000000/6383.045000/4351964.000000/0.000004245
-134/200: 4358410.000000/6383.036325/4352027.000000/0.000014455
-135/200: 4358409.500000/6383.027589/4352026.500000/0.000000115
-136/200: 4358372.500000/6383.019677/4351989.500000/0.000008489
-137/200: 4358371.000000/6383.012863/4351988.000000/0.000000344
-138/200: 4358408.500000/6383.003414/4352025.500000/0.000008604
-139/200: 4358392.000000/6382.995146/4352009.000000/0.000003786
-140/200: 4358379.500000/6382.989868/4351996.500000/0.000002868
-141/200: 4358409.000000/6382.982531/4352026.000000/0.000006769
-142/200: 4358394.500000/6382.975440/4352011.500000/0.000003327
-143/200: 4358337.000000/6382.969173/4351954.000000/0.000013193
-144/200: 4358387.000000/6382.962230/4352004.000000/0.000011472
-145/200: 4358371.000000/6382.957675/4351988.000000/0.000003671
-146/200: 4358389.500000/6382.952628/4352006.500000/0.000004245
-147/200: 4358415.500000/6382.946401/4352032.500000/0.000005966
-148/200: 4358406.500000/6382.942236/4352023.500000/0.000002065
-149/200: 4358362.500000/6382.936131/4351979.500000/0.000010095
-150/200: 4358378.500000/6382.931779/4351995.500000/0.000003671
-151/200: 4358392.000000/6382.927669/4352009.000000/0.000003097
-152/200: 4358372.500000/6382.922492/4351989.500000/0.000004474
-153/200: 4358376.500000/6382.919174/4351993.500000/0.000000918
-154/200: 4358355.000000/6382.915691/4351972.000000/0.000004933
-155/200: 4358368.500000/6382.910556/4351985.500000/0.000003097
-156/200: 4358321.000000/6382.907927/4351938.000000/0.000010899
-157/200: 4358357.000000/6382.905096/4351974.000000/0.000008260
-158/200: 4358389.000000/6382.901784/4352006.000000/0.000007342
-159/200: 4358415.000000/6382.898593/4352032.000000/0.000005966
-160/200: 4358374.000000/6382.895559/4351991.000000/0.000009407
-161/200: 4358377.000000/6382.892976/4351994.000000/0.000000688
-162/200: 4358353.500000/6382.890992/4351970.500000/0.000005392
-163/200: 4358405.500000/6382.889543/4352022.500000/0.000011931
-164/200: 4358392.500000/6382.887088/4352009.500000/0.000002983
-165/200: 4358376.000000/6382.885075/4351993.000000/0.000003786
-166/200: 4358398.500000/6382.883602/4352015.500000/0.000005162
-167/200: 4358397.000000/6382.881870/4352014.000000/0.000000344
-168/200: 4358391.000000/6382.880403/4352008.000000/0.000001377
-169/200: 4358391.500000/6382.878416/4352008.500000/0.000000115
-170/200: 4358381.000000/6382.877583/4351998.000000/0.000002409
-171/200: 4358354.000000/6382.876491/4351971.000000/0.000006195
-172/200: 4358347.500000/6382.875166/4351964.500000/0.000001491
-173/200: 4358357.500000/6382.875843/4351974.500000/0.000002294
-174/200: 4358346.000000/6382.872952/4351963.000000/0.000002639
-175/200: 4358359.000000/6382.874523/4351976.000000/0.000002983
-176/200: 4358379.500000/6382.873119/4351996.500000/0.000004704
-177/200: 4358409.000000/6382.875110/4352026.000000/0.000006769
-178/200: 4358404.500000/6382.873761/4352021.500000/0.000001032
-179/200: 4358421.500000/6382.873999/4352038.500000/0.000003901
-180/200: 4358391.000000/6382.874603/4352008.000000/0.000006998
-181/200: 4358353.500000/6382.874948/4351970.500000/0.000008604
-182/200: 4358390.500000/6382.875054/4352007.500000/0.000008489
-183/200: 4358425.000000/6382.876813/4352042.000000/0.000007916
-184/200: 4358406.500000/6382.875932/4352023.500000/0.000004245
-185/200: 4358453.500000/6382.877995/4352070.500000/0.000010784
-186/200: 4358427.500000/6382.880301/4352044.500000/0.000005965
-187/200: 4358438.500000/6382.879983/4352055.500000/0.000002524
-188/200: 4358433.000000/6382.881078/4352050.000000/0.000001262
-189/200: 4358435.000000/6382.883735/4352052.000000/0.000000459
-190/200: 4358427.500000/6382.885140/4352044.500000/0.000001721
-191/200: 4358443.500000/6382.886249/4352060.500000/0.000003671
-192/200: 4358440.000000/6382.888732/4352057.000000/0.000000803
-193/200: 4358474.500000/6382.889791/4352091.500000/0.000007916
-194/200: 4358450.000000/6382.891095/4352067.000000/0.000005621
-195/200: 4358417.500000/6382.894768/4352034.500000/0.000007457
-196/200: 4358403.000000/6382.897424/4352020.000000/0.000003327
-197/200: 4358413.000000/6382.899016/4352030.000000/0.000002294
-198/200: 4358380.000000/6382.901562/4351997.000000/0.000007572
-199/200: 4358348.500000/6382.904630/4351965.500000/0.000007227
-200/200: 4358364.000000/6382.900229/4351981.000000/0.000003556
Start evaluating ...
  Columns 1 through 7

    0.0871    0.1085    0.1267    0.1442    0.1609    0.1747    0.1853

  Columns 8 through 10

    0.1943    0.2022    0.2088

    0.0183

Elapsed time is 51485.662726 seconds.
