nohup: ignoring input

                            < M A T L A B (R) >
                  Copyright 1984-2016 The MathWorks, Inc.
                   R2016a (9.0.0.341360) 64-bit (glnxa64)
                             February 11, 2016

 
To get started, type one of these: helpwin, helpdesk, or demo.
For product information, visit www.mathworks.com.
 

	Academic License

Start learning ...
Init data [Dtype: delicious - Dspec: sp3/2550]
Init social model
Load pretrained shallow-model...
Params [lbd-U: 10.0000|lbd-V: 1.0000|lbd-N: 10.0000|lbd-Q: 0.0500]
Staring Sample 3 - Loc: save/bcdl/delicious-alg61-sp3-cold20170228200211616 
CTR(chongwang)-DAE(User graph) Running - Walks(1)...
-1/200: 4364793.500000/16906.229251/4347887.500000/1.000000000
-2/200: 4363748.500000/14729.654868/4349019.000000/0.000239416
-3/200: 4364266.500000/14413.538366/4349853.000000/0.000118705
-4/200: 4364282.500000/13839.676148/4350443.000000/0.000003666
-5/200: 4364340.000000/13506.208942/4350834.000000/0.000013175
-6/200: 4364516.000000/13421.676637/4351094.500000/0.000040327
-7/200: 4364700.000000/13396.328542/4351303.500000/0.000042158
-8/200: 4364868.000000/13382.934684/4351485.000000/0.000038491
-9/200: 4364998.500000/13373.894367/4351624.500000/0.000029898
-10/200: 4365082.000000/13367.346983/4351714.500000/0.000019129
-11/200: 4365120.500000/13362.481641/4351758.000000/0.000008820
-12/200: 4365133.000000/13358.818948/4351774.000000/0.000002864
-13/200: 4365151.500000/13356.041170/4351795.500000/0.000004238
-14/200: 4365181.500000/13353.931706/4351827.500000/0.000006873
-15/200: 4365174.000000/13352.324322/4351821.500000/0.000001718
-16/200: 4365191.500000/13351.103336/4351840.500000/0.000004009
-17/200: 4365188.000000/13350.175374/4351838.000000/0.000000802
-18/200: 4365228.500000/13349.476312/4351879.000000/0.000009278
-19/200: 4365250.000000/13348.953453/4351901.000000/0.000004925
-20/200: 4365268.000000/13348.565742/4351919.500000/0.000004123
-21/200: 4365251.500000/13348.279903/4351903.000000/0.000003780
-22/200: 4365230.000000/13348.073953/4351882.000000/0.000004925
-23/200: 4365282.000000/13347.924854/4351934.000000/0.000011912
-24/200: 4365301.000000/13347.817686/4351953.000000/0.000004353
-25/200: 4365321.000000/13347.740814/4351973.500000/0.000004582
-26/200: 4365318.000000/13347.687112/4351970.500000/0.000000687
-27/200: 4365293.500000/13347.644928/4351946.000000/0.000005612
-28/200: 4365311.500000/13347.607879/4351964.000000/0.000004123
-29/200: 4365363.500000/13347.573736/4352016.000000/0.000011912
-30/200: 4365348.500000/13347.538917/4352001.000000/0.000003436
-31/200: 4365332.000000/13347.497390/4351984.500000/0.000003780
-32/200: 4365346.500000/13347.451896/4351999.000000/0.000003322
-33/200: 4365306.500000/13347.397413/4351959.000000/0.000009163
-34/200: 4365290.500000/13347.336721/4351943.000000/0.000003665
-35/200: 4365261.500000/13347.267178/4351914.000000/0.000006643
-36/200: 4365241.500000/13347.190315/4351894.500000/0.000004582
-37/200: 4365242.500000/13347.103294/4351895.500000/0.000000229
-38/200: 4365249.000000/13347.008882/4351902.000000/0.000001489
-39/200: 4365252.000000/13346.903969/4351905.000000/0.000000687
-40/200: 4365274.000000/13346.793112/4351927.000000/0.000005040
-41/200: 4365276.000000/13346.677649/4351929.500000/0.000000458
-42/200: 4365322.000000/13346.555123/4351975.500000/0.000010538
-43/200: 4365358.000000/13346.426721/4352011.500000/0.000008247
-44/200: 4365345.500000/13346.296518/4351999.000000/0.000002863
-45/200: 4365347.000000/13346.162958/4352001.000000/0.000000344
-46/200: 4365358.000000/13346.025656/4352012.000000/0.000002520
-47/200: 4365364.500000/13345.890444/4352018.500000/0.000001489
-48/200: 4365370.000000/13345.752076/4352024.000000/0.000001260
-49/200: 4365353.000000/13345.614665/4352007.500000/0.000003894
-50/200: 4365289.000000/13345.480147/4351943.500000/0.000014661
-51/200: 4365290.500000/13345.346703/4351945.000000/0.000000344
-52/200: 4365314.500000/13345.213415/4351969.500000/0.000005498
-53/200: 4365304.000000/13345.082688/4351959.000000/0.000002405
-54/200: 4365301.500000/13344.957145/4351956.500000/0.000000573
-55/200: 4365275.500000/13344.833849/4351930.500000/0.000005956
-56/200: 4365291.500000/13344.714265/4351947.000000/0.000003665
-57/200: 4365280.000000/13344.597263/4351935.500000/0.000002634
-58/200: 4365298.500000/13344.483939/4351954.000000/0.000004238
-59/200: 4365284.000000/13344.376566/4351939.500000/0.000003322
-60/200: 4365296.500000/13344.272318/4351952.000000/0.000002864
-61/200: 4365283.000000/13344.173120/4351939.000000/0.000003093
-62/200: 4365276.500000/13344.078034/4351932.500000/0.000001489
-63/200: 4365294.500000/13343.983563/4351950.500000/0.000004123
-64/200: 4365318.500000/13343.894618/4351974.500000/0.000005498
-65/200: 4365378.500000/13343.811637/4352034.500000/0.000013745
-66/200: 4365403.000000/13343.731159/4352059.500000/0.000005612
-67/200: 4365345.500000/13343.653525/4352002.000000/0.000013172
-68/200: 4365309.500000/13343.578272/4351966.000000/0.000008247
-69/200: 4365304.500000/13343.508549/4351961.000000/0.000001145
-70/200: 4365251.000000/13343.440945/4351907.500000/0.000012256
-71/200: 4365246.500000/13343.375896/4351903.000000/0.000001031
-72/200: 4365291.500000/13343.313504/4351948.000000/0.000010309
-73/200: 4365317.500000/13343.255266/4351974.000000/0.000005956
-74/200: 4365319.000000/13343.198924/4351976.000000/0.000000344
-75/200: 4365315.500000/13343.146080/4351972.500000/0.000000802
-76/200: 4365307.000000/13343.092542/4351964.000000/0.000001947
-77/200: 4365363.500000/13343.043289/4352020.500000/0.000012943
-78/200: 4365403.000000/13342.996111/4352060.000000/0.000009049
-79/200: 4365365.500000/13342.949810/4352022.500000/0.000008590
-80/200: 4365305.500000/13342.906990/4351962.500000/0.000013745
-81/200: 4365280.500000/13342.865265/4351937.500000/0.000005727
-82/200: 4365298.500000/13342.825221/4351955.500000/0.000004123
-83/200: 4365307.000000/13342.786082/4351964.000000/0.000001947
-84/200: 4365283.000000/13342.748342/4351940.500000/0.000005498
-85/200: 4365281.500000/13342.714501/4351939.000000/0.000000344
-86/200: 4365297.000000/13342.679015/4351954.500000/0.000003551
-87/200: 4365299.500000/13342.646409/4351957.000000/0.000000573
-88/200: 4365343.500000/13342.615395/4352001.000000/0.000010079
-89/200: 4365323.000000/13342.585452/4351980.500000/0.000004696
-90/200: 4365310.500000/13342.556370/4351968.000000/0.000002863
-91/200: 4365324.500000/13342.529181/4351982.000000/0.000003207
-92/200: 4365353.000000/13342.501962/4352010.500000/0.000006529
-93/200: 4365367.500000/13342.474512/4352025.000000/0.000003322
-94/200: 4365372.500000/13342.450856/4352030.000000/0.000001145
-95/200: 4365408.000000/13342.426254/4352065.500000/0.000008132
-96/200: 4365367.500000/13342.403870/4352025.000000/0.000009277
-97/200: 4365354.000000/13342.383249/4352011.500000/0.000003093
-98/200: 4365366.500000/13342.362262/4352024.000000/0.000002863
-99/200: 4365373.500000/13342.340483/4352031.000000/0.000001604
Recall at EP-100 ...
  Columns 1 through 7

    0.0285    0.0445    0.0548    0.0625    0.0699    0.0763    0.0812

  Columns 8 through 10

    0.0862    0.0907    0.0956

Mrr at EP-100 ...
    0.0076

-100/200: 4365363.000000/13342.323056/4352020.500000/0.000002405
-101/200: 4365319.500000/13342.303409/4351977.000000/0.000009965
-102/200: 4365322.000000/13342.285931/4351979.500000/0.000000573
-103/200: 4365346.500000/13342.269569/4352004.000000/0.000005612
-104/200: 4365373.000000/13342.252386/4352030.500000/0.000006071
-105/200: 4365363.000000/13342.236188/4352021.000000/0.000002291
-106/200: 4365350.000000/13342.221964/4352008.000000/0.000002978
-107/200: 4365341.000000/13342.207312/4351999.000000/0.000002062
-108/200: 4365344.000000/13342.192690/4352002.000000/0.000000687
-109/200: 4365369.500000/13342.180840/4352027.500000/0.000005841
-110/200: 4365350.500000/13342.166913/4352008.500000/0.000004352
-111/200: 4365321.000000/13342.155733/4351979.000000/0.000006758
-112/200: 4365376.500000/13342.143429/4352034.500000/0.000012714
-113/200: 4365368.000000/13342.133512/4352026.000000/0.000001947
-114/200: 4365321.500000/13342.122536/4351979.500000/0.000010652
-115/200: 4365292.500000/13342.112667/4351950.500000/0.000006643
-116/200: 4365273.000000/13342.103768/4351931.000000/0.000004467
-117/200: 4365290.000000/13342.094281/4351948.000000/0.000003894
-118/200: 4365322.500000/13342.086668/4351980.500000/0.000007445
-119/200: 4365310.000000/13342.078443/4351968.000000/0.000002863
-120/200: 4365366.000000/13342.070076/4352024.000000/0.000012828
-121/200: 4365380.000000/13342.063947/4352038.000000/0.000003207
-122/200: 4365420.000000/13342.056036/4352078.000000/0.000009163
-123/200: 4365407.500000/13342.049490/4352065.500000/0.000002863
-124/200: 4365396.000000/13342.045014/4352054.000000/0.000002634
-125/200: 4365367.000000/13342.036547/4352025.000000/0.000006643
-126/200: 4365391.000000/13342.032803/4352049.000000/0.000005498
-127/200: 4365337.500000/13342.027276/4351995.500000/0.000012255
-128/200: 4365320.500000/13342.022881/4351978.500000/0.000003894
-129/200: 4365335.500000/13342.018405/4351993.500000/0.000003436
-130/200: 4365339.000000/13342.013635/4351997.000000/0.000000802
-131/200: 4365320.500000/13342.010250/4351978.500000/0.000004238
-132/200: 4365324.500000/13342.007099/4351982.500000/0.000000916
-133/200: 4365306.000000/13342.005096/4351964.000000/0.000004238
-134/200: 4365369.000000/13342.002168/4352027.000000/0.000014432
-135/200: 4365368.000000/13342.000233/4352026.000000/0.000000229
-136/200: 4365331.500000/13341.996381/4351989.500000/0.000008361
-137/200: 4365330.000000/13341.995087/4351988.000000/0.000000344
-138/200: 4365367.500000/13341.993354/4352025.500000/0.000008590
-139/200: 4365351.000000/13341.990935/4352009.000000/0.000003780
-140/200: 4365339.000000/13341.991494/4351997.000000/0.000002749
-141/200: 4365368.000000/13341.989385/4352026.000000/0.000006643
-142/200: 4365354.000000/13341.989739/4352012.000000/0.000003207
-143/200: 4365296.000000/13341.989235/4351954.000000/0.000013286
-144/200: 4365346.000000/13341.989839/4352004.000000/0.000011454
-145/200: 4365330.000000/13341.990411/4351988.000000/0.000003665
-146/200: 4365348.000000/13341.989766/4352006.000000/0.000004123
-147/200: 4365374.500000/13341.990516/4352032.500000/0.000006071
-148/200: 4365365.500000/13341.991587/4352023.500000/0.000002062
-149/200: 4365321.500000/13341.992179/4351979.500000/0.000010079
-150/200: 4365337.500000/13341.992480/4351995.500000/0.000003665
-151/200: 4365350.500000/13341.993449/4352008.500000/0.000002978
-152/200: 4365331.000000/13341.997773/4351989.000000/0.000004467
-153/200: 4365335.000000/13341.998152/4351993.000000/0.000000916
-154/200: 4365313.500000/13342.000432/4351971.500000/0.000004925
-155/200: 4365327.500000/13342.001674/4351985.500000/0.000003207
-156/200: 4365280.000000/13342.004054/4351938.000000/0.000010881
-157/200: 4365316.000000/13342.007968/4351974.000000/0.000008247
-158/200: 4365348.000000/13342.009625/4352006.000000/0.000007331
-159/200: 4365374.000000/13342.012772/4352032.000000/0.000005956
-160/200: 4365333.000000/13342.016085/4351991.000000/0.000009392
-161/200: 4365336.000000/13342.017918/4351994.000000/0.000000687
-162/200: 4365312.500000/13342.022776/4351970.500000/0.000005383
-163/200: 4365364.500000/13342.025946/4352022.500000/0.000011912
-164/200: 4365351.500000/13342.030788/4352009.500000/0.000002978
-165/200: 4365334.500000/13342.034535/4351992.500000/0.000003894
-166/200: 4365357.500000/13342.039315/4352015.500000/0.000005269
-167/200: 4365356.000000/13342.041916/4352014.000000/0.000000344
-168/200: 4365350.000000/13342.046680/4352008.000000/0.000001374
-169/200: 4365350.000000/13342.052259/4352008.000000/0.000000000
Start evaluating ...
  Columns 1 through 7

    0.0273    0.0430    0.0532    0.0614    0.0688    0.0748    0.0802

  Columns 8 through 10

    0.0851    0.0895    0.0947

    0.0075

Elapsed time is 45212.771620 seconds.
