nohup: ignoring input

                            < M A T L A B (R) >
                  Copyright 1984-2016 The MathWorks, Inc.
                   R2016a (9.0.0.341360) 64-bit (glnxa64)
                             February 11, 2016

 
To get started, type one of these: helpwin, helpdesk, or demo.
For product information, visit www.mathworks.com.
 

	Academic License

Start learning ...
Init data [Dtype: delicious - Dspec: sp3/2550]
Init social model
Load pretrained shallow-model...
Params [lbd-U: 0.0100|lbd-V: 100.0000|lbd-N: 0.0100|lbd-Q: 0.0500]
Staring Sample 3 - Loc: save/bcdl/delicious-alg61-sp3-cold20170228200207655 
CTR(chongwang)-DAE(User graph) Running - Walks(1)...
-1/200: 11550.204102/7202.316157/4347.887695/1.000000000
-2/200: 12355.516602/8006.796413/4348.720215/0.069722794
-3/200: 11961.885742/7612.942004/4348.943848/0.031858712
-4/200: 11526.626953/7177.613274/4349.014160/0.036387138
-5/200: 11237.850586/6888.810382/4349.040039/0.025052981
-6/200: 11046.812500/6697.772582/4349.039551/0.016999522
-7/200: 10921.303711/6572.241483/4349.062012/0.011361538
-8/200: 10839.991211/6490.883324/4349.107422/0.007445311
-9/200: 10788.151367/6439.001913/4349.149414/0.004782277
-10/200: 10755.848633/6406.680789/4349.167969/0.002994279
-11/200: 10736.585938/6387.423402/4349.162598/0.001790904
-12/200: 10726.180664/6377.037921/4349.143066/0.000969142
-13/200: 10721.954102/6372.817442/4349.136719/0.000394042
-14/200: 10722.142578/6372.996463/4349.145996/0.000017579
-15/200: 10725.521484/6376.398200/4349.123535/0.000315133
-16/200: 10731.338867/6382.212003/4349.126465/0.000542387
-17/200: 10738.980469/6389.865448/4349.114746/0.000712083
-18/200: 10748.080078/6398.939195/4349.141113/0.000847344
-19/200: 10758.270508/6409.116286/4349.154297/0.000948116
-20/200: 10769.305664/6420.142827/4349.163086/0.001025737
-21/200: 10780.957031/6431.813786/4349.143555/0.001081905
-22/200: 10793.070312/6443.951333/4349.119141/0.001123581
-23/200: 10805.555664/6456.402072/4349.153809/0.001156793
-24/200: 10818.191406/6469.028561/4349.162598/0.001169375
-25/200: 10830.883789/6481.710384/4349.173828/0.001173244
-26/200: 10843.504883/6494.339231/4349.165527/0.001165288
-27/200: 10855.957031/6506.816873/4349.140625/0.001148351
-28/200: 10868.204102/6519.057316/4349.146484/0.001128143
-29/200: 10880.167969/6530.985012/4349.182617/0.001100814
-30/200: 10891.699219/6542.533118/4349.166016/0.001059841
-31/200: 10902.789062/6553.641458/4349.147949/0.001018192
-32/200: 10913.414062/6564.261115/4349.152832/0.000974521
-33/200: 10923.465820/6574.348081/4349.117676/0.000921046
-34/200: 10932.964844/6583.868637/4349.096680/0.000869598
-35/200: 10941.866211/6592.797356/4349.068848/0.000814177
-36/200: 10950.164062/6601.118653/4349.044922/0.000758358
-37/200: 10957.859375/6608.822885/4349.036621/0.000702758
-38/200: 10964.939453/6615.906569/4349.033203/0.000646119
-39/200: 10971.399414/6622.372221/4349.026855/0.000589147
-40/200: 10977.260742/6628.225291/4349.035156/0.000534237
-41/200: 10982.505859/6633.476679/4349.029297/0.000477817
-42/200: 10987.195312/6638.140361/4349.055176/0.000426993
-43/200: 10991.308594/6642.233396/4349.075195/0.000374370
-44/200: 10994.840820/6645.776819/4349.063965/0.000321365
-45/200: 10997.856445/6648.794592/4349.062012/0.000274276
-46/200: 11000.376953/6651.313104/4349.063477/0.000229182
-47/200: 11002.423828/6653.360512/4349.063477/0.000186073
-48/200: 11004.029297/6654.968471/4349.060547/0.000145920
-49/200: 11005.216797/6656.169955/4349.046387/0.000107915
-50/200: 11005.996094/6656.998051/4348.997559/0.000070812
-51/200: 11006.476562/6657.486523/4348.990234/0.000043655
-52/200: 11006.666016/6657.670222/4348.995605/0.000017213
-53/200: 11006.569336/6657.585402/4348.984375/0.000008784
-54/200: 11006.242188/6657.267733/4348.974121/0.000029723
-55/200: 11005.702148/6656.751507/4348.950195/0.000049067
-56/200: 11005.023438/6656.071543/4348.951660/0.000061669
-57/200: 11004.198242/6655.260289/4348.937988/0.000074984
-58/200: 11003.283203/6654.344213/4348.938965/0.000083154
-59/200: 11002.268555/6653.347556/4348.921387/0.000092213
-60/200: 11001.211914/6652.289992/4348.921875/0.000096038
-61/200: 11000.097656/6651.189557/4348.908203/0.000101285
-62/200: 10998.957031/6650.060157/4348.896973/0.000103692
-63/200: 10997.812500/6648.912964/4348.899902/0.000104058
-64/200: 10996.665039/6647.757432/4348.907227/0.000104335
-65/200: 10995.538086/6646.602987/4348.935547/0.000102481
-66/200: 10994.400391/6645.455613/4348.944336/0.000103469
-67/200: 10993.228516/6644.320307/4348.908691/0.000106588
-68/200: 10992.083008/6643.200894/4348.882324/0.000104201
-69/200: 10990.972656/6642.100520/4348.872070/0.000101014
-70/200: 10989.856445/6641.021099/4348.834961/0.000101557
-71/200: 10988.784180/6639.963892/4348.820312/0.000097569
-72/200: 10987.761719/6638.927894/4348.833984/0.000093046
-73/200: 10986.753906/6637.914410/4348.839844/0.000091721
-74/200: 10985.756836/6636.921937/4348.834473/0.000090752
-75/200: 10984.775391/6635.949477/4348.826172/0.000089338
-76/200: 10983.811523/6634.996437/4348.814941/0.000087746
-77/200: 10982.897461/6634.062099/4348.835449/0.000083219
-78/200: 10981.996094/6633.144506/4348.852051/0.000082070
-79/200: 10981.075195/6632.244422/4348.831055/0.000083855
-80/200: 10980.155273/6631.359965/4348.794922/0.000083773
-81/200: 10979.264648/6630.490660/4348.773926/0.000081112
-82/200: 10978.408203/6629.636268/4348.771973/0.000078006
-83/200: 10977.563477/6628.796027/4348.767090/0.000076944
-84/200: 10976.715820/6627.968727/4348.747070/0.000077217
-85/200: 10975.892578/6627.154793/4348.737305/0.000074999
-86/200: 10975.086914/6626.352989/4348.733887/0.000073403
-87/200: 10974.292969/6625.563535/4348.729492/0.000072341
-88/200: 10973.527344/6624.785626/4348.741699/0.000069765
-89/200: 10972.746094/6624.018772/4348.727051/0.000071194
-90/200: 10971.977539/6623.262634/4348.714844/0.000070042
-91/200: 10971.231445/6622.516513/4348.714844/0.000068000
-92/200: 10970.501953/6621.780894/4348.721191/0.000066491
-93/200: 10969.777344/6621.054920/4348.722656/0.000066051
-94/200: 10969.057617/6620.338438/4348.719238/0.000065610
-95/200: 10968.361328/6619.631400/4348.729980/0.000063478
-96/200: 10967.642578/6618.933576/4348.709473/0.000065529
-97/200: 10966.940430/6618.244558/4348.695801/0.000064020
-98/200: 10966.256836/6617.563750/4348.692871/0.000062332
-99/200: 10965.580078/6616.891347/4348.688965/0.000061713
Recall at EP-100 ...
  Columns 1 through 7

    0.0799    0.0963    0.1028    0.1062    0.1088    0.1102    0.1116

  Columns 8 through 10

    0.1124    0.1131    0.1137

Mrr at EP-100 ...
    0.0153

-100/200: 10964.905273/6616.227436/4348.678223/0.000061538
-101/200: 10964.224609/6615.570371/4348.653809/0.000062077
-102/200: 10963.566406/6614.921654/4348.645020/0.000060032
-103/200: 10962.924805/6614.280415/4348.644043/0.000058521
-104/200: 10962.293945/6613.646096/4348.647949/0.000057545
-105/200: 10961.658203/6613.019047/4348.638672/0.000057994
-106/200: 10961.024414/6612.399377/4348.625488/0.000057819
-107/200: 10960.399414/6611.786627/4348.612793/0.000057020
-108/200: 10959.785156/6611.180014/4348.604980/0.000056043
-109/200: 10959.188477/6610.580001/4348.608887/0.000054443
-110/200: 10958.582031/6609.986469/4348.595215/0.000055337
-111/200: 10957.974609/6609.399929/4348.574707/0.000055429
-112/200: 10957.404297/6608.819464/4348.584473/0.000052045
-113/200: 10956.820312/6608.244971/4348.575195/0.000053296
-114/200: 10956.226562/6607.676299/4348.549805/0.000054190
-115/200: 10955.642578/6607.113647/4348.528809/0.000053302
-116/200: 10955.068359/6606.556348/4348.511719/0.000052413
-117/200: 10954.510742/6606.004800/4348.505859/0.000050900
-118/200: 10953.966797/6605.459222/4348.507324/0.000049655
-119/200: 10953.413086/6604.918717/4348.494141/0.000050549
-120/200: 10952.888672/6604.383236/4348.505859/0.000047877
-121/200: 10952.359375/6603.852905/4348.506348/0.000048325
-122/200: 10951.844727/6603.327814/4348.516602/0.000046990
-123/200: 10951.317383/6602.808198/4348.509277/0.000048151
-124/200: 10950.792969/6602.293039/4348.499512/0.000047886
-125/200: 10950.267578/6601.782959/4348.484863/0.000047977
-126/200: 10949.764648/6601.277836/4348.486328/0.000045929
-127/200: 10949.239258/6600.777704/4348.461426/0.000047982
-128/200: 10948.727539/6600.282350/4348.444824/0.000046736
-129/200: 10948.230469/6599.790760/4348.439453/0.000045400
-130/200: 10947.737305/6599.304219/4348.432617/0.000045045
-131/200: 10947.240234/6598.822260/4348.417969/0.000045404
-132/200: 10946.753906/6598.344864/4348.409180/0.000044425
-133/200: 10946.263672/6597.871987/4348.392090/0.000044784
-134/200: 10945.803711/6597.403107/4348.400879/0.000042020
-135/200: 10945.333008/6596.938356/4348.394531/0.000043003
-136/200: 10944.855469/6596.477529/4348.377930/0.000043629
-137/200: 10944.389648/6596.021133/4348.368164/0.000042561
-138/200: 10943.939453/6595.568585/4348.371094/0.000041135
-139/200: 10943.480469/6595.119811/4348.360840/0.000041940
-140/200: 10943.025391/6594.675378/4348.350098/0.000041584
-141/200: 10942.583008/6594.235161/4348.348145/0.000040426
-142/200: 10942.135742/6593.798116/4348.337402/0.000040874
-143/200: 10941.677734/6593.365269/4348.312500/0.000041857
-144/200: 10941.251953/6592.935808/4348.316406/0.000038914
-145/200: 10940.813477/6592.510453/4348.303223/0.000040076
-146/200: 10940.388672/6592.088387/4348.300293/0.000038828
-147/200: 10939.970703/6591.669885/4348.301270/0.000038204
-148/200: 10939.548828/6591.254699/4348.293945/0.000038563
-149/200: 10939.118164/6590.843251/4348.274902/0.000039368
-150/200: 10938.705078/6590.435448/4348.269531/0.000037762
-151/200: 10938.295898/6590.031158/4348.265137/0.000037407
-152/200: 10937.881836/6589.630013/4348.251465/0.000037854
-153/200: 10937.476562/6589.231976/4348.244141/0.000037052
-154/200: 10937.068359/6588.837378/4348.231445/0.000037322
-155/200: 10936.671875/6588.446151/4348.225586/0.000036251
-156/200: 10936.261719/6588.058102/4348.203613/0.000037503
-157/200: 10935.875000/6587.673300/4348.201660/0.000035361
-158/200: 10935.494141/6587.291412/4348.202637/0.000034827
-159/200: 10935.115234/6586.913086/4348.201660/0.000034649
-160/200: 10934.723633/6586.537700/4348.185547/0.000035811
-161/200: 10934.343750/6586.164851/4348.179199/0.000034741
-162/200: 10933.961914/6585.795033/4348.166992/0.000034921
-163/200: 10933.598633/6585.428286/4348.170410/0.000033225
-164/200: 10933.224609/6585.064552/4348.160156/0.000034209
-165/200: 10932.851562/6584.703731/4348.147949/0.000034120
-166/200: 10932.491211/6584.345701/4348.145508/0.000032960
-167/200: 10932.128906/6583.990377/4348.138672/0.000033140
-168/200: 10931.766602/6583.637965/4348.128906/0.000033141
-169/200: 10931.411133/6583.288214/4348.122559/0.000032517
-170/200: 10931.054688/6582.941388/4348.113281/0.000032607
-171/200: 10930.694336/6582.597358/4348.096680/0.000032966
-172/200: 10930.340820/6582.255801/4348.085449/0.000032342
-173/200: 10929.995117/6581.916961/4348.078613/0.000031628
-174/200: 10929.646484/6581.581019/4348.065430/0.000031897
-175/200: 10929.306641/6581.247341/4348.059570/0.000031094
-176/200: 10928.971680/6580.916500/4348.055176/0.000030648
-177/200: 10928.641602/6580.588179/4348.053223/0.000030202
-178/200: 10928.308594/6580.262130/4348.046875/0.000030471
-179/200: 10927.983398/6579.938603/4348.044434/0.000029757
-180/200: 10927.649414/6579.617711/4348.031738/0.000030562
-181/200: 10927.313477/6579.299278/4348.014648/0.000030742
-182/200: 10926.997070/6578.983055/4348.013672/0.000028956
-183/200: 10926.683594/6578.669408/4348.014160/0.000028688
-184/200: 10926.361328/6578.358236/4348.002930/0.000029493
-185/200: 10926.054688/6578.049273/4348.005371/0.000028064
-186/200: 10925.737305/6577.742709/4347.994141/0.000029048
-187/200: 10925.428711/6577.438212/4347.990234/0.000028245
-188/200: 10925.118164/6577.136131/4347.982422/0.000028424
-189/200: 10924.812500/6576.836332/4347.976074/0.000027978
-190/200: 10924.506836/6576.538759/4347.968262/0.000027979
-191/200: 10924.207031/6576.243465/4347.963867/0.000027443
-192/200: 10923.905273/6575.950231/4347.955078/0.000027623
-193/200: 10923.615234/6575.659103/4347.956055/0.000026551
-194/200: 10923.315430/6575.370261/4347.944824/0.000027446
-195/200: 10923.013672/6575.083667/4347.929688/0.000027625
-196/200: 10922.716797/6574.798777/4347.918457/0.000027179
-197/200: 10922.428711/6574.516023/4347.912598/0.000026375
-198/200: 10922.133789/6574.235178/4347.898438/0.000027001
-199/200: 10921.839844/6573.956549/4347.883301/0.000026913
-200/200: 10921.542969/6573.667051/4347.875488/0.000027182
Start evaluating ...
  Columns 1 through 7

    0.0797    0.0950    0.1021    0.1062    0.1088    0.1107    0.1121

  Columns 8 through 10

    0.1128    0.1138    0.1144

    0.0151

Elapsed time is 51436.354729 seconds.
